Starting local Bazel server and connecting to it...
 checking cached actions
Loading: 0 packages loaded
INFO: Repository k8s_test instantiated at:
  /data/h445xu/repo/bazel-repos/cloned_repos/adobe__rules_gitops/WORKSPACE:85:11: in <toplevel>
Repository rule kubeconfig defined at:
  /data/h445xu/repo/bazel-repos/cloned_repos/adobe__rules_gitops/skylib/k8s.bzl:429:29: in <toplevel>
ERROR: An error occurred during the fetch of repository 'k8s_test':
   Traceback (most recent call last):
	File "/data/h445xu/repo/bazel-repos/cloned_repos/adobe__rules_gitops/skylib/k8s.bzl", line 321, column 13, in _kubeconfig_impl
		fail("Unable to find kubectl executable. PATH=%s" % repository_ctx.path)
Error in fail: Unable to find kubectl executable. PATH=<built-in method path of repository_ctx value>
ERROR: /data/h445xu/repo/bazel-repos/cloned_repos/adobe__rules_gitops/WORKSPACE:85:11: fetching kubeconfig rule //external:k8s_test: Traceback (most recent call last):
	File "/data/h445xu/repo/bazel-repos/cloned_repos/adobe__rules_gitops/skylib/k8s.bzl", line 321, column 13, in _kubeconfig_impl
		fail("Unable to find kubectl executable. PATH=%s" % repository_ctx.path)
Error in fail: Unable to find kubectl executable. PATH=<built-in method path of repository_ctx value>
ERROR: /data/h445xu/repo/bazel-repos/cloned_repos/adobe__rules_gitops/gitops/testing/BUILD:192:15: every rule of type k8s_test_setup implicitly depends upon the target '@k8s_test//:kubeconfig', but this target could not be found because of: no such package '@k8s_test//': Unable to find kubectl executable. PATH=<built-in method path of repository_ctx value>
ERROR: /data/h445xu/repo/bazel-repos/cloned_repos/adobe__rules_gitops/gitops/testing/BUILD:192:15: every rule of type k8s_test_setup implicitly depends upon the target '@k8s_test//:kubectl', but this target could not be found because of: no such package '@k8s_test//': Unable to find kubectl executable. PATH=<built-in method path of repository_ctx value>
ERROR: /data/h445xu/repo/bazel-repos/cloned_repos/adobe__rules_gitops/gitops/testing/BUILD:192:15: every rule of type k8s_test_setup implicitly depends upon the target '@k8s_test//:cluster', but this target could not be found because of: no such package '@k8s_test//': Unable to find kubectl executable. PATH=<built-in method path of repository_ctx value>
Loading: 699 packages loaded
WARNING: --keep_going specified, ignoring errors. Results may be inaccurate
Read 0 lines from bazel query output...
Read 1000 lines from bazel query output...
Read 2000 lines from bazel query output...
Read 3000 lines from bazel query output...
Read 4000 lines from bazel query output...
Read 5000 lines from bazel query output...
Read 6000 lines from bazel query output...
Read 7000 lines from bazel query output...
Read 8000 lines from bazel query output...
Read 9000 lines from bazel query output...
Read 10000 lines from bazel query output...
Read 11000 lines from bazel query output...
Read 12000 lines from bazel query output...
Read 13000 lines from bazel query output...
Read 14000 lines from bazel query output...
Read 15000 lines from bazel query output...
Read 16000 lines from bazel query output...
Read 17000 lines from bazel query output...
Read 18000 lines from bazel query output...
Read 19000 lines from bazel query output...
Read 20000 lines from bazel query output...
Read 21000 lines from bazel query output...
Read 22000 lines from bazel query output...
Read 23000 lines from bazel query output...
Read 24000 lines from bazel query output...
Read 25000 lines from bazel query output...
Read 26000 lines from bazel query output...
Read 27000 lines from bazel query output...
Read 28000 lines from bazel query output...
Read 29000 lines from bazel query output...
Read 30000 lines from bazel query output...
Loading: 699 packages loaded
