Starting local Bazel server (8.3.1) and connecting to it...
WARNING: --enable_bzlmod is set, but no MODULE.bazel file was found at the workspace root. Bazel will create an empty MODULE.bazel file. Please consider migrating your external dependencies from WORKSPACE to MODULE.bazel. For more details, please refer to https://github.com/bazelbuild/bazel/issues/18958.
 no actions running
 no actions running
 no actions running
Loading: 0 packages loaded
Loading: 0 packages loaded
ERROR: error loading package 'third_party/kleidiai/kai/ukernels/matmul': cannot load '//:kai_defs.bzl': no such file
ERROR: error loading package 'third_party/kleidiai/test': cannot load '//:kai_defs.bzl': no such file
ERROR: error loading package 'third_party/kleidiai': cannot load '//:kai_defs.bzl': no such file
ERROR: Traceback (most recent call last):
	File "/data/h445xu/repo/bazel-repos/cloned_repos/ARM-software__ComputeLibrary/tests/framework/BUILD.bazel", line 25, column 16, in <toplevel>
		srcs = glob(
Error in glob: glob pattern 'datasets/*.cpp' didn't match anything, but allow_empty is set to False (the default value of allow_empty can be set with --incompatible_disallow_empty_glob).
ERROR: package contains errors: tests/framework
ERROR: Traceback (most recent call last):
	File "/data/h445xu/repo/bazel-repos/cloned_repos/ARM-software__ComputeLibrary/tests/BUILD.bazel", line 71, column 16, in <toplevel>
		srcs = glob([
Error in glob: glob pattern 'validation/NEON/**/*.h' didn't match anything, but allow_empty is set to False (the default value of allow_empty can be set with --incompatible_disallow_empty_glob).
ERROR: package contains errors: tests
ERROR: error loading package '': Unable to find package for @@[unknown repo 'bazel_skylib' requested from @@]//rules:common_settings.bzl: The repository '@@[unknown repo 'bazel_skylib' requested from @@]' could not be resolved: No repository visible as '@bazel_skylib' from main repository. Was the repository introduced in WORKSPACE? The WORKSPACE file is disabled by default in Bazel 8 (late 2024) and will be removed in Bazel 9 (late 2025), please migrate to Bzlmod. See https://bazel.build/external/migration.
ERROR: package contains errors: tests/framework: Traceback (most recent call last):
	File "/data/h445xu/repo/bazel-repos/cloned_repos/ARM-software__ComputeLibrary/tests/framework/BUILD.bazel", line 25, column 16, in <toplevel>
		srcs = glob(
Error in glob: glob pattern 'datasets/*.cpp' didn't match anything, but allow_empty is set to False (the default value of allow_empty can be set with --incompatible_disallow_empty_glob).
ERROR: package contains errors: tests: Traceback (most recent call last):
	File "/data/h445xu/repo/bazel-repos/cloned_repos/ARM-software__ComputeLibrary/tests/BUILD.bazel", line 71, column 16, in <toplevel>
		srcs = glob([
Error in glob: glob pattern 'validation/NEON/**/*.h' didn't match anything, but allow_empty is set to False (the default value of allow_empty can be set with --incompatible_disallow_empty_glob).
Loading: 10 packages loaded
    currently loading: third_party/kleidiai/kai/ukernels/matmul ... (5 packages)
ERROR: /data/h445xu/repo/bazel-repos/cloned_repos/ARM-software__ComputeLibrary/examples/BUILD.bazel:185:10: error loading package '': Unable to find package for @@[unknown repo 'bazel_skylib' requested from @@]//rules:common_settings.bzl: The repository '@@[unknown repo 'bazel_skylib' requested from @@]' could not be resolved: No repository visible as '@bazel_skylib' from main repository. Was the repository introduced in WORKSPACE? The WORKSPACE file is disabled by default in Bazel 8 (late 2024) and will be removed in Bazel 9 (late 2025), please migrate to Bzlmod. See https://bazel.build/external/migration. and referenced by '//examples:graph_googlenet'
ERROR: /data/h445xu/repo/bazel-repos/cloned_repos/ARM-software__ComputeLibrary/examples/BUILD.bazel:60:10: error loading package '': Unable to find package for @@[unknown repo 'bazel_skylib' requested from @@]//rules:common_settings.bzl: The repository '@@[unknown repo 'bazel_skylib' requested from @@]' could not be resolved: No repository visible as '@bazel_skylib' from main repository. Was the repository introduced in WORKSPACE? The WORKSPACE file is disabled by default in Bazel 8 (late 2024) and will be removed in Bazel 9 (late 2025), please migrate to Bzlmod. See https://bazel.build/external/migration. and referenced by '//examples:neon_gemm_qasymm8'
ERROR: /data/h445xu/repo/bazel-repos/cloned_repos/ARM-software__ComputeLibrary/examples/BUILD.bazel:287:10: error loading package '': Unable to find package for @@[unknown repo 'bazel_skylib' requested from @@]//rules:common_settings.bzl: The repository '@@[unknown repo 'bazel_skylib' requested from @@]' could not be resolved: No repository visible as '@bazel_skylib' from main repository. Was the repository introduced in WORKSPACE? The WORKSPACE file is disabled by default in Bazel 8 (late 2024) and will be removed in Bazel 9 (late 2025), please migrate to Bzlmod. See https://bazel.build/external/migration. and referenced by '//examples:graph_mobilenet'
ERROR: /data/h445xu/repo/bazel-repos/cloned_repos/ARM-software__ComputeLibrary/examples/BUILD.bazel:202:10: error loading package '': Unable to find package for @@[unknown repo 'bazel_skylib' requested from @@]//rules:common_settings.bzl: The repository '@@[unknown repo 'bazel_skylib' requested from @@]' could not be resolved: No repository visible as '@bazel_skylib' from main repository. Was the repository introduced in WORKSPACE? The WORKSPACE file is disabled by default in Bazel 8 (late 2024) and will be removed in Bazel 9 (late 2025), please migrate to Bzlmod. See https://bazel.build/external/migration. and referenced by '//examples:graph_inception_resnet_v1'
ERROR: /data/h445xu/repo/bazel-repos/cloned_repos/ARM-software__ComputeLibrary/examples/BUILD.bazel:43:10: error loading package '': Unable to find package for @@[unknown repo 'bazel_skylib' requested from @@]//rules:common_settings.bzl: The repository '@@[unknown repo 'bazel_skylib' requested from @@]' could not be resolved: No repository visible as '@bazel_skylib' from main repository. Was the repository introduced in WORKSPACE? The WORKSPACE file is disabled by default in Bazel 8 (late 2024) and will be removed in Bazel 9 (late 2025), please migrate to Bzlmod. See https://bazel.build/external/migration. and referenced by '//examples:neon_copy_objects'
ERROR: /data/h445xu/repo/bazel-repos/cloned_repos/ARM-software__ComputeLibrary/examples/BUILD.bazel:26:10: error loading package '': Unable to find package for @@[unknown repo 'bazel_skylib' requested from @@]//rules:common_settings.bzl: The repository '@@[unknown repo 'bazel_skylib' requested from @@]' could not be resolved: No repository visible as '@bazel_skylib' from main repository. Was the repository introduced in WORKSPACE? The WORKSPACE file is disabled by default in Bazel 8 (late 2024) and will be removed in Bazel 9 (late 2025), please migrate to Bzlmod. See https://bazel.build/external/migration. and referenced by '//examples:neon_cnn'
ERROR: /data/h445xu/repo/bazel-repos/cloned_repos/ARM-software__ComputeLibrary/examples/BUILD.bazel:474:10: error loading package '': Unable to find package for @@[unknown repo 'bazel_skylib' requested from @@]//rules:common_settings.bzl: The repository '@@[unknown repo 'bazel_skylib' requested from @@]' could not be resolved: No repository visible as '@bazel_skylib' from main repository. Was the repository introduced in WORKSPACE? The WORKSPACE file is disabled by default in Bazel 8 (late 2024) and will be removed in Bazel 9 (late 2025), please migrate to Bzlmod. See https://bazel.build/external/migration. and referenced by '//examples:graph_vgg16'
ERROR: /data/h445xu/repo/bazel-repos/cloned_repos/ARM-software__ComputeLibrary/examples/BUILD.bazel:525:10: error loading package '': Unable to find package for @@[unknown repo 'bazel_skylib' requested from @@]//rules:common_settings.bzl: The repository '@@[unknown repo 'bazel_skylib' requested from @@]' could not be resolved: No repository visible as '@bazel_skylib' from main repository. Was the repository introduced in WORKSPACE? The WORKSPACE file is disabled by default in Bazel 8 (late 2024) and will be removed in Bazel 9 (late 2025), please migrate to Bzlmod. See https://bazel.build/external/migration. and referenced by '//examples:graph_yolov3'
ERROR: /data/h445xu/repo/bazel-repos/cloned_repos/ARM-software__ComputeLibrary/examples/BUILD.bazel:508:10: error loading package '': Unable to find package for @@[unknown repo 'bazel_skylib' requested from @@]//rules:common_settings.bzl: The repository '@@[unknown repo 'bazel_skylib' requested from @@]' could not be resolved: No repository visible as '@bazel_skylib' from main repository. Was the repository introduced in WORKSPACE? The WORKSPACE file is disabled by default in Bazel 8 (late 2024) and will be removed in Bazel 9 (late 2025), please migrate to Bzlmod. See https://bazel.build/external/migration. and referenced by '//examples:graph_vgg_vdsr'
ERROR: /data/h445xu/repo/bazel-repos/cloned_repos/ARM-software__ComputeLibrary/examples/BUILD.bazel:304:10: error loading package '': Unable to find package for @@[unknown repo 'bazel_skylib' requested from @@]//rules:common_settings.bzl: The repository '@@[unknown repo 'bazel_skylib' requested from @@]' could not be resolved: No repository visible as '@bazel_skylib' from main repository. Was the repository introduced in WORKSPACE? The WORKSPACE file is disabled by default in Bazel 8 (late 2024) and will be removed in Bazel 9 (late 2025), please migrate to Bzlmod. See https://bazel.build/external/migration. and referenced by '//examples:graph_mobilenet_v2'
ERROR: /data/h445xu/repo/bazel-repos/cloned_repos/ARM-software__ComputeLibrary/examples/BUILD.bazel:491:10: error loading package '': Unable to find package for @@[unknown repo 'bazel_skylib' requested from @@]//rules:common_settings.bzl: The repository '@@[unknown repo 'bazel_skylib' requested from @@]' could not be resolved: No repository visible as '@bazel_skylib' from main repository. Was the repository introduced in WORKSPACE? The WORKSPACE file is disabled by default in Bazel 8 (late 2024) and will be removed in Bazel 9 (late 2025), please migrate to Bzlmod. See https://bazel.build/external/migration. and referenced by '//examples:graph_vgg19'
ERROR: /data/h445xu/repo/bazel-repos/cloned_repos/ARM-software__ComputeLibrary/examples/BUILD.bazel:457:10: error loading package '': Unable to find package for @@[unknown repo 'bazel_skylib' requested from @@]//rules:common_settings.bzl: The repository '@@[unknown repo 'bazel_skylib' requested from @@]' could not be resolved: No repository visible as '@bazel_skylib' from main repository. Was the repository introduced in WORKSPACE? The WORKSPACE file is disabled by default in Bazel 8 (late 2024) and will be removed in Bazel 9 (late 2025), please migrate to Bzlmod. See https://bazel.build/external/migration. and referenced by '//examples:graph_ssd_mobilenet'
ERROR: /data/h445xu/repo/bazel-repos/cloned_repos/ARM-software__ComputeLibrary/examples/BUILD.bazel:440:10: error loading package '': Unable to find package for @@[unknown repo 'bazel_skylib' requested from @@]//rules:common_settings.bzl: The repository '@@[unknown repo 'bazel_skylib' requested from @@]' could not be resolved: No repository visible as '@bazel_skylib' from main repository. Was the repository introduced in WORKSPACE? The WORKSPACE file is disabled by default in Bazel 8 (late 2024) and will be removed in Bazel 9 (late 2025), please migrate to Bzlmod. See https://bazel.build/external/migration. and referenced by '//examples:graph_srcnn955'
ERROR: /data/h445xu/repo/bazel-repos/cloned_repos/ARM-software__ComputeLibrary/examples/BUILD.bazel:423:10: error loading package '': Unable to find package for @@[unknown repo 'bazel_skylib' requested from @@]//rules:common_settings.bzl: The repository '@@[unknown repo 'bazel_skylib' requested from @@]' could not be resolved: No repository visible as '@bazel_skylib' from main repository. Was the repository introduced in WORKSPACE? The WORKSPACE file is disabled by default in Bazel 8 (late 2024) and will be removed in Bazel 9 (late 2025), please migrate to Bzlmod. See https://bazel.build/external/migration. and referenced by '//examples:graph_squeezenet_v1_1'
ERROR: /data/h445xu/repo/bazel-repos/cloned_repos/ARM-software__ComputeLibrary/examples/BUILD.bazel:253:10: error loading package '': Unable to find package for @@[unknown repo 'bazel_skylib' requested from @@]//rules:common_settings.bzl: The repository '@@[unknown repo 'bazel_skylib' requested from @@]' could not be resolved: No repository visible as '@bazel_skylib' from main repository. Was the repository introduced in WORKSPACE? The WORKSPACE file is disabled by default in Bazel 8 (late 2024) and will be removed in Bazel 9 (late 2025), please migrate to Bzlmod. See https://bazel.build/external/migration. and referenced by '//examples:graph_inception_v4'
ERROR: /data/h445xu/repo/bazel-repos/cloned_repos/ARM-software__ComputeLibrary/examples/BUILD.bazel:389:10: error loading package '': Unable to find package for @@[unknown repo 'bazel_skylib' requested from @@]//rules:common_settings.bzl: The repository '@@[unknown repo 'bazel_skylib' requested from @@]' could not be resolved: No repository visible as '@bazel_skylib' from main repository. Was the repository introduced in WORKSPACE? The WORKSPACE file is disabled by default in Bazel 8 (late 2024) and will be removed in Bazel 9 (late 2025), please migrate to Bzlmod. See https://bazel.build/external/migration. and referenced by '//examples:graph_shufflenet'
ERROR: /data/h445xu/repo/bazel-repos/cloned_repos/ARM-software__ComputeLibrary/examples/BUILD.bazel:219:10: error loading package '': Unable to find package for @@[unknown repo 'bazel_skylib' requested from @@]//rules:common_settings.bzl: The repository '@@[unknown repo 'bazel_skylib' requested from @@]' could not be resolved: No repository visible as '@bazel_skylib' from main repository. Was the repository introduced in WORKSPACE? The WORKSPACE file is disabled by default in Bazel 8 (late 2024) and will be removed in Bazel 9 (late 2025), please migrate to Bzlmod. See https://bazel.build/external/migration. and referenced by '//examples:graph_inception_resnet_v2'
ERROR: /data/h445xu/repo/bazel-repos/cloned_repos/ARM-software__ComputeLibrary/examples/BUILD.bazel:165:10: error loading package '': Unable to find package for @@[unknown repo 'bazel_skylib' requested from @@]//rules:common_settings.bzl: The repository '@@[unknown repo 'bazel_skylib' requested from @@]' could not be resolved: No repository visible as '@bazel_skylib' from main repository. Was the repository introduced in WORKSPACE? The WORKSPACE file is disabled by default in Bazel 8 (late 2024) and will be removed in Bazel 9 (late 2025), please migrate to Bzlmod. See https://bazel.build/external/migration. and referenced by '//examples:graph_edsr'
ERROR: /data/h445xu/repo/bazel-repos/cloned_repos/ARM-software__ComputeLibrary/examples/BUILD.bazel:338:10: error loading package '': Unable to find package for @@[unknown repo 'bazel_skylib' requested from @@]//rules:common_settings.bzl: The repository '@@[unknown repo 'bazel_skylib' requested from @@]' could not be resolved: No repository visible as '@bazel_skylib' from main repository. Was the repository introduced in WORKSPACE? The WORKSPACE file is disabled by default in Bazel 8 (late 2024) and will be removed in Bazel 9 (late 2025), please migrate to Bzlmod. See https://bazel.build/external/migration. and referenced by '//examples:graph_resnet50'
ERROR: /data/h445xu/repo/bazel-repos/cloned_repos/ARM-software__ComputeLibrary/examples/BUILD.bazel:355:10: error loading package '': Unable to find package for @@[unknown repo 'bazel_skylib' requested from @@]//rules:common_settings.bzl: The repository '@@[unknown repo 'bazel_skylib' requested from @@]' could not be resolved: No repository visible as '@bazel_skylib' from main repository. Was the repository introduced in WORKSPACE? The WORKSPACE file is disabled by default in Bazel 8 (late 2024) and will be removed in Bazel 9 (late 2025), please migrate to Bzlmod. See https://bazel.build/external/migration. and referenced by '//examples:graph_resnet_v2_50'
ERROR: /data/h445xu/repo/bazel-repos/cloned_repos/ARM-software__ComputeLibrary/examples/BUILD.bazel:270:10: error loading package '': Unable to find package for @@[unknown repo 'bazel_skylib' requested from @@]//rules:common_settings.bzl: The repository '@@[unknown repo 'bazel_skylib' requested from @@]' could not be resolved: No repository visible as '@bazel_skylib' from main repository. Was the repository introduced in WORKSPACE? The WORKSPACE file is disabled by default in Bazel 8 (late 2024) and will be removed in Bazel 9 (late 2025), please migrate to Bzlmod. See https://bazel.build/external/migration. and referenced by '//examples:graph_lenet'
ERROR: /data/h445xu/repo/bazel-repos/cloned_repos/ARM-software__ComputeLibrary/examples/BUILD.bazel:131:10: error loading package '': Unable to find package for @@[unknown repo 'bazel_skylib' requested from @@]//rules:common_settings.bzl: The repository '@@[unknown repo 'bazel_skylib' requested from @@]' could not be resolved: No repository visible as '@bazel_skylib' from main repository. Was the repository introduced in WORKSPACE? The WORKSPACE file is disabled by default in Bazel 8 (late 2024) and will be removed in Bazel 9 (late 2025), please migrate to Bzlmod. See https://bazel.build/external/migration. and referenced by '//examples:graph_alexnet'
ERROR: /data/h445xu/repo/bazel-repos/cloned_repos/ARM-software__ComputeLibrary/examples/BUILD.bazel:372:10: error loading package '': Unable to find package for @@[unknown repo 'bazel_skylib' requested from @@]//rules:common_settings.bzl: The repository '@@[unknown repo 'bazel_skylib' requested from @@]' could not be resolved: No repository visible as '@bazel_skylib' from main repository. Was the repository introduced in WORKSPACE? The WORKSPACE file is disabled by default in Bazel 8 (late 2024) and will be removed in Bazel 9 (late 2025), please migrate to Bzlmod. See https://bazel.build/external/migration. and referenced by '//examples:graph_resnext50'
ERROR: /data/h445xu/repo/bazel-repos/cloned_repos/ARM-software__ComputeLibrary/examples/BUILD.bazel:236:10: error loading package '': Unable to find package for @@[unknown repo 'bazel_skylib' requested from @@]//rules:common_settings.bzl: The repository '@@[unknown repo 'bazel_skylib' requested from @@]' could not be resolved: No repository visible as '@bazel_skylib' from main repository. Was the repository introduced in WORKSPACE? The WORKSPACE file is disabled by default in Bazel 8 (late 2024) and will be removed in Bazel 9 (late 2025), please migrate to Bzlmod. See https://bazel.build/external/migration. and referenced by '//examples:graph_inception_v3'
ERROR: /data/h445xu/repo/bazel-repos/cloned_repos/ARM-software__ComputeLibrary/examples/BUILD.bazel:406:10: error loading package '': Unable to find package for @@[unknown repo 'bazel_skylib' requested from @@]//rules:common_settings.bzl: The repository '@@[unknown repo 'bazel_skylib' requested from @@]' could not be resolved: No repository visible as '@bazel_skylib' from main repository. Was the repository introduced in WORKSPACE? The WORKSPACE file is disabled by default in Bazel 8 (late 2024) and will be removed in Bazel 9 (late 2025), please migrate to Bzlmod. See https://bazel.build/external/migration. and referenced by '//examples:graph_squeezenet'
ERROR: /data/h445xu/repo/bazel-repos/cloned_repos/ARM-software__ComputeLibrary/examples/BUILD.bazel:148:10: error loading package '': Unable to find package for @@[unknown repo 'bazel_skylib' requested from @@]//rules:common_settings.bzl: The repository '@@[unknown repo 'bazel_skylib' requested from @@]' could not be resolved: No repository visible as '@bazel_skylib' from main repository. Was the repository introduced in WORKSPACE? The WORKSPACE file is disabled by default in Bazel 8 (late 2024) and will be removed in Bazel 9 (late 2025), please migrate to Bzlmod. See https://bazel.build/external/migration. and referenced by '//examples:graph_deepspeech_v0_4_1'
ERROR: /data/h445xu/repo/bazel-repos/cloned_repos/ARM-software__ComputeLibrary/examples/BUILD.bazel:111:10: error loading package '': Unable to find package for @@[unknown repo 'bazel_skylib' requested from @@]//rules:common_settings.bzl: The repository '@@[unknown repo 'bazel_skylib' requested from @@]' could not be resolved: No repository visible as '@bazel_skylib' from main repository. Was the repository introduced in WORKSPACE? The WORKSPACE file is disabled by default in Bazel 8 (late 2024) and will be removed in Bazel 9 (late 2025), please migrate to Bzlmod. See https://bazel.build/external/migration. and referenced by '//examples:neon_sgemm'
ERROR: /data/h445xu/repo/bazel-repos/cloned_repos/ARM-software__ComputeLibrary/examples/BUILD.bazel:77:10: error loading package '': Unable to find package for @@[unknown repo 'bazel_skylib' requested from @@]//rules:common_settings.bzl: The repository '@@[unknown repo 'bazel_skylib' requested from @@]' could not be resolved: No repository visible as '@bazel_skylib' from main repository. Was the repository introduced in WORKSPACE? The WORKSPACE file is disabled by default in Bazel 8 (late 2024) and will be removed in Bazel 9 (late 2025), please migrate to Bzlmod. See https://bazel.build/external/migration. and referenced by '//examples:neon_permute'
ERROR: /data/h445xu/repo/bazel-repos/cloned_repos/ARM-software__ComputeLibrary/examples/BUILD.bazel:94:10: error loading package '': Unable to find package for @@[unknown repo 'bazel_skylib' requested from @@]//rules:common_settings.bzl: The repository '@@[unknown repo 'bazel_skylib' requested from @@]' could not be resolved: No repository visible as '@bazel_skylib' from main repository. Was the repository introduced in WORKSPACE? The WORKSPACE file is disabled by default in Bazel 8 (late 2024) and will be removed in Bazel 9 (late 2025), please migrate to Bzlmod. See https://bazel.build/external/migration. and referenced by '//examples:neon_scale'
ERROR: /data/h445xu/repo/bazel-repos/cloned_repos/ARM-software__ComputeLibrary/examples/BUILD.bazel:321:10: error loading package '': Unable to find package for @@[unknown repo 'bazel_skylib' requested from @@]//rules:common_settings.bzl: The repository '@@[unknown repo 'bazel_skylib' requested from @@]' could not be resolved: No repository visible as '@bazel_skylib' from main repository. Was the repository introduced in WORKSPACE? The WORKSPACE file is disabled by default in Bazel 8 (late 2024) and will be removed in Bazel 9 (late 2025), please migrate to Bzlmod. See https://bazel.build/external/migration. and referenced by '//examples:graph_resnet12'
ERROR: /data/h445xu/repo/bazel-repos/cloned_repos/ARM-software__ComputeLibrary/tests/BUILD.bazel:26:11: error loading package '': Unable to find package for @@[unknown repo 'bazel_skylib' requested from @@]//rules:common_settings.bzl: The repository '@@[unknown repo 'bazel_skylib' requested from @@]' could not be resolved: No repository visible as '@bazel_skylib' from main repository. Was the repository introduced in WORKSPACE? The WORKSPACE file is disabled by default in Bazel 8 (late 2024) and will be removed in Bazel 9 (late 2025), please migrate to Bzlmod. See https://bazel.build/external/migration. and referenced by '//tests:validation_framework'
ERROR: /data/h445xu/repo/bazel-repos/cloned_repos/ARM-software__ComputeLibrary/tests/BUILD.bazel:26:11: Target '//tests:AssetsLibrary.h' contains an error and its package is in error and referenced by '//tests:validation_framework'
ERROR: /data/h445xu/repo/bazel-repos/cloned_repos/ARM-software__ComputeLibrary/tests/BUILD.bazel:26:11: Target '//tests:Globals.h' contains an error and its package is in error and referenced by '//tests:validation_framework'
ERROR: /data/h445xu/repo/bazel-repos/cloned_repos/ARM-software__ComputeLibrary/tests/BUILD.bazel:26:11: Target '//tests:IAccessor.h' contains an error and its package is in error and referenced by '//tests:validation_framework'
ERROR: /data/h445xu/repo/bazel-repos/cloned_repos/ARM-software__ComputeLibrary/tests/BUILD.bazel:26:11: Target '//tests:IArrayAccessor.h' contains an error and its package is in error and referenced by '//tests:validation_framework'
ERROR: /data/h445xu/repo/bazel-repos/cloned_repos/ARM-software__ComputeLibrary/tests/BUILD.bazel:26:11: Target '//tests:PaddingCalculator.h' contains an error and its package is in error and referenced by '//tests:validation_framework'
ERROR: /data/h445xu/repo/bazel-repos/cloned_repos/ARM-software__ComputeLibrary/tests/BUILD.bazel:26:11: Target '//tests:RawTensor.h' contains an error and its package is in error and referenced by '//tests:validation_framework'
ERROR: /data/h445xu/repo/bazel-repos/cloned_repos/ARM-software__ComputeLibrary/tests/BUILD.bazel:26:11: Target '//tests:SimpleTensor.h' contains an error and its package is in error and referenced by '//tests:validation_framework'
ERROR: /data/h445xu/repo/bazel-repos/cloned_repos/ARM-software__ComputeLibrary/tests/BUILD.bazel:26:11: Target '//tests:SimpleTensorAccessor.h' contains an error and its package is in error and referenced by '//tests:validation_framework'
ERROR: /data/h445xu/repo/bazel-repos/cloned_repos/ARM-software__ComputeLibrary/tests/BUILD.bazel:26:11: Target '//tests:SimpleTensorPrinter.h' contains an error and its package is in error and referenced by '//tests:validation_framework'
ERROR: /data/h445xu/repo/bazel-repos/cloned_repos/ARM-software__ComputeLibrary/tests/BUILD.bazel:26:11: Target '//tests:TensorCache.h' contains an error and its package is in error and referenced by '//tests:validation_framework'
ERROR: /data/h445xu/repo/bazel-repos/cloned_repos/ARM-software__ComputeLibrary/tests/BUILD.bazel:26:11: Target '//tests:TypeReader.h' contains an error and its package is in error and referenced by '//tests:validation_framework'
ERROR: /data/h445xu/repo/bazel-repos/cloned_repos/ARM-software__ComputeLibrary/tests/BUILD.bazel:26:11: Target '//tests:Types.h' contains an error and its package is in error and referenced by '//tests:validation_framework'
ERROR: /data/h445xu/repo/bazel-repos/cloned_repos/ARM-software__ComputeLibrary/tests/BUILD.bazel:26:11: Target '//tests:Utils.h' contains an error and its package is in error and referenced by '//tests:validation_framework'
ERROR: /data/h445xu/repo/bazel-repos/cloned_repos/ARM-software__ComputeLibrary/tests/BUILD.bazel:26:11: Target '//tests:validation/Helpers.cpp' contains an error and its package is in error and referenced by '//tests:validation_framework'
ERROR: /data/h445xu/repo/bazel-repos/cloned_repos/ARM-software__ComputeLibrary/tests/BUILD.bazel:26:11: Target '//tests:validation/Validation.cpp' contains an error and its package is in error and referenced by '//tests:validation_framework'
ERROR: /data/h445xu/repo/bazel-repos/cloned_repos/ARM-software__ComputeLibrary/tests/BUILD.bazel:26:11: Target '//tests:validation/helpers/ActivationHelpers.cpp' contains an error and its package is in error and referenced by '//tests:validation_framework'
ERROR: /data/h445xu/repo/bazel-repos/cloned_repos/ARM-software__ComputeLibrary/tests/BUILD.bazel:26:11: Target '//tests:validation/reference/AbsoluteDifference.cpp' contains an error and its package is in error and referenced by '//tests:validation_framework'
ERROR: /data/h445xu/repo/bazel-repos/cloned_repos/ARM-software__ComputeLibrary/tests/BUILD.bazel:26:11: Target '//tests:validation/reference/Accumulate.cpp' contains an error and its package is in error and referenced by '//tests:validation_framework'
ERROR: /data/h445xu/repo/bazel-repos/cloned_repos/ARM-software__ComputeLibrary/tests/BUILD.bazel:26:11: Target '//tests:validation/reference/ActivationLayer.cpp' contains an error and its package is in error and referenced by '//tests:validation_framework'
ERROR: /data/h445xu/repo/bazel-repos/cloned_repos/ARM-software__ComputeLibrary/tests/BUILD.bazel:26:11: Target '//tests:validation/reference/ArithmeticDivision.cpp' contains an error and its package is in error and referenced by '//tests:validation_framework'
ERROR: /data/h445xu/repo/bazel-repos/cloned_repos/ARM-software__ComputeLibrary/tests/BUILD.bazel:26:11: Target '//tests:validation/reference/ArithmeticOperations.cpp' contains an error and its package is in error and referenced by '//tests:validation_framework'
ERROR: /data/h445xu/repo/bazel-repos/cloned_repos/ARM-software__ComputeLibrary/tests/BUILD.bazel:26:11: Target '//tests:validation/reference/BatchNormalizationLayer.cpp' contains an error and its package is in error and referenced by '//tests:validation_framework'
ERROR: /data/h445xu/repo/bazel-repos/cloned_repos/ARM-software__ComputeLibrary/tests/BUILD.bazel:26:11: Target '//tests:validation/reference/BatchToSpaceLayer.cpp' contains an error and its package is in error and referenced by '//tests:validation_framework'
ERROR: /data/h445xu/repo/bazel-repos/cloned_repos/ARM-software__ComputeLibrary/tests/BUILD.bazel:26:11: Target '//tests:validation/reference/BitwiseAnd.cpp' contains an error and its package is in error and referenced by '//tests:validation_framework'
ERROR: /data/h445xu/repo/bazel-repos/cloned_repos/ARM-software__ComputeLibrary/tests/BUILD.bazel:26:11: Target '//tests:validation/reference/BitwiseNot.cpp' contains an error and its package is in error and referenced by '//tests:validation_framework'
ERROR: /data/h445xu/repo/bazel-repos/cloned_repos/ARM-software__ComputeLibrary/tests/BUILD.bazel:26:11: Target '//tests:validation/reference/BitwiseOr.cpp' contains an error and its package is in error and referenced by '//tests:validation_framework'
ERROR: /data/h445xu/repo/bazel-repos/cloned_repos/ARM-software__ComputeLibrary/tests/BUILD.bazel:26:11: Target '//tests:validation/reference/BitwiseXor.cpp' contains an error and its package is in error and referenced by '//tests:validation_framework'
ERROR: /data/h445xu/repo/bazel-repos/cloned_repos/ARM-software__ComputeLibrary/tests/BUILD.bazel:26:11: Target '//tests:validation/reference/BoundingBoxTransform.cpp' contains an error and its package is in error and referenced by '//tests:validation_framework'
ERROR: /data/h445xu/repo/bazel-repos/cloned_repos/ARM-software__ComputeLibrary/tests/BUILD.bazel:26:11: Target '//tests:validation/reference/ChannelShuffle.cpp' contains an error and its package is in error and referenced by '//tests:validation_framework'
ERROR: /data/h445xu/repo/bazel-repos/cloned_repos/ARM-software__ComputeLibrary/tests/BUILD.bazel:26:11: Target '//tests:validation/reference/Col2Im.cpp' contains an error and its package is in error and referenced by '//tests:validation_framework'
ERROR: /data/h445xu/repo/bazel-repos/cloned_repos/ARM-software__ComputeLibrary/tests/BUILD.bazel:26:11: Target '//tests:validation/reference/Comparisons.cpp' contains an error and its package is in error and referenced by '//tests:validation_framework'
ERROR: /data/h445xu/repo/bazel-repos/cloned_repos/ARM-software__ComputeLibrary/tests/BUILD.bazel:26:11: Target '//tests:validation/reference/ComputeAllAnchors.cpp' contains an error and its package is in error and referenced by '//tests:validation_framework'
ERROR: /data/h445xu/repo/bazel-repos/cloned_repos/ARM-software__ComputeLibrary/tests/BUILD.bazel:26:11: Target '//tests:validation/reference/ConcatenateLayer.cpp' contains an error and its package is in error and referenced by '//tests:validation_framework'
ERROR: /data/h445xu/repo/bazel-repos/cloned_repos/ARM-software__ComputeLibrary/tests/BUILD.bazel:26:11: Target '//tests:validation/reference/Conv3D.cpp' contains an error and its package is in error and referenced by '//tests:validation_framework'
ERROR: /data/h445xu/repo/bazel-repos/cloned_repos/ARM-software__ComputeLibrary/tests/BUILD.bazel:26:11: Target '//tests:validation/reference/ConvertFullyConnectedWeights.cpp' contains an error and its package is in error and referenced by '//tests:validation_framework'
ERROR: /data/h445xu/repo/bazel-repos/cloned_repos/ARM-software__ComputeLibrary/tests/BUILD.bazel:26:11: Target '//tests:validation/reference/ConvolutionLayer.cpp' contains an error and its package is in error and referenced by '//tests:validation_framework'
ERROR: /data/h445xu/repo/bazel-repos/cloned_repos/ARM-software__ComputeLibrary/tests/BUILD.bazel:26:11: Target '//tests:validation/reference/Copy.cpp' contains an error and its package is in error and referenced by '//tests:validation_framework'
ERROR: /data/h445xu/repo/bazel-repos/cloned_repos/ARM-software__ComputeLibrary/tests/BUILD.bazel:26:11: Target '//tests:validation/reference/CropResize.cpp' contains an error and its package is in error and referenced by '//tests:validation_framework'
ERROR: /data/h445xu/repo/bazel-repos/cloned_repos/ARM-software__ComputeLibrary/tests/BUILD.bazel:26:11: Target '//tests:validation/reference/DFT.cpp' contains an error and its package is in error and referenced by '//tests:validation_framework'
ERROR: /data/h445xu/repo/bazel-repos/cloned_repos/ARM-software__ComputeLibrary/tests/BUILD.bazel:26:11: Target '//tests:validation/reference/DeconvolutionLayer.cpp' contains an error and its package is in error and referenced by '//tests:validation_framework'
ERROR: /data/h445xu/repo/bazel-repos/cloned_repos/ARM-software__ComputeLibrary/tests/BUILD.bazel:26:11: Target '//tests:validation/reference/DepthConcatenateLayer.cpp' contains an error and its package is in error and referenced by '//tests:validation_framework'
ERROR: /data/h445xu/repo/bazel-repos/cloned_repos/ARM-software__ComputeLibrary/tests/BUILD.bazel:26:11: Target '//tests:validation/reference/DepthConvertLayer.cpp' contains an error and its package is in error and referenced by '//tests:validation_framework'
ERROR: /data/h445xu/repo/bazel-repos/cloned_repos/ARM-software__ComputeLibrary/tests/BUILD.bazel:26:11: Target '//tests:validation/reference/DepthToSpaceLayer.cpp' contains an error and its package is in error and referenced by '//tests:validation_framework'
ERROR: /data/h445xu/repo/bazel-repos/cloned_repos/ARM-software__ComputeLibrary/tests/BUILD.bazel:26:11: Target '//tests:validation/reference/DepthwiseConvolutionLayer.cpp' contains an error and its package is in error and referenced by '//tests:validation_framework'
ERROR: /data/h445xu/repo/bazel-repos/cloned_repos/ARM-software__ComputeLibrary/tests/BUILD.bazel:26:11: Target '//tests:validation/reference/DequantizationLayer.cpp' contains an error and its package is in error and referenced by '//tests:validation_framework'
ERROR: /data/h445xu/repo/bazel-repos/cloned_repos/ARM-software__ComputeLibrary/tests/BUILD.bazel:26:11: Target '//tests:validation/reference/ElementwiseOperations.cpp' contains an error and its package is in error and referenced by '//tests:validation_framework'
ERROR: /data/h445xu/repo/bazel-repos/cloned_repos/ARM-software__ComputeLibrary/tests/BUILD.bazel:26:11: Target '//tests:validation/reference/ElementwiseUnary.cpp' contains an error and its package is in error and referenced by '//tests:validation_framework'
ERROR: /data/h445xu/repo/bazel-repos/cloned_repos/ARM-software__ComputeLibrary/tests/BUILD.bazel:26:11: Target '//tests:validation/reference/Erode.cpp' contains an error and its package is in error and referenced by '//tests:validation_framework'
ERROR: /data/h445xu/repo/bazel-repos/cloned_repos/ARM-software__ComputeLibrary/tests/BUILD.bazel:26:11: Target '//tests:validation/reference/FlattenLayer.cpp' contains an error and its package is in error and referenced by '//tests:validation_framework'
ERROR: /data/h445xu/repo/bazel-repos/cloned_repos/ARM-software__ComputeLibrary/tests/BUILD.bazel:26:11: Target '//tests:validation/reference/Floor.cpp' contains an error and its package is in error and referenced by '//tests:validation_framework'
ERROR: /data/h445xu/repo/bazel-repos/cloned_repos/ARM-software__ComputeLibrary/tests/BUILD.bazel:26:11: Target '//tests:validation/reference/FullyConnectedLayer.cpp' contains an error and its package is in error and referenced by '//tests:validation_framework'
ERROR: /data/h445xu/repo/bazel-repos/cloned_repos/ARM-software__ComputeLibrary/tests/BUILD.bazel:26:11: Target '//tests:validation/reference/FuseBatchNormalization.cpp' contains an error and its package is in error and referenced by '//tests:validation_framework'
ERROR: /data/h445xu/repo/bazel-repos/cloned_repos/ARM-software__ComputeLibrary/tests/BUILD.bazel:26:11: Target '//tests:validation/reference/GEMM.cpp' contains an error and its package is in error and referenced by '//tests:validation_framework'
ERROR: /data/h445xu/repo/bazel-repos/cloned_repos/ARM-software__ComputeLibrary/tests/BUILD.bazel:26:11: Target '//tests:validation/reference/GEMMLowp.cpp' contains an error and its package is in error and referenced by '//tests:validation_framework'
ERROR: /data/h445xu/repo/bazel-repos/cloned_repos/ARM-software__ComputeLibrary/tests/BUILD.bazel:26:11: Target '//tests:validation/reference/GEMMReshapeLHSMatrix.cpp' contains an error and its package is in error and referenced by '//tests:validation_framework'
ERROR: /data/h445xu/repo/bazel-repos/cloned_repos/ARM-software__ComputeLibrary/tests/BUILD.bazel:26:11: Target '//tests:validation/reference/GEMMReshapeRHSMatrix.cpp' contains an error and its package is in error and referenced by '//tests:validation_framework'
ERROR: /data/h445xu/repo/bazel-repos/cloned_repos/ARM-software__ComputeLibrary/tests/BUILD.bazel:26:11: Target '//tests:validation/reference/Gather.cpp' contains an error and its package is in error and referenced by '//tests:validation_framework'
ERROR: /data/h445xu/repo/bazel-repos/cloned_repos/ARM-software__ComputeLibrary/tests/BUILD.bazel:26:11: Target '//tests:validation/reference/Im2Col.cpp' contains an error and its package is in error and referenced by '//tests:validation_framework'
ERROR: /data/h445xu/repo/bazel-repos/cloned_repos/ARM-software__ComputeLibrary/tests/BUILD.bazel:26:11: Target '//tests:validation/reference/IndirectConv2dAddressPrecalculation.cpp' contains an error and its package is in error and referenced by '//tests:validation_framework'
ERROR: /data/h445xu/repo/bazel-repos/cloned_repos/ARM-software__ComputeLibrary/tests/BUILD.bazel:26:11: Target '//tests:validation/reference/InstanceNormalizationLayer.cpp' contains an error and its package is in error and referenced by '//tests:validation_framework'
ERROR: /data/h445xu/repo/bazel-repos/cloned_repos/ARM-software__ComputeLibrary/tests/BUILD.bazel:26:11: Target '//tests:validation/reference/L2NormalizeLayer.cpp' contains an error and its package is in error and referenced by '//tests:validation_framework'
ERROR: /data/h445xu/repo/bazel-repos/cloned_repos/ARM-software__ComputeLibrary/tests/BUILD.bazel:26:11: Target '//tests:validation/reference/Logical.cpp' contains an error and its package is in error and referenced by '//tests:validation_framework'
ERROR: /data/h445xu/repo/bazel-repos/cloned_repos/ARM-software__ComputeLibrary/tests/BUILD.bazel:26:11: Target '//tests:validation/reference/MaxUnpoolingLayer.cpp' contains an error and its package is in error and referenced by '//tests:validation_framework'
ERROR: /data/h445xu/repo/bazel-repos/cloned_repos/ARM-software__ComputeLibrary/tests/BUILD.bazel:26:11: Target '//tests:validation/reference/MeanStdDev.cpp' contains an error and its package is in error and referenced by '//tests:validation_framework'
ERROR: /data/h445xu/repo/bazel-repos/cloned_repos/ARM-software__ComputeLibrary/tests/BUILD.bazel:26:11: Target '//tests:validation/reference/MeanStdDevNormalizationLayer.cpp' contains an error and its package is in error and referenced by '//tests:validation_framework'
ERROR: /data/h445xu/repo/bazel-repos/cloned_repos/ARM-software__ComputeLibrary/tests/BUILD.bazel:26:11: Target '//tests:validation/reference/MinMaxLocation.cpp' contains an error and its package is in error and referenced by '//tests:validation_framework'
ERROR: /data/h445xu/repo/bazel-repos/cloned_repos/ARM-software__ComputeLibrary/tests/BUILD.bazel:26:11: Target '//tests:validation/reference/NonMaxSuppression.cpp' contains an error and its package is in error and referenced by '//tests:validation_framework'
ERROR: /data/h445xu/repo/bazel-repos/cloned_repos/ARM-software__ComputeLibrary/tests/BUILD.bazel:26:11: Target '//tests:validation/reference/NonMaximaSuppression.cpp' contains an error and its package is in error and referenced by '//tests:validation_framework'
ERROR: /data/h445xu/repo/bazel-repos/cloned_repos/ARM-software__ComputeLibrary/tests/BUILD.bazel:26:11: Target '//tests:validation/reference/NormalizationLayer.cpp' contains an error and its package is in error and referenced by '//tests:validation_framework'
ERROR: /data/h445xu/repo/bazel-repos/cloned_repos/ARM-software__ComputeLibrary/tests/BUILD.bazel:26:11: Target '//tests:validation/reference/NormalizePlanarYUVLayer.cpp' contains an error and its package is in error and referenced by '//tests:validation_framework'
ERROR: /data/h445xu/repo/bazel-repos/cloned_repos/ARM-software__ComputeLibrary/tests/BUILD.bazel:26:11: Target '//tests:validation/reference/PadLayer.cpp' contains an error and its package is in error and referenced by '//tests:validation_framework'
ERROR: /data/h445xu/repo/bazel-repos/cloned_repos/ARM-software__ComputeLibrary/tests/BUILD.bazel:26:11: Target '//tests:validation/reference/Permute.cpp' contains an error and its package is in error and referenced by '//tests:validation_framework'
ERROR: /data/h445xu/repo/bazel-repos/cloned_repos/ARM-software__ComputeLibrary/tests/BUILD.bazel:26:11: Target '//tests:validation/reference/PixelWiseMultiplication.cpp' contains an error and its package is in error and referenced by '//tests:validation_framework'
ERROR: /data/h445xu/repo/bazel-repos/cloned_repos/ARM-software__ComputeLibrary/tests/BUILD.bazel:26:11: Target '//tests:validation/reference/Pooling3dLayer.cpp' contains an error and its package is in error and referenced by '//tests:validation_framework'
ERROR: /data/h445xu/repo/bazel-repos/cloned_repos/ARM-software__ComputeLibrary/tests/BUILD.bazel:26:11: Target '//tests:validation/reference/PoolingLayer.cpp' contains an error and its package is in error and referenced by '//tests:validation_framework'
ERROR: /data/h445xu/repo/bazel-repos/cloned_repos/ARM-software__ComputeLibrary/tests/BUILD.bazel:26:11: Target '//tests:validation/reference/PriorBoxLayer.cpp' contains an error and its package is in error and referenced by '//tests:validation_framework'
ERROR: /data/h445xu/repo/bazel-repos/cloned_repos/ARM-software__ComputeLibrary/tests/BUILD.bazel:26:11: Target '//tests:validation/reference/QLSTMLayerNormalization.cpp' contains an error and its package is in error and referenced by '//tests:validation_framework'
ERROR: /data/h445xu/repo/bazel-repos/cloned_repos/ARM-software__ComputeLibrary/tests/BUILD.bazel:26:11: Target '//tests:validation/reference/QuantizationLayer.cpp' contains an error and its package is in error and referenced by '//tests:validation_framework'
ERROR: /data/h445xu/repo/bazel-repos/cloned_repos/ARM-software__ComputeLibrary/tests/BUILD.bazel:26:11: Target '//tests:validation/reference/ROIAlignLayer.cpp' contains an error and its package is in error and referenced by '//tests:validation_framework'
ERROR: /data/h445xu/repo/bazel-repos/cloned_repos/ARM-software__ComputeLibrary/tests/BUILD.bazel:26:11: Target '//tests:validation/reference/ROIPoolingLayer.cpp' contains an error and its package is in error and referenced by '//tests:validation_framework'
ERROR: /data/h445xu/repo/bazel-repos/cloned_repos/ARM-software__ComputeLibrary/tests/BUILD.bazel:26:11: Target '//tests:validation/reference/Range.cpp' contains an error and its package is in error and referenced by '//tests:validation_framework'
ERROR: /data/h445xu/repo/bazel-repos/cloned_repos/ARM-software__ComputeLibrary/tests/BUILD.bazel:26:11: Target '//tests:validation/reference/ReductionOperation.cpp' contains an error and its package is in error and referenced by '//tests:validation_framework'
ERROR: /data/h445xu/repo/bazel-repos/cloned_repos/ARM-software__ComputeLibrary/tests/BUILD.bazel:26:11: Target '//tests:validation/reference/Reorder.cpp' contains an error and its package is in error and referenced by '//tests:validation_framework'
ERROR: /data/h445xu/repo/bazel-repos/cloned_repos/ARM-software__ComputeLibrary/tests/BUILD.bazel:26:11: Target '//tests:validation/reference/ReorgLayer.cpp' contains an error and its package is in error and referenced by '//tests:validation_framework'
ERROR: /data/h445xu/repo/bazel-repos/cloned_repos/ARM-software__ComputeLibrary/tests/BUILD.bazel:26:11: Target '//tests:validation/reference/ReshapeLayer.cpp' contains an error and its package is in error and referenced by '//tests:validation_framework'
ERROR: /data/h445xu/repo/bazel-repos/cloned_repos/ARM-software__ComputeLibrary/tests/BUILD.bazel:26:11: Target '//tests:validation/reference/Reverse.cpp' contains an error and its package is in error and referenced by '//tests:validation_framework'
ERROR: /data/h445xu/repo/bazel-repos/cloned_repos/ARM-software__ComputeLibrary/tests/BUILD.bazel:26:11: Target '//tests:validation/reference/Scale.cpp' contains an error and its package is in error and referenced by '//tests:validation_framework'
ERROR: /data/h445xu/repo/bazel-repos/cloned_repos/ARM-software__ComputeLibrary/tests/BUILD.bazel:26:11: Target '//tests:validation/reference/ScatterLayer.cpp' contains an error and its package is in error and referenced by '//tests:validation_framework'
ERROR: /data/h445xu/repo/bazel-repos/cloned_repos/ARM-software__ComputeLibrary/tests/BUILD.bazel:26:11: Target '//tests:validation/reference/Select.cpp' contains an error and its package is in error and referenced by '//tests:validation_framework'
ERROR: /data/h445xu/repo/bazel-repos/cloned_repos/ARM-software__ComputeLibrary/tests/BUILD.bazel:26:11: Target '//tests:validation/reference/SliceOperations.cpp' contains an error and its package is in error and referenced by '//tests:validation_framework'
ERROR: /data/h445xu/repo/bazel-repos/cloned_repos/ARM-software__ComputeLibrary/tests/BUILD.bazel:26:11: Target '//tests:validation/reference/SoftmaxLayer.cpp' contains an error and its package is in error and referenced by '//tests:validation_framework'
ERROR: /data/h445xu/repo/bazel-repos/cloned_repos/ARM-software__ComputeLibrary/tests/BUILD.bazel:26:11: Target '//tests:validation/reference/SpaceToBatch.cpp' contains an error and its package is in error and referenced by '//tests:validation_framework'
ERROR: /data/h445xu/repo/bazel-repos/cloned_repos/ARM-software__ComputeLibrary/tests/BUILD.bazel:26:11: Target '//tests:validation/reference/SpaceToDepth.cpp' contains an error and its package is in error and referenced by '//tests:validation_framework'
ERROR: /data/h445xu/repo/bazel-repos/cloned_repos/ARM-software__ComputeLibrary/tests/BUILD.bazel:26:11: Target '//tests:validation/reference/StackLayer.cpp' contains an error and its package is in error and referenced by '//tests:validation_framework'
ERROR: /data/h445xu/repo/bazel-repos/cloned_repos/ARM-software__ComputeLibrary/tests/BUILD.bazel:26:11: Target '//tests:validation/reference/TableLookup.cpp' contains an error and its package is in error and referenced by '//tests:validation_framework'
ERROR: /data/h445xu/repo/bazel-repos/cloned_repos/ARM-software__ComputeLibrary/tests/BUILD.bazel:26:11: Target '//tests:validation/reference/Tile.cpp' contains an error and its package is in error and referenced by '//tests:validation_framework'
ERROR: /data/h445xu/repo/bazel-repos/cloned_repos/ARM-software__ComputeLibrary/tests/BUILD.bazel:26:11: Target '//tests:validation/reference/Transpose.cpp' contains an error and its package is in error and referenced by '//tests:validation_framework'
ERROR: /data/h445xu/repo/bazel-repos/cloned_repos/ARM-software__ComputeLibrary/tests/BUILD.bazel:26:11: Target '//tests:validation/reference/Unstack.cpp' contains an error and its package is in error and referenced by '//tests:validation_framework'
ERROR: /data/h445xu/repo/bazel-repos/cloned_repos/ARM-software__ComputeLibrary/tests/BUILD.bazel:26:11: Target '//tests:validation/reference/Utils.cpp' contains an error and its package is in error and referenced by '//tests:validation_framework'
ERROR: /data/h445xu/repo/bazel-repos/cloned_repos/ARM-software__ComputeLibrary/tests/BUILD.bazel:26:11: Target '//tests:validation/reference/WeightsReshape.cpp' contains an error and its package is in error and referenced by '//tests:validation_framework'
ERROR: /data/h445xu/repo/bazel-repos/cloned_repos/ARM-software__ComputeLibrary/tests/BUILD.bazel:26:11: Target '//tests:validation/reference/Winograd.cpp' contains an error and its package is in error and referenced by '//tests:validation_framework'
ERROR: /data/h445xu/repo/bazel-repos/cloned_repos/ARM-software__ComputeLibrary/tests/BUILD.bazel:26:11: Target '//tests:validation/Helpers.h' contains an error and its package is in error and referenced by '//tests:validation_framework'
ERROR: /data/h445xu/repo/bazel-repos/cloned_repos/ARM-software__ComputeLibrary/tests/BUILD.bazel:26:11: Target '//tests:validation/Validation.h' contains an error and its package is in error and referenced by '//tests:validation_framework'
ERROR: /data/h445xu/repo/bazel-repos/cloned_repos/ARM-software__ComputeLibrary/tests/BUILD.bazel:26:11: Target '//tests:validation/fixtures/ActivationLayerFixture.h' contains an error and its package is in error and referenced by '//tests:validation_framework'
ERROR: /data/h445xu/repo/bazel-repos/cloned_repos/ARM-software__ComputeLibrary/tests/BUILD.bazel:26:11: Target '//tests:validation/fixtures/AddMulAddFixture.h' contains an error and its package is in error and referenced by '//tests:validation_framework'
ERROR: /data/h445xu/repo/bazel-repos/cloned_repos/ARM-software__ComputeLibrary/tests/BUILD.bazel:26:11: Target '//tests:validation/fixtures/ArgMinMaxFixture.h' contains an error and its package is in error and referenced by '//tests:validation_framework'
ERROR: /data/h445xu/repo/bazel-repos/cloned_repos/ARM-software__ComputeLibrary/tests/BUILD.bazel:26:11: Target '//tests:validation/fixtures/ArithmeticDivisionFixture.h' contains an error and its package is in error and referenced by '//tests:validation_framework'
ERROR: /data/h445xu/repo/bazel-repos/cloned_repos/ARM-software__ComputeLibrary/tests/BUILD.bazel:26:11: Target '//tests:validation/fixtures/ArithmeticOperationsFixture.h' contains an error and its package is in error and referenced by '//tests:validation_framework'
ERROR: /data/h445xu/repo/bazel-repos/cloned_repos/ARM-software__ComputeLibrary/tests/BUILD.bazel:26:11: Target '//tests:validation/fixtures/BatchNormalizationLayerFixture.h' contains an error and its package is in error and referenced by '//tests:validation_framework'
ERROR: /data/h445xu/repo/bazel-repos/cloned_repos/ARM-software__ComputeLibrary/tests/BUILD.bazel:26:11: Target '//tests:validation/fixtures/BatchNormalizationLayerFusionFixture.h' contains an error and its package is in error and referenced by '//tests:validation_framework'
ERROR: /data/h445xu/repo/bazel-repos/cloned_repos/ARM-software__ComputeLibrary/tests/BUILD.bazel:26:11: Target '//tests:validation/fixtures/BatchToSpaceLayerFixture.h' contains an error and its package is in error and referenced by '//tests:validation_framework'
ERROR: /data/h445xu/repo/bazel-repos/cloned_repos/ARM-software__ComputeLibrary/tests/BUILD.bazel:26:11: Target '//tests:validation/fixtures/BitwiseAndFixture.h' contains an error and its package is in error and referenced by '//tests:validation_framework'
ERROR: /data/h445xu/repo/bazel-repos/cloned_repos/ARM-software__ComputeLibrary/tests/BUILD.bazel:26:11: Target '//tests:validation/fixtures/BitwiseNotFixture.h' contains an error and its package is in error and referenced by '//tests:validation_framework'
ERROR: /data/h445xu/repo/bazel-repos/cloned_repos/ARM-software__ComputeLibrary/tests/BUILD.bazel:26:11: Target '//tests:validation/fixtures/BitwiseOrFixture.h' contains an error and its package is in error and referenced by '//tests:validation_framework'
ERROR: /data/h445xu/repo/bazel-repos/cloned_repos/ARM-software__ComputeLibrary/tests/BUILD.bazel:26:11: Target '//tests:validation/fixtures/BitwiseXorFixture.h' contains an error and its package is in error and referenced by '//tests:validation_framework'
ERROR: /data/h445xu/repo/bazel-repos/cloned_repos/ARM-software__ComputeLibrary/tests/BUILD.bazel:26:11: Target '//tests:validation/fixtures/BoundingBoxTransformFixture.h' contains an error and its package is in error and referenced by '//tests:validation_framework'
ERROR: /data/h445xu/repo/bazel-repos/cloned_repos/ARM-software__ComputeLibrary/tests/BUILD.bazel:26:11: Target '//tests:validation/fixtures/CastFixture.h' contains an error and its package is in error and referenced by '//tests:validation_framework'
ERROR: /data/h445xu/repo/bazel-repos/cloned_repos/ARM-software__ComputeLibrary/tests/BUILD.bazel:26:11: Target '//tests:validation/fixtures/ChannelShuffleLayerFixture.h' contains an error and its package is in error and referenced by '//tests:validation_framework'
ERROR: /data/h445xu/repo/bazel-repos/cloned_repos/ARM-software__ComputeLibrary/tests/BUILD.bazel:26:11: Target '//tests:validation/fixtures/Col2ImFixture.h' contains an error and its package is in error and referenced by '//tests:validation_framework'
ERROR: /data/h445xu/repo/bazel-repos/cloned_repos/ARM-software__ComputeLibrary/tests/BUILD.bazel:26:11: Target '//tests:validation/fixtures/ComparisonFixture.h' contains an error and its package is in error and referenced by '//tests:validation_framework'
ERROR: /data/h445xu/repo/bazel-repos/cloned_repos/ARM-software__ComputeLibrary/tests/BUILD.bazel:26:11: Target '//tests:validation/fixtures/ComputeAllAnchorsFixture.h' contains an error and its package is in error and referenced by '//tests:validation_framework'
ERROR: /data/h445xu/repo/bazel-repos/cloned_repos/ARM-software__ComputeLibrary/tests/BUILD.bazel:26:11: Target '//tests:validation/fixtures/ConcatenateLayerFixture.h' contains an error and its package is in error and referenced by '//tests:validation_framework'
ERROR: /data/h445xu/repo/bazel-repos/cloned_repos/ARM-software__ComputeLibrary/tests/BUILD.bazel:26:11: Target '//tests:validation/fixtures/ConvertFullyConnectedWeightsFixture.h' contains an error and its package is in error and referenced by '//tests:validation_framework'
ERROR: /data/h445xu/repo/bazel-repos/cloned_repos/ARM-software__ComputeLibrary/tests/BUILD.bazel:26:11: Target '//tests:validation/fixtures/ConvolutionLayerFixture.h' contains an error and its package is in error and referenced by '//tests:validation_framework'
ERROR: /data/h445xu/repo/bazel-repos/cloned_repos/ARM-software__ComputeLibrary/tests/BUILD.bazel:26:11: Target '//tests:validation/fixtures/CopyFixture.h' contains an error and its package is in error and referenced by '//tests:validation_framework'
ERROR: /data/h445xu/repo/bazel-repos/cloned_repos/ARM-software__ComputeLibrary/tests/BUILD.bazel:26:11: Target '//tests:validation/fixtures/CpuActivationFixture.h' contains an error and its package is in error and referenced by '//tests:validation_framework'
ERROR: /data/h445xu/repo/bazel-repos/cloned_repos/ARM-software__ComputeLibrary/tests/BUILD.bazel:26:11: Target '//tests:validation/fixtures/CpuArithmeticOperationsFixture.h' contains an error and its package is in error and referenced by '//tests:validation_framework'
ERROR: /data/h445xu/repo/bazel-repos/cloned_repos/ARM-software__ComputeLibrary/tests/BUILD.bazel:26:11: Target '//tests:validation/fixtures/CpuDepthwiseConv2dFixture.h' contains an error and its package is in error and referenced by '//tests:validation_framework'
ERROR: /data/h445xu/repo/bazel-repos/cloned_repos/ARM-software__ComputeLibrary/tests/BUILD.bazel:26:11: Target '//tests:validation/fixtures/CpuDequantizeFixture.h' contains an error and its package is in error and referenced by '//tests:validation_framework'
ERROR: /data/h445xu/repo/bazel-repos/cloned_repos/ARM-software__ComputeLibrary/tests/BUILD.bazel:26:11: Target '//tests:validation/fixtures/CpuElementwiseFixture.h' contains an error and its package is in error and referenced by '//tests:validation_framework'
ERROR: /data/h445xu/repo/bazel-repos/cloned_repos/ARM-software__ComputeLibrary/tests/BUILD.bazel:26:11: Target '//tests:validation/fixtures/CpuFullyConnectedFixture.h' contains an error and its package is in error and referenced by '//tests:validation_framework'
ERROR: /data/h445xu/repo/bazel-repos/cloned_repos/ARM-software__ComputeLibrary/tests/BUILD.bazel:26:11: Target '//tests:validation/fixtures/CpuGEMMLowpFixture.h' contains an error and its package is in error and referenced by '//tests:validation_framework'
ERROR: /data/h445xu/repo/bazel-repos/cloned_repos/ARM-software__ComputeLibrary/tests/BUILD.bazel:26:11: Target '//tests:validation/fixtures/CpuGemmAssemblyDispatchFixture.h' contains an error and its package is in error and referenced by '//tests:validation_framework'
ERROR: /data/h445xu/repo/bazel-repos/cloned_repos/ARM-software__ComputeLibrary/tests/BUILD.bazel:26:11: Target '//tests:validation/fixtures/CpuGemmConv2dFixture.h' contains an error and its package is in error and referenced by '//tests:validation_framework'
ERROR: /data/h445xu/repo/bazel-repos/cloned_repos/ARM-software__ComputeLibrary/tests/BUILD.bazel:26:11: Target '//tests:validation/fixtures/CpuGemmDirectConv2dFixture.h' contains an error and its package is in error and referenced by '//tests:validation_framework'
ERROR: /data/h445xu/repo/bazel-repos/cloned_repos/ARM-software__ComputeLibrary/tests/BUILD.bazel:26:11: Target '//tests:validation/fixtures/CpuMeanStdDevNormalizationFixture.h' contains an error and its package is in error and referenced by '//tests:validation_framework'
ERROR: /data/h445xu/repo/bazel-repos/cloned_repos/ARM-software__ComputeLibrary/tests/BUILD.bazel:26:11: Target '//tests:validation/fixtures/CpuMulFixture.h' contains an error and its package is in error and referenced by '//tests:validation_framework'
ERROR: /data/h445xu/repo/bazel-repos/cloned_repos/ARM-software__ComputeLibrary/tests/BUILD.bazel:26:11: Target '//tests:validation/fixtures/CpuPool2dFixture.h' contains an error and its package is in error and referenced by '//tests:validation_framework'
ERROR: /data/h445xu/repo/bazel-repos/cloned_repos/ARM-software__ComputeLibrary/tests/BUILD.bazel:26:11: Target '//tests:validation/fixtures/CpuQuantizeFixture.h' contains an error and its package is in error and referenced by '//tests:validation_framework'
ERROR: /data/h445xu/repo/bazel-repos/cloned_repos/ARM-software__ComputeLibrary/tests/BUILD.bazel:26:11: Target '//tests:validation/fixtures/CpuSoftmaxFixture.h' contains an error and its package is in error and referenced by '//tests:validation_framework'
ERROR: /data/h445xu/repo/bazel-repos/cloned_repos/ARM-software__ComputeLibrary/tests/BUILD.bazel:26:11: Target '//tests:validation/fixtures/CpuTransposeFixture.h' contains an error and its package is in error and referenced by '//tests:validation_framework'
ERROR: /data/h445xu/repo/bazel-repos/cloned_repos/ARM-software__ComputeLibrary/tests/BUILD.bazel:26:11: Target '//tests:validation/fixtures/CpuWinogradConv2dFixture.h' contains an error and its package is in error and referenced by '//tests:validation_framework'
ERROR: /data/h445xu/repo/bazel-repos/cloned_repos/ARM-software__ComputeLibrary/tests/BUILD.bazel:26:11: Target '//tests:validation/fixtures/CropResizeFixture.h' contains an error and its package is in error and referenced by '//tests:validation_framework'
ERROR: /data/h445xu/repo/bazel-repos/cloned_repos/ARM-software__ComputeLibrary/tests/BUILD.bazel:26:11: Target '//tests:validation/fixtures/DeconvolutionLayerFixture.h' contains an error and its package is in error and referenced by '//tests:validation_framework'
ERROR: /data/h445xu/repo/bazel-repos/cloned_repos/ARM-software__ComputeLibrary/tests/BUILD.bazel:26:11: Target '//tests:validation/fixtures/DepthConvertLayerFixture.h' contains an error and its package is in error and referenced by '//tests:validation_framework'
ERROR: /data/h445xu/repo/bazel-repos/cloned_repos/ARM-software__ComputeLibrary/tests/BUILD.bazel:26:11: Target '//tests:validation/fixtures/DepthToSpaceLayerFixture.h' contains an error and its package is in error and referenced by '//tests:validation_framework'
ERROR: /data/h445xu/repo/bazel-repos/cloned_repos/ARM-software__ComputeLibrary/tests/BUILD.bazel:26:11: Target '//tests:validation/fixtures/DepthwiseConvolutionLayerFixture.h' contains an error and its package is in error and referenced by '//tests:validation_framework'
ERROR: /data/h445xu/repo/bazel-repos/cloned_repos/ARM-software__ComputeLibrary/tests/BUILD.bazel:26:11: Target '//tests:validation/fixtures/DequantizationLayerFixture.h' contains an error and its package is in error and referenced by '//tests:validation_framework'
ERROR: /data/h445xu/repo/bazel-repos/cloned_repos/ARM-software__ComputeLibrary/tests/BUILD.bazel:26:11: Target '//tests:validation/fixtures/DirectConvolution3DFixture.h' contains an error and its package is in error and referenced by '//tests:validation_framework'
ERROR: /data/h445xu/repo/bazel-repos/cloned_repos/ARM-software__ComputeLibrary/tests/BUILD.bazel:26:11: Target '//tests:validation/fixtures/DirectConvolutionLayerFixture.h' contains an error and its package is in error and referenced by '//tests:validation_framework'
ERROR: /data/h445xu/repo/bazel-repos/cloned_repos/ARM-software__ComputeLibrary/tests/BUILD.bazel:26:11: Target '//tests:validation/fixtures/DropoutLayerFixture.h' contains an error and its package is in error and referenced by '//tests:validation_framework'
ERROR: /data/h445xu/repo/bazel-repos/cloned_repos/ARM-software__ComputeLibrary/tests/BUILD.bazel:26:11: Target '//tests:validation/fixtures/ElementwiseOperationsFixture.h' contains an error and its package is in error and referenced by '//tests:validation_framework'
ERROR: /data/h445xu/repo/bazel-repos/cloned_repos/ARM-software__ComputeLibrary/tests/BUILD.bazel:26:11: Target '//tests:validation/fixtures/ElementwiseUnaryFixture.h' contains an error and its package is in error and referenced by '//tests:validation_framework'
ERROR: /data/h445xu/repo/bazel-repos/cloned_repos/ARM-software__ComputeLibrary/tests/BUILD.bazel:26:11: Target '//tests:validation/fixtures/FFTFixture.h' contains an error and its package is in error and referenced by '//tests:validation_framework'
ERROR: /data/h445xu/repo/bazel-repos/cloned_repos/ARM-software__ComputeLibrary/tests/BUILD.bazel:26:11: Target '//tests:validation/fixtures/FillFixture.h' contains an error and its package is in error and referenced by '//tests:validation_framework'
ERROR: /data/h445xu/repo/bazel-repos/cloned_repos/ARM-software__ComputeLibrary/tests/BUILD.bazel:26:11: Target '//tests:validation/fixtures/FlattenLayerFixture.h' contains an error and its package is in error and referenced by '//tests:validation_framework'
ERROR: /data/h445xu/repo/bazel-repos/cloned_repos/ARM-software__ComputeLibrary/tests/BUILD.bazel:26:11: Target '//tests:validation/fixtures/FloorFixture.h' contains an error and its package is in error and referenced by '//tests:validation_framework'
ERROR: /data/h445xu/repo/bazel-repos/cloned_repos/ARM-software__ComputeLibrary/tests/BUILD.bazel:26:11: Target '//tests:validation/fixtures/FullyConnectedLayerFixture.h' contains an error and its package is in error and referenced by '//tests:validation_framework'
ERROR: /data/h445xu/repo/bazel-repos/cloned_repos/ARM-software__ComputeLibrary/tests/BUILD.bazel:26:11: Target '//tests:validation/fixtures/FuseBatchNormalizationFixture.h' contains an error and its package is in error and referenced by '//tests:validation_framework'
ERROR: /data/h445xu/repo/bazel-repos/cloned_repos/ARM-software__ComputeLibrary/tests/BUILD.bazel:26:11: Target '//tests:validation/fixtures/GEMMFixture.h' contains an error and its package is in error and referenced by '//tests:validation_framework'
ERROR: /data/h445xu/repo/bazel-repos/cloned_repos/ARM-software__ComputeLibrary/tests/BUILD.bazel:26:11: Target '//tests:validation/fixtures/GEMMInterleave4x4Fixture.h' contains an error and its package is in error and referenced by '//tests:validation_framework'
ERROR: /data/h445xu/repo/bazel-repos/cloned_repos/ARM-software__ComputeLibrary/tests/BUILD.bazel:26:11: Target '//tests:validation/fixtures/GEMMLowpFixture.h' contains an error and its package is in error and referenced by '//tests:validation_framework'
ERROR: /data/h445xu/repo/bazel-repos/cloned_repos/ARM-software__ComputeLibrary/tests/BUILD.bazel:26:11: Target '//tests:validation/fixtures/GEMMReshapeLHSMatrixFixture.h' contains an error and its package is in error and referenced by '//tests:validation_framework'
ERROR: /data/h445xu/repo/bazel-repos/cloned_repos/ARM-software__ComputeLibrary/tests/BUILD.bazel:26:11: Target '//tests:validation/fixtures/GEMMReshapeRHSMatrixFixture.h' contains an error and its package is in error and referenced by '//tests:validation_framework'
ERROR: /data/h445xu/repo/bazel-repos/cloned_repos/ARM-software__ComputeLibrary/tests/BUILD.bazel:26:11: Target '//tests:validation/fixtures/GEMMTranspose1xWFixture.h' contains an error and its package is in error and referenced by '//tests:validation_framework'
ERROR: /data/h445xu/repo/bazel-repos/cloned_repos/ARM-software__ComputeLibrary/tests/BUILD.bazel:26:11: Target '//tests:validation/fixtures/GatherFixture.h' contains an error and its package is in error and referenced by '//tests:validation_framework'
ERROR: /data/h445xu/repo/bazel-repos/cloned_repos/ARM-software__ComputeLibrary/tests/BUILD.bazel:26:11: Target '//tests:validation/fixtures/Im2ColFixture.h' contains an error and its package is in error and referenced by '//tests:validation_framework'
ERROR: /data/h445xu/repo/bazel-repos/cloned_repos/ARM-software__ComputeLibrary/tests/BUILD.bazel:26:11: Target '//tests:validation/fixtures/IndirectConv2dAddressPrecalculationFixture.h' contains an error and its package is in error and referenced by '//tests:validation_framework'
ERROR: /data/h445xu/repo/bazel-repos/cloned_repos/ARM-software__ComputeLibrary/tests/BUILD.bazel:26:11: Target '//tests:validation/fixtures/InstanceNormalizationLayerFixture.h' contains an error and its package is in error and referenced by '//tests:validation_framework'
ERROR: /data/h445xu/repo/bazel-repos/cloned_repos/ARM-software__ComputeLibrary/tests/BUILD.bazel:26:11: Target '//tests:validation/fixtures/L2NormalizeLayerFixture.h' contains an error and its package is in error and referenced by '//tests:validation_framework'
ERROR: /data/h445xu/repo/bazel-repos/cloned_repos/ARM-software__ComputeLibrary/tests/BUILD.bazel:26:11: Target '//tests:validation/fixtures/LSTMLayerFixture.h' contains an error and its package is in error and referenced by '//tests:validation_framework'
ERROR: /data/h445xu/repo/bazel-repos/cloned_repos/ARM-software__ComputeLibrary/tests/BUILD.bazel:26:11: Target '//tests:validation/fixtures/LogicalFixture.h' contains an error and its package is in error and referenced by '//tests:validation_framework'
ERROR: /data/h445xu/repo/bazel-repos/cloned_repos/ARM-software__ComputeLibrary/tests/BUILD.bazel:26:11: Target '//tests:validation/fixtures/MatMulFixture.h' contains an error and its package is in error and referenced by '//tests:validation_framework'
ERROR: /data/h445xu/repo/bazel-repos/cloned_repos/ARM-software__ComputeLibrary/tests/BUILD.bazel:26:11: Target '//tests:validation/fixtures/MatMulKernelFixture.h' contains an error and its package is in error and referenced by '//tests:validation_framework'
ERROR: /data/h445xu/repo/bazel-repos/cloned_repos/ARM-software__ComputeLibrary/tests/BUILD.bazel:26:11: Target '//tests:validation/fixtures/MaxUnpoolingLayerFixture.h' contains an error and its package is in error and referenced by '//tests:validation_framework'
ERROR: /data/h445xu/repo/bazel-repos/cloned_repos/ARM-software__ComputeLibrary/tests/BUILD.bazel:26:11: Target '//tests:validation/fixtures/MeanStdDevNormalizationLayerFixture.h' contains an error and its package is in error and referenced by '//tests:validation_framework'
ERROR: /data/h445xu/repo/bazel-repos/cloned_repos/ARM-software__ComputeLibrary/tests/BUILD.bazel:26:11: Target '//tests:validation/fixtures/NonMaxSuppressionFixture.h' contains an error and its package is in error and referenced by '//tests:validation_framework'
ERROR: /data/h445xu/repo/bazel-repos/cloned_repos/ARM-software__ComputeLibrary/tests/BUILD.bazel:26:11: Target '//tests:validation/fixtures/NormalizationLayerFixture.h' contains an error and its package is in error and referenced by '//tests:validation_framework'
ERROR: /data/h445xu/repo/bazel-repos/cloned_repos/ARM-software__ComputeLibrary/tests/BUILD.bazel:26:11: Target '//tests:validation/fixtures/NormalizePlanarYUVLayerFixture.h' contains an error and its package is in error and referenced by '//tests:validation_framework'
ERROR: /data/h445xu/repo/bazel-repos/cloned_repos/ARM-software__ComputeLibrary/tests/BUILD.bazel:26:11: Target '//tests:validation/fixtures/PadLayerFixture.h' contains an error and its package is in error and referenced by '//tests:validation_framework'
ERROR: /data/h445xu/repo/bazel-repos/cloned_repos/ARM-software__ComputeLibrary/tests/BUILD.bazel:26:11: Target '//tests:validation/fixtures/PermuteFixture.h' contains an error and its package is in error and referenced by '//tests:validation_framework'
ERROR: /data/h445xu/repo/bazel-repos/cloned_repos/ARM-software__ComputeLibrary/tests/BUILD.bazel:26:11: Target '//tests:validation/fixtures/PixelWiseMultiplicationFixture.h' contains an error and its package is in error and referenced by '//tests:validation_framework'
ERROR: /data/h445xu/repo/bazel-repos/cloned_repos/ARM-software__ComputeLibrary/tests/BUILD.bazel:26:11: Target '//tests:validation/fixtures/Pooling3dLayerFixture.h' contains an error and its package is in error and referenced by '//tests:validation_framework'
ERROR: /data/h445xu/repo/bazel-repos/cloned_repos/ARM-software__ComputeLibrary/tests/BUILD.bazel:26:11: Target '//tests:validation/fixtures/PoolingLayerFixture.h' contains an error and its package is in error and referenced by '//tests:validation_framework'
ERROR: /data/h445xu/repo/bazel-repos/cloned_repos/ARM-software__ComputeLibrary/tests/BUILD.bazel:26:11: Target '//tests:validation/fixtures/PriorBoxLayerFixture.h' contains an error and its package is in error and referenced by '//tests:validation_framework'
ERROR: /data/h445xu/repo/bazel-repos/cloned_repos/ARM-software__ComputeLibrary/tests/BUILD.bazel:26:11: Target '//tests:validation/fixtures/QLSTMLayerNormalizationFixture.h' contains an error and its package is in error and referenced by '//tests:validation_framework'
ERROR: /data/h445xu/repo/bazel-repos/cloned_repos/ARM-software__ComputeLibrary/tests/BUILD.bazel:26:11: Target '//tests:validation/fixtures/QuantizationLayerFixture.h' contains an error and its package is in error and referenced by '//tests:validation_framework'
ERROR: /data/h445xu/repo/bazel-repos/cloned_repos/ARM-software__ComputeLibrary/tests/BUILD.bazel:26:11: Target '//tests:validation/fixtures/RNNLayerFixture.h' contains an error and its package is in error and referenced by '//tests:validation_framework'
ERROR: /data/h445xu/repo/bazel-repos/cloned_repos/ARM-software__ComputeLibrary/tests/BUILD.bazel:26:11: Target '//tests:validation/fixtures/ROIAlignLayerFixture.h' contains an error and its package is in error and referenced by '//tests:validation_framework'
ERROR: /data/h445xu/repo/bazel-repos/cloned_repos/ARM-software__ComputeLibrary/tests/BUILD.bazel:26:11: Target '//tests:validation/fixtures/ROIPoolingLayerFixture.h' contains an error and its package is in error and referenced by '//tests:validation_framework'
ERROR: /data/h445xu/repo/bazel-repos/cloned_repos/ARM-software__ComputeLibrary/tests/BUILD.bazel:26:11: Target '//tests:validation/fixtures/RangeFixture.h' contains an error and its package is in error and referenced by '//tests:validation_framework'
ERROR: /data/h445xu/repo/bazel-repos/cloned_repos/ARM-software__ComputeLibrary/tests/BUILD.bazel:26:11: Target '//tests:validation/fixtures/ReduceMeanFixture.h' contains an error and its package is in error and referenced by '//tests:validation_framework'
ERROR: /data/h445xu/repo/bazel-repos/cloned_repos/ARM-software__ComputeLibrary/tests/BUILD.bazel:26:11: Target '//tests:validation/fixtures/ReductionOperationFixture.h' contains an error and its package is in error and referenced by '//tests:validation_framework'
ERROR: /data/h445xu/repo/bazel-repos/cloned_repos/ARM-software__ComputeLibrary/tests/BUILD.bazel:26:11: Target '//tests:validation/fixtures/ReorderFixture.h' contains an error and its package is in error and referenced by '//tests:validation_framework'
ERROR: /data/h445xu/repo/bazel-repos/cloned_repos/ARM-software__ComputeLibrary/tests/BUILD.bazel:26:11: Target '//tests:validation/fixtures/ReorgLayerFixture.h' contains an error and its package is in error and referenced by '//tests:validation_framework'
ERROR: /data/h445xu/repo/bazel-repos/cloned_repos/ARM-software__ComputeLibrary/tests/BUILD.bazel:26:11: Target '//tests:validation/fixtures/ReshapeLayerFixture.h' contains an error and its package is in error and referenced by '//tests:validation_framework'
ERROR: /data/h445xu/repo/bazel-repos/cloned_repos/ARM-software__ComputeLibrary/tests/BUILD.bazel:26:11: Target '//tests:validation/fixtures/ReverseFixture.h' contains an error and its package is in error and referenced by '//tests:validation_framework'
ERROR: /data/h445xu/repo/bazel-repos/cloned_repos/ARM-software__ComputeLibrary/tests/BUILD.bazel:26:11: Target '//tests:validation/fixtures/ScaleFixture.h' contains an error and its package is in error and referenced by '//tests:validation_framework'
ERROR: /data/h445xu/repo/bazel-repos/cloned_repos/ARM-software__ComputeLibrary/tests/BUILD.bazel:26:11: Target '//tests:validation/fixtures/ScatterLayerFixture.h' contains an error and its package is in error and referenced by '//tests:validation_framework'
ERROR: /data/h445xu/repo/bazel-repos/cloned_repos/ARM-software__ComputeLibrary/tests/BUILD.bazel:26:11: Target '//tests:validation/fixtures/ScharrFixture.h' contains an error and its package is in error and referenced by '//tests:validation_framework'
ERROR: /data/h445xu/repo/bazel-repos/cloned_repos/ARM-software__ComputeLibrary/tests/BUILD.bazel:26:11: Target '//tests:validation/fixtures/SelectFixture.h' contains an error and its package is in error and referenced by '//tests:validation_framework'
ERROR: /data/h445xu/repo/bazel-repos/cloned_repos/ARM-software__ComputeLibrary/tests/BUILD.bazel:26:11: Target '//tests:validation/fixtures/SliceOperationsFixtures.h' contains an error and its package is in error and referenced by '//tests:validation_framework'
ERROR: /data/h445xu/repo/bazel-repos/cloned_repos/ARM-software__ComputeLibrary/tests/BUILD.bazel:26:11: Target '//tests:validation/fixtures/SoftmaxLayerFixture.h' contains an error and its package is in error and referenced by '//tests:validation_framework'
ERROR: /data/h445xu/repo/bazel-repos/cloned_repos/ARM-software__ComputeLibrary/tests/BUILD.bazel:26:11: Target '//tests:validation/fixtures/SpaceToBatchFixture.h' contains an error and its package is in error and referenced by '//tests:validation_framework'
ERROR: /data/h445xu/repo/bazel-repos/cloned_repos/ARM-software__ComputeLibrary/tests/BUILD.bazel:26:11: Target '//tests:validation/fixtures/SpaceToDepthFixture.h' contains an error and its package is in error and referenced by '//tests:validation_framework'
ERROR: /data/h445xu/repo/bazel-repos/cloned_repos/ARM-software__ComputeLibrary/tests/BUILD.bazel:26:11: Target '//tests:validation/fixtures/SplitFixture.h' contains an error and its package is in error and referenced by '//tests:validation_framework'
ERROR: /data/h445xu/repo/bazel-repos/cloned_repos/ARM-software__ComputeLibrary/tests/BUILD.bazel:26:11: Target '//tests:validation/fixtures/StackLayerFixture.h' contains an error and its package is in error and referenced by '//tests:validation_framework'
ERROR: /data/h445xu/repo/bazel-repos/cloned_repos/ARM-software__ComputeLibrary/tests/BUILD.bazel:26:11: Target '//tests:validation/fixtures/TileFixture.h' contains an error and its package is in error and referenced by '//tests:validation_framework'
ERROR: /data/h445xu/repo/bazel-repos/cloned_repos/ARM-software__ComputeLibrary/tests/BUILD.bazel:26:11: Target '//tests:validation/fixtures/TransposeFixture.h' contains an error and its package is in error and referenced by '//tests:validation_framework'
ERROR: /data/h445xu/repo/bazel-repos/cloned_repos/ARM-software__ComputeLibrary/tests/BUILD.bazel:26:11: Target '//tests:validation/fixtures/UNIT/ContextFixture.h' contains an error and its package is in error and referenced by '//tests:validation_framework'
ERROR: /data/h445xu/repo/bazel-repos/cloned_repos/ARM-software__ComputeLibrary/tests/BUILD.bazel:26:11: Target '//tests:validation/fixtures/UNIT/DynamicTensorFixture.h' contains an error and its package is in error and referenced by '//tests:validation_framework'
ERROR: /data/h445xu/repo/bazel-repos/cloned_repos/ARM-software__ComputeLibrary/tests/BUILD.bazel:26:11: Target '//tests:validation/fixtures/UNIT/MemoryManagerFixture.h' contains an error and its package is in error and referenced by '//tests:validation_framework'
ERROR: /data/h445xu/repo/bazel-repos/cloned_repos/ARM-software__ComputeLibrary/tests/BUILD.bazel:26:11: Target '//tests:validation/fixtures/UNIT/QueueFixture.h' contains an error and its package is in error and referenced by '//tests:validation_framework'
ERROR: /data/h445xu/repo/bazel-repos/cloned_repos/ARM-software__ComputeLibrary/tests/BUILD.bazel:26:11: Target '//tests:validation/fixtures/UNIT/TensorFixture.h' contains an error and its package is in error and referenced by '//tests:validation_framework'
ERROR: /data/h445xu/repo/bazel-repos/cloned_repos/ARM-software__ComputeLibrary/tests/BUILD.bazel:26:11: Target '//tests:validation/fixtures/UNIT/TensorPackFixture.h' contains an error and its package is in error and referenced by '//tests:validation_framework'
ERROR: /data/h445xu/repo/bazel-repos/cloned_repos/ARM-software__ComputeLibrary/tests/BUILD.bazel:26:11: Target '//tests:validation/fixtures/UNIT/WeightsRetentionFixture.h' contains an error and its package is in error and referenced by '//tests:validation_framework'
ERROR: /data/h445xu/repo/bazel-repos/cloned_repos/ARM-software__ComputeLibrary/tests/BUILD.bazel:26:11: Target '//tests:validation/fixtures/UnstackFixture.h' contains an error and its package is in error and referenced by '//tests:validation_framework'
ERROR: /data/h445xu/repo/bazel-repos/cloned_repos/ARM-software__ComputeLibrary/tests/BUILD.bazel:26:11: Target '//tests:validation/fixtures/WeightsReshapeFixture.h' contains an error and its package is in error and referenced by '//tests:validation_framework'
ERROR: /data/h445xu/repo/bazel-repos/cloned_repos/ARM-software__ComputeLibrary/tests/BUILD.bazel:26:11: Target '//tests:validation/fixtures/WinogradConvolutionLayerFixture.h' contains an error and its package is in error and referenced by '//tests:validation_framework'
ERROR: /data/h445xu/repo/bazel-repos/cloned_repos/ARM-software__ComputeLibrary/tests/BUILD.bazel:26:11: Target '//tests:validation/helpers/ActivationHelpers.h' contains an error and its package is in error and referenced by '//tests:validation_framework'
ERROR: /data/h445xu/repo/bazel-repos/cloned_repos/ARM-software__ComputeLibrary/tests/BUILD.bazel:26:11: Target '//tests:validation/reference/AbsoluteDifference.h' contains an error and its package is in error and referenced by '//tests:validation_framework'
ERROR: /data/h445xu/repo/bazel-repos/cloned_repos/ARM-software__ComputeLibrary/tests/BUILD.bazel:26:11: Target '//tests:validation/reference/Accumulate.h' contains an error and its package is in error and referenced by '//tests:validation_framework'
ERROR: /data/h445xu/repo/bazel-repos/cloned_repos/ARM-software__ComputeLibrary/tests/BUILD.bazel:26:11: Target '//tests:validation/reference/ActivationLayer.h' contains an error and its package is in error and referenced by '//tests:validation_framework'
ERROR: /data/h445xu/repo/bazel-repos/cloned_repos/ARM-software__ComputeLibrary/tests/BUILD.bazel:26:11: Target '//tests:validation/reference/ArithmeticDivision.h' contains an error and its package is in error and referenced by '//tests:validation_framework'
ERROR: /data/h445xu/repo/bazel-repos/cloned_repos/ARM-software__ComputeLibrary/tests/BUILD.bazel:26:11: Target '//tests:validation/reference/ArithmeticOperations.h' contains an error and its package is in error and referenced by '//tests:validation_framework'
ERROR: /data/h445xu/repo/bazel-repos/cloned_repos/ARM-software__ComputeLibrary/tests/BUILD.bazel:26:11: Target '//tests:validation/reference/BatchNormalizationLayer.h' contains an error and its package is in error and referenced by '//tests:validation_framework'
ERROR: /data/h445xu/repo/bazel-repos/cloned_repos/ARM-software__ComputeLibrary/tests/BUILD.bazel:26:11: Target '//tests:validation/reference/BatchToSpaceLayer.h' contains an error and its package is in error and referenced by '//tests:validation_framework'
ERROR: /data/h445xu/repo/bazel-repos/cloned_repos/ARM-software__ComputeLibrary/tests/BUILD.bazel:26:11: Target '//tests:validation/reference/BitwiseAnd.h' contains an error and its package is in error and referenced by '//tests:validation_framework'
ERROR: /data/h445xu/repo/bazel-repos/cloned_repos/ARM-software__ComputeLibrary/tests/BUILD.bazel:26:11: Target '//tests:validation/reference/BitwiseNot.h' contains an error and its package is in error and referenced by '//tests:validation_framework'
ERROR: /data/h445xu/repo/bazel-repos/cloned_repos/ARM-software__ComputeLibrary/tests/BUILD.bazel:26:11: Target '//tests:validation/reference/BitwiseOr.h' contains an error and its package is in error and referenced by '//tests:validation_framework'
ERROR: /data/h445xu/repo/bazel-repos/cloned_repos/ARM-software__ComputeLibrary/tests/BUILD.bazel:26:11: Target '//tests:validation/reference/BitwiseXor.h' contains an error and its package is in error and referenced by '//tests:validation_framework'
ERROR: /data/h445xu/repo/bazel-repos/cloned_repos/ARM-software__ComputeLibrary/tests/BUILD.bazel:26:11: Target '//tests:validation/reference/BoundingBoxTransform.h' contains an error and its package is in error and referenced by '//tests:validation_framework'
ERROR: /data/h445xu/repo/bazel-repos/cloned_repos/ARM-software__ComputeLibrary/tests/BUILD.bazel:26:11: Target '//tests:validation/reference/ChannelShuffle.h' contains an error and its package is in error and referenced by '//tests:validation_framework'
ERROR: /data/h445xu/repo/bazel-repos/cloned_repos/ARM-software__ComputeLibrary/tests/BUILD.bazel:26:11: Target '//tests:validation/reference/Col2Im.h' contains an error and its package is in error and referenced by '//tests:validation_framework'
ERROR: /data/h445xu/repo/bazel-repos/cloned_repos/ARM-software__ComputeLibrary/tests/BUILD.bazel:26:11: Target '//tests:validation/reference/ColorConvertHelper.h' contains an error and its package is in error and referenced by '//tests:validation_framework'
ERROR: /data/h445xu/repo/bazel-repos/cloned_repos/ARM-software__ComputeLibrary/tests/BUILD.bazel:26:11: Target '//tests:validation/reference/Comparisons.h' contains an error and its package is in error and referenced by '//tests:validation_framework'
ERROR: /data/h445xu/repo/bazel-repos/cloned_repos/ARM-software__ComputeLibrary/tests/BUILD.bazel:26:11: Target '//tests:validation/reference/ComputeAllAnchors.h' contains an error and its package is in error and referenced by '//tests:validation_framework'
ERROR: /data/h445xu/repo/bazel-repos/cloned_repos/ARM-software__ComputeLibrary/tests/BUILD.bazel:26:11: Target '//tests:validation/reference/ConcatenateLayer.h' contains an error and its package is in error and referenced by '//tests:validation_framework'
ERROR: /data/h445xu/repo/bazel-repos/cloned_repos/ARM-software__ComputeLibrary/tests/BUILD.bazel:26:11: Target '//tests:validation/reference/Conv3D.h' contains an error and its package is in error and referenced by '//tests:validation_framework'
ERROR: /data/h445xu/repo/bazel-repos/cloned_repos/ARM-software__ComputeLibrary/tests/BUILD.bazel:26:11: Target '//tests:validation/reference/ConvertFullyConnectedWeights.h' contains an error and its package is in error and referenced by '//tests:validation_framework'
ERROR: /data/h445xu/repo/bazel-repos/cloned_repos/ARM-software__ComputeLibrary/tests/BUILD.bazel:26:11: Target '//tests:validation/reference/Convolution3d.h' contains an error and its package is in error and referenced by '//tests:validation_framework'
ERROR: /data/h445xu/repo/bazel-repos/cloned_repos/ARM-software__ComputeLibrary/tests/BUILD.bazel:26:11: Target '//tests:validation/reference/ConvolutionLayer.h' contains an error and its package is in error and referenced by '//tests:validation_framework'
ERROR: /data/h445xu/repo/bazel-repos/cloned_repos/ARM-software__ComputeLibrary/tests/BUILD.bazel:26:11: Target '//tests:validation/reference/Copy.h' contains an error and its package is in error and referenced by '//tests:validation_framework'
ERROR: /data/h445xu/repo/bazel-repos/cloned_repos/ARM-software__ComputeLibrary/tests/BUILD.bazel:26:11: Target '//tests:validation/reference/CropResize.h' contains an error and its package is in error and referenced by '//tests:validation_framework'
ERROR: /data/h445xu/repo/bazel-repos/cloned_repos/ARM-software__ComputeLibrary/tests/BUILD.bazel:26:11: Target '//tests:validation/reference/DFT.h' contains an error and its package is in error and referenced by '//tests:validation_framework'
ERROR: /data/h445xu/repo/bazel-repos/cloned_repos/ARM-software__ComputeLibrary/tests/BUILD.bazel:26:11: Target '//tests:validation/reference/DeconvolutionLayer.h' contains an error and its package is in error and referenced by '//tests:validation_framework'
ERROR: /data/h445xu/repo/bazel-repos/cloned_repos/ARM-software__ComputeLibrary/tests/BUILD.bazel:26:11: Target '//tests:validation/reference/DepthConcatenateLayer.h' contains an error and its package is in error and referenced by '//tests:validation_framework'
ERROR: /data/h445xu/repo/bazel-repos/cloned_repos/ARM-software__ComputeLibrary/tests/BUILD.bazel:26:11: Target '//tests:validation/reference/DepthConvertLayer.h' contains an error and its package is in error and referenced by '//tests:validation_framework'
ERROR: /data/h445xu/repo/bazel-repos/cloned_repos/ARM-software__ComputeLibrary/tests/BUILD.bazel:26:11: Target '//tests:validation/reference/DepthToSpaceLayer.h' contains an error and its package is in error and referenced by '//tests:validation_framework'
ERROR: /data/h445xu/repo/bazel-repos/cloned_repos/ARM-software__ComputeLibrary/tests/BUILD.bazel:26:11: Target '//tests:validation/reference/DepthwiseConvolutionLayer.h' contains an error and its package is in error and referenced by '//tests:validation_framework'
ERROR: /data/h445xu/repo/bazel-repos/cloned_repos/ARM-software__ComputeLibrary/tests/BUILD.bazel:26:11: Target '//tests:validation/reference/DepthwiseSeparableConvolutionLayer.h' contains an error and its package is in error and referenced by '//tests:validation_framework'
ERROR: /data/h445xu/repo/bazel-repos/cloned_repos/ARM-software__ComputeLibrary/tests/BUILD.bazel:26:11: Target '//tests:validation/reference/DequantizationLayer.h' contains an error and its package is in error and referenced by '//tests:validation_framework'
ERROR: /data/h445xu/repo/bazel-repos/cloned_repos/ARM-software__ComputeLibrary/tests/BUILD.bazel:26:11: Target '//tests:validation/reference/ElementwiseOperations.h' contains an error and its package is in error and referenced by '//tests:validation_framework'
ERROR: /data/h445xu/repo/bazel-repos/cloned_repos/ARM-software__ComputeLibrary/tests/BUILD.bazel:26:11: Target '//tests:validation/reference/ElementwiseUnary.h' contains an error and its package is in error and referenced by '//tests:validation_framework'
ERROR: /data/h445xu/repo/bazel-repos/cloned_repos/ARM-software__ComputeLibrary/tests/BUILD.bazel:26:11: Target '//tests:validation/reference/Erode.h' contains an error and its package is in error and referenced by '//tests:validation_framework'
ERROR: /data/h445xu/repo/bazel-repos/cloned_repos/ARM-software__ComputeLibrary/tests/BUILD.bazel:26:11: Target '//tests:validation/reference/FlattenLayer.h' contains an error and its package is in error and referenced by '//tests:validation_framework'
ERROR: /data/h445xu/repo/bazel-repos/cloned_repos/ARM-software__ComputeLibrary/tests/BUILD.bazel:26:11: Target '//tests:validation/reference/Floor.h' contains an error and its package is in error and referenced by '//tests:validation_framework'
ERROR: /data/h445xu/repo/bazel-repos/cloned_repos/ARM-software__ComputeLibrary/tests/BUILD.bazel:26:11: Target '//tests:validation/reference/FullyConnectedLayer.h' contains an error and its package is in error and referenced by '//tests:validation_framework'
ERROR: /data/h445xu/repo/bazel-repos/cloned_repos/ARM-software__ComputeLibrary/tests/BUILD.bazel:26:11: Target '//tests:validation/reference/FuseBatchNormalization.h' contains an error and its package is in error and referenced by '//tests:validation_framework'
ERROR: /data/h445xu/repo/bazel-repos/cloned_repos/ARM-software__ComputeLibrary/tests/BUILD.bazel:26:11: Target '//tests:validation/reference/GEMM.h' contains an error and its package is in error and referenced by '//tests:validation_framework'
ERROR: /data/h445xu/repo/bazel-repos/cloned_repos/ARM-software__ComputeLibrary/tests/BUILD.bazel:26:11: Target '//tests:validation/reference/GEMMInterleave4x4.h' contains an error and its package is in error and referenced by '//tests:validation_framework'
ERROR: /data/h445xu/repo/bazel-repos/cloned_repos/ARM-software__ComputeLibrary/tests/BUILD.bazel:26:11: Target '//tests:validation/reference/GEMMInterleaveBlocked.h' contains an error and its package is in error and referenced by '//tests:validation_framework'
ERROR: /data/h445xu/repo/bazel-repos/cloned_repos/ARM-software__ComputeLibrary/tests/BUILD.bazel:26:11: Target '//tests:validation/reference/GEMMLowp.h' contains an error and its package is in error and referenced by '//tests:validation_framework'
ERROR: /data/h445xu/repo/bazel-repos/cloned_repos/ARM-software__ComputeLibrary/tests/BUILD.bazel:26:11: Target '//tests:validation/reference/GEMMReshapeLHSMatrix.h' contains an error and its package is in error and referenced by '//tests:validation_framework'
ERROR: /data/h445xu/repo/bazel-repos/cloned_repos/ARM-software__ComputeLibrary/tests/BUILD.bazel:26:11: Target '//tests:validation/reference/GEMMReshapeRHSMatrix.h' contains an error and its package is in error and referenced by '//tests:validation_framework'
ERROR: /data/h445xu/repo/bazel-repos/cloned_repos/ARM-software__ComputeLibrary/tests/BUILD.bazel:26:11: Target '//tests:validation/reference/GEMMTranspose1xW.h' contains an error and its package is in error and referenced by '//tests:validation_framework'
ERROR: /data/h445xu/repo/bazel-repos/cloned_repos/ARM-software__ComputeLibrary/tests/BUILD.bazel:26:11: Target '//tests:validation/reference/Gather.h' contains an error and its package is in error and referenced by '//tests:validation_framework'
ERROR: /data/h445xu/repo/bazel-repos/cloned_repos/ARM-software__ComputeLibrary/tests/BUILD.bazel:26:11: Target '//tests:validation/reference/Im2Col.h' contains an error and its package is in error and referenced by '//tests:validation_framework'
ERROR: /data/h445xu/repo/bazel-repos/cloned_repos/ARM-software__ComputeLibrary/tests/BUILD.bazel:26:11: Target '//tests:validation/reference/IndirectConv2dAddressPrecalculation.h' contains an error and its package is in error and referenced by '//tests:validation_framework'
ERROR: /data/h445xu/repo/bazel-repos/cloned_repos/ARM-software__ComputeLibrary/tests/BUILD.bazel:26:11: Target '//tests:validation/reference/InstanceNormalizationLayer.h' contains an error and its package is in error and referenced by '//tests:validation_framework'
ERROR: /data/h445xu/repo/bazel-repos/cloned_repos/ARM-software__ComputeLibrary/tests/BUILD.bazel:26:11: Target '//tests:validation/reference/L2NormalizeLayer.h' contains an error and its package is in error and referenced by '//tests:validation_framework'
ERROR: /data/h445xu/repo/bazel-repos/cloned_repos/ARM-software__ComputeLibrary/tests/BUILD.bazel:26:11: Target '//tests:validation/reference/Logical.h' contains an error and its package is in error and referenced by '//tests:validation_framework'
ERROR: /data/h445xu/repo/bazel-repos/cloned_repos/ARM-software__ComputeLibrary/tests/BUILD.bazel:26:11: Target '//tests:validation/reference/MaxUnpoolingLayer.h' contains an error and its package is in error and referenced by '//tests:validation_framework'
ERROR: /data/h445xu/repo/bazel-repos/cloned_repos/ARM-software__ComputeLibrary/tests/BUILD.bazel:26:11: Target '//tests:validation/reference/MeanStdDev.h' contains an error and its package is in error and referenced by '//tests:validation_framework'
ERROR: /data/h445xu/repo/bazel-repos/cloned_repos/ARM-software__ComputeLibrary/tests/BUILD.bazel:26:11: Target '//tests:validation/reference/MeanStdDevNormalizationLayer.h' contains an error and its package is in error and referenced by '//tests:validation_framework'
ERROR: /data/h445xu/repo/bazel-repos/cloned_repos/ARM-software__ComputeLibrary/tests/BUILD.bazel:26:11: Target '//tests:validation/reference/MinMaxLocation.h' contains an error and its package is in error and referenced by '//tests:validation_framework'
ERROR: /data/h445xu/repo/bazel-repos/cloned_repos/ARM-software__ComputeLibrary/tests/BUILD.bazel:26:11: Target '//tests:validation/reference/NonMaxSuppression.h' contains an error and its package is in error and referenced by '//tests:validation_framework'
ERROR: /data/h445xu/repo/bazel-repos/cloned_repos/ARM-software__ComputeLibrary/tests/BUILD.bazel:26:11: Target '//tests:validation/reference/NonMaximaSuppression.h' contains an error and its package is in error and referenced by '//tests:validation_framework'
ERROR: /data/h445xu/repo/bazel-repos/cloned_repos/ARM-software__ComputeLibrary/tests/BUILD.bazel:26:11: Target '//tests:validation/reference/NormalizationLayer.h' contains an error and its package is in error and referenced by '//tests:validation_framework'
ERROR: /data/h445xu/repo/bazel-repos/cloned_repos/ARM-software__ComputeLibrary/tests/BUILD.bazel:26:11: Target '//tests:validation/reference/NormalizePlanarYUVLayer.h' contains an error and its package is in error and referenced by '//tests:validation_framework'
ERROR: /data/h445xu/repo/bazel-repos/cloned_repos/ARM-software__ComputeLibrary/tests/BUILD.bazel:26:11: Target '//tests:validation/reference/PadLayer.h' contains an error and its package is in error and referenced by '//tests:validation_framework'
ERROR: /data/h445xu/repo/bazel-repos/cloned_repos/ARM-software__ComputeLibrary/tests/BUILD.bazel:26:11: Target '//tests:validation/reference/Permute.h' contains an error and its package is in error and referenced by '//tests:validation_framework'
ERROR: /data/h445xu/repo/bazel-repos/cloned_repos/ARM-software__ComputeLibrary/tests/BUILD.bazel:26:11: Target '//tests:validation/reference/PixelWiseMultiplication.h' contains an error and its package is in error and referenced by '//tests:validation_framework'
ERROR: /data/h445xu/repo/bazel-repos/cloned_repos/ARM-software__ComputeLibrary/tests/BUILD.bazel:26:11: Target '//tests:validation/reference/Pooling3dLayer.h' contains an error and its package is in error and referenced by '//tests:validation_framework'
ERROR: /data/h445xu/repo/bazel-repos/cloned_repos/ARM-software__ComputeLibrary/tests/BUILD.bazel:26:11: Target '//tests:validation/reference/PoolingLayer.h' contains an error and its package is in error and referenced by '//tests:validation_framework'
ERROR: /data/h445xu/repo/bazel-repos/cloned_repos/ARM-software__ComputeLibrary/tests/BUILD.bazel:26:11: Target '//tests:validation/reference/PriorBoxLayer.h' contains an error and its package is in error and referenced by '//tests:validation_framework'
ERROR: /data/h445xu/repo/bazel-repos/cloned_repos/ARM-software__ComputeLibrary/tests/BUILD.bazel:26:11: Target '//tests:validation/reference/QLSTMLayerNormalization.h' contains an error and its package is in error and referenced by '//tests:validation_framework'
ERROR: /data/h445xu/repo/bazel-repos/cloned_repos/ARM-software__ComputeLibrary/tests/BUILD.bazel:26:11: Target '//tests:validation/reference/QuantizationLayer.h' contains an error and its package is in error and referenced by '//tests:validation_framework'
ERROR: /data/h445xu/repo/bazel-repos/cloned_repos/ARM-software__ComputeLibrary/tests/BUILD.bazel:26:11: Target '//tests:validation/reference/ROIAlignLayer.h' contains an error and its package is in error and referenced by '//tests:validation_framework'
ERROR: /data/h445xu/repo/bazel-repos/cloned_repos/ARM-software__ComputeLibrary/tests/BUILD.bazel:26:11: Target '//tests:validation/reference/ROIPoolingLayer.h' contains an error and its package is in error and referenced by '//tests:validation_framework'
ERROR: /data/h445xu/repo/bazel-repos/cloned_repos/ARM-software__ComputeLibrary/tests/BUILD.bazel:26:11: Target '//tests:validation/reference/Range.h' contains an error and its package is in error and referenced by '//tests:validation_framework'
ERROR: /data/h445xu/repo/bazel-repos/cloned_repos/ARM-software__ComputeLibrary/tests/BUILD.bazel:26:11: Target '//tests:validation/reference/ReductionOperation.h' contains an error and its package is in error and referenced by '//tests:validation_framework'
ERROR: /data/h445xu/repo/bazel-repos/cloned_repos/ARM-software__ComputeLibrary/tests/BUILD.bazel:26:11: Target '//tests:validation/reference/Reorder.h' contains an error and its package is in error and referenced by '//tests:validation_framework'
ERROR: /data/h445xu/repo/bazel-repos/cloned_repos/ARM-software__ComputeLibrary/tests/BUILD.bazel:26:11: Target '//tests:validation/reference/ReorgLayer.h' contains an error and its package is in error and referenced by '//tests:validation_framework'
ERROR: /data/h445xu/repo/bazel-repos/cloned_repos/ARM-software__ComputeLibrary/tests/BUILD.bazel:26:11: Target '//tests:validation/reference/ReshapeLayer.h' contains an error and its package is in error and referenced by '//tests:validation_framework'
ERROR: /data/h445xu/repo/bazel-repos/cloned_repos/ARM-software__ComputeLibrary/tests/BUILD.bazel:26:11: Target '//tests:validation/reference/Reverse.h' contains an error and its package is in error and referenced by '//tests:validation_framework'
ERROR: /data/h445xu/repo/bazel-repos/cloned_repos/ARM-software__ComputeLibrary/tests/BUILD.bazel:26:11: Target '//tests:validation/reference/Scale.h' contains an error and its package is in error and referenced by '//tests:validation_framework'
ERROR: /data/h445xu/repo/bazel-repos/cloned_repos/ARM-software__ComputeLibrary/tests/BUILD.bazel:26:11: Target '//tests:validation/reference/ScatterLayer.h' contains an error and its package is in error and referenced by '//tests:validation_framework'
ERROR: /data/h445xu/repo/bazel-repos/cloned_repos/ARM-software__ComputeLibrary/tests/BUILD.bazel:26:11: Target '//tests:validation/reference/Select.h' contains an error and its package is in error and referenced by '//tests:validation_framework'
ERROR: /data/h445xu/repo/bazel-repos/cloned_repos/ARM-software__ComputeLibrary/tests/BUILD.bazel:26:11: Target '//tests:validation/reference/SliceOperations.h' contains an error and its package is in error and referenced by '//tests:validation_framework'
ERROR: /data/h445xu/repo/bazel-repos/cloned_repos/ARM-software__ComputeLibrary/tests/BUILD.bazel:26:11: Target '//tests:validation/reference/SoftmaxLayer.h' contains an error and its package is in error and referenced by '//tests:validation_framework'
ERROR: /data/h445xu/repo/bazel-repos/cloned_repos/ARM-software__ComputeLibrary/tests/BUILD.bazel:26:11: Target '//tests:validation/reference/SpaceToBatch.h' contains an error and its package is in error and referenced by '//tests:validation_framework'
ERROR: /data/h445xu/repo/bazel-repos/cloned_repos/ARM-software__ComputeLibrary/tests/BUILD.bazel:26:11: Target '//tests:validation/reference/SpaceToDepth.h' contains an error and its package is in error and referenced by '//tests:validation_framework'
ERROR: /data/h445xu/repo/bazel-repos/cloned_repos/ARM-software__ComputeLibrary/tests/BUILD.bazel:26:11: Target '//tests:validation/reference/StackLayer.h' contains an error and its package is in error and referenced by '//tests:validation_framework'
ERROR: /data/h445xu/repo/bazel-repos/cloned_repos/ARM-software__ComputeLibrary/tests/BUILD.bazel:26:11: Target '//tests:validation/reference/TableLookup.h' contains an error and its package is in error and referenced by '//tests:validation_framework'
ERROR: /data/h445xu/repo/bazel-repos/cloned_repos/ARM-software__ComputeLibrary/tests/BUILD.bazel:26:11: Target '//tests:validation/reference/Tile.h' contains an error and its package is in error and referenced by '//tests:validation_framework'
ERROR: /data/h445xu/repo/bazel-repos/cloned_repos/ARM-software__ComputeLibrary/tests/BUILD.bazel:26:11: Target '//tests:validation/reference/Transpose.h' contains an error and its package is in error and referenced by '//tests:validation_framework'
ERROR: /data/h445xu/repo/bazel-repos/cloned_repos/ARM-software__ComputeLibrary/tests/BUILD.bazel:26:11: Target '//tests:validation/reference/Unstack.h' contains an error and its package is in error and referenced by '//tests:validation_framework'
ERROR: /data/h445xu/repo/bazel-repos/cloned_repos/ARM-software__ComputeLibrary/tests/BUILD.bazel:26:11: Target '//tests:validation/reference/Utils.h' contains an error and its package is in error and referenced by '//tests:validation_framework'
ERROR: /data/h445xu/repo/bazel-repos/cloned_repos/ARM-software__ComputeLibrary/tests/BUILD.bazel:26:11: Target '//tests:validation/reference/UtilsQuantizedAsymm.h' contains an error and its package is in error and referenced by '//tests:validation_framework'
ERROR: /data/h445xu/repo/bazel-repos/cloned_repos/ARM-software__ComputeLibrary/tests/BUILD.bazel:26:11: Target '//tests:validation/reference/WeightsReshape.h' contains an error and its package is in error and referenced by '//tests:validation_framework'
ERROR: /data/h445xu/repo/bazel-repos/cloned_repos/ARM-software__ComputeLibrary/tests/BUILD.bazel:26:11: Target '//tests:validation/reference/Winograd.h' contains an error and its package is in error and referenced by '//tests:validation_framework'
ERROR: /data/h445xu/repo/bazel-repos/cloned_repos/ARM-software__ComputeLibrary/tests/BUILD.bazel:26:11: no such target '//tests/framework:framework': target 'framework' not declared in package 'tests/framework' defined by /data/h445xu/repo/bazel-repos/cloned_repos/ARM-software__ComputeLibrary/tests/framework/BUILD.bazel and referenced by '//tests:validation_framework'
ERROR: /data/h445xu/repo/bazel-repos/cloned_repos/ARM-software__ComputeLibrary/examples/BUILD.bazel:131:10: error loading package '': Unable to find package for @@[unknown repo 'bazel_skylib' requested from @@]//rules:common_settings.bzl: The repository '@@[unknown repo 'bazel_skylib' requested from @@]' could not be resolved: No repository visible as '@bazel_skylib' from main repository. Was the repository introduced in WORKSPACE? The WORKSPACE file is disabled by default in Bazel 8 (late 2024) and will be removed in Bazel 9 (late 2025), please migrate to Bzlmod. See https://bazel.build/external/migration. and referenced by '//examples:graph_alexnet'
ERROR: /data/h445xu/repo/bazel-repos/cloned_repos/ARM-software__ComputeLibrary/examples/BUILD.bazel:131:10: error loading package '': Unable to find package for @@[unknown repo 'bazel_skylib' requested from @@]//rules:common_settings.bzl: The repository '@@[unknown repo 'bazel_skylib' requested from @@]' could not be resolved: No repository visible as '@bazel_skylib' from main repository. Was the repository introduced in WORKSPACE? The WORKSPACE file is disabled by default in Bazel 8 (late 2024) and will be removed in Bazel 9 (late 2025), please migrate to Bzlmod. See https://bazel.build/external/migration. and referenced by '//examples:graph_alexnet'
ERROR: /data/h445xu/repo/bazel-repos/cloned_repos/ARM-software__ComputeLibrary/examples/BUILD.bazel:148:10: error loading package '': Unable to find package for @@[unknown repo 'bazel_skylib' requested from @@]//rules:common_settings.bzl: The repository '@@[unknown repo 'bazel_skylib' requested from @@]' could not be resolved: No repository visible as '@bazel_skylib' from main repository. Was the repository introduced in WORKSPACE? The WORKSPACE file is disabled by default in Bazel 8 (late 2024) and will be removed in Bazel 9 (late 2025), please migrate to Bzlmod. See https://bazel.build/external/migration. and referenced by '//examples:graph_deepspeech_v0_4_1'
ERROR: /data/h445xu/repo/bazel-repos/cloned_repos/ARM-software__ComputeLibrary/examples/BUILD.bazel:148:10: error loading package '': Unable to find package for @@[unknown repo 'bazel_skylib' requested from @@]//rules:common_settings.bzl: The repository '@@[unknown repo 'bazel_skylib' requested from @@]' could not be resolved: No repository visible as '@bazel_skylib' from main repository. Was the repository introduced in WORKSPACE? The WORKSPACE file is disabled by default in Bazel 8 (late 2024) and will be removed in Bazel 9 (late 2025), please migrate to Bzlmod. See https://bazel.build/external/migration. and referenced by '//examples:graph_deepspeech_v0_4_1'
ERROR: /data/h445xu/repo/bazel-repos/cloned_repos/ARM-software__ComputeLibrary/examples/BUILD.bazel:131:10: error loading package '': Unable to find package for @@[unknown repo 'bazel_skylib' requested from @@]//rules:common_settings.bzl: The repository '@@[unknown repo 'bazel_skylib' requested from @@]' could not be resolved: No repository visible as '@bazel_skylib' from main repository. Was the repository introduced in WORKSPACE? The WORKSPACE file is disabled by default in Bazel 8 (late 2024) and will be removed in Bazel 9 (late 2025), please migrate to Bzlmod. See https://bazel.build/external/migration. and referenced by '//examples:graph_alexnet'
ERROR: /data/h445xu/repo/bazel-repos/cloned_repos/ARM-software__ComputeLibrary/examples/BUILD.bazel:131:10: error loading package '': Unable to find package for @@[unknown repo 'bazel_skylib' requested from @@]//rules:common_settings.bzl: The repository '@@[unknown repo 'bazel_skylib' requested from @@]' could not be resolved: No repository visible as '@bazel_skylib' from main repository. Was the repository introduced in WORKSPACE? The WORKSPACE file is disabled by default in Bazel 8 (late 2024) and will be removed in Bazel 9 (late 2025), please migrate to Bzlmod. See https://bazel.build/external/migration. and referenced by '//examples:graph_alexnet'
ERROR: /data/h445xu/repo/bazel-repos/cloned_repos/ARM-software__ComputeLibrary/examples/BUILD.bazel:165:10: error loading package '': Unable to find package for @@[unknown repo 'bazel_skylib' requested from @@]//rules:common_settings.bzl: The repository '@@[unknown repo 'bazel_skylib' requested from @@]' could not be resolved: No repository visible as '@bazel_skylib' from main repository. Was the repository introduced in WORKSPACE? The WORKSPACE file is disabled by default in Bazel 8 (late 2024) and will be removed in Bazel 9 (late 2025), please migrate to Bzlmod. See https://bazel.build/external/migration. and referenced by '//examples:graph_edsr'
ERROR: /data/h445xu/repo/bazel-repos/cloned_repos/ARM-software__ComputeLibrary/examples/BUILD.bazel:148:10: error loading package '': Unable to find package for @@[unknown repo 'bazel_skylib' requested from @@]//rules:common_settings.bzl: The repository '@@[unknown repo 'bazel_skylib' requested from @@]' could not be resolved: No repository visible as '@bazel_skylib' from main repository. Was the repository introduced in WORKSPACE? The WORKSPACE file is disabled by default in Bazel 8 (late 2024) and will be removed in Bazel 9 (late 2025), please migrate to Bzlmod. See https://bazel.build/external/migration. and referenced by '//examples:graph_deepspeech_v0_4_1'
ERROR: /data/h445xu/repo/bazel-repos/cloned_repos/ARM-software__ComputeLibrary/examples/BUILD.bazel:202:10: error loading package '': Unable to find package for @@[unknown repo 'bazel_skylib' requested from @@]//rules:common_settings.bzl: The repository '@@[unknown repo 'bazel_skylib' requested from @@]' could not be resolved: No repository visible as '@bazel_skylib' from main repository. Was the repository introduced in WORKSPACE? The WORKSPACE file is disabled by default in Bazel 8 (late 2024) and will be removed in Bazel 9 (late 2025), please migrate to Bzlmod. See https://bazel.build/external/migration. and referenced by '//examples:graph_inception_resnet_v1'
ERROR: /data/h445xu/repo/bazel-repos/cloned_repos/ARM-software__ComputeLibrary/examples/BUILD.bazel:165:10: error loading package '': Unable to find package for @@[unknown repo 'bazel_skylib' requested from @@]//rules:common_settings.bzl: The repository '@@[unknown repo 'bazel_skylib' requested from @@]' could not be resolved: No repository visible as '@bazel_skylib' from main repository. Was the repository introduced in WORKSPACE? The WORKSPACE file is disabled by default in Bazel 8 (late 2024) and will be removed in Bazel 9 (late 2025), please migrate to Bzlmod. See https://bazel.build/external/migration. and referenced by '//examples:graph_edsr'
ERROR: /data/h445xu/repo/bazel-repos/cloned_repos/ARM-software__ComputeLibrary/examples/BUILD.bazel:165:10: error loading package '': Unable to find package for @@[unknown repo 'bazel_skylib' requested from @@]//rules:common_settings.bzl: The repository '@@[unknown repo 'bazel_skylib' requested from @@]' could not be resolved: No repository visible as '@bazel_skylib' from main repository. Was the repository introduced in WORKSPACE? The WORKSPACE file is disabled by default in Bazel 8 (late 2024) and will be removed in Bazel 9 (late 2025), please migrate to Bzlmod. See https://bazel.build/external/migration. and referenced by '//examples:graph_edsr'
ERROR: /data/h445xu/repo/bazel-repos/cloned_repos/ARM-software__ComputeLibrary/examples/BUILD.bazel:165:10: error loading package '': Unable to find package for @@[unknown repo 'bazel_skylib' requested from @@]//rules:common_settings.bzl: The repository '@@[unknown repo 'bazel_skylib' requested from @@]' could not be resolved: No repository visible as '@bazel_skylib' from main repository. Was the repository introduced in WORKSPACE? The WORKSPACE file is disabled by default in Bazel 8 (late 2024) and will be removed in Bazel 9 (late 2025), please migrate to Bzlmod. See https://bazel.build/external/migration. and referenced by '//examples:graph_edsr'
ERROR: /data/h445xu/repo/bazel-repos/cloned_repos/ARM-software__ComputeLibrary/examples/BUILD.bazel:148:10: error loading package '': Unable to find package for @@[unknown repo 'bazel_skylib' requested from @@]//rules:common_settings.bzl: The repository '@@[unknown repo 'bazel_skylib' requested from @@]' could not be resolved: No repository visible as '@bazel_skylib' from main repository. Was the repository introduced in WORKSPACE? The WORKSPACE file is disabled by default in Bazel 8 (late 2024) and will be removed in Bazel 9 (late 2025), please migrate to Bzlmod. See https://bazel.build/external/migration. and referenced by '//examples:graph_deepspeech_v0_4_1'
ERROR: /data/h445xu/repo/bazel-repos/cloned_repos/ARM-software__ComputeLibrary/examples/BUILD.bazel:185:10: error loading package '': Unable to find package for @@[unknown repo 'bazel_skylib' requested from @@]//rules:common_settings.bzl: The repository '@@[unknown repo 'bazel_skylib' requested from @@]' could not be resolved: No repository visible as '@bazel_skylib' from main repository. Was the repository introduced in WORKSPACE? The WORKSPACE file is disabled by default in Bazel 8 (late 2024) and will be removed in Bazel 9 (late 2025), please migrate to Bzlmod. See https://bazel.build/external/migration. and referenced by '//examples:graph_googlenet'
ERROR: /data/h445xu/repo/bazel-repos/cloned_repos/ARM-software__ComputeLibrary/examples/BUILD.bazel:236:10: error loading package '': Unable to find package for @@[unknown repo 'bazel_skylib' requested from @@]//rules:common_settings.bzl: The repository '@@[unknown repo 'bazel_skylib' requested from @@]' could not be resolved: No repository visible as '@bazel_skylib' from main repository. Was the repository introduced in WORKSPACE? The WORKSPACE file is disabled by default in Bazel 8 (late 2024) and will be removed in Bazel 9 (late 2025), please migrate to Bzlmod. See https://bazel.build/external/migration. and referenced by '//examples:graph_inception_v3'
ERROR: /data/h445xu/repo/bazel-repos/cloned_repos/ARM-software__ComputeLibrary/examples/BUILD.bazel:185:10: error loading package '': Unable to find package for @@[unknown repo 'bazel_skylib' requested from @@]//rules:common_settings.bzl: The repository '@@[unknown repo 'bazel_skylib' requested from @@]' could not be resolved: No repository visible as '@bazel_skylib' from main repository. Was the repository introduced in WORKSPACE? The WORKSPACE file is disabled by default in Bazel 8 (late 2024) and will be removed in Bazel 9 (late 2025), please migrate to Bzlmod. See https://bazel.build/external/migration. and referenced by '//examples:graph_googlenet'
ERROR: /data/h445xu/repo/bazel-repos/cloned_repos/ARM-software__ComputeLibrary/examples/BUILD.bazel:270:10: error loading package '': Unable to find package for @@[unknown repo 'bazel_skylib' requested from @@]//rules:common_settings.bzl: The repository '@@[unknown repo 'bazel_skylib' requested from @@]' could not be resolved: No repository visible as '@bazel_skylib' from main repository. Was the repository introduced in WORKSPACE? The WORKSPACE file is disabled by default in Bazel 8 (late 2024) and will be removed in Bazel 9 (late 2025), please migrate to Bzlmod. See https://bazel.build/external/migration. and referenced by '//examples:graph_lenet'
ERROR: /data/h445xu/repo/bazel-repos/cloned_repos/ARM-software__ComputeLibrary/examples/BUILD.bazel:202:10: error loading package '': Unable to find package for @@[unknown repo 'bazel_skylib' requested from @@]//rules:common_settings.bzl: The repository '@@[unknown repo 'bazel_skylib' requested from @@]' could not be resolved: No repository visible as '@bazel_skylib' from main repository. Was the repository introduced in WORKSPACE? The WORKSPACE file is disabled by default in Bazel 8 (late 2024) and will be removed in Bazel 9 (late 2025), please migrate to Bzlmod. See https://bazel.build/external/migration. and referenced by '//examples:graph_inception_resnet_v1'
ERROR: /data/h445xu/repo/bazel-repos/cloned_repos/ARM-software__ComputeLibrary/examples/BUILD.bazel:202:10: error loading package '': Unable to find package for @@[unknown repo 'bazel_skylib' requested from @@]//rules:common_settings.bzl: The repository '@@[unknown repo 'bazel_skylib' requested from @@]' could not be resolved: No repository visible as '@bazel_skylib' from main repository. Was the repository introduced in WORKSPACE? The WORKSPACE file is disabled by default in Bazel 8 (late 2024) and will be removed in Bazel 9 (late 2025), please migrate to Bzlmod. See https://bazel.build/external/migration. and referenced by '//examples:graph_inception_resnet_v1'
ERROR: /data/h445xu/repo/bazel-repos/cloned_repos/ARM-software__ComputeLibrary/examples/BUILD.bazel:287:10: error loading package '': Unable to find package for @@[unknown repo 'bazel_skylib' requested from @@]//rules:common_settings.bzl: The repository '@@[unknown repo 'bazel_skylib' requested from @@]' could not be resolved: No repository visible as '@bazel_skylib' from main repository. Was the repository introduced in WORKSPACE? The WORKSPACE file is disabled by default in Bazel 8 (late 2024) and will be removed in Bazel 9 (late 2025), please migrate to Bzlmod. See https://bazel.build/external/migration. and referenced by '//examples:graph_mobilenet'
ERROR: /data/h445xu/repo/bazel-repos/cloned_repos/ARM-software__ComputeLibrary/examples/BUILD.bazel:253:10: error loading package '': Unable to find package for @@[unknown repo 'bazel_skylib' requested from @@]//rules:common_settings.bzl: The repository '@@[unknown repo 'bazel_skylib' requested from @@]' could not be resolved: No repository visible as '@bazel_skylib' from main repository. Was the repository introduced in WORKSPACE? The WORKSPACE file is disabled by default in Bazel 8 (late 2024) and will be removed in Bazel 9 (late 2025), please migrate to Bzlmod. See https://bazel.build/external/migration. and referenced by '//examples:graph_inception_v4'
ERROR: /data/h445xu/repo/bazel-repos/cloned_repos/ARM-software__ComputeLibrary/examples/BUILD.bazel:457:10: error loading package '': Unable to find package for @@[unknown repo 'bazel_skylib' requested from @@]//rules:common_settings.bzl: The repository '@@[unknown repo 'bazel_skylib' requested from @@]' could not be resolved: No repository visible as '@bazel_skylib' from main repository. Was the repository introduced in WORKSPACE? The WORKSPACE file is disabled by default in Bazel 8 (late 2024) and will be removed in Bazel 9 (late 2025), please migrate to Bzlmod. See https://bazel.build/external/migration. and referenced by '//examples:graph_ssd_mobilenet'
ERROR: /data/h445xu/repo/bazel-repos/cloned_repos/ARM-software__ComputeLibrary/examples/BUILD.bazel:43:10: error loading package '': Unable to find package for @@[unknown repo 'bazel_skylib' requested from @@]//rules:common_settings.bzl: The repository '@@[unknown repo 'bazel_skylib' requested from @@]' could not be resolved: No repository visible as '@bazel_skylib' from main repository. Was the repository introduced in WORKSPACE? The WORKSPACE file is disabled by default in Bazel 8 (late 2024) and will be removed in Bazel 9 (late 2025), please migrate to Bzlmod. See https://bazel.build/external/migration. and referenced by '//examples:neon_copy_objects'
ERROR: /data/h445xu/repo/bazel-repos/cloned_repos/ARM-software__ComputeLibrary/examples/BUILD.bazel:43:10: error loading package '': Unable to find package for @@[unknown repo 'bazel_skylib' requested from @@]//rules:common_settings.bzl: The repository '@@[unknown repo 'bazel_skylib' requested from @@]' could not be resolved: No repository visible as '@bazel_skylib' from main repository. Was the repository introduced in WORKSPACE? The WORKSPACE file is disabled by default in Bazel 8 (late 2024) and will be removed in Bazel 9 (late 2025), please migrate to Bzlmod. See https://bazel.build/external/migration. and referenced by '//examples:neon_copy_objects'
ERROR: /data/h445xu/repo/bazel-repos/cloned_repos/ARM-software__ComputeLibrary/examples/BUILD.bazel:43:10: error loading package '': Unable to find package for @@[unknown repo 'bazel_skylib' requested from @@]//rules:common_settings.bzl: The repository '@@[unknown repo 'bazel_skylib' requested from @@]' could not be resolved: No repository visible as '@bazel_skylib' from main repository. Was the repository introduced in WORKSPACE? The WORKSPACE file is disabled by default in Bazel 8 (late 2024) and will be removed in Bazel 9 (late 2025), please migrate to Bzlmod. See https://bazel.build/external/migration. and referenced by '//examples:neon_copy_objects'
ERROR: /data/h445xu/repo/bazel-repos/cloned_repos/ARM-software__ComputeLibrary/examples/BUILD.bazel:60:10: error loading package '': Unable to find package for @@[unknown repo 'bazel_skylib' requested from @@]//rules:common_settings.bzl: The repository '@@[unknown repo 'bazel_skylib' requested from @@]' could not be resolved: No repository visible as '@bazel_skylib' from main repository. Was the repository introduced in WORKSPACE? The WORKSPACE file is disabled by default in Bazel 8 (late 2024) and will be removed in Bazel 9 (late 2025), please migrate to Bzlmod. See https://bazel.build/external/migration. and referenced by '//examples:neon_gemm_qasymm8'
ERROR: /data/h445xu/repo/bazel-repos/cloned_repos/ARM-software__ComputeLibrary/examples/BUILD.bazel:60:10: error loading package '': Unable to find package for @@[unknown repo 'bazel_skylib' requested from @@]//rules:common_settings.bzl: The repository '@@[unknown repo 'bazel_skylib' requested from @@]' could not be resolved: No repository visible as '@bazel_skylib' from main repository. Was the repository introduced in WORKSPACE? The WORKSPACE file is disabled by default in Bazel 8 (late 2024) and will be removed in Bazel 9 (late 2025), please migrate to Bzlmod. See https://bazel.build/external/migration. and referenced by '//examples:neon_gemm_qasymm8'
ERROR: /data/h445xu/repo/bazel-repos/cloned_repos/ARM-software__ComputeLibrary/examples/BUILD.bazel:440:10: error loading package '': Unable to find package for @@[unknown repo 'bazel_skylib' requested from @@]//rules:common_settings.bzl: The repository '@@[unknown repo 'bazel_skylib' requested from @@]' could not be resolved: No repository visible as '@bazel_skylib' from main repository. Was the repository introduced in WORKSPACE? The WORKSPACE file is disabled by default in Bazel 8 (late 2024) and will be removed in Bazel 9 (late 2025), please migrate to Bzlmod. See https://bazel.build/external/migration. and referenced by '//examples:graph_srcnn955'
ERROR: /data/h445xu/repo/bazel-repos/cloned_repos/ARM-software__ComputeLibrary/examples/BUILD.bazel:77:10: error loading package '': Unable to find package for @@[unknown repo 'bazel_skylib' requested from @@]//rules:common_settings.bzl: The repository '@@[unknown repo 'bazel_skylib' requested from @@]' could not be resolved: No repository visible as '@bazel_skylib' from main repository. Was the repository introduced in WORKSPACE? The WORKSPACE file is disabled by default in Bazel 8 (late 2024) and will be removed in Bazel 9 (late 2025), please migrate to Bzlmod. See https://bazel.build/external/migration. and referenced by '//examples:neon_permute'
ERROR: /data/h445xu/repo/bazel-repos/cloned_repos/ARM-software__ComputeLibrary/examples/BUILD.bazel:77:10: error loading package '': Unable to find package for @@[unknown repo 'bazel_skylib' requested from @@]//rules:common_settings.bzl: The repository '@@[unknown repo 'bazel_skylib' requested from @@]' could not be resolved: No repository visible as '@bazel_skylib' from main repository. Was the repository introduced in WORKSPACE? The WORKSPACE file is disabled by default in Bazel 8 (late 2024) and will be removed in Bazel 9 (late 2025), please migrate to Bzlmod. See https://bazel.build/external/migration. and referenced by '//examples:neon_permute'
ERROR: /data/h445xu/repo/bazel-repos/cloned_repos/ARM-software__ComputeLibrary/examples/BUILD.bazel:77:10: error loading package '': Unable to find package for @@[unknown repo 'bazel_skylib' requested from @@]//rules:common_settings.bzl: The repository '@@[unknown repo 'bazel_skylib' requested from @@]' could not be resolved: No repository visible as '@bazel_skylib' from main repository. Was the repository introduced in WORKSPACE? The WORKSPACE file is disabled by default in Bazel 8 (late 2024) and will be removed in Bazel 9 (late 2025), please migrate to Bzlmod. See https://bazel.build/external/migration. and referenced by '//examples:neon_permute'
ERROR: /data/h445xu/repo/bazel-repos/cloned_repos/ARM-software__ComputeLibrary/examples/BUILD.bazel:77:10: error loading package '': Unable to find package for @@[unknown repo 'bazel_skylib' requested from @@]//rules:common_settings.bzl: The repository '@@[unknown repo 'bazel_skylib' requested from @@]' could not be resolved: No repository visible as '@bazel_skylib' from main repository. Was the repository introduced in WORKSPACE? The WORKSPACE file is disabled by default in Bazel 8 (late 2024) and will be removed in Bazel 9 (late 2025), please migrate to Bzlmod. See https://bazel.build/external/migration. and referenced by '//examples:neon_permute'
ERROR: /data/h445xu/repo/bazel-repos/cloned_repos/ARM-software__ComputeLibrary/examples/BUILD.bazel:94:10: error loading package '': Unable to find package for @@[unknown repo 'bazel_skylib' requested from @@]//rules:common_settings.bzl: The repository '@@[unknown repo 'bazel_skylib' requested from @@]' could not be resolved: No repository visible as '@bazel_skylib' from main repository. Was the repository introduced in WORKSPACE? The WORKSPACE file is disabled by default in Bazel 8 (late 2024) and will be removed in Bazel 9 (late 2025), please migrate to Bzlmod. See https://bazel.build/external/migration. and referenced by '//examples:neon_scale'
ERROR: /data/h445xu/repo/bazel-repos/cloned_repos/ARM-software__ComputeLibrary/examples/BUILD.bazel:94:10: error loading package '': Unable to find package for @@[unknown repo 'bazel_skylib' requested from @@]//rules:common_settings.bzl: The repository '@@[unknown repo 'bazel_skylib' requested from @@]' could not be resolved: No repository visible as '@bazel_skylib' from main repository. Was the repository introduced in WORKSPACE? The WORKSPACE file is disabled by default in Bazel 8 (late 2024) and will be removed in Bazel 9 (late 2025), please migrate to Bzlmod. See https://bazel.build/external/migration. and referenced by '//examples:neon_scale'
ERROR: /data/h445xu/repo/bazel-repos/cloned_repos/ARM-software__ComputeLibrary/examples/BUILD.bazel:94:10: error loading package '': Unable to find package for @@[unknown repo 'bazel_skylib' requested from @@]//rules:common_settings.bzl: The repository '@@[unknown repo 'bazel_skylib' requested from @@]' could not be resolved: No repository visible as '@bazel_skylib' from main repository. Was the repository introduced in WORKSPACE? The WORKSPACE file is disabled by default in Bazel 8 (late 2024) and will be removed in Bazel 9 (late 2025), please migrate to Bzlmod. See https://bazel.build/external/migration. and referenced by '//examples:neon_scale'
ERROR: /data/h445xu/repo/bazel-repos/cloned_repos/ARM-software__ComputeLibrary/examples/BUILD.bazel:94:10: error loading package '': Unable to find package for @@[unknown repo 'bazel_skylib' requested from @@]//rules:common_settings.bzl: The repository '@@[unknown repo 'bazel_skylib' requested from @@]' could not be resolved: No repository visible as '@bazel_skylib' from main repository. Was the repository introduced in WORKSPACE? The WORKSPACE file is disabled by default in Bazel 8 (late 2024) and will be removed in Bazel 9 (late 2025), please migrate to Bzlmod. See https://bazel.build/external/migration. and referenced by '//examples:neon_scale'
ERROR: /data/h445xu/repo/bazel-repos/cloned_repos/ARM-software__ComputeLibrary/examples/BUILD.bazel:111:10: error loading package '': Unable to find package for @@[unknown repo 'bazel_skylib' requested from @@]//rules:common_settings.bzl: The repository '@@[unknown repo 'bazel_skylib' requested from @@]' could not be resolved: No repository visible as '@bazel_skylib' from main repository. Was the repository introduced in WORKSPACE? The WORKSPACE file is disabled by default in Bazel 8 (late 2024) and will be removed in Bazel 9 (late 2025), please migrate to Bzlmod. See https://bazel.build/external/migration. and referenced by '//examples:neon_sgemm'
ERROR: /data/h445xu/repo/bazel-repos/cloned_repos/ARM-software__ComputeLibrary/examples/BUILD.bazel:111:10: error loading package '': Unable to find package for @@[unknown repo 'bazel_skylib' requested from @@]//rules:common_settings.bzl: The repository '@@[unknown repo 'bazel_skylib' requested from @@]' could not be resolved: No repository visible as '@bazel_skylib' from main repository. Was the repository introduced in WORKSPACE? The WORKSPACE file is disabled by default in Bazel 8 (late 2024) and will be removed in Bazel 9 (late 2025), please migrate to Bzlmod. See https://bazel.build/external/migration. and referenced by '//examples:neon_sgemm'
ERROR: /data/h445xu/repo/bazel-repos/cloned_repos/ARM-software__ComputeLibrary/examples/BUILD.bazel:111:10: error loading package '': Unable to find package for @@[unknown repo 'bazel_skylib' requested from @@]//rules:common_settings.bzl: The repository '@@[unknown repo 'bazel_skylib' requested from @@]' could not be resolved: No repository visible as '@bazel_skylib' from main repository. Was the repository introduced in WORKSPACE? The WORKSPACE file is disabled by default in Bazel 8 (late 2024) and will be removed in Bazel 9 (late 2025), please migrate to Bzlmod. See https://bazel.build/external/migration. and referenced by '//examples:neon_sgemm'
ERROR: /data/h445xu/repo/bazel-repos/cloned_repos/ARM-software__ComputeLibrary/examples/BUILD.bazel:111:10: error loading package '': Unable to find package for @@[unknown repo 'bazel_skylib' requested from @@]//rules:common_settings.bzl: The repository '@@[unknown repo 'bazel_skylib' requested from @@]' could not be resolved: No repository visible as '@bazel_skylib' from main repository. Was the repository introduced in WORKSPACE? The WORKSPACE file is disabled by default in Bazel 8 (late 2024) and will be removed in Bazel 9 (late 2025), please migrate to Bzlmod. See https://bazel.build/external/migration. and referenced by '//examples:neon_sgemm'
ERROR: /data/h445xu/repo/bazel-repos/cloned_repos/ARM-software__ComputeLibrary/tests/BUILD.bazel:26:11: error loading package '': Unable to find package for @@[unknown repo 'bazel_skylib' requested from @@]//rules:common_settings.bzl: The repository '@@[unknown repo 'bazel_skylib' requested from @@]' could not be resolved: No repository visible as '@bazel_skylib' from main repository. Was the repository introduced in WORKSPACE? The WORKSPACE file is disabled by default in Bazel 8 (late 2024) and will be removed in Bazel 9 (late 2025), please migrate to Bzlmod. See https://bazel.build/external/migration. and referenced by '//tests:validation_framework'
ERROR: /data/h445xu/repo/bazel-repos/cloned_repos/ARM-software__ComputeLibrary/tests/BUILD.bazel:26:11: error loading package '': Unable to find package for @@[unknown repo 'bazel_skylib' requested from @@]//rules:common_settings.bzl: The repository '@@[unknown repo 'bazel_skylib' requested from @@]' could not be resolved: No repository visible as '@bazel_skylib' from main repository. Was the repository introduced in WORKSPACE? The WORKSPACE file is disabled by default in Bazel 8 (late 2024) and will be removed in Bazel 9 (late 2025), please migrate to Bzlmod. See https://bazel.build/external/migration. and referenced by '//tests:validation_framework'
ERROR: /data/h445xu/repo/bazel-repos/cloned_repos/ARM-software__ComputeLibrary/tests/BUILD.bazel:26:11: error loading package '': Unable to find package for @@[unknown repo 'bazel_skylib' requested from @@]//rules:common_settings.bzl: The repository '@@[unknown repo 'bazel_skylib' requested from @@]' could not be resolved: No repository visible as '@bazel_skylib' from main repository. Was the repository introduced in WORKSPACE? The WORKSPACE file is disabled by default in Bazel 8 (late 2024) and will be removed in Bazel 9 (late 2025), please migrate to Bzlmod. See https://bazel.build/external/migration. and referenced by '//tests:validation_framework'
ERROR: /data/h445xu/repo/bazel-repos/cloned_repos/ARM-software__ComputeLibrary/tests/BUILD.bazel:26:11: error loading package '': Unable to find package for @@[unknown repo 'bazel_skylib' requested from @@]//rules:common_settings.bzl: The repository '@@[unknown repo 'bazel_skylib' requested from @@]' could not be resolved: No repository visible as '@bazel_skylib' from main repository. Was the repository introduced in WORKSPACE? The WORKSPACE file is disabled by default in Bazel 8 (late 2024) and will be removed in Bazel 9 (late 2025), please migrate to Bzlmod. See https://bazel.build/external/migration. and referenced by '//tests:validation_framework'
ERROR: /data/h445xu/repo/bazel-repos/cloned_repos/ARM-software__ComputeLibrary/tests/BUILD.bazel:26:11: error loading package '': Unable to find package for @@[unknown repo 'bazel_skylib' requested from @@]//rules:common_settings.bzl: The repository '@@[unknown repo 'bazel_skylib' requested from @@]' could not be resolved: No repository visible as '@bazel_skylib' from main repository. Was the repository introduced in WORKSPACE? The WORKSPACE file is disabled by default in Bazel 8 (late 2024) and will be removed in Bazel 9 (late 2025), please migrate to Bzlmod. See https://bazel.build/external/migration. and referenced by '//tests:validation_framework'
ERROR: /data/h445xu/repo/bazel-repos/cloned_repos/ARM-software__ComputeLibrary/tests/BUILD.bazel:26:11: error loading package '': Unable to find package for @@[unknown repo 'bazel_skylib' requested from @@]//rules:common_settings.bzl: The repository '@@[unknown repo 'bazel_skylib' requested from @@]' could not be resolved: No repository visible as '@bazel_skylib' from main repository. Was the repository introduced in WORKSPACE? The WORKSPACE file is disabled by default in Bazel 8 (late 2024) and will be removed in Bazel 9 (late 2025), please migrate to Bzlmod. See https://bazel.build/external/migration. and referenced by '//tests:validation_framework'
ERROR: /data/h445xu/repo/bazel-repos/cloned_repos/ARM-software__ComputeLibrary/tests/BUILD.bazel:26:11: error loading package '': Unable to find package for @@[unknown repo 'bazel_skylib' requested from @@]//rules:common_settings.bzl: The repository '@@[unknown repo 'bazel_skylib' requested from @@]' could not be resolved: No repository visible as '@bazel_skylib' from main repository. Was the repository introduced in WORKSPACE? The WORKSPACE file is disabled by default in Bazel 8 (late 2024) and will be removed in Bazel 9 (late 2025), please migrate to Bzlmod. See https://bazel.build/external/migration. and referenced by '//tests:validation_framework'
ERROR: /data/h445xu/repo/bazel-repos/cloned_repos/ARM-software__ComputeLibrary/tests/BUILD.bazel:26:11: no such target '//tests/framework:framework': target 'framework' not declared in package 'tests/framework' defined by /data/h445xu/repo/bazel-repos/cloned_repos/ARM-software__ComputeLibrary/tests/framework/BUILD.bazel and referenced by '//tests:validation_framework'
ERROR: /data/h445xu/repo/bazel-repos/cloned_repos/ARM-software__ComputeLibrary/examples/BUILD.bazel:219:10: error loading package '': Unable to find package for @@[unknown repo 'bazel_skylib' requested from @@]//rules:common_settings.bzl: The repository '@@[unknown repo 'bazel_skylib' requested from @@]' could not be resolved: No repository visible as '@bazel_skylib' from main repository. Was the repository introduced in WORKSPACE? The WORKSPACE file is disabled by default in Bazel 8 (late 2024) and will be removed in Bazel 9 (late 2025), please migrate to Bzlmod. See https://bazel.build/external/migration. and referenced by '//examples:graph_inception_resnet_v2'
ERROR: /data/h445xu/repo/bazel-repos/cloned_repos/ARM-software__ComputeLibrary/examples/BUILD.bazel:372:10: error loading package '': Unable to find package for @@[unknown repo 'bazel_skylib' requested from @@]//rules:common_settings.bzl: The repository '@@[unknown repo 'bazel_skylib' requested from @@]' could not be resolved: No repository visible as '@bazel_skylib' from main repository. Was the repository introduced in WORKSPACE? The WORKSPACE file is disabled by default in Bazel 8 (late 2024) and will be removed in Bazel 9 (late 2025), please migrate to Bzlmod. See https://bazel.build/external/migration. and referenced by '//examples:graph_resnext50'
ERROR: /data/h445xu/repo/bazel-repos/cloned_repos/ARM-software__ComputeLibrary/examples/BUILD.bazel:440:10: error loading package '': Unable to find package for @@[unknown repo 'bazel_skylib' requested from @@]//rules:common_settings.bzl: The repository '@@[unknown repo 'bazel_skylib' requested from @@]' could not be resolved: No repository visible as '@bazel_skylib' from main repository. Was the repository introduced in WORKSPACE? The WORKSPACE file is disabled by default in Bazel 8 (late 2024) and will be removed in Bazel 9 (late 2025), please migrate to Bzlmod. See https://bazel.build/external/migration. and referenced by '//examples:graph_srcnn955'
ERROR: /data/h445xu/repo/bazel-repos/cloned_repos/ARM-software__ComputeLibrary/examples/BUILD.bazel:440:10: error loading package '': Unable to find package for @@[unknown repo 'bazel_skylib' requested from @@]//rules:common_settings.bzl: The repository '@@[unknown repo 'bazel_skylib' requested from @@]' could not be resolved: No repository visible as '@bazel_skylib' from main repository. Was the repository introduced in WORKSPACE? The WORKSPACE file is disabled by default in Bazel 8 (late 2024) and will be removed in Bazel 9 (late 2025), please migrate to Bzlmod. See https://bazel.build/external/migration. and referenced by '//examples:graph_srcnn955'
ERROR: /data/h445xu/repo/bazel-repos/cloned_repos/ARM-software__ComputeLibrary/examples/BUILD.bazel:304:10: error loading package '': Unable to find package for @@[unknown repo 'bazel_skylib' requested from @@]//rules:common_settings.bzl: The repository '@@[unknown repo 'bazel_skylib' requested from @@]' could not be resolved: No repository visible as '@bazel_skylib' from main repository. Was the repository introduced in WORKSPACE? The WORKSPACE file is disabled by default in Bazel 8 (late 2024) and will be removed in Bazel 9 (late 2025), please migrate to Bzlmod. See https://bazel.build/external/migration. and referenced by '//examples:graph_mobilenet_v2'
ERROR: /data/h445xu/repo/bazel-repos/cloned_repos/ARM-software__ComputeLibrary/examples/BUILD.bazel:304:10: error loading package '': Unable to find package for @@[unknown repo 'bazel_skylib' requested from @@]//rules:common_settings.bzl: The repository '@@[unknown repo 'bazel_skylib' requested from @@]' could not be resolved: No repository visible as '@bazel_skylib' from main repository. Was the repository introduced in WORKSPACE? The WORKSPACE file is disabled by default in Bazel 8 (late 2024) and will be removed in Bazel 9 (late 2025), please migrate to Bzlmod. See https://bazel.build/external/migration. and referenced by '//examples:graph_mobilenet_v2'
ERROR: /data/h445xu/repo/bazel-repos/cloned_repos/ARM-software__ComputeLibrary/examples/BUILD.bazel:440:10: error loading package '': Unable to find package for @@[unknown repo 'bazel_skylib' requested from @@]//rules:common_settings.bzl: The repository '@@[unknown repo 'bazel_skylib' requested from @@]' could not be resolved: No repository visible as '@bazel_skylib' from main repository. Was the repository introduced in WORKSPACE? The WORKSPACE file is disabled by default in Bazel 8 (late 2024) and will be removed in Bazel 9 (late 2025), please migrate to Bzlmod. See https://bazel.build/external/migration. and referenced by '//examples:graph_srcnn955'
ERROR: /data/h445xu/repo/bazel-repos/cloned_repos/ARM-software__ComputeLibrary/examples/BUILD.bazel:423:10: error loading package '': Unable to find package for @@[unknown repo 'bazel_skylib' requested from @@]//rules:common_settings.bzl: The repository '@@[unknown repo 'bazel_skylib' requested from @@]' could not be resolved: No repository visible as '@bazel_skylib' from main repository. Was the repository introduced in WORKSPACE? The WORKSPACE file is disabled by default in Bazel 8 (late 2024) and will be removed in Bazel 9 (late 2025), please migrate to Bzlmod. See https://bazel.build/external/migration. and referenced by '//examples:graph_squeezenet_v1_1'
ERROR: /data/h445xu/repo/bazel-repos/cloned_repos/ARM-software__ComputeLibrary/examples/BUILD.bazel:423:10: error loading package '': Unable to find package for @@[unknown repo 'bazel_skylib' requested from @@]//rules:common_settings.bzl: The repository '@@[unknown repo 'bazel_skylib' requested from @@]' could not be resolved: No repository visible as '@bazel_skylib' from main repository. Was the repository introduced in WORKSPACE? The WORKSPACE file is disabled by default in Bazel 8 (late 2024) and will be removed in Bazel 9 (late 2025), please migrate to Bzlmod. See https://bazel.build/external/migration. and referenced by '//examples:graph_squeezenet_v1_1'
ERROR: /data/h445xu/repo/bazel-repos/cloned_repos/ARM-software__ComputeLibrary/examples/BUILD.bazel:287:10: error loading package '': Unable to find package for @@[unknown repo 'bazel_skylib' requested from @@]//rules:common_settings.bzl: The repository '@@[unknown repo 'bazel_skylib' requested from @@]' could not be resolved: No repository visible as '@bazel_skylib' from main repository. Was the repository introduced in WORKSPACE? The WORKSPACE file is disabled by default in Bazel 8 (late 2024) and will be removed in Bazel 9 (late 2025), please migrate to Bzlmod. See https://bazel.build/external/migration. and referenced by '//examples:graph_mobilenet'
ERROR: /data/h445xu/repo/bazel-repos/cloned_repos/ARM-software__ComputeLibrary/examples/BUILD.bazel:287:10: error loading package '': Unable to find package for @@[unknown repo 'bazel_skylib' requested from @@]//rules:common_settings.bzl: The repository '@@[unknown repo 'bazel_skylib' requested from @@]' could not be resolved: No repository visible as '@bazel_skylib' from main repository. Was the repository introduced in WORKSPACE? The WORKSPACE file is disabled by default in Bazel 8 (late 2024) and will be removed in Bazel 9 (late 2025), please migrate to Bzlmod. See https://bazel.build/external/migration. and referenced by '//examples:graph_mobilenet'
ERROR: /data/h445xu/repo/bazel-repos/cloned_repos/ARM-software__ComputeLibrary/examples/BUILD.bazel:287:10: error loading package '': Unable to find package for @@[unknown repo 'bazel_skylib' requested from @@]//rules:common_settings.bzl: The repository '@@[unknown repo 'bazel_skylib' requested from @@]' could not be resolved: No repository visible as '@bazel_skylib' from main repository. Was the repository introduced in WORKSPACE? The WORKSPACE file is disabled by default in Bazel 8 (late 2024) and will be removed in Bazel 9 (late 2025), please migrate to Bzlmod. See https://bazel.build/external/migration. and referenced by '//examples:graph_mobilenet'
ERROR: /data/h445xu/repo/bazel-repos/cloned_repos/ARM-software__ComputeLibrary/examples/BUILD.bazel:202:10: error loading package '': Unable to find package for @@[unknown repo 'bazel_skylib' requested from @@]//rules:common_settings.bzl: The repository '@@[unknown repo 'bazel_skylib' requested from @@]' could not be resolved: No repository visible as '@bazel_skylib' from main repository. Was the repository introduced in WORKSPACE? The WORKSPACE file is disabled by default in Bazel 8 (late 2024) and will be removed in Bazel 9 (late 2025), please migrate to Bzlmod. See https://bazel.build/external/migration. and referenced by '//examples:graph_inception_resnet_v1'
ERROR: /data/h445xu/repo/bazel-repos/cloned_repos/ARM-software__ComputeLibrary/examples/BUILD.bazel:406:10: error loading package '': Unable to find package for @@[unknown repo 'bazel_skylib' requested from @@]//rules:common_settings.bzl: The repository '@@[unknown repo 'bazel_skylib' requested from @@]' could not be resolved: No repository visible as '@bazel_skylib' from main repository. Was the repository introduced in WORKSPACE? The WORKSPACE file is disabled by default in Bazel 8 (late 2024) and will be removed in Bazel 9 (late 2025), please migrate to Bzlmod. See https://bazel.build/external/migration. and referenced by '//examples:graph_squeezenet'
ERROR: /data/h445xu/repo/bazel-repos/cloned_repos/ARM-software__ComputeLibrary/examples/BUILD.bazel:389:10: error loading package '': Unable to find package for @@[unknown repo 'bazel_skylib' requested from @@]//rules:common_settings.bzl: The repository '@@[unknown repo 'bazel_skylib' requested from @@]' could not be resolved: No repository visible as '@bazel_skylib' from main repository. Was the repository introduced in WORKSPACE? The WORKSPACE file is disabled by default in Bazel 8 (late 2024) and will be removed in Bazel 9 (late 2025), please migrate to Bzlmod. See https://bazel.build/external/migration. and referenced by '//examples:graph_shufflenet'
ERROR: /data/h445xu/repo/bazel-repos/cloned_repos/ARM-software__ComputeLibrary/examples/BUILD.bazel:270:10: error loading package '': Unable to find package for @@[unknown repo 'bazel_skylib' requested from @@]//rules:common_settings.bzl: The repository '@@[unknown repo 'bazel_skylib' requested from @@]' could not be resolved: No repository visible as '@bazel_skylib' from main repository. Was the repository introduced in WORKSPACE? The WORKSPACE file is disabled by default in Bazel 8 (late 2024) and will be removed in Bazel 9 (late 2025), please migrate to Bzlmod. See https://bazel.build/external/migration. and referenced by '//examples:graph_lenet'
ERROR: /data/h445xu/repo/bazel-repos/cloned_repos/ARM-software__ComputeLibrary/examples/BUILD.bazel:270:10: error loading package '': Unable to find package for @@[unknown repo 'bazel_skylib' requested from @@]//rules:common_settings.bzl: The repository '@@[unknown repo 'bazel_skylib' requested from @@]' could not be resolved: No repository visible as '@bazel_skylib' from main repository. Was the repository introduced in WORKSPACE? The WORKSPACE file is disabled by default in Bazel 8 (late 2024) and will be removed in Bazel 9 (late 2025), please migrate to Bzlmod. See https://bazel.build/external/migration. and referenced by '//examples:graph_lenet'
ERROR: /data/h445xu/repo/bazel-repos/cloned_repos/ARM-software__ComputeLibrary/examples/BUILD.bazel:270:10: error loading package '': Unable to find package for @@[unknown repo 'bazel_skylib' requested from @@]//rules:common_settings.bzl: The repository '@@[unknown repo 'bazel_skylib' requested from @@]' could not be resolved: No repository visible as '@bazel_skylib' from main repository. Was the repository introduced in WORKSPACE? The WORKSPACE file is disabled by default in Bazel 8 (late 2024) and will be removed in Bazel 9 (late 2025), please migrate to Bzlmod. See https://bazel.build/external/migration. and referenced by '//examples:graph_lenet'
ERROR: /data/h445xu/repo/bazel-repos/cloned_repos/ARM-software__ComputeLibrary/examples/BUILD.bazel:372:10: error loading package '': Unable to find package for @@[unknown repo 'bazel_skylib' requested from @@]//rules:common_settings.bzl: The repository '@@[unknown repo 'bazel_skylib' requested from @@]' could not be resolved: No repository visible as '@bazel_skylib' from main repository. Was the repository introduced in WORKSPACE? The WORKSPACE file is disabled by default in Bazel 8 (late 2024) and will be removed in Bazel 9 (late 2025), please migrate to Bzlmod. See https://bazel.build/external/migration. and referenced by '//examples:graph_resnext50'
ERROR: /data/h445xu/repo/bazel-repos/cloned_repos/ARM-software__ComputeLibrary/examples/BUILD.bazel:253:10: error loading package '': Unable to find package for @@[unknown repo 'bazel_skylib' requested from @@]//rules:common_settings.bzl: The repository '@@[unknown repo 'bazel_skylib' requested from @@]' could not be resolved: No repository visible as '@bazel_skylib' from main repository. Was the repository introduced in WORKSPACE? The WORKSPACE file is disabled by default in Bazel 8 (late 2024) and will be removed in Bazel 9 (late 2025), please migrate to Bzlmod. See https://bazel.build/external/migration. and referenced by '//examples:graph_inception_v4'
ERROR: /data/h445xu/repo/bazel-repos/cloned_repos/ARM-software__ComputeLibrary/examples/BUILD.bazel:253:10: error loading package '': Unable to find package for @@[unknown repo 'bazel_skylib' requested from @@]//rules:common_settings.bzl: The repository '@@[unknown repo 'bazel_skylib' requested from @@]' could not be resolved: No repository visible as '@bazel_skylib' from main repository. Was the repository introduced in WORKSPACE? The WORKSPACE file is disabled by default in Bazel 8 (late 2024) and will be removed in Bazel 9 (late 2025), please migrate to Bzlmod. See https://bazel.build/external/migration. and referenced by '//examples:graph_inception_v4'
ERROR: /data/h445xu/repo/bazel-repos/cloned_repos/ARM-software__ComputeLibrary/examples/BUILD.bazel:236:10: error loading package '': Unable to find package for @@[unknown repo 'bazel_skylib' requested from @@]//rules:common_settings.bzl: The repository '@@[unknown repo 'bazel_skylib' requested from @@]' could not be resolved: No repository visible as '@bazel_skylib' from main repository. Was the repository introduced in WORKSPACE? The WORKSPACE file is disabled by default in Bazel 8 (late 2024) and will be removed in Bazel 9 (late 2025), please migrate to Bzlmod. See https://bazel.build/external/migration. and referenced by '//examples:graph_inception_v3'
ERROR: /data/h445xu/repo/bazel-repos/cloned_repos/ARM-software__ComputeLibrary/examples/BUILD.bazel:236:10: error loading package '': Unable to find package for @@[unknown repo 'bazel_skylib' requested from @@]//rules:common_settings.bzl: The repository '@@[unknown repo 'bazel_skylib' requested from @@]' could not be resolved: No repository visible as '@bazel_skylib' from main repository. Was the repository introduced in WORKSPACE? The WORKSPACE file is disabled by default in Bazel 8 (late 2024) and will be removed in Bazel 9 (late 2025), please migrate to Bzlmod. See https://bazel.build/external/migration. and referenced by '//examples:graph_inception_v3'
ERROR: /data/h445xu/repo/bazel-repos/cloned_repos/ARM-software__ComputeLibrary/examples/BUILD.bazel:236:10: error loading package '': Unable to find package for @@[unknown repo 'bazel_skylib' requested from @@]//rules:common_settings.bzl: The repository '@@[unknown repo 'bazel_skylib' requested from @@]' could not be resolved: No repository visible as '@bazel_skylib' from main repository. Was the repository introduced in WORKSPACE? The WORKSPACE file is disabled by default in Bazel 8 (late 2024) and will be removed in Bazel 9 (late 2025), please migrate to Bzlmod. See https://bazel.build/external/migration. and referenced by '//examples:graph_inception_v3'
ERROR: /data/h445xu/repo/bazel-repos/cloned_repos/ARM-software__ComputeLibrary/examples/BUILD.bazel:321:10: error loading package '': Unable to find package for @@[unknown repo 'bazel_skylib' requested from @@]//rules:common_settings.bzl: The repository '@@[unknown repo 'bazel_skylib' requested from @@]' could not be resolved: No repository visible as '@bazel_skylib' from main repository. Was the repository introduced in WORKSPACE? The WORKSPACE file is disabled by default in Bazel 8 (late 2024) and will be removed in Bazel 9 (late 2025), please migrate to Bzlmod. See https://bazel.build/external/migration. and referenced by '//examples:graph_resnet12'
ERROR: /data/h445xu/repo/bazel-repos/cloned_repos/ARM-software__ComputeLibrary/examples/BUILD.bazel:219:10: error loading package '': Unable to find package for @@[unknown repo 'bazel_skylib' requested from @@]//rules:common_settings.bzl: The repository '@@[unknown repo 'bazel_skylib' requested from @@]' could not be resolved: No repository visible as '@bazel_skylib' from main repository. Was the repository introduced in WORKSPACE? The WORKSPACE file is disabled by default in Bazel 8 (late 2024) and will be removed in Bazel 9 (late 2025), please migrate to Bzlmod. See https://bazel.build/external/migration. and referenced by '//examples:graph_inception_resnet_v2'
ERROR: /data/h445xu/repo/bazel-repos/cloned_repos/ARM-software__ComputeLibrary/examples/BUILD.bazel:219:10: error loading package '': Unable to find package for @@[unknown repo 'bazel_skylib' requested from @@]//rules:common_settings.bzl: The repository '@@[unknown repo 'bazel_skylib' requested from @@]' could not be resolved: No repository visible as '@bazel_skylib' from main repository. Was the repository introduced in WORKSPACE? The WORKSPACE file is disabled by default in Bazel 8 (late 2024) and will be removed in Bazel 9 (late 2025), please migrate to Bzlmod. See https://bazel.build/external/migration. and referenced by '//examples:graph_inception_resnet_v2'
ERROR: /data/h445xu/repo/bazel-repos/cloned_repos/ARM-software__ComputeLibrary/examples/BUILD.bazel:304:10: error loading package '': Unable to find package for @@[unknown repo 'bazel_skylib' requested from @@]//rules:common_settings.bzl: The repository '@@[unknown repo 'bazel_skylib' requested from @@]' could not be resolved: No repository visible as '@bazel_skylib' from main repository. Was the repository introduced in WORKSPACE? The WORKSPACE file is disabled by default in Bazel 8 (late 2024) and will be removed in Bazel 9 (late 2025), please migrate to Bzlmod. See https://bazel.build/external/migration. and referenced by '//examples:graph_mobilenet_v2'
ERROR: /data/h445xu/repo/bazel-repos/cloned_repos/ARM-software__ComputeLibrary/examples/BUILD.bazel:304:10: error loading package '': Unable to find package for @@[unknown repo 'bazel_skylib' requested from @@]//rules:common_settings.bzl: The repository '@@[unknown repo 'bazel_skylib' requested from @@]' could not be resolved: No repository visible as '@bazel_skylib' from main repository. Was the repository introduced in WORKSPACE? The WORKSPACE file is disabled by default in Bazel 8 (late 2024) and will be removed in Bazel 9 (late 2025), please migrate to Bzlmod. See https://bazel.build/external/migration. and referenced by '//examples:graph_mobilenet_v2'
ERROR: /data/h445xu/repo/bazel-repos/cloned_repos/ARM-software__ComputeLibrary/examples/BUILD.bazel:423:10: error loading package '': Unable to find package for @@[unknown repo 'bazel_skylib' requested from @@]//rules:common_settings.bzl: The repository '@@[unknown repo 'bazel_skylib' requested from @@]' could not be resolved: No repository visible as '@bazel_skylib' from main repository. Was the repository introduced in WORKSPACE? The WORKSPACE file is disabled by default in Bazel 8 (late 2024) and will be removed in Bazel 9 (late 2025), please migrate to Bzlmod. See https://bazel.build/external/migration. and referenced by '//examples:graph_squeezenet_v1_1'
ERROR: /data/h445xu/repo/bazel-repos/cloned_repos/ARM-software__ComputeLibrary/examples/BUILD.bazel:423:10: error loading package '': Unable to find package for @@[unknown repo 'bazel_skylib' requested from @@]//rules:common_settings.bzl: The repository '@@[unknown repo 'bazel_skylib' requested from @@]' could not be resolved: No repository visible as '@bazel_skylib' from main repository. Was the repository introduced in WORKSPACE? The WORKSPACE file is disabled by default in Bazel 8 (late 2024) and will be removed in Bazel 9 (late 2025), please migrate to Bzlmod. See https://bazel.build/external/migration. and referenced by '//examples:graph_squeezenet_v1_1'
ERROR: /data/h445xu/repo/bazel-repos/cloned_repos/ARM-software__ComputeLibrary/examples/BUILD.bazel:406:10: error loading package '': Unable to find package for @@[unknown repo 'bazel_skylib' requested from @@]//rules:common_settings.bzl: The repository '@@[unknown repo 'bazel_skylib' requested from @@]' could not be resolved: No repository visible as '@bazel_skylib' from main repository. Was the repository introduced in WORKSPACE? The WORKSPACE file is disabled by default in Bazel 8 (late 2024) and will be removed in Bazel 9 (late 2025), please migrate to Bzlmod. See https://bazel.build/external/migration. and referenced by '//examples:graph_squeezenet'
ERROR: /data/h445xu/repo/bazel-repos/cloned_repos/ARM-software__ComputeLibrary/examples/BUILD.bazel:406:10: error loading package '': Unable to find package for @@[unknown repo 'bazel_skylib' requested from @@]//rules:common_settings.bzl: The repository '@@[unknown repo 'bazel_skylib' requested from @@]' could not be resolved: No repository visible as '@bazel_skylib' from main repository. Was the repository introduced in WORKSPACE? The WORKSPACE file is disabled by default in Bazel 8 (late 2024) and will be removed in Bazel 9 (late 2025), please migrate to Bzlmod. See https://bazel.build/external/migration. and referenced by '//examples:graph_squeezenet'
ERROR: /data/h445xu/repo/bazel-repos/cloned_repos/ARM-software__ComputeLibrary/examples/BUILD.bazel:406:10: error loading package '': Unable to find package for @@[unknown repo 'bazel_skylib' requested from @@]//rules:common_settings.bzl: The repository '@@[unknown repo 'bazel_skylib' requested from @@]' could not be resolved: No repository visible as '@bazel_skylib' from main repository. Was the repository introduced in WORKSPACE? The WORKSPACE file is disabled by default in Bazel 8 (late 2024) and will be removed in Bazel 9 (late 2025), please migrate to Bzlmod. See https://bazel.build/external/migration. and referenced by '//examples:graph_squeezenet'
ERROR: /data/h445xu/repo/bazel-repos/cloned_repos/ARM-software__ComputeLibrary/examples/BUILD.bazel:389:10: error loading package '': Unable to find package for @@[unknown repo 'bazel_skylib' requested from @@]//rules:common_settings.bzl: The repository '@@[unknown repo 'bazel_skylib' requested from @@]' could not be resolved: No repository visible as '@bazel_skylib' from main repository. Was the repository introduced in WORKSPACE? The WORKSPACE file is disabled by default in Bazel 8 (late 2024) and will be removed in Bazel 9 (late 2025), please migrate to Bzlmod. See https://bazel.build/external/migration. and referenced by '//examples:graph_shufflenet'
ERROR: /data/h445xu/repo/bazel-repos/cloned_repos/ARM-software__ComputeLibrary/examples/BUILD.bazel:389:10: error loading package '': Unable to find package for @@[unknown repo 'bazel_skylib' requested from @@]//rules:common_settings.bzl: The repository '@@[unknown repo 'bazel_skylib' requested from @@]' could not be resolved: No repository visible as '@bazel_skylib' from main repository. Was the repository introduced in WORKSPACE? The WORKSPACE file is disabled by default in Bazel 8 (late 2024) and will be removed in Bazel 9 (late 2025), please migrate to Bzlmod. See https://bazel.build/external/migration. and referenced by '//examples:graph_shufflenet'
ERROR: /data/h445xu/repo/bazel-repos/cloned_repos/ARM-software__ComputeLibrary/examples/BUILD.bazel:389:10: error loading package '': Unable to find package for @@[unknown repo 'bazel_skylib' requested from @@]//rules:common_settings.bzl: The repository '@@[unknown repo 'bazel_skylib' requested from @@]' could not be resolved: No repository visible as '@bazel_skylib' from main repository. Was the repository introduced in WORKSPACE? The WORKSPACE file is disabled by default in Bazel 8 (late 2024) and will be removed in Bazel 9 (late 2025), please migrate to Bzlmod. See https://bazel.build/external/migration. and referenced by '//examples:graph_shufflenet'
ERROR: /data/h445xu/repo/bazel-repos/cloned_repos/ARM-software__ComputeLibrary/examples/BUILD.bazel:372:10: error loading package '': Unable to find package for @@[unknown repo 'bazel_skylib' requested from @@]//rules:common_settings.bzl: The repository '@@[unknown repo 'bazel_skylib' requested from @@]' could not be resolved: No repository visible as '@bazel_skylib' from main repository. Was the repository introduced in WORKSPACE? The WORKSPACE file is disabled by default in Bazel 8 (late 2024) and will be removed in Bazel 9 (late 2025), please migrate to Bzlmod. See https://bazel.build/external/migration. and referenced by '//examples:graph_resnext50'
ERROR: /data/h445xu/repo/bazel-repos/cloned_repos/ARM-software__ComputeLibrary/examples/BUILD.bazel:60:10: error loading package '': Unable to find package for @@[unknown repo 'bazel_skylib' requested from @@]//rules:common_settings.bzl: The repository '@@[unknown repo 'bazel_skylib' requested from @@]' could not be resolved: No repository visible as '@bazel_skylib' from main repository. Was the repository introduced in WORKSPACE? The WORKSPACE file is disabled by default in Bazel 8 (late 2024) and will be removed in Bazel 9 (late 2025), please migrate to Bzlmod. See https://bazel.build/external/migration. and referenced by '//examples:neon_gemm_qasymm8'
ERROR: /data/h445xu/repo/bazel-repos/cloned_repos/ARM-software__ComputeLibrary/examples/BUILD.bazel:355:10: error loading package '': Unable to find package for @@[unknown repo 'bazel_skylib' requested from @@]//rules:common_settings.bzl: The repository '@@[unknown repo 'bazel_skylib' requested from @@]' could not be resolved: No repository visible as '@bazel_skylib' from main repository. Was the repository introduced in WORKSPACE? The WORKSPACE file is disabled by default in Bazel 8 (late 2024) and will be removed in Bazel 9 (late 2025), please migrate to Bzlmod. See https://bazel.build/external/migration. and referenced by '//examples:graph_resnet_v2_50'
ERROR: /data/h445xu/repo/bazel-repos/cloned_repos/ARM-software__ComputeLibrary/examples/BUILD.bazel:60:10: error loading package '': Unable to find package for @@[unknown repo 'bazel_skylib' requested from @@]//rules:common_settings.bzl: The repository '@@[unknown repo 'bazel_skylib' requested from @@]' could not be resolved: No repository visible as '@bazel_skylib' from main repository. Was the repository introduced in WORKSPACE? The WORKSPACE file is disabled by default in Bazel 8 (late 2024) and will be removed in Bazel 9 (late 2025), please migrate to Bzlmod. See https://bazel.build/external/migration. and referenced by '//examples:neon_gemm_qasymm8'
ERROR: /data/h445xu/repo/bazel-repos/cloned_repos/ARM-software__ComputeLibrary/examples/BUILD.bazel:26:10: error loading package '': Unable to find package for @@[unknown repo 'bazel_skylib' requested from @@]//rules:common_settings.bzl: The repository '@@[unknown repo 'bazel_skylib' requested from @@]' could not be resolved: No repository visible as '@bazel_skylib' from main repository. Was the repository introduced in WORKSPACE? The WORKSPACE file is disabled by default in Bazel 8 (late 2024) and will be removed in Bazel 9 (late 2025), please migrate to Bzlmod. See https://bazel.build/external/migration. and referenced by '//examples:neon_cnn'
ERROR: /data/h445xu/repo/bazel-repos/cloned_repos/ARM-software__ComputeLibrary/examples/BUILD.bazel:372:10: error loading package '': Unable to find package for @@[unknown repo 'bazel_skylib' requested from @@]//rules:common_settings.bzl: The repository '@@[unknown repo 'bazel_skylib' requested from @@]' could not be resolved: No repository visible as '@bazel_skylib' from main repository. Was the repository introduced in WORKSPACE? The WORKSPACE file is disabled by default in Bazel 8 (late 2024) and will be removed in Bazel 9 (late 2025), please migrate to Bzlmod. See https://bazel.build/external/migration. and referenced by '//examples:graph_resnext50'
ERROR: /data/h445xu/repo/bazel-repos/cloned_repos/ARM-software__ComputeLibrary/examples/BUILD.bazel:43:10: error loading package '': Unable to find package for @@[unknown repo 'bazel_skylib' requested from @@]//rules:common_settings.bzl: The repository '@@[unknown repo 'bazel_skylib' requested from @@]' could not be resolved: No repository visible as '@bazel_skylib' from main repository. Was the repository introduced in WORKSPACE? The WORKSPACE file is disabled by default in Bazel 8 (late 2024) and will be removed in Bazel 9 (late 2025), please migrate to Bzlmod. See https://bazel.build/external/migration. and referenced by '//examples:neon_copy_objects'
ERROR: /data/h445xu/repo/bazel-repos/cloned_repos/ARM-software__ComputeLibrary/examples/BUILD.bazel:508:10: error loading package '': Unable to find package for @@[unknown repo 'bazel_skylib' requested from @@]//rules:common_settings.bzl: The repository '@@[unknown repo 'bazel_skylib' requested from @@]' could not be resolved: No repository visible as '@bazel_skylib' from main repository. Was the repository introduced in WORKSPACE? The WORKSPACE file is disabled by default in Bazel 8 (late 2024) and will be removed in Bazel 9 (late 2025), please migrate to Bzlmod. See https://bazel.build/external/migration. and referenced by '//examples:graph_vgg_vdsr'
ERROR: /data/h445xu/repo/bazel-repos/cloned_repos/ARM-software__ComputeLibrary/examples/BUILD.bazel:185:10: error loading package '': Unable to find package for @@[unknown repo 'bazel_skylib' requested from @@]//rules:common_settings.bzl: The repository '@@[unknown repo 'bazel_skylib' requested from @@]' could not be resolved: No repository visible as '@bazel_skylib' from main repository. Was the repository introduced in WORKSPACE? The WORKSPACE file is disabled by default in Bazel 8 (late 2024) and will be removed in Bazel 9 (late 2025), please migrate to Bzlmod. See https://bazel.build/external/migration. and referenced by '//examples:graph_googlenet'
ERROR: /data/h445xu/repo/bazel-repos/cloned_repos/ARM-software__ComputeLibrary/examples/BUILD.bazel:491:10: error loading package '': Unable to find package for @@[unknown repo 'bazel_skylib' requested from @@]//rules:common_settings.bzl: The repository '@@[unknown repo 'bazel_skylib' requested from @@]' could not be resolved: No repository visible as '@bazel_skylib' from main repository. Was the repository introduced in WORKSPACE? The WORKSPACE file is disabled by default in Bazel 8 (late 2024) and will be removed in Bazel 9 (late 2025), please migrate to Bzlmod. See https://bazel.build/external/migration. and referenced by '//examples:graph_vgg19'
ERROR: /data/h445xu/repo/bazel-repos/cloned_repos/ARM-software__ComputeLibrary/examples/BUILD.bazel:26:10: error loading package '': Unable to find package for @@[unknown repo 'bazel_skylib' requested from @@]//rules:common_settings.bzl: The repository '@@[unknown repo 'bazel_skylib' requested from @@]' could not be resolved: No repository visible as '@bazel_skylib' from main repository. Was the repository introduced in WORKSPACE? The WORKSPACE file is disabled by default in Bazel 8 (late 2024) and will be removed in Bazel 9 (late 2025), please migrate to Bzlmod. See https://bazel.build/external/migration. and referenced by '//examples:neon_cnn'
ERROR: /data/h445xu/repo/bazel-repos/cloned_repos/ARM-software__ComputeLibrary/examples/BUILD.bazel:26:10: error loading package '': Unable to find package for @@[unknown repo 'bazel_skylib' requested from @@]//rules:common_settings.bzl: The repository '@@[unknown repo 'bazel_skylib' requested from @@]' could not be resolved: No repository visible as '@bazel_skylib' from main repository. Was the repository introduced in WORKSPACE? The WORKSPACE file is disabled by default in Bazel 8 (late 2024) and will be removed in Bazel 9 (late 2025), please migrate to Bzlmod. See https://bazel.build/external/migration. and referenced by '//examples:neon_cnn'
ERROR: /data/h445xu/repo/bazel-repos/cloned_repos/ARM-software__ComputeLibrary/examples/BUILD.bazel:253:10: error loading package '': Unable to find package for @@[unknown repo 'bazel_skylib' requested from @@]//rules:common_settings.bzl: The repository '@@[unknown repo 'bazel_skylib' requested from @@]' could not be resolved: No repository visible as '@bazel_skylib' from main repository. Was the repository introduced in WORKSPACE? The WORKSPACE file is disabled by default in Bazel 8 (late 2024) and will be removed in Bazel 9 (late 2025), please migrate to Bzlmod. See https://bazel.build/external/migration. and referenced by '//examples:graph_inception_v4'
ERROR: /data/h445xu/repo/bazel-repos/cloned_repos/ARM-software__ComputeLibrary/examples/BUILD.bazel:26:10: error loading package '': Unable to find package for @@[unknown repo 'bazel_skylib' requested from @@]//rules:common_settings.bzl: The repository '@@[unknown repo 'bazel_skylib' requested from @@]' could not be resolved: No repository visible as '@bazel_skylib' from main repository. Was the repository introduced in WORKSPACE? The WORKSPACE file is disabled by default in Bazel 8 (late 2024) and will be removed in Bazel 9 (late 2025), please migrate to Bzlmod. See https://bazel.build/external/migration. and referenced by '//examples:neon_cnn'
ERROR: /data/h445xu/repo/bazel-repos/cloned_repos/ARM-software__ComputeLibrary/examples/BUILD.bazel:355:10: error loading package '': Unable to find package for @@[unknown repo 'bazel_skylib' requested from @@]//rules:common_settings.bzl: The repository '@@[unknown repo 'bazel_skylib' requested from @@]' could not be resolved: No repository visible as '@bazel_skylib' from main repository. Was the repository introduced in WORKSPACE? The WORKSPACE file is disabled by default in Bazel 8 (late 2024) and will be removed in Bazel 9 (late 2025), please migrate to Bzlmod. See https://bazel.build/external/migration. and referenced by '//examples:graph_resnet_v2_50'
ERROR: /data/h445xu/repo/bazel-repos/cloned_repos/ARM-software__ComputeLibrary/examples/BUILD.bazel:525:10: error loading package '': Unable to find package for @@[unknown repo 'bazel_skylib' requested from @@]//rules:common_settings.bzl: The repository '@@[unknown repo 'bazel_skylib' requested from @@]' could not be resolved: No repository visible as '@bazel_skylib' from main repository. Was the repository introduced in WORKSPACE? The WORKSPACE file is disabled by default in Bazel 8 (late 2024) and will be removed in Bazel 9 (late 2025), please migrate to Bzlmod. See https://bazel.build/external/migration. and referenced by '//examples:graph_yolov3'
ERROR: /data/h445xu/repo/bazel-repos/cloned_repos/ARM-software__ComputeLibrary/examples/BUILD.bazel:355:10: error loading package '': Unable to find package for @@[unknown repo 'bazel_skylib' requested from @@]//rules:common_settings.bzl: The repository '@@[unknown repo 'bazel_skylib' requested from @@]' could not be resolved: No repository visible as '@bazel_skylib' from main repository. Was the repository introduced in WORKSPACE? The WORKSPACE file is disabled by default in Bazel 8 (late 2024) and will be removed in Bazel 9 (late 2025), please migrate to Bzlmod. See https://bazel.build/external/migration. and referenced by '//examples:graph_resnet_v2_50'
ERROR: /data/h445xu/repo/bazel-repos/cloned_repos/ARM-software__ComputeLibrary/examples/BUILD.bazel:525:10: error loading package '': Unable to find package for @@[unknown repo 'bazel_skylib' requested from @@]//rules:common_settings.bzl: The repository '@@[unknown repo 'bazel_skylib' requested from @@]' could not be resolved: No repository visible as '@bazel_skylib' from main repository. Was the repository introduced in WORKSPACE? The WORKSPACE file is disabled by default in Bazel 8 (late 2024) and will be removed in Bazel 9 (late 2025), please migrate to Bzlmod. See https://bazel.build/external/migration. and referenced by '//examples:graph_yolov3'
ERROR: /data/h445xu/repo/bazel-repos/cloned_repos/ARM-software__ComputeLibrary/examples/BUILD.bazel:355:10: error loading package '': Unable to find package for @@[unknown repo 'bazel_skylib' requested from @@]//rules:common_settings.bzl: The repository '@@[unknown repo 'bazel_skylib' requested from @@]' could not be resolved: No repository visible as '@bazel_skylib' from main repository. Was the repository introduced in WORKSPACE? The WORKSPACE file is disabled by default in Bazel 8 (late 2024) and will be removed in Bazel 9 (late 2025), please migrate to Bzlmod. See https://bazel.build/external/migration. and referenced by '//examples:graph_resnet_v2_50'
ERROR: /data/h445xu/repo/bazel-repos/cloned_repos/ARM-software__ComputeLibrary/examples/BUILD.bazel:508:10: error loading package '': Unable to find package for @@[unknown repo 'bazel_skylib' requested from @@]//rules:common_settings.bzl: The repository '@@[unknown repo 'bazel_skylib' requested from @@]' could not be resolved: No repository visible as '@bazel_skylib' from main repository. Was the repository introduced in WORKSPACE? The WORKSPACE file is disabled by default in Bazel 8 (late 2024) and will be removed in Bazel 9 (late 2025), please migrate to Bzlmod. See https://bazel.build/external/migration. and referenced by '//examples:graph_vgg_vdsr'
ERROR: /data/h445xu/repo/bazel-repos/cloned_repos/ARM-software__ComputeLibrary/examples/BUILD.bazel:185:10: error loading package '': Unable to find package for @@[unknown repo 'bazel_skylib' requested from @@]//rules:common_settings.bzl: The repository '@@[unknown repo 'bazel_skylib' requested from @@]' could not be resolved: No repository visible as '@bazel_skylib' from main repository. Was the repository introduced in WORKSPACE? The WORKSPACE file is disabled by default in Bazel 8 (late 2024) and will be removed in Bazel 9 (late 2025), please migrate to Bzlmod. See https://bazel.build/external/migration. and referenced by '//examples:graph_googlenet'
ERROR: /data/h445xu/repo/bazel-repos/cloned_repos/ARM-software__ComputeLibrary/examples/BUILD.bazel:338:10: error loading package '': Unable to find package for @@[unknown repo 'bazel_skylib' requested from @@]//rules:common_settings.bzl: The repository '@@[unknown repo 'bazel_skylib' requested from @@]' could not be resolved: No repository visible as '@bazel_skylib' from main repository. Was the repository introduced in WORKSPACE? The WORKSPACE file is disabled by default in Bazel 8 (late 2024) and will be removed in Bazel 9 (late 2025), please migrate to Bzlmod. See https://bazel.build/external/migration. and referenced by '//examples:graph_resnet50'
ERROR: /data/h445xu/repo/bazel-repos/cloned_repos/ARM-software__ComputeLibrary/examples/BUILD.bazel:525:10: error loading package '': Unable to find package for @@[unknown repo 'bazel_skylib' requested from @@]//rules:common_settings.bzl: The repository '@@[unknown repo 'bazel_skylib' requested from @@]' could not be resolved: No repository visible as '@bazel_skylib' from main repository. Was the repository introduced in WORKSPACE? The WORKSPACE file is disabled by default in Bazel 8 (late 2024) and will be removed in Bazel 9 (late 2025), please migrate to Bzlmod. See https://bazel.build/external/migration. and referenced by '//examples:graph_yolov3'
ERROR: /data/h445xu/repo/bazel-repos/cloned_repos/ARM-software__ComputeLibrary/examples/BUILD.bazel:525:10: error loading package '': Unable to find package for @@[unknown repo 'bazel_skylib' requested from @@]//rules:common_settings.bzl: The repository '@@[unknown repo 'bazel_skylib' requested from @@]' could not be resolved: No repository visible as '@bazel_skylib' from main repository. Was the repository introduced in WORKSPACE? The WORKSPACE file is disabled by default in Bazel 8 (late 2024) and will be removed in Bazel 9 (late 2025), please migrate to Bzlmod. See https://bazel.build/external/migration. and referenced by '//examples:graph_yolov3'
ERROR: /data/h445xu/repo/bazel-repos/cloned_repos/ARM-software__ComputeLibrary/examples/BUILD.bazel:508:10: error loading package '': Unable to find package for @@[unknown repo 'bazel_skylib' requested from @@]//rules:common_settings.bzl: The repository '@@[unknown repo 'bazel_skylib' requested from @@]' could not be resolved: No repository visible as '@bazel_skylib' from main repository. Was the repository introduced in WORKSPACE? The WORKSPACE file is disabled by default in Bazel 8 (late 2024) and will be removed in Bazel 9 (late 2025), please migrate to Bzlmod. See https://bazel.build/external/migration. and referenced by '//examples:graph_vgg_vdsr'
Loading: 31 packages loaded
    currently loading: third_party/kleidiai/kai/ukernels/matmul ... (4 packages)
ERROR: /data/h445xu/repo/bazel-repos/cloned_repos/ARM-software__ComputeLibrary/examples/BUILD.bazel:474:10: error loading package '': Unable to find package for @@[unknown repo 'bazel_skylib' requested from @@]//rules:common_settings.bzl: The repository '@@[unknown repo 'bazel_skylib' requested from @@]' could not be resolved: No repository visible as '@bazel_skylib' from main repository. Was the repository introduced in WORKSPACE? The WORKSPACE file is disabled by default in Bazel 8 (late 2024) and will be removed in Bazel 9 (late 2025), please migrate to Bzlmod. See https://bazel.build/external/migration. and referenced by '//examples:graph_vgg16'
ERROR: /data/h445xu/repo/bazel-repos/cloned_repos/ARM-software__ComputeLibrary/examples/BUILD.bazel:508:10: error loading package '': Unable to find package for @@[unknown repo 'bazel_skylib' requested from @@]//rules:common_settings.bzl: The repository '@@[unknown repo 'bazel_skylib' requested from @@]' could not be resolved: No repository visible as '@bazel_skylib' from main repository. Was the repository introduced in WORKSPACE? The WORKSPACE file is disabled by default in Bazel 8 (late 2024) and will be removed in Bazel 9 (late 2025), please migrate to Bzlmod. See https://bazel.build/external/migration. and referenced by '//examples:graph_vgg_vdsr'
ERROR: /data/h445xu/repo/bazel-repos/cloned_repos/ARM-software__ComputeLibrary/examples/BUILD.bazel:491:10: error loading package '': Unable to find package for @@[unknown repo 'bazel_skylib' requested from @@]//rules:common_settings.bzl: The repository '@@[unknown repo 'bazel_skylib' requested from @@]' could not be resolved: No repository visible as '@bazel_skylib' from main repository. Was the repository introduced in WORKSPACE? The WORKSPACE file is disabled by default in Bazel 8 (late 2024) and will be removed in Bazel 9 (late 2025), please migrate to Bzlmod. See https://bazel.build/external/migration. and referenced by '//examples:graph_vgg19'
ERROR: /data/h445xu/repo/bazel-repos/cloned_repos/ARM-software__ComputeLibrary/examples/BUILD.bazel:338:10: error loading package '': Unable to find package for @@[unknown repo 'bazel_skylib' requested from @@]//rules:common_settings.bzl: The repository '@@[unknown repo 'bazel_skylib' requested from @@]' could not be resolved: No repository visible as '@bazel_skylib' from main repository. Was the repository introduced in WORKSPACE? The WORKSPACE file is disabled by default in Bazel 8 (late 2024) and will be removed in Bazel 9 (late 2025), please migrate to Bzlmod. See https://bazel.build/external/migration. and referenced by '//examples:graph_resnet50'
ERROR: /data/h445xu/repo/bazel-repos/cloned_repos/ARM-software__ComputeLibrary/examples/BUILD.bazel:338:10: error loading package '': Unable to find package for @@[unknown repo 'bazel_skylib' requested from @@]//rules:common_settings.bzl: The repository '@@[unknown repo 'bazel_skylib' requested from @@]' could not be resolved: No repository visible as '@bazel_skylib' from main repository. Was the repository introduced in WORKSPACE? The WORKSPACE file is disabled by default in Bazel 8 (late 2024) and will be removed in Bazel 9 (late 2025), please migrate to Bzlmod. See https://bazel.build/external/migration. and referenced by '//examples:graph_resnet50'
ERROR: /data/h445xu/repo/bazel-repos/cloned_repos/ARM-software__ComputeLibrary/examples/BUILD.bazel:491:10: error loading package '': Unable to find package for @@[unknown repo 'bazel_skylib' requested from @@]//rules:common_settings.bzl: The repository '@@[unknown repo 'bazel_skylib' requested from @@]' could not be resolved: No repository visible as '@bazel_skylib' from main repository. Was the repository introduced in WORKSPACE? The WORKSPACE file is disabled by default in Bazel 8 (late 2024) and will be removed in Bazel 9 (late 2025), please migrate to Bzlmod. See https://bazel.build/external/migration. and referenced by '//examples:graph_vgg19'
ERROR: /data/h445xu/repo/bazel-repos/cloned_repos/ARM-software__ComputeLibrary/examples/BUILD.bazel:491:10: error loading package '': Unable to find package for @@[unknown repo 'bazel_skylib' requested from @@]//rules:common_settings.bzl: The repository '@@[unknown repo 'bazel_skylib' requested from @@]' could not be resolved: No repository visible as '@bazel_skylib' from main repository. Was the repository introduced in WORKSPACE? The WORKSPACE file is disabled by default in Bazel 8 (late 2024) and will be removed in Bazel 9 (late 2025), please migrate to Bzlmod. See https://bazel.build/external/migration. and referenced by '//examples:graph_vgg19'
ERROR: /data/h445xu/repo/bazel-repos/cloned_repos/ARM-software__ComputeLibrary/examples/BUILD.bazel:474:10: error loading package '': Unable to find package for @@[unknown repo 'bazel_skylib' requested from @@]//rules:common_settings.bzl: The repository '@@[unknown repo 'bazel_skylib' requested from @@]' could not be resolved: No repository visible as '@bazel_skylib' from main repository. Was the repository introduced in WORKSPACE? The WORKSPACE file is disabled by default in Bazel 8 (late 2024) and will be removed in Bazel 9 (late 2025), please migrate to Bzlmod. See https://bazel.build/external/migration. and referenced by '//examples:graph_vgg16'
ERROR: /data/h445xu/repo/bazel-repos/cloned_repos/ARM-software__ComputeLibrary/examples/BUILD.bazel:338:10: error loading package '': Unable to find package for @@[unknown repo 'bazel_skylib' requested from @@]//rules:common_settings.bzl: The repository '@@[unknown repo 'bazel_skylib' requested from @@]' could not be resolved: No repository visible as '@bazel_skylib' from main repository. Was the repository introduced in WORKSPACE? The WORKSPACE file is disabled by default in Bazel 8 (late 2024) and will be removed in Bazel 9 (late 2025), please migrate to Bzlmod. See https://bazel.build/external/migration. and referenced by '//examples:graph_resnet50'
ERROR: /data/h445xu/repo/bazel-repos/cloned_repos/ARM-software__ComputeLibrary/examples/BUILD.bazel:474:10: error loading package '': Unable to find package for @@[unknown repo 'bazel_skylib' requested from @@]//rules:common_settings.bzl: The repository '@@[unknown repo 'bazel_skylib' requested from @@]' could not be resolved: No repository visible as '@bazel_skylib' from main repository. Was the repository introduced in WORKSPACE? The WORKSPACE file is disabled by default in Bazel 8 (late 2024) and will be removed in Bazel 9 (late 2025), please migrate to Bzlmod. See https://bazel.build/external/migration. and referenced by '//examples:graph_vgg16'
ERROR: /data/h445xu/repo/bazel-repos/cloned_repos/ARM-software__ComputeLibrary/examples/BUILD.bazel:321:10: error loading package '': Unable to find package for @@[unknown repo 'bazel_skylib' requested from @@]//rules:common_settings.bzl: The repository '@@[unknown repo 'bazel_skylib' requested from @@]' could not be resolved: No repository visible as '@bazel_skylib' from main repository. Was the repository introduced in WORKSPACE? The WORKSPACE file is disabled by default in Bazel 8 (late 2024) and will be removed in Bazel 9 (late 2025), please migrate to Bzlmod. See https://bazel.build/external/migration. and referenced by '//examples:graph_resnet12'
ERROR: /data/h445xu/repo/bazel-repos/cloned_repos/ARM-software__ComputeLibrary/examples/BUILD.bazel:474:10: error loading package '': Unable to find package for @@[unknown repo 'bazel_skylib' requested from @@]//rules:common_settings.bzl: The repository '@@[unknown repo 'bazel_skylib' requested from @@]' could not be resolved: No repository visible as '@bazel_skylib' from main repository. Was the repository introduced in WORKSPACE? The WORKSPACE file is disabled by default in Bazel 8 (late 2024) and will be removed in Bazel 9 (late 2025), please migrate to Bzlmod. See https://bazel.build/external/migration. and referenced by '//examples:graph_vgg16'
ERROR: /data/h445xu/repo/bazel-repos/cloned_repos/ARM-software__ComputeLibrary/examples/BUILD.bazel:321:10: error loading package '': Unable to find package for @@[unknown repo 'bazel_skylib' requested from @@]//rules:common_settings.bzl: The repository '@@[unknown repo 'bazel_skylib' requested from @@]' could not be resolved: No repository visible as '@bazel_skylib' from main repository. Was the repository introduced in WORKSPACE? The WORKSPACE file is disabled by default in Bazel 8 (late 2024) and will be removed in Bazel 9 (late 2025), please migrate to Bzlmod. See https://bazel.build/external/migration. and referenced by '//examples:graph_resnet12'
ERROR: /data/h445xu/repo/bazel-repos/cloned_repos/ARM-software__ComputeLibrary/examples/BUILD.bazel:321:10: error loading package '': Unable to find package for @@[unknown repo 'bazel_skylib' requested from @@]//rules:common_settings.bzl: The repository '@@[unknown repo 'bazel_skylib' requested from @@]' could not be resolved: No repository visible as '@bazel_skylib' from main repository. Was the repository introduced in WORKSPACE? The WORKSPACE file is disabled by default in Bazel 8 (late 2024) and will be removed in Bazel 9 (late 2025), please migrate to Bzlmod. See https://bazel.build/external/migration. and referenced by '//examples:graph_resnet12'
ERROR: /data/h445xu/repo/bazel-repos/cloned_repos/ARM-software__ComputeLibrary/examples/BUILD.bazel:219:10: error loading package '': Unable to find package for @@[unknown repo 'bazel_skylib' requested from @@]//rules:common_settings.bzl: The repository '@@[unknown repo 'bazel_skylib' requested from @@]' could not be resolved: No repository visible as '@bazel_skylib' from main repository. Was the repository introduced in WORKSPACE? The WORKSPACE file is disabled by default in Bazel 8 (late 2024) and will be removed in Bazel 9 (late 2025), please migrate to Bzlmod. See https://bazel.build/external/migration. and referenced by '//examples:graph_inception_resnet_v2'
ERROR: /data/h445xu/repo/bazel-repos/cloned_repos/ARM-software__ComputeLibrary/examples/BUILD.bazel:457:10: error loading package '': Unable to find package for @@[unknown repo 'bazel_skylib' requested from @@]//rules:common_settings.bzl: The repository '@@[unknown repo 'bazel_skylib' requested from @@]' could not be resolved: No repository visible as '@bazel_skylib' from main repository. Was the repository introduced in WORKSPACE? The WORKSPACE file is disabled by default in Bazel 8 (late 2024) and will be removed in Bazel 9 (late 2025), please migrate to Bzlmod. See https://bazel.build/external/migration. and referenced by '//examples:graph_ssd_mobilenet'
ERROR: /data/h445xu/repo/bazel-repos/cloned_repos/ARM-software__ComputeLibrary/examples/BUILD.bazel:457:10: error loading package '': Unable to find package for @@[unknown repo 'bazel_skylib' requested from @@]//rules:common_settings.bzl: The repository '@@[unknown repo 'bazel_skylib' requested from @@]' could not be resolved: No repository visible as '@bazel_skylib' from main repository. Was the repository introduced in WORKSPACE? The WORKSPACE file is disabled by default in Bazel 8 (late 2024) and will be removed in Bazel 9 (late 2025), please migrate to Bzlmod. See https://bazel.build/external/migration. and referenced by '//examples:graph_ssd_mobilenet'
ERROR: /data/h445xu/repo/bazel-repos/cloned_repos/ARM-software__ComputeLibrary/examples/BUILD.bazel:457:10: error loading package '': Unable to find package for @@[unknown repo 'bazel_skylib' requested from @@]//rules:common_settings.bzl: The repository '@@[unknown repo 'bazel_skylib' requested from @@]' could not be resolved: No repository visible as '@bazel_skylib' from main repository. Was the repository introduced in WORKSPACE? The WORKSPACE file is disabled by default in Bazel 8 (late 2024) and will be removed in Bazel 9 (late 2025), please migrate to Bzlmod. See https://bazel.build/external/migration. and referenced by '//examples:graph_ssd_mobilenet'
ERROR: Evaluation of query "deps(//...)" failed: errors were encountered while computing transitive closure
WARNING: --keep_going specified, ignoring errors. Results may be inaccurate
Read 0 lines from bazel query output...
Read 1000 lines from bazel query output...
Read 2000 lines from bazel query output...
Read 3000 lines from bazel query output...
Read 4000 lines from bazel query output...
Read 5000 lines from bazel query output...
Read 6000 lines from bazel query output...
Read 7000 lines from bazel query output...
Read 8000 lines from bazel query output...
Read 9000 lines from bazel query output...
Read 10000 lines from bazel query output...
Read 11000 lines from bazel query output...
Read 12000 lines from bazel query output...
Read 13000 lines from bazel query output...
Read 14000 lines from bazel query output...
Read 15000 lines from bazel query output...
Read 16000 lines from bazel query output...
Read 17000 lines from bazel query output...
Read 18000 lines from bazel query output...
Read 19000 lines from bazel query output...
Read 20000 lines from bazel query output...
Read 21000 lines from bazel query output...
Read 22000 lines from bazel query output...
