2025/08/09 00:12:36 Downloading https://github.com/aspect-build/aspect-cli/releases/download/2025.11.0/bazel-2025.11.0-linux-x86_64...
2025/08/09 00:12:37 Downloading https://github.com/aspect-build/aspect-cli/releases/download/2025.11.0/bazel-2025.11.0-linux-x86_64...
2025/08/09 00:12:38 Downloading https://releases.bazel.build/8.3.0/release/bazel-8.3.0-linux-x86_64...
Starting local Bazel server (8.3.0) and connecting to it...
 no actions running
 no actions running
 no actions running
 no actions running
WARNING: WORKSPACE support will be removed in Bazel 9 (late 2025), please migrate to Bzlmod, see https://bazel.build/external/migration.
 no actions running
 no actions running
 no actions running
 no actions running
Loading: 0 packages loaded
Loading: 0 packages loaded
Loading: 0 packages loaded
Loading: 0 packages loaded
Loading: 90 packages loaded
    currently loading:  ... (31 packages)
Loading: 91 packages loaded
    currently loading:  ... (30 packages)
Loading: 113 packages loaded
    currently loading: packages/check-http ... (8 packages)
Loading: 113 packages loaded
    currently loading: packages/check-http ... (8 packages)
Loading: 114 packages loaded
    currently loading: packages/check-http ... (7 packages)
Loading: 116 packages loaded
    currently loading: packages/check-http ... (5 packages)
Loading: 116 packages loaded
    currently loading: packages/check-http ... (5 packages)
Loading: 116 packages loaded
    currently loading: packages/check-http ... (5 packages)
Loading: 116 packages loaded
    currently loading: packages/check-http ... (5 packages)
Loading: 116 packages loaded
    currently loading: packages/check-http ... (5 packages)
Loading: 116 packages loaded
    currently loading: packages/check-http ... (5 packages)
Loading: 116 packages loaded
    currently loading: packages/check-http ... (5 packages)
Loading: 116 packages loaded
    currently loading: packages/check-http ... (5 packages)
    Updating crates.io index
 Downloading crates ...
  Downloaded allocator-api2 v0.2.18
  Downloaded cargo_metadata v0.19.2
  Downloaded pin-project-lite v0.2.13
  Downloaded proc-macro2 v1.0.92
  Downloaded thiserror v1.0.50
  Downloaded unicode-linebreak v0.1.5
  Downloaded gix-pack v0.57.0
  Downloaded pest_derive v2.7.0
  Downloaded textwrap v0.16.2
Loading: 116 packages loaded
    currently loading: packages/check-http ... (5 packages)
  Downloaded jiff v0.1.13
  Downloaded serde_starlark v0.1.17
  Downloaded toml_write v0.1.0
  Downloaded prodash v29.0.0
  Downloaded memchr v2.6.4
  Downloaded gix v0.70.0
  Downloaded flate2 v1.0.35
  Downloaded pest v2.7.0
  Downloaded zerofrom-derive v0.1.5
  Downloaded syn v2.0.90
  Downloaded zerocopy v0.7.35
  Downloaded rustix v0.38.41
  Downloaded regex-automata v0.4.8
  Downloaded regex-automata v0.3.3
  Downloaded winnow v0.6.20
  Downloaded bstr v1.6.0
  Downloaded unicode-width v0.2.0
  Downloaded unicode-normalization v0.1.22
  Downloaded icu_properties_data v1.5.0
  Downloaded zerofrom v0.1.5
  Downloaded crates-index v3.7.0
  Downloaded unicode-ident v1.0.10
  Downloaded unicode-bom v2.0.3
  Downloaded thiserror-impl v2.0.4
  Downloaded thiserror v2.0.4
  Downloaded spdx v0.10.8
  Downloaded uluru v3.0.0
  Downloaded typenum v1.16.0
  Downloaded tracing-core v0.1.33
  Downloaded thiserror-impl v1.0.50
  Downloaded indexmap v2.6.0
  Downloaded hashbrown v0.15.0
  Downloaded hashbrown v0.14.3
  Downloaded smol_str v0.3.2
  Downloaded smawk v0.3.2
  Downloaded sharded-slab v0.1.7
  Downloaded ryu v1.0.14
  Downloaded rustc-stable-hash v0.1.1
  Downloaded rustc-hash v2.0.0
  Downloaded quote v1.0.37
  Downloaded pest_meta v2.7.0
  Downloaded kstring v2.0.2
  Downloaded itoa v1.0.8
  Downloaded indoc v2.0.6
  Downloaded ignore v0.4.18
  Downloaded icu_normalizer_data v1.5.0
  Downloaded icu_locid_transform_data v1.5.0
  Downloaded globset v0.4.11
  Downloaded gix-worktree v0.39.0
  Downloaded gix-validate v0.9.3
  Downloaded gix-utils v0.1.14
  Downloaded gix-url v0.29.0
  Downloaded gix-traverse v0.44.0
  Downloaded gix-transport v0.45.0
  Downloaded gix-trace v0.1.12
  Downloaded encoding_rs v0.8.33
  Downloaded gix-tempfile v16.0.0
  Downloaded gix-submodule v0.17.0
  Downloaded gix-shallow v0.2.0
  Downloaded gix-sec v0.10.11
  Downloaded gix-revwalk v0.18.0
  Downloaded gix-revision v0.32.0
  Downloaded gix-refspec v0.28.0
  Downloaded gix-ref v0.50.0
  Downloaded gix-quote v0.4.15
  Downloaded gix-protocol v0.48.0
  Downloaded gix-prompt v0.9.1
  Downloaded gix-pathspec v0.9.0
  Downloaded gix-path v0.10.14
  Downloaded gix-packetline-blocking v0.18.2
  Downloaded gix-packetline v0.18.3
  Downloaded gix-odb v0.67.0
  Downloaded gix-object v0.47.0
  Downloaded gix-negotiate v0.18.0
  Downloaded linux-raw-sys v0.4.14
  Downloaded gix-lock v16.0.0
  Downloaded gix-index v0.38.0
  Downloaded gix-ignore v0.13.0
  Downloaded gix-hashtable v0.7.0
  Downloaded gix-hash v0.16.0
  Downloaded gix-glob v0.18.0
  Downloaded gix-fs v0.13.0
  Downloaded gix-filter v0.17.0
  Downloaded gix-features v0.40.0
  Downloaded gix-discover v0.38.0
  Downloaded gix-diff v0.50.0
  Downloaded gix-date v0.9.3
  Downloaded gix-credentials v0.27.0
  Downloaded gix-config-value v0.14.11
  Downloaded gix-config v0.43.0
  Downloaded gix-commitgraph v0.26.0
  Downloaded gix-command v0.4.1
  Downloaded gix-chunk v0.4.11
  Downloaded gix-bitmap v0.2.14
  Downloaded gix-attributes v0.24.0
  Downloaded filetime v0.2.22
  Downloaded crossbeam-channel v0.5.8
  Downloaded arc-swap v1.6.0
  Downloaded aho-corasick v1.0.2
  Downloaded ahash v0.8.11
  Downloaded parking_lot_core v0.9.9
  Downloaded parking_lot v0.12.1
  Downloaded normpath v1.3.0
  Downloaded miniz_oxide v0.8.0
  Downloaded maybe-async v0.2.7
  Downloaded log v0.4.19
  Downloaded lock_api v0.4.11
  Downloaded litemap v0.7.4
  Downloaded pest_generator v2.7.0
  Downloaded gix-actor v0.33.2
  Downloaded fastrand v2.1.1
  Downloaded faster-hex v0.9.0
  Downloaded equivalent v1.0.1
  Downloaded either v1.9.0
  Downloaded crossbeam-utils v0.8.16
  Downloaded crc32fast v1.3.2
  Downloaded cpufeatures v0.2.9
  Downloaded colorchoice v1.0.0
  Downloaded clru v0.6.1
  Downloaded clean-path v0.2.1
  Downloaded cfg-expr v0.18.0
  Downloaded cargo-lock v10.1.0
  Downloaded borsh v1.5.3
  Downloaded camino v1.1.9
  Downloaded bitflags v2.4.1
  Downloaded autocfg v1.1.0
  Downloaded arrayvec v0.7.4
  Downloaded anstyle-query v1.0.0
  Downloaded anstyle-parse v0.2.1
   Compiling proc-macro2 v1.0.92
   Compiling unicode-ident v1.0.10
   Compiling serde v1.0.219
   Compiling cfg-if v1.0.0
   Compiling memchr v2.6.4
   Compiling thiserror v2.0.4
   Compiling once_cell v1.21.3
   Compiling smallvec v1.15.0
   Compiling libc v0.2.172
   Compiling regex-automata v0.3.3
   Compiling autocfg v1.1.0
   Compiling log v0.4.19
   Compiling gix-trace v0.1.12
   Compiling parking_lot_core v0.9.9
   Compiling crossbeam-utils v0.8.16
   Compiling tinyvec_macros v0.1.1
   Compiling scopeguard v1.2.0
   Compiling same-file v1.0.6
   Compiling fastrand v2.1.1
   Compiling crc32fast v1.3.2
   Compiling adler2 v2.0.0
   Compiling bitflags v2.4.1
   Compiling sha1_smol v1.0.0
   Compiling version_check v0.9.4
   Compiling home v0.5.5
   Compiling itoa v1.0.8
   Compiling zerocopy v0.7.35
   Compiling allocator-api2 v0.2.18
   Compiling jiff v0.1.13
   Compiling stable_deref_trait v1.2.0
   Compiling getrandom v0.3.2
   Compiling rustix v1.0.5
   Compiling writeable v0.5.5
   Compiling linux-raw-sys v0.9.4
   Compiling litemap v0.7.4
   Compiling icu_locid_transform_data v1.5.0
   Compiling icu_properties_data v1.5.0
   Compiling utf16_iter v1.0.5
   Compiling write16 v1.0.0
   Compiling icu_normalizer_data v1.5.0
   Compiling utf8_iter v1.0.4
   Compiling percent-encoding v2.3.1
   Compiling thiserror v1.0.50
   Compiling rustix v0.38.41
   Compiling unicode-bom v2.0.3
   Compiling shell-words v1.1.0
   Compiling fnv v1.0.7
   Compiling linux-raw-sys v0.4.14
   Compiling static_assertions v1.1.0
   Compiling typenum v1.16.0
   Compiling syn v1.0.109
   Compiling hashbrown v0.15.0
   Compiling regex-syntax v0.8.5
   Compiling equivalent v1.0.1
   Compiling serde_json v1.0.140
   Compiling winnow v0.7.7
   Compiling semver v1.0.26
   Compiling arrayvec v0.7.4
   Compiling lazy_static v1.4.0
   Compiling ucd-trie v0.1.6
   Compiling toml_write v0.1.0
   Compiling clru v0.6.1
   Compiling utf8parse v0.2.1
   Compiling unic-common v0.9.0
   Compiling ryu v1.0.14
   Compiling unic-char-range v0.9.0
   Compiling anstyle-query v1.0.0
   Compiling arc-swap v1.6.0
   Compiling is_terminal_polyfill v1.70.1
   Compiling colorchoice v1.0.0
   Compiling camino v1.1.9
   Compiling anstyle v1.0.10
   Compiling strsim v0.11.1
   Compiling clap_lex v0.7.4
   Compiling heck v0.5.0
   Compiling anyhow v1.0.98
   Compiling overload v0.1.1
   Compiling either v1.9.0
   Compiling unicode-width v0.2.0
   Compiling pin-project-lite v0.2.13
   Compiling cpufeatures v0.2.9
   Compiling rustc-stable-hash v0.1.1
   Compiling rustc-hash v2.0.0
   Compiling unicode-linebreak v0.1.5
   Compiling smawk v0.3.2
   Compiling glob v0.3.2
   Compiling indoc v2.0.6
   Compiling normpath v1.3.0
   Compiling clean-path v0.2.1
   Compiling pathdiff v0.2.3
   Compiling encoding_rs v0.8.33
   Compiling miniz_oxide v0.8.0
   Compiling thread_local v1.1.4
   Compiling walkdir v2.5.0
   Compiling tracing-core v0.1.33
   Compiling kstring v2.0.2
   Compiling form_urlencoded v1.2.1
   Compiling sharded-slab v0.1.7
   Compiling nu-ansi-term v0.46.0
   Compiling lock_api v0.4.11
   Compiling tinyvec v1.6.0
   Compiling anstyle-parse v0.2.1
   Compiling unic-ucd-version v0.9.0
   Compiling spdx v0.10.8
   Compiling cfg-expr v0.18.0
   Compiling itertools v0.14.0
   Compiling ahash v0.8.11
   Compiling generic-array v0.14.7
   Compiling unic-char-property v0.9.0
   Compiling textwrap v0.16.2
   Compiling anstream v0.6.18
   Compiling uluru v3.0.0
   Compiling unic-ucd-segment v0.9.0
   Compiling winnow v0.6.20
   Compiling aho-corasick v1.0.2
   Compiling clap_builder v4.5.37
   Compiling tracing-log v0.2.0
   Compiling unic-segment v0.9.0
   Compiling indexmap v2.6.0
   Compiling crossbeam-channel v0.5.8
   Compiling hashbrown v0.14.3
   Compiling flate2 v1.0.35
   Compiling bstr v1.6.0
   Compiling tracing-subscriber v0.3.19
   Compiling memmap2 v0.9.5
   Compiling gix-sec v0.10.11
   Compiling filetime v0.2.22
   Compiling quote v1.0.37
   Compiling unicode-normalization v0.1.22
   Compiling parking_lot v0.12.1
   Compiling syn v2.0.90
   Compiling prodash v29.0.0
   Compiling gix-utils v0.1.14
   Compiling block-buffer v0.10.4
   Compiling crypto-common v0.1.6
   Compiling digest v0.10.7
   Compiling sha2 v0.10.8
   Compiling regex-automata v0.4.8
   Compiling tempfile v3.19.1
   Compiling maybe-async v0.2.7
   Compiling regex v1.11.1
   Compiling synstructure v0.13.1
   Compiling globset v0.4.11
   Compiling serde_derive v1.0.219
   Compiling thiserror-impl v2.0.4
   Compiling zerofrom-derive v0.1.5
   Compiling yoke-derive v0.7.5
   Compiling zerovec-derive v0.10.3
   Compiling displaydoc v0.2.5
   Compiling icu_provider_macros v1.5.0
   Compiling thiserror-impl v1.0.50
   Compiling clap_derive v4.5.32
   Compiling tracing-attributes v0.1.28
   Compiling ignore v0.4.18
   Compiling globwalk v0.9.1
   Compiling pest v2.7.0
   Compiling zerofrom v0.1.5
   Compiling yoke v0.7.5
   Compiling gix-path v0.10.14
   Compiling gix-date v0.9.3
   Compiling gix-validate v0.9.3
   Compiling gix-chunk v0.4.11
   Compiling gix-quote v0.4.15
   Compiling gix-bitmap v0.2.14
   Compiling zerovec v0.10.4
   Compiling gix-actor v0.33.2
   Compiling tracing v0.1.41
   Compiling gix-config-value v0.14.11
   Compiling gix-command v0.4.1
   Compiling clap v4.5.37
   Compiling gix-prompt v0.9.1
   Compiling tinystr v0.7.6
   Compiling icu_collections v1.5.0
   Compiling pest_meta v2.7.0
   Compiling icu_locid v1.5.0
   Compiling pest_generator v2.7.0
   Compiling icu_provider v1.5.0
   Compiling icu_locid_transform v1.5.0
   Compiling pest_derive v2.7.0
   Compiling icu_properties v1.5.1
   Compiling faster-hex v0.9.0
   Compiling toml_datetime v0.6.9
   Compiling serde_spanned v0.6.8
   Compiling hex v0.4.3
   Compiling cargo-platform v0.1.9
   Compiling smol_str v0.3.2
   Compiling serde_starlark v0.1.17
   Compiling gix-hash v0.16.0
   Compiling gix-packetline v0.18.3
   Compiling gix-packetline-blocking v0.18.2
   Compiling toml_edit v0.22.25
   Compiling gix-features v0.40.0
   Compiling gix-hashtable v0.7.0
   Compiling gix-object v0.47.0
   Compiling gix-fs v0.13.0
   Compiling gix-commitgraph v0.26.0
   Compiling gix-glob v0.18.0
   Compiling gix-tempfile v16.0.0
   Compiling gix-attributes v0.24.0
   Compiling gix-ignore v0.13.0
   Compiling cargo_metadata v0.19.2
   Compiling tera v1.20.0
   Compiling icu_normalizer v1.5.0
   Compiling gix-lock v16.0.0
   Compiling gix-shallow v0.2.0
   Compiling gix-pathspec v0.9.0
   Compiling idna_adapter v1.2.0
   Compiling idna v1.0.3
   Compiling gix-revwalk v0.18.0
   Compiling gix-ref v0.50.0
   Compiling gix-pack v0.57.0
   Compiling gix-diff v0.50.0
   Compiling gix-filter v0.17.0
   Compiling url v2.5.4
   Compiling gix-revision v0.32.0
   Compiling gix-traverse v0.44.0
   Compiling gix-negotiate v0.18.0
   Compiling gix-index v0.38.0
   Compiling toml v0.8.21
   Compiling gix-url v0.29.0
   Compiling gix-refspec v0.28.0
   Compiling gix-transport v0.45.0
   Compiling gix-credentials v0.27.0
   Compiling cargo_toml v0.22.1
   Compiling cargo-lock v10.1.0
   Compiling gix-config v0.43.0
   Compiling gix-discover v0.38.0
   Compiling gix-worktree v0.39.0
   Compiling gix-odb v0.67.0
   Compiling gix-protocol v0.48.0
   Compiling gix-submodule v0.17.0
   Compiling gix v0.70.0
   Compiling crates-index v3.7.0
   Compiling cargo-bazel v0.17.0 (/data/h445xu/.cache/bazel/_bazel_hongxu/cb1d7a31a70ed8ad21e47c68e1f45bef/external/rules_rust+/crate_universe)
    Finished `release` profile [optimized] target(s) in 1m 09s
Loading: 116 packages loaded
    currently loading: packages/check-http ... (5 packages)
Loading: 124 packages loaded
    currently loading: @@aspect_rules_py+//py ... (13 packages)
ERROR: /data/h445xu/repo/bazel-repos/cloned_repos/Checkmk__checkmk/omd/BUILD:124:9: no such package 'non-free/packages/cmk-mknotifyd': BUILD file not found in any of the following directories. Add a BUILD file to a directory to mark it as a package.
 - non-free/packages/cmk-mknotifyd and referenced by '//omd:skel_permissions_cce'
WARNING: Download from https://cpan.metacpan.org/modules/by-module/Params/Params-Validate-1.18.tar.gz failed: class java.io.FileNotFoundException GET returned 404 Not Found
ERROR: /data/h445xu/repo/bazel-repos/cloned_repos/Checkmk__checkmk/omd/BUILD:124:9: no such package 'non-free/packages/cmk-mknotifyd': BUILD file not found in any of the following directories. Add a BUILD file to a directory to mark it as a package.
 - non-free/packages/cmk-mknotifyd and referenced by '//omd:skel_permissions_cee'
ERROR: /data/h445xu/repo/bazel-repos/cloned_repos/Checkmk__checkmk/omd/BUILD:124:9: no such package 'non-free/packages/cmk-mknotifyd': BUILD file not found in any of the following directories. Add a BUILD file to a directory to mark it as a package.
 - non-free/packages/cmk-mknotifyd and referenced by '//omd:skel_permissions_cme'
ERROR: /data/h445xu/repo/bazel-repos/cloned_repos/Checkmk__checkmk/omd/BUILD:124:9: no such package 'non-free/packages/cmk-mknotifyd': BUILD file not found in any of the following directories. Add a BUILD file to a directory to mark it as a package.
 - non-free/packages/cmk-mknotifyd and referenced by '//omd:skel_permissions_cse'
Loading: 338 packages loaded
Loading: 430 packages loaded
Loading: 506 packages loaded
    currently loading: @@+_repo_rules+lcab// ... (2 packages)
Loading: 567 packages loaded
    currently loading: @@+_repo_rules+lcab// ... (2 packages)
Loading: 609 packages loaded
    currently loading: @@+_repo_rules+lcab// ... (2 packages)
Loading: 673 packages loaded
    currently loading: @@+_repo_rules+lcab// ... (7 packages)
WARNING: Download from https://assets.nagios.com/downloads/nagioscore/releases/nagios-3.5.1.tar.gz failed: class com.google.devtools.build.lib.bazel.repository.downloader.UnrecoverableHttpException Checksum was ca9dd68234fa090b3c35ecc8767b2c9eb743977eaf32612fa9b8341cc00a0f99 but wanted b4323f8c027bf3f409225eeb4f7fb8e55856092ef5f890206fc2983bc75b072e
Loading: 733 packages loaded
    currently loading: @@+_repo_rules+lcab// ... (9 packages)
Loading: 799 packages loaded
    currently loading: @@+_repo_rules+lcab// ... (11 packages)
Loading: 871 packages loaded
    currently loading: @@+_repo_rules+lcab// ... (11 packages)
Loading: 903 packages loaded
    currently loading: @@+_repo_rules+lcab// ... (12 packages)
Loading: 914 packages loaded
    currently loading: @@+_repo_rules+lcab// ... (12 packages)
Loading: 914 packages loaded
    currently loading: @@+_repo_rules+lcab// ... (12 packages)
Loading: 914 packages loaded
    currently loading: @@+_repo_rules+lcab// ... (12 packages)
Loading: 918 packages loaded
    currently loading: @@+_repo_rules+lcab// ... (12 packages)
Loading: 918 packages loaded
    currently loading: @@+_repo_rules+lcab// ... (12 packages)
WARNING: Download from https://ftp.nl.debian.org/debian-archive/debian/pool/main/h/heirloom-mailx/heirloom-mailx_12.5.orig.tar.gz failed: class javax.net.ssl.SSLHandshakeException (certificate_unknown) No subject alternative DNS name matching ftp.nl.debian.org found.
Loading: 918 packages loaded
    currently loading: @@+_repo_rules+lcab// ... (12 packages)
Loading: 925 packages loaded
    currently loading: @@+_repo_rules+lcab// ... (14 packages)
Loading: 925 packages loaded
    currently loading: @@+_repo_rules+lcab// ... (14 packages)
Loading: 930 packages loaded
    currently loading: @@+_repo_rules+lcab// ... (14 packages)
Loading: 930 packages loaded
    currently loading: @@+_repo_rules+lcab// ... (14 packages)
Loading: 931 packages loaded
    currently loading: @@+_repo_rules+lcab// ... (14 packages)
Loading: 931 packages loaded
    currently loading: @@+_repo_rules+lcab// ... (14 packages)
Loading: 932 packages loaded
    currently loading: @@+_repo_rules+lcab// ... (14 packages)
Loading: 934 packages loaded
    currently loading: @@+_repo_rules+lcab// ... (14 packages)
Loading: 936 packages loaded
    currently loading: @@+_repo_rules+lcab// ... (14 packages)
Loading: 936 packages loaded
    currently loading: @@+_repo_rules+lcab// ... (14 packages)
Loading: 936 packages loaded
    currently loading: @@+_repo_rules+lcab// ... (14 packages)
Loading: 937 packages loaded
    currently loading: @@+_repo_rules+lcab// ... (15 packages)
Loading: 938 packages loaded
    currently loading: @@+_repo_rules+lcab// ... (14 packages)
Loading: 940 packages loaded
    currently loading: @@+_repo_rules+lcab// ... (14 packages)
Loading: 940 packages loaded
    currently loading: @@+_repo_rules+lcab// ... (14 packages)
Loading: 940 packages loaded
    currently loading: @@+_repo_rules+lcab// ... (14 packages)
Loading: 947 packages loaded
    currently loading: @@+_repo_rules+lcab// ... (14 packages)
Loading: 956 packages loaded
    currently loading: @@+_repo_rules+lcab// ... (14 packages)
Loading: 962 packages loaded
    currently loading: @@+_repo_rules+lcab// ... (14 packages)
Loading: 978 packages loaded
    currently loading: @@+_repo_rules+lcab// ... (14 packages)
Loading: 1012 packages loaded
    currently loading: @@+_repo_rules+lcab// ... (14 packages)
WARNING: Download from https://www.cpan.org/modules/by-module/Sys/Sys-SigAction-0.21.tar.gz failed: class java.io.FileNotFoundException GET returned 404 Not Found
Loading: 1050 packages loaded
    currently loading: @@+_repo_rules+lcab// ... (14 packages)
Loading: 1104 packages loaded
    currently loading: @@+_repo_rules+lcab// ... (14 packages)
Loading: 1152 packages loaded
    currently loading: @@+_repo_rules+lcab// ... (14 packages)
Loading: 1207 packages loaded
    currently loading: @@+_repo_rules+lcab// ... (14 packages)
Loading: 1230 packages loaded
    currently loading: @@+_repo_rules+lcab// ... (14 packages)
Loading: 1269 packages loaded
    currently loading: @@+_repo_rules+lcab// ... (14 packages)
Loading: 1323 packages loaded
    currently loading: @@+_repo_rules+lcab// ... (14 packages)
Loading: 1383 packages loaded
    currently loading: @@+_repo_rules+lcab// ... (14 packages)
Loading: 1398 packages loaded
    currently loading: @@+_repo_rules+lcab// ... (14 packages)
Loading: 1400 packages loaded
    currently loading: @@+_repo_rules+lcab// ... (14 packages)
Loading: 1405 packages loaded
    currently loading: @@+_repo_rules+lcab// ... (14 packages)
Loading: 1410 packages loaded
    currently loading: @@+_repo_rules+lcab// ... (14 packages)
Loading: 1410 packages loaded
    currently loading: @@+_repo_rules+lcab// ... (14 packages)
Loading: 1412 packages loaded
    currently loading: @@+_repo_rules+lcab// ... (14 packages)
Loading: 1416 packages loaded
    currently loading: @@+_repo_rules+lcab// ... (15 packages)
WARNING: Download from https://artifacts.lan.tribe29.com/repository/upstream-archives/heirloom-pkgtools-070227.tar.bz2 failed: class java.io.IOException Connect timed out
Loading: 1419 packages loaded
    currently loading: @@+_repo_rules+lcab// ... (14 packages)
WARNING: Download from https://artifacts.lan.tribe29.com/repository/upstream-archives/snap7-1.4.2.tar.gz failed: class java.io.IOException Connect timed out
INFO: Repository +_repo_rules+snap7 instantiated at:
  <builtin>: in <toplevel>
Repository rule http_archive defined at:
  /data/h445xu/.cache/bazel/_bazel_hongxu/cb1d7a31a70ed8ad21e47c68e1f45bef/external/bazel_tools/tools/build_defs/repo/http.bzl:394:31: in <toplevel>
ERROR: /data/h445xu/.cache/bazel/_bazel_hongxu/cb1d7a31a70ed8ad21e47c68e1f45bef/external/bazel_tools/tools/build_defs/repo/http.bzl:139:45: An error occurred during the fetch of repository '+_repo_rules+snap7':
   Traceback (most recent call last):
	File "/data/h445xu/.cache/bazel/_bazel_hongxu/cb1d7a31a70ed8ad21e47c68e1f45bef/external/bazel_tools/tools/build_defs/repo/http.bzl", line 139, column 45, in _http_archive_impl
		download_info = ctx.download_and_extract(
Error in download_and_extract: java.io.IOException: Error downloading [https://artifacts.lan.tribe29.com/repository/upstream-archives/snap7-1.4.2.tar.gz] to /data/h445xu/.cache/bazel/_bazel_hongxu/cb1d7a31a70ed8ad21e47c68e1f45bef/external/+_repo_rules+snap7/temp5044324296607155850/snap7-1.4.2.tar.gz: Connect timed out
ERROR: /data/h445xu/repo/bazel-repos/cloned_repos/Checkmk__checkmk/omd/packages/snap7/BUILD:4:10: no such package '@@+_repo_rules+snap7//': java.io.IOException: Error downloading [https://artifacts.lan.tribe29.com/repository/upstream-archives/snap7-1.4.2.tar.gz] to /data/h445xu/.cache/bazel/_bazel_hongxu/cb1d7a31a70ed8ad21e47c68e1f45bef/external/+_repo_rules+snap7/temp5044324296607155850/snap7-1.4.2.tar.gz: Connect timed out and referenced by '//omd/packages/snap7:lib_pkg'
Loading: 1429 packages loaded
    currently loading: @@+_repo_rules+lcab// ... (14 packages)
Loading: 1457 packages loaded
    currently loading: @@+_repo_rules+lcab// ... (14 packages)
Loading: 1502 packages loaded
    currently loading: @@+_repo_rules+lcab// ... (15 packages)
Loading: 1551 packages loaded
    currently loading: @@+_repo_rules+lcab// ... (12 packages)
Loading: 1597 packages loaded
WARNING: Download from https://artifacts.lan.tribe29.com/repository/upstream-archives/otp_src_26.2.5.13.tar.gz failed: class java.io.IOException Connect timed out
WARNING: Download from https://artifacts.lan.tribe29.com/repository/upstream-archives/nagvis-1.9.47.tar.gz failed: class java.io.IOException Connect timed out
WARNING: Download from https://artifacts.lan.tribe29.com/repository/upstream-archives/net-snmp-5.9.1.zip failed: class java.io.IOException Connect timed out
Loading: 1649 packages loaded
Loading: 1727 packages loaded
Loading: 1799 packages loaded
Loading: 1862 packages loaded
Loading: 1945 packages loaded
Loading: 2095 packages loaded
    currently loading: @@rules_rust++crate+site_crates__either-1.13.0// ... (3 packages)
Loading: 2181 packages loaded
    currently loading: @@rules_rust++crate+site_crates__litemap-0.7.4//
Loading: 2280 packages loaded
Loading: 2311 packages loaded
Loading: 2351 packages loaded
Loading: 2393 packages loaded
Loading: 2441 packages loaded
WARNING: Download from https://artifacts.lan.tribe29.com/repository/upstream-archives/Params-Validate-1.18.tar.gz failed: class java.io.IOException Connect timed out
INFO: Repository Params-Validate-1.18.tar.gz instantiated at:
  /data/h445xu/repo/bazel-repos/cloned_repos/Checkmk__checkmk/WORKSPACE:14:13: in <toplevel>
  /data/h445xu/repo/bazel-repos/cloned_repos/Checkmk__checkmk/omd/packages/perl-modules/perl-modules_http.bzl:352:18: in perl_modules
Repository rule http_file defined at:
  /data/h445xu/.cache/bazel/_bazel_hongxu/cb1d7a31a70ed8ad21e47c68e1f45bef/external/bazel_tools/tools/build_defs/repo/http.bzl:485:28: in <toplevel>
ERROR: /data/h445xu/.cache/bazel/_bazel_hongxu/cb1d7a31a70ed8ad21e47c68e1f45bef/external/bazel_tools/tools/build_defs/repo/http.bzl:181:33: An error occurred during the fetch of repository 'Params-Validate-1.18.tar.gz':
   Traceback (most recent call last):
	File "/data/h445xu/.cache/bazel/_bazel_hongxu/cb1d7a31a70ed8ad21e47c68e1f45bef/external/bazel_tools/tools/build_defs/repo/http.bzl", line 181, column 33, in _http_file_impl
		download_info = ctx.download(
Error in download: java.io.IOException: Error downloading [https://cpan.metacpan.org/modules/by-module/Params/Params-Validate-1.18.tar.gz, https://artifacts.lan.tribe29.com/repository/upstream-archives/Params-Validate-1.18.tar.gz] to /data/h445xu/.cache/bazel/_bazel_hongxu/cb1d7a31a70ed8ad21e47c68e1f45bef/external/Params-Validate-1.18.tar.gz/file/downloaded: Connect timed out
ERROR: /data/h445xu/repo/bazel-repos/cloned_repos/Checkmk__checkmk/omd/packages/perl-modules/BUILD:4:21: no such package '@@Params-Validate-1.18.tar.gz//file': java.io.IOException: Error downloading [https://cpan.metacpan.org/modules/by-module/Params/Params-Validate-1.18.tar.gz, https://artifacts.lan.tribe29.com/repository/upstream-archives/Params-Validate-1.18.tar.gz] to /data/h445xu/.cache/bazel/_bazel_hongxu/cb1d7a31a70ed8ad21e47c68e1f45bef/external/Params-Validate-1.18.tar.gz/file/downloaded: Connect timed out and referenced by '//omd/packages/perl-modules:Params-Validate-1.18.'
Loading: 2500 packages loaded
Loading: 2525 packages loaded
Loading: 2569 packages loaded
Loading: 2599 packages loaded
Loading: 2648 packages loaded
Loading: 2701 packages loaded
Loading: 2749 packages loaded
Loading: 2787 packages loaded
Loading: 2820 packages loaded
Loading: 2859 packages loaded
Loading: 2896 packages loaded
Loading: 2935 packages loaded
ERROR: /data/h445xu/repo/bazel-repos/cloned_repos/Checkmk__checkmk/BUILD:226:17: no such target '//non-free/packages/cmc-protocols/protocols:cmc_config/config.proto': Label '//non-free/packages/cmc-protocols/protocols:cmc_config/config.proto' crosses boundary of subpackage '' and referenced by '//:config_proto_cp'
ERROR: /data/h445xu/repo/bazel-repos/cloned_repos/Checkmk__checkmk/BUILD:219:17: no such target '//non-free/packages/cmc-protocols/protocols:cmc_config/cycletime.proto': Label '//non-free/packages/cmc-protocols/protocols:cmc_config/cycletime.proto' crosses boundary of subpackage '' and referenced by '//:cycletime_proto_cp'
ERROR: /data/h445xu/repo/bazel-repos/cloned_repos/Checkmk__checkmk/BUILD:71:24: no such package 'non-free/packages': BUILD file not found in any of the following directories. Add a BUILD file to a directory to mark it as a package.
 - non-free/packages and referenced by '//:requirements-in'
ERROR: /data/h445xu/repo/bazel-repos/cloned_repos/Checkmk__checkmk/BUILD:116:24: no such package 'non-free/packages': BUILD file not found in any of the following directories. Add a BUILD file to a directory to mark it as a package.
 - non-free/packages and referenced by '//:runtime-requirements-in'
ERROR: /data/h445xu/repo/bazel-repos/cloned_repos/Checkmk__checkmk/BUILD:238:17: no such target '//non-free/packages/cmc-protocols/protocols:cmc_config/state.proto': Label '//non-free/packages/cmc-protocols/protocols:cmc_config/state.proto' crosses boundary of subpackage '' and referenced by '//:state_proto_cp'
Loading: 2986 packages loaded
    currently loading: @@rules_go+//
Loading: 3067 packages loaded
Loading: 3100 packages loaded
Loading: 3123 packages loaded
    currently loading: @@aspect_rules_js++npm+npm_cmk_frontend_vue__at_vue_compiler-core__3.5.13//
Loading: 3150 packages loaded
Loading: 3160 packages loaded
Loading: 3182 packages loaded
Loading: 3191 packages loaded
Loading: 3206 packages loaded
WARNING: Download from https://artifacts.lan.tribe29.com/repository/upstream-archives/nagios-3.5.1.tar.gz failed: class java.io.IOException Connect timed out
INFO: Repository nagios instantiated at:
  /data/h445xu/repo/bazel-repos/cloned_repos/Checkmk__checkmk/WORKSPACE:30:17: in <toplevel>
  /data/h445xu/repo/bazel-repos/cloned_repos/Checkmk__checkmk/omd/packages/nagios/nagios_http.bzl:7:17: in nagios_workspace
Repository rule http_archive defined at:
  /data/h445xu/.cache/bazel/_bazel_hongxu/cb1d7a31a70ed8ad21e47c68e1f45bef/external/bazel_tools/tools/build_defs/repo/http.bzl:394:31: in <toplevel>
ERROR: /data/h445xu/.cache/bazel/_bazel_hongxu/cb1d7a31a70ed8ad21e47c68e1f45bef/external/bazel_tools/tools/build_defs/repo/http.bzl:139:45: An error occurred during the fetch of repository 'nagios':
   Traceback (most recent call last):
	File "/data/h445xu/.cache/bazel/_bazel_hongxu/cb1d7a31a70ed8ad21e47c68e1f45bef/external/bazel_tools/tools/build_defs/repo/http.bzl", line 139, column 45, in _http_archive_impl
		download_info = ctx.download_and_extract(
Error in download_and_extract: java.io.IOException: Error downloading [https://assets.nagios.com/downloads/nagioscore/releases/nagios-3.5.1.tar.gz, https://artifacts.lan.tribe29.com/repository/upstream-archives/nagios-3.5.1.tar.gz] to /data/h445xu/.cache/bazel/_bazel_hongxu/cb1d7a31a70ed8ad21e47c68e1f45bef/external/nagios/temp10280894407520148963/nagios-3.5.1.tar.gz: Connect timed out
ERROR: /data/h445xu/repo/bazel-repos/cloned_repos/Checkmk__checkmk/omd/packages/nagios/BUILD:7:23: no such package '@@nagios//': java.io.IOException: Error downloading [https://assets.nagios.com/downloads/nagioscore/releases/nagios-3.5.1.tar.gz, https://artifacts.lan.tribe29.com/repository/upstream-archives/nagios-3.5.1.tar.gz] to /data/h445xu/.cache/bazel/_bazel_hongxu/cb1d7a31a70ed8ad21e47c68e1f45bef/external/nagios/temp10280894407520148963/nagios-3.5.1.tar.gz: Connect timed out and referenced by '//omd/packages/nagios:nagios_rest'
ERROR: /data/h445xu/repo/bazel-repos/cloned_repos/Checkmk__checkmk/omd/packages/nagios/BUILD:23:10: no such package '@@nagios//': java.io.IOException: Error downloading [https://assets.nagios.com/downloads/nagioscore/releases/nagios-3.5.1.tar.gz, https://artifacts.lan.tribe29.com/repository/upstream-archives/nagios-3.5.1.tar.gz] to /data/h445xu/.cache/bazel/_bazel_hongxu/cb1d7a31a70ed8ad21e47c68e1f45bef/external/nagios/temp10280894407520148963/nagios-3.5.1.tar.gz: Connect timed out and referenced by '//omd/packages/nagios:nagios_bin'
Loading: 3234 packages loaded
Loading: 3263 packages loaded
INFO: Repository rules_python++pip+cmk_requirements_312_python_active_directory instantiated at:
  <builtin>: in <toplevel>
Repository rule whl_library defined at:
  /data/h445xu/.cache/bazel/_bazel_hongxu/cb1d7a31a70ed8ad21e47c68e1f45bef/external/rules_python+/python/private/pypi/whl_library.bzl:533:30: in <toplevel>
ERROR: /data/h445xu/.cache/bazel/_bazel_hongxu/cb1d7a31a70ed8ad21e47c68e1f45bef/external/rules_python+/python/private/repo_utils.bzl:80:16: An error occurred during the fetch of repository 'rules_python++pip+cmk_requirements_312_python_active_directory':
   Traceback (most recent call last):
	File "/data/h445xu/.cache/bazel/_bazel_hongxu/cb1d7a31a70ed8ad21e47c68e1f45bef/external/rules_python+/python/private/pypi/whl_library.bzl", line 306, column 40, in _whl_library_impl
		pypi_repo_utils.execute_checked(
	File "/data/h445xu/.cache/bazel/_bazel_hongxu/cb1d7a31a70ed8ad21e47c68e1f45bef/external/rules_python+/python/private/pypi/pypi_repo_utils.bzl", line 140, column 38, in _execute_checked
		return repo_utils.execute_checked(
	File "/data/h445xu/.cache/bazel/_bazel_hongxu/cb1d7a31a70ed8ad21e47c68e1f45bef/external/rules_python+/python/private/repo_utils.bzl", line 217, column 29, in _execute_checked
		return _execute_internal(fail_on_error = True, *args, **kwargs)
	File "/data/h445xu/.cache/bazel/_bazel_hongxu/cb1d7a31a70ed8ad21e47c68e1f45bef/external/rules_python+/python/private/repo_utils.bzl", line 148, column 27, in _execute_internal
		return logger.fail((
	File "/data/h445xu/.cache/bazel/_bazel_hongxu/cb1d7a31a70ed8ad21e47c68e1f45bef/external/rules_python+/python/private/repo_utils.bzl", line 90, column 39, in lambda
		fail = lambda message_cb: _log(-1, "FAIL", message_cb, fail),
	File "/data/h445xu/.cache/bazel/_bazel_hongxu/cb1d7a31a70ed8ad21e47c68e1f45bef/external/rules_python+/python/private/repo_utils.bzl", line 80, column 16, in _log
		printer("\nrules_python:{} {}:".format(
Error in fail: 
rules_python:whl_library(@@rules_python++pip+cmk_requirements_312_python_active_directory) FAIL: repo.execute: whl_library.ResolveRequirement(rules_python++pip+cmk_requirements_312_python_active_directory, python-active-directory==2.0.1): end: failure:
  command: /data/h445xu/.cache/bazel/_bazel_hongxu/cb1d7a31a70ed8ad21e47c68e1f45bef/external/rules_python++python+python_3_12_11_host/python -B -m python.private.pypi.whl_installer.wheel_installer --requirement "python-active-directory==2.0.1 --hash=sha256:023d5d47fa1fc966527d63d73b6c3864a233c236e3e258f9af778e73549230e0 --hash=sha256:119f0acf9d4cba8ee99639602969214757100a12f3fafe6a6083ead56bfc655b --hash=sha256:1a7224725d84a03e5e3dda1090c5e8fa8a901983ae2770035b1541e4c9563814 --hash=sha256:1dd75e0c1ef915e2065fd454130d4ee634a4352442b1571a116531f7d7719141 --hash=sha256:25ebc8fe2df7ca35d16235bd3c84dc725a3cfc6ef2c127091d64bb0cb33f772f --hash=sha256:2c9dbcd5227960ee1e66565a731bf9e2f6a51e883d41fca03c38db168796307e --hash=sha256:36f043366ad2e4847940c5506937edc19c117720e2385124742b3492dd8f892e --hash=sha256:3d22e40996a26456ab6025525aa4f9d7e21c20f7a93fde978279fd38ac13b480 --hash=sha256:412575b2bcab80d7701e8481257303081cfd862b504b87a5936dab43ffa86735 --hash=sha256:4179021d759140163522d051f77e14a6c4597dae62a9ae13c52f07a94538b50e --hash=sha256:42cddf65651c9e3e74bfbe881ad5222214055ff0adcc46c3b89d4a2dd9b1bbc9 --hash=sha256:4cc39cfc684a05c132f8a169ee89d65edc5a5d9aa4f3d08ed016bfae0a296ab9 --hash=sha256:4f06794a730c575153694dd5e4b257b64e81633c826030cd3265fd422d6a1317 --hash=sha256:550b6c399b8134f0bcbd23e3a8f1f49c680b23b4bdb659c1d75d93a99cb2c5e3 --hash=sha256:554ed6609b9d2e42bc94f27afec3db9336215fe5ebbbbcc0a4f55d767b1b179c --hash=sha256:5a4e43e73400b56c2944ad083dbc636a235a5ad8041650e653ed6475528fd9a8 --hash=sha256:5f1dc7352589051b3a582b2b887fbe1d4bb4d34339a7caa125ae710d00d37c84 --hash=sha256:6796525928ac684d856b29452900af13312bc075cadabe7b48f9b1f4716406d1 --hash=sha256:75910febfc2dafe4746604beedcf48e7c3cb1a7ede1bb64d538772fdd17fbd1e --hash=sha256:78620bce064713fbe15b5cbd8184b06424e695450c2bf2a120d478439aa14547 --hash=sha256:86755431ca451986f8fa49ab0ff7cbbd04b4312fccd11b7aca3ed1d0315c0f28 --hash=sha256:89633bfd19b7075fa581f1945f1d6c153ec561f69104354d16622e4927ae6adb --hash=sha256:89aba83e36ff9139bf287ec136088128cbd41a3a6b4d640d9a05121cb4cf4939 --hash=sha256:8c01b00865f959adb89c1135de617dd1f60241bd95bf5c100474141ecf013dbe --hash=sha256:9534f84a857912091d97dbf6f92afc3f1390e049fd2a59aa9c61bce97205afa2 --hash=sha256:9de88ee7abe7557b87a67f29e56056239e350889d7d5cacbca37718f113e1516 --hash=sha256:a41b77e8c2cc5144d4efe0c41d00d93646d54f64f8a951a7d33ea63a1551e84a --hash=sha256:a55eba00e4cf31b94bf145db8732fae40eda95467aa2e8008bd756d4cd72e9ba --hash=sha256:ab614fc563f8d99d83660b72cb847c667f9748fe526ef11b081c46fdebbc77ad --hash=sha256:aec2c255c8cf2bd8705ef80ed88e2a4a4d5671a1b4b54ecfac414cd3ffff1624 --hash=sha256:c1e10a3c739de454babf6c758b0ba0e51096e2819a5b6033f131fd4c78320397 --hash=sha256:ca856085dbb5e587a4ae0e26eeff7f497ab22e3ca0e91048f26ada7799e15b00 --hash=sha256:d23740a78a77abe8f49f4486aaae3092bb9c1a94536c4505755c293409cdf7ff --hash=sha256:d3025b16e1d722025f9ea76582c7408bd7d61a228f3213f4ea80332bf8a2ec37 --hash=sha256:d3288c4244171193b3d809968d8e0d4521b9e6b0a430f92a4fa991fa2e3f90be --hash=sha256:d352bdeed5626d6b10e87683bf779622620fded79589323adb0141e65cc09022 --hash=sha256:d785d5c60a1bd280efb09a895cd95fda75f532451aa01cfd9a89d803680cf5fe --hash=sha256:d95bdacff0f12b75f3b6a31ae5a96492a2b8c92b3d65bccaa5505c9f7871c7fd --hash=sha256:e65b3345cac28e0764628190ed46749411569438a5c30f6a99253ec626473344 --hash=sha256:e884238ea1d022ad9690842a548fe1b5f7949cd9301b7c8597d8da561f0b66de --hash=sha256:ece76c609fb48c36484ab9182bfd87fd9c9d6102c4a1f632ad92c95cf94fa820 --hash=sha256:f206d8f039a8ecbbd8d82ec330ebe270a380c6c533f437340993dc9c0b5c5cf3 --hash=sha256:f7283f9063e55f96018c3f3fa041e0de6e491d9496da982fd8b37b91fefc6012 --hash=sha256:f760e7f4f2f9d671efb09e1ef7b7064c3ab03dd492e5dabb0108b5e59a997848 --hash=sha256:fc5f5bf45840e33e000527eaa9241b264e651c764b800bdd9a920449e3f3c57a --hash=sha256:febd238057469a11650db2a178d269a5142e106381197e3754c6c15815c97082" --isolated --extra_pip_args "{\"arg\":[\"--index-url\",\"https://pypi.org/simple\"]}" --pip_data_exclude "{\"arg\":[]}" --environment "{\"arg\":{\"CC\":\"gcc-13\"}}"
  return code: 1
  working dir: <default: /data/h445xu/.cache/bazel/_bazel_hongxu/cb1d7a31a70ed8ad21e47c68e1f45bef/external/rules_python++pip+cmk_requirements_312_python_active_directory>
  timeout: 600
  environment:
PYTHONPATH="/data/h445xu/.cache/bazel/_bazel_hongxu/cb1d7a31a70ed8ad21e47c68e1f45bef/external/rules_python+:/data/h445xu/.cache/bazel/_bazel_hongxu/cb1d7a31a70ed8ad21e47c68e1f45bef/external/rules_python++internal_deps+pypi__build:/data/h445xu/.cache/bazel/_bazel_hongxu/cb1d7a31a70ed8ad21e47c68e1f45bef/external/rules_python++internal_deps+pypi__click:/data/h445xu/.cache/bazel/_bazel_hongxu/cb1d7a31a70ed8ad21e47c68e1f45bef/external/rules_python++internal_deps+pypi__colorama:/data/h445xu/.cache/bazel/_bazel_hongxu/cb1d7a31a70ed8ad21e47c68e1f45bef/external/rules_python++internal_deps+pypi__importlib_metadata:/data/h445xu/.cache/bazel/_bazel_hongxu/cb1d7a31a70ed8ad21e47c68e1f45bef/external/rules_python++internal_deps+pypi__installer:/data/h445xu/.cache/bazel/_bazel_hongxu/cb1d7a31a70ed8ad21e47c68e1f45bef/external/rules_python++internal_deps+pypi__more_itertools:/data/h445xu/.cache/bazel/_bazel_hongxu/cb1d7a31a70ed8ad21e47c68e1f45bef/external/rules_python++internal_deps+pypi__packaging:/data/h445xu/.cache/bazel/_bazel_hongxu/cb1d7a31a70ed8ad21e47c68e1f45bef/external/rules_python++internal_deps+pypi__pep517:/data/h445xu/.cache/bazel/_bazel_hongxu/cb1d7a31a70ed8ad21e47c68e1f45bef/external/rules_python++internal_deps+pypi__pip:/data/h445xu/.cache/bazel/_bazel_hongxu/cb1d7a31a70ed8ad21e47c68e1f45bef/external/rules_python++internal_deps+pypi__pip_tools:/data/h445xu/.cache/bazel/_bazel_hongxu/cb1d7a31a70ed8ad21e47c68e1f45bef/external/rules_python++internal_deps+pypi__pyproject_hooks:/data/h445xu/.cache/bazel/_bazel_hongxu/cb1d7a31a70ed8ad21e47c68e1f45bef/external/rules_python++internal_deps+pypi__setuptools:/data/h445xu/.cache/bazel/_bazel_hongxu/cb1d7a31a70ed8ad21e47c68e1f45bef/external/rules_python++internal_deps+pypi__tomli:/data/h445xu/.cache/bazel/_bazel_hongxu/cb1d7a31a70ed8ad21e47c68e1f45bef/external/rules_python++internal_deps+pypi__wheel:/data/h445xu/.cache/bazel/_bazel_hongxu/cb1d7a31a70ed8ad21e47c68e1f45bef/external/rules_python++internal_deps+pypi__zipp"
CPPFLAGS="-isystem /data/h445xu/.cache/bazel/_bazel_hongxu/cb1d7a31a70ed8ad21e47c68e1f45bef/external/rules_python++python+python_3_12_11_host/include/python3.12"
===== stdout start =====
Collecting python-active-directory==2.0.1 (from -r /tmp/tmp_ogorqjk (line 1))
  Downloading python-active-directory-2.0.1.tar.gz (35 kB)
  Preparing metadata (setup.py): started
  Preparing metadata (setup.py): finished with status 'done'
Building wheels for collected packages: python-active-directory
  Building wheel for python-active-directory (setup.py): started
  Building wheel for python-active-directory (setup.py): finished with status 'error'
  Running setup.py clean for python-active-directory
Failed to build python-active-directory
===== stdout end =====
===== stderr start =====
  error: subprocess-exited-with-error
  
  × python setup.py bdist_wheel did not run successfully.
  │ exit code: 1
  ╰─> [36 lines of output]
      running bdist_wheel
      running build
      running build_py
      creating build
      creating build/lib.linux-x86_64-cpython-312
      creating build/lib.linux-x86_64-cpython-312/activedirectory
      copying lib/activedirectory/__init__.py -> build/lib.linux-x86_64-cpython-312/activedirectory
      creating build/lib.linux-x86_64-cpython-312/activedirectory/core
      copying lib/activedirectory/core/__init__.py -> build/lib.linux-x86_64-cpython-312/activedirectory/core
      copying lib/activedirectory/core/object.py -> build/lib.linux-x86_64-cpython-312/activedirectory/core
      copying lib/activedirectory/core/locate.py -> build/lib.linux-x86_64-cpython-312/activedirectory/core
      copying lib/activedirectory/core/exception.py -> build/lib.linux-x86_64-cpython-312/activedirectory/core
      copying lib/activedirectory/core/client.py -> build/lib.linux-x86_64-cpython-312/activedirectory/core
      copying lib/activedirectory/core/creds.py -> build/lib.linux-x86_64-cpython-312/activedirectory/core
      copying lib/activedirectory/core/constant.py -> build/lib.linux-x86_64-cpython-312/activedirectory/core
      creating build/lib.linux-x86_64-cpython-312/activedirectory/protocol
      copying lib/activedirectory/protocol/__init__.py -> build/lib.linux-x86_64-cpython-312/activedirectory/protocol
      copying lib/activedirectory/protocol/netlogon.py -> build/lib.linux-x86_64-cpython-312/activedirectory/protocol
      copying lib/activedirectory/protocol/ldapfilter.py -> build/lib.linux-x86_64-cpython-312/activedirectory/protocol
      copying lib/activedirectory/protocol/ldap.py -> build/lib.linux-x86_64-cpython-312/activedirectory/protocol
      copying lib/activedirectory/protocol/ldapfilter_tab.py -> build/lib.linux-x86_64-cpython-312/activedirectory/protocol
      copying lib/activedirectory/protocol/asn1.py -> build/lib.linux-x86_64-cpython-312/activedirectory/protocol
      creating build/lib.linux-x86_64-cpython-312/activedirectory/util
      copying lib/activedirectory/util/__init__.py -> build/lib.linux-x86_64-cpython-312/activedirectory/util
      copying lib/activedirectory/util/misc.py -> build/lib.linux-x86_64-cpython-312/activedirectory/util
      copying lib/activedirectory/util/parser.py -> build/lib.linux-x86_64-cpython-312/activedirectory/util
      copying lib/activedirectory/util/compat.py -> build/lib.linux-x86_64-cpython-312/activedirectory/util
      copying lib/activedirectory/util/log.py -> build/lib.linux-x86_64-cpython-312/activedirectory/util
      running build_ext
      building 'activedirectory.protocol.krb5' extension
      creating build/temp.linux-x86_64-cpython-312
      creating build/temp.linux-x86_64-cpython-312/lib
      creating build/temp.linux-x86_64-cpython-312/lib/activedirectory
      creating build/temp.linux-x86_64-cpython-312/lib/activedirectory/protocol
      gcc-13 -fno-strict-overflow -Wsign-compare -Wunreachable-code -DNDEBUG -g -O3 -Wall -fPIC -g0 -isystem /data/h445xu/.cache/bazel/_bazel_hongxu/cb1d7a31a70ed8ad21e47c68e1f45bef/external/rules_python++python+python_3_12_11_host/include/python3.12 -fPIC -I/data/h445xu/.cache/bazel/_bazel_hongxu/cb1d7a31a70ed8ad21e47c68e1f45bef/external/rules_python++python+python_3_12_11_x86_64-unknown-linux-gnu/include/python3.12 -c lib/activedirectory/protocol/krb5.c -o build/temp.linux-x86_64-cpython-312/lib/activedirectory/protocol/krb5.o
      error: command 'gcc-13' failed: No such file or directory
      [end of output]
  
  note: This error originates from a subprocess, and is likely not a problem with pip.
  ERROR: Failed building wheel for python-active-directory
ERROR: Failed to build one or more wheels
Traceback (most recent call last):
  File "<frozen runpy>", line 198, in _run_module_as_main
  File "<frozen runpy>", line 88, in _run_code
  File "/data/h445xu/.cache/bazel/_bazel_hongxu/cb1d7a31a70ed8ad21e47c68e1f45bef/external/rules_python+/python/private/pypi/whl_installer/wheel_installer.py", line 206, in <module>
    main()
  File "/data/h445xu/.cache/bazel/_bazel_hongxu/cb1d7a31a70ed8ad21e47c68e1f45bef/external/rules_python+/python/private/pypi/whl_installer/wheel_installer.py", line 191, in main
    subprocess.run(pip_args, check=True, env=env)
  File "/data/h445xu/.cache/bazel/_bazel_hongxu/cb1d7a31a70ed8ad21e47c68e1f45bef/external/rules_python++python+python_3_12_11_x86_64-unknown-linux-gnu/lib/python3.12/subprocess.py", line 571, in run
    raise CalledProcessError(retcode, process.args,
subprocess.CalledProcessError: Command '['/data/h445xu/.cache/bazel/_bazel_hongxu/cb1d7a31a70ed8ad21e47c68e1f45bef/external/rules_python++python+python_3_12_11_host/python', '-m', 'pip', '--isolated', 'wheel', '--no-deps', '--index-url', 'https://pypi.org/simple', '-r', '/tmp/tmp_ogorqjk']' returned non-zero exit status 1.
===== stderr end =====
ERROR: /data/h445xu/.cache/bazel/_bazel_hongxu/cb1d7a31a70ed8ad21e47c68e1f45bef/external/rules_python++pip+cmk_requirements/python_active_directory/BUILD.bazel:5:12: no such package '@@rules_python++pip+cmk_requirements_312_python_active_directory//': 
rules_python:whl_library(@@rules_python++pip+cmk_requirements_312_python_active_directory) FAIL: repo.execute: whl_library.ResolveRequirement(rules_python++pip+cmk_requirements_312_python_active_directory, python-active-directory==2.0.1): end: failure:
  command: /data/h445xu/.cache/bazel/_bazel_hongxu/cb1d7a31a70ed8ad21e47c68e1f45bef/external/rules_python++python+python_3_12_11_host/python -B -m python.private.pypi.whl_installer.wheel_installer --requirement "python-active-directory==2.0.1 --hash=sha256:023d5d47fa1fc966527d63d73b6c3864a233c236e3e258f9af778e73549230e0 --hash=sha256:119f0acf9d4cba8ee99639602969214757100a12f3fafe6a6083ead56bfc655b --hash=sha256:1a7224725d84a03e5e3dda1090c5e8fa8a901983ae2770035b1541e4c9563814 --hash=sha256:1dd75e0c1ef915e2065fd454130d4ee634a4352442b1571a116531f7d7719141 --hash=sha256:25ebc8fe2df7ca35d16235bd3c84dc725a3cfc6ef2c127091d64bb0cb33f772f --hash=sha256:2c9dbcd5227960ee1e66565a731bf9e2f6a51e883d41fca03c38db168796307e --hash=sha256:36f043366ad2e4847940c5506937edc19c117720e2385124742b3492dd8f892e --hash=sha256:3d22e40996a26456ab6025525aa4f9d7e21c20f7a93fde978279fd38ac13b480 --hash=sha256:412575b2bcab80d7701e8481257303081cfd862b504b87a5936dab43ffa86735 --hash=sha256:4179021d759140163522d051f77e14a6c4597dae62a9ae13c52f07a94538b50e --hash=sha256:42cddf65651c9e3e74bfbe881ad5222214055ff0adcc46c3b89d4a2dd9b1bbc9 --hash=sha256:4cc39cfc684a05c132f8a169ee89d65edc5a5d9aa4f3d08ed016bfae0a296ab9 --hash=sha256:4f06794a730c575153694dd5e4b257b64e81633c826030cd3265fd422d6a1317 --hash=sha256:550b6c399b8134f0bcbd23e3a8f1f49c680b23b4bdb659c1d75d93a99cb2c5e3 --hash=sha256:554ed6609b9d2e42bc94f27afec3db9336215fe5ebbbbcc0a4f55d767b1b179c --hash=sha256:5a4e43e73400b56c2944ad083dbc636a235a5ad8041650e653ed6475528fd9a8 --hash=sha256:5f1dc7352589051b3a582b2b887fbe1d4bb4d34339a7caa125ae710d00d37c84 --hash=sha256:6796525928ac684d856b29452900af13312bc075cadabe7b48f9b1f4716406d1 --hash=sha256:75910febfc2dafe4746604beedcf48e7c3cb1a7ede1bb64d538772fdd17fbd1e --hash=sha256:78620bce064713fbe15b5cbd8184b06424e695450c2bf2a120d478439aa14547 --hash=sha256:86755431ca451986f8fa49ab0ff7cbbd04b4312fccd11b7aca3ed1d0315c0f28 --hash=sha256:89633bfd19b7075fa581f1945f1d6c153ec561f69104354d16622e4927ae6adb --hash=sha256:89aba83e36ff9139bf287ec136088128cbd41a3a6b4d640d9a05121cb4cf4939 --hash=sha256:8c01b00865f959adb89c1135de617dd1f60241bd95bf5c100474141ecf013dbe --hash=sha256:9534f84a857912091d97dbf6f92afc3f1390e049fd2a59aa9c61bce97205afa2 --hash=sha256:9de88ee7abe7557b87a67f29e56056239e350889d7d5cacbca37718f113e1516 --hash=sha256:a41b77e8c2cc5144d4efe0c41d00d93646d54f64f8a951a7d33ea63a1551e84a --hash=sha256:a55eba00e4cf31b94bf145db8732fae40eda95467aa2e8008bd756d4cd72e9ba --hash=sha256:ab614fc563f8d99d83660b72cb847c667f9748fe526ef11b081c46fdebbc77ad --hash=sha256:aec2c255c8cf2bd8705ef80ed88e2a4a4d5671a1b4b54ecfac414cd3ffff1624 --hash=sha256:c1e10a3c739de454babf6c758b0ba0e51096e2819a5b6033f131fd4c78320397 --hash=sha256:ca856085dbb5e587a4ae0e26eeff7f497ab22e3ca0e91048f26ada7799e15b00 --hash=sha256:d23740a78a77abe8f49f4486aaae3092bb9c1a94536c4505755c293409cdf7ff --hash=sha256:d3025b16e1d722025f9ea76582c7408bd7d61a228f3213f4ea80332bf8a2ec37 --hash=sha256:d3288c4244171193b3d809968d8e0d4521b9e6b0a430f92a4fa991fa2e3f90be --hash=sha256:d352bdeed5626d6b10e87683bf779622620fded79589323adb0141e65cc09022 --hash=sha256:d785d5c60a1bd280efb09a895cd95fda75f532451aa01cfd9a89d803680cf5fe --hash=sha256:d95bdacff0f12b75f3b6a31ae5a96492a2b8c92b3d65bccaa5505c9f7871c7fd --hash=sha256:e65b3345cac28e0764628190ed46749411569438a5c30f6a99253ec626473344 --hash=sha256:e884238ea1d022ad9690842a548fe1b5f7949cd9301b7c8597d8da561f0b66de --hash=sha256:ece76c609fb48c36484ab9182bfd87fd9c9d6102c4a1f632ad92c95cf94fa820 --hash=sha256:f206d8f039a8ecbbd8d82ec330ebe270a380c6c533f437340993dc9c0b5c5cf3 --hash=sha256:f7283f9063e55f96018c3f3fa041e0de6e491d9496da982fd8b37b91fefc6012 --hash=sha256:f760e7f4f2f9d671efb09e1ef7b7064c3ab03dd492e5dabb0108b5e59a997848 --hash=sha256:fc5f5bf45840e33e000527eaa9241b264e651c764b800bdd9a920449e3f3c57a --hash=sha256:febd238057469a11650db2a178d269a5142e106381197e3754c6c15815c97082" --isolated --extra_pip_args "{\"arg\":[\"--index-url\",\"https://pypi.org/simple\"]}" --pip_data_exclude "{\"arg\":[]}" --environment "{\"arg\":{\"CC\":\"gcc-13\"}}"
  return code: 1
  working dir: <default: /data/h445xu/.cache/bazel/_bazel_hongxu/cb1d7a31a70ed8ad21e47c68e1f45bef/external/rules_python++pip+cmk_requirements_312_python_active_directory>
  timeout: 600
  environment:
PYTHONPATH="/data/h445xu/.cache/bazel/_bazel_hongxu/cb1d7a31a70ed8ad21e47c68e1f45bef/external/rules_python+:/data/h445xu/.cache/bazel/_bazel_hongxu/cb1d7a31a70ed8ad21e47c68e1f45bef/external/rules_python++internal_deps+pypi__build:/data/h445xu/.cache/bazel/_bazel_hongxu/cb1d7a31a70ed8ad21e47c68e1f45bef/external/rules_python++internal_deps+pypi__click:/data/h445xu/.cache/bazel/_bazel_hongxu/cb1d7a31a70ed8ad21e47c68e1f45bef/external/rules_python++internal_deps+pypi__colorama:/data/h445xu/.cache/bazel/_bazel_hongxu/cb1d7a31a70ed8ad21e47c68e1f45bef/external/rules_python++internal_deps+pypi__importlib_metadata:/data/h445xu/.cache/bazel/_bazel_hongxu/cb1d7a31a70ed8ad21e47c68e1f45bef/external/rules_python++internal_deps+pypi__installer:/data/h445xu/.cache/bazel/_bazel_hongxu/cb1d7a31a70ed8ad21e47c68e1f45bef/external/rules_python++internal_deps+pypi__more_itertools:/data/h445xu/.cache/bazel/_bazel_hongxu/cb1d7a31a70ed8ad21e47c68e1f45bef/external/rules_python++internal_deps+pypi__packaging:/data/h445xu/.cache/bazel/_bazel_hongxu/cb1d7a31a70ed8ad21e47c68e1f45bef/external/rules_python++internal_deps+pypi__pep517:/data/h445xu/.cache/bazel/_bazel_hongxu/cb1d7a31a70ed8ad21e47c68e1f45bef/external/rules_python++internal_deps+pypi__pip:/data/h445xu/.cache/bazel/_bazel_hongxu/cb1d7a31a70ed8ad21e47c68e1f45bef/external/rules_python++internal_deps+pypi__pip_tools:/data/h445xu/.cache/bazel/_bazel_hongxu/cb1d7a31a70ed8ad21e47c68e1f45bef/external/rules_python++internal_deps+pypi__pyproject_hooks:/data/h445xu/.cache/bazel/_bazel_hongxu/cb1d7a31a70ed8ad21e47c68e1f45bef/external/rules_python++internal_deps+pypi__setuptools:/data/h445xu/.cache/bazel/_bazel_hongxu/cb1d7a31a70ed8ad21e47c68e1f45bef/external/rules_python++internal_deps+pypi__tomli:/data/h445xu/.cache/bazel/_bazel_hongxu/cb1d7a31a70ed8ad21e47c68e1f45bef/external/rules_python++internal_deps+pypi__wheel:/data/h445xu/.cache/bazel/_bazel_hongxu/cb1d7a31a70ed8ad21e47c68e1f45bef/external/rules_python++internal_deps+pypi__zipp"
CPPFLAGS="-isystem /data/h445xu/.cache/bazel/_bazel_hongxu/cb1d7a31a70ed8ad21e47c68e1f45bef/external/rules_python++python+python_3_12_11_host/include/python3.12"
===== stdout start =====
Collecting python-active-directory==2.0.1 (from -r /tmp/tmp_ogorqjk (line 1))
  Downloading python-active-directory-2.0.1.tar.gz (35 kB)
  Preparing metadata (setup.py): started
  Preparing metadata (setup.py): finished with status 'done'
Building wheels for collected packages: python-active-directory
  Building wheel for python-active-directory (setup.py): started
  Building wheel for python-active-directory (setup.py): finished with status 'error'
  Running setup.py clean for python-active-directory
Failed to build python-active-directory
===== stdout end =====
===== stderr start =====
  error: subprocess-exited-with-error
  
  × python setup.py bdist_wheel did not run successfully.
  │ exit code: 1
  ╰─> [36 lines of output]
      running bdist_wheel
      running build
      running build_py
      creating build
      creating build/lib.linux-x86_64-cpython-312
      creating build/lib.linux-x86_64-cpython-312/activedirectory
      copying lib/activedirectory/__init__.py -> build/lib.linux-x86_64-cpython-312/activedirectory
      creating build/lib.linux-x86_64-cpython-312/activedirectory/core
      copying lib/activedirectory/core/__init__.py -> build/lib.linux-x86_64-cpython-312/activedirectory/core
      copying lib/activedirectory/core/object.py -> build/lib.linux-x86_64-cpython-312/activedirectory/core
      copying lib/activedirectory/core/locate.py -> build/lib.linux-x86_64-cpython-312/activedirectory/core
      copying lib/activedirectory/core/exception.py -> build/lib.linux-x86_64-cpython-312/activedirectory/core
      copying lib/activedirectory/core/client.py -> build/lib.linux-x86_64-cpython-312/activedirectory/core
      copying lib/activedirectory/core/creds.py -> build/lib.linux-x86_64-cpython-312/activedirectory/core
      copying lib/activedirectory/core/constant.py -> build/lib.linux-x86_64-cpython-312/activedirectory/core
      creating build/lib.linux-x86_64-cpython-312/activedirectory/protocol
      copying lib/activedirectory/protocol/__init__.py -> build/lib.linux-x86_64-cpython-312/activedirectory/protocol
      copying lib/activedirectory/protocol/netlogon.py -> build/lib.linux-x86_64-cpython-312/activedirectory/protocol
      copying lib/activedirectory/protocol/ldapfilter.py -> build/lib.linux-x86_64-cpython-312/activedirectory/protocol
      copying lib/activedirectory/protocol/ldap.py -> build/lib.linux-x86_64-cpython-312/activedirectory/protocol
      copying lib/activedirectory/protocol/ldapfilter_tab.py -> build/lib.linux-x86_64-cpython-312/activedirectory/protocol
      copying lib/activedirectory/protocol/asn1.py -> build/lib.linux-x86_64-cpython-312/activedirectory/protocol
      creating build/lib.linux-x86_64-cpython-312/activedirectory/util
      copying lib/activedirectory/util/__init__.py -> build/lib.linux-x86_64-cpython-312/activedirectory/util
      copying lib/activedirectory/util/misc.py -> build/lib.linux-x86_64-cpython-312/activedirectory/util
      copying lib/activedirectory/util/parser.py -> build/lib.linux-x86_64-cpython-312/activedirectory/util
      copying lib/activedirectory/util/compat.py -> build/lib.linux-x86_64-cpython-312/activedirectory/util
      copying lib/activedirectory/util/log.py -> build/lib.linux-x86_64-cpython-312/activedirectory/util
      running build_ext
      building 'activedirectory.protocol.krb5' extension
      creating build/temp.linux-x86_64-cpython-312
      creating build/temp.linux-x86_64-cpython-312/lib
      creating build/temp.linux-x86_64-cpython-312/lib/activedirectory
      creating build/temp.linux-x86_64-cpython-312/lib/activedirectory/protocol
      gcc-13 -fno-strict-overflow -Wsign-compare -Wunreachable-code -DNDEBUG -g -O3 -Wall -fPIC -g0 -isystem /data/h445xu/.cache/bazel/_bazel_hongxu/cb1d7a31a70ed8ad21e47c68e1f45bef/external/rules_python++python+python_3_12_11_host/include/python3.12 -fPIC -I/data/h445xu/.cache/bazel/_bazel_hongxu/cb1d7a31a70ed8ad21e47c68e1f45bef/external/rules_python++python+python_3_12_11_x86_64-unknown-linux-gnu/include/python3.12 -c lib/activedirectory/protocol/krb5.c -o build/temp.linux-x86_64-cpython-312/lib/activedirectory/protocol/krb5.o
      error: command 'gcc-13' failed: No such file or directory
      [end of output]
  
  note: This error originates from a subprocess, and is likely not a problem with pip.
  ERROR: Failed building wheel for python-active-directory
ERROR: Failed to build one or more wheels
Traceback (most recent call last):
  File "<frozen runpy>", line 198, in _run_module_as_main
  File "<frozen runpy>", line 88, in _run_code
  File "/data/h445xu/.cache/bazel/_bazel_hongxu/cb1d7a31a70ed8ad21e47c68e1f45bef/external/rules_python+/python/private/pypi/whl_installer/wheel_installer.py", line 206, in <module>
    main()
  File "/data/h445xu/.cache/bazel/_bazel_hongxu/cb1d7a31a70ed8ad21e47c68e1f45bef/external/rules_python+/python/private/pypi/whl_installer/wheel_installer.py", line 191, in main
    subprocess.run(pip_args, check=True, env=env)
  File "/data/h445xu/.cache/bazel/_bazel_hongxu/cb1d7a31a70ed8ad21e47c68e1f45bef/external/rules_python++python+python_3_12_11_x86_64-unknown-linux-gnu/lib/python3.12/subprocess.py", line 571, in run
    raise CalledProcessError(retcode, process.args,
subprocess.CalledProcessError: Command '['/data/h445xu/.cache/bazel/_bazel_hongxu/cb1d7a31a70ed8ad21e47c68e1f45bef/external/rules_python++python+python_3_12_11_host/python', '-m', 'pip', '--isolated', 'wheel', '--no-deps', '--index-url', 'https://pypi.org/simple', '-r', '/tmp/tmp_ogorqjk']' returned non-zero exit status 1.
===== stderr end ===== and referenced by '@@rules_python++pip+cmk_requirements//python_active_directory:pkg'
Loading: 3272 packages loaded
WARNING: Download from https://artifacts.lan.tribe29.com/repository/upstream-archives/heirloom-mailx_12.5.orig.tar.gz failed: class java.io.IOException Connect timed out
INFO: Repository +_repo_rules+heirloom-mailx instantiated at:
  <builtin>: in <toplevel>
Repository rule http_archive defined at:
  /data/h445xu/.cache/bazel/_bazel_hongxu/cb1d7a31a70ed8ad21e47c68e1f45bef/external/bazel_tools/tools/build_defs/repo/http.bzl:394:31: in <toplevel>
ERROR: /data/h445xu/.cache/bazel/_bazel_hongxu/cb1d7a31a70ed8ad21e47c68e1f45bef/external/bazel_tools/tools/build_defs/repo/http.bzl:139:45: An error occurred during the fetch of repository '+_repo_rules+heirloom-mailx':
   Traceback (most recent call last):
	File "/data/h445xu/.cache/bazel/_bazel_hongxu/cb1d7a31a70ed8ad21e47c68e1f45bef/external/bazel_tools/tools/build_defs/repo/http.bzl", line 139, column 45, in _http_archive_impl
		download_info = ctx.download_and_extract(
Error in download_and_extract: java.io.IOException: Error downloading [https://ftp.nl.debian.org/debian-archive/debian/pool/main/h/heirloom-mailx/heirloom-mailx_12.5.orig.tar.gz, https://artifacts.lan.tribe29.com/repository/upstream-archives/heirloom-mailx_12.5.orig.tar.gz] to /data/h445xu/.cache/bazel/_bazel_hongxu/cb1d7a31a70ed8ad21e47c68e1f45bef/external/+_repo_rules+heirloom-mailx/temp13969180660367576773/heirloom-mailx_12.5.orig.tar.gz: Connect timed out
ERROR: /data/h445xu/repo/bazel-repos/cloned_repos/Checkmk__checkmk/omd/packages/heirloom-mailx/BUILD:24:8: no such package '@@+_repo_rules+heirloom-mailx//': java.io.IOException: Error downloading [https://ftp.nl.debian.org/debian-archive/debian/pool/main/h/heirloom-mailx/heirloom-mailx_12.5.orig.tar.gz, https://artifacts.lan.tribe29.com/repository/upstream-archives/heirloom-mailx_12.5.orig.tar.gz] to /data/h445xu/.cache/bazel/_bazel_hongxu/cb1d7a31a70ed8ad21e47c68e1f45bef/external/+_repo_rules+heirloom-mailx/temp13969180660367576773/heirloom-mailx_12.5.orig.tar.gz: Connect timed out and referenced by '//omd/packages/heirloom-mailx:mailx.1'
ERROR: /data/h445xu/repo/bazel-repos/cloned_repos/Checkmk__checkmk/omd/packages/heirloom-mailx/BUILD:4:10: no such package '@@+_repo_rules+heirloom-mailx//': java.io.IOException: Error downloading [https://ftp.nl.debian.org/debian-archive/debian/pool/main/h/heirloom-mailx/heirloom-mailx_12.5.orig.tar.gz, https://artifacts.lan.tribe29.com/repository/upstream-archives/heirloom-mailx_12.5.orig.tar.gz] to /data/h445xu/.cache/bazel/_bazel_hongxu/cb1d7a31a70ed8ad21e47c68e1f45bef/external/+_repo_rules+heirloom-mailx/temp13969180660367576773/heirloom-mailx_12.5.orig.tar.gz: Connect timed out and referenced by '//omd/packages/heirloom-mailx:bin_pkg'
Loading: 3298 packages loaded
Loading: 3315 packages loaded
Loading: 3345 packages loaded
INFO: Repository rules_python++pip+cmk_requirements_312_python_ldap instantiated at:
  <builtin>: in <toplevel>
Repository rule whl_library defined at:
  /data/h445xu/.cache/bazel/_bazel_hongxu/cb1d7a31a70ed8ad21e47c68e1f45bef/external/rules_python+/python/private/pypi/whl_library.bzl:533:30: in <toplevel>
ERROR: /data/h445xu/.cache/bazel/_bazel_hongxu/cb1d7a31a70ed8ad21e47c68e1f45bef/external/rules_python+/python/private/repo_utils.bzl:80:16: An error occurred during the fetch of repository 'rules_python++pip+cmk_requirements_312_python_ldap':
   Traceback (most recent call last):
	File "/data/h445xu/.cache/bazel/_bazel_hongxu/cb1d7a31a70ed8ad21e47c68e1f45bef/external/rules_python+/python/private/pypi/whl_library.bzl", line 306, column 40, in _whl_library_impl
		pypi_repo_utils.execute_checked(
	File "/data/h445xu/.cache/bazel/_bazel_hongxu/cb1d7a31a70ed8ad21e47c68e1f45bef/external/rules_python+/python/private/pypi/pypi_repo_utils.bzl", line 140, column 38, in _execute_checked
		return repo_utils.execute_checked(
	File "/data/h445xu/.cache/bazel/_bazel_hongxu/cb1d7a31a70ed8ad21e47c68e1f45bef/external/rules_python+/python/private/repo_utils.bzl", line 217, column 29, in _execute_checked
		return _execute_internal(fail_on_error = True, *args, **kwargs)
	File "/data/h445xu/.cache/bazel/_bazel_hongxu/cb1d7a31a70ed8ad21e47c68e1f45bef/external/rules_python+/python/private/repo_utils.bzl", line 148, column 27, in _execute_internal
		return logger.fail((
	File "/data/h445xu/.cache/bazel/_bazel_hongxu/cb1d7a31a70ed8ad21e47c68e1f45bef/external/rules_python+/python/private/repo_utils.bzl", line 90, column 39, in lambda
		fail = lambda message_cb: _log(-1, "FAIL", message_cb, fail),
	File "/data/h445xu/.cache/bazel/_bazel_hongxu/cb1d7a31a70ed8ad21e47c68e1f45bef/external/rules_python+/python/private/repo_utils.bzl", line 80, column 16, in _log
		printer("\nrules_python:{} {}:".format(
Error in fail: 
rules_python:whl_library(@@rules_python++pip+cmk_requirements_312_python_ldap) FAIL: repo.execute: whl_library.ResolveRequirement(rules_python++pip+cmk_requirements_312_python_ldap, python-ldap==3.4.4): end: failure:
  command: /data/h445xu/.cache/bazel/_bazel_hongxu/cb1d7a31a70ed8ad21e47c68e1f45bef/external/rules_python++python+python_3_12_11_host/python -B -m python.private.pypi.whl_installer.wheel_installer --requirement "python-ldap==3.4.4 --hash=sha256:7edb0accec4e037797705f3a05cbf36a9fde50d08c8f67f2aef99a2628fab828" --isolated --extra_pip_args "{\"arg\":[\"--index-url\",\"https://pypi.org/simple\"]}" --pip_data_exclude "{\"arg\":[]}" --environment "{\"arg\":{\"CC\":\"gcc-13\"}}"
  return code: 1
  working dir: <default: /data/h445xu/.cache/bazel/_bazel_hongxu/cb1d7a31a70ed8ad21e47c68e1f45bef/external/rules_python++pip+cmk_requirements_312_python_ldap>
  timeout: 600
  environment:
PYTHONPATH="/data/h445xu/.cache/bazel/_bazel_hongxu/cb1d7a31a70ed8ad21e47c68e1f45bef/external/rules_python+:/data/h445xu/.cache/bazel/_bazel_hongxu/cb1d7a31a70ed8ad21e47c68e1f45bef/external/rules_python++internal_deps+pypi__build:/data/h445xu/.cache/bazel/_bazel_hongxu/cb1d7a31a70ed8ad21e47c68e1f45bef/external/rules_python++internal_deps+pypi__click:/data/h445xu/.cache/bazel/_bazel_hongxu/cb1d7a31a70ed8ad21e47c68e1f45bef/external/rules_python++internal_deps+pypi__colorama:/data/h445xu/.cache/bazel/_bazel_hongxu/cb1d7a31a70ed8ad21e47c68e1f45bef/external/rules_python++internal_deps+pypi__importlib_metadata:/data/h445xu/.cache/bazel/_bazel_hongxu/cb1d7a31a70ed8ad21e47c68e1f45bef/external/rules_python++internal_deps+pypi__installer:/data/h445xu/.cache/bazel/_bazel_hongxu/cb1d7a31a70ed8ad21e47c68e1f45bef/external/rules_python++internal_deps+pypi__more_itertools:/data/h445xu/.cache/bazel/_bazel_hongxu/cb1d7a31a70ed8ad21e47c68e1f45bef/external/rules_python++internal_deps+pypi__packaging:/data/h445xu/.cache/bazel/_bazel_hongxu/cb1d7a31a70ed8ad21e47c68e1f45bef/external/rules_python++internal_deps+pypi__pep517:/data/h445xu/.cache/bazel/_bazel_hongxu/cb1d7a31a70ed8ad21e47c68e1f45bef/external/rules_python++internal_deps+pypi__pip:/data/h445xu/.cache/bazel/_bazel_hongxu/cb1d7a31a70ed8ad21e47c68e1f45bef/external/rules_python++internal_deps+pypi__pip_tools:/data/h445xu/.cache/bazel/_bazel_hongxu/cb1d7a31a70ed8ad21e47c68e1f45bef/external/rules_python++internal_deps+pypi__pyproject_hooks:/data/h445xu/.cache/bazel/_bazel_hongxu/cb1d7a31a70ed8ad21e47c68e1f45bef/external/rules_python++internal_deps+pypi__setuptools:/data/h445xu/.cache/bazel/_bazel_hongxu/cb1d7a31a70ed8ad21e47c68e1f45bef/external/rules_python++internal_deps+pypi__tomli:/data/h445xu/.cache/bazel/_bazel_hongxu/cb1d7a31a70ed8ad21e47c68e1f45bef/external/rules_python++internal_deps+pypi__wheel:/data/h445xu/.cache/bazel/_bazel_hongxu/cb1d7a31a70ed8ad21e47c68e1f45bef/external/rules_python++internal_deps+pypi__zipp"
CPPFLAGS="-isystem /data/h445xu/.cache/bazel/_bazel_hongxu/cb1d7a31a70ed8ad21e47c68e1f45bef/external/rules_python++python+python_3_12_11_host/include/python3.12"
===== stdout start =====
Collecting python-ldap==3.4.4 (from -r /tmp/tmplfx_vog0 (line 1))
  Downloading python-ldap-3.4.4.tar.gz (377 kB)
     ━━━━━━━━━━━━━━━━━━━━━━━━━━━━━━━━━━━━━━━ 377.9/377.9 kB 9.7 MB/s eta 0:00:00
  Installing build dependencies: started
  Installing build dependencies: finished with status 'done'
  Getting requirements to build wheel: started
  Getting requirements to build wheel: finished with status 'done'
  Preparing metadata (pyproject.toml): started
  Preparing metadata (pyproject.toml): finished with status 'done'
Building wheels for collected packages: python-ldap
  Building wheel for python-ldap (pyproject.toml): started
  Building wheel for python-ldap (pyproject.toml): finished with status 'error'
Failed to build python-ldap
===== stdout end =====
===== stderr start =====
  error: subprocess-exited-with-error
  
  × Building wheel for python-ldap (pyproject.toml) did not run successfully.
  │ exit code: 1
  ╰─> [91 lines of output]
      /tmp/pip-build-env-lm90l8fh/overlay/lib/python3.12/site-packages/setuptools/_distutils/dist.py:289: UserWarning: Unknown distribution option: 'test_suite'
        warnings.warn(msg)
      /tmp/pip-build-env-lm90l8fh/overlay/lib/python3.12/site-packages/setuptools/dist.py:759: SetuptoolsDeprecationWarning: License classifiers are deprecated.
      !!
      
              ********************************************************************************
              Please consider removing the following classifiers in favor of a SPDX license expression:
      
              License :: OSI Approved :: Python Software Foundation License
      
              See https://packaging.python.org/en/latest/guides/writing-pyproject-toml/#license for details.
              ********************************************************************************
      
      !!
        self._finalize_license_expression()
      running bdist_wheel
      running build
      running build_py
      creating build/lib.linux-x86_64-cpython-312
      copying Lib/ldapurl.py -> build/lib.linux-x86_64-cpython-312
      copying Lib/ldif.py -> build/lib.linux-x86_64-cpython-312
      creating build/lib.linux-x86_64-cpython-312/ldap
      copying Lib/ldap/modlist.py -> build/lib.linux-x86_64-cpython-312/ldap
      copying Lib/ldap/dn.py -> build/lib.linux-x86_64-cpython-312/ldap
      copying Lib/ldap/__init__.py -> build/lib.linux-x86_64-cpython-312/ldap
      copying Lib/ldap/constants.py -> build/lib.linux-x86_64-cpython-312/ldap
      copying Lib/ldap/pkginfo.py -> build/lib.linux-x86_64-cpython-312/ldap
      copying Lib/ldap/sasl.py -> build/lib.linux-x86_64-cpython-312/ldap
      copying Lib/ldap/syncrepl.py -> build/lib.linux-x86_64-cpython-312/ldap
      copying Lib/ldap/ldapobject.py -> build/lib.linux-x86_64-cpython-312/ldap
      copying Lib/ldap/resiter.py -> build/lib.linux-x86_64-cpython-312/ldap
      copying Lib/ldap/asyncsearch.py -> build/lib.linux-x86_64-cpython-312/ldap
      copying Lib/ldap/async.py -> build/lib.linux-x86_64-cpython-312/ldap
      copying Lib/ldap/logger.py -> build/lib.linux-x86_64-cpython-312/ldap
      copying Lib/ldap/cidict.py -> build/lib.linux-x86_64-cpython-312/ldap
      copying Lib/ldap/compat.py -> build/lib.linux-x86_64-cpython-312/ldap
      copying Lib/ldap/functions.py -> build/lib.linux-x86_64-cpython-312/ldap
      copying Lib/ldap/filter.py -> build/lib.linux-x86_64-cpython-312/ldap
      creating build/lib.linux-x86_64-cpython-312/ldap/controls
      copying Lib/ldap/controls/pwdpolicy.py -> build/lib.linux-x86_64-cpython-312/ldap/controls
      copying Lib/ldap/controls/__init__.py -> build/lib.linux-x86_64-cpython-312/ldap/controls
      copying Lib/ldap/controls/pagedresults.py -> build/lib.linux-x86_64-cpython-312/ldap/controls
      copying Lib/ldap/controls/sessiontrack.py -> build/lib.linux-x86_64-cpython-312/ldap/controls
      copying Lib/ldap/controls/sss.py -> build/lib.linux-x86_64-cpython-312/ldap/controls
      copying Lib/ldap/controls/deref.py -> build/lib.linux-x86_64-cpython-312/ldap/controls
      copying Lib/ldap/controls/vlv.py -> build/lib.linux-x86_64-cpython-312/ldap/controls
      copying Lib/ldap/controls/psearch.py -> build/lib.linux-x86_64-cpython-312/ldap/controls
      copying Lib/ldap/controls/libldap.py -> build/lib.linux-x86_64-cpython-312/ldap/controls
      copying Lib/ldap/controls/readentry.py -> build/lib.linux-x86_64-cpython-312/ldap/controls
      copying Lib/ldap/controls/ppolicy.py -> build/lib.linux-x86_64-cpython-312/ldap/controls
      copying Lib/ldap/controls/simple.py -> build/lib.linux-x86_64-cpython-312/ldap/controls
      copying Lib/ldap/controls/openldap.py -> build/lib.linux-x86_64-cpython-312/ldap/controls
      creating build/lib.linux-x86_64-cpython-312/ldap/extop
      copying Lib/ldap/extop/__init__.py -> build/lib.linux-x86_64-cpython-312/ldap/extop
      copying Lib/ldap/extop/dds.py -> build/lib.linux-x86_64-cpython-312/ldap/extop
      copying Lib/ldap/extop/passwd.py -> build/lib.linux-x86_64-cpython-312/ldap/extop
      creating build/lib.linux-x86_64-cpython-312/ldap/schema
      copying Lib/ldap/schema/__init__.py -> build/lib.linux-x86_64-cpython-312/ldap/schema
      copying Lib/ldap/schema/models.py -> build/lib.linux-x86_64-cpython-312/ldap/schema
      copying Lib/ldap/schema/tokenizer.py -> build/lib.linux-x86_64-cpython-312/ldap/schema
      copying Lib/ldap/schema/subentry.py -> build/lib.linux-x86_64-cpython-312/ldap/schema
      creating build/lib.linux-x86_64-cpython-312/slapdtest
      copying Lib/slapdtest/__init__.py -> build/lib.linux-x86_64-cpython-312/slapdtest
      copying Lib/slapdtest/_slapdtest.py -> build/lib.linux-x86_64-cpython-312/slapdtest
      running egg_info
      writing Lib/python_ldap.egg-info/PKG-INFO
      writing dependency_links to Lib/python_ldap.egg-info/dependency_links.txt
      writing requirements to Lib/python_ldap.egg-info/requires.txt
      writing top-level names to Lib/python_ldap.egg-info/top_level.txt
      reading manifest file 'Lib/python_ldap.egg-info/SOURCES.txt'
      reading manifest template 'MANIFEST.in'
      no previously-included directories found matching 'Doc/.build'
      adding license file 'LICENCE'
      writing manifest file 'Lib/python_ldap.egg-info/SOURCES.txt'
      creating build/lib.linux-x86_64-cpython-312/slapdtest/certs
      copying Lib/slapdtest/certs/README -> build/lib.linux-x86_64-cpython-312/slapdtest/certs
      copying Lib/slapdtest/certs/ca.conf -> build/lib.linux-x86_64-cpython-312/slapdtest/certs
      copying Lib/slapdtest/certs/ca.pem -> build/lib.linux-x86_64-cpython-312/slapdtest/certs
      copying Lib/slapdtest/certs/client.conf -> build/lib.linux-x86_64-cpython-312/slapdtest/certs
      copying Lib/slapdtest/certs/client.key -> build/lib.linux-x86_64-cpython-312/slapdtest/certs
      copying Lib/slapdtest/certs/client.pem -> build/lib.linux-x86_64-cpython-312/slapdtest/certs
      copying Lib/slapdtest/certs/gencerts.sh -> build/lib.linux-x86_64-cpython-312/slapdtest/certs
      copying Lib/slapdtest/certs/gennssdb.sh -> build/lib.linux-x86_64-cpython-312/slapdtest/certs
      copying Lib/slapdtest/certs/server.conf -> build/lib.linux-x86_64-cpython-312/slapdtest/certs
      copying Lib/slapdtest/certs/server.key -> build/lib.linux-x86_64-cpython-312/slapdtest/certs
      copying Lib/slapdtest/certs/server.pem -> build/lib.linux-x86_64-cpython-312/slapdtest/certs
      running build_ext
      building '_ldap' extension
      creating build/temp.linux-x86_64-cpython-312/Modules
      gcc-13 -g0 -isystem /data/h445xu/.cache/bazel/_bazel_hongxu/cb1d7a31a70ed8ad21e47c68e1f45bef/external/rules_python++python+python_3_12_11_host/include/python3.12 -fPIC -DHAVE_SASL -DHAVE_TLS -DLDAPMODULE_VERSION=3.4.4 "-DLDAPMODULE_AUTHOR=python-ldap project" "-DLDAPMODULE_LICENSE=Python style" -IModules -I/data/h445xu/.cache/bazel/_bazel_hongxu/cb1d7a31a70ed8ad21e47c68e1f45bef/external/rules_python++python+python_3_12_11_x86_64-unknown-linux-gnu/include/python3.12 -c Modules/LDAPObject.c -o build/temp.linux-x86_64-cpython-312/Modules/LDAPObject.o
      error: command 'gcc-13' failed: No such file or directory
      [end of output]
  
  note: This error originates from a subprocess, and is likely not a problem with pip.
  ERROR: Failed building wheel for python-ldap
ERROR: Failed to build one or more wheels
Traceback (most recent call last):
  File "<frozen runpy>", line 198, in _run_module_as_main
  File "<frozen runpy>", line 88, in _run_code
  File "/data/h445xu/.cache/bazel/_bazel_hongxu/cb1d7a31a70ed8ad21e47c68e1f45bef/external/rules_python+/python/private/pypi/whl_installer/wheel_installer.py", line 206, in <module>
    main()
  File "/data/h445xu/.cache/bazel/_bazel_hongxu/cb1d7a31a70ed8ad21e47c68e1f45bef/external/rules_python+/python/private/pypi/whl_installer/wheel_installer.py", line 191, in main
    subprocess.run(pip_args, check=True, env=env)
  File "/data/h445xu/.cache/bazel/_bazel_hongxu/cb1d7a31a70ed8ad21e47c68e1f45bef/external/rules_python++python+python_3_12_11_x86_64-unknown-linux-gnu/lib/python3.12/subprocess.py", line 571, in run
    raise CalledProcessError(retcode, process.args,
subprocess.CalledProcessError: Command '['/data/h445xu/.cache/bazel/_bazel_hongxu/cb1d7a31a70ed8ad21e47c68e1f45bef/external/rules_python++python+python_3_12_11_host/python', '-m', 'pip', '--isolated', 'wheel', '--no-deps', '--index-url', 'https://pypi.org/simple', '-r', '/tmp/tmplfx_vog0']' returned non-zero exit status 1.
===== stderr end =====
ERROR: /data/h445xu/.cache/bazel/_bazel_hongxu/cb1d7a31a70ed8ad21e47c68e1f45bef/external/rules_python++pip+cmk_requirements/python_ldap/BUILD.bazel:5:12: no such package '@@rules_python++pip+cmk_requirements_312_python_ldap//': 
rules_python:whl_library(@@rules_python++pip+cmk_requirements_312_python_ldap) FAIL: repo.execute: whl_library.ResolveRequirement(rules_python++pip+cmk_requirements_312_python_ldap, python-ldap==3.4.4): end: failure:
  command: /data/h445xu/.cache/bazel/_bazel_hongxu/cb1d7a31a70ed8ad21e47c68e1f45bef/external/rules_python++python+python_3_12_11_host/python -B -m python.private.pypi.whl_installer.wheel_installer --requirement "python-ldap==3.4.4 --hash=sha256:7edb0accec4e037797705f3a05cbf36a9fde50d08c8f67f2aef99a2628fab828" --isolated --extra_pip_args "{\"arg\":[\"--index-url\",\"https://pypi.org/simple\"]}" --pip_data_exclude "{\"arg\":[]}" --environment "{\"arg\":{\"CC\":\"gcc-13\"}}"
  return code: 1
  working dir: <default: /data/h445xu/.cache/bazel/_bazel_hongxu/cb1d7a31a70ed8ad21e47c68e1f45bef/external/rules_python++pip+cmk_requirements_312_python_ldap>
  timeout: 600
  environment:
PYTHONPATH="/data/h445xu/.cache/bazel/_bazel_hongxu/cb1d7a31a70ed8ad21e47c68e1f45bef/external/rules_python+:/data/h445xu/.cache/bazel/_bazel_hongxu/cb1d7a31a70ed8ad21e47c68e1f45bef/external/rules_python++internal_deps+pypi__build:/data/h445xu/.cache/bazel/_bazel_hongxu/cb1d7a31a70ed8ad21e47c68e1f45bef/external/rules_python++internal_deps+pypi__click:/data/h445xu/.cache/bazel/_bazel_hongxu/cb1d7a31a70ed8ad21e47c68e1f45bef/external/rules_python++internal_deps+pypi__colorama:/data/h445xu/.cache/bazel/_bazel_hongxu/cb1d7a31a70ed8ad21e47c68e1f45bef/external/rules_python++internal_deps+pypi__importlib_metadata:/data/h445xu/.cache/bazel/_bazel_hongxu/cb1d7a31a70ed8ad21e47c68e1f45bef/external/rules_python++internal_deps+pypi__installer:/data/h445xu/.cache/bazel/_bazel_hongxu/cb1d7a31a70ed8ad21e47c68e1f45bef/external/rules_python++internal_deps+pypi__more_itertools:/data/h445xu/.cache/bazel/_bazel_hongxu/cb1d7a31a70ed8ad21e47c68e1f45bef/external/rules_python++internal_deps+pypi__packaging:/data/h445xu/.cache/bazel/_bazel_hongxu/cb1d7a31a70ed8ad21e47c68e1f45bef/external/rules_python++internal_deps+pypi__pep517:/data/h445xu/.cache/bazel/_bazel_hongxu/cb1d7a31a70ed8ad21e47c68e1f45bef/external/rules_python++internal_deps+pypi__pip:/data/h445xu/.cache/bazel/_bazel_hongxu/cb1d7a31a70ed8ad21e47c68e1f45bef/external/rules_python++internal_deps+pypi__pip_tools:/data/h445xu/.cache/bazel/_bazel_hongxu/cb1d7a31a70ed8ad21e47c68e1f45bef/external/rules_python++internal_deps+pypi__pyproject_hooks:/data/h445xu/.cache/bazel/_bazel_hongxu/cb1d7a31a70ed8ad21e47c68e1f45bef/external/rules_python++internal_deps+pypi__setuptools:/data/h445xu/.cache/bazel/_bazel_hongxu/cb1d7a31a70ed8ad21e47c68e1f45bef/external/rules_python++internal_deps+pypi__tomli:/data/h445xu/.cache/bazel/_bazel_hongxu/cb1d7a31a70ed8ad21e47c68e1f45bef/external/rules_python++internal_deps+pypi__wheel:/data/h445xu/.cache/bazel/_bazel_hongxu/cb1d7a31a70ed8ad21e47c68e1f45bef/external/rules_python++internal_deps+pypi__zipp"
CPPFLAGS="-isystem /data/h445xu/.cache/bazel/_bazel_hongxu/cb1d7a31a70ed8ad21e47c68e1f45bef/external/rules_python++python+python_3_12_11_host/include/python3.12"
===== stdout start =====
Collecting python-ldap==3.4.4 (from -r /tmp/tmplfx_vog0 (line 1))
  Downloading python-ldap-3.4.4.tar.gz (377 kB)
     ━━━━━━━━━━━━━━━━━━━━━━━━━━━━━━━━━━━━━━━ 377.9/377.9 kB 9.7 MB/s eta 0:00:00
  Installing build dependencies: started
  Installing build dependencies: finished with status 'done'
  Getting requirements to build wheel: started
  Getting requirements to build wheel: finished with status 'done'
  Preparing metadata (pyproject.toml): started
  Preparing metadata (pyproject.toml): finished with status 'done'
Building wheels for collected packages: python-ldap
  Building wheel for python-ldap (pyproject.toml): started
  Building wheel for python-ldap (pyproject.toml): finished with status 'error'
Failed to build python-ldap
===== stdout end =====
===== stderr start =====
  error: subprocess-exited-with-error
  
  × Building wheel for python-ldap (pyproject.toml) did not run successfully.
  │ exit code: 1
  ╰─> [91 lines of output]
      /tmp/pip-build-env-lm90l8fh/overlay/lib/python3.12/site-packages/setuptools/_distutils/dist.py:289: UserWarning: Unknown distribution option: 'test_suite'
        warnings.warn(msg)
      /tmp/pip-build-env-lm90l8fh/overlay/lib/python3.12/site-packages/setuptools/dist.py:759: SetuptoolsDeprecationWarning: License classifiers are deprecated.
      !!
      
              ********************************************************************************
              Please consider removing the following classifiers in favor of a SPDX license expression:
      
              License :: OSI Approved :: Python Software Foundation License
      
              See https://packaging.python.org/en/latest/guides/writing-pyproject-toml/#license for details.
              ********************************************************************************
      
      !!
        self._finalize_license_expression()
      running bdist_wheel
      running build
      running build_py
      creating build/lib.linux-x86_64-cpython-312
      copying Lib/ldapurl.py -> build/lib.linux-x86_64-cpython-312
      copying Lib/ldif.py -> build/lib.linux-x86_64-cpython-312
      creating build/lib.linux-x86_64-cpython-312/ldap
      copying Lib/ldap/modlist.py -> build/lib.linux-x86_64-cpython-312/ldap
      copying Lib/ldap/dn.py -> build/lib.linux-x86_64-cpython-312/ldap
      copying Lib/ldap/__init__.py -> build/lib.linux-x86_64-cpython-312/ldap
      copying Lib/ldap/constants.py -> build/lib.linux-x86_64-cpython-312/ldap
      copying Lib/ldap/pkginfo.py -> build/lib.linux-x86_64-cpython-312/ldap
      copying Lib/ldap/sasl.py -> build/lib.linux-x86_64-cpython-312/ldap
      copying Lib/ldap/syncrepl.py -> build/lib.linux-x86_64-cpython-312/ldap
      copying Lib/ldap/ldapobject.py -> build/lib.linux-x86_64-cpython-312/ldap
      copying Lib/ldap/resiter.py -> build/lib.linux-x86_64-cpython-312/ldap
      copying Lib/ldap/asyncsearch.py -> build/lib.linux-x86_64-cpython-312/ldap
      copying Lib/ldap/async.py -> build/lib.linux-x86_64-cpython-312/ldap
      copying Lib/ldap/logger.py -> build/lib.linux-x86_64-cpython-312/ldap
      copying Lib/ldap/cidict.py -> build/lib.linux-x86_64-cpython-312/ldap
      copying Lib/ldap/compat.py -> build/lib.linux-x86_64-cpython-312/ldap
      copying Lib/ldap/functions.py -> build/lib.linux-x86_64-cpython-312/ldap
      copying Lib/ldap/filter.py -> build/lib.linux-x86_64-cpython-312/ldap
      creating build/lib.linux-x86_64-cpython-312/ldap/controls
      copying Lib/ldap/controls/pwdpolicy.py -> build/lib.linux-x86_64-cpython-312/ldap/controls
      copying Lib/ldap/controls/__init__.py -> build/lib.linux-x86_64-cpython-312/ldap/controls
      copying Lib/ldap/controls/pagedresults.py -> build/lib.linux-x86_64-cpython-312/ldap/controls
      copying Lib/ldap/controls/sessiontrack.py -> build/lib.linux-x86_64-cpython-312/ldap/controls
      copying Lib/ldap/controls/sss.py -> build/lib.linux-x86_64-cpython-312/ldap/controls
      copying Lib/ldap/controls/deref.py -> build/lib.linux-x86_64-cpython-312/ldap/controls
      copying Lib/ldap/controls/vlv.py -> build/lib.linux-x86_64-cpython-312/ldap/controls
      copying Lib/ldap/controls/psearch.py -> build/lib.linux-x86_64-cpython-312/ldap/controls
      copying Lib/ldap/controls/libldap.py -> build/lib.linux-x86_64-cpython-312/ldap/controls
      copying Lib/ldap/controls/readentry.py -> build/lib.linux-x86_64-cpython-312/ldap/controls
      copying Lib/ldap/controls/ppolicy.py -> build/lib.linux-x86_64-cpython-312/ldap/controls
      copying Lib/ldap/controls/simple.py -> build/lib.linux-x86_64-cpython-312/ldap/controls
      copying Lib/ldap/controls/openldap.py -> build/lib.linux-x86_64-cpython-312/ldap/controls
      creating build/lib.linux-x86_64-cpython-312/ldap/extop
      copying Lib/ldap/extop/__init__.py -> build/lib.linux-x86_64-cpython-312/ldap/extop
      copying Lib/ldap/extop/dds.py -> build/lib.linux-x86_64-cpython-312/ldap/extop
      copying Lib/ldap/extop/passwd.py -> build/lib.linux-x86_64-cpython-312/ldap/extop
      creating build/lib.linux-x86_64-cpython-312/ldap/schema
      copying Lib/ldap/schema/__init__.py -> build/lib.linux-x86_64-cpython-312/ldap/schema
      copying Lib/ldap/schema/models.py -> build/lib.linux-x86_64-cpython-312/ldap/schema
      copying Lib/ldap/schema/tokenizer.py -> build/lib.linux-x86_64-cpython-312/ldap/schema
      copying Lib/ldap/schema/subentry.py -> build/lib.linux-x86_64-cpython-312/ldap/schema
      creating build/lib.linux-x86_64-cpython-312/slapdtest
      copying Lib/slapdtest/__init__.py -> build/lib.linux-x86_64-cpython-312/slapdtest
      copying Lib/slapdtest/_slapdtest.py -> build/lib.linux-x86_64-cpython-312/slapdtest
      running egg_info
      writing Lib/python_ldap.egg-info/PKG-INFO
      writing dependency_links to Lib/python_ldap.egg-info/dependency_links.txt
      writing requirements to Lib/python_ldap.egg-info/requires.txt
      writing top-level names to Lib/python_ldap.egg-info/top_level.txt
      reading manifest file 'Lib/python_ldap.egg-info/SOURCES.txt'
      reading manifest template 'MANIFEST.in'
      no previously-included directories found matching 'Doc/.build'
      adding license file 'LICENCE'
      writing manifest file 'Lib/python_ldap.egg-info/SOURCES.txt'
      creating build/lib.linux-x86_64-cpython-312/slapdtest/certs
      copying Lib/slapdtest/certs/README -> build/lib.linux-x86_64-cpython-312/slapdtest/certs
      copying Lib/slapdtest/certs/ca.conf -> build/lib.linux-x86_64-cpython-312/slapdtest/certs
      copying Lib/slapdtest/certs/ca.pem -> build/lib.linux-x86_64-cpython-312/slapdtest/certs
      copying Lib/slapdtest/certs/client.conf -> build/lib.linux-x86_64-cpython-312/slapdtest/certs
      copying Lib/slapdtest/certs/client.key -> build/lib.linux-x86_64-cpython-312/slapdtest/certs
      copying Lib/slapdtest/certs/client.pem -> build/lib.linux-x86_64-cpython-312/slapdtest/certs
      copying Lib/slapdtest/certs/gencerts.sh -> build/lib.linux-x86_64-cpython-312/slapdtest/certs
      copying Lib/slapdtest/certs/gennssdb.sh -> build/lib.linux-x86_64-cpython-312/slapdtest/certs
      copying Lib/slapdtest/certs/server.conf -> build/lib.linux-x86_64-cpython-312/slapdtest/certs
      copying Lib/slapdtest/certs/server.key -> build/lib.linux-x86_64-cpython-312/slapdtest/certs
      copying Lib/slapdtest/certs/server.pem -> build/lib.linux-x86_64-cpython-312/slapdtest/certs
      running build_ext
      building '_ldap' extension
      creating build/temp.linux-x86_64-cpython-312/Modules
      gcc-13 -g0 -isystem /data/h445xu/.cache/bazel/_bazel_hongxu/cb1d7a31a70ed8ad21e47c68e1f45bef/external/rules_python++python+python_3_12_11_host/include/python3.12 -fPIC -DHAVE_SASL -DHAVE_TLS -DLDAPMODULE_VERSION=3.4.4 "-DLDAPMODULE_AUTHOR=python-ldap project" "-DLDAPMODULE_LICENSE=Python style" -IModules -I/data/h445xu/.cache/bazel/_bazel_hongxu/cb1d7a31a70ed8ad21e47c68e1f45bef/external/rules_python++python+python_3_12_11_x86_64-unknown-linux-gnu/include/python3.12 -c Modules/LDAPObject.c -o build/temp.linux-x86_64-cpython-312/Modules/LDAPObject.o
      error: command 'gcc-13' failed: No such file or directory
      [end of output]
  
  note: This error originates from a subprocess, and is likely not a problem with pip.
  ERROR: Failed building wheel for python-ldap
ERROR: Failed to build one or more wheels
Traceback (most recent call last):
  File "<frozen runpy>", line 198, in _run_module_as_main
  File "<frozen runpy>", line 88, in _run_code
  File "/data/h445xu/.cache/bazel/_bazel_hongxu/cb1d7a31a70ed8ad21e47c68e1f45bef/external/rules_python+/python/private/pypi/whl_installer/wheel_installer.py", line 206, in <module>
    main()
  File "/data/h445xu/.cache/bazel/_bazel_hongxu/cb1d7a31a70ed8ad21e47c68e1f45bef/external/rules_python+/python/private/pypi/whl_installer/wheel_installer.py", line 191, in main
    subprocess.run(pip_args, check=True, env=env)
  File "/data/h445xu/.cache/bazel/_bazel_hongxu/cb1d7a31a70ed8ad21e47c68e1f45bef/external/rules_python++python+python_3_12_11_x86_64-unknown-linux-gnu/lib/python3.12/subprocess.py", line 571, in run
    raise CalledProcessError(retcode, process.args,
subprocess.CalledProcessError: Command '['/data/h445xu/.cache/bazel/_bazel_hongxu/cb1d7a31a70ed8ad21e47c68e1f45bef/external/rules_python++python+python_3_12_11_host/python', '-m', 'pip', '--isolated', 'wheel', '--no-deps', '--index-url', 'https://pypi.org/simple', '-r', '/tmp/tmplfx_vog0']' returned non-zero exit status 1.
===== stderr end ===== and referenced by '@@rules_python++pip+cmk_requirements//python_ldap:pkg'
Loading: 3354 packages loaded
Loading: 3372 packages loaded
    currently loading: @@rules_python++pip+cmk_requirements_312_mccabe//
Loading: 3387 packages loaded
Loading: 3406 packages loaded
Loading: 3418 packages loaded
Loading: 3429 packages loaded
ERROR: /data/h445xu/repo/bazel-repos/cloned_repos/Checkmk__checkmk/BUILD:198:12: no such package 'non-free/packages/cmc-protocols': BUILD file not found in any of the following directories. Add a BUILD file to a directory to mark it as a package.
 - non-free/packages/cmc-protocols and referenced by '//:create_venv'
Loading: 3443 packages loaded
Loading: 3447 packages loaded
Loading: 3454 packages loaded
Loading: 3459 packages loaded
Loading: 3466 packages loaded
WARNING: Download from https://artifacts.lan.tribe29.com/repository/upstream-archives/Sys-SigAction-0.21.tar.gz failed: class java.io.IOException Connect timed out
INFO: Repository Sys-SigAction-0.21.tar.gz instantiated at:
  /data/h445xu/repo/bazel-repos/cloned_repos/Checkmk__checkmk/WORKSPACE:14:13: in <toplevel>
  /data/h445xu/repo/bazel-repos/cloned_repos/Checkmk__checkmk/omd/packages/perl-modules/perl-modules_http.bzl:352:18: in perl_modules
Repository rule http_file defined at:
  /data/h445xu/.cache/bazel/_bazel_hongxu/cb1d7a31a70ed8ad21e47c68e1f45bef/external/bazel_tools/tools/build_defs/repo/http.bzl:485:28: in <toplevel>
ERROR: /data/h445xu/.cache/bazel/_bazel_hongxu/cb1d7a31a70ed8ad21e47c68e1f45bef/external/bazel_tools/tools/build_defs/repo/http.bzl:181:33: An error occurred during the fetch of repository 'Sys-SigAction-0.21.tar.gz':
   Traceback (most recent call last):
	File "/data/h445xu/.cache/bazel/_bazel_hongxu/cb1d7a31a70ed8ad21e47c68e1f45bef/external/bazel_tools/tools/build_defs/repo/http.bzl", line 181, column 33, in _http_file_impl
		download_info = ctx.download(
Error in download: java.io.IOException: Error downloading [https://www.cpan.org/modules/by-module/Sys/Sys-SigAction-0.21.tar.gz, https://artifacts.lan.tribe29.com/repository/upstream-archives/Sys-SigAction-0.21.tar.gz] to /data/h445xu/.cache/bazel/_bazel_hongxu/cb1d7a31a70ed8ad21e47c68e1f45bef/external/Sys-SigAction-0.21.tar.gz/file/downloaded: Connect timed out
ERROR: /data/h445xu/repo/bazel-repos/cloned_repos/Checkmk__checkmk/omd/packages/perl-modules/BUILD:4:21: no such package '@@Sys-SigAction-0.21.tar.gz//file': java.io.IOException: Error downloading [https://www.cpan.org/modules/by-module/Sys/Sys-SigAction-0.21.tar.gz, https://artifacts.lan.tribe29.com/repository/upstream-archives/Sys-SigAction-0.21.tar.gz] to /data/h445xu/.cache/bazel/_bazel_hongxu/cb1d7a31a70ed8ad21e47c68e1f45bef/external/Sys-SigAction-0.21.tar.gz/file/downloaded: Connect timed out and referenced by '//omd/packages/perl-modules:Sys-SigAction-0.21.'
Loading: 3467 packages loaded
Loading: 3469 packages loaded
Loading: 3469 packages loaded
Loading: 3469 packages loaded
ERROR: /data/h445xu/repo/bazel-repos/cloned_repos/Checkmk__checkmk/cmk/BUILD:193:11: no such package 'non-free/packages/cmk-mknotifyd': BUILD file not found in any of the following directories. Add a BUILD file to a directory to mark it as a package.
 - non-free/packages/cmk-mknotifyd and referenced by '//cmk:lib_cmk'
ERROR: /data/h445xu/repo/bazel-repos/cloned_repos/Checkmk__checkmk/cmk/BUILD:193:11: no such package 'non-free/packages/cmk-otel-collector': BUILD file not found in any of the following directories. Add a BUILD file to a directory to mark it as a package.
 - non-free/packages/cmk-otel-collector and referenced by '//cmk:lib_cmk'
ERROR: /data/h445xu/repo/bazel-repos/cloned_repos/Checkmk__checkmk/cmk/BUILD:223:12: no such package 'non-free/packages/cmc-protocols': BUILD file not found in any of the following directories. Add a BUILD file to a directory to mark it as a package.
 - non-free/packages/cmc-protocols and referenced by '//cmk:lib_cmk_cee'
ERROR: /data/h445xu/repo/bazel-repos/cloned_repos/Checkmk__checkmk/cmk/BUILD:223:12: no such package 'non-free/packages/cmk-mknotifyd': BUILD file not found in any of the following directories. Add a BUILD file to a directory to mark it as a package.
 - non-free/packages/cmk-mknotifyd and referenced by '//cmk:lib_cmk_cee'
ERROR: /data/h445xu/repo/bazel-repos/cloned_repos/Checkmk__checkmk/cmk/BUILD:223:12: no such package 'non-free/packages/cmk-update-agent': BUILD file not found in any of the following directories. Add a BUILD file to a directory to mark it as a package.
 - non-free/packages/cmk-update-agent and referenced by '//cmk:lib_cmk_cee'
ERROR: /data/h445xu/repo/bazel-repos/cloned_repos/Checkmk__checkmk/cmk/BUILD:284:10: no such package 'non-free/packages/cmc-protocols': BUILD file not found in any of the following directories. Add a BUILD file to a directory to mark it as a package.
 - non-free/packages/cmc-protocols and referenced by '//cmk:cmk_cee'
ERROR: /data/h445xu/repo/bazel-repos/cloned_repos/Checkmk__checkmk/cmk/BUILD:238:11: no such package 'non-free/packages/cmc-protocols': BUILD file not found in any of the following directories. Add a BUILD file to a directory to mark it as a package.
 - non-free/packages/cmc-protocols and referenced by '//cmk:lib_cmk_repo_no_meraki'
ERROR: /data/h445xu/repo/bazel-repos/cloned_repos/Checkmk__checkmk/cmk/BUILD:238:11: no such package 'non-free/packages/cmk-mknotifyd': BUILD file not found in any of the following directories. Add a BUILD file to a directory to mark it as a package.
 - non-free/packages/cmk-mknotifyd and referenced by '//cmk:lib_cmk_repo_no_meraki'
ERROR: /data/h445xu/repo/bazel-repos/cloned_repos/Checkmk__checkmk/cmk/BUILD:238:11: no such package 'non-free/packages/cmk-otel-collector': BUILD file not found in any of the following directories. Add a BUILD file to a directory to mark it as a package.
 - non-free/packages/cmk-otel-collector and referenced by '//cmk:lib_cmk_repo_no_meraki'
ERROR: /data/h445xu/repo/bazel-repos/cloned_repos/Checkmk__checkmk/cmk/BUILD:256:11: no such package 'non-free/packages/cmc-protocols': BUILD file not found in any of the following directories. Add a BUILD file to a directory to mark it as a package.
 - non-free/packages/cmc-protocols and referenced by '//cmk:lib_cmk_repo'
ERROR: /data/h445xu/repo/bazel-repos/cloned_repos/Checkmk__checkmk/cmk/BUILD:256:11: no such package 'non-free/packages/cmk-mknotifyd': BUILD file not found in any of the following directories. Add a BUILD file to a directory to mark it as a package.
 - non-free/packages/cmk-mknotifyd and referenced by '//cmk:lib_cmk_repo'
ERROR: /data/h445xu/repo/bazel-repos/cloned_repos/Checkmk__checkmk/cmk/BUILD:256:11: no such package 'non-free/packages/cmk-otel-collector': BUILD file not found in any of the following directories. Add a BUILD file to a directory to mark it as a package.
 - non-free/packages/cmk-otel-collector and referenced by '//cmk:lib_cmk_repo'
ERROR: /data/h445xu/repo/bazel-repos/cloned_repos/Checkmk__checkmk/tests/unit/BUILD:64:8: no such package 'non-free/packages/cmk-mknotifyd': BUILD file not found in any of the following directories. Add a BUILD file to a directory to mark it as a package.
 - non-free/packages/cmk-mknotifyd and referenced by '//tests/unit:repo.venv'
ERROR: /data/h445xu/repo/bazel-repos/cloned_repos/Checkmk__checkmk/cmk/BUILD:223:12: no such package 'non-free/packages/cmc-protocols': BUILD file not found in any of the following directories. Add a BUILD file to a directory to mark it as a package.
 - non-free/packages/cmc-protocols and referenced by '//cmk:lib_cmk_cme'
ERROR: /data/h445xu/repo/bazel-repos/cloned_repos/Checkmk__checkmk/cmk/BUILD:223:12: no such package 'non-free/packages/cmk-mknotifyd': BUILD file not found in any of the following directories. Add a BUILD file to a directory to mark it as a package.
 - non-free/packages/cmk-mknotifyd and referenced by '//cmk:lib_cmk_cme'
ERROR: /data/h445xu/repo/bazel-repos/cloned_repos/Checkmk__checkmk/cmk/BUILD:223:12: no such package 'non-free/packages/cmk-update-agent': BUILD file not found in any of the following directories. Add a BUILD file to a directory to mark it as a package.
 - non-free/packages/cmk-update-agent and referenced by '//cmk:lib_cmk_cme'
ERROR: /data/h445xu/repo/bazel-repos/cloned_repos/Checkmk__checkmk/cmk/BUILD:223:12: no such package 'non-free/packages/cmk-otel-collector': BUILD file not found in any of the following directories. Add a BUILD file to a directory to mark it as a package.
 - non-free/packages/cmk-otel-collector and referenced by '//cmk:lib_cmk_cme'
ERROR: /data/h445xu/repo/bazel-repos/cloned_repos/Checkmk__checkmk/cmk/BUILD:284:10: no such package 'non-free/packages/cmc-protocols': BUILD file not found in any of the following directories. Add a BUILD file to a directory to mark it as a package.
 - non-free/packages/cmc-protocols and referenced by '//cmk:cmk_cme'
ERROR: /data/h445xu/repo/bazel-repos/cloned_repos/Checkmk__checkmk/tests/unit/BUILD:64:8: no such package 'non-free/packages/cmk-mknotifyd': BUILD file not found in any of the following directories. Add a BUILD file to a directory to mark it as a package.
 - non-free/packages/cmk-mknotifyd and referenced by '//tests/unit:repo'
ERROR: /data/h445xu/repo/bazel-repos/cloned_repos/Checkmk__checkmk/cmk/BUILD:223:12: no such package 'non-free/packages/cmc-protocols': BUILD file not found in any of the following directories. Add a BUILD file to a directory to mark it as a package.
 - non-free/packages/cmc-protocols and referenced by '//cmk:lib_cmk_cse'
ERROR: /data/h445xu/repo/bazel-repos/cloned_repos/Checkmk__checkmk/cmk/BUILD:223:12: no such package 'non-free/packages/cmk-mknotifyd': BUILD file not found in any of the following directories. Add a BUILD file to a directory to mark it as a package.
 - non-free/packages/cmk-mknotifyd and referenced by '//cmk:lib_cmk_cse'
ERROR: /data/h445xu/repo/bazel-repos/cloned_repos/Checkmk__checkmk/cmk/BUILD:223:12: no such package 'non-free/packages/cmk-update-agent': BUILD file not found in any of the following directories. Add a BUILD file to a directory to mark it as a package.
 - non-free/packages/cmk-update-agent and referenced by '//cmk:lib_cmk_cse'
ERROR: /data/h445xu/repo/bazel-repos/cloned_repos/Checkmk__checkmk/cmk/BUILD:223:12: no such package 'non-free/packages/cmk-otel-collector': BUILD file not found in any of the following directories. Add a BUILD file to a directory to mark it as a package.
 - non-free/packages/cmk-otel-collector and referenced by '//cmk:lib_cmk_cse'
ERROR: /data/h445xu/repo/bazel-repos/cloned_repos/Checkmk__checkmk/cmk/BUILD:284:10: no such package 'non-free/packages/cmc-protocols': BUILD file not found in any of the following directories. Add a BUILD file to a directory to mark it as a package.
 - non-free/packages/cmc-protocols and referenced by '//cmk:cmk_cse'
ERROR: /data/h445xu/repo/bazel-repos/cloned_repos/Checkmk__checkmk/cmk/BUILD:223:12: no such package 'non-free/packages/cmc-protocols': BUILD file not found in any of the following directories. Add a BUILD file to a directory to mark it as a package.
 - non-free/packages/cmc-protocols and referenced by '//cmk:lib_cmk_cce'
ERROR: /data/h445xu/repo/bazel-repos/cloned_repos/Checkmk__checkmk/cmk/BUILD:223:12: no such package 'non-free/packages/cmk-mknotifyd': BUILD file not found in any of the following directories. Add a BUILD file to a directory to mark it as a package.
 - non-free/packages/cmk-mknotifyd and referenced by '//cmk:lib_cmk_cce'
ERROR: /data/h445xu/repo/bazel-repos/cloned_repos/Checkmk__checkmk/cmk/BUILD:223:12: no such package 'non-free/packages/cmk-otel-collector': BUILD file not found in any of the following directories. Add a BUILD file to a directory to mark it as a package.
 - non-free/packages/cmk-otel-collector and referenced by '//cmk:lib_cmk_cce'
ERROR: /data/h445xu/repo/bazel-repos/cloned_repos/Checkmk__checkmk/cmk/BUILD:223:12: no such package 'non-free/packages/cmk-update-agent': BUILD file not found in any of the following directories. Add a BUILD file to a directory to mark it as a package.
 - non-free/packages/cmk-update-agent and referenced by '//cmk:lib_cmk_cce'
ERROR: /data/h445xu/repo/bazel-repos/cloned_repos/Checkmk__checkmk/cmk/BUILD:284:10: no such package 'non-free/packages/cmc-protocols': BUILD file not found in any of the following directories. Add a BUILD file to a directory to mark it as a package.
 - non-free/packages/cmc-protocols and referenced by '//cmk:cmk_cce'
Loading: 3470 packages loaded
WARNING: Download from https://artifacts.lan.tribe29.com/repository/upstream-archives/pnp4nagios-0.6.26.tar.gz failed: class java.io.IOException Connect timed out
Loading: 3470 packages loaded
ERROR: /data/h445xu/repo/bazel-repos/cloned_repos/Checkmk__checkmk/omd/BUILD:43:9: no such package 'non-free/packages/cmk-mknotifyd': BUILD file not found in any of the following directories. Add a BUILD file to a directory to mark it as a package.
 - non-free/packages/cmk-mknotifyd and referenced by '//omd:deps_install_cee'
ERROR: /data/h445xu/repo/bazel-repos/cloned_repos/Checkmk__checkmk/omd/BUILD:43:9: no such package 'non-free/packages/cmk-mknotifyd': BUILD file not found in any of the following directories. Add a BUILD file to a directory to mark it as a package.
 - non-free/packages/cmk-mknotifyd and referenced by '//omd:deps_install_cce'
ERROR: /data/h445xu/repo/bazel-repos/cloned_repos/Checkmk__checkmk/omd/BUILD:43:9: no such package 'non-free/packages/cmk-mknotifyd': BUILD file not found in any of the following directories. Add a BUILD file to a directory to mark it as a package.
 - non-free/packages/cmk-mknotifyd and referenced by '//omd:deps_install_cme'
ERROR: /data/h445xu/repo/bazel-repos/cloned_repos/Checkmk__checkmk/omd/BUILD:43:9: no such package 'non-free/packages/cmk-mknotifyd': BUILD file not found in any of the following directories. Add a BUILD file to a directory to mark it as a package.
 - non-free/packages/cmk-mknotifyd and referenced by '//omd:deps_install_cse'
ERROR: /data/h445xu/repo/bazel-repos/cloned_repos/Checkmk__checkmk/omd/BUILD:43:9: no such package 'non-free/packages/cmc-protocols': BUILD file not found in any of the following directories. Add a BUILD file to a directory to mark it as a package.
 - non-free/packages/cmc-protocols and referenced by '//omd:deps_install_cse'
ERROR: /data/h445xu/repo/bazel-repos/cloned_repos/Checkmk__checkmk/omd/BUILD:43:9: no such package 'non-free/packages/cmk-relay-engine': BUILD file not found in any of the following directories. Add a BUILD file to a directory to mark it as a package.
 - non-free/packages/cmk-relay-engine and referenced by '//omd:deps_install_cse'
ERROR: /data/h445xu/repo/bazel-repos/cloned_repos/Checkmk__checkmk/omd/BUILD:43:9: no such package 'non-free/packages/cmk-otel-collector': BUILD file not found in any of the following directories. Add a BUILD file to a directory to mark it as a package.
 - non-free/packages/cmk-otel-collector and referenced by '//omd:deps_install_cse'
ERROR: /data/h445xu/repo/bazel-repos/cloned_repos/Checkmk__checkmk/omd/BUILD:43:9: no such package 'non-free/packages/cmk-update-agent': BUILD file not found in any of the following directories. Add a BUILD file to a directory to mark it as a package.
 - non-free/packages/cmk-update-agent and referenced by '//omd:deps_install_cse'
ERROR: /data/h445xu/repo/bazel-repos/cloned_repos/Checkmk__checkmk/omd/BUILD:43:9: no such package 'non-free/packages/cmc-protocols': BUILD file not found in any of the following directories. Add a BUILD file to a directory to mark it as a package.
 - non-free/packages/cmc-protocols and referenced by '//omd:deps_install_cme'
ERROR: /data/h445xu/repo/bazel-repos/cloned_repos/Checkmk__checkmk/omd/BUILD:43:9: no such package 'non-free/packages/cmk-otel-collector': BUILD file not found in any of the following directories. Add a BUILD file to a directory to mark it as a package.
 - non-free/packages/cmk-otel-collector and referenced by '//omd:deps_install_cme'
ERROR: /data/h445xu/repo/bazel-repos/cloned_repos/Checkmk__checkmk/omd/BUILD:43:9: no such package 'non-free/packages/cmc-protocols': BUILD file not found in any of the following directories. Add a BUILD file to a directory to mark it as a package.
 - non-free/packages/cmc-protocols and referenced by '//omd:deps_install_cce'
ERROR: /data/h445xu/repo/bazel-repos/cloned_repos/Checkmk__checkmk/omd/BUILD:43:9: no such package 'non-free/packages/cmc-protocols': BUILD file not found in any of the following directories. Add a BUILD file to a directory to mark it as a package.
 - non-free/packages/cmc-protocols and referenced by '//omd:deps_install_cee'
ERROR: /data/h445xu/repo/bazel-repos/cloned_repos/Checkmk__checkmk/omd/BUILD:43:9: no such package 'non-free/packages/cmk-update-agent': BUILD file not found in any of the following directories. Add a BUILD file to a directory to mark it as a package.
 - non-free/packages/cmk-update-agent and referenced by '//omd:deps_install_cee'
ERROR: /data/h445xu/repo/bazel-repos/cloned_repos/Checkmk__checkmk/omd/BUILD:43:9: no such package 'non-free/packages/cmk-otel-collector': BUILD file not found in any of the following directories. Add a BUILD file to a directory to mark it as a package.
 - non-free/packages/cmk-otel-collector and referenced by '//omd:deps_install_cce'
ERROR: /data/h445xu/repo/bazel-repos/cloned_repos/Checkmk__checkmk/omd/BUILD:43:9: no such package 'non-free/packages/cmk-update-agent': BUILD file not found in any of the following directories. Add a BUILD file to a directory to mark it as a package.
 - non-free/packages/cmk-update-agent and referenced by '//omd:deps_install_cme'
ERROR: /data/h445xu/repo/bazel-repos/cloned_repos/Checkmk__checkmk/omd/BUILD:43:9: no such package 'non-free/packages/cmk-update-agent': BUILD file not found in any of the following directories. Add a BUILD file to a directory to mark it as a package.
 - non-free/packages/cmk-update-agent and referenced by '//omd:deps_install_cce'
ERROR: /data/h445xu/repo/bazel-repos/cloned_repos/Checkmk__checkmk/omd/BUILD:43:9: no such package 'non-free/packages/cmk-relay-engine': BUILD file not found in any of the following directories. Add a BUILD file to a directory to mark it as a package.
 - non-free/packages/cmk-relay-engine and referenced by '//omd:deps_install_cce'
ERROR: /data/h445xu/repo/bazel-repos/cloned_repos/Checkmk__checkmk/omd/BUILD:43:9: no such package 'non-free/packages/cmk-relay-engine': BUILD file not found in any of the following directories. Add a BUILD file to a directory to mark it as a package.
 - non-free/packages/cmk-relay-engine and referenced by '//omd:deps_install_cme'
Loading: 3471 packages loaded
Loading: 3485 packages loaded
Loading: 3489 packages loaded
Loading: 3489 packages loaded
ERROR: /data/h445xu/repo/bazel-repos/cloned_repos/Checkmk__checkmk/cmk/BUILD:284:10: no such package 'non-free/packages/cmc-protocols': BUILD file not found in any of the following directories. Add a BUILD file to a directory to mark it as a package.
 - non-free/packages/cmc-protocols and referenced by '//cmk:cmk_cce'
ERROR: /data/h445xu/repo/bazel-repos/cloned_repos/Checkmk__checkmk/cmk/BUILD:284:10: no such package 'non-free/packages/cmc-protocols': BUILD file not found in any of the following directories. Add a BUILD file to a directory to mark it as a package.
 - non-free/packages/cmc-protocols and referenced by '//cmk:cmk_cce'
ERROR: /data/h445xu/repo/bazel-repos/cloned_repos/Checkmk__checkmk/cmk/BUILD:284:10: no such package 'non-free/packages/cmc-protocols': BUILD file not found in any of the following directories. Add a BUILD file to a directory to mark it as a package.
 - non-free/packages/cmc-protocols and referenced by '//cmk:cmk_cce'
ERROR: /data/h445xu/repo/bazel-repos/cloned_repos/Checkmk__checkmk/cmk/BUILD:193:11: no such package 'non-free/packages/cmk-otel-collector': BUILD file not found in any of the following directories. Add a BUILD file to a directory to mark it as a package.
 - non-free/packages/cmk-otel-collector and referenced by '//cmk:lib_cmk'
ERROR: /data/h445xu/repo/bazel-repos/cloned_repos/Checkmk__checkmk/cmk/BUILD:256:11: no such package 'non-free/packages/cmc-protocols': BUILD file not found in any of the following directories. Add a BUILD file to a directory to mark it as a package.
 - non-free/packages/cmc-protocols and referenced by '//cmk:lib_cmk_repo'
ERROR: /data/h445xu/repo/bazel-repos/cloned_repos/Checkmk__checkmk/cmk/BUILD:256:11: no such package 'non-free/packages/cmk-otel-collector': BUILD file not found in any of the following directories. Add a BUILD file to a directory to mark it as a package.
 - non-free/packages/cmk-otel-collector and referenced by '//cmk:lib_cmk_repo'
ERROR: /data/h445xu/repo/bazel-repos/cloned_repos/Checkmk__checkmk/cmk/BUILD:256:11: no such package 'non-free/packages/cmc-protocols': BUILD file not found in any of the following directories. Add a BUILD file to a directory to mark it as a package.
 - non-free/packages/cmc-protocols and referenced by '//cmk:lib_cmk_repo'
ERROR: /data/h445xu/repo/bazel-repos/cloned_repos/Checkmk__checkmk/cmk/BUILD:256:11: no such package 'non-free/packages/cmk-mknotifyd': BUILD file not found in any of the following directories. Add a BUILD file to a directory to mark it as a package.
 - non-free/packages/cmk-mknotifyd and referenced by '//cmk:lib_cmk_repo'
ERROR: /data/h445xu/repo/bazel-repos/cloned_repos/Checkmk__checkmk/cmk/BUILD:256:11: no such package 'non-free/packages/cmc-protocols': BUILD file not found in any of the following directories. Add a BUILD file to a directory to mark it as a package.
 - non-free/packages/cmc-protocols and referenced by '//cmk:lib_cmk_repo'
ERROR: /data/h445xu/.cache/bazel/_bazel_hongxu/cb1d7a31a70ed8ad21e47c68e1f45bef/external/rules_python++pip+cmk_requirements/python_active_directory/BUILD.bazel:5:12: no such package '@@rules_python++pip+cmk_requirements_312_python_active_directory//': 
rules_python:whl_library(@@rules_python++pip+cmk_requirements_312_python_active_directory) FAIL: repo.execute: whl_library.ResolveRequirement(rules_python++pip+cmk_requirements_312_python_active_directory, python-active-directory==2.0.1): end: failure:
  command: /data/h445xu/.cache/bazel/_bazel_hongxu/cb1d7a31a70ed8ad21e47c68e1f45bef/external/rules_python++python+python_3_12_11_host/python -B -m python.private.pypi.whl_installer.wheel_installer --requirement "python-active-directory==2.0.1 --hash=sha256:023d5d47fa1fc966527d63d73b6c3864a233c236e3e258f9af778e73549230e0 --hash=sha256:119f0acf9d4cba8ee99639602969214757100a12f3fafe6a6083ead56bfc655b --hash=sha256:1a7224725d84a03e5e3dda1090c5e8fa8a901983ae2770035b1541e4c9563814 --hash=sha256:1dd75e0c1ef915e2065fd454130d4ee634a4352442b1571a116531f7d7719141 --hash=sha256:25ebc8fe2df7ca35d16235bd3c84dc725a3cfc6ef2c127091d64bb0cb33f772f --hash=sha256:2c9dbcd5227960ee1e66565a731bf9e2f6a51e883d41fca03c38db168796307e --hash=sha256:36f043366ad2e4847940c5506937edc19c117720e2385124742b3492dd8f892e --hash=sha256:3d22e40996a26456ab6025525aa4f9d7e21c20f7a93fde978279fd38ac13b480 --hash=sha256:412575b2bcab80d7701e8481257303081cfd862b504b87a5936dab43ffa86735 --hash=sha256:4179021d759140163522d051f77e14a6c4597dae62a9ae13c52f07a94538b50e --hash=sha256:42cddf65651c9e3e74bfbe881ad5222214055ff0adcc46c3b89d4a2dd9b1bbc9 --hash=sha256:4cc39cfc684a05c132f8a169ee89d65edc5a5d9aa4f3d08ed016bfae0a296ab9 --hash=sha256:4f06794a730c575153694dd5e4b257b64e81633c826030cd3265fd422d6a1317 --hash=sha256:550b6c399b8134f0bcbd23e3a8f1f49c680b23b4bdb659c1d75d93a99cb2c5e3 --hash=sha256:554ed6609b9d2e42bc94f27afec3db9336215fe5ebbbbcc0a4f55d767b1b179c --hash=sha256:5a4e43e73400b56c2944ad083dbc636a235a5ad8041650e653ed6475528fd9a8 --hash=sha256:5f1dc7352589051b3a582b2b887fbe1d4bb4d34339a7caa125ae710d00d37c84 --hash=sha256:6796525928ac684d856b29452900af13312bc075cadabe7b48f9b1f4716406d1 --hash=sha256:75910febfc2dafe4746604beedcf48e7c3cb1a7ede1bb64d538772fdd17fbd1e --hash=sha256:78620bce064713fbe15b5cbd8184b06424e695450c2bf2a120d478439aa14547 --hash=sha256:86755431ca451986f8fa49ab0ff7cbbd04b4312fccd11b7aca3ed1d0315c0f28 --hash=sha256:89633bfd19b7075fa581f1945f1d6c153ec561f69104354d16622e4927ae6adb --hash=sha256:89aba83e36ff9139bf287ec136088128cbd41a3a6b4d640d9a05121cb4cf4939 --hash=sha256:8c01b00865f959adb89c1135de617dd1f60241bd95bf5c100474141ecf013dbe --hash=sha256:9534f84a857912091d97dbf6f92afc3f1390e049fd2a59aa9c61bce97205afa2 --hash=sha256:9de88ee7abe7557b87a67f29e56056239e350889d7d5cacbca37718f113e1516 --hash=sha256:a41b77e8c2cc5144d4efe0c41d00d93646d54f64f8a951a7d33ea63a1551e84a --hash=sha256:a55eba00e4cf31b94bf145db8732fae40eda95467aa2e8008bd756d4cd72e9ba --hash=sha256:ab614fc563f8d99d83660b72cb847c667f9748fe526ef11b081c46fdebbc77ad --hash=sha256:aec2c255c8cf2bd8705ef80ed88e2a4a4d5671a1b4b54ecfac414cd3ffff1624 --hash=sha256:c1e10a3c739de454babf6c758b0ba0e51096e2819a5b6033f131fd4c78320397 --hash=sha256:ca856085dbb5e587a4ae0e26eeff7f497ab22e3ca0e91048f26ada7799e15b00 --hash=sha256:d23740a78a77abe8f49f4486aaae3092bb9c1a94536c4505755c293409cdf7ff --hash=sha256:d3025b16e1d722025f9ea76582c7408bd7d61a228f3213f4ea80332bf8a2ec37 --hash=sha256:d3288c4244171193b3d809968d8e0d4521b9e6b0a430f92a4fa991fa2e3f90be --hash=sha256:d352bdeed5626d6b10e87683bf779622620fded79589323adb0141e65cc09022 --hash=sha256:d785d5c60a1bd280efb09a895cd95fda75f532451aa01cfd9a89d803680cf5fe --hash=sha256:d95bdacff0f12b75f3b6a31ae5a96492a2b8c92b3d65bccaa5505c9f7871c7fd --hash=sha256:e65b3345cac28e0764628190ed46749411569438a5c30f6a99253ec626473344 --hash=sha256:e884238ea1d022ad9690842a548fe1b5f7949cd9301b7c8597d8da561f0b66de --hash=sha256:ece76c609fb48c36484ab9182bfd87fd9c9d6102c4a1f632ad92c95cf94fa820 --hash=sha256:f206d8f039a8ecbbd8d82ec330ebe270a380c6c533f437340993dc9c0b5c5cf3 --hash=sha256:f7283f9063e55f96018c3f3fa041e0de6e491d9496da982fd8b37b91fefc6012 --hash=sha256:f760e7f4f2f9d671efb09e1ef7b7064c3ab03dd492e5dabb0108b5e59a997848 --hash=sha256:fc5f5bf45840e33e000527eaa9241b264e651c764b800bdd9a920449e3f3c57a --hash=sha256:febd238057469a11650db2a178d269a5142e106381197e3754c6c15815c97082" --isolated --extra_pip_args "{\"arg\":[\"--index-url\",\"https://pypi.org/simple\"]}" --pip_data_exclude "{\"arg\":[]}" --environment "{\"arg\":{\"CC\":\"gcc-13\"}}"
  return code: 1
  working dir: <default: /data/h445xu/.cache/bazel/_bazel_hongxu/cb1d7a31a70ed8ad21e47c68e1f45bef/external/rules_python++pip+cmk_requirements_312_python_active_directory>
  timeout: 600
  environment:
PYTHONPATH="/data/h445xu/.cache/bazel/_bazel_hongxu/cb1d7a31a70ed8ad21e47c68e1f45bef/external/rules_python+:/data/h445xu/.cache/bazel/_bazel_hongxu/cb1d7a31a70ed8ad21e47c68e1f45bef/external/rules_python++internal_deps+pypi__build:/data/h445xu/.cache/bazel/_bazel_hongxu/cb1d7a31a70ed8ad21e47c68e1f45bef/external/rules_python++internal_deps+pypi__click:/data/h445xu/.cache/bazel/_bazel_hongxu/cb1d7a31a70ed8ad21e47c68e1f45bef/external/rules_python++internal_deps+pypi__colorama:/data/h445xu/.cache/bazel/_bazel_hongxu/cb1d7a31a70ed8ad21e47c68e1f45bef/external/rules_python++internal_deps+pypi__importlib_metadata:/data/h445xu/.cache/bazel/_bazel_hongxu/cb1d7a31a70ed8ad21e47c68e1f45bef/external/rules_python++internal_deps+pypi__installer:/data/h445xu/.cache/bazel/_bazel_hongxu/cb1d7a31a70ed8ad21e47c68e1f45bef/external/rules_python++internal_deps+pypi__more_itertools:/data/h445xu/.cache/bazel/_bazel_hongxu/cb1d7a31a70ed8ad21e47c68e1f45bef/external/rules_python++internal_deps+pypi__packaging:/data/h445xu/.cache/bazel/_bazel_hongxu/cb1d7a31a70ed8ad21e47c68e1f45bef/external/rules_python++internal_deps+pypi__pep517:/data/h445xu/.cache/bazel/_bazel_hongxu/cb1d7a31a70ed8ad21e47c68e1f45bef/external/rules_python++internal_deps+pypi__pip:/data/h445xu/.cache/bazel/_bazel_hongxu/cb1d7a31a70ed8ad21e47c68e1f45bef/external/rules_python++internal_deps+pypi__pip_tools:/data/h445xu/.cache/bazel/_bazel_hongxu/cb1d7a31a70ed8ad21e47c68e1f45bef/external/rules_python++internal_deps+pypi__pyproject_hooks:/data/h445xu/.cache/bazel/_bazel_hongxu/cb1d7a31a70ed8ad21e47c68e1f45bef/external/rules_python++internal_deps+pypi__setuptools:/data/h445xu/.cache/bazel/_bazel_hongxu/cb1d7a31a70ed8ad21e47c68e1f45bef/external/rules_python++internal_deps+pypi__tomli:/data/h445xu/.cache/bazel/_bazel_hongxu/cb1d7a31a70ed8ad21e47c68e1f45bef/external/rules_python++internal_deps+pypi__wheel:/data/h445xu/.cache/bazel/_bazel_hongxu/cb1d7a31a70ed8ad21e47c68e1f45bef/external/rules_python++internal_deps+pypi__zipp"
CPPFLAGS="-isystem /data/h445xu/.cache/bazel/_bazel_hongxu/cb1d7a31a70ed8ad21e47c68e1f45bef/external/rules_python++python+python_3_12_11_host/include/python3.12"
===== stdout start =====
Collecting python-active-directory==2.0.1 (from -r /tmp/tmp_ogorqjk (line 1))
  Downloading python-active-directory-2.0.1.tar.gz (35 kB)
  Preparing metadata (setup.py): started
  Preparing metadata (setup.py): finished with status 'done'
Building wheels for collected packages: python-active-directory
  Building wheel for python-active-directory (setup.py): started
  Building wheel for python-active-directory (setup.py): finished with status 'error'
  Running setup.py clean for python-active-directory
Failed to build python-active-directory
===== stdout end =====
===== stderr start =====
  error: subprocess-exited-with-error
  
  × python setup.py bdist_wheel did not run successfully.
  │ exit code: 1
  ╰─> [36 lines of output]
      running bdist_wheel
      running build
      running build_py
      creating build
      creating build/lib.linux-x86_64-cpython-312
      creating build/lib.linux-x86_64-cpython-312/activedirectory
      copying lib/activedirectory/__init__.py -> build/lib.linux-x86_64-cpython-312/activedirectory
      creating build/lib.linux-x86_64-cpython-312/activedirectory/core
      copying lib/activedirectory/core/__init__.py -> build/lib.linux-x86_64-cpython-312/activedirectory/core
      copying lib/activedirectory/core/object.py -> build/lib.linux-x86_64-cpython-312/activedirectory/core
      copying lib/activedirectory/core/locate.py -> build/lib.linux-x86_64-cpython-312/activedirectory/core
      copying lib/activedirectory/core/exception.py -> build/lib.linux-x86_64-cpython-312/activedirectory/core
      copying lib/activedirectory/core/client.py -> build/lib.linux-x86_64-cpython-312/activedirectory/core
      copying lib/activedirectory/core/creds.py -> build/lib.linux-x86_64-cpython-312/activedirectory/core
      copying lib/activedirectory/core/constant.py -> build/lib.linux-x86_64-cpython-312/activedirectory/core
      creating build/lib.linux-x86_64-cpython-312/activedirectory/protocol
      copying lib/activedirectory/protocol/__init__.py -> build/lib.linux-x86_64-cpython-312/activedirectory/protocol
      copying lib/activedirectory/protocol/netlogon.py -> build/lib.linux-x86_64-cpython-312/activedirectory/protocol
      copying lib/activedirectory/protocol/ldapfilter.py -> build/lib.linux-x86_64-cpython-312/activedirectory/protocol
      copying lib/activedirectory/protocol/ldap.py -> build/lib.linux-x86_64-cpython-312/activedirectory/protocol
      copying lib/activedirectory/protocol/ldapfilter_tab.py -> build/lib.linux-x86_64-cpython-312/activedirectory/protocol
      copying lib/activedirectory/protocol/asn1.py -> build/lib.linux-x86_64-cpython-312/activedirectory/protocol
      creating build/lib.linux-x86_64-cpython-312/activedirectory/util
      copying lib/activedirectory/util/__init__.py -> build/lib.linux-x86_64-cpython-312/activedirectory/util
      copying lib/activedirectory/util/misc.py -> build/lib.linux-x86_64-cpython-312/activedirectory/util
      copying lib/activedirectory/util/parser.py -> build/lib.linux-x86_64-cpython-312/activedirectory/util
      copying lib/activedirectory/util/compat.py -> build/lib.linux-x86_64-cpython-312/activedirectory/util
      copying lib/activedirectory/util/log.py -> build/lib.linux-x86_64-cpython-312/activedirectory/util
      running build_ext
      building 'activedirectory.protocol.krb5' extension
      creating build/temp.linux-x86_64-cpython-312
      creating build/temp.linux-x86_64-cpython-312/lib
      creating build/temp.linux-x86_64-cpython-312/lib/activedirectory
      creating build/temp.linux-x86_64-cpython-312/lib/activedirectory/protocol
      gcc-13 -fno-strict-overflow -Wsign-compare -Wunreachable-code -DNDEBUG -g -O3 -Wall -fPIC -g0 -isystem /data/h445xu/.cache/bazel/_bazel_hongxu/cb1d7a31a70ed8ad21e47c68e1f45bef/external/rules_python++python+python_3_12_11_host/include/python3.12 -fPIC -I/data/h445xu/.cache/bazel/_bazel_hongxu/cb1d7a31a70ed8ad21e47c68e1f45bef/external/rules_python++python+python_3_12_11_x86_64-unknown-linux-gnu/include/python3.12 -c lib/activedirectory/protocol/krb5.c -o build/temp.linux-x86_64-cpython-312/lib/activedirectory/protocol/krb5.o
      error: command 'gcc-13' failed: No such file or directory
      [end of output]
  
  note: This error originates from a subprocess, and is likely not a problem with pip.
  ERROR: Failed building wheel for python-active-directory
ERROR: Failed to build one or more wheels
Traceback (most recent call last):
  File "<frozen runpy>", line 198, in _run_module_as_main
  File "<frozen runpy>", line 88, in _run_code
  File "/data/h445xu/.cache/bazel/_bazel_hongxu/cb1d7a31a70ed8ad21e47c68e1f45bef/external/rules_python+/python/private/pypi/whl_installer/wheel_installer.py", line 206, in <module>
    main()
  File "/data/h445xu/.cache/bazel/_bazel_hongxu/cb1d7a31a70ed8ad21e47c68e1f45bef/external/rules_python+/python/private/pypi/whl_installer/wheel_installer.py", line 191, in main
    subprocess.run(pip_args, check=True, env=env)
  File "/data/h445xu/.cache/bazel/_bazel_hongxu/cb1d7a31a70ed8ad21e47c68e1f45bef/external/rules_python++python+python_3_12_11_x86_64-unknown-linux-gnu/lib/python3.12/subprocess.py", line 571, in run
    raise CalledProcessError(retcode, process.args,
subprocess.CalledProcessError: Command '['/data/h445xu/.cache/bazel/_bazel_hongxu/cb1d7a31a70ed8ad21e47c68e1f45bef/external/rules_python++python+python_3_12_11_host/python', '-m', 'pip', '--isolated', 'wheel', '--no-deps', '--index-url', 'https://pypi.org/simple', '-r', '/tmp/tmp_ogorqjk']' returned non-zero exit status 1.
===== stderr end ===== and referenced by '@@rules_python++pip+cmk_requirements//python_active_directory:pkg'
ERROR: /data/h445xu/.cache/bazel/_bazel_hongxu/cb1d7a31a70ed8ad21e47c68e1f45bef/external/rules_python++pip+cmk_requirements/python_ldap/BUILD.bazel:5:12: no such package '@@rules_python++pip+cmk_requirements_312_python_ldap//': 
rules_python:whl_library(@@rules_python++pip+cmk_requirements_312_python_ldap) FAIL: repo.execute: whl_library.ResolveRequirement(rules_python++pip+cmk_requirements_312_python_ldap, python-ldap==3.4.4): end: failure:
  command: /data/h445xu/.cache/bazel/_bazel_hongxu/cb1d7a31a70ed8ad21e47c68e1f45bef/external/rules_python++python+python_3_12_11_host/python -B -m python.private.pypi.whl_installer.wheel_installer --requirement "python-ldap==3.4.4 --hash=sha256:7edb0accec4e037797705f3a05cbf36a9fde50d08c8f67f2aef99a2628fab828" --isolated --extra_pip_args "{\"arg\":[\"--index-url\",\"https://pypi.org/simple\"]}" --pip_data_exclude "{\"arg\":[]}" --environment "{\"arg\":{\"CC\":\"gcc-13\"}}"
  return code: 1
  working dir: <default: /data/h445xu/.cache/bazel/_bazel_hongxu/cb1d7a31a70ed8ad21e47c68e1f45bef/external/rules_python++pip+cmk_requirements_312_python_ldap>
  timeout: 600
  environment:
PYTHONPATH="/data/h445xu/.cache/bazel/_bazel_hongxu/cb1d7a31a70ed8ad21e47c68e1f45bef/external/rules_python+:/data/h445xu/.cache/bazel/_bazel_hongxu/cb1d7a31a70ed8ad21e47c68e1f45bef/external/rules_python++internal_deps+pypi__build:/data/h445xu/.cache/bazel/_bazel_hongxu/cb1d7a31a70ed8ad21e47c68e1f45bef/external/rules_python++internal_deps+pypi__click:/data/h445xu/.cache/bazel/_bazel_hongxu/cb1d7a31a70ed8ad21e47c68e1f45bef/external/rules_python++internal_deps+pypi__colorama:/data/h445xu/.cache/bazel/_bazel_hongxu/cb1d7a31a70ed8ad21e47c68e1f45bef/external/rules_python++internal_deps+pypi__importlib_metadata:/data/h445xu/.cache/bazel/_bazel_hongxu/cb1d7a31a70ed8ad21e47c68e1f45bef/external/rules_python++internal_deps+pypi__installer:/data/h445xu/.cache/bazel/_bazel_hongxu/cb1d7a31a70ed8ad21e47c68e1f45bef/external/rules_python++internal_deps+pypi__more_itertools:/data/h445xu/.cache/bazel/_bazel_hongxu/cb1d7a31a70ed8ad21e47c68e1f45bef/external/rules_python++internal_deps+pypi__packaging:/data/h445xu/.cache/bazel/_bazel_hongxu/cb1d7a31a70ed8ad21e47c68e1f45bef/external/rules_python++internal_deps+pypi__pep517:/data/h445xu/.cache/bazel/_bazel_hongxu/cb1d7a31a70ed8ad21e47c68e1f45bef/external/rules_python++internal_deps+pypi__pip:/data/h445xu/.cache/bazel/_bazel_hongxu/cb1d7a31a70ed8ad21e47c68e1f45bef/external/rules_python++internal_deps+pypi__pip_tools:/data/h445xu/.cache/bazel/_bazel_hongxu/cb1d7a31a70ed8ad21e47c68e1f45bef/external/rules_python++internal_deps+pypi__pyproject_hooks:/data/h445xu/.cache/bazel/_bazel_hongxu/cb1d7a31a70ed8ad21e47c68e1f45bef/external/rules_python++internal_deps+pypi__setuptools:/data/h445xu/.cache/bazel/_bazel_hongxu/cb1d7a31a70ed8ad21e47c68e1f45bef/external/rules_python++internal_deps+pypi__tomli:/data/h445xu/.cache/bazel/_bazel_hongxu/cb1d7a31a70ed8ad21e47c68e1f45bef/external/rules_python++internal_deps+pypi__wheel:/data/h445xu/.cache/bazel/_bazel_hongxu/cb1d7a31a70ed8ad21e47c68e1f45bef/external/rules_python++internal_deps+pypi__zipp"
CPPFLAGS="-isystem /data/h445xu/.cache/bazel/_bazel_hongxu/cb1d7a31a70ed8ad21e47c68e1f45bef/external/rules_python++python+python_3_12_11_host/include/python3.12"
===== stdout start =====
Collecting python-ldap==3.4.4 (from -r /tmp/tmplfx_vog0 (line 1))
  Downloading python-ldap-3.4.4.tar.gz (377 kB)
     ━━━━━━━━━━━━━━━━━━━━━━━━━━━━━━━━━━━━━━━ 377.9/377.9 kB 9.7 MB/s eta 0:00:00
  Installing build dependencies: started
  Installing build dependencies: finished with status 'done'
  Getting requirements to build wheel: started
  Getting requirements to build wheel: finished with status 'done'
  Preparing metadata (pyproject.toml): started
  Preparing metadata (pyproject.toml): finished with status 'done'
Building wheels for collected packages: python-ldap
  Building wheel for python-ldap (pyproject.toml): started
  Building wheel for python-ldap (pyproject.toml): finished with status 'error'
Failed to build python-ldap
===== stdout end =====
===== stderr start =====
  error: subprocess-exited-with-error
  
  × Building wheel for python-ldap (pyproject.toml) did not run successfully.
  │ exit code: 1
  ╰─> [91 lines of output]
      /tmp/pip-build-env-lm90l8fh/overlay/lib/python3.12/site-packages/setuptools/_distutils/dist.py:289: UserWarning: Unknown distribution option: 'test_suite'
        warnings.warn(msg)
      /tmp/pip-build-env-lm90l8fh/overlay/lib/python3.12/site-packages/setuptools/dist.py:759: SetuptoolsDeprecationWarning: License classifiers are deprecated.
      !!
      
              ********************************************************************************
              Please consider removing the following classifiers in favor of a SPDX license expression:
      
              License :: OSI Approved :: Python Software Foundation License
      
              See https://packaging.python.org/en/latest/guides/writing-pyproject-toml/#license for details.
              ********************************************************************************
      
      !!
        self._finalize_license_expression()
      running bdist_wheel
      running build
      running build_py
      creating build/lib.linux-x86_64-cpython-312
      copying Lib/ldapurl.py -> build/lib.linux-x86_64-cpython-312
      copying Lib/ldif.py -> build/lib.linux-x86_64-cpython-312
      creating build/lib.linux-x86_64-cpython-312/ldap
      copying Lib/ldap/modlist.py -> build/lib.linux-x86_64-cpython-312/ldap
      copying Lib/ldap/dn.py -> build/lib.linux-x86_64-cpython-312/ldap
      copying Lib/ldap/__init__.py -> build/lib.linux-x86_64-cpython-312/ldap
      copying Lib/ldap/constants.py -> build/lib.linux-x86_64-cpython-312/ldap
      copying Lib/ldap/pkginfo.py -> build/lib.linux-x86_64-cpython-312/ldap
      copying Lib/ldap/sasl.py -> build/lib.linux-x86_64-cpython-312/ldap
      copying Lib/ldap/syncrepl.py -> build/lib.linux-x86_64-cpython-312/ldap
      copying Lib/ldap/ldapobject.py -> build/lib.linux-x86_64-cpython-312/ldap
      copying Lib/ldap/resiter.py -> build/lib.linux-x86_64-cpython-312/ldap
      copying Lib/ldap/asyncsearch.py -> build/lib.linux-x86_64-cpython-312/ldap
      copying Lib/ldap/async.py -> build/lib.linux-x86_64-cpython-312/ldap
      copying Lib/ldap/logger.py -> build/lib.linux-x86_64-cpython-312/ldap
      copying Lib/ldap/cidict.py -> build/lib.linux-x86_64-cpython-312/ldap
      copying Lib/ldap/compat.py -> build/lib.linux-x86_64-cpython-312/ldap
      copying Lib/ldap/functions.py -> build/lib.linux-x86_64-cpython-312/ldap
      copying Lib/ldap/filter.py -> build/lib.linux-x86_64-cpython-312/ldap
      creating build/lib.linux-x86_64-cpython-312/ldap/controls
      copying Lib/ldap/controls/pwdpolicy.py -> build/lib.linux-x86_64-cpython-312/ldap/controls
      copying Lib/ldap/controls/__init__.py -> build/lib.linux-x86_64-cpython-312/ldap/controls
      copying Lib/ldap/controls/pagedresults.py -> build/lib.linux-x86_64-cpython-312/ldap/controls
      copying Lib/ldap/controls/sessiontrack.py -> build/lib.linux-x86_64-cpython-312/ldap/controls
      copying Lib/ldap/controls/sss.py -> build/lib.linux-x86_64-cpython-312/ldap/controls
      copying Lib/ldap/controls/deref.py -> build/lib.linux-x86_64-cpython-312/ldap/controls
      copying Lib/ldap/controls/vlv.py -> build/lib.linux-x86_64-cpython-312/ldap/controls
      copying Lib/ldap/controls/psearch.py -> build/lib.linux-x86_64-cpython-312/ldap/controls
      copying Lib/ldap/controls/libldap.py -> build/lib.linux-x86_64-cpython-312/ldap/controls
      copying Lib/ldap/controls/readentry.py -> build/lib.linux-x86_64-cpython-312/ldap/controls
      copying Lib/ldap/controls/ppolicy.py -> build/lib.linux-x86_64-cpython-312/ldap/controls
      copying Lib/ldap/controls/simple.py -> build/lib.linux-x86_64-cpython-312/ldap/controls
      copying Lib/ldap/controls/openldap.py -> build/lib.linux-x86_64-cpython-312/ldap/controls
      creating build/lib.linux-x86_64-cpython-312/ldap/extop
      copying Lib/ldap/extopLoading: 3490 packages loaded
/__init__.py -> build/lib.linux-x86_64-cpython-312/ldap/extop
      copying Lib/ldap/extop/dds.py -> build/lib.linux-x86_64-cpython-312/ldap/extop
      copying Lib/ldap/extop/passwd.py -> build/lib.linux-x86_64-cpython-312/ldap/extop
      creating build/lib.linux-x86_64-cpython-312/ldap/schema
      copying Lib/ldap/schema/__init__.py -> build/lib.linux-x86_64-cpython-312/ldap/schema
      copying Lib/ldap/schema/models.py -> build/lib.linux-x86_64-cpython-312/ldap/schema
      copying Lib/ldap/schema/tokenizer.py -> build/lib.linux-x86_64-cpython-312/ldap/schema
      copying Lib/ldap/schema/subentry.py -> build/lib.linux-x86_64-cpython-312/ldap/schema
      creating build/lib.linux-x86_64-cpython-312/slapdtest
      copying Lib/slapdtest/__init__.py -> build/lib.linux-x86_64-cpython-312/slapdtest
      copying Lib/slapdtest/_slapdtest.py -> build/lib.linux-x86_64-cpython-312/slapdtest
      running egg_info
      writing Lib/python_ldap.egg-info/PKG-INFO
      writing dependency_links to Lib/python_ldap.egg-info/dependency_links.txt
      writing requirements to Lib/python_ldap.egg-info/requires.txt
      writing top-level names to Lib/python_ldap.egg-info/top_level.txt
      reading manifest file 'Lib/python_ldap.egg-info/SOURCES.txt'
      reading manifest template 'MANIFEST.in'
      no previously-included directories found matching 'Doc/.build'
      adding license file 'LICENCE'
      writing manifest file 'Lib/python_ldap.egg-info/SOURCES.txt'
      creating build/lib.linux-x86_64-cpython-312/slapdtest/certs
      copying Lib/slapdtest/certs/README -> build/lib.linux-x86_64-cpython-312/slapdtest/certs
      copying Lib/slapdtest/certs/ca.conf -> build/lib.linux-x86_64-cpython-312/slapdtest/certs
      copying Lib/slapdtest/certs/ca.pem -> build/lib.linux-x86_64-cpython-312/slapdtest/certs
      copying Lib/slapdtest/certs/client.conf -> build/lib.linux-x86_64-cpython-312/slapdtest/certs
      copying Lib/slapdtest/certs/client.key -> build/lib.linux-x86_64-cpython-312/slapdtest/certs
      copying Lib/slapdtest/certs/client.pem -> build/lib.linux-x86_64-cpython-312/slapdtest/certs
      copying Lib/slapdtest/certs/gencerts.sh -> build/lib.linux-x86_64-cpython-312/slapdtest/certs
      copying Lib/slapdtest/certs/gennssdb.sh -> build/lib.linux-x86_64-cpython-312/slapdtest/certs
      copying Lib/slapdtest/certs/server.conf -> build/lib.linux-x86_64-cpython-312/slapdtest/certs
      copying Lib/slapdtest/certs/server.key -> build/lib.linux-x86_64-cpython-312/slapdtest/certs
      copying Lib/slapdtest/certs/server.pem -> build/lib.linux-x86_64-cpython-312/slapdtest/certs
      running build_ext
      building '_ldap' extension
      creating build/temp.linux-x86_64-cpython-312/Modules
      gcc-13 -g0 -isystem /data/h445xu/.cache/bazel/_bazel_hongxu/cb1d7a31a70ed8ad21e47c68e1f45bef/external/rules_python++python+python_3_12_11_host/include/python3.12 -fPIC -DHAVE_SASL -DHAVE_TLS -DLDAPMODULE_VERSION=3.4.4 "-DLDAPMODULE_AUTHOR=python-ldap project" "-DLDAPMODULE_LICENSE=Python style" -IModules -I/data/h445xu/.cache/bazel/_bazel_hongxu/cb1d7a31a70ed8ad21e47c68e1f45bef/external/rules_python++python+python_3_12_11_x86_64-unknown-linux-gnu/include/python3.12 -c Modules/LDAPObject.c -o build/temp.linux-x86_64-cpython-312/Modules/LDAPObject.o
      error: command 'gcc-13' failed: No such file or directory
      [end of output]
  
  note: This error originates from a subprocess, and is likely not a problem with pip.
  ERROR: Failed building wheel for python-ldap
ERROR: Failed to build one or more wheels
Traceback (most recent call last):
  File "<frozen runpy>", line 198, in _run_module_as_main
  File "<frozen runpy>", line 88, in _run_code
  File "/data/h445xu/.cache/bazel/_bazel_hongxu/cb1d7a31a70ed8ad21e47c68e1f45bef/external/rules_python+/python/private/pypi/whl_installer/wheel_installer.py", line 206, in <module>
    main()
  File "/data/h445xu/.cache/bazel/_bazel_hongxu/cb1d7a31a70ed8ad21e47c68e1f45bef/external/rules_python+/python/private/pypi/whl_installer/wheel_installer.py", line 191, in main
    subprocess.run(pip_args, check=True, env=env)
  File "/data/h445xu/.cache/bazel/_bazel_hongxu/cb1d7a31a70ed8ad21e47c68e1f45bef/external/rules_python++python+python_3_12_11_x86_64-unknown-linux-gnu/lib/python3.12/subprocess.py", line 571, in run
    raise CalledProcessError(retcode, process.args,
subprocess.CalledProcessError: Command '['/data/h445xu/.cache/bazel/_bazel_hongxu/cb1d7a31a70ed8ad21e47c68e1f45bef/external/rules_python++python+python_3_12_11_host/python', '-m', 'pip', '--isolated', 'wheel', '--no-deps', '--index-url', 'https://pypi.org/simple', '-r', '/tmp/tmplfx_vog0']' returned non-zero exit status 1.
===== stderr end ===== and referenced by '@@rules_python++pip+cmk_requirements//python_ldap:pkg'
ERROR: /data/h445xu/repo/bazel-repos/cloned_repos/Checkmk__checkmk/cmk/BUILD:223:12: no such package 'non-free/packages/cmk-mknotifyd': BUILD file not found in any of the following directories. Add a BUILD file to a directory to mark it as a package.
 - non-free/packages/cmk-mknotifyd and referenced by '//cmk:lib_cmk_cee'
ERROR: /data/h445xu/repo/bazel-repos/cloned_repos/Checkmk__checkmk/cmk/BUILD:223:12: no such package 'non-free/packages/cmk-update-agent': BUILD file not found in any of the following directories. Add a BUILD file to a directory to mark it as a package.
 - non-free/packages/cmk-update-agent and referenced by '//cmk:lib_cmk_cce'
ERROR: /data/h445xu/repo/bazel-repos/cloned_repos/Checkmk__checkmk/cmk/BUILD:223:12: no such package 'non-free/packages/cmc-protocols': BUILD file not found in any of the following directories. Add a BUILD file to a directory to mark it as a package.
 - non-free/packages/cmc-protocols and referenced by '//cmk:lib_cmk_cme'
ERROR: /data/h445xu/repo/bazel-repos/cloned_repos/Checkmk__checkmk/cmk/BUILD:284:10: no such package 'non-free/packages/cmc-protocols': BUILD file not found in any of the following directories. Add a BUILD file to a directory to mark it as a package.
 - non-free/packages/cmc-protocols and referenced by '//cmk:cmk_cee'
ERROR: /data/h445xu/repo/bazel-repos/cloned_repos/Checkmk__checkmk/cmk/BUILD:223:12: no such package 'non-free/packages/cmk-mknotifyd': BUILD file not found in any of the following directories. Add a BUILD file to a directory to mark it as a package.
 - non-free/packages/cmk-mknotifyd and referenced by '//cmk:lib_cmk_cce'
ERROR: /data/h445xu/repo/bazel-repos/cloned_repos/Checkmk__checkmk/cmk/BUILD:223:12: no such package 'non-free/packages/cmk-update-agent': BUILD file not found in any of the following directories. Add a BUILD file to a directory to mark it as a package.
 - non-free/packages/cmk-update-agent and referenced by '//cmk:lib_cmk_cse'
ERROR: /data/h445xu/repo/bazel-repos/cloned_repos/Checkmk__checkmk/cmk/BUILD:223:12: no such package 'non-free/packages/cmc-protocols': BUILD file not found in any of the following directories. Add a BUILD file to a directory to mark it as a package.
 - non-free/packages/cmc-protocols and referenced by '//cmk:lib_cmk_cse'
ERROR: /data/h445xu/repo/bazel-repos/cloned_repos/Checkmk__checkmk/cmk/BUILD:223:12: no such package 'non-free/packages/cmk-mknotifyd': BUILD file not found in any of the following directories. Add a BUILD file to a directory to mark it as a package.
 - non-free/packages/cmk-mknotifyd and referenced by '//cmk:lib_cmk_cse'
ERROR: /data/h445xu/repo/bazel-repos/cloned_repos/Checkmk__checkmk/cmk/BUILD:223:12: no such package 'non-free/packages/cmk-otel-collector': BUILD file not found in any of the following directories. Add a BUILD file to a directory to mark it as a package.
 - non-free/packages/cmk-otel-collector and referenced by '//cmk:lib_cmk_cse'
ERROR: /data/h445xu/repo/bazel-repos/cloned_repos/Checkmk__checkmk/cmk/BUILD:223:12: no such package 'non-free/packages/cmc-protocols': BUILD file not found in any of the following directories. Add a BUILD file to a directory to mark it as a package.
 - non-free/packages/cmc-protocols and referenced by '//cmk:lib_cmk_cse'
ERROR: /data/h445xu/repo/bazel-repos/cloned_repos/Checkmk__checkmk/cmk/BUILD:284:10: no such package 'non-free/packages/cmc-protocols': BUILD file not found in any of the following directories. Add a BUILD file to a directory to mark it as a package.
 - non-free/packages/cmc-protocols and referenced by '//cmk:cmk_cse'
ERROR: /data/h445xu/repo/bazel-repos/cloned_repos/Checkmk__checkmk/cmk/BUILD:223:12: no such package 'non-free/packages/cmc-protocols': BUILD file not found in any of the following directories. Add a BUILD file to a directory to mark it as a package.
 - non-free/packages/cmc-protocols and referenced by '//cmk:lib_cmk_cse'
ERROR: /data/h445xu/repo/bazel-repos/cloned_repos/Checkmk__checkmk/BUILD:238:17: no such package 'non-free/packages/cmc-protocols/protocols': BUILD file not found in any of the following directories. Add a BUILD file to a directory to mark it as a package.
 - non-free/packages/cmc-protocols/protocols and referenced by '//:state_proto_cp'
ERROR: /data/h445xu/repo/bazel-repos/cloned_repos/Checkmk__checkmk/cmk/BUILD:284:10: no such package 'non-free/packages/cmc-protocols': BUILD file not found in any of the following directories. Add a BUILD file to a directory to mark it as a package.
 - non-free/packages/cmc-protocols and referenced by '//cmk:cmk_cse'
ERROR: /data/h445xu/repo/bazel-repos/cloned_repos/Checkmk__checkmk/cmk/BUILD:284:10: no such package 'non-free/packages/cmc-protocols': BUILD file not found in any of the following directories. Add a BUILD file to a directory to mark it as a package.
 - non-free/packages/cmc-protocols and referenced by '//cmk:cmk_cse'
ERROR: /data/h445xu/repo/bazel-repos/cloned_repos/Checkmk__checkmk/cmk/BUILD:223:12: no such package 'non-free/packages/cmk-mknotifyd': BUILD file not found in any of the following directories. Add a BUILD file to a directory to mark it as a package.
 - non-free/packages/cmk-mknotifyd and referenced by '//cmk:lib_cmk_cme'
ERROR: /data/h445xu/repo/bazel-repos/cloned_repos/Checkmk__checkmk/cmk/BUILD:223:12: no such package 'non-free/packages/cmk-otel-collector': BUILD file not found in any of the following directories. Add a BUILD file to a directory to mark it as a package.
 - non-free/packages/cmk-otel-collector and referenced by '//cmk:lib_cmk_cme'
ERROR: /data/h445xu/repo/bazel-repos/cloned_repos/Checkmk__checkmk/cmk/BUILD:223:12: no such package 'non-free/packages/cmk-update-agent': BUILD file not found in any of the following directories. Add a BUILD file to a directory to mark it as a package.
 - non-free/packages/cmk-update-agent and referenced by '//cmk:lib_cmk_cme'
ERROR: /data/h445xu/repo/bazel-repos/cloned_repos/Checkmk__checkmk/cmk/BUILD:223:12: no such package 'non-free/packages/cmc-protocols': BUILD file not found in any of the following directories. Add a BUILD file to a directory to mark it as a package.
 - non-free/packages/cmc-protocols and referenced by '//cmk:lib_cmk_cme'
ERROR: /data/h445xu/repo/bazel-repos/cloned_repos/Checkmk__checkmk/cmk/BUILD:223:12: no such package 'non-free/packages/cmc-protocols': BUILD file not found in any of the following directories. Add a BUILD file to a directory to mark it as a package.
 - non-free/packages/cmc-protocols and referenced by '//cmk:lib_cmk_cme'
ERROR: /data/h445xu/repo/bazel-repos/cloned_repos/Checkmk__checkmk/cmk/BUILD:284:10: no such package 'non-free/packages/cmc-protocols': BUILD file not found in any of the following directories. Add a BUILD file to a directory to mark it as a package.
 - non-free/packages/cmc-protocols and referenced by '//cmk:cmk_cme'
ERROR: /data/h445xu/repo/bazel-repos/cloned_repos/Checkmk__checkmk/cmk/BUILD:284:10: no such package 'non-free/packages/cmc-protocols': BUILD file not found in any of the following directories. Add a BUILD file to a directory to mark it as a package.
 - non-free/packages/cmc-protocols and referenced by '//cmk:cmk_cme'
ERROR: /data/h445xu/repo/bazel-repos/cloned_repos/Checkmk__checkmk/cmk/BUILD:223:12: no such package 'non-free/packages/cmc-protocols': BUILD file not found in any of the following directories. Add a BUILD file to a directory to mark it as a package.
 - non-free/packages/cmc-protocols and referenced by '//cmk:lib_cmk_cee'
ERROR: /data/h445xu/repo/bazel-repos/cloned_repos/Checkmk__checkmk/cmk/BUILD:284:10: no such package 'non-free/packages/cmc-protocols': BUILD file not found in any of the following directories. Add a BUILD file to a directory to mark it as a package.
 - non-free/packages/cmc-protocols and referenced by '//cmk:cmk_cme'
ERROR: /data/h445xu/repo/bazel-repos/cloned_repos/Checkmk__checkmk/cmk/BUILD:223:12: no such package 'non-free/packages/cmk-update-agent': BUILD file not found in any of the following directories. Add a BUILD file to a directory to mark it as a package.
 - non-free/packages/cmk-update-agent and referenced by '//cmk:lib_cmk_cee'
ERROR: /data/h445xu/repo/bazel-repos/cloned_repos/Checkmk__checkmk/cmk/BUILD:223:12: no such package 'non-free/packages/cmc-protocols': BUILD file not found in any of the following directories. Add a BUILD file to a directory to mark it as a package.
 - non-free/packages/cmc-protocols and referenced by '//cmk:lib_cmk_cee'
ERROR: /data/h445xu/repo/bazel-repos/cloned_repos/Checkmk__checkmk/cmk/BUILD:223:12: no such package 'non-free/packages/cmc-protocols': BUILD file not found in any of the following directories. Add a BUILD file to a directory to mark it as a package.
 - non-free/packages/cmc-protocols and referenced by '//cmk:lib_cmk_cee'
ERROR: /data/h445xu/repo/bazel-repos/cloned_repos/Checkmk__checkmk/cmk/BUILD:284:10: no such package 'non-free/packages/cmc-protocols': BUILD file not found in any of the following directories. Add a BUILD file to a directory to mark it as a package.
 - non-free/packages/cmc-protocols and referenced by '//cmk:cmk_cee'
ERROR: /data/h445xu/repo/bazel-repos/cloned_repos/Checkmk__checkmk/cmk/BUILD:284:10: no such package 'non-free/packages/cmc-protocols': BUILD file not found in any of the following directories. Add a BUILD file to a directory to mark it as a package.
 - non-free/packages/cmc-protocols and referenced by '//cmk:cmk_cee'
ERROR: /data/h445xu/repo/bazel-repos/cloned_repos/Checkmk__checkmk/cmk/BUILD:223:12: no such package 'non-free/packages/cmc-protocols': BUILD file not found in any of the following directories. Add a BUILD file to a directory to mark it as a package.
 - non-free/packages/cmc-protocols and referenced by '//cmk:lib_cmk_cce'
ERROR: /data/h445xu/repo/bazel-repos/cloned_repos/Checkmk__checkmk/cmk/BUILD:223:12: no such package 'non-free/packages/cmc-protocols': BUILD file not found in any of the following directories. Add a BUILD file to a directory to mark it as a package.
 - non-free/packages/cmc-protocols and referenced by '//cmk:lib_cmk_cce'
ERROR: /data/h445xu/repo/bazel-repos/cloned_repos/Checkmk__checkmk/cmk/BUILD:223:12: no such package 'non-free/packages/cmk-otel-collector': BUILD file not found in any of the following directories. Add a BUILD file to a directory to mark it as a package.
 - non-free/packages/cmk-otel-collector and referenced by '//cmk:lib_cmk_cce'
ERROR: /data/h445xu/repo/bazel-repos/cloned_repos/Checkmk__checkmk/cmk/BUILD:223:12: no such package 'non-free/packages/cmc-protocols': BUILD file not found in any of the following directories. Add a BUILD file to a directory to mark it as a package.
 - non-free/packages/cmc-protocols and referenced by '//cmk:lib_cmk_cce'
ERROR: /data/h445xu/repo/bazel-repos/cloned_repos/Checkmk__checkmk/cmk/BUILD:193:11: no such package 'non-free/packages/cmk-mknotifyd': BUILD file not found in any of the following directories. Add a BUILD file to a directory to mark it as a package.
 - non-free/packages/cmk-mknotifyd and referenced by '//cmk:lib_cmk'
ERROR: /data/h445xu/repo/bazel-repos/cloned_repos/Checkmk__checkmk/BUILD:219:17: no such package 'non-free/packages/cmc-protocols/protocols': BUILD file not found in any of the following directories. Add a BUILD file to a directory to mark it as a package.
 - non-free/packages/cmc-protocols/protocols and referenced by '//:cycletime_proto_cp'
ERROR: /data/h445xu/repo/bazel-repos/cloned_repos/Checkmk__checkmk/BUILD:226:17: no such package 'non-free/packages/cmc-protocols/protocols': BUILD file not found in any of the following directories. Add a BUILD file to a directory to mark it as a package.
 - non-free/packages/cmc-protocols/protocols and referenced by '//:config_proto_cp'
ERROR: /data/h445xu/repo/bazel-repos/cloned_repos/Checkmk__checkmk/BUILD:198:12: no such package 'non-free/packages/cmc-protocols': BUILD file not found in any of the following directories. Add a BUILD file to a directory to mark it as a package.
 - non-free/packages/cmc-protocols and referenced by '//:create_venv'
ERROR: /data/h445xu/repo/bazel-repos/cloned_repos/Checkmk__checkmk/BUILD:116:24: no such package 'non-free/packages': BUILD file not found in any of the following directories. Add a BUILD file to a directory to mark it as a package.
 - non-free/packages and referenced by '//:runtime-requirements-in'
ERROR: /data/h445xu/repo/bazel-repos/cloned_repos/Checkmk__checkmk/BUILD:71:24: no such package 'non-free/packages': BUILD file not found in any of the following directories. Add a BUILD file to a directory to mark it as a package.
 - non-free/packages and referenced by '//:requirements-in'
ERROR: /data/h445xu/repo/bazel-repos/cloned_repos/Checkmk__checkmk/tests/unit/BUILD:64:8: no such package 'non-free/packages/cmk-mknotifyd': BUILD file not found in any of the following directories. Add a BUILD file to a directory to mark it as a package.
 - non-free/packages/cmk-mknotifyd and referenced by '//tests/unit:repo.venv'
ERROR: /data/h445xu/repo/bazel-repos/cloned_repos/Checkmk__checkmk/tests/unit/BUILD:64:8: no such package 'non-free/packages/cmk-mknotifyd': BUILD file not found in any of the following directories. Add a BUILD file to a directory to mark it as a package.
 - non-free/packages/cmk-mknotifyd and referenced by '//tests/unit:repo'
ERROR: /data/h445xu/repo/bazel-repos/cloned_repos/Checkmk__checkmk/omd/BUILD:124:9: no such package 'non-free/packages/cmk-mknotifyd': BUILD file not found in any of the following directories. Add a BUILD file to a directory to mark it as a package.
 - non-free/packages/cmk-mknotifyd and referenced by '//omd:skel_permissions_cse'
ERROR: /data/h445xu/repo/bazel-repos/cloned_repos/Checkmk__checkmk/omd/BUILD:124:9: no such package 'non-free/packages/cmk-mknotifyd': BUILD file not found in any of the following directories. Add a BUILD file to a directory to mark it as a package.
 - non-free/packages/cmk-mknotifyd and referenced by '//omd:skel_permissions_cme'
ERROR: /data/h445xu/repo/bazel-repos/cloned_repos/Checkmk__checkmk/omd/BUILD:124:9: no such package 'non-free/packages/cmk-mknotifyd': BUILD file not found in any of the following directories. Add a BUILD file to a directory to mark it as a package.
 - non-free/packages/cmk-mknotifyd and referenced by '//omd:skel_permissions_cee'
ERROR: /data/h445xu/repo/bazel-repos/cloned_repos/Checkmk__checkmk/omd/BUILD:124:9: no such package 'non-free/packages/cmk-mknotifyd': BUILD file not found in any of the following directories. Add a BUILD file to a directory to mark it as a package.
 - non-free/packages/cmk-mknotifyd and referenced by '//omd:skel_permissions_cce'
ERROR: /data/h445xu/repo/bazel-repos/cloned_repos/Checkmk__checkmk/omd/BUILD:43:9: no such package 'non-free/packages/cmk-update-agent': BUILD file not found in any of the following directories. Add a BUILD file to a directory to mark it as a package.
 - non-free/packages/cmk-update-agent and referenced by '//omd:deps_install_cse'
ERROR: /data/h445xu/repo/bazel-repos/cloned_repos/Checkmk__checkmk/omd/BUILD:43:9: no such package 'non-free/packages/cmc-protocols': BUILD file not found in any of the following directories. Add a BUILD file to a directory to mark it as a package.
 - non-free/packages/cmc-protocols and referenced by '//omd:deps_install_cse'
ERROR: /data/h445xu/repo/bazel-repos/cloned_repos/Checkmk__checkmk/omd/BUILD:43:9: no such package 'non-free/packages/cmk-mknotifyd': BUILD file not found in any of the following directories. Add a BUILD file to a directory to mark it as a package.
 - non-free/packages/cmk-mknotifyd and referenced by '//omd:deps_install_cse'
ERROR: /data/h445xu/repo/bazel-repos/cloned_repos/Checkmk__checkmk/omd/BUILD:43:9: no such package 'non-free/packages/cmk-otel-collector': BUILD file not found in any of the following directories. Add a BUILD file to a directory to mark it as a package.
 - non-free/packages/cmk-otel-collector and referenced by '//omd:deps_install_cse'
ERROR: /data/h445xu/repo/bazel-repos/cloned_repos/Checkmk__checkmk/omd/BUILD:43:9: no such package 'non-free/packages/cmk-relay-engine': BUILD file not found in any of the following directories. Add a BUILD file to a directory to mark it as a package.
 - non-free/packages/cmk-relay-engine and referenced by '//omd:deps_install_cse'
ERROR: /data/h445xu/repo/bazel-repos/cloned_repos/Checkmk__checkmk/omd/BUILD:43:9: no such package 'non-free/packages/cmk-relay-engine': BUILD file not found in any of the following directories. Add a BUILD file to a directory to mark it as a package.
 - non-free/packages/cmk-relay-engine and referenced by '//omd:deps_install_cme'
ERROR: /data/h445xu/repo/bazel-repos/cloned_repos/Checkmk__checkmk/omd/BUILD:43:9: no such package 'non-free/packages/cmk-update-agent': BUILD file not found in any of the following directories. Add a BUILD file to a directory to mark it as a package.
 - non-free/packages/cmk-update-agent and referenced by '//omd:deps_install_cme'
ERROR: /data/h445xu/repo/bazel-repos/cloned_repos/Checkmk__checkmk/omd/BUILD:43:9: no such package 'non-free/packages/cmk-otel-collector': BUILD file not found in any of the following directories. Add a BUILD file to a directory to mark it as a package.
 - non-free/packages/cmk-otel-collector and referenced by '//omd:deps_install_cme'
ERROR: /data/h445xu/repo/bazel-repos/cloned_repos/Checkmk__checkmk/omd/BUILD:43:9: no such package 'non-free/packages/cmk-mknotifyd': BUILD file not found in any of the following directories. Add a BUILD file to a directory to mark it as a package.
 - non-free/packages/cmk-mknotifyd and referenced by '//omd:deps_install_cme'
ERROR: /data/h445xu/repo/bazel-repos/cloned_repos/Checkmk__checkmk/omd/BUILD:43:9: no such package 'non-free/packages/cmc-protocols': BUILD file not found in any of the following directories. Add a BUILD file to a directory to mark it as a package.
 - non-free/packages/cmc-protocols and referenced by '//omd:deps_install_cme'
ERROR: /data/h445xu/repo/bazel-repos/cloned_repos/Checkmk__checkmk/omd/packages/snap7/BUILD:4:10: no such package '@@+_repo_rules+snap7//': java.io.IOException: Error downloading [https://artifacts.lan.tribe29.com/repository/upstream-archives/snap7-1.4.2.tar.gz] to /data/h445xu/.cache/bazel/_bazel_hongxu/cb1d7a31a70ed8ad21e47c68e1f45bef/external/+_repo_rules+snap7/temp5044324296607155850/snap7-1.4.2.tar.gz: Connect timed out and referenced by '//omd/packages/snap7:lib_pkg'
ERROR: /data/h445xu/repo/bazel-repos/cloned_repos/Checkmk__checkmk/omd/BUILD:43:9: no such package 'non-free/packages/cmk-update-agent': BUILD file not found in any of the following directories. Add a BUILD file to a directory to mark it as a package.
 - non-free/packages/cmk-update-agent and referenced by '//omd:deps_install_cee'
ERROR: /data/h445xu/repo/bazel-repos/cloned_repos/Checkmk__checkmk/omd/BUILD:43:9: no such package 'non-free/packages/cmk-mknotifyd': BUILD file not found in any of the following directories. Add a BUILD file to a directory to mark it as a package.
 - non-free/packages/cmk-mknotifyd and referenced by '//omd:deps_install_cee'
ERROR: /data/h445xu/repo/bazel-repos/cloned_repos/Checkmk__checkmk/omd/BUILD:43:9: no such package 'non-free/packages/cmc-protocols': BUILD file not found in any of the following directories. Add a BUILD file to a directory to mark it as a package.
 - non-free/packages/cmc-protocols and referenced by '//omd:deps_install_cee'
ERROR: /data/h445xu/repo/bazel-repos/cloned_repos/Checkmk__checkmk/omd/BUILD:43:9: no such package 'non-free/packages/cmk-relay-engine': BUILD file not found in any of the following directories. Add a BUILD file to a directory to mark it as a package.
 - non-free/packages/cmk-relay-engine and referenced by '//omd:deps_install_cce'
ERROR: /data/h445xu/repo/bazel-repos/cloned_repos/Checkmk__checkmk/omd/BUILD:43:9: no such package 'non-free/packages/cmk-update-agent': BUILD file not found in any of the following directories. Add a BUILD file to a directory to mark it as a package.
 - non-free/packages/cmk-update-agent and referenced by '//omd:deps_install_cce'
ERROR: /data/h445xu/repo/bazel-repos/cloned_repos/Checkmk__checkmk/omd/BUILD:43:9: no such package 'non-free/packages/cmk-otel-collector': BUILD file not found in any of the following directories. Add a BUILD file to a directory to mark it as a package.
 - non-free/packages/cmk-otel-collector and referenced by '//omd:deps_install_cce'
ERROR: /data/h445xu/repo/bazel-repos/cloned_repos/Checkmk__checkmk/omd/BUILD:43:9: no such package 'non-free/packages/cmc-protocols': BUILD file not found in any of the following directories. Add a BUILD file to a directory to mark it as a package.
 - non-free/packages/cmc-protocols and referenced by '//omd:deps_install_cce'
ERROR: /data/h445xu/repo/bazel-repos/cloned_repos/Checkmk__checkmk/omd/BUILD:43:9: no such package 'non-free/packages/cmk-mknotifyd': BUILD file not found in any of the following directories. Add a BUILD file to a directory to mark it as a package.
 - non-free/packages/cmk-mknotifyd and referenced by '//omd:deps_install_cce'
ERROR: /data/h445xu/repo/bazel-repos/cloned_repos/Checkmk__checkmk/omd/packages/perl-modules/BUILD:4:21: no such package '@@Sys-SigAction-0.21.tar.gz//file': java.io.IOException: Error downloading [https://www.cpan.org/modules/by-module/Sys/Sys-SigAction-0.21.tar.gz, https://artifacts.lan.tribe29.com/repository/upstream-archives/Sys-SigAction-0.21.tar.gz] to /data/h445xu/.cache/bazel/_bazel_hongxu/cb1d7a31a70ed8ad21e47c68e1f45bef/external/Sys-SigAction-0.21.tar.gz/file/downloaded: Connect timed out and referenced by '//omd/packages/perl-modules:Sys-SigAction-0.21.'
ERROR: /data/h445xu/repo/bazel-repos/cloned_repos/Checkmk__checkmk/omd/packages/perl-modules/BUILD:4:21: no such package '@@Params-Validate-1.18.tar.gz//file': java.io.IOException: Error downloading [https://cpan.metacpan.org/modules/by-module/Params/Params-Validate-1.18.tar.gz, https://artifacts.lan.tribe29.com/repository/upstream-archives/Params-Validate-1.18.tar.gz] to /data/h445xu/.cache/bazel/_bazel_hongxu/cb1d7a31a70ed8ad21e47c68e1f45bef/external/Params-Validate-1.18.tar.gz/file/downloaded: Connect timed out and referenced by '//omd/packages/perl-modules:Params-Validate-1.18.'
ERROR: /data/h445xu/repo/bazel-repos/cloned_repos/Checkmk__checkmk/cmk/BUILD:238:11: no such package 'non-free/packages/cmk-otel-collector': BUILD file not found in any of the following directories. Add a BUILD file to a directory to mark it as a package.
 - non-free/packages/cmk-otel-collector and referenced by '//cmk:lib_cmk_repo_no_meraki'
ERROR: /data/h445xu/repo/bazel-repos/cloned_repos/Checkmk__checkmk/omd/packages/heirloom-mailx/BUILD:4:10: no such package '@@+_repo_rules+heirloom-mailx//': java.io.IOException: Error downloading [https://ftp.nl.debian.org/debian-archive/debian/pool/main/h/heirloom-mailx/heirloom-mailx_12.5.orig.tar.gz, https://artifacts.lan.tribe29.com/repository/upstream-archives/heirloom-mailx_12.5.orig.tar.gz] to /data/h445xu/.cache/bazel/_bazel_hongxu/cb1d7a31a70ed8ad21e47c68e1f45bef/external/+_repo_rules+heirloom-mailx/temp13969180660367576773/heirloom-mailx_12.5.orig.tar.gz: Connect timed out and referenced by '//omd/packages/heirloom-mailx:bin_pkg'
ERROR: /data/h445xu/repo/bazel-repos/cloned_repos/Checkmk__checkmk/omd/packages/nagios/BUILD:7:23: no such package '@@nagios//': java.io.IOException: Error downloading [https://assets.nagios.com/downloads/nagioscore/releases/nagios-3.5.1.tar.gz, https://artifacts.lan.tribe29.com/repository/upstream-archives/nagios-3.5.1.tar.gz] to /data/h445xu/.cache/bazel/_bazel_hongxu/cb1d7a31a70ed8ad21e47c68e1f45bef/external/nagios/temp10280894407520148963/nagios-3.5.1.tar.gz: Connect timed out and referenced by '//omd/packages/nagios:nagios_rest'
ERROR: /data/h445xu/repo/bazel-repos/cloned_repos/Checkmk__checkmk/omd/packages/nagios/BUILD:23:10: no such package '@@nagios//': java.io.IOException: Error downloading [https://assets.nagios.com/downloads/nagioscore/releases/nagios-3.5.1.tar.gz, https://artifacts.lan.tribe29.com/repository/upstream-archives/nagios-3.5.1.tar.gz] to /data/h445xu/.cache/bazel/_bazel_hongxu/cb1d7a31a70ed8ad21e47c68e1f45bef/external/nagios/temp10280894407520148963/nagios-3.5.1.tar.gz: Connect timed out and referenced by '//omd/packages/nagios:nagios_bin'
ERROR: /data/h445xu/repo/bazel-repos/cloned_repos/Checkmk__checkmk/omd/packages/nagios/BUILD:23:10: no such package '@@nagios//': java.io.IOException: Error downloading [https://assets.nagios.com/downloads/nagioscore/releases/nagios-3.5.1.tar.gz, https://artifacts.lan.tribe29.com/repository/upstream-archives/nagios-3.5.1.tar.gz] to /data/h445xu/.cache/bazel/_bazel_hongxu/cb1d7a31a70ed8ad21e47c68e1f45bef/external/nagios/temp10280894407520148963/nagios-3.5.1.tar.gz: Connect timed out and referenced by '//omd/packages/nagios:nagios_bin'
ERROR: /data/h445xu/repo/bazel-repos/cloned_repos/Checkmk__checkmk/omd/packages/heirloom-mailx/BUILD:24:8: no such package '@@+_repo_rules+heirloom-mailx//': java.io.IOException: Error downloading [https://ftp.nl.debian.org/debian-archive/debian/pool/main/h/heirloom-mailx/heirloom-mailx_12.5.orig.tar.gz, https://artifacts.lan.tribe29.com/repository/upstream-archives/heirloom-mailx_12.5.orig.tar.gz] to /data/h445xu/.cache/bazel/_bazel_hongxu/cb1d7a31a70ed8ad21e47c68e1f45bef/external/+_repo_rules+heirloom-mailx/temp13969180660367576773/heirloom-mailx_12.5.orig.tar.gz: Connect timed out and referenced by '//omd/packages/heirloom-mailx:mailx.1'
ERROR: /data/h445xu/repo/bazel-repos/cloned_repos/Checkmk__checkmk/omd/packages/heirloom-mailx/BUILD:4:10: no such package '@@+_repo_rules+heirloom-mailx//': java.io.IOException: Error downloading [https://ftp.nl.debian.org/debian-archive/debian/pool/main/h/heirloom-mailx/heirloom-mailx_12.5.orig.tar.gz, https://artifacts.lan.tribe29.com/repository/upstream-archives/heirloom-mailx_12.5.orig.tar.gz] to /data/h445xu/.cache/bazel/_bazel_hongxu/cb1d7a31a70ed8ad21e47c68e1f45bef/external/+_repo_rules+heirloom-mailx/temp13969180660367576773/heirloom-mailx_12.5.orig.tar.gz: Connect timed out and referenced by '//omd/packages/heirloom-mailx:bin_pkg'
ERROR: /data/h445xu/repo/bazel-repos/cloned_repos/Checkmk__checkmk/cmk/BUILD:238:11: no such package 'non-free/packages/cmc-protocols': BUILD file not found in any of the following directories. Add a BUILD file to a directory to mark it as a package.
 - non-free/packages/cmc-protocols and referenced by '//cmk:lib_cmk_repo_no_meraki'
ERROR: /data/h445xu/repo/bazel-repos/cloned_repos/Checkmk__checkmk/cmk/BUILD:238:11: no such package 'non-free/packages/cmc-protocols': BUILD file not found in any of the following directories. Add a BUILD file to a directory to mark it as a package.
 - non-free/packages/cmc-protocols and referenced by '//cmk:lib_cmk_repo_no_meraki'
ERROR: /data/h445xu/repo/bazel-repos/cloned_repos/Checkmk__checkmk/cmk/BUILD:238:11: no such package 'non-free/packages/cmc-protocols': BUILD file not found in any of the following directories. Add a BUILD file to a directory to mark it as a package.
 - non-free/packages/cmc-protocols and referenced by '//cmk:lib_cmk_repo_no_meraki'
ERROR: /data/h445xu/repo/bazel-repos/cloned_repos/Checkmk__checkmk/cmk/BUILD:238:11: no such package 'non-free/packages/cmk-mknotifyd': BUILD file not found in any of the following directories. Add a BUILD file to a directory to mark it as a package.
 - non-free/packages/cmk-mknotifyd and referenced by '//cmk:lib_cmk_repo_no_meraki'
ERROR: Evaluation of query "deps(//...)" failed: errors were encountered while computing transitive closure
WARNING: --keep_going specified, ignoring errors. Results may be inaccurate
Read 0 lines from bazel query output...
Read 1000 lines from bazel query output...
Read 2000 lines from bazel query output...
Read 3000 lines from bazel query output...
Read 4000 lines from bazel query output...
Read 5000 lines from bazel query output...
Read 6000 lines from bazel query output...
Read 7000 lines from bazel query output...
Read 8000 lines from bazel query output...
Read 9000 lines from bazel query output...
Read 10000 lines from bazel query output...
Read 11000 lines from bazel query output...
Read 12000 lines from bazel query output...
Read 13000 lines from bazel query output...
Read 14000 lines from bazel query output...
Read 15000 lines from bazel query output...
Read 16000 lines from bazel query output...
Read 17000 lines from bazel query output...
Read 18000 lines from bazel query output...
Read 19000 lines from bazel query output...
Read 20000 lines from bazel query output...
Read 21000 lines from bazel query output...
Read 22000 lines from bazel query output...
Read 23000 lines from bazel query output...
Read 24000 lines from bazel query output...
Read 25000 lines from bazel query output...
Read 26000 lines from bazel query output...
Read 27000 lines from bazel query output...
Read 28000 lines from bazel query output...
Read 29000 lines from bazel query output...
Read 30000 lines from bazel query output...
Read 31000 lines from bazel query output...
Read 32000 lines from bazel query output...
Read 33000 lines from bazel query output...
Read 34000 lines from bazel query output...
Read 35000 lines from bazel query output...
Read 36000 lines from bazel query output...
Read 37000 lines from bazel query output...
Read 38000 lines from bazel query output...
Read 39000 lines from bazel query output...
Read 40000 lines from bazel query output...
Read 41000 lines from bazel query output...
Read 42000 lines from bazel query output...
Read 43000 lines from bazel query output...
Read 44000 lines from bazel query output...
Read 45000 lines from bazel query output...
Read 46000 lines from bazel query output...
Read 47000 lines from bazel query output...
Read 48000 lines from bazel query output...
Read 49000 lines from bazel query output...
Read 50000 lines from bazel query output...
Read 51000 lines from bazel query output...
Read 52000 lines from bazel query output...
Read 53000 lines from bazel query output...
Read 54000 lines from bazel query output...
Read 55000 lines from bazel query output...
Read 56000 lines from bazel query output...
Read 57000 lines from bazel query output...
Read 58000 lines from bazel query output...
Read 59000 lines from bazel query output...
Read 60000 lines from bazel query output...
Read 61000 lines from bazel query output...
Read 62000 lines from bazel query output...
Read 63000 lines from bazel query output...
Read 64000 lines from bazel query output...
Read 65000 lines from bazel query output...
Read 66000 lines from bazel query output...
Read 67000 lines from bazel query output...
Read 68000 lines from bazel query output...
Read 69000 lines from bazel query output...
Read 70000 lines from bazel query output...
Read 71000 lines from bazel query output...
Read 72000 lines from bazel query output...
Read 73000 lines from bazel query output...
Read 74000 lines from bazel query output...
Read 75000 lines from bazel query output...
Read 76000 lines from bazel query output...
Read 77000 lines from bazel query output...
Read 78000 lines from bazel query output...
Read 79000 lines from bazel query output...
Read 80000 lines from bazel query output...
Read 81000 lines from bazel query output...
Read 82000 lines from bazel query output...
Read 83000 lines from bazel query output...
Read 84000 lines from bazel query output...
Read 85000 lines from bazel query output...
Read 86000 lines from bazel query output...
Read 87000 lines from bazel query output...
Read 88000 lines from bazel query output...
Read 89000 lines from bazel query output...
Read 90000 lines from bazel query output...
Read 91000 lines from bazel query output...
Read 92000 lines from bazel query output...
Read 93000 lines from bazel query output...
Read 94000 lines from bazel query output...
Read 95000 lines from bazel query output...
Read 96000 lines from bazel query output...
Read 97000 lines from bazel query output...
Read 98000 lines from bazel query output...
Read 99000 lines from bazel query output...
Read 100000 lines from bazel query output...
Read 101000 lines from bazel query output...
Read 102000 lines from bazel query output...
Read 103000 lines from bazel query output...
Read 104000 lines from bazel query output...
Read 105000 lines from bazel query output...
Read 106000 lines from bazel query output...
Read 107000 lines from bazel query output...
Read 108000 lines from bazel query output...
Read 109000 lines from bazel query output...
Read 110000 lines from bazel query output...
Read 111000 lines from bazel query output...
Read 112000 lines from bazel query output...
Read 113000 lines from bazel query output...
Read 114000 lines from bazel query output...
Read 115000 lines from bazel query output...
Read 116000 lines from bazel query output...
Read 117000 lines from bazel query output...
Read 118000 lines from bazel query output...
Read 119000 lines from bazel query output...
Read 120000 lines from bazel query output...
Read 121000 lines from bazel query output...
Read 122000 lines from bazel query output...
Read 123000 lines from bazel query output...
Read 124000 lines from bazel query output...
Read 125000 lines from bazel query output...
Read 126000 lines from bazel query output...
Read 127000 lines from bazel query output...
Read 128000 lines from bazel query output...
Read 129000 lines from bazel query output...
Read 130000 lines from bazel query output...
Read 131000 lines from bazel query output...
Read 132000 lines from bazel query output...
Read 133000 lines from bazel query output...
Read 134000 lines from bazel query output...
Read 135000 lines from bazel query output...
Read 136000 lines from bazel query output...
Read 137000 lines from bazel query output...
Read 138000 lines from bazel query output...
Read 139000 lines from bazel query output...
Read 140000 lines from bazel query output...
Read 141000 lines from bazel query output...
Read 142000 lines from bazel query output...
Read 143000 lines from bazel query output...
Read 144000 lines from bazel query output...
Read 145000 lines from bazel query output...
Read 146000 lines from bazel query output...
Read 147000 lines from bazel query output...
Read 148000 lines from bazel query output...
Read 149000 lines from bazel query output...
Read 150000 lines from bazel query output...
Read 151000 lines from bazel query output...
Read 152000 lines from bazel query output...
Read 153000 lines from bazel query output...
Read 154000 lines from bazel query output...
Read 155000 lines from bazel query output...
Read 156000 lines from bazel query output...
Read 157000 lines from bazel query output...
Read 158000 lines from bazel query output...
Read 159000 lines from bazel query output...
Read 160000 lines from bazel query output...
Read 161000 lines from bazel query output...
Read 162000 lines from bazel query output...
Read 163000 lines from bazel query output...
Read 164000 lines from bazel query output...
Read 165000 lines from bazel query output...
Read 166000 lines from bazel query output...
Read 167000 lines from bazel query output...
Read 168000 lines from bazel query output...
Read 169000 lines from bazel query output...
Read 170000 lines from bazel query output...
Read 171000 lines from bazel query output...
Read 172000 lines from bazel query output...
Read 173000 lines from bazel query output...
Read 174000 lines from bazel query output...
Read 175000 lines from bazel query output...
Read 176000 lines from bazel query output...
Read 177000 lines from bazel query output...
Read 178000 lines from bazel query output...
Read 179000 lines from bazel query output...
Read 180000 lines from bazel query output...
Read 181000 lines from bazel query output...
Read 182000 lines from bazel query output...
Read 183000 lines from bazel query output...
Read 184000 lines from bazel query output...
Read 185000 lines from bazel query output...
Read 186000 lines from bazel query output...
Read 187000 lines from bazel query output...
Read 188000 lines from bazel query output...
Read 189000 lines from bazel query output...
Read 190000 lines from bazel query output...
Read 191000 lines from bazel query output...
Read 192000 lines from bazel query output...
Read 193000 lines from bazel query output...
Read 194000 lines from bazel query output...
Read 195000 lines from bazel query output...
Read 196000 lines from bazel query output...
Read 197000 lines from bazel query output...
Read 198000 lines from bazel query output...
Read 199000 lines from bazel query output...
Read 200000 lines from bazel query output...
Read 201000 lines from bazel query output...
Read 202000 lines from bazel query output...
Read 203000 lines from bazel query output...
Read 204000 lines from bazel query output...
Read 205000 lines from bazel query output...
Read 206000 lines from bazel query output...
Read 207000 lines from bazel query output...
Read 208000 lines from bazel query output...
Read 209000 lines from bazel query output...
Read 210000 lines from bazel query output...
Read 211000 lines from bazel query output...
Read 212000 lines from bazel query output...
Read 213000 lines from bazel query output...
Read 214000 lines from bazel query output...
Read 215000 lines from bazel query output...
Read 216000 lines from bazel query output...
Read 217000 lines from bazel query output...
Read 218000 lines from bazel query output...
Read 219000 lines from bazel query output...
Read 220000 lines from bazel query output...
Read 221000 lines from bazel query output...
Read 222000 lines from bazel query output...
Read 223000 lines from bazel query output...
Read 224000 lines from bazel query output...
Read 225000 lines from bazel query output...
Read 226000 lines from bazel query output...
Read 227000 lines from bazel query output...
Read 228000 lines from bazel query output...
Read 229000 lines from bazel query output...
Read 230000 lines from bazel query output...
Read 231000 lines from bazel query output...
Read 232000 lines from bazel query output...
Read 233000 lines from bazel query output...
Read 234000 lines from bazel query output...
Read 235000 lines from bazel query output...
Read 236000 lines from bazel query output...
Read 237000 lines from bazel query output...
Read 238000 lines from bazel query output...
Read 239000 lines from bazel query output...
Read 240000 lines from bazel query output...
Read 241000 lines from bazel query output...
Read 242000 lines from bazel query output...
Read 243000 lines from bazel query output...
Read 244000 lines from bazel query output...
Read 245000 lines from bazel query output...
Read 246000 lines from bazel query output...
Read 247000 lines from bazel query output...
Read 248000 lines from bazel query output...
Read 249000 lines from bazel query output...
Read 250000 lines from bazel query output...
Read 251000 lines from bazel query output...
Read 252000 lines from bazel query output...
Read 253000 lines from bazel query output...
Read 254000 lines from bazel query output...
Read 255000 lines from bazel query output...
Read 256000 lines from bazel query output...
Read 257000 lines from bazel query output...
Read 258000 lines from bazel query output...
Read 259000 lines from bazel query output...
Read 260000 lines from bazel query output...
Read 261000 lines from bazel query output...
Read 262000 lines from bazel query output...
Read 263000 lines from bazel query output...
Read 264000 lines from bazel query output...
Read 265000 lines from bazel query output...
Read 266000 lines from bazel query output...
Read 267000 lines from bazel query output...
Read 268000 lines from bazel query output...
Read 269000 lines from bazel query output...
Read 270000 lines from bazel query output...
Read 271000 lines from bazel query output...
Read 272000 lines from bazel query output...
Read 273000 lines from bazel query output...
Read 274000 lines from bazel query output...
Read 275000 lines from bazel query output...
Read 276000 lines from bazel query output...
Read 277000 lines from bazel query output...
Read 278000 lines from bazel query output...
Read 279000 lines from bazel query output...
Read 280000 lines from bazel query output...
Read 281000 lines from bazel query output...
Read 282000 lines from bazel query output...
Read 283000 lines from bazel query output...
Read 284000 lines from bazel query output...
Read 285000 lines from bazel query output...
Read 286000 lines from bazel query output...
Read 287000 lines from bazel query output...
Read 288000 lines from bazel query output...
Read 289000 lines from bazel query output...
Read 290000 lines from bazel query output...
Read 291000 lines from bazel query output...
Read 292000 lines from bazel query output...
Read 293000 lines from bazel query output...
Read 294000 lines from bazel query output...
Read 295000 lines from bazel query output...
Read 296000 lines from bazel query output...
Read 297000 lines from bazel query output...
Read 298000 lines from bazel query output...
Read 299000 lines from bazel query output...
Read 300000 lines from bazel query output...
Read 301000 lines from bazel query output...
Read 302000 lines from bazel query output...
Read 303000 lines from bazel query output...
Read 304000 lines from bazel query output...
Read 305000 lines from bazel query output...
Read 306000 lines from bazel query output...
Read 307000 lines from bazel query output...
Read 308000 lines from bazel query output...
Read 309000 lines from bazel query output...
Read 310000 lines from bazel query output...
Read 311000 lines from bazel query output...
Read 312000 lines from bazel query output...
Read 313000 lines from bazel query output...
Read 314000 lines from bazel query output...
Read 315000 lines from bazel query output...
Read 316000 lines from bazel query output...
Read 317000 lines from bazel query output...
Read 318000 lines from bazel query output...
Read 319000 lines from bazel query output...
Read 320000 lines from bazel query output...
Read 321000 lines from bazel query output...
Read 322000 lines from bazel query output...
Read 323000 lines from bazel query output...
Read 324000 lines from bazel query output...
Read 325000 lines from bazel query output...
Read 326000 lines from bazel query output...
Read 327000 lines from bazel query output...
Read 328000 lines from bazel query output...
Read 329000 lines from bazel query output...
Read 330000 lines from bazel query output...
Read 331000 lines from bazel query output...
Read 332000 lines from bazel query output...
Read 333000 lines from bazel query output...
Read 334000 lines from bazel query output...
Read 335000 lines from bazel query output...
Read 336000 lines from bazel query output...
Read 337000 lines from bazel query output...
Read 338000 lines from bazel query output...
Read 339000 lines from bazel query output...
Read 340000 lines from bazel query output...
Read 341000 lines from bazel query output...
Read 342000 lines from bazel query output...
Read 343000 lines from bazel query output...
Read 344000 lines from bazel query output...
Read 345000 lines from bazel query output...
Read 346000 lines from bazel query output...
Read 347000 lines from bazel query output...
Read 348000 lines from bazel query output...
Read 349000 lines from bazel query output...
Read 350000 lines from bazel query output...
Read 351000 lines from bazel query output...
Read 352000 lines from bazel query output...
Read 353000 lines from bazel query output...
Read 354000 lines from bazel query output...
Read 355000 lines from bazel query output...
Read 356000 lines from bazel query output...
Read 357000 lines from bazel query output...
Read 358000 lines from bazel query output...
Read 359000 lines from bazel query output...
Read 360000 lines from bazel query output...
Read 361000 lines from bazel query output...
Read 362000 lines from bazel query output...
Read 363000 lines from bazel query output...
Read 364000 lines from bazel query output...
Read 365000 lines from bazel query output...
Read 366000 lines from bazel query output...
Read 367000 lines from bazel query output...
Read 368000 lines from bazel query output...
Read 369000 lines from bazel query output...
Read 370000 lines from bazel query output...
Read 371000 lines from bazel query output...
Read 372000 lines from bazel query output...
Read 373000 lines from bazel query output...
Read 374000 lines from bazel query output...
Read 375000 lines from bazel query output...
Read 376000 lines from bazel query output...
Read 377000 lines from bazel query output...
Read 378000 lines from bazel query output...
Read 379000 lines from bazel query output...
Read 380000 lines from bazel query output...
Read 381000 lines from bazel query output...
Read 382000 lines from bazel query output...
Read 383000 lines from bazel query output...
Read 384000 lines from bazel query output...
Read 385000 lines from bazel query output...
Read 386000 lines from bazel query output...
Read 387000 lines from bazel query output...
Read 388000 lines from bazel query output...
Read 389000 lines from bazel query output...
Read 390000 lines from bazel query output...
Read 391000 lines from bazel query output...
Read 392000 lines from bazel query output...
Read 393000 lines from bazel query output...
Read 394000 lines from bazel query output...
Read 395000 lines from bazel query output...
Read 396000 lines from bazel query output...
Read 397000 lines from bazel query output...
Read 398000 lines from bazel query output...
Read 399000 lines from bazel query output...
Read 400000 lines from bazel query output...
Read 401000 lines from bazel query output...
Read 402000 lines from bazel query output...
Read 403000 lines from bazel query output...
Read 404000 lines from bazel query output...
Read 405000 lines from bazel query output...
Read 406000 lines from bazel query output...
Read 407000 lines from bazel query output...
Read 408000 lines from bazel query output...
Read 409000 lines from bazel query output...
Read 410000 lines from bazel query output...
Read 411000 lines from bazel query output...
Read 412000 lines from bazel query output...
Read 413000 lines from bazel query output...
Read 414000 lines from bazel query output...
Read 415000 lines from bazel query output...
Read 416000 lines from bazel query output...
Read 417000 lines from bazel query output...
Read 418000 lines from bazel query output...
Read 419000 lines from bazel query output...
Read 420000 lines from bazel query output...
Read 421000 lines from bazel query output...
Read 422000 lines from bazel query output...
Read 423000 lines from bazel query output...
Read 424000 lines from bazel query output...
Read 425000 lines from bazel query output...
Read 426000 lines from bazel query output...
Read 427000 lines from bazel query output...
Read 428000 lines from bazel query output...
Read 429000 lines from bazel query output...
Read 430000 lines from bazel query output...
Read 431000 lines from bazel query output...
Read 432000 lines from bazel query output...
Read 433000 lines from bazel query output...
Read 434000 lines from bazel query output...
Read 435000 lines from bazel query output...
Read 436000 lines from bazel query output...
Read 437000 lines from bazel query output...
Read 438000 lines from bazel query output...
Read 439000 lines from bazel query output...
Read 440000 lines from bazel query output...
Read 441000 lines from bazel query output...
Read 442000 lines from bazel query output...
Read 443000 lines from bazel query output...
Read 444000 lines from bazel query output...
Read 445000 lines from bazel query output...
Read 446000 lines from bazel query output...
Read 447000 lines from bazel query output...
Read 448000 lines from bazel query output...
Read 449000 lines from bazel query output...
Read 450000 lines from bazel query output...
Read 451000 lines from bazel query output...
Read 452000 lines from bazel query output...
Read 453000 lines from bazel query output...
Read 454000 lines from bazel query output...
Read 455000 lines from bazel query output...
Read 456000 lines from bazel query output...
Read 457000 lines from bazel query output...
Read 458000 lines from bazel query output...
Read 459000 lines from bazel query output...
Read 460000 lines from bazel query output...
Read 461000 lines from bazel query output...
Read 462000 lines from bazel query output...
Read 463000 lines from bazel query output...
Read 464000 lines from bazel query output...
Read 465000 lines from bazel query output...
Read 466000 lines from bazel query output...
Read 467000 lines from bazel query output...
Read 468000 lines from bazel query output...
Read 469000 lines from bazel query output...
Read 470000 lines from bazel query output...
Read 471000 lines from bazel query output...
Read 472000 lines from bazel query output...
Read 473000 lines from bazel query output...
Read 474000 lines from bazel query output...
Read 475000 lines from bazel query output...
Read 476000 lines from bazel query output...
Read 477000 lines from bazel query output...
Read 478000 lines from bazel query output...
Read 479000 lines from bazel query output...
Read 480000 lines from bazel query output...
Read 481000 lines from bazel query output...
Read 482000 lines from bazel query output...
Read 483000 lines from bazel query output...
Read 484000 lines from bazel query output...
Read 485000 lines from bazel query output...
Read 486000 lines from bazel query output...
Read 487000 lines from bazel query output...
Read 488000 lines from bazel query output...
Read 489000 lines from bazel query output...
Read 490000 lines from bazel query output...
Read 491000 lines from bazel query output...
Read 492000 lines from bazel query output...
Read 493000 lines from bazel query output...
Read 494000 lines from bazel query output...
Read 495000 lines from bazel query output...
Read 496000 lines from bazel query output...
Read 497000 lines from bazel query output...
Read 498000 lines from bazel query output...
Read 499000 lines from bazel query output...
Read 500000 lines from bazel query output...
Read 501000 lines from bazel query output...
Read 502000 lines from bazel query output...
Read 503000 lines from bazel query output...
Read 504000 lines from bazel query output...
Read 505000 lines from bazel query output...
Read 506000 lines from bazel query output...
Read 507000 lines from bazel query output...
Read 508000 lines from bazel query output...
Read 509000 lines from bazel query output...
Read 510000 lines from bazel query output...
Read 511000 lines from bazel query output...
Read 512000 lines from bazel query output...
Read 513000 lines from bazel query output...
Read 514000 lines from bazel query output...
Read 515000 lines from bazel query output...
Read 516000 lines from bazel query output...
Read 517000 lines from bazel query output...
Read 518000 lines from bazel query output...
Read 519000 lines from bazel query output...
Read 520000 lines from bazel query output...
Read 521000 lines from bazel query output...
Read 522000 lines from bazel query output...
Read 523000 lines from bazel query output...
Read 524000 lines from bazel query output...
Read 525000 lines from bazel query output...
Read 526000 lines from bazel query output...
Read 527000 lines from bazel query output...
Read 528000 lines from bazel query output...
Read 529000 lines from bazel query output...
Read 530000 lines from bazel query output...
Read 531000 lines from bazel query output...
Read 532000 lines from bazel query output...
Read 533000 lines from bazel query output...
Read 534000 lines from bazel query output...
Read 535000 lines from bazel query output...
Read 536000 lines from bazel query output...
Read 537000 lines from bazel query output...
Read 538000 lines from bazel query output...
Read 539000 lines from bazel query output...
Read 540000 lines from bazel query output...
Read 541000 lines from bazel query output...
Read 542000 lines from bazel query output...
Read 543000 lines from bazel query output...
Read 544000 lines from bazel query output...
Read 545000 lines from bazel query output...
Read 546000 lines from bazel query output...
Read 547000 lines from bazel query output...
Read 548000 lines from bazel query output...
Read 549000 lines from bazel query output...
Read 550000 lines from bazel query output...
Read 551000 lines from bazel query output...
Read 552000 lines from bazel query output...
Read 553000 lines from bazel query output...
Read 554000 lines from bazel query output...
Read 555000 lines from bazel query output...
Read 556000 lines from bazel query output...
Read 557000 lines from bazel query output...
Read 558000 lines from bazel query output...
Read 559000 lines from bazel query output...
Read 560000 lines from bazel query output...
Read 561000 lines from bazel query output...
Read 562000 lines from bazel query output...
Read 563000 lines from bazel query output...
Read 564000 lines from bazel query output...
Read 565000 lines from bazel query output...
Read 566000 lines from bazel query output...
Read 567000 lines from bazel query output...
Read 568000 lines from bazel query output...
Read 569000 lines from bazel query output...
Read 570000 lines from bazel query output...
Read 571000 lines from bazel query output...
Read 572000 lines from bazel query output...
Read 573000 lines from bazel query output...
Read 574000 lines from bazel query output...
Read 575000 lines from bazel query output...
Read 576000 lines from bazel query output...
Read 577000 lines from bazel query output...
Read 578000 lines from bazel query output...
Read 579000 lines from bazel query output...
Read 580000 lines from bazel query output...
Read 581000 lines from bazel query output...
Read 582000 lines from bazel query output...
Read 583000 lines from bazel query output...
Read 584000 lines from bazel query output...
Read 585000 lines from bazel query output...
Read 586000 lines from bazel query output...
Read 587000 lines from bazel query output...
Read 588000 lines from bazel query output...
Read 589000 lines from bazel query output...
Read 590000 lines from bazel query output...
Read 591000 lines from bazel query output...
Read 592000 lines from bazel query output...
Read 593000 lines from bazel query output...
Read 594000 lines from bazel query output...
Read 595000 lines from bazel query output...
Read 596000 lines from bazel query output...
Read 597000 lines from bazel query output...
Read 598000 lines from bazel query output...
Read 599000 lines from bazel query output...
Read 600000 lines from bazel query output...
Read 601000 lines from bazel query output...
Read 602000 lines from bazel query output...
Read 603000 lines from bazel query output...
Read 604000 lines from bazel query output...
Read 605000 lines from bazel query output...
Read 606000 lines from bazel query output...
Read 607000 lines from bazel query output...
Read 608000 lines from bazel query output...
Read 609000 lines from bazel query output...
Read 610000 lines from bazel query output...
Read 611000 lines from bazel query output...
Read 612000 lines from bazel query output...
Read 613000 lines from bazel query output...
Read 614000 lines from bazel query output...
Read 615000 lines from bazel query output...
Read 616000 lines from bazel query output...
Read 617000 lines from bazel query output...
Read 618000 lines from bazel query output...
Read 619000 lines from bazel query output...
Read 620000 lines from bazel query output...
Read 621000 lines from bazel query output...
Read 622000 lines from bazel query output...
Read 623000 lines from bazel query output...
Read 624000 lines from bazel query output...
Read 625000 lines from bazel query output...
Read 626000 lines from bazel query output...
Read 627000 lines from bazel query output...
Read 628000 lines from bazel query output...
Read 629000 lines from bazel query output...
Read 630000 lines from bazel query output...
Read 631000 lines from bazel query output...
Read 632000 lines from bazel query output...
Read 633000 lines from bazel query output...
Read 634000 lines from bazel query output...
Read 635000 lines from bazel query output...
Read 636000 lines from bazel query output...
Read 637000 lines from bazel query output...
Read 638000 lines from bazel query output...
Read 639000 lines from bazel query output...
Read 640000 lines from bazel query output...
Read 641000 lines from bazel query output...
Read 642000 lines from bazel query output...
Read 643000 lines from bazel query output...
Read 644000 lines from bazel query output...
Read 645000 lines from bazel query output...
Read 646000 lines from bazel query output...
Read 647000 lines from bazel query output...
Read 648000 lines from bazel query output...
Read 649000 lines from bazel query output...
Read 650000 lines from bazel query output...
Read 651000 lines from bazel query output...
Read 652000 lines from bazel query output...
Read 653000 lines from bazel query output...
Read 654000 lines from bazel query output...
Read 655000 lines from bazel query output...
Read 656000 lines from bazel query output...
Read 657000 lines from bazel query output...
Read 658000 lines from bazel query output...
Read 659000 lines from bazel query output...
Read 660000 lines from bazel query output...
Read 661000 lines from bazel query output...
Read 662000 lines from bazel query output...
Read 663000 lines from bazel query output...
Read 664000 lines from bazel query output...
Read 665000 lines from bazel query output...
Read 666000 lines from bazel query output...
Read 667000 lines from bazel query output...
Read 668000 lines from bazel query output...
Read 669000 lines from bazel query output...
Read 670000 lines from bazel query output...
Read 671000 lines from bazel query output...
Read 672000 lines from bazel query output...
Read 673000 lines from bazel query output...
Read 674000 lines from bazel query output...
Read 675000 lines from bazel query output...
Read 676000 lines from bazel query output...
Read 677000 lines from bazel query output...
Read 678000 lines from bazel query output...
Read 679000 lines from bazel query output...
Read 680000 lines from bazel query output...
Read 681000 lines from bazel query output...
Read 682000 lines from bazel query output...
Read 683000 lines from bazel query output...
Read 684000 lines from bazel query output...
Read 685000 lines from bazel query output...
Read 686000 lines from bazel query output...
Read 687000 lines from bazel query output...
Read 688000 lines from bazel query output...
Read 689000 lines from bazel query output...
Read 690000 lines from bazel query output...
Read 691000 lines from bazel query output...
Read 692000 lines from bazel query output...
Read 693000 lines from bazel query output...
Read 694000 lines from bazel query output...
Read 695000 lines from bazel query output...
Read 696000 lines from bazel query output...
Read 697000 lines from bazel query output...
Read 698000 lines from bazel query output...
Read 699000 lines from bazel query output...
Read 700000 lines from bazel query output...
Read 701000 lines from bazel query output...
Read 702000 lines from bazel query output...
Read 703000 lines from bazel query output...
Read 704000 lines from bazel query output...
Read 705000 lines from bazel query output...
Read 706000 lines from bazel query output...
Read 707000 lines from bazel query output...
Read 708000 lines from bazel query output...
Read 709000 lines from bazel query output...
Read 710000 lines from bazel query output...
Read 711000 lines from bazel query output...
Read 712000 lines from bazel query output...
Read 713000 lines from bazel query output...
Read 714000 lines from bazel query output...
Read 715000 lines from bazel query output...
Read 716000 lines from bazel query output...
Read 717000 lines from bazel query output...
Read 718000 lines from bazel query output...
Read 719000 lines from bazel query output...
Read 720000 lines from bazel query output...
Read 721000 lines from bazel query output...
Read 722000 lines from bazel query output...
Read 723000 lines from bazel query output...
Read 724000 lines from bazel query output...
Read 725000 lines from bazel query output...
Read 726000 lines from bazel query output...
Read 727000 lines from bazel query output...
Read 728000 lines from bazel query output...
Read 729000 lines from bazel query output...
Read 730000 lines from bazel query output...
Read 731000 lines from bazel query output...
Read 732000 lines from bazel query output...
Read 733000 lines from bazel query output...
Read 734000 lines from bazel query output...
Read 735000 lines from bazel query output...
Read 736000 lines from bazel query output...
Read 737000 lines from bazel query output...
Read 738000 lines from bazel query output...
Read 739000 lines from bazel query output...
Read 740000 lines from bazel query output...
Read 741000 lines from bazel query output...
Read 742000 lines from bazel query output...
Read 743000 lines from bazel query output...
Read 744000 lines from bazel query output...
Read 745000 lines from bazel query output...
Read 746000 lines from bazel query output...
Read 747000 lines from bazel query output...
Read 748000 lines from bazel query output...
Read 749000 lines from bazel query output...
Read 750000 lines from bazel query output...
Read 751000 lines from bazel query output...
Read 752000 lines from bazel query output...
Read 753000 lines from bazel query output...
Read 754000 lines from bazel query output...
Read 755000 lines from bazel query output...
Read 756000 lines from bazel query output...
Read 757000 lines from bazel query output...
Read 758000 lines from bazel query output...
Read 759000 lines from bazel query output...
Read 760000 lines from bazel query output...
Read 761000 lines from bazel query output...
Read 762000 lines from bazel query output...
Read 763000 lines from bazel query output...
Read 764000 lines from bazel query output...
Read 765000 lines from bazel query output...
Read 766000 lines from bazel query output...
Read 767000 lines from bazel query output...
Read 768000 lines from bazel query output...
Read 769000 lines from bazel query output...
Read 770000 lines from bazel query output...
Read 771000 lines from bazel query output...
Read 772000 lines from bazel query output...
Read 773000 lines from bazel query output...
Read 774000 lines from bazel query output...
Read 775000 lines from bazel query output...
Read 776000 lines from bazel query output...
Read 777000 lines from bazel query output...
Read 778000 lines from bazel query output...
Read 779000 lines from bazel query output...
Read 780000 lines from bazel query output...
Read 781000 lines from bazel query output...
Read 782000 lines from bazel query output...
Read 783000 lines from bazel query output...
Read 784000 lines from bazel query output...
Read 785000 lines from bazel query output...
Read 786000 lines from bazel query output...
Read 787000 lines from bazel query output...
Read 788000 lines from bazel query output...
Read 789000 lines from bazel query output...
Read 790000 lines from bazel query output...
Read 791000 lines from bazel query output...
Read 792000 lines from bazel query output...
Read 793000 lines from bazel query output...
Read 794000 lines from bazel query output...
Read 795000 lines from bazel query output...
Read 796000 lines from bazel query output...
Read 797000 lines from bazel query output...
Read 798000 lines from bazel query output...
Read 799000 lines from bazel query output...
Read 800000 lines from bazel query output...
Read 801000 lines from bazel query output...
Read 802000 lines from bazel query output...
Read 803000 lines from bazel query output...
Read 804000 lines from bazel query output...
Read 805000 lines from bazel query output...
Read 806000 lines from bazel query output...
Read 807000 lines from bazel query output...
Read 808000 lines from bazel query output...
Read 809000 lines from bazel query output...
Read 810000 lines from bazel query output...
Read 811000 lines from bazel query output...
Read 812000 lines from bazel query output...
Read 813000 lines from bazel query output...
Read 814000 lines from bazel query output...
Read 815000 lines from bazel query output...
Read 816000 lines from bazel query output...
Read 817000 lines from bazel query output...
Read 818000 lines from bazel query output...
Read 819000 lines from bazel query output...
Read 820000 lines from bazel query output...
Read 821000 lines from bazel query output...
Read 822000 lines from bazel query output...
Read 823000 lines from bazel query output...
Read 824000 lines from bazel query output...
Read 825000 lines from bazel query output...
Read 826000 lines from bazel query output...
Read 827000 lines from bazel query output...
Read 828000 lines from bazel query output...
Read 829000 lines from bazel query output...
Read 830000 lines from bazel query output...
Read 831000 lines from bazel query output...
Read 832000 lines from bazel query output...
Read 833000 lines from bazel query output...
Read 834000 lines from bazel query output...
Read 835000 lines from bazel query output...
Read 836000 lines from bazel query output...
Read 837000 lines from bazel query output...
Read 838000 lines from bazel query output...
Read 839000 lines from bazel query output...
Read 840000 lines from bazel query output...
Read 841000 lines from bazel query output...
Read 842000 lines from bazel query output...
Read 843000 lines from bazel query output...
Read 844000 lines from bazel query output...
Read 845000 lines from bazel query output...
Read 846000 lines from bazel query output...
Read 847000 lines from bazel query output...
Read 848000 lines from bazel query output...
Read 849000 lines from bazel query output...
Read 850000 lines from bazel query output...
Read 851000 lines from bazel query output...
Read 852000 lines from bazel query output...
Read 853000 lines from bazel query output...
Read 854000 lines from bazel query output...
Read 855000 lines from bazel query output...
Read 856000 lines from bazel query output...
Read 857000 lines from bazel query output...
Read 858000 lines from bazel query output...
Read 859000 lines from bazel query output...
Read 860000 lines from bazel query output...
Read 861000 lines from bazel query output...
Read 862000 lines from bazel query output...
Read 863000 lines from bazel query output...
Read 864000 lines from bazel query output...
Read 865000 lines from bazel query output...
Read 866000 lines from bazel query output...
Read 867000 lines from bazel query output...
Read 868000 lines from bazel query output...
Read 869000 lines from bazel query output...
Read 870000 lines from bazel query output...
Read 871000 lines from bazel query output...
Read 872000 lines from bazel query output...
Read 873000 lines from bazel query output...
Read 874000 lines from bazel query output...
Read 875000 lines from bazel query output...
Read 876000 lines from bazel query output...
Read 877000 lines from bazel query output...
Read 878000 lines from bazel query output...
Read 879000 lines from bazel query output...
Read 880000 lines from bazel query output...
Read 881000 lines from bazel query output...
Read 882000 lines from bazel query output...
Read 883000 lines from bazel query output...
Read 884000 lines from bazel query output...
Read 885000 lines from bazel query output...
Read 886000 lines from bazel query output...
Read 887000 lines from bazel query output...
Read 888000 lines from bazel query output...
Read 889000 lines from bazel query output...
Read 890000 lines from bazel query output...
Read 891000 lines from bazel query output...
Read 892000 lines from bazel query output...
Read 893000 lines from bazel query output...
Read 894000 lines from bazel query output...
Read 895000 lines from bazel query output...
Read 896000 lines from bazel query output...
Read 897000 lines from bazel query output...
Read 898000 lines from bazel query output...
Read 899000 lines from bazel query output...
Read 900000 lines from bazel query output...
Read 901000 lines from bazel query output...
Read 902000 lines from bazel query output...
Read 903000 lines from bazel query output...
Read 904000 lines from bazel query output...
Read 905000 lines from bazel query output...
Read 906000 lines from bazel query output...
Read 907000 lines from bazel query output...
Read 908000 lines from bazel query output...
Read 909000 lines from bazel query output...
Read 910000 lines from bazel query output...
Read 911000 lines from bazel query output...
Read 912000 lines from bazel query output...
Read 913000 lines from bazel query output...
Read 914000 lines from bazel query output...
Read 915000 lines from bazel query output...
Read 916000 lines from bazel query output...
Read 917000 lines from bazel query output...
Read 918000 lines from bazel query output...
Read 919000 lines from bazel query output...
Read 920000 lines from bazel query output...
Read 921000 lines from bazel query output...
Read 922000 lines from bazel query output...
Read 923000 lines from bazel query output...
Read 924000 lines from bazel query output...
Read 925000 lines from bazel query output...
Read 926000 lines from bazel query output...
Read 927000 lines from bazel query output...
Read 928000 lines from bazel query output...
Read 929000 lines from bazel query output...
Read 930000 lines from bazel query output...
Read 931000 lines from bazel query output...
Read 932000 lines from bazel query output...
Read 933000 lines from bazel query output...
Read 934000 lines from bazel query output...
Read 935000 lines from bazel query output...
Read 936000 lines from bazel query output...
Read 937000 lines from bazel query output...
Read 938000 lines from bazel query output...
Read 939000 lines from bazel query output...
Read 940000 lines from bazel query output...
Read 941000 lines from bazel query output...
Read 942000 lines from bazel query output...
Read 943000 lines from bazel query output...
Read 944000 lines from bazel query output...
Read 945000 lines from bazel query output...
Read 946000 lines from bazel query output...
Read 947000 lines from bazel query output...
Read 948000 lines from bazel query output...
Read 949000 lines from bazel query output...
Read 950000 lines from bazel query output...
Read 951000 lines from bazel query output...
Read 952000 lines from bazel query output...
Read 953000 lines from bazel query output...
Read 954000 lines from bazel query output...
Read 955000 lines from bazel query output...
Read 956000 lines from bazel query output...
Read 957000 lines from bazel query output...
Read 958000 lines from bazel query output...
Read 959000 lines from bazel query output...
Read 960000 lines from bazel query output...
Read 961000 lines from bazel query output...
Read 962000 lines from bazel query output...
Read 963000 lines from bazel query output...
Read 964000 lines from bazel query output...
Read 965000 lines from bazel query output...
Read 966000 lines from bazel query output...
Read 967000 lines from bazel query output...
Read 968000 lines from bazel query output...
Read 969000 lines from bazel query output...
Read 970000 lines from bazel query output...
Read 971000 lines from bazel query output...
Read 972000 lines from bazel query output...
Read 973000 lines from bazel query output...
Read 974000 lines from bazel query output...
Read 975000 lines from bazel query output...
Read 976000 lines from bazel query output...
Read 977000 lines from bazel query output...
Read 978000 lines from bazel query output...
Read 979000 lines from bazel query output...
Read 980000 lines from bazel query output...
Read 981000 lines from bazel query output...
Read 982000 lines from bazel query output...
Read 983000 lines from bazel query output...
Read 984000 lines from bazel query output...
Read 985000 lines from bazel query output...
Read 986000 lines from bazel query output...
Read 987000 lines from bazel query output...
Read 988000 lines from bazel query output...
Read 989000 lines from bazel query output...
Read 990000 lines from bazel query output...
Read 991000 lines from bazel query output...
Read 992000 lines from bazel query output...
Read 993000 lines from bazel query output...
Read 994000 lines from bazel query output...
Read 995000 lines from bazel query output...
Read 996000 lines from bazel query output...
Read 997000 lines from bazel query output...
Read 998000 lines from bazel query output...
Read 999000 lines from bazel query output...
Read 1000000 lines from bazel query output...
Read 1001000 lines from bazel query output...
Read 1002000 lines from bazel query output...
Read 1003000 lines from bazel query output...
Read 1004000 lines from bazel query output...
Read 1005000 lines from bazel query output...
Read 1006000 lines from bazel query output...
Read 1007000 lines from bazel query output...
Read 1008000 lines from bazel query output...
Read 1009000 lines from bazel query output...
Read 1010000 lines from bazel query output...
Read 1011000 lines from bazel query output...
Read 1012000 lines from bazel query output...
Read 1013000 lines from bazel query output...
Read 1014000 lines from bazel query output...
Read 1015000 lines from bazel query output...
Read 1016000 lines from bazel query output...
Read 1017000 lines from bazel query output...
Read 1018000 lines from bazel query output...
Read 1019000 lines from bazel query output...
Read 1020000 lines from bazel query output...
Read 1021000 lines from bazel query output...
Read 1022000 lines from bazel query output...
Read 1023000 lines from bazel query output...
Read 1024000 lines from bazel query output...
Read 1025000 lines from bazel query output...
Read 1026000 lines from bazel query output...
Read 1027000 lines from bazel query output...
Read 1028000 lines from bazel query output...
Read 1029000 lines from bazel query output...
Read 1030000 lines from bazel query output...
Read 1031000 lines from bazel query output...
Read 1032000 lines from bazel query output...
Read 1033000 lines from bazel query output...
Read 1034000 lines from bazel query output...
Read 1035000 lines from bazel query output...
Read 1036000 lines from bazel query output...
Read 1037000 lines from bazel query output...
Read 1038000 lines from bazel query output...
Read 1039000 lines from bazel query output...
Read 1040000 lines from bazel query output...
Read 1041000 lines from bazel query output...
Read 1042000 lines from bazel query output...
Read 1043000 lines from bazel query output...
Read 1044000 lines from bazel query output...
Read 1045000 lines from bazel query output...
Read 1046000 lines from bazel query output...
Read 1047000 lines from bazel query output...
Read 1048000 lines from bazel query output...
Read 1049000 lines from bazel query output...
Read 1050000 lines from bazel query output...
