Starting local Bazel server and connecting to it...
Loading: 0 packages loaded
Loading: 0 packages loaded
ERROR: /data/h445xu/repo/bazel-repos/cloned_repos/DeepRec-AI__DeepRec/third_party/ortools/BUILD.bazel:7:1: name 'native' is not defined
ERROR: package contains errors: third_party/ortools
ERROR: /data/h445xu/.cache/bazel/_bazel_hongxu/d5436303f9e49b1c6ca19638b9097821/external/bazel_toolchains/rules/docker_config.bzl:208:94: invalid escape sequence: \;. Use '\\' to insert '\'.
ERROR: error loading package 'third_party/toolchains/cpus/arm': cannot load '//third_party/toolchains/cpus/arm:cc_config.bzl': no such file
ERROR: Traceback (most recent call last):
	File "/data/h445xu/repo/bazel-repos/cloned_repos/DeepRec-AI__DeepRec/tensorflow/compiler/mlir/lite/quantization/xla/tests/BUILD", line 5, column 15, in <toplevel>
		glob_lit_tests(
	File "/data/h445xu/repo/bazel-repos/cloned_repos/DeepRec-AI__DeepRec/tensorflow/compiler/mlir/glob_lit_test.bzl", line 113, column 50, in glob_lit_tests
		data = data + per_test_extra_data.pop(curr_test, []),
Error in pop: trying to mutate a frozen dict value
ERROR: error loading package 'third_party/toolchains/preconfig/generate': at /data/h445xu/repo/bazel-repos/cloned_repos/DeepRec-AI__DeepRec/third_party/toolchains/preconfig/generate/generate.bzl:2:5: compilation of module 'rules/docker_config.bzl' failed
ERROR: Traceback (most recent call last):
	File "/data/h445xu/repo/bazel-repos/cloned_repos/DeepRec-AI__DeepRec/tensorflow/compiler/mlir/lite/tests/mlir2exec/BUILD", line 13, column 15, in <toplevel>
		glob_lit_tests(
	File "/data/h445xu/repo/bazel-repos/cloned_repos/DeepRec-AI__DeepRec/tensorflow/compiler/mlir/glob_lit_test.bzl", line 113, column 50, in glob_lit_tests
		data = data + per_test_extra_data.pop(curr_test, []),
Error in pop: trying to mutate a frozen dict value
ERROR: Traceback (most recent call last):
	File "/data/h445xu/repo/bazel-repos/cloned_repos/DeepRec-AI__DeepRec/tensorflow/compiler/mlir/lite/tests/debuginfo/BUILD", line 5, column 15, in <toplevel>
		glob_lit_tests(
	File "/data/h445xu/repo/bazel-repos/cloned_repos/DeepRec-AI__DeepRec/tensorflow/compiler/mlir/glob_lit_test.bzl", line 113, column 50, in glob_lit_tests
		data = data + per_test_extra_data.pop(curr_test, []),
Error in pop: trying to mutate a frozen dict value
ERROR: Traceback (most recent call last):
	File "/data/h445xu/repo/bazel-repos/cloned_repos/DeepRec-AI__DeepRec/tensorflow/compiler/mlir/xla/tests/translate/BUILD", line 5, column 15, in <toplevel>
		glob_lit_tests(
	File "/data/h445xu/repo/bazel-repos/cloned_repos/DeepRec-AI__DeepRec/tensorflow/compiler/mlir/glob_lit_test.bzl", line 113, column 50, in glob_lit_tests
		data = data + per_test_extra_data.pop(curr_test, []),
Error in pop: trying to mutate a frozen dict value
ERROR: package contains errors: tensorflow/compiler/mlir/lite/quantization/xla/tests
ERROR: Traceback (most recent call last):
	File "/data/h445xu/repo/bazel-repos/cloned_repos/DeepRec-AI__DeepRec/tensorflow/compiler/mlir/xla/tests/BUILD", line 5, column 15, in <toplevel>
		glob_lit_tests(
	File "/data/h445xu/repo/bazel-repos/cloned_repos/DeepRec-AI__DeepRec/tensorflow/compiler/mlir/glob_lit_test.bzl", line 113, column 50, in glob_lit_tests
		data = data + per_test_extra_data.pop(curr_test, []),
Error in pop: trying to mutate a frozen dict value
ERROR: Traceback (most recent call last):
	File "/data/h445xu/repo/bazel-repos/cloned_repos/DeepRec-AI__DeepRec/tensorflow/compiler/mlir/lite/tests/BUILD", line 5, column 15, in <toplevel>
		glob_lit_tests(
	File "/data/h445xu/repo/bazel-repos/cloned_repos/DeepRec-AI__DeepRec/tensorflow/compiler/mlir/glob_lit_test.bzl", line 113, column 50, in glob_lit_tests
		data = data + per_test_extra_data.pop(curr_test, []),
Error in pop: trying to mutate a frozen dict value
ERROR: Traceback (most recent call last):
	File "/data/h445xu/repo/bazel-repos/cloned_repos/DeepRec-AI__DeepRec/tensorflow/compiler/mlir/lite/quantization/tests/BUILD", line 5, column 15, in <toplevel>
		glob_lit_tests(
	File "/data/h445xu/repo/bazel-repos/cloned_repos/DeepRec-AI__DeepRec/tensorflow/compiler/mlir/glob_lit_test.bzl", line 113, column 50, in glob_lit_tests
		data = data + per_test_extra_data.pop(curr_test, []),
Error in pop: trying to mutate a frozen dict value
ERROR: Traceback (most recent call last):
	File "/data/h445xu/repo/bazel-repos/cloned_repos/DeepRec-AI__DeepRec/tensorflow/compiler/mlir/lite/tests/end2end/BUILD", line 5, column 15, in <toplevel>
		glob_lit_tests(
	File "/data/h445xu/repo/bazel-repos/cloned_repos/DeepRec-AI__DeepRec/tensorflow/compiler/mlir/glob_lit_test.bzl", line 113, column 50, in glob_lit_tests
		data = data + per_test_extra_data.pop(curr_test, []),
Error in pop: trying to mutate a frozen dict value
ERROR: Traceback (most recent call last):
	File "/data/h445xu/repo/bazel-repos/cloned_repos/DeepRec-AI__DeepRec/tensorflow/compiler/mlir/lite/quantization/tensorflow/tests/BUILD", line 5, column 15, in <toplevel>
		glob_lit_tests(
	File "/data/h445xu/repo/bazel-repos/cloned_repos/DeepRec-AI__DeepRec/tensorflow/compiler/mlir/glob_lit_test.bzl", line 113, column 50, in glob_lit_tests
		data = data + per_test_extra_data.pop(curr_test, []),
Error in pop: trying to mutate a frozen dict value
ERROR: package contains errors: tensorflow/compiler/mlir/lite/quantization/tensorflow/tests
ERROR: package contains errors: tensorflow/compiler/mlir/lite/tests/end2end
ERROR: package contains errors: tensorflow/compiler/mlir/lite/quantization/tests
ERROR: Traceback (most recent call last):
	File "/data/h445xu/repo/bazel-repos/cloned_repos/DeepRec-AI__DeepRec/tensorflow/compiler/mlir/tensorflow/tests/BUILD", line 5, column 15, in <toplevel>
		glob_lit_tests(
	File "/data/h445xu/repo/bazel-repos/cloned_repos/DeepRec-AI__DeepRec/tensorflow/compiler/mlir/glob_lit_test.bzl", line 113, column 50, in glob_lit_tests
		data = data + per_test_extra_data.pop(curr_test, []),
Error in pop: trying to mutate a frozen dict value
ERROR: package contains errors: tensorflow/compiler/mlir/xla/tests/translate
ERROR: package contains errors: tensorflow/compiler/mlir/xla/tests
ERROR: package contains errors: tensorflow/compiler/mlir/lite/tests/debuginfo
ERROR: Traceback (most recent call last):
	File "/data/h445xu/repo/bazel-repos/cloned_repos/DeepRec-AI__DeepRec/tensorflow/compiler/mlir/tensorflow/tests/graphdef2mlir/BUILD", line 5, column 15, in <toplevel>
		glob_lit_tests(
	File "/data/h445xu/repo/bazel-repos/cloned_repos/DeepRec-AI__DeepRec/tensorflow/compiler/mlir/glob_lit_test.bzl", line 113, column 50, in glob_lit_tests
		data = data + per_test_extra_data.pop(curr_test, []),
Error in pop: trying to mutate a frozen dict value
ERROR: /data/h445xu/repo/bazel-repos/cloned_repos/DeepRec-AI__DeepRec/tensorflow/lite/java/demo/app/src/main/BUILD:8:15: //tensorflow/lite/java/demo/app/src/main:TfLiteCameraDemo: no such attribute 'aapt_version' in 'android_binary' rule
ERROR: package contains errors: tensorflow/compiler/mlir/lite/tests/mlir2exec
ERROR: Traceback (most recent call last):
	File "/data/h445xu/repo/bazel-repos/cloned_repos/DeepRec-AI__DeepRec/tensorflow/compiler/mlir/lite/tests/mlir2flatbuffer/BUILD", line 5, column 15, in <toplevel>
		glob_lit_tests(
	File "/data/h445xu/repo/bazel-repos/cloned_repos/DeepRec-AI__DeepRec/tensorflow/compiler/mlir/glob_lit_test.bzl", line 113, column 50, in glob_lit_tests
		data = data + per_test_extra_data.pop(curr_test, []),
Error in pop: trying to mutate a frozen dict value
ERROR: Traceback (most recent call last):
	File "/data/h445xu/repo/bazel-repos/cloned_repos/DeepRec-AI__DeepRec/tensorflow/compiler/mlir/tensorflow/tests/mlir2graphdef/BUILD", line 5, column 15, in <toplevel>
		glob_lit_tests(
	File "/data/h445xu/repo/bazel-repos/cloned_repos/DeepRec-AI__DeepRec/tensorflow/compiler/mlir/glob_lit_test.bzl", line 113, column 50, in glob_lit_tests
		data = data + per_test_extra_data.pop(curr_test, []),
Error in pop: trying to mutate a frozen dict value
ERROR: /data/h445xu/repo/bazel-repos/cloned_repos/DeepRec-AI__DeepRec/tensorflow/lite/java/ovic/demo/app/BUILD:9:15: //tensorflow/lite/java/ovic/demo/app:ovic_benchmarker_binary: no such attribute 'aapt_version' in 'android_binary' rule
ERROR: package contains errors: tensorflow/compiler/mlir/tensorflow/tests/mlir2graphdef
ERROR: Traceback (most recent call last):
	File "/data/h445xu/repo/bazel-repos/cloned_repos/DeepRec-AI__DeepRec/tensorflow/compiler/mlir/lite/tests/flatbuffer2mlir/BUILD", line 6, column 15, in <toplevel>
		glob_lit_tests(
	File "/data/h445xu/repo/bazel-repos/cloned_repos/DeepRec-AI__DeepRec/tensorflow/compiler/mlir/glob_lit_test.bzl", line 113, column 50, in glob_lit_tests
		data = data + per_test_extra_data.pop(curr_test, []),
Error in pop: trying to mutate a frozen dict value
ERROR: package contains errors: tensorflow/compiler/mlir/lite/tests/mlir2flatbuffer
ERROR: package contains errors: tensorflow/lite/java/demo/app/src/main
ERROR: package contains errors: tensorflow/compiler/mlir/tensorflow/tests/graphdef2mlir
ERROR: package contains errors: tensorflow/compiler/mlir/lite/tests/flatbuffer2mlir
ERROR: /data/h445xu/repo/bazel-repos/cloned_repos/DeepRec-AI__DeepRec/tensorflow/lite/models/smartreply/demo/app/src/main/BUILD:20:15: //tensorflow/lite/models/smartreply/demo/app/src/main:SmartReplyDemo: no such attribute 'aapt_version' in 'android_binary' rule
ERROR: package contains errors: tensorflow/lite/java/ovic/demo/app
ERROR: package contains errors: tensorflow/lite/models/smartreply/demo/app/src/main
ERROR: package contains errors: tensorflow/compiler/mlir/lite/tests
ERROR: package contains errors: tensorflow/compiler/mlir/tensorflow/tests
ERROR: Traceback (most recent call last):
	File "/data/h445xu/.cache/bazel/_bazel_hongxu/d5436303f9e49b1c6ca19638b9097821/external/build_bazel_rules_apple/apple/internal/testing/ios_rules.bzl", line 50, column 54, in <toplevel>
		ios_ui_test = rule_factory.create_apple_bundling_rule(
	File "/data/h445xu/.cache/bazel/_bazel_hongxu/d5436303f9e49b1c6ca19638b9097821/external/build_bazel_rules_apple/apple/internal/rule_factory.bzl", line 872, column 55, in _create_apple_bundling_rule
		rule_attrs.append(_common_binary_linking_attrs(rule_descriptor))
	File "/data/h445xu/.cache/bazel/_bazel_hongxu/d5436303f9e49b1c6ca19638b9097821/external/build_bazel_rules_apple/apple/internal/rule_factory.bzl", line 209, column 21, in _common_binary_linking_attrs
		apple_common.objc_proto_aspect,
Error: 'apple_common' value has no field or method 'objc_proto_aspect'
ERROR: Traceback (most recent call last):
	File "/data/h445xu/.cache/bazel/_bazel_hongxu/d5436303f9e49b1c6ca19638b9097821/external/build_bazel_rules_apple/apple/internal/ios_rules.bzl", line 508, column 58, in <toplevel>
		ios_application = rule_factory.create_apple_bundling_rule(
	File "/data/h445xu/.cache/bazel/_bazel_hongxu/d5436303f9e49b1c6ca19638b9097821/external/build_bazel_rules_apple/apple/internal/rule_factory.bzl", line 872, column 55, in _create_apple_bundling_rule
		rule_attrs.append(_common_binary_linking_attrs(rule_descriptor))
	File "/data/h445xu/.cache/bazel/_bazel_hongxu/d5436303f9e49b1c6ca19638b9097821/external/build_bazel_rules_apple/apple/internal/rule_factory.bzl", line 209, column 21, in _common_binary_linking_attrs
		apple_common.objc_proto_aspect,
Error: 'apple_common' value has no field or method 'objc_proto_aspect'
ERROR: /data/h445xu/repo/bazel-repos/cloned_repos/DeepRec-AI__DeepRec/tensorflow/examples/android/BUILD:64:15: //tensorflow/examples/android:tensorflow_demo: no such attribute 'aapt_version' in 'android_binary' rule
ERROR: /data/h445xu/repo/bazel-repos/cloned_repos/DeepRec-AI__DeepRec/tensorflow/lite/java/BUILD:22:13: //tensorflow/lite/java:tensorflow-lite_dummy_app_for_so: no such attribute 'aapt_version' in 'android_binary' rule
ERROR: /data/h445xu/repo/bazel-repos/cloned_repos/DeepRec-AI__DeepRec/tensorflow/lite/java/BUILD:28:13: //tensorflow/lite/java:tensorflow-lite-with-select-tf-ops_dummy_app_for_so: no such attribute 'aapt_version' in 'android_binary' rule
ERROR: /data/h445xu/repo/bazel-repos/cloned_repos/DeepRec-AI__DeepRec/tensorflow/lite/java/BUILD:36:13: //tensorflow/lite/java:tensorflow-lite-gpu_dummy_app_for_so: no such attribute 'aapt_version' in 'android_binary' rule
ERROR: error loading package 'tensorflow/lite/delegates/gpu/metal/kernels': at /data/h445xu/.cache/bazel/_bazel_hongxu/d5436303f9e49b1c6ca19638b9097821/external/build_bazel_rules_apple/apple/ios.bzl:18:5: initialization of module 'apple/internal/testing/ios_rules.bzl' failed
ERROR: package contains errors: tensorflow/examples/android
ERROR: package contains errors: tensorflow/lite/java
Loading: 569 packages loaded
    currently loading: tensorflow/cc ... (21 packages)
ERROR: Traceback (most recent call last):
	File "/data/h445xu/repo/bazel-repos/cloned_repos/DeepRec-AI__DeepRec/tensorflow/compiler/xla/service/gpu/tests/BUILD", line 523, column 15, in <toplevel>
		glob_lit_tests(
	File "/data/h445xu/repo/bazel-repos/cloned_repos/DeepRec-AI__DeepRec/tensorflow/compiler/mlir/glob_lit_test.bzl", line 113, column 50, in glob_lit_tests
		data = data + per_test_extra_data.pop(curr_test, []),
Error in pop: trying to mutate a frozen dict value
ERROR: package contains errors: tensorflow/compiler/xla/service/gpu/tests
ERROR: in target '//tensorflow/lite/java:tensorflow-lite-gpu_generated_AndroidManifest.xml', no such label '//tensorflow/lite/java:tensorflow-lite-gpu_binary_manifest_generator': Target '//tensorflow/lite/java:tensorflow-lite-gpu_binary_manifest_generator' contains an error and its package is in error
Loading: 625 packages loaded
    currently loading: third_party/toolchains/cpus/arm ... (21 packages)
ERROR: in target '//tensorflow/lite/java:tensorflow-lite-with-select-tf-ops_generated_AndroidManifest.xml', no such label '//tensorflow/lite/java:tensorflow-lite-with-select-tf-ops_binary_manifest_generator': Target '//tensorflow/lite/java:tensorflow-lite-with-select-tf-ops_binary_manifest_generator' contains an error and its package is in error
ERROR: in target '//tensorflow/lite/java:tensorflow-lite_generated_AndroidManifest.xml', no such label '//tensorflow/lite/java:tensorflow-lite_binary_manifest_generator': Target '//tensorflow/lite/java:tensorflow-lite_binary_manifest_generator' contains an error and its package is in error
ERROR: /data/h445xu/repo/bazel-repos/cloned_repos/DeepRec-AI__DeepRec/tensorflow/lite/java/BUILD:263:10: Target '//tensorflow/lite/java:src/test/java/org/tensorflow/lite/InterpreterMobileNetTest.java' contains an error and its package is in error and referenced by '//tensorflow/lite/java:portable_tests'
ERROR: /data/h445xu/repo/bazel-repos/cloned_repos/DeepRec-AI__DeepRec/tensorflow/lite/java/BUILD:263:10: Target '//tensorflow/lite/java:src/test/java/org/tensorflow/lite/InterpreterTest.java' contains an error and its package is in error and referenced by '//tensorflow/lite/java:portable_tests'
ERROR: /data/h445xu/repo/bazel-repos/cloned_repos/DeepRec-AI__DeepRec/tensorflow/lite/java/BUILD:263:10: Target '//tensorflow/lite/java:src/test/java/org/tensorflow/lite/nnapi/NnApiDelegateTest.java' contains an error and its package is in error and referenced by '//tensorflow/lite/java:portable_tests'
ERROR: /data/h445xu/repo/bazel-repos/cloned_repos/DeepRec-AI__DeepRec/tensorflow/examples/android/BUILD:103:10: Target '//tensorflow/examples/android:src/org/tensorflow/demo/AutoFitTextureView.java' contains an error and its package is in error and referenced by '//tensorflow/examples/android:java_files'
ERROR: /data/h445xu/repo/bazel-repos/cloned_repos/DeepRec-AI__DeepRec/tensorflow/examples/android/BUILD:103:10: Target '//tensorflow/examples/android:src/org/tensorflow/demo/CameraActivity.java' contains an error and its package is in error and referenced by '//tensorflow/examples/android:java_files'
ERROR: /data/h445xu/repo/bazel-repos/cloned_repos/DeepRec-AI__DeepRec/tensorflow/examples/android/BUILD:103:10: Target '//tensorflow/examples/android:src/org/tensorflow/demo/CameraConnectionFragment.java' contains an error and its package is in error and referenced by '//tensorflow/examples/android:java_files'
ERROR: /data/h445xu/repo/bazel-repos/cloned_repos/DeepRec-AI__DeepRec/tensorflow/examples/android/BUILD:103:10: Target '//tensorflow/examples/android:src/org/tensorflow/demo/Classifier.java' contains an error and its package is in error and referenced by '//tensorflow/examples/android:java_files'
ERROR: /data/h445xu/repo/bazel-repos/cloned_repos/DeepRec-AI__DeepRec/tensorflow/examples/android/BUILD:103:10: Target '//tensorflow/examples/android:src/org/tensorflow/demo/ClassifierActivity.java' contains an error and its package is in error and referenced by '//tensorflow/examples/android:java_files'
ERROR: /data/h445xu/repo/bazel-repos/cloned_repos/DeepRec-AI__DeepRec/tensorflow/examples/android/BUILD:103:10: Target '//tensorflow/examples/android:src/org/tensorflow/demo/DetectorActivity.java' contains an error and its package is in error and referenced by '//tensorflow/examples/android:java_files'
ERROR: /data/h445xu/repo/bazel-repos/cloned_repos/DeepRec-AI__DeepRec/tensorflow/examples/android/BUILD:103:10: Target '//tensorflow/examples/android:src/org/tensorflow/demo/LegacyCameraConnectionFragment.java' contains an error and its package is in error and referenced by '//tensorflow/examples/android:java_files'
ERROR: /data/h445xu/repo/bazel-repos/cloned_repos/DeepRec-AI__DeepRec/tensorflow/examples/android/BUILD:103:10: Target '//tensorflow/examples/android:src/org/tensorflow/demo/OverlayView.java' contains an error and its package is in error and referenced by '//tensorflow/examples/android:java_files'
ERROR: /data/h445xu/repo/bazel-repos/cloned_repos/DeepRec-AI__DeepRec/tensorflow/examples/android/BUILD:103:10: Target '//tensorflow/examples/android:src/org/tensorflow/demo/RecognitionScoreView.java' contains an error and its package is in error and referenced by '//tensorflow/examples/android:java_files'
ERROR: /data/h445xu/repo/bazel-repos/cloned_repos/DeepRec-AI__DeepRec/tensorflow/examples/android/BUILD:103:10: Target '//tensorflow/examples/android:src/org/tensorflow/demo/RecognizeCommands.java' contains an error and its package is in error and referenced by '//tensorflow/examples/android:java_files'
ERROR: /data/h445xu/repo/bazel-repos/cloned_repos/DeepRec-AI__DeepRec/tensorflow/examples/android/BUILD:103:10: Target '//tensorflow/examples/android:src/org/tensorflow/demo/ResultsView.java' contains an error and its package is in error and referenced by '//tensorflow/examples/android:java_files'
ERROR: /data/h445xu/repo/bazel-repos/cloned_repos/DeepRec-AI__DeepRec/tensorflow/examples/android/BUILD:103:10: Target '//tensorflow/examples/android:src/org/tensorflow/demo/SpeechActivity.java' contains an error and its package is in error and referenced by '//tensorflow/examples/android:java_files'
ERROR: /data/h445xu/repo/bazel-repos/cloned_repos/DeepRec-AI__DeepRec/tensorflow/examples/android/BUILD:103:10: Target '//tensorflow/examples/android:src/org/tensorflow/demo/StylizeActivity.java' contains an error and its package is in error and referenced by '//tensorflow/examples/android:java_files'
ERROR: /data/h445xu/repo/bazel-repos/cloned_repos/DeepRec-AI__DeepRec/tensorflow/examples/android/BUILD:103:10: Target '//tensorflow/examples/android:src/org/tensorflow/demo/TensorFlowImageClassifier.java' contains an error and its package is in error and referenced by '//tensorflow/examples/android:java_files'
ERROR: /data/h445xu/repo/bazel-repos/cloned_repos/DeepRec-AI__DeepRec/tensorflow/examples/android/BUILD:103:10: Target '//tensorflow/examples/android:src/org/tensorflow/demo/TensorFlowMultiBoxDetector.java' contains an error and its package is in error and referenced by '//tensorflow/examples/android:java_files'
ERROR: /data/h445xu/repo/bazel-repos/cloned_repos/DeepRec-AI__DeepRec/tensorflow/examples/android/BUILD:103:10: Target '//tensorflow/examples/android:src/org/tensorflow/demo/TensorFlowObjectDetectionAPIModel.java' contains an error and its package is in error and referenced by '//tensorflow/examples/android:java_files'
ERROR: /data/h445xu/repo/bazel-repos/cloned_repos/DeepRec-AI__DeepRec/tensorflow/examples/android/BUILD:103:10: Target '//tensorflow/examples/android:src/org/tensorflow/demo/TensorFlowYoloDetector.java' contains an error and its package is in error and referenced by '//tensorflow/examples/android:java_files'
ERROR: /data/h445xu/repo/bazel-repos/cloned_repos/DeepRec-AI__DeepRec/tensorflow/examples/android/BUILD:103:10: Target '//tensorflow/examples/android:src/org/tensorflow/demo/env/BorderedText.java' contains an error and its package is in error and referenced by '//tensorflow/examples/android:java_files'
ERROR: /data/h445xu/repo/bazel-repos/cloned_repos/DeepRec-AI__DeepRec/tensorflow/examples/android/BUILD:103:10: Target '//tensorflow/examples/android:src/org/tensorflow/demo/env/ImageUtils.java' contains an error and its package is in error and referenced by '//tensorflow/examples/android:java_files'
ERROR: /data/h445xu/repo/bazel-repos/cloned_repos/DeepRec-AI__DeepRec/tensorflow/examples/android/BUILD:103:10: Target '//tensorflow/examples/android:src/org/tensorflow/demo/env/Logger.java' contains an error and its package is in error and referenced by '//tensorflow/examples/android:java_files'
ERROR: /data/h445xu/repo/bazel-repos/cloned_repos/DeepRec-AI__DeepRec/tensorflow/examples/android/BUILD:103:10: Target '//tensorflow/examples/android:src/org/tensorflow/demo/env/Size.java' contains an error and its package is in error and referenced by '//tensorflow/examples/android:java_files'
ERROR: /data/h445xu/repo/bazel-repos/cloned_repos/DeepRec-AI__DeepRec/tensorflow/examples/android/BUILD:103:10: Target '//tensorflow/examples/android:src/org/tensorflow/demo/env/SplitTimer.java' contains an error and its package is in error and referenced by '//tensorflow/examples/android:java_files'
ERROR: /data/h445xu/repo/bazel-repos/cloned_repos/DeepRec-AI__DeepRec/tensorflow/examples/android/BUILD:103:10: Target '//tensorflow/examples/android:src/org/tensorflow/demo/tracking/MultiBoxTracker.java' contains an error and its package is in error and referenced by '//tensorflow/examples/android:java_files'
ERROR: /data/h445xu/repo/bazel-repos/cloned_repos/DeepRec-AI__DeepRec/tensorflow/examples/android/BUILD:103:10: Target '//tensorflow/examples/android:src/org/tensorflow/demo/tracking/ObjectTracker.java' contains an error and its package is in error and referenced by '//tensorflow/examples/android:java_files'
ERROR: /data/h445xu/repo/bazel-repos/cloned_repos/DeepRec-AI__DeepRec/tensorflow/examples/android/BUILD:116:10: Target '//tensorflow/examples/android:res/animator/color_animation.xml' contains an error and its package is in error and referenced by '//tensorflow/examples/android:resource_files'
ERROR: /data/h445xu/repo/bazel-repos/cloned_repos/DeepRec-AI__DeepRec/tensorflow/examples/android/BUILD:116:10: Target '//tensorflow/examples/android:res/drawable-hdpi/ic_action_info.png' contains an error and its package is in error and referenced by '//tensorflow/examples/android:resource_files'
ERROR: /data/h445xu/repo/bazel-repos/cloned_repos/DeepRec-AI__DeepRec/tensorflow/examples/android/BUILD:116:10: Target '//tensorflow/examples/android:res/drawable-hdpi/ic_launcher.png' contains an error and its package is in error and referenced by '//tensorflow/examples/android:resource_files'
ERROR: /data/h445xu/repo/bazel-repos/cloned_repos/DeepRec-AI__DeepRec/tensorflow/examples/android/BUILD:116:10: Target '//tensorflow/examples/android:res/drawable-hdpi/tile.9.png' contains an error and its package is in error and referenced by '//tensorflow/examples/android:resource_files'
ERROR: /data/h445xu/repo/bazel-repos/cloned_repos/DeepRec-AI__DeepRec/tensorflow/examples/android/BUILD:116:10: Target '//tensorflow/examples/android:res/drawable-mdpi/ic_action_info.png' contains an error and its package is in error and referenced by '//tensorflow/examples/android:resource_files'
ERROR: /data/h445xu/repo/bazel-repos/cloned_repos/DeepRec-AI__DeepRec/tensorflow/examples/android/BUILD:116:10: Target '//tensorflow/examples/android:res/drawable-mdpi/ic_launcher.png' contains an error and its package is in error and referenced by '//tensorflow/examples/android:resource_files'
ERROR: /data/h445xu/repo/bazel-repos/cloned_repos/DeepRec-AI__DeepRec/tensorflow/examples/android/BUILD:116:10: Target '//tensorflow/examples/android:res/drawable-xhdpi/ic_action_info.png' contains an error and its package is in error and referenced by '//tensorflow/examples/android:resource_files'
ERROR: /data/h445xu/repo/bazel-repos/cloned_repos/DeepRec-AI__DeepRec/tensorflow/examples/android/BUILD:116:10: Target '//tensorflow/examples/android:res/drawable-xhdpi/ic_launcher.png' contains an error and its package is in error and referenced by '//tensorflow/examples/android:resource_files'
ERROR: /data/h445xu/repo/bazel-repos/cloned_repos/DeepRec-AI__DeepRec/tensorflow/examples/android/BUILD:116:10: Target '//tensorflow/examples/android:res/drawable-xxhdpi/ic_action_info.png' contains an error and its package is in error and referenced by '//tensorflow/examples/android:resource_files'
ERROR: /data/h445xu/repo/bazel-repos/cloned_repos/DeepRec-AI__DeepRec/tensorflow/examples/android/BUILD:116:10: Target '//tensorflow/examples/android:res/drawable-xxhdpi/ic_launcher.png' contains an error and its package is in error and referenced by '//tensorflow/examples/android:resource_files'
ERROR: /data/h445xu/repo/bazel-repos/cloned_repos/DeepRec-AI__DeepRec/tensorflow/examples/android/BUILD:116:10: Target '//tensorflow/examples/android:res/drawable/border.xml' contains an error and its package is in error and referenced by '//tensorflow/examples/android:resource_files'
ERROR: /data/h445xu/repo/bazel-repos/cloned_repos/DeepRec-AI__DeepRec/tensorflow/examples/android/BUILD:116:10: Target '//tensorflow/examples/android:res/layout/activity_camera.xml' contains an error and its package is in error and referenced by '//tensorflow/examples/android:resource_files'
ERROR: /data/h445xu/repo/bazel-repos/cloned_repos/DeepRec-AI__DeepRec/tensorflow/examples/android/BUILD:116:10: Target '//tensorflow/examples/android:res/layout/activity_speech.xml' contains an error and its package is in error and referenced by '//tensorflow/examples/android:resource_files'
ERROR: /data/h445xu/repo/bazel-repos/cloned_repos/DeepRec-AI__DeepRec/tensorflow/examples/android/BUILD:116:10: Target '//tensorflow/examples/android:res/layout/camera_connection_fragment.xml' contains an error and its package is in error and referenced by '//tensorflow/examples/android:resource_files'
ERROR: /data/h445xu/repo/bazel-repos/cloned_repos/DeepRec-AI__DeepRec/tensorflow/examples/android/BUILD:116:10: Target '//tensorflow/examples/android:res/layout/camera_connection_fragment_stylize.xml' contains an error and its package is in error and referenced by '//tensorflow/examples/android:resource_files'
ERROR: /data/h445xu/repo/bazel-repos/cloned_repos/DeepRec-AI__DeepRec/tensorflow/examples/android/BUILD:116:10: Target '//tensorflow/examples/android:res/layout/camera_connection_fragment_tracking.xml' contains an error and its package is in error and referenced by '//tensorflow/examples/android:resource_files'
ERROR: /data/h445xu/repo/bazel-repos/cloned_repos/DeepRec-AI__DeepRec/tensorflow/examples/android/BUILD:116:10: Target '//tensorflow/examples/android:res/layout/list_text_item.xml' contains an error and its package is in error and referenced by '//tensorflow/examples/android:resource_files'
ERROR: /data/h445xu/repo/bazel-repos/cloned_repos/DeepRec-AI__DeepRec/tensorflow/examples/android/BUILD:116:10: Target '//tensorflow/examples/android:res/values-sw600dp/template-dimens.xml' contains an error and its package is in error and referenced by '//tensorflow/examples/android:resource_files'
ERROR: /data/h445xu/repo/bazel-repos/cloned_repos/DeepRec-AI__DeepRec/tensorflow/examples/android/BUILD:116:10: Target '//tensorflow/examples/android:res/values-sw600dp/template-styles.xml' contains an error and its package is in error and referenced by '//tensorflow/examples/android:resource_files'
ERROR: /data/h445xu/repo/bazel-repos/cloned_repos/DeepRec-AI__DeepRec/tensorflow/examples/android/BUILD:116:10: Target '//tensorflow/examples/android:res/values-v11/styles.xml' contains an error and its package is in error and referenced by '//tensorflow/examples/android:resource_files'
ERROR: /data/h445xu/repo/bazel-repos/cloned_repos/DeepRec-AI__DeepRec/tensorflow/examples/android/BUILD:108:10: Target '//tensorflow/examples/android:jni/imageutils_jni.cc' contains an error and its package is in error and referenced by '//tensorflow/examples/android:jni_files'
ERROR: /data/h445xu/repo/bazel-repos/cloned_repos/DeepRec-AI__DeepRec/tensorflow/examples/android/BUILD:108:10: Target '//tensorflow/examples/android:jni/object_tracking/config.h' contains an error and its package is in error and referenced by '//tensorflow/examples/android:jni_files'
ERROR: /data/h445xu/repo/bazel-repos/cloned_repos/DeepRec-AI__DeepRec/tensorflow/examples/android/BUILD:108:10: Target '//tensorflow/examples/android:jni/object_tracking/flow_cache.h' contains an error and its package is in error and referenced by '//tensorflow/examples/android:jni_files'
ERROR: /data/h445xu/repo/bazel-repos/cloned_repos/DeepRec-AI__DeepRec/tensorflow/examples/android/BUILD:108:10: Target '//tensorflow/examples/android:jni/object_tracking/frame_pair.cc' contains an error and its package is in error and referenced by '//tensorflow/examples/android:jni_files'
ERROR: /data/h445xu/repo/bazel-repos/cloned_repos/DeepRec-AI__DeepRec/tensorflow/examples/android/BUILD:108:10: Target '//tensorflow/examples/android:jni/object_tracking/frame_pair.h' contains an error and its package is in error and referenced by '//tensorflow/examples/android:jni_files'
ERROR: /data/h445xu/repo/bazel-repos/cloned_repos/DeepRec-AI__DeepRec/tensorflow/examples/android/BUILD:108:10: Target '//tensorflow/examples/android:jni/object_tracking/geom.h' contains an error and its package is in error and referenced by '//tensorflow/examples/android:jni_files'
ERROR: /data/h445xu/repo/bazel-repos/cloned_repos/DeepRec-AI__DeepRec/tensorflow/examples/android/BUILD:108:10: Target '//tensorflow/examples/android:jni/object_tracking/gl_utils.h' contains an error and its package is in error and referenced by '//tensorflow/examples/android:jni_files'
ERROR: /data/h445xu/repo/bazel-repos/cloned_repos/DeepRec-AI__DeepRec/tensorflow/examples/android/BUILD:108:10: Target '//tensorflow/examples/android:jni/object_tracking/image-inl.h' contains an error and its package is in error and referenced by '//tensorflow/examples/android:jni_files'
ERROR: /data/h445xu/repo/bazel-repos/cloned_repos/DeepRec-AI__DeepRec/tensorflow/examples/android/BUILD:108:10: Target '//tensorflow/examples/android:jni/object_tracking/image.h' contains an error and its package is in error and referenced by '//tensorflow/examples/android:jni_files'
ERROR: /data/h445xu/repo/bazel-repos/cloned_repos/DeepRec-AI__DeepRec/tensorflow/examples/android/BUILD:108:10: Target '//tensorflow/examples/android:jni/object_tracking/image_data.h' contains an error and its package is in error and referenced by '//tensorflow/examples/android:jni_files'
ERROR: /data/h445xu/repo/bazel-repos/cloned_repos/DeepRec-AI__DeepRec/tensorflow/examples/android/BUILD:108:10: Target '//tensorflow/examples/android:jni/object_tracking/image_neon.cc' contains an error and its package is in error and referenced by '//tensorflow/examples/android:jni_files'
ERROR: /data/h445xu/repo/bazel-repos/cloned_repos/DeepRec-AI__DeepRec/tensorflow/examples/android/BUILD:108:10: Target '//tensorflow/examples/android:jni/object_tracking/image_utils.h' contains an error and its package is in error and referenced by '//tensorflow/examples/android:jni_files'
ERROR: /data/h445xu/repo/bazel-repos/cloned_repos/DeepRec-AI__DeepRec/tensorflow/examples/android/BUILD:108:10: Target '//tensorflow/examples/android:jni/object_tracking/integral_image.h' contains an error and its package is in error and referenced by '//tensorflow/examples/android:jni_files'
ERROR: /data/h445xu/repo/bazel-repos/cloned_repos/DeepRec-AI__DeepRec/tensorflow/examples/android/BUILD:108:10: Target '//tensorflow/examples/android:jni/object_tracking/jni_utils.h' contains an error and its package is in error and referenced by '//tensorflow/examples/android:jni_files'
ERROR: /data/h445xu/repo/bazel-repos/cloned_repos/DeepRec-AI__DeepRec/tensorflow/examples/android/BUILD:108:10: Target '//tensorflow/examples/android:jni/object_tracking/keypoint.h' contains an error and its package is in error and referenced by '//tensorflow/examples/android:jni_files'
ERROR: /data/h445xu/repo/bazel-repos/cloned_repos/DeepRec-AI__DeepRec/tensorflow/examples/android/BUILD:108:10: Target '//tensorflow/examples/android:jni/object_tracking/keypoint_detector.cc' contains an error and its package is in error and referenced by '//tensorflow/examples/android:jni_files'
ERROR: /data/h445xu/repo/bazel-repos/cloned_repos/DeepRec-AI__DeepRec/tensorflow/examples/android/BUILD:108:10: Target '//tensorflow/examples/android:jni/object_tracking/keypoint_detector.h' contains an error and its package is in error and referenced by '//tensorflow/examples/android:jni_files'
ERROR: /data/h445xu/repo/bazel-repos/cloned_repos/DeepRec-AI__DeepRec/tensorflow/examples/android/BUILD:108:10: Target '//tensorflow/examples/android:jni/object_tracking/logging.cc' contains an error and its package is in error and referenced by '//tensorflow/examples/android:jni_files'
ERROR: /data/h445xu/repo/bazel-repos/cloned_repos/DeepRec-AI__DeepRec/tensorflow/examples/android/BUILD:108:10: Target '//tensorflow/examples/android:jni/object_tracking/logging.h' contains an error and its package is in error and referenced by '//tensorflow/examples/android:jni_files'
ERROR: /data/h445xu/repo/bazel-repos/cloned_repos/DeepRec-AI__DeepRec/tensorflow/examples/android/BUILD:108:10: Target '//tensorflow/examples/android:jni/object_tracking/object_detector.cc' contains an error and its package is in error and referenced by '//tensorflow/examples/android:jni_files'
ERROR: /data/h445xu/repo/bazel-repos/cloned_repos/DeepRec-AI__DeepRec/tensorflow/examples/android/BUILD:108:10: Target '//tensorflow/examples/android:jni/object_tracking/object_detector.h' contains an error and its package is in error and referenced by '//tensorflow/examples/android:jni_files'
ERROR: /data/h445xu/repo/bazel-repos/cloned_repos/DeepRec-AI__DeepRec/tensorflow/examples/android/BUILD:108:10: Target '//tensorflow/examples/android:jni/object_tracking/object_model.h' contains an error and its package is in error and referenced by '//tensorflow/examples/android:jni_files'
ERROR: /data/h445xu/repo/bazel-repos/cloned_repos/DeepRec-AI__DeepRec/tensorflow/examples/android/BUILD:108:10: Target '//tensorflow/examples/android:jni/object_tracking/object_tracker.cc' contains an error and its package is in error and referenced by '//tensorflow/examples/android:jni_files'
ERROR: /data/h445xu/repo/bazel-repos/cloned_repos/DeepRec-AI__DeepRec/tensorflow/examples/android/BUILD:108:10: Target '//tensorflow/examples/android:jni/object_tracking/object_tracker.h' contains an error and its package is in error and referenced by '//tensorflow/examples/android:jni_files'
ERROR: /data/h445xu/repo/bazel-repos/cloned_repos/DeepRec-AI__DeepRec/tensorflow/examples/android/BUILD:108:10: Target '//tensorflow/examples/android:jni/object_tracking/object_tracker_jni.cc' contains an error and its package is in error and referenced by '//tensorflow/examples/android:jni_files'
ERROR: /data/h445xu/repo/bazel-repos/cloned_repos/DeepRec-AI__DeepRec/tensorflow/examples/android/BUILD:108:10: Target '//tensorflow/examples/android:jni/object_tracking/optical_flow.cc' contains an error and its package is in error and referenced by '//tensorflow/examples/android:jni_files'
ERROR: /data/h445xu/repo/bazel-repos/cloned_repos/DeepRec-AI__DeepRec/tensorflow/examples/android/BUILD:108:10: Target '//tensorflow/examples/android:jni/object_tracking/optical_flow.h' contains an error and its package is in error and referenced by '//tensorflow/examples/android:jni_files'
ERROR: /data/h445xu/repo/bazel-repos/cloned_repos/DeepRec-AI__DeepRec/tensorflow/examples/android/BUILD:108:10: Target '//tensorflow/examples/android:jni/object_tracking/sprite.h' contains an error and its package is in error and referenced by '//tensorflow/examples/android:jni_files'
ERROR: /data/h445xu/repo/bazel-repos/cloned_repos/DeepRec-AI__DeepRec/tensorflow/examples/android/BUILD:108:10: Target '//tensorflow/examples/android:jni/object_tracking/time_log.cc' contains an error and its package is in error and referenced by '//tensorflow/examples/android:jni_files'
ERROR: /data/h445xu/repo/bazel-repos/cloned_repos/DeepRec-AI__DeepRec/tensorflow/examples/android/BUILD:108:10: Target '//tensorflow/examples/android:jni/object_tracking/time_log.h' contains an error and its package is in error and referenced by '//tensorflow/examples/android:jni_files'
ERROR: /data/h445xu/repo/bazel-repos/cloned_repos/DeepRec-AI__DeepRec/tensorflow/examples/android/BUILD:108:10: Target '//tensorflow/examples/android:jni/object_tracking/tracked_object.cc' contains an error and its package is in error and referenced by '//tensorflow/examples/android:jni_files'
ERROR: /data/h445xu/repo/bazel-repos/cloned_repos/DeepRec-AI__DeepRec/tensorflow/examples/android/BUILD:108:10: Target '//tensorflow/examples/android:jni/object_tracking/tracked_object.h' contains an error and its package is in error and referenced by '//tensorflow/examples/android:jni_files'
ERROR: /data/h445xu/repo/bazel-repos/cloned_repos/DeepRec-AI__DeepRec/tensorflow/examples/android/BUILD:108:10: Target '//tensorflow/examples/android:jni/object_tracking/utils.h' contains an error and its package is in error and referenced by '//tensorflow/examples/android:jni_files'
ERROR: /data/h445xu/repo/bazel-repos/cloned_repos/DeepRec-AI__DeepRec/tensorflow/examples/android/BUILD:108:10: Target '//tensorflow/examples/android:jni/object_tracking/utils_neon.cc' contains an error and its package is in error and referenced by '//tensorflow/examples/android:jni_files'
ERROR: /data/h445xu/repo/bazel-repos/cloned_repos/DeepRec-AI__DeepRec/tensorflow/examples/android/BUILD:108:10: Target '//tensorflow/examples/android:jni/rgb2yuv.cc' contains an error and its package is in error and referenced by '//tensorflow/examples/android:jni_files'
ERROR: /data/h445xu/repo/bazel-repos/cloned_repos/DeepRec-AI__DeepRec/tensorflow/examples/android/BUILD:108:10: Target '//tensorflow/examples/android:jni/rgb2yuv.h' contains an error and its package is in error and referenced by '//tensorflow/examples/android:jni_files'
ERROR: /data/h445xu/repo/bazel-repos/cloned_repos/DeepRec-AI__DeepRec/tensorflow/examples/android/BUILD:108:10: Target '//tensorflow/examples/android:jni/yuv2rgb.cc' contains an error and its package is in error and referenced by '//tensorflow/examples/android:jni_files'
ERROR: /data/h445xu/repo/bazel-repos/cloned_repos/DeepRec-AI__DeepRec/tensorflow/examples/android/BUILD:108:10: Target '//tensorflow/examples/android:jni/yuv2rgb.h' contains an error and its package is in error and referenced by '//tensorflow/examples/android:jni_files'
ERROR: /data/h445xu/repo/bazel-repos/cloned_repos/DeepRec-AI__DeepRec/tensorflow/examples/android/BUILD:116:10: Target '//tensorflow/examples/android:res/values-v11/template-styles.xml' contains an error and its package is in error and referenced by '//tensorflow/examples/android:resource_files'
ERROR: /data/h445xu/repo/bazel-repos/cloned_repos/DeepRec-AI__DeepRec/tensorflow/examples/android/BUILD:116:10: Target '//tensorflow/examples/android:res/values-v14/styles.xml' contains an error and its package is in error and referenced by '//tensorflow/examples/android:resource_files'
ERROR: /data/h445xu/repo/bazel-repos/cloned_repos/DeepRec-AI__DeepRec/tensorflow/examples/android/BUILD:116:10: Target '//tensorflow/examples/android:res/values-v21/base-colors.xml' contains an error and its package is in error and referenced by '//tensorflow/examples/android:resource_files'
ERROR: /data/h445xu/repo/bazel-repos/cloned_repos/DeepRec-AI__DeepRec/tensorflow/examples/android/BUILD:116:10: Target '//tensorflow/examples/android:res/values-v21/base-template-styles.xml' contains an error and its package is in error and referenced by '//tensorflow/examples/android:resource_files'
ERROR: /data/h445xu/repo/bazel-repos/cloned_repos/DeepRec-AI__DeepRec/tensorflow/examples/android/BUILD:116:10: Target '//tensorflow/examples/android:res/values/attrs.xml' contains an error and its package is in error and referenced by '//tensorflow/examples/android:resource_files'
ERROR: /data/h445xu/repo/bazel-repos/cloned_repos/DeepRec-AI__DeepRec/tensorflow/examples/android/BUILD:116:10: Target '//tensorflow/examples/android:res/values/base-strings.xml' contains an error and its package is in error and referenced by '//tensorflow/examples/android:resource_files'
ERROR: /data/h445xu/repo/bazel-repos/cloned_repos/DeepRec-AI__DeepRec/tensorflow/examples/android/BUILD:116:10: Target '//tensorflow/examples/android:res/values/colors.xml' contains an error and its package is in error and referenced by '//tensorflow/examples/android:resource_files'
ERROR: /data/h445xu/repo/bazel-repos/cloned_repos/DeepRec-AI__DeepRec/tensorflow/examples/android/BUILD:116:10: Target '//tensorflow/examples/android:res/values/strings.xml' contains an error and its package is in error and referenced by '//tensorflow/examples/android:resource_files'
ERROR: /data/h445xu/repo/bazel-repos/cloned_repos/DeepRec-AI__DeepRec/tensorflow/compiler/xla/service/gpu/tests/BUILD:485:9: Target '//tensorflow/compiler/xla/service/gpu/tests:friends' contains an error and its package is in error and referenced by '//tensorflow/compiler/xla/service/gpu/tests:gpu_convolution_regression_test'
ERROR: /data/h445xu/repo/bazel-repos/cloned_repos/DeepRec-AI__DeepRec/tensorflow/compiler/xla/service/gpu/tests/BUILD:28:10: Target '//tensorflow/compiler/xla/service/gpu/tests:friends' contains an error and its package is in error (this is usually caused by a missing package group in the package-level visibility declaration)
ERROR: /data/h445xu/repo/bazel-repos/cloned_repos/DeepRec-AI__DeepRec/tensorflow/examples/android/BUILD:116:10: Target '//tensorflow/examples/android:res/values/styles.xml' contains an error and its package is in error and referenced by '//tensorflow/examples/android:resource_files'
ERROR: /data/h445xu/repo/bazel-repos/cloned_repos/DeepRec-AI__DeepRec/tensorflow/examples/android/BUILD:116:10: Target '//tensorflow/examples/android:res/values/template-dimens.xml' contains an error and its package is in error and referenced by '//tensorflow/examples/android:resource_files'
ERROR: /data/h445xu/repo/bazel-repos/cloned_repos/DeepRec-AI__DeepRec/tensorflow/examples/android/BUILD:116:10: Target '//tensorflow/examples/android:res/values/template-styles.xml' contains an error and its package is in error and referenced by '//tensorflow/examples/android:resource_files'
ERROR: /data/h445xu/repo/bazel-repos/cloned_repos/DeepRec-AI__DeepRec/tensorflow/compiler/xla/python/tpu_driver/BUILD:20:20: no such target '//tensorflow/compiler/xla:xla_data_proto_cc_proto_srcs': target 'xla_data_proto_cc_proto_srcs' not declared in package 'tensorflow/compiler/xla' (did you mean 'xla_data_proto_proto_srcs'?) defined by /data/h445xu/repo/bazel-repos/cloned_repos/DeepRec-AI__DeepRec/tensorflow/compiler/xla/BUILD and referenced by '//tensorflow/compiler/xla/python/tpu_driver:tpu_service_proto_proto_srcs'
ERROR: /data/h445xu/repo/bazel-repos/cloned_repos/DeepRec-AI__DeepRec/tensorflow/compiler/xla/service/gpu/tests/BUILD:57:11: Target '//tensorflow/compiler/xla/service/gpu/tests:friends' contains an error and its package is in error (this is usually caused by a missing package group in the package-level visibility declaration)
ERROR: /data/h445xu/repo/bazel-repos/cloned_repos/DeepRec-AI__DeepRec/tensorflow/compiler/xla/service/gpu/tests/BUILD:28:10: Target '//tensorflow/compiler/xla/service/gpu/tests:friends' contains an error and its package is in error (this is usually caused by a missing package group in the package-level visibility declaration)
ERROR: /data/h445xu/repo/bazel-repos/cloned_repos/DeepRec-AI__DeepRec/tensorflow/compiler/xla/service/gpu/tests/BUILD:28:10: Target '//tensorflow/compiler/xla/service/gpu/tests:friends' contains an error and its package is in error (this is usually caused by a missing package group in the package-level visibility declaration)
ERROR: /data/h445xu/repo/bazel-repos/cloned_repos/DeepRec-AI__DeepRec/tensorflow/compiler/xla/service/gpu/tests/BUILD:183:11: Target '//tensorflow/compiler/xla/service/gpu/tests:friends' contains an error and its package is in error (this is usually caused by a missing package group in the package-level visibility declaration)
ERROR: /data/h445xu/repo/bazel-repos/cloned_repos/DeepRec-AI__DeepRec/tensorflow/compiler/xla/service/gpu/tests/BUILD:458:11: Target '//tensorflow/compiler/xla/service/gpu/tests:friends' contains an error and its package is in error (this is usually caused by a missing package group in the package-level visibility declaration)
ERROR: /data/h445xu/repo/bazel-repos/cloned_repos/DeepRec-AI__DeepRec/tensorflow/compiler/xla/service/gpu/tests/BUILD:322:11: Target '//tensorflow/compiler/xla/service/gpu/tests:friends' contains an error and its package is in error (this is usually caused by a missing package group in the package-level visibility declaration)
ERROR: /data/h445xu/repo/bazel-repos/cloned_repos/DeepRec-AI__DeepRec/tensorflow/compiler/xla/service/gpu/tests/BUILD:210:11: Target '//tensorflow/compiler/xla/service/gpu/tests:friends' contains an error and its package is in error (this is usually caused by a missing package group in the package-level visibility declaration)
INFO: Repository local_config_python instantiated at:
  /data/h445xu/repo/bazel-repos/cloned_repos/DeepRec-AI__DeepRec/WORKSPACE:19:16: in <toplevel>
  /data/h445xu/repo/bazel-repos/cloned_repos/DeepRec-AI__DeepRec/tensorflow/workspace.bzl:78:21: in tf_repositories
Repository rule python_configure defined at:
  /data/h445xu/repo/bazel-repos/cloned_repos/DeepRec-AI__DeepRec/third_party/py/python_configure.bzl:346:35: in <toplevel>
ERROR: /data/h445xu/repo/bazel-repos/cloned_repos/DeepRec-AI__DeepRec/tensorflow/compiler/xla/service/gpu/tests/BUILD:237:11: Target '//tensorflow/compiler/xla/service/gpu/tests:friends' contains an error and its package is in error (this is usually caused by a missing package group in the package-level visibility declaration)
ERROR: /data/h445xu/repo/bazel-repos/cloned_repos/DeepRec-AI__DeepRec/tensorflow/compiler/xla/service/gpu/tests/BUILD:102:11: Target '//tensorflow/compiler/xla/service/gpu/tests:friends' contains an error and its package is in error (this is usually caused by a missing package group in the package-level visibility declaration)
ERROR: /data/h445xu/repo/bazel-repos/cloned_repos/DeepRec-AI__DeepRec/tensorflow/compiler/xla/service/gpu/tests/BUILD:129:11: Target '//tensorflow/compiler/xla/service/gpu/tests:friends' contains an error and its package is in error (this is usually caused by a missing package group in the package-level visibility declaration)
ERROR: /data/h445xu/repo/bazel-repos/cloned_repos/DeepRec-AI__DeepRec/tensorflow/compiler/xla/python/tpu_driver/BUILD:20:20: no such target '//tensorflow/compiler/xla:xla_data_proto_cc_cc_genproto': target 'xla_data_proto_cc_cc_genproto' not declared in package 'tensorflow/compiler/xla' (did you mean 'xla_data_proto_cc_genproto'?) defined by /data/h445xu/repo/bazel-repos/cloned_repos/DeepRec-AI__DeepRec/tensorflow/compiler/xla/BUILD and referenced by '//tensorflow/compiler/xla/python/tpu_driver:tpu_service_proto_cc_genproto'
ERROR: An error occurred during the fetch of repository 'local_config_python':
   Traceback (most recent call last):
	File "/data/h445xu/repo/bazel-repos/cloned_repos/DeepRec-AI__DeepRec/third_party/py/python_configure.bzl", line 344, column 40, in _python_autoconf_impl
		_create_local_python_repository(repository_ctx)
	File "/data/h445xu/repo/bazel-repos/cloned_repos/DeepRec-AI__DeepRec/third_party/py/python_configure.bzl", line 295, column 41, in _create_local_python_repository
		python_include = _get_python_include(repository_ctx, python_bin)
	File "/data/h445xu/repo/bazel-repos/cloned_repos/DeepRec-AI__DeepRec/third_party/py/python_configure.bzl", line 241, column 22, in _get_python_include
		result = _execute(
	File "/data/h445xu/repo/bazel-repos/cloned_repos/DeepRec-AI__DeepRec/third_party/py/python_configure.bzl", line 56, column 14, in _execute
		_fail("\n".join([
	File "/data/h445xu/repo/bazel-repos/cloned_repos/DeepRec-AI__DeepRec/third_party/py/python_configure.bzl", line 27, column 9, in _fail
		fail("%sPython Configuration Error:%s %s\n" % (red, no_color, msg))
Error in fail: Python Configuration Error: Problem getting python include path.
<string>:1: DeprecationWarning: The distutils package is deprecated and slated for removal in Python 3.12. Use setuptools or check PEP 632 for potential alternatives
<string>:1: DeprecationWarning: The distutils.sysconfig module is deprecated, use sysconfig instead
Is the Python binary path set up right? (See ./configure or PYTHON_BIN_PATH.) Is distutils installed?
ERROR: /data/h445xu/repo/bazel-repos/cloned_repos/DeepRec-AI__DeepRec/tensorflow/compiler/xla/service/gpu/tests/BUILD:28:10: Target '//tensorflow/compiler/xla/service/gpu/tests:friends' contains an error and its package is in error (this is usually caused by a missing package group in the package-level visibility declaration)
ERROR: /data/h445xu/repo/bazel-repos/cloned_repos/DeepRec-AI__DeepRec/tensorflow/compiler/xla/service/gpu/tests/BUILD:36:11: Target '//tensorflow/compiler/xla/service/gpu/tests:friends' contains an error and its package is in error (this is usually caused by a missing package group in the package-level visibility declaration)
ERROR: /data/h445xu/repo/bazel-repos/cloned_repos/DeepRec-AI__DeepRec/tensorflow/compiler/xla/service/gpu/tests/BUILD:28:10: Target '//tensorflow/compiler/xla/service/gpu/tests:friends' contains an error and its package is in error (this is usually caused by a missing package group in the package-level visibility declaration)
ERROR: /data/h445xu/repo/bazel-repos/cloned_repos/DeepRec-AI__DeepRec/tensorflow/compiler/xla/service/gpu/tests/BUILD:259:11: Target '//tensorflow/compiler/xla/service/gpu/tests:friends' contains an error and its package is in error (this is usually caused by a missing package group in the package-level visibility declaration)
ERROR: /data/h445xu/repo/bazel-repos/cloned_repos/DeepRec-AI__DeepRec/tensorflow/compiler/xla/service/gpu/tests/BUILD:28:10: Target '//tensorflow/compiler/xla/service/gpu/tests:friends' contains an error and its package is in error (this is usually caused by a missing package group in the package-level visibility declaration)
ERROR: /data/h445xu/repo/bazel-repos/cloned_repos/DeepRec-AI__DeepRec/tensorflow/compiler/xla/service/gpu/tests/BUILD:28:10: Target '//tensorflow/compiler/xla/service/gpu/tests:friends' contains an error and its package is in error (this is usually caused by a missing package group in the package-level visibility declaration)
ERROR: /data/h445xu/repo/bazel-repos/cloned_repos/DeepRec-AI__DeepRec/tensorflow/compiler/xla/service/gpu/tests/BUILD:290:11: Target '//tensorflow/compiler/xla/service/gpu/tests:friends' contains an error and its package is in error (this is usually caused by a missing package group in the package-level visibility declaration)
ERROR: /data/h445xu/repo/bazel-repos/cloned_repos/DeepRec-AI__DeepRec/tensorflow/compiler/xla/service/gpu/tests/BUILD:470:11: Target '//tensorflow/compiler/xla/service/gpu/tests:friends' contains an error and its package is in error (this is usually caused by a missing package group in the package-level visibility declaration)
ERROR: /data/h445xu/repo/bazel-repos/cloned_repos/DeepRec-AI__DeepRec/tensorflow/compiler/xla/service/gpu/tests/BUILD:301:11: Target '//tensorflow/compiler/xla/service/gpu/tests:friends' contains an error and its package is in error (this is usually caused by a missing package group in the package-level visibility declaration)
ERROR: /data/h445xu/repo/bazel-repos/cloned_repos/DeepRec-AI__DeepRec/tensorflow/compiler/xla/service/gpu/tests/BUILD:364:11: Target '//tensorflow/compiler/xla/service/gpu/tests:friends' contains an error and its package is in error (this is usually caused by a missing package group in the package-level visibility declaration)
ERROR: /data/h445xu/repo/bazel-repos/cloned_repos/DeepRec-AI__DeepRec/tensorflow/compiler/xla/service/gpu/tests/BUILD:396:11: Target '//tensorflow/compiler/xla/service/gpu/tests:friends' contains an error and its package is in error (this is usually caused by a missing package group in the package-level visibility declaration)
ERROR: /data/h445xu/repo/bazel-repos/cloned_repos/DeepRec-AI__DeepRec/tensorflow/compiler/xla/service/gpu/tests/BUILD:87:11: Target '//tensorflow/compiler/xla/service/gpu/tests:friends' contains an error and its package is in error (this is usually caused by a missing package group in the package-level visibility declaration)
ERROR: /data/h445xu/repo/bazel-repos/cloned_repos/DeepRec-AI__DeepRec/tensorflow/compiler/xla/service/gpu/tests/BUILD:28:10: Target '//tensorflow/compiler/xla/service/gpu/tests:friends' contains an error and its package is in error (this is usually caused by a missing package group in the package-level visibility declaration)
ERROR: /data/h445xu/repo/bazel-repos/cloned_repos/DeepRec-AI__DeepRec/tensorflow/compiler/xla/service/gpu/tests/BUILD:28:10: Target '//tensorflow/compiler/xla/service/gpu/tests:friends' contains an error and its package is in error (this is usually caused by a missing package group in the package-level visibility declaration)
ERROR: /data/h445xu/repo/bazel-repos/cloned_repos/DeepRec-AI__DeepRec/tensorflow/examples/android/BUILD:23:10: Target '//tensorflow/examples/android:jni/imageutils_jni.cc' contains an error and its package is in error and referenced by '//tensorflow/examples/android:libtensorflow_demo.so'
ERROR: /data/h445xu/repo/bazel-repos/cloned_repos/DeepRec-AI__DeepRec/tensorflow/examples/android/BUILD:23:10: Target '//tensorflow/examples/android:jni/object_tracking/config.h' contains an error and its package is in error and referenced by '//tensorflow/examples/android:libtensorflow_demo.so'
ERROR: /data/h445xu/repo/bazel-repos/cloned_repos/DeepRec-AI__DeepRec/tensorflow/examples/android/BUILD:23:10: Target '//tensorflow/examples/android:jni/object_tracking/flow_cache.h' contains an error and its package is in error and referenced by '//tensorflow/examples/android:libtensorflow_demo.so'
ERROR: /data/h445xu/repo/bazel-repos/cloned_repos/DeepRec-AI__DeepRec/tensorflow/examples/android/BUILD:23:10: Target '//tensorflow/examples/android:jni/object_tracking/frame_pair.cc' contains an error and its package is in error and referenced by '//tensorflow/examples/android:libtensorflow_demo.so'
ERROR: /data/h445xu/repo/bazel-repos/cloned_repos/DeepRec-AI__DeepRec/tensorflow/examples/android/BUILD:23:10: Target '//tensorflow/examples/android:jni/object_tracking/frame_pair.h' contains an error and its package is in error and referenced by '//tensorflow/examples/android:libtensorflow_demo.so'
ERROR: /data/h445xu/repo/bazel-repos/cloned_repos/DeepRec-AI__DeepRec/tensorflow/examples/android/BUILD:23:10: Target '//tensorflow/examples/android:jni/object_tracking/geom.h' contains an error and its package is in error and referenced by '//tensorflow/examples/android:libtensorflow_demo.so'
ERROR: /data/h445xu/repo/bazel-repos/cloned_repos/DeepRec-AI__DeepRec/tensorflow/examples/android/BUILD:23:10: Target '//tensorflow/examples/android:jni/object_tracking/gl_utils.h' contains an error and its package is in error and referenced by '//tensorflow/examples/android:libtensorflow_demo.so'
ERROR: /data/h445xu/repo/bazel-repos/cloned_repos/DeepRec-AI__DeepRec/tensorflow/examples/android/BUILD:23:10: Target '//tensorflow/examples/android:jni/object_tracking/image-inl.h' contains an error and its package is in error and referenced by '//tensorflow/examples/android:libtensorflow_demo.so'
ERROR: /data/h445xu/repo/bazel-repos/cloned_repos/DeepRec-AI__DeepRec/tensorflow/examples/android/BUILD:23:10: Target '//tensorflow/examples/android:jni/object_tracking/image.h' contains an error and its package is in error and referenced by '//tensorflow/examples/android:libtensorflow_demo.so'
ERROR: /data/h445xu/repo/bazel-repos/cloned_repos/DeepRec-AI__DeepRec/tensorflow/examples/android/BUILD:23:10: Target '//tensorflow/examples/android:jni/object_tracking/image_data.h' contains an error and its package is in error and referenced by '//tensorflow/examples/android:libtensorflow_demo.so'
ERROR: /data/h445xu/repo/bazel-repos/cloned_repos/DeepRec-AI__DeepRec/tensorflow/examples/android/BUILD:23:10: Target '//tensorflow/examples/android:jni/object_tracking/image_neon.cc' contains an error and its package is in error and referenced by '//tensorflow/examples/android:libtensorflow_demo.so'
ERROR: /data/h445xu/repo/bazel-repos/cloned_repos/DeepRec-AI__DeepRec/tensorflow/examples/android/BUILD:23:10: Target '//tensorflow/examples/android:jni/object_tracking/image_utils.h' contains an error and its package is in error and referenced by '//tensorflow/examples/android:libtensorflow_demo.so'
ERROR: /data/h445xu/repo/bazel-repos/cloned_repos/DeepRec-AI__DeepRec/tensorflow/examples/android/BUILD:23:10: Target '//tensorflow/examples/android:jni/object_tracking/integral_image.h' contains an error and its package is in error and referenced by '//tensorflow/examples/android:libtensorflow_demo.so'
ERROR: /data/h445xu/repo/bazel-repos/cloned_repos/DeepRec-AI__DeepRec/tensorflow/compiler/xla/service/gpu/tests/BUILD:36:11: Target '//tensorflow/compiler/xla/service/gpu/tests:friends' contains an error and its package is in error (this is usually caused by a missing package group in the package-level visibility declaration)
ERROR: /data/h445xu/repo/bazel-repos/cloned_repos/DeepRec-AI__DeepRec/tensorflow/compiler/xla/python/tpu_driver/BUILD:20:20: no such target '//tensorflow/compiler/xla:xla_data_proto_cc_cc': target 'xla_data_proto_cc_cc' not declared in package 'tensorflow/compiler/xla' (did you mean 'xla_data_proto_cc'?) defined by /data/h445xu/repo/bazel-repos/cloned_repos/DeepRec-AI__DeepRec/tensorflow/compiler/xla/BUILD and referenced by '//tensorflow/compiler/xla/python/tpu_driver:tpu_service_proto_cc'
ERROR: /data/h445xu/repo/bazel-repos/cloned_repos/DeepRec-AI__DeepRec/tensorflow/lite/java/BUILD:295:11: Target '//tensorflow/lite/java:libtensorflowlite_gpu_jni.so' contains an error and its package is in error and referenced by '//tensorflow/lite/java:tensorflowlite_native_gpu'
ERROR: /data/h445xu/repo/bazel-repos/cloned_repos/DeepRec-AI__DeepRec/tensorflow/lite/java/BUILD:79:16: Target '//tensorflow/lite/java:proguard.flags' contains an error and its package is in error and referenced by '//tensorflow/lite/java:tensorflowlite_java'
ERROR: /data/h445xu/repo/bazel-repos/cloned_repos/DeepRec-AI__DeepRec/tensorflow/lite/java/BUILD:79:16: Target '//tensorflow/lite/java:src/main/java/org/tensorflow/lite/DataType.java' contains an error and its package is in error and referenced by '//tensorflow/lite/java:tensorflowlite_java'
ERROR: /data/h445xu/repo/bazel-repos/cloned_repos/DeepRec-AI__DeepRec/tensorflow/lite/java/BUILD:79:16: Target '//tensorflow/lite/java:src/main/java/org/tensorflow/lite/Delegate.java' contains an error and its package is in error and referenced by '//tensorflow/lite/java:tensorflowlite_java'
ERROR: /data/h445xu/repo/bazel-repos/cloned_repos/DeepRec-AI__DeepRec/tensorflow/lite/java/BUILD:79:16: Target '//tensorflow/lite/java:src/main/java/org/tensorflow/lite/Interpreter.java' contains an error and its package is in error and referenced by '//tensorflow/lite/java:tensorflowlite_java'
ERROR: /data/h445xu/repo/bazel-repos/cloned_repos/DeepRec-AI__DeepRec/tensorflow/lite/java/BUILD:79:16: Target '//tensorflow/lite/java:src/main/java/org/tensorflow/lite/NativeInterpreterWrapper.java' contains an error and its package is in error and referenced by '//tensorflow/lite/java:tensorflowlite_java'
ERROR: /data/h445xu/repo/bazel-repos/cloned_repos/DeepRec-AI__DeepRec/tensorflow/lite/java/BUILD:79:16: Target '//tensorflow/lite/java:src/main/java/org/tensorflow/lite/Tensor.java' contains an error and its package is in error and referenced by '//tensorflow/lite/java:tensorflowlite_java'
ERROR: /data/h445xu/repo/bazel-repos/cloned_repos/DeepRec-AI__DeepRec/tensorflow/lite/java/BUILD:79:16: Target '//tensorflow/lite/java:src/main/java/org/tensorflow/lite/TensorFlowLite.java' contains an error and its package is in error and referenced by '//tensorflow/lite/java:tensorflowlite_java'
ERROR: /data/h445xu/repo/bazel-repos/cloned_repos/DeepRec-AI__DeepRec/tensorflow/lite/delegates/gpu/metal/BUILD:11:11: error loading package 'tensorflow/lite/delegates/gpu/metal/kernels': at /data/h445xu/.cache/bazel/_bazel_hongxu/d5436303f9e49b1c6ca19638b9097821/external/build_bazel_rules_apple/apple/ios.bzl:18:5: initialization of module 'apple/internal/testing/ios_rules.bzl' failed and referenced by '//tensorflow/lite/delegates/gpu/metal:api'
ERROR: /data/h445xu/repo/bazel-repos/cloned_repos/DeepRec-AI__DeepRec/tensorflow/lite/delegates/gpu/metal/BUILD:11:11: error loading package 'tensorflow/lite/delegates/gpu/metal/kernels': at /data/h445xu/.cache/bazel/_bazel_hongxu/d5436303f9e49b1c6ca19638b9097821/external/build_bazel_rules_apple/apple/ios.bzl:18:5: initialization of module 'apple/internal/testing/ios_rules.bzl' failed and referenced by '//tensorflow/lite/delegates/gpu/metal:api'
ERROR: /data/h445xu/.cache/bazel/_bazel_hongxu/d5436303f9e49b1c6ca19638b9097821/external/ngraph/BUILD.bazel:11:11: no such target '@mkl_dnn_v1//:mkl_dnn_aarch64': target 'mkl_dnn_aarch64' not declared in package '' defined by /data/h445xu/.cache/bazel/_bazel_hongxu/d5436303f9e49b1c6ca19638b9097821/external/mkl_dnn_v1/BUILD.bazel and referenced by '@ngraph//:ngraph_cpu_backend'
ERROR: /data/h445xu/repo/bazel-repos/cloned_repos/DeepRec-AI__DeepRec/WORKSPACE:19:16: fetching python_configure rule //external:local_config_python: Traceback (most recent call last):
	File "/data/h445xu/repo/bazel-repos/cloned_repos/DeepRec-AI__DeepRec/third_party/py/python_configure.bzl", line 344, column 40, in _python_autoconf_impl
		_create_local_python_repository(repository_ctx)
	File "/data/h445xu/repo/bazel-repos/cloned_repos/DeepRec-AI__DeepRec/third_party/py/python_configure.bzl", line 295, column 41, in _create_local_python_repository
		python_include = _get_python_include(repository_ctx, python_bin)
	File "/data/h445xu/repo/bazel-repos/cloned_repos/DeepRec-AI__DeepRec/third_party/py/python_configure.bzl", line 241, column 22, in _get_python_include
		result = _execute(
	File "/data/h445xu/repo/bazel-repos/cloned_repos/DeepRec-AI__DeepRec/third_party/py/python_configure.bzl", line 56, column 14, in _execute
		_fail("\n".join([
	File "/data/h445xu/repo/bazel-repos/cloned_repos/DeepRec-AI__DeepRec/third_party/py/python_configure.bzl", line 27, column 9, in _fail
		fail("%sPython Configuration Error:%s %s\n" % (red, no_color, msg))
Error in fail: Python Configuration Error: Problem getting python include path.
<string>:1: DeprecationWarning: The distutils package is deprecated and slated for removal in Python 3.12. Use setuptools or check PEP 632 for potential alternatives
<string>:1: DeprecationWarning: The distutils.sysconfig module is deprecated, use sysconfig instead
Is the Python binary path set up right? (See ./configure or PYTHON_BIN_PATH.) Is distutils installed?
ERROR: /data/h445xu/repo/bazel-repos/cloned_repos/DeepRec-AI__DeepRec/tensorflow/lite/java/BUILD:79:16: Target '//tensorflow/lite/java:src/main/java/org/tensorflow/lite/package-info.java' contains an error and its package is in error and referenced by '//tensorflow/lite/java:tensorflowlite_java'
ERROR: /data/h445xu/repo/bazel-repos/cloned_repos/DeepRec-AI__DeepRec/tensorflow/compiler/xla/python/tpu_driver/BUILD:94:11: no such target '//tensorflow/core/platform:env': target 'env' not declared in package 'tensorflow/core/platform' defined by /data/h445xu/repo/bazel-repos/cloned_repos/DeepRec-AI__DeepRec/tensorflow/core/platform/BUILD and referenced by '//tensorflow/compiler/xla/python/tpu_driver:recording_tpu_driver'
ERROR: /data/h445xu/repo/bazel-repos/cloned_repos/DeepRec-AI__DeepRec/tensorflow/compiler/xla/service/gpu/tests/BUILD:28:10: Target '//tensorflow/compiler/xla/service/gpu/tests:friends' contains an error and its package is in error and referenced by '//tensorflow/compiler/xla/service/gpu/tests:c_srcs'
ERROR: /data/h445xu/repo/bazel-repos/cloned_repos/DeepRec-AI__DeepRec/tensorflow/compiler/xla/service/gpu/tests/BUILD:28:10: Target '//tensorflow/compiler/xla/service/gpu/tests:async_out_send_test.cc' contains an error and its package is in error and referenced by '//tensorflow/compiler/xla/service/gpu/tests:c_srcs'
ERROR: /data/h445xu/repo/bazel-repos/cloned_repos/DeepRec-AI__DeepRec/tensorflow/compiler/xla/service/gpu/tests/BUILD:28:10: Target '//tensorflow/compiler/xla/service/gpu/tests:gemm_rewrite_test.cc' contains an error and its package is in error and referenced by '//tensorflow/compiler/xla/service/gpu/tests:c_srcs'
ERROR: /data/h445xu/repo/bazel-repos/cloned_repos/DeepRec-AI__DeepRec/tensorflow/compiler/xla/service/gpu/tests/BUILD:28:10: Target '//tensorflow/compiler/xla/service/gpu/tests:gpu_alignment_test.cc' contains an error and its package is in error and referenced by '//tensorflow/compiler/xla/service/gpu/tests:c_srcs'
ERROR: /data/h445xu/repo/bazel-repos/cloned_repos/DeepRec-AI__DeepRec/tensorflow/compiler/xla/service/gpu/tests/BUILD:28:10: Target '//tensorflow/compiler/xla/service/gpu/tests:gpu_atomic_test.cc' contains an error and its package is in error and referenced by '//tensorflow/compiler/xla/service/gpu/tests:c_srcs'
ERROR: /data/h445xu/repo/bazel-repos/cloned_repos/DeepRec-AI__DeepRec/tensorflow/compiler/xla/service/gpu/tests/BUILD:28:10: Target '//tensorflow/compiler/xla/service/gpu/tests:gpu_codegen_test.cc' contains an error and its package is in error and referenced by '//tensorflow/compiler/xla/service/gpu/tests:c_srcs'
ERROR: /data/h445xu/repo/bazel-repos/cloned_repos/DeepRec-AI__DeepRec/tensorflow/compiler/xla/service/gpu/tests/BUILD:28:10: Target '//tensorflow/compiler/xla/service/gpu/tests:gpu_codegen_test.h' contains an error and its package is in error and referenced by '//tensorflow/compiler/xla/service/gpu/tests:c_srcs'
ERROR: /data/h445xu/repo/bazel-repos/cloned_repos/DeepRec-AI__DeepRec/tensorflow/compiler/xla/service/gpu/tests/BUILD:28:10: Target '//tensorflow/compiler/xla/service/gpu/tests:gpu_convolution_regression_test.cc' contains an error and its package is in error and referenced by '//tensorflow/compiler/xla/service/gpu/tests:c_srcs'
ERROR: /data/h445xu/repo/bazel-repos/cloned_repos/DeepRec-AI__DeepRec/tensorflow/compiler/xla/service/gpu/tests/BUILD:28:10: Target '//tensorflow/compiler/xla/service/gpu/tests:gpu_copy_alone_test.cc' contains an error and its package is in error and referenced by '//tensorflow/compiler/xla/service/gpu/tests:c_srcs'
ERROR: /data/h445xu/repo/bazel-repos/cloned_repos/DeepRec-AI__DeepRec/tensorflow/compiler/xla/service/gpu/tests/BUILD:28:10: Target '//tensorflow/compiler/xla/service/gpu/tests:gpu_copy_test.cc' contains an error and its package is in error and referenced by '//tensorflow/compiler/xla/service/gpu/tests:c_srcs'
ERROR: /data/h445xu/repo/bazel-repos/cloned_repos/DeepRec-AI__DeepRec/tensorflow/compiler/xla/service/gpu/tests/BUILD:28:10: Target '//tensorflow/compiler/xla/service/gpu/tests:gpu_ftz_test.cc' contains an error and its package is in error and referenced by '//tensorflow/compiler/xla/service/gpu/tests:c_srcs'
ERROR: /data/h445xu/repo/bazel-repos/cloned_repos/DeepRec-AI__DeepRec/tensorflow/compiler/xla/service/gpu/tests/BUILD:28:10: Target '//tensorflow/compiler/xla/service/gpu/tests:gpu_fusion_test.cc' contains an error and its package is in error and referenced by '//tensorflow/compiler/xla/service/gpu/tests:c_srcs'
ERROR: /data/h445xu/repo/bazel-repos/cloned_repos/DeepRec-AI__DeepRec/tensorflow/compiler/xla/service/gpu/tests/BUILD:28:10: Target '//tensorflow/compiler/xla/service/gpu/tests:gpu_index_test.cc' contains an error and its package is in error and referenced by '//tensorflow/compiler/xla/service/gpu/tests:c_srcs'
ERROR: /data/h445xu/repo/bazel-repos/cloned_repos/DeepRec-AI__DeepRec/tensorflow/compiler/xla/service/gpu/tests/BUILD:28:10: Target '//tensorflow/compiler/xla/service/gpu/tests:gpu_input_fusible_slice_test.cc' contains an error and its package is in error and referenced by '//tensorflow/compiler/xla/service/gpu/tests:c_srcs'
ERROR: /data/h445xu/repo/bazel-repos/cloned_repos/DeepRec-AI__DeepRec/tensorflow/compiler/xla/service/gpu/tests/BUILD:28:10: Target '//tensorflow/compiler/xla/service/gpu/tests:gpu_kernel_tiling_test.cc' contains an error and its package is in error and referenced by '//tensorflow/compiler/xla/service/gpu/tests:c_srcs'
ERROR: /data/h445xu/repo/bazel-repos/cloned_repos/DeepRec-AI__DeepRec/tensorflow/compiler/xla/service/gpu/tests/BUILD:28:10: Target '//tensorflow/compiler/xla/service/gpu/tests:gpu_ldg_test.cc' contains an error and its package is in error and referenced by '//tensorflow/compiler/xla/service/gpu/tests:c_srcs'
ERROR: /data/h445xu/repo/bazel-repos/cloned_repos/DeepRec-AI__DeepRec/tensorflow/compiler/xla/service/gpu/tests/BUILD:28:10: Target '//tensorflow/compiler/xla/service/gpu/tests:gpu_noalias_test.cc' contains an error and its package is in error and referenced by '//tensorflow/compiler/xla/service/gpu/tests:c_srcs'
ERROR: /data/h445xu/repo/bazel-repos/cloned_repos/DeepRec-AI__DeepRec/tensorflow/compiler/xla/service/gpu/tests/BUILD:28:10: Target '//tensorflow/compiler/xla/service/gpu/tests:gpu_too_many_blocks_test.cc' contains an error and its package is in error and referenced by '//tensorflow/compiler/xla/service/gpu/tests:c_srcs'
ERROR: /data/h445xu/repo/bazel-repos/cloned_repos/DeepRec-AI__DeepRec/tensorflow/compiler/xla/service/gpu/tests/BUILD:28:10: Target '//tensorflow/compiler/xla/service/gpu/tests:gpu_unrolling_test.cc' contains an error and its package is in error and referenced by '//tensorflow/compiler/xla/service/gpu/tests:c_srcs'
ERROR: /data/h445xu/repo/bazel-repos/cloned_repos/DeepRec-AI__DeepRec/tensorflow/examples/android/BUILD:23:10: Target '//tensorflow/examples/android:jni/object_tracking/jni_utils.h' contains an error and its package is in error and referenced by '//tensorflow/examples/android:libtensorflow_demo.so'
ERROR: /data/h445xu/repo/bazel-repos/cloned_repos/DeepRec-AI__DeepRec/tensorflow/examples/android/BUILD:23:10: Target '//tensorflow/examples/android:jni/object_tracking/keypoint.h' contains an error and its package is in error and referenced by '//tensorflow/examples/android:libtensorflow_demo.so'
ERROR: /data/h445xu/repo/bazel-repos/cloned_repos/DeepRec-AI__DeepRec/tensorflow/examples/android/BUILD:23:10: Target '//tensorflow/examples/android:jni/object_tracking/keypoint_detector.cc' contains an error and its package is in error and referenced by '//tensorflow/examples/android:libtensorflow_demo.so'
ERROR: /data/h445xu/repo/bazel-repos/cloned_repos/DeepRec-AI__DeepRec/tensorflow/examples/android/BUILD:23:10: Target '//tensorflow/examples/android:jni/object_tracking/keypoint_detector.h' contains an error and its package is in error and referenced by '//tensorflow/examples/android:libtensorflow_demo.so'
ERROR: /data/h445xu/repo/bazel-repos/cloned_repos/DeepRec-AI__DeepRec/tensorflow/examples/android/BUILD:23:10: Target '//tensorflow/examples/android:jni/object_tracking/logging.cc' contains an error and its package is in error and referenced by '//tensorflow/examples/android:libtensorflow_demo.so'
ERROR: /data/h445xu/repo/bazel-repos/cloned_repos/DeepRec-AI__DeepRec/tensorflow/examples/android/BUILD:23:10: Target '//tensorflow/examples/android:jni/object_tracking/logging.h' contains an error and its package is in error and referenced by '//tensorflow/examples/android:libtensorflow_demo.so'
ERROR: /data/h445xu/repo/bazel-repos/cloned_repos/DeepRec-AI__DeepRec/tensorflow/examples/android/BUILD:23:10: Target '//tensorflow/examples/android:jni/object_tracking/object_detector.cc' contains an error and its package is in error and referenced by '//tensorflow/examples/android:libtensorflow_demo.so'
ERROR: /data/h445xu/repo/bazel-repos/cloned_repos/DeepRec-AI__DeepRec/tensorflow/examples/android/BUILD:23:10: Target '//tensorflow/examples/android:jni/object_tracking/object_detector.h' contains an error and its package is in error and referenced by '//tensorflow/examples/android:libtensorflow_demo.so'
ERROR: /data/h445xu/repo/bazel-repos/cloned_repos/DeepRec-AI__DeepRec/tensorflow/examples/android/BUILD:23:10: Target '//tensorflow/examples/android:jni/object_tracking/object_model.h' contains an error and its package is in error and referenced by '//tensorflow/examples/android:libtensorflow_demo.so'
ERROR: /data/h445xu/repo/bazel-repos/cloned_repos/DeepRec-AI__DeepRec/tensorflow/examples/android/BUILD:23:10: Target '//tensorflow/examples/android:jni/object_tracking/object_tracker.cc' contains an error and its package is in error and referenced by '//tensorflow/examples/android:libtensorflow_demo.so'
ERROR: /data/h445xu/repo/bazel-repos/cloned_repos/DeepRec-AI__DeepRec/tensorflow/examples/android/BUILD:23:10: Target '//tensorflow/examples/android:jni/object_tracking/object_tracker.h' contains an error and its package is in error and referenced by '//tensorflow/examples/android:libtensorflow_demo.so'
ERROR: /data/h445xu/repo/bazel-repos/cloned_repos/DeepRec-AI__DeepRec/tensorflow/examples/android/BUILD:23:10: Target '//tensorflow/examples/android:jni/object_tracking/object_tracker_jni.cc' contains an error and its package is in error and referenced by '//tensorflow/examples/android:libtensorflow_demo.so'
ERROR: /data/h445xu/repo/bazel-repos/cloned_repos/DeepRec-AI__DeepRec/tensorflow/examples/android/BUILD:23:10: Target '//tensorflow/examples/android:jni/object_tracking/optical_flow.cc' contains an error and its package is in error and referenced by '//tensorflow/examples/android:libtensorflow_demo.so'
ERROR: /data/h445xu/repo/bazel-repos/cloned_repos/DeepRec-AI__DeepRec/tensorflow/examples/android/BUILD:23:10: Target '//tensorflow/examples/android:jni/object_tracking/optical_flow.h' contains an error and its package is in error and referenced by '//tensorflow/examples/android:libtensorflow_demo.so'
ERROR: /data/h445xu/repo/bazel-repos/cloned_repos/DeepRec-AI__DeepRec/tensorflow/examples/android/BUILD:23:10: Target '//tensorflow/examples/android:jni/object_tracking/sprite.h' contains an error and its package is in error and referenced by '//tensorflow/examples/android:libtensorflow_demo.so'
ERROR: /data/h445xu/repo/bazel-repos/cloned_repos/DeepRec-AI__DeepRec/tensorflow/examples/android/BUILD:23:10: Target '//tensorflow/examples/android:jni/object_tracking/time_log.cc' contains an error and its package is in error and referenced by '//tensorflow/examples/android:libtensorflow_demo.so'
ERROR: /data/h445xu/repo/bazel-repos/cloned_repos/DeepRec-AI__DeepRec/tensorflow/examples/android/BUILD:23:10: Target '//tensorflow/examples/android:jni/object_tracking/time_log.h' contains an error and its package is in error and referenced by '//tensorflow/examples/android:libtensorflow_demo.so'
ERROR: /data/h445xu/repo/bazel-repos/cloned_repos/DeepRec-AI__DeepRec/tensorflow/examples/android/BUILD:23:10: Target '//tensorflow/examples/android:jni/object_tracking/tracked_object.cc' contains an error and its package is in error and referenced by '//tensorflow/examples/android:libtensorflow_demo.so'
ERROR: /data/h445xu/repo/bazel-repos/cloned_repos/DeepRec-AI__DeepRec/tensorflow/examples/android/BUILD:23:10: Target '//tensorflow/examples/android:jni/object_tracking/tracked_object.h' contains an error and its package is in error and referenced by '//tensorflow/examples/android:libtensorflow_demo.so'
ERROR: /data/h445xu/repo/bazel-repos/cloned_repos/DeepRec-AI__DeepRec/tensorflow/examples/android/BUILD:23:10: Target '//tensorflow/examples/android:jni/object_tracking/utils.h' contains an error and its package is in error and referenced by '//tensorflow/examples/android:libtensorflow_demo.so'
ERROR: /data/h445xu/repo/bazel-repos/cloned_repos/DeepRec-AI__DeepRec/tensorflow/examples/android/BUILD:23:10: Target '//tensorflow/examples/android:jni/object_tracking/utils_neon.cc' contains an error and its package is in error and referenced by '//tensorflow/examples/android:libtensorflow_demo.so'
ERROR: /data/h445xu/repo/bazel-repos/cloned_repos/DeepRec-AI__DeepRec/tensorflow/examples/android/BUILD:23:10: Target '//tensorflow/examples/android:jni/rgb2yuv.cc' contains an error and its package is in error and referenced by '//tensorflow/examples/android:libtensorflow_demo.so'
ERROR: /data/h445xu/repo/bazel-repos/cloned_repos/DeepRec-AI__DeepRec/tensorflow/examples/android/BUILD:23:10: Target '//tensorflow/examples/android:jni/rgb2yuv.h' contains an error and its package is in error and referenced by '//tensorflow/examples/android:libtensorflow_demo.so'
ERROR: /data/h445xu/repo/bazel-repos/cloned_repos/DeepRec-AI__DeepRec/tensorflow/examples/android/BUILD:23:10: Target '//tensorflow/examples/android:jni/yuv2rgb.cc' contains an error and its package is in error and referenced by '//tensorflow/examples/android:libtensorflow_demo.so'
ERROR: /data/h445xu/repo/bazel-repos/cloned_repos/DeepRec-AI__DeepRec/tensorflow/examples/android/BUILD:23:10: Target '//tensorflow/examples/android:jni/yuv2rgb.h' contains an error and its package is in error and referenced by '//tensorflow/examples/android:libtensorflow_demo.so'
ERROR: /data/h445xu/repo/bazel-repos/cloned_repos/DeepRec-AI__DeepRec/tensorflow/compiler/xla/service/gpu/tests/BUILD:28:10: Target '//tensorflow/compiler/xla/service/gpu/tests:hlo_to_llvm_ir.cc' contains an error and its package is in error and referenced by '//tensorflow/compiler/xla/service/gpu/tests:c_srcs'
ERROR: /data/h445xu/repo/bazel-repos/cloned_repos/DeepRec-AI__DeepRec/tensorflow/compiler/xla/service/gpu/tests/BUILD:28:10: Target '//tensorflow/compiler/xla/service/gpu/tests:infeed_test.cc' contains an error and its package is in error and referenced by '//tensorflow/compiler/xla/service/gpu/tests:c_srcs'
ERROR: /data/h445xu/repo/bazel-repos/cloned_repos/DeepRec-AI__DeepRec/tensorflow/compiler/xla/service/gpu/tests/BUILD:28:10: Target '//tensorflow/compiler/xla/service/gpu/tests:parallel_reduction_test.cc' contains an error and its package is in error and referenced by '//tensorflow/compiler/xla/service/gpu/tests:c_srcs'
ERROR: /data/h445xu/repo/bazel-repos/cloned_repos/DeepRec-AI__DeepRec/tensorflow/compiler/xla/service/gpu/tests/BUILD:28:10: Target '//tensorflow/compiler/xla/service/gpu/tests:reduction_degenerate_dim_remover_test.cc' contains an error and its package is in error and referenced by '//tensorflow/compiler/xla/service/gpu/tests:c_srcs'
ERROR: /data/h445xu/repo/bazel-repos/cloned_repos/DeepRec-AI__DeepRec/tensorflow/compiler/xla/service/gpu/tests/BUILD:28:10: Target '//tensorflow/compiler/xla/service/gpu/tests:reduction_dimension_grouper_test.cc' contains an error and its package is in error and referenced by '//tensorflow/compiler/xla/service/gpu/tests:c_srcs'
ERROR: /data/h445xu/repo/bazel-repos/cloned_repos/DeepRec-AI__DeepRec/tensorflow/compiler/xla/service/gpu/tests/BUILD:28:10: Target '//tensorflow/compiler/xla/service/gpu/tests:reduction_layout_normalizer_test.cc' contains an error and its package is in error and referenced by '//tensorflow/compiler/xla/service/gpu/tests:c_srcs'
ERROR: /data/h445xu/repo/bazel-repos/cloned_repos/DeepRec-AI__DeepRec/tensorflow/compiler/xla/service/gpu/tests/BUILD:28:10: Target '//tensorflow/compiler/xla/service/gpu/tests:reduction_vectorization_test.cc' contains an error and its package is in error and referenced by '//tensorflow/compiler/xla/service/gpu/tests:c_srcs'
ERROR: /data/h445xu/repo/bazel-repos/cloned_repos/DeepRec-AI__DeepRec/tensorflow/compiler/xla/service/gpu/tests/BUILD:28:10: Target '//tensorflow/compiler/xla/service/gpu/tests:tree_reduction_rewriter_test.cc' contains an error and its package is in error and referenced by '//tensorflow/compiler/xla/service/gpu/tests:c_srcs'
ERROR: /data/h445xu/repo/bazel-repos/cloned_repos/DeepRec-AI__DeepRec/third_party/py/numpy/BUILD:11:6: no such package '@local_config_python//': Python Configuration Error: Problem getting python include path.
<string>:1: DeprecationWarning: The distutils package is deprecated and slated for removal in Python 3.12. Use setuptools or check PEP 632 for potential alternatives
<string>:1: DeprecationWarning: The distutils.sysconfig module is deprecated, use sysconfig instead
Is the Python binary path set up right? (See ./configure or PYTHON_BIN_PATH.) Is distutils installed?
 and referenced by '//third_party/py/numpy:headers'
ERROR: /data/h445xu/repo/bazel-repos/cloned_repos/DeepRec-AI__DeepRec/third_party/python_runtime/BUILD:5:6: no such package '@local_config_python//': Python Configuration Error: Problem getting python include path.
<string>:1: DeprecationWarning: The distutils package is deprecated and slated for removal in Python 3.12. Use setuptools or check PEP 632 for potential alternatives
<string>:1: DeprecationWarning: The distutils.sysconfig module is deprecated, use sysconfig instead
Is the Python binary path set up right? (See ./configure or PYTHON_BIN_PATH.) Is distutils installed?
 and referenced by '//third_party/python_runtime:headers'
ERROR: /data/h445xu/repo/bazel-repos/cloned_repos/DeepRec-AI__DeepRec/tensorflow/lite/java/BUILD:67:16: Target '//tensorflow/lite/java:tensorflowlite_java' contains an error and its package is in error and referenced by '//tensorflow/lite/java:tensorflowlite_gpu'
ERROR: /data/h445xu/repo/bazel-repos/cloned_repos/DeepRec-AI__DeepRec/tensorflow/lite/java/src/testhelper/java/org/tensorflow/lite/BUILD:11:16: Target '//tensorflow/lite/java:tensorflowlite_java' contains an error and its package is in error and referenced by '//tensorflow/lite/java/src/testhelper/java/org/tensorflow/lite:testhelper'
ERROR: /data/h445xu/repo/bazel-repos/cloned_repos/DeepRec-AI__DeepRec/tensorflow/compiler/xla/service/gpu/tests/BUILD:485:9: Target '//tensorflow/compiler/xla/service/gpu/tests:friends' contains an error and its package is in error and referenced by '//tensorflow/compiler/xla/service/gpu/tests:gpu_convolution_regression_test_lib'
ERROR: /data/h445xu/repo/bazel-repos/cloned_repos/DeepRec-AI__DeepRec/tensorflow/compiler/xla/service/gpu/tests/BUILD:485:9: Target '//tensorflow/compiler/xla/service/gpu/tests:gpu_convolution_regression_test.cc' contains an error and its package is in error and referenced by '//tensorflow/compiler/xla/service/gpu/tests:gpu_convolution_regression_test_lib'
ERROR: /data/h445xu/repo/bazel-repos/cloned_repos/DeepRec-AI__DeepRec/tensorflow/lite/java/BUILD:67:16: Target '//tensorflow/lite/java:tensorflowlite_native_gpu' contains an error and its package is in error and referenced by '//tensorflow/lite/java:tensorflowlite_gpu'
ERROR: /data/h445xu/repo/bazel-repos/cloned_repos/DeepRec-AI__DeepRec/tensorflow/lite/java/BUILD:67:16: Target '//tensorflow/lite/java:AndroidManifest.xml' contains an error and its package is in error and referenced by '//tensorflow/lite/java:tensorflowlite_gpu'
ERROR: /data/h445xu/repo/bazel-repos/cloned_repos/DeepRec-AI__DeepRec/tensorflow/lite/java/BUILD:67:16: Target '//tensorflow/lite/java:proguard.flags' contains an error and its package is in error and referenced by '//tensorflow/lite/java:tensorflowlite_gpu'
ERROR: in target '//tensorflow/lite/java:tensorflowlite_gpu.aar', no such label '//tensorflow/lite/java:tensorflowlite_gpu': Target '//tensorflow/lite/java:tensorflowlite_gpu' contains an error and its package is in error
ERROR: /data/h445xu/repo/bazel-repos/cloned_repos/DeepRec-AI__DeepRec/tensorflow/lite/java/BUILD:36:13: Target '//tensorflow/lite/java:tensorflowlite_gpu' contains an error and its package is in error and referenced by '//tensorflow/lite/java:tensorflow-lite-gpu_dummy_app_for_so'
ERROR: /data/h445xu/repo/bazel-repos/cloned_repos/DeepRec-AI__DeepRec/tensorflow/lite/java/BUILD:36:13: Target '//tensorflow/lite/java:tensorflow-lite-gpu_generated_AndroidManifest.xml' contains an error and its package is in error and referenced by '//tensorflow/lite/java:tensorflow-lite-gpu_dummy_app_for_so'
ERROR: in target '//tensorflow/lite/java:tensorflow-lite-gpu_dummy_app_for_so_unsigned.apk', no such label '//tensorflow/lite/java:tensorflow-lite-gpu_dummy_app_for_so': Target '//tensorflow/lite/java:tensorflow-lite-gpu_dummy_app_for_so' contains an error and its package is in error
ERROR: /data/h445xu/repo/bazel-repos/cloned_repos/DeepRec-AI__DeepRec/tensorflow/lite/java/BUILD:36:13: Target '//tensorflow/lite/java:tensorflowlite_gpu.aar' contains an error and its package is in error and referenced by '//tensorflow/lite/java:tensorflow-lite-gpu'
ERROR: /data/h445xu/repo/bazel-repos/cloned_repos/DeepRec-AI__DeepRec/tensorflow/lite/java/BUILD:36:13: Target '//tensorflow/lite/java:tensorflow-lite-gpu_dummy_app_for_so_unsigned.apk' contains an error and its package is in error and referenced by '//tensorflow/lite/java:tensorflow-lite-gpu'
ERROR: /data/h445xu/repo/bazel-repos/cloned_repos/DeepRec-AI__DeepRec/tensorflow/compiler/xla/python/BUILD:251:11: no such package '@dlpack//': The repository '@dlpack' could not be resolved: Repository '@dlpack' is not defined and referenced by '//tensorflow/compiler/xla/python:dlpack'
ERROR: /data/h445xu/repo/bazel-repos/cloned_repos/DeepRec-AI__DeepRec/third_party/mlir/BUILD:1905:10: no such target '//third_party/gpus/cuda:cuda_headers': target 'cuda_headers' not declared in package 'third_party/gpus/cuda' defined by /data/h445xu/repo/bazel-repos/cloned_repos/DeepRec-AI__DeepRec/third_party/gpus/cuda/BUILD and referenced by '//third_party/mlir:tools/libcuda-runtime-wrappers.so'
ERROR: /data/h445xu/repo/bazel-repos/cloned_repos/DeepRec-AI__DeepRec/third_party/mlir/BUILD:1905:10: no such target '//third_party/gpus/cuda:cuda_runtime': target 'cuda_runtime' not declared in package 'third_party/gpus/cuda' defined by /data/h445xu/repo/bazel-repos/cloned_repos/DeepRec-AI__DeepRec/third_party/gpus/cuda/BUILD and referenced by '//third_party/mlir:tools/libcuda-runtime-wrappers.so'
ERROR: /data/h445xu/repo/bazel-repos/cloned_repos/DeepRec-AI__DeepRec/third_party/mlir/BUILD:1905:10: no such target '//third_party/gpus/cuda:libcuda': target 'libcuda' not declared in package 'third_party/gpus/cuda' defined by /data/h445xu/repo/bazel-repos/cloned_repos/DeepRec-AI__DeepRec/third_party/gpus/cuda/BUILD and referenced by '//third_party/mlir:tools/libcuda-runtime-wrappers.so'
ERROR: /data/h445xu/repo/bazel-repos/cloned_repos/DeepRec-AI__DeepRec/tensorflow/compiler/xla/python/tpu_driver/client/BUILD:8:11: no such target '//tensorflow/core/platform:env': target 'env' not declared in package 'tensorflow/core/platform' defined by /data/h445xu/repo/bazel-repos/cloned_repos/DeepRec-AI__DeepRec/tensorflow/core/platform/BUILD and referenced by '//tensorflow/compiler/xla/python/tpu_driver/client:tpu_client'
ERROR: /data/h445xu/repo/bazel-repos/cloned_repos/DeepRec-AI__DeepRec/tensorflow/compiler/mlir/xla/BUILD:105:11: no such target '//tensorflow/core/kernels:conv_grad_shape_utils': target 'conv_grad_shape_utils' not declared in package 'tensorflow/core/kernels' defined by /data/h445xu/repo/bazel-repos/cloned_repos/DeepRec-AI__DeepRec/tensorflow/core/kernels/BUILD and referenced by '//tensorflow/compiler/mlir/xla:xla_legalize_tf'
ERROR: /data/h445xu/repo/bazel-repos/cloned_repos/DeepRec-AI__DeepRec/tensorflow/compiler/mlir/lite/BUILD:292:11: no such target '//tensorflow/core/kernels:tensor_list': target 'tensor_list' not declared in package 'tensorflow/core/kernels' defined by /data/h445xu/repo/bazel-repos/cloned_repos/DeepRec-AI__DeepRec/tensorflow/core/kernels/BUILD and referenced by '//tensorflow/compiler/mlir/lite:tensorflow_lite_legalize_tf'
ERROR: /data/h445xu/repo/bazel-repos/cloned_repos/DeepRec-AI__DeepRec/tensorflow/compiler/mlir/lite/BUILD:498:11: no such target '//tensorflow/core/platform:errors': target 'errors' not declared in package 'tensorflow/core/platform' (did you mean 'error.h'?) defined by /data/h445xu/repo/bazel-repos/cloned_repos/DeepRec-AI__DeepRec/tensorflow/core/platform/BUILD and referenced by '//tensorflow/compiler/mlir/lite:flatbuffer_tflite_operator_lib'
ERROR: /data/h445xu/repo/bazel-repos/cloned_repos/DeepRec-AI__DeepRec/tensorflow/compiler/xla/service/gpu/tests/BUILD:36:11: Target '//tensorflow/compiler/xla/service/gpu/tests:friends' contains an error and its package is in error and referenced by '//tensorflow/compiler/xla/service/gpu/tests:gpu_codegen_test'
ERROR: /data/h445xu/repo/bazel-repos/cloned_repos/DeepRec-AI__DeepRec/tensorflow/compiler/xla/service/gpu/tests/BUILD:36:11: Target '//tensorflow/compiler/xla/service/gpu/tests:gpu_codegen_test.cc' contains an error and its package is in error and referenced by '//tensorflow/compiler/xla/service/gpu/tests:gpu_codegen_test'
ERROR: /data/h445xu/repo/bazel-repos/cloned_repos/DeepRec-AI__DeepRec/tensorflow/compiler/xla/service/gpu/tests/BUILD:36:11: Target '//tensorflow/compiler/xla/service/gpu/tests:gpu_codegen_test.h' contains an error and its package is in error and referenced by '//tensorflow/compiler/xla/service/gpu/tests:gpu_codegen_test'
ERROR: /data/h445xu/repo/bazel-repos/cloned_repos/DeepRec-AI__DeepRec/tensorflow/compiler/xla/python/BUILD:311:17: no such target '//tensorflow/core/profiler/lib:profiler_backends': target 'profiler_backends' not declared in package 'tensorflow/core/profiler/lib' defined by /data/h445xu/repo/bazel-repos/cloned_repos/DeepRec-AI__DeepRec/tensorflow/core/profiler/lib/BUILD and referenced by '//tensorflow/compiler/xla/python:xla_extension.so'
ERROR: /data/h445xu/repo/bazel-repos/cloned_repos/DeepRec-AI__DeepRec/third_party/mlir/BUILD:1917:10: no such package 'devtools/build/runtime': BUILD file not found in any of the following directories. Add a BUILD file to a directory to mark it as a package.
 - /data/h445xu/repo/bazel-repos/cloned_repos/DeepRec-AI__DeepRec/devtools/build/runtime and referenced by '//third_party/mlir:mlir-cuda-runner'
ERROR: /data/h445xu/repo/bazel-repos/cloned_repos/DeepRec-AI__DeepRec/third_party/mlir/BUILD:1917:10: no such target '//third_party/gpus/cuda:cuda_headers': target 'cuda_headers' not declared in package 'third_party/gpus/cuda' defined by /data/h445xu/repo/bazel-repos/cloned_repos/DeepRec-AI__DeepRec/third_party/gpus/cuda/BUILD and referenced by '//third_party/mlir:mlir-cuda-runner'
ERROR: /data/h445xu/repo/bazel-repos/cloned_repos/DeepRec-AI__DeepRec/third_party/mlir/BUILD:1917:10: no such target '//third_party/gpus/cuda:cuda_runtime': target 'cuda_runtime' not declared in package 'third_party/gpus/cuda' defined by /data/h445xu/repo/bazel-repos/cloned_repos/DeepRec-AI__DeepRec/third_party/gpus/cuda/BUILD and referenced by '//third_party/mlir:mlir-cuda-runner'
ERROR: /data/h445xu/repo/bazel-repos/cloned_repos/DeepRec-AI__DeepRec/third_party/mlir/BUILD:1917:10: no such target '//third_party/gpus/cuda:libcuda': target 'libcuda' not declared in package 'third_party/gpus/cuda' defined by /data/h445xu/repo/bazel-repos/cloned_repos/DeepRec-AI__DeepRec/third_party/gpus/cuda/BUILD and referenced by '//third_party/mlir:mlir-cuda-runner'
ERROR: /data/h445xu/repo/bazel-repos/cloned_repos/DeepRec-AI__DeepRec/third_party/mlir/BUILD:1917:10: no such package '@llvm-project//mlir/test/mlir-cpu-runner': BUILD file not found in directory 'mlir/test/mlir-cpu-runner' of external repository @llvm-project. Add a BUILD file to a directory to mark it as a package. and referenced by '//third_party/mlir:mlir-cuda-runner'
ERROR: /data/h445xu/repo/bazel-repos/cloned_repos/DeepRec-AI__DeepRec/tensorflow/compiler/xla/service/gpu/tests/BUILD:504:13: Target '//tensorflow/compiler/xla/service/gpu/tests:friends' contains an error and its package is in error and referenced by '//tensorflow/compiler/xla/service/gpu/tests:hlo_to_llvm_ir'
ERROR: /data/h445xu/repo/bazel-repos/cloned_repos/DeepRec-AI__DeepRec/tensorflow/compiler/xla/service/gpu/tests/BUILD:504:13: Target '//tensorflow/compiler/xla/service/gpu/tests:hlo_to_llvm_ir.cc' contains an error and its package is in error and referenced by '//tensorflow/compiler/xla/service/gpu/tests:hlo_to_llvm_ir'
ERROR: /data/h445xu/repo/bazel-repos/cloned_repos/DeepRec-AI__DeepRec/tensorflow/examples/android/BUILD:52:11: Target '//tensorflow/examples/android:libtensorflow_demo.so' contains an error and its package is in error and referenced by '//tensorflow/examples/android:tensorflow_native_libs'
ERROR: /data/h445xu/repo/bazel-repos/cloned_repos/DeepRec-AI__DeepRec/tensorflow/lite/java/BUILD:273:10: Target '//tensorflow/lite/java:libtensorflowlite_jni.so' contains an error and its package is in error and referenced by '//tensorflow/lite/java:libtensorflowlite_jni'
ERROR: /data/h445xu/repo/bazel-repos/cloned_repos/DeepRec-AI__DeepRec/tensorflow/lite/java/BUILD:283:11: Target '//tensorflow/lite/java:libtensorflowlite_jni.so' contains an error and its package is in error and referenced by '//tensorflow/lite/java:tensorflowlite_native'
ERROR: /data/h445xu/repo/bazel-repos/cloned_repos/DeepRec-AI__DeepRec/tensorflow/lite/java/ovic/BUILD:65:13: Target '//tensorflow/lite/java:libtensorflowlite_jni.so' contains an error and its package is in error and referenced by '//tensorflow/lite/java/ovic:ovicbenchmarkerlib_java'
ERROR: /data/h445xu/repo/bazel-repos/cloned_repos/DeepRec-AI__DeepRec/tensorflow/lite/java/ovic/BUILD:65:13: Target '//tensorflow/lite/java:tensorflowlite_java' contains an error and its package is in error and referenced by '//tensorflow/lite/java/ovic:ovicbenchmarkerlib_java'
ERROR: /data/h445xu/repo/bazel-repos/cloned_repos/DeepRec-AI__DeepRec/tensorflow/lite/java/BUILD:99:13: Target '//tensorflow/lite/java:src/main/java/org/tensorflow/lite/DataType.java' contains an error and its package is in error and referenced by '//tensorflow/lite/java:tensorflowlitelib_flex'
ERROR: /data/h445xu/repo/bazel-repos/cloned_repos/DeepRec-AI__DeepRec/tensorflow/lite/java/BUILD:99:13: Target '//tensorflow/lite/java:src/main/java/org/tensorflow/lite/Delegate.java' contains an error and its package is in error and referenced by '//tensorflow/lite/java:tensorflowlitelib_flex'
ERROR: /data/h445xu/repo/bazel-repos/cloned_repos/DeepRec-AI__DeepRec/tensorflow/lite/java/BUILD:99:13: Target '//tensorflow/lite/java:src/main/java/org/tensorflow/lite/Interpreter.java' contains an error and its package is in error and referenced by '//tensorflow/lite/java:tensorflowlitelib_flex'
ERROR: /data/h445xu/repo/bazel-repos/cloned_repos/DeepRec-AI__DeepRec/tensorflow/lite/java/BUILD:99:13: Target '//tensorflow/lite/java:src/main/java/org/tensorflow/lite/NativeInterpreterWrapper.java' contains an error and its package is in error and referenced by '//tensorflow/lite/java:tensorflowlitelib_flex'
ERROR: /data/h445xu/repo/bazel-repos/cloned_repos/DeepRec-AI__DeepRec/tensorflow/lite/java/BUILD:99:13: Target '//tensorflow/lite/java:src/main/java/org/tensorflow/lite/Tensor.java' contains an error and its package is in error and referenced by '//tensorflow/lite/java:tensorflowlitelib_flex'
ERROR: /data/h445xu/repo/bazel-repos/cloned_repos/DeepRec-AI__DeepRec/tensorflow/lite/java/BUILD:99:13: Target '//tensorflow/lite/java:src/main/java/org/tensorflow/lite/TensorFlowLite.java' contains an error and its package is in error and referenced by '//tensorflow/lite/java:tensorflowlitelib_flex'
ERROR: /data/h445xu/repo/bazel-repos/cloned_repos/DeepRec-AI__DeepRec/tensorflow/lite/java/BUILD:99:13: Target '//tensorflow/lite/java:src/main/java/org/tensorflow/lite/package-info.java' contains an error and its package is in error and referenced by '//tensorflow/lite/java:tensorflowlitelib_flex'
ERROR: /data/h445xu/repo/bazel-repos/cloned_repos/DeepRec-AI__DeepRec/tensorflow/lite/java/BUILD:99:13: Target '//tensorflow/lite/java:libtensorflowlite_flex_jni.so' contains an error and its package is in error and referenced by '//tensorflow/lite/java:tensorflowlitelib_flex'
ERROR: /data/h445xu/repo/bazel-repos/cloned_repos/DeepRec-AI__DeepRec/tensorflow/lite/java/BUILD:219:10: Target '//tensorflow/lite/java:tensorflowlitelib_flex' contains an error and its package is in error and referenced by '//tensorflow/lite/java:InterpreterFlexTest'
ERROR: /data/h445xu/repo/bazel-repos/cloned_repos/DeepRec-AI__DeepRec/tensorflow/lite/java/BUILD:219:10: Target '//tensorflow/lite/java:src/test/java/org/tensorflow/lite/InterpreterFlexTest.java' contains an error and its package is in error and referenced by '//tensorflow/lite/java:InterpreterFlexTest'
ERROR: /data/h445xu/repo/bazel-repos/cloned_repos/DeepRec-AI__DeepRec/tensorflow/examples/android/BUILD:64:15: Target '//tensorflow/examples/android:tensorflow_native_libs' contains an error and its package is in error and referenced by '//tensorflow/examples/android:tensorflow_demo'
ERROR: /data/h445xu/repo/bazel-repos/cloned_repos/DeepRec-AI__DeepRec/tensorflow/examples/android/BUILD:64:15: Target '//tensorflow/examples/android:AndroidManifest.xml' contains an error and its package is in error and referenced by '//tensorflow/examples/android:tensorflow_demo'
ERROR: /data/h445xu/repo/bazel-repos/cloned_repos/DeepRec-AI__DeepRec/tensorflow/examples/android/BUILD:64:15: Target '//tensorflow/examples/android:res/animator/color_animation.xml' contains an error and its package is in error and referenced by '//tensorflow/examples/android:tensorflow_demo'
ERROR: /data/h445xu/repo/bazel-repos/cloned_repos/DeepRec-AI__DeepRec/tensorflow/examples/android/BUILD:64:15: Target '//tensorflow/examples/android:res/drawable-hdpi/ic_action_info.png' contains an error and its package is in error and referenced by '//tensorflow/examples/android:tensorflow_demo'
ERROR: /data/h445xu/repo/bazel-repos/cloned_repos/DeepRec-AI__DeepRec/tensorflow/examples/android/BUILD:64:15: Target '//tensorflow/examples/android:res/drawable-hdpi/ic_launcher.png' contains an error and its package is in error and referenced by '//tensorflow/examples/android:tensorflow_demo'
ERROR: /data/h445xu/repo/bazel-repos/cloned_repos/DeepRec-AI__DeepRec/tensorflow/examples/android/BUILD:64:15: Target '//tensorflow/examples/android:res/drawable-hdpi/tile.9.png' contains an error and its package is in error and referenced by '//tensorflow/examples/android:tensorflow_demo'
ERROR: /data/h445xu/repo/bazel-repos/cloned_repos/DeepRec-AI__DeepRec/tensorflow/examples/android/BUILD:64:15: Target '//tensorflow/examples/android:res/drawable-mdpi/ic_action_info.png' contains an error and its package is in error and referenced by '//tensorflow/examples/android:tensorflow_demo'
ERROR: /data/h445xu/repo/bazel-repos/cloned_repos/DeepRec-AI__DeepRec/tensorflow/examples/android/BUILD:64:15: Target '//tensorflow/examples/android:res/drawable-mdpi/ic_launcher.png' contains an error and its package is in error and referenced by '//tensorflow/examples/android:tensorflow_demo'
ERROR: /data/h445xu/repo/bazel-repos/cloned_repos/DeepRec-AI__DeepRec/tensorflow/examples/android/BUILD:64:15: Target '//tensorflow/examples/android:res/drawable-xhdpi/ic_action_info.png' contains an error and its package is in error and referenced by '//tensorflow/examples/android:tensorflow_demo'
ERROR: /data/h445xu/repo/bazel-repos/cloned_repos/DeepRec-AI__DeepRec/tensorflow/examples/android/BUILD:64:15: Target '//tensorflow/examples/android:res/drawable-xhdpi/ic_launcher.png' contains an error and its package is in error and referenced by '//tensorflow/examples/android:tensorflow_demo'
ERROR: /data/h445xu/repo/bazel-repos/cloned_repos/DeepRec-AI__DeepRec/tensorflow/examples/android/BUILD:64:15: Target '//tensorflow/examples/android:res/drawable-xxhdpi/ic_action_info.png' contains an error and its package is in error and referenced by '//tensorflow/examples/android:tensorflow_demo'
ERROR: /data/h445xu/repo/bazel-repos/cloned_repos/DeepRec-AI__DeepRec/tensorflow/examples/android/BUILD:64:15: Target '//tensorflow/examples/android:res/drawable-xxhdpi/ic_launcher.png' contains an error and its package is in error and referenced by '//tensorflow/examples/android:tensorflow_demo'
ERROR: /data/h445xu/repo/bazel-repos/cloned_repos/DeepRec-AI__DeepRec/tensorflow/examples/android/BUILD:64:15: Target '//tensorflow/examples/android:res/drawable/border.xml' contains an error and its package is in error and referenced by '//tensorflow/examples/android:tensorflow_demo'
ERROR: /data/h445xu/repo/bazel-repos/cloned_repos/DeepRec-AI__DeepRec/tensorflow/examples/android/BUILD:64:15: Target '//tensorflow/examples/android:res/layout/activity_camera.xml' contains an error and its package is in error and referenced by '//tensorflow/examples/android:tensorflow_demo'
ERROR: /data/h445xu/repo/bazel-repos/cloned_repos/DeepRec-AI__DeepRec/tensorflow/examples/android/BUILD:64:15: Target '//tensorflow/examples/android:res/layout/activity_speech.xml' contains an error and its package is in error and referenced by '//tensorflow/examples/android:tensorflow_demo'
ERROR: /data/h445xu/repo/bazel-repos/cloned_repos/DeepRec-AI__DeepRec/tensorflow/examples/android/BUILD:64:15: Target '//tensorflow/examples/android:res/layout/camera_connection_fragment.xml' contains an error and its package is in error and referenced by '//tensorflow/examples/android:tensorflow_demo'
ERROR: /data/h445xu/repo/bazel-repos/cloned_repos/DeepRec-AI__DeepRec/tensorflow/examples/android/BUILD:64:15: Target '//tensorflow/examples/android:res/layout/camera_connection_fragment_stylize.xml' contains an error and its package is in error and referenced by '//tensorflow/examples/android:tensorflow_demo'
ERROR: /data/h445xu/repo/bazel-repos/cloned_repos/DeepRec-AI__DeepRec/tensorflow/examples/android/BUILD:64:15: Target '//tensorflow/examples/android:res/layout/camera_connection_fragment_tracking.xml' contains an error and its package is in error and referenced by '//tensorflow/examples/android:tensorflow_demo'
ERROR: /data/h445xu/repo/bazel-repos/cloned_repos/DeepRec-AI__DeepRec/tensorflow/examples/android/BUILD:64:15: Target '//tensorflow/examples/android:res/layout/list_text_item.xml' contains an error and its package is in error and referenced by '//tensorflow/examples/android:tensorflow_demo'
ERROR: /data/h445xu/repo/bazel-repos/cloned_repos/DeepRec-AI__DeepRec/tensorflow/examples/android/BUILD:64:15: Target '//tensorflow/examples/android:res/values-sw600dp/template-dimens.xml' contains an error and its package is in error and referenced by '//tensorflow/examples/android:tensorflow_demo'
ERROR: /data/h445xu/repo/bazel-repos/cloned_repos/DeepRec-AI__DeepRec/tensorflow/examples/android/BUILD:64:15: Target '//tensorflow/examples/android:res/values-sw600dp/template-styles.xml' contains an error and its package is in error and referenced by '//tensorflow/examples/android:tensorflow_demo'
ERROR: /data/h445xu/repo/bazel-repos/cloned_repos/DeepRec-AI__DeepRec/tensorflow/lite/java/BUILD:289:11: Target '//tensorflow/lite/java:libtensorflowlite_flex_jni.so' contains an error and its package is in error and referenced by '//tensorflow/lite/java:tensorflowlite_native_flex'
ERROR: /data/h445xu/repo/bazel-repos/cloned_repos/DeepRec-AI__DeepRec/tensorflow/compiler/mlir/lite/BUILD:547:11: no such package 'tensorflow/lite/tools/versioning': BUILD file not found in any of the following directories. Add a BUILD file to a directory to mark it as a package.
 - /data/h445xu/repo/bazel-repos/cloned_repos/DeepRec-AI__DeepRec/tensorflow/lite/tools/versioning and referenced by '//tensorflow/compiler/mlir/lite:flatbuffer_translate_lib'
ERROR: /data/h445xu/repo/bazel-repos/cloned_repos/DeepRec-AI__DeepRec/tensorflow/lite/java/BUILD:53:16: Target '//tensorflow/lite/java:tensorflowlite_native_flex' contains an error and its package is in error and referenced by '//tensorflow/lite/java:tensorflowlite_flex'
ERROR: /data/h445xu/repo/bazel-repos/cloned_repos/DeepRec-AI__DeepRec/tensorflow/compiler/xla/service/gpu/tests/BUILD:259:11: Target '//tensorflow/compiler/xla/service/gpu/tests:friends' contains an error and its package is in error and referenced by '//tensorflow/compiler/xla/service/gpu/tests:gpu_copy_test'
ERROR: /data/h445xu/repo/bazel-repos/cloned_repos/DeepRec-AI__DeepRec/tensorflow/compiler/xla/service/gpu/tests/BUILD:259:11: Target '//tensorflow/compiler/xla/service/gpu/tests:gpu_codegen_test' contains an error and its package is in error and referenced by '//tensorflow/compiler/xla/service/gpu/tests:gpu_copy_test'
ERROR: /data/h445xu/repo/bazel-repos/cloned_repos/DeepRec-AI__DeepRec/tensorflow/compiler/xla/service/gpu/tests/BUILD:259:11: Target '//tensorflow/compiler/xla/service/gpu/tests:gpu_copy_test.cc' contains an error and its package is in error and referenced by '//tensorflow/compiler/xla/service/gpu/tests:gpu_copy_test'
ERROR: /data/h445xu/repo/bazel-repos/cloned_repos/DeepRec-AI__DeepRec/tensorflow/compiler/xla/service/gpu/BUILD:1806:11: Target '//tensorflow/compiler/xla/service/gpu/tests:gpu_codegen_test' contains an error and its package is in error and referenced by '//tensorflow/compiler/xla/service/gpu:horizontal_input_fusion_test'
ERROR: /data/h445xu/repo/bazel-repos/cloned_repos/DeepRec-AI__DeepRec/tensorflow/lite/java/BUILD:41:16: Target '//tensorflow/lite/java:tensorflowlite_native' contains an error and its package is in error and referenced by '//tensorflow/lite/java:tensorflowlite'
ERROR: /data/h445xu/repo/bazel-repos/cloned_repos/DeepRec-AI__DeepRec/tensorflow/lite/java/BUILD:41:16: Target '//tensorflow/lite/java:AndroidManifest.xml' contains an error and its package is in error and referenced by '//tensorflow/lite/java:tensorflowlite'
ERROR: /data/h445xu/repo/bazel-repos/cloned_repos/DeepRec-AI__DeepRec/tensorflow/lite/java/BUILD:41:16: Target '//tensorflow/lite/java:proguard.flags' contains an error and its package is in error and referenced by '//tensorflow/lite/java:tensorflowlite'
ERROR: /data/h445xu/repo/bazel-repos/cloned_repos/DeepRec-AI__DeepRec/tensorflow/lite/java/BUILD:41:16: Target '//tensorflow/lite/java:src/main/java/org/tensorflow/lite/DataType.java' contains an error and its package is in error and referenced by '//tensorflow/lite/java:tensorflowlite'
ERROR: /data/h445xu/repo/bazel-repos/cloned_repos/DeepRec-AI__DeepRec/tensorflow/lite/java/BUILD:41:16: Target '//tensorflow/lite/java:src/main/java/org/tensorflow/lite/Delegate.java' contains an error and its package is in error and referenced by '//tensorflow/lite/java:tensorflowlite'
ERROR: /data/h445xu/repo/bazel-repos/cloned_repos/DeepRec-AI__DeepRec/tensorflow/lite/java/BUILD:41:16: Target '//tensorflow/lite/java:src/main/java/org/tensorflow/lite/Interpreter.java' contains an error and its package is in error and referenced by '//tensorflow/lite/java:tensorflowlite'
ERROR: /data/h445xu/repo/bazel-repos/cloned_repos/DeepRec-AI__DeepRec/tensorflow/lite/java/BUILD:41:16: Target '//tensorflow/lite/java:src/main/java/org/tensorflow/lite/NativeInterpreterWrapper.java' contains an error and its package is in error and referenced by '//tensorflow/lite/java:tensorflowlite'
ERROR: /data/h445xu/repo/bazel-repos/cloned_repos/DeepRec-AI__DeepRec/tensorflow/lite/java/BUILD:41:16: Target '//tensorflow/lite/java:src/main/java/org/tensorflow/lite/Tensor.java' contains an error and its package is in error and referenced by '//tensorflow/lite/java:tensorflowlite'
ERROR: /data/h445xu/repo/bazel-repos/cloned_repos/DeepRec-AI__DeepRec/tensorflow/lite/java/BUILD:41:16: Target '//tensorflow/lite/java:src/main/java/org/tensorflow/lite/TensorFlowLite.java' contains an error and its package is in error and referenced by '//tensorflow/lite/java:tensorflowlite'
ERROR: /data/h445xu/repo/bazel-repos/cloned_repos/DeepRec-AI__DeepRec/tensorflow/lite/java/BUILD:41:16: Target '//tensorflow/lite/java:src/main/java/org/tensorflow/lite/package-info.java' contains an error and its package is in error and referenced by '//tensorflow/lite/java:tensorflowlite'
ERROR: /data/h445xu/repo/bazel-repos/cloned_repos/DeepRec-AI__DeepRec/tensorflow/examples/android/BUILD:64:15: Target '//tensorflow/examples/android:res/values-v11/styles.xml' contains an error and its package is in error and referenced by '//tensorflow/examples/android:tensorflow_demo'
ERROR: /data/h445xu/repo/bazel-repos/cloned_repos/DeepRec-AI__DeepRec/tensorflow/examples/android/BUILD:64:15: Target '//tensorflow/examples/android:res/values-v11/template-styles.xml' contains an error and its package is in error and referenced by '//tensorflow/examples/android:tensorflow_demo'
ERROR: /data/h445xu/repo/bazel-repos/cloned_repos/DeepRec-AI__DeepRec/tensorflow/examples/android/BUILD:64:15: Target '//tensorflow/examples/android:res/values-v14/styles.xml' contains an error and its package is in error and referenced by '//tensorflow/examples/android:tensorflow_demo'
ERROR: /data/h445xu/repo/bazel-repos/cloned_repos/DeepRec-AI__DeepRec/tensorflow/examples/android/BUILD:64:15: Target '//tensorflow/examples/android:res/values-v21/base-colors.xml' contains an error and its package is in error and referenced by '//tensorflow/examples/android:tensorflow_demo'
ERROR: /data/h445xu/repo/bazel-repos/cloned_repos/DeepRec-AI__DeepRec/tensorflow/examples/android/BUILD:64:15: Target '//tensorflow/examples/android:res/values-v21/base-template-styles.xml' contains an error and its package is in error and referenced by '//tensorflow/examples/android:tensorflow_demo'
ERROR: /data/h445xu/repo/bazel-repos/cloned_repos/DeepRec-AI__DeepRec/tensorflow/examples/android/BUILD:64:15: Target '//tensorflow/examples/android:res/values/attrs.xml' contains an error and its package is in error and referenced by '//tensorflow/examples/android:tensorflow_demo'
ERROR: /data/h445xu/repo/bazel-repos/cloned_repos/DeepRec-AI__DeepRec/tensorflow/examples/android/BUILD:64:15: Target '//tensorflow/examples/android:res/values/base-strings.xml' contains an error and its package is in error and referenced by '//tensorflow/examples/android:tensorflow_demo'
ERROR: /data/h445xu/repo/bazel-repos/cloned_repos/DeepRec-AI__DeepRec/tensorflow/examples/android/BUILD:64:15: Target '//tensorflow/examples/android:res/values/colors.xml' contains an error and its package is in error and referenced by '//tensorflow/examples/android:tensorflow_demo'
ERROR: /data/h445xu/repo/bazel-repos/cloned_repos/DeepRec-AI__DeepRec/tensorflow/examples/android/BUILD:64:15: Target '//tensorflow/examples/android:res/values/strings.xml' contains an error and its package is in error and referenced by '//tensorflow/examples/android:tensorflow_demo'
ERROR: /data/h445xu/repo/bazel-repos/cloned_repos/DeepRec-AI__DeepRec/tensorflow/examples/android/BUILD:64:15: Target '//tensorflow/examples/android:res/values/styles.xml' contains an error and its package is in error and referenced by '//tensorflow/examples/android:tensorflow_demo'
ERROR: /data/h445xu/repo/bazel-repos/cloned_repos/DeepRec-AI__DeepRec/tensorflow/examples/android/BUILD:64:15: Target '//tensorflow/examples/android:res/values/template-dimens.xml' contains an error and its package is in error and referenced by '//tensorflow/examples/android:tensorflow_demo'
ERROR: /data/h445xu/repo/bazel-repos/cloned_repos/DeepRec-AI__DeepRec/tensorflow/examples/android/BUILD:64:15: Target '//tensorflow/examples/android:res/values/template-styles.xml' contains an error and its package is in error and referenced by '//tensorflow/examples/android:tensorflow_demo'
ERROR: /data/h445xu/repo/bazel-repos/cloned_repos/DeepRec-AI__DeepRec/tensorflow/examples/android/BUILD:64:15: Target '//tensorflow/examples/android:external_assets' contains an error and its package is in error and referenced by '//tensorflow/examples/android:tensorflow_demo'
ERROR: /data/h445xu/repo/bazel-repos/cloned_repos/DeepRec-AI__DeepRec/tensorflow/examples/android/BUILD:64:15: Target '//tensorflow/examples/android:src/org/tensorflow/demo/AutoFitTextureView.java' contains an error and its package is in error and referenced by '//tensorflow/examples/android:tensorflow_demo'
ERROR: /data/h445xu/repo/bazel-repos/cloned_repos/DeepRec-AI__DeepRec/tensorflow/examples/android/BUILD:64:15: Target '//tensorflow/examples/android:src/org/tensorflow/demo/CameraActivity.java' contains an error and its package is in error and referenced by '//tensorflow/examples/android:tensorflow_demo'
ERROR: /data/h445xu/repo/bazel-repos/cloned_repos/DeepRec-AI__DeepRec/tensorflow/examples/android/BUILD:64:15: Target '//tensorflow/examples/android:src/org/tensorflow/demo/CameraConnectionFragment.java' contains an error and its package is in error and referenced by '//tensorflow/examples/android:tensorflow_demo'
ERROR: /data/h445xu/repo/bazel-repos/cloned_repos/DeepRec-AI__DeepRec/tensorflow/examples/android/BUILD:64:15: Target '//tensorflow/examples/android:src/org/tensorflow/demo/Classifier.java' contains an error and its package is in error and referenced by '//tensorflow/examples/android:tensorflow_demo'
ERROR: /data/h445xu/repo/bazel-repos/cloned_repos/DeepRec-AI__DeepRec/tensorflow/examples/android/BUILD:64:15: Target '//tensorflow/examples/android:src/org/tensorflow/demo/ClassifierActivity.java' contains an error and its package is in error and referenced by '//tensorflow/examples/android:tensorflow_demo'
ERROR: /data/h445xu/repo/bazel-repos/cloned_repos/DeepRec-AI__DeepRec/tensorflow/examples/android/BUILD:64:15: Target '//tensorflow/examples/android:src/org/tensorflow/demo/DetectorActivity.java' contains an error and its package is in error and referenced by '//tensorflow/examples/android:tensorflow_demo'
ERROR: /data/h445xu/repo/bazel-repos/cloned_repos/DeepRec-AI__DeepRec/tensorflow/examples/android/BUILD:64:15: Target '//tensorflow/examples/android:src/org/tensorflow/demo/LegacyCameraConnectionFragment.java' contains an error and its package is in error and referenced by '//tensorflow/examples/android:tensorflow_demo'
ERROR: /data/h445xu/repo/bazel-repos/cloned_repos/DeepRec-AI__DeepRec/tensorflow/examples/android/BUILD:64:15: Target '//tensorflow/examples/android:src/org/tensorflow/demo/OverlayView.java' contains an error and its package is in error and referenced by '//tensorflow/examples/android:tensorflow_demo'
ERROR: /data/h445xu/repo/bazel-repos/cloned_repos/DeepRec-AI__DeepRec/tensorflow/examples/android/BUILD:64:15: Target '//tensorflow/examples/android:src/org/tensorflow/demo/RecognitionScoreView.java' contains an error and its package is in error and referenced by '//tensorflow/examples/android:tensorflow_demo'
ERROR: /data/h445xu/repo/bazel-repos/cloned_repos/DeepRec-AI__DeepRec/tensorflow/examples/android/BUILD:64:15: Target '//tensorflow/examples/android:src/org/tensorflow/demo/RecognizeCommands.java' contains an error and its package is in error and referenced by '//tensorflow/examples/android:tensorflow_demo'
ERROR: /data/h445xu/repo/bazel-repos/cloned_repos/DeepRec-AI__DeepRec/tensorflow/lite/java/demo/app/src/main/BUILD:8:15: Target '//tensorflow/lite/java:tensorflowlite' contains an error and its package is in error and referenced by '//tensorflow/lite/java/demo/app/src/main:TfLiteCameraDemo'
ERROR: /data/h445xu/repo/bazel-repos/cloned_repos/DeepRec-AI__DeepRec/tensorflow/lite/java/demo/app/src/main/BUILD:8:15: Target '//tensorflow/lite/java:tensorflowlite_gpu' contains an error and its package is in error and referenced by '//tensorflow/lite/java/demo/app/src/main:TfLiteCameraDemo'
ERROR: /data/h445xu/repo/bazel-repos/cloned_repos/DeepRec-AI__DeepRec/tensorflow/lite/java/demo/app/src/main/BUILD:8:15: no such package '@androidsdk//com.android.support': The repository '@androidsdk' could not be resolved: Repository '@androidsdk' is not defined and referenced by '//tensorflow/lite/java/demo/app/src/main:TfLiteCameraDemo'
ERROR: /data/h445xu/repo/bazel-repos/cloned_repos/DeepRec-AI__DeepRec/tensorflow/lite/java/demo/app/src/main/BUILD:8:15: no such package '@androidsdk//com.android.support': The repository '@androidsdk' could not be resolved: Repository '@androidsdk' is not defined and referenced by '//tensorflow/lite/java/demo/app/src/main:TfLiteCameraDemo'
ERROR: /data/h445xu/repo/bazel-repos/cloned_repos/DeepRec-AI__DeepRec/tensorflow/lite/java/demo/app/src/main/BUILD:8:15: Target '//tensorflow/lite/java/demo/app/src/main:AndroidManifest.xml' contains an error and its package is in error and referenced by '//tensorflow/lite/java/demo/app/src/main:TfLiteCameraDemo'
ERROR: /data/h445xu/repo/bazel-repos/cloned_repos/DeepRec-AI__DeepRec/tensorflow/lite/java/demo/app/src/main/BUILD:8:15: Target '//tensorflow/lite/java/demo/app/src/main:res/drawable-hdpi/ic_action_info.png' contains an error and its package is in error and referenced by '//tensorflow/lite/java/demo/app/src/main:TfLiteCameraDemo'
ERROR: /data/h445xu/repo/bazel-repos/cloned_repos/DeepRec-AI__DeepRec/tensorflow/lite/java/demo/app/src/main/BUILD:8:15: Target '//tensorflow/lite/java/demo/app/src/main:res/drawable-hdpi/ic_launcher.png' contains an error and its package is in error and referenced by '//tensorflow/lite/java/demo/app/src/main:TfLiteCameraDemo'
ERROR: /data/h445xu/repo/bazel-repos/cloned_repos/DeepRec-AI__DeepRec/tensorflow/lite/java/demo/app/src/main/BUILD:8:15: Target '//tensorflow/lite/java/demo/app/src/main:res/drawable-hdpi/tile.9.png' contains an error and its package is in error and referenced by '//tensorflow/lite/java/demo/app/src/main:TfLiteCameraDemo'
ERROR: /data/h445xu/repo/bazel-repos/cloned_repos/DeepRec-AI__DeepRec/tensorflow/lite/java/demo/app/src/main/BUILD:8:15: Target '//tensorflow/lite/java/demo/app/src/main:res/drawable-mdpi/ic_action_info.png' contains an error and its package is in error and referenced by '//tensorflow/lite/java/demo/app/src/main:TfLiteCameraDemo'
ERROR: /data/h445xu/repo/bazel-repos/cloned_repos/DeepRec-AI__DeepRec/tensorflow/lite/java/demo/app/src/main/BUILD:8:15: Target '//tensorflow/lite/java/demo/app/src/main:res/drawable-mdpi/ic_launcher.png' contains an error and its package is in error and referenced by '//tensorflow/lite/java/demo/app/src/main:TfLiteCameraDemo'
ERROR: /data/h445xu/repo/bazel-repos/cloned_repos/DeepRec-AI__DeepRec/tensorflow/lite/java/demo/app/src/main/BUILD:8:15: Target '//tensorflow/lite/java/demo/app/src/main:res/drawable-xhdpi/ic_action_info.png' contains an error and its package is in error and referenced by '//tensorflow/lite/java/demo/app/src/main:TfLiteCameraDemo'
ERROR: /data/h445xu/repo/bazel-repos/cloned_repos/DeepRec-AI__DeepRec/tensorflow/lite/java/demo/app/src/main/BUILD:8:15: Target '//tensorflow/lite/java/demo/app/src/main:res/drawable-xhdpi/ic_launcher.png' contains an error and its package is in error and referenced by '//tensorflow/lite/java/demo/app/src/main:TfLiteCameraDemo'
ERROR: /data/h445xu/repo/bazel-repos/cloned_repos/DeepRec-AI__DeepRec/tensorflow/lite/java/demo/app/src/main/BUILD:8:15: Target '//tensorflow/lite/java/demo/app/src/main:res/drawable-xxhdpi/ic_action_info.png' contains an error and its package is in error and referenced by '//tensorflow/lite/java/demo/app/src/main:TfLiteCameraDemo'
ERROR: /data/h445xu/repo/bazel-repos/cloned_repos/DeepRec-AI__DeepRec/tensorflow/lite/java/demo/app/src/main/BUILD:8:15: Target '//tensorflow/lite/java/demo/app/src/main:res/drawable-xxhdpi/ic_launcher.png' contains an error and its package is in error and referenced by '//tensorflow/lite/java/demo/app/src/main:TfLiteCameraDemo'
ERROR: /data/h445xu/repo/bazel-repos/cloned_repos/DeepRec-AI__DeepRec/tensorflow/lite/java/demo/app/src/main/BUILD:8:15: Target '//tensorflow/lite/java/demo/app/src/main:res/drawable-xxhdpi/logo.png' contains an error and its package is in error and referenced by '//tensorflow/lite/java/demo/app/src/main:TfLiteCameraDemo'
ERROR: /data/h445xu/repo/bazel-repos/cloned_repos/DeepRec-AI__DeepRec/tensorflow/lite/java/demo/app/src/main/BUILD:8:15: Target '//tensorflow/lite/java/demo/app/src/main:res/drawable/item_selector.xml' contains an error and its package is in error and referenced by '//tensorflow/lite/java/demo/app/src/main:TfLiteCameraDemo'
ERROR: /data/h445xu/repo/bazel-repos/cloned_repos/DeepRec-AI__DeepRec/tensorflow/lite/java/demo/app/src/main/BUILD:8:15: Target '//tensorflow/lite/java/demo/app/src/main:res/layout-land/fragment_camera2_basic.xml' contains an error and its package is in error and referenced by '//tensorflow/lite/java/demo/app/src/main:TfLiteCameraDemo'
ERROR: /data/h445xu/repo/bazel-repos/cloned_repos/DeepRec-AI__DeepRec/tensorflow/lite/java/demo/app/src/main/BUILD:8:15: Target '//tensorflow/lite/java/demo/app/src/main:res/layout-v26/fragment_camera2_basic.xml' contains an error and its package is in error and referenced by '//tensorflow/lite/java/demo/app/src/main:TfLiteCameraDemo'
ERROR: /data/h445xu/repo/bazel-repos/cloned_repos/DeepRec-AI__DeepRec/tensorflow/lite/java/demo/app/src/main/BUILD:8:15: Target '//tensorflow/lite/java/demo/app/src/main:res/layout/activity_camera.xml' contains an error and its package is in error and referenced by '//tensorflow/lite/java/demo/app/src/main:TfLiteCameraDemo'
ERROR: /data/h445xu/repo/bazel-repos/cloned_repos/DeepRec-AI__DeepRec/tensorflow/lite/java/demo/app/src/main/BUILD:8:15: Target '//tensorflow/lite/java/demo/app/src/main:res/layout/fragment_camera2_basic.xml' contains an error and its package is in error and referenced by '//tensorflow/lite/java/demo/app/src/main:TfLiteCameraDemo'
ERROR: /data/h445xu/repo/bazel-repos/cloned_repos/DeepRec-AI__DeepRec/tensorflow/lite/java/demo/app/src/main/BUILD:8:15: Target '//tensorflow/lite/java/demo/app/src/main:res/layout/listview_row.xml' contains an error and its package is in error and referenced by '//tensorflow/lite/java/demo/app/src/main:TfLiteCameraDemo'
ERROR: /data/h445xu/repo/bazel-repos/cloned_repos/DeepRec-AI__DeepRec/tensorflow/lite/java/demo/app/src/main/BUILD:8:15: Target '//tensorflow/lite/java/demo/app/src/main:res/values-sw600dp/template-dimens.xml' contains an error and its package is in error and referenced by '//tensorflow/lite/java/demo/app/src/main:TfLiteCameraDemo'
ERROR: /data/h445xu/repo/bazel-repos/cloned_repos/DeepRec-AI__DeepRec/tensorflow/lite/java/demo/app/src/main/BUILD:8:15: Target '//tensorflow/lite/java/demo/app/src/main:res/values-sw600dp/template-styles.xml' contains an error and its package is in error and referenced by '//tensorflow/lite/java/demo/app/src/main:TfLiteCameraDemo'
ERROR: /data/h445xu/repo/bazel-repos/cloned_repos/DeepRec-AI__DeepRec/tensorflow/lite/java/demo/app/src/main/BUILD:8:15: Target '//tensorflow/lite/java/demo/app/src/main:res/values-v11/template-styles.xml' contains an error and its package is in error and referenced by '//tensorflow/lite/java/demo/app/src/main:TfLiteCameraDemo'
ERROR: /data/h445xu/repo/bazel-repos/cloned_repos/DeepRec-AI__DeepRec/tensorflow/lite/java/demo/app/src/main/BUILD:8:15: Target '//tensorflow/lite/java/demo/app/src/main:res/values-v21/base-colors.xml' contains an error and its package is in error and referenced by '//tensorflow/lite/java/demo/app/src/main:TfLiteCameraDemo'
ERROR: /data/h445xu/repo/bazel-repos/cloned_repos/DeepRec-AI__DeepRec/tensorflow/lite/java/demo/app/src/main/BUILD:8:15: Target '//tensorflow/lite/java/demo/app/src/main:res/values-v21/base-template-styles.xml' contains an error and its package is in error and referenced by '//tensorflow/lite/java/demo/app/src/main:TfLiteCameraDemo'
ERROR: /data/h445xu/repo/bazel-repos/cloned_repos/DeepRec-AI__DeepRec/tensorflow/lite/java/demo/app/src/main/BUILD:8:15: Target '//tensorflow/lite/java/demo/app/src/main:res/values/base-strings.xml' contains an error and its package is in error and referenced by '//tensorflow/lite/java/demo/app/src/main:TfLiteCameraDemo'
ERROR: /data/h445xu/repo/bazel-repos/cloned_repos/DeepRec-AI__DeepRec/tensorflow/lite/java/demo/app/src/main/BUILD:8:15: Target '//tensorflow/lite/java/demo/app/src/main:res/values/colors.xml' contains an error and its package is in error and referenced by '//tensorflow/lite/java/demo/app/src/main:TfLiteCameraDemo'
ERROR: /data/h445xu/repo/bazel-repos/cloned_repos/DeepRec-AI__DeepRec/tensorflow/lite/java/demo/app/src/main/BUILD:8:15: Target '//tensorflow/lite/java/demo/app/src/main:res/values/strings.xml' contains an error and its package is in error and referenced by '//tensorflow/lite/java/demo/app/src/main:TfLiteCameraDemo'
ERROR: /data/h445xu/repo/bazel-repos/cloned_repos/DeepRec-AI__DeepRec/tensorflow/lite/java/demo/app/src/main/BUILD:8:15: Target '//tensorflow/lite/java/demo/app/src/main:res/values/styles.xml' contains an error and its package is in error and referenced by '//tensorflow/lite/java/demo/app/src/main:TfLiteCameraDemo'
ERROR: /data/h445xu/repo/bazel-repos/cloned_repos/DeepRec-AI__DeepRec/tensorflow/lite/java/demo/app/src/main/BUILD:8:15: Target '//tensorflow/lite/java/demo/app/src/main:res/values/template-dimens.xml' contains an error and its package is in error and referenced by '//tensorflow/lite/java/demo/app/src/main:TfLiteCameraDemo'
ERROR: /data/h445xu/repo/bazel-repos/cloned_repos/DeepRec-AI__DeepRec/tensorflow/lite/java/demo/app/src/main/BUILD:8:15: Target '//tensorflow/lite/java/demo/app/src/main:res/values/template-styles.xml' contains an error and its package is in error and referenced by '//tensorflow/lite/java/demo/app/src/main:TfLiteCameraDemo'
ERROR: /data/h445xu/repo/bazel-repos/cloned_repos/DeepRec-AI__DeepRec/tensorflow/lite/java/demo/app/src/main/BUILD:8:15: Target '//tensorflow/lite/java/demo/app/src/main:java/com/example/android/tflitecamerademo/AutoFitTextureView.java' contains an error and its package is in error and referenced by '//tensorflow/lite/java/demo/app/src/main:TfLiteCameraDemo'
ERROR: /data/h445xu/repo/bazel-repos/cloned_repos/DeepRec-AI__DeepRec/tensorflow/lite/java/demo/app/src/main/BUILD:8:15: Target '//tensorflow/lite/java/demo/app/src/main:java/com/example/android/tflitecamerademo/Camera2BasicFragment.java' contains an error and its package is in error and referenced by '//tensorflow/lite/java/demo/app/src/main:TfLiteCameraDemo'
ERROR: /data/h445xu/repo/bazel-repos/cloned_repos/DeepRec-AI__DeepRec/tensorflow/lite/java/demo/app/src/main/BUILD:8:15: Target '//tensorflow/lite/java/demo/app/src/main:java/com/example/android/tflitecamerademo/CameraActivity.java' contains an error and its package is in error and referenced by '//tensorflow/lite/java/demo/app/src/main:TfLiteCameraDemo'
ERROR: /data/h445xu/repo/bazel-repos/cloned_repos/DeepRec-AI__DeepRec/tensorflow/lite/java/demo/app/src/main/BUILD:8:15: Target '//tensorflow/lite/java/demo/app/src/main:java/com/example/android/tflitecamerademo/ImageClassifier.java' contains an error and its package is in error and referenced by '//tensorflow/lite/java/demo/app/src/main:TfLiteCameraDemo'
ERROR: /data/h445xu/repo/bazel-repos/cloned_repos/DeepRec-AI__DeepRec/tensorflow/lite/java/demo/app/src/main/BUILD:8:15: Target '//tensorflow/lite/java/demo/app/src/main:java/com/example/android/tflitecamerademo/ImageClassifierFloatInception.java' contains an error and its package is in error and referenced by '//tensorflow/lite/java/demo/app/src/main:TfLiteCameraDemo'
ERROR: /data/h445xu/repo/bazel-repos/cloned_repos/DeepRec-AI__DeepRec/tensorflow/lite/java/demo/app/src/main/BUILD:8:15: Target '//tensorflow/lite/java/demo/app/src/main:java/com/example/android/tflitecamerademo/ImageClassifierFloatMobileNet.java' contains an error and its package is in error and referenced by '//tensorflow/lite/java/demo/app/src/main:TfLiteCameraDemo'
ERROR: /data/h445xu/repo/bazel-repos/cloned_repos/DeepRec-AI__DeepRec/tensorflow/lite/java/demo/app/src/main/BUILD:8:15: Target '//tensorflow/lite/java/demo/app/src/main:java/com/example/android/tflitecamerademo/ImageClassifierQuantizedMobileNet.java' contains an error and its package is in error and referenced by '//tensorflow/lite/java/demo/app/src/main:TfLiteCameraDemo'
ERROR: /data/h445xu/repo/bazel-repos/cloned_repos/DeepRec-AI__DeepRec/tensorflow/lite/models/smartreply/demo/app/src/main/BUILD:53:11: Target '//tensorflow/lite/models/smartreply/demo/app/src/main:smartreply_jni.cc' contains an error and its package is in error and referenced by '//tensorflow/lite/models/smartreply/demo/app/src/main:smartreply_jni_lib'
ERROR: /data/h445xu/repo/bazel-repos/cloned_repos/DeepRec-AI__DeepRec/tensorflow/lite/java/ovic/BUILD:121:13: Target '//tensorflow/lite/java:libtensorflowlite_jni.so' contains an error and its package is in error and referenced by '//tensorflow/lite/java/ovic:ovicdetectionbenchmarkerlib_java'
ERROR: /data/h445xu/repo/bazel-repos/cloned_repos/DeepRec-AI__DeepRec/tensorflow/lite/java/ovic/BUILD:121:13: Target '//tensorflow/lite/java:tensorflowlite_java' contains an error and its package is in error and referenced by '//tensorflow/lite/java/ovic:ovicdetectionbenchmarkerlib_java'
ERROR: /data/h445xu/repo/bazel-repos/cloned_repos/DeepRec-AI__DeepRec/tensorflow/lite/java/BUILD:88:13: Target '//tensorflow/lite/java:src/main/java/org/tensorflow/lite/DataType.java' contains an error and its package is in error and referenced by '//tensorflow/lite/java:tensorflowlitelib'
ERROR: /data/h445xu/repo/bazel-repos/cloned_repos/DeepRec-AI__DeepRec/tensorflow/lite/java/BUILD:88:13: Target '//tensorflow/lite/java:src/main/java/org/tensorflow/lite/Delegate.java' contains an error and its package is in error and referenced by '//tensorflow/lite/java:tensorflowlitelib'
ERROR: /data/h445xu/repo/bazel-repos/cloned_repos/DeepRec-AI__DeepRec/tensorflow/lite/java/BUILD:88:13: Target '//tensorflow/lite/java:src/main/java/org/tensorflow/lite/Interpreter.java' contains an error and its package is in error and referenced by '//tensorflow/lite/java:tensorflowlitelib'
ERROR: /data/h445xu/repo/bazel-repos/cloned_repos/DeepRec-AI__DeepRec/tensorflow/lite/java/BUILD:88:13: Target '//tensorflow/lite/java:src/main/java/org/tensorflow/lite/NativeInterpreterWrapper.java' contains an error and its package is in error and referenced by '//tensorflow/lite/java:tensorflowlitelib'
ERROR: /data/h445xu/repo/bazel-repos/cloned_repos/DeepRec-AI__DeepRec/tensorflow/lite/java/BUILD:88:13: Target '//tensorflow/lite/java:src/main/java/org/tensorflow/lite/Tensor.java' contains an error and its package is in error and referenced by '//tensorflow/lite/java:tensorflowlitelib'
ERROR: /data/h445xu/repo/bazel-repos/cloned_repos/DeepRec-AI__DeepRec/tensorflow/lite/java/BUILD:88:13: Target '//tensorflow/lite/java:src/main/java/org/tensorflow/lite/TensorFlowLite.java' contains an error and its package is in error and referenced by '//tensorflow/lite/java:tensorflowlitelib'
ERROR: /data/h445xu/repo/bazel-repos/cloned_repos/DeepRec-AI__DeepRec/tensorflow/lite/java/BUILD:88:13: Target '//tensorflow/lite/java:src/main/java/org/tensorflow/lite/package-info.java' contains an error and its package is in error and referenced by '//tensorflow/lite/java:tensorflowlitelib'
ERROR: /data/h445xu/repo/bazel-repos/cloned_repos/DeepRec-AI__DeepRec/tensorflow/lite/java/BUILD:88:13: Target '//tensorflow/lite/java:libtensorflowlite_jni.so' contains an error and its package is in error and referenced by '//tensorflow/lite/java:tensorflowlitelib'
ERROR: /data/h445xu/repo/bazel-repos/cloned_repos/DeepRec-AI__DeepRec/tensorflow/lite/models/smartreply/demo/app/src/main/BUILD:46:18: Target '//tensorflow/lite/models/smartreply/demo/app/src/main:smartreply_jni_lib' contains an error and its package is in error and referenced by '//tensorflow/lite/models/smartreply/demo/app/src/main:libsmartreply_jni.so'
ERROR: /data/h445xu/repo/bazel-repos/cloned_repos/DeepRec-AI__DeepRec/tensorflow/examples/android/BUILD:64:15: Target '//tensorflow/examples/android:src/org/tensorflow/demo/ResultsView.java' contains an error and its package is in error and referenced by '//tensorflow/examples/android:tensorflow_demo'
ERROR: /data/h445xu/repo/bazel-repos/cloned_repos/DeepRec-AI__DeepRec/tensorflow/lite/java/BUILD:126:10: Target '//tensorflow/lite/java:tensorflowlitelib' contains an error and its package is in error and referenced by '//tensorflow/lite/java:DataTypeTest'
ERROR: /data/h445xu/repo/bazel-repos/cloned_repos/DeepRec-AI__DeepRec/tensorflow/lite/java/BUILD:126:10: Target '//tensorflow/lite/java:src/test/java/org/tensorflow/lite/DataTypeTest.java' contains an error and its package is in error and referenced by '//tensorflow/lite/java:DataTypeTest'
ERROR: /data/h445xu/repo/bazel-repos/cloned_repos/DeepRec-AI__DeepRec/tensorflow/lite/java/BUILD:22:13: Target '//tensorflow/lite/java:tensorflowlite' contains an error and its package is in error and referenced by '//tensorflow/lite/java:tensorflow-lite_dummy_app_for_so'
ERROR: /data/h445xu/repo/bazel-repos/cloned_repos/DeepRec-AI__DeepRec/tensorflow/lite/java/BUILD:22:13: Target '//tensorflow/lite/java:tensorflow-lite_generated_AndroidManifest.xml' contains an error and its package is in error and referenced by '//tensorflow/lite/java:tensorflow-lite_dummy_app_for_so'
ERROR: in target '//tensorflow/lite/java:tensorflowlite.aar', no such label '//tensorflow/lite/java:tensorflowlite': Target '//tensorflow/lite/java:tensorflowlite' contains an error and its package is in error
ERROR: /data/h445xu/repo/bazel-repos/cloned_repos/DeepRec-AI__DeepRec/tensorflow/lite/java/ovic/BUILD:49:16: Target '//tensorflow/lite/java:tensorflowlite' contains an error and its package is in error and referenced by '//tensorflow/lite/java/ovic:ovicbenchmarkerlib'
ERROR: /data/h445xu/repo/bazel-repos/cloned_repos/DeepRec-AI__DeepRec/tensorflow/lite/java/ovic/BUILD:105:16: Target '//tensorflow/lite/java:tensorflowlite' contains an error and its package is in error and referenced by '//tensorflow/lite/java/ovic:ovicdetectionbenchmarkerlib'
ERROR: /data/h445xu/repo/bazel-repos/cloned_repos/DeepRec-AI__DeepRec/tensorflow/compiler/xla/service/gpu/tests/BUILD:183:11: Target '//tensorflow/compiler/xla/service/gpu/tests:friends' contains an error and its package is in error and referenced by '//tensorflow/compiler/xla/service/gpu/tests:reduction_vectorization_test'
ERROR: /data/h445xu/repo/bazel-repos/cloned_repos/DeepRec-AI__DeepRec/tensorflow/compiler/xla/service/gpu/tests/BUILD:183:11: Target '//tensorflow/compiler/xla/service/gpu/tests:gpu_codegen_test' contains an error and its package is in error and referenced by '//tensorflow/compiler/xla/service/gpu/tests:reduction_vectorization_test'
ERROR: /data/h445xu/repo/bazel-repos/cloned_repos/DeepRec-AI__DeepRec/tensorflow/compiler/xla/service/gpu/tests/BUILD:183:11: Target '//tensorflow/compiler/xla/service/gpu/tests:reduction_vectorization_test.cc' contains an error and its package is in error and referenced by '//tensorflow/compiler/xla/service/gpu/tests:reduction_vectorization_test'
ERROR: /data/h445xu/repo/bazel-repos/cloned_repos/DeepRec-AI__DeepRec/tensorflow/compiler/xla/service/gpu/tests/BUILD:364:11: Target '//tensorflow/compiler/xla/service/gpu/tests:friends' contains an error and its package is in error and referenced by '//tensorflow/compiler/xla/service/gpu/tests:gpu_kernel_tiling_test'
ERROR: /data/h445xu/repo/bazel-repos/cloned_repos/DeepRec-AI__DeepRec/tensorflow/compiler/xla/service/gpu/tests/BUILD:364:11: Target '//tensorflow/compiler/xla/service/gpu/tests:gpu_codegen_test' contains an error and its package is in error and referenced by '//tensorflow/compiler/xla/service/gpu/tests:gpu_kernel_tiling_test'
ERROR: /data/h445xu/repo/bazel-repos/cloned_repos/DeepRec-AI__DeepRec/tensorflow/compiler/xla/service/gpu/tests/BUILD:364:11: Target '//tensorflow/compiler/xla/service/gpu/tests:gpu_kernel_tiling_test.cc' contains an error and its package is in error and referenced by '//tensorflow/compiler/xla/service/gpu/tests:gpu_kernel_tiling_test'
ERROR: /data/h445xu/repo/bazel-repos/cloned_repos/DeepRec-AI__DeepRec/tensorflow/compiler/xla/service/gpu/tests/BUILD:427:11: Target '//tensorflow/compiler/xla/service/gpu/tests:friends' contains an error and its package is in error and referenced by '//tensorflow/compiler/xla/service/gpu/tests:gpu_unrolling_test'
ERROR: /data/h445xu/repo/bazel-repos/cloned_repos/DeepRec-AI__DeepRec/tensorflow/compiler/xla/service/gpu/tests/BUILD:427:11: Target '//tensorflow/compiler/xla/service/gpu/tests:gpu_codegen_test' contains an error and its package is in error and referenced by '//tensorflow/compiler/xla/service/gpu/tests:gpu_unrolling_test'
ERROR: /data/h445xu/repo/bazel-repos/cloned_repos/DeepRec-AI__DeepRec/tensorflow/compiler/xla/service/gpu/tests/BUILD:427:11: Target '//tensorflow/compiler/xla/service/gpu/tests:gpu_unrolling_test.cc' contains an error and its package is in error and referenced by '//tensorflow/compiler/xla/service/gpu/tests:gpu_unrolling_test'
ERROR: /data/h445xu/repo/bazel-repos/cloned_repos/DeepRec-AI__DeepRec/tensorflow/compiler/xla/service/gpu/tests/BUILD:379:11: Target '//tensorflow/compiler/xla/service/gpu/tests:friends' contains an error and its package is in error and referenced by '//tensorflow/compiler/xla/service/gpu/tests:gpu_ldg_test'
ERROR: /data/h445xu/repo/bazel-repos/cloned_repos/DeepRec-AI__DeepRec/tensorflow/compiler/xla/service/gpu/tests/BUILD:379:11: Target '//tensorflow/compiler/xla/service/gpu/tests:gpu_codegen_test' contains an error and its package is in error and referenced by '//tensorflow/compiler/xla/service/gpu/tests:gpu_ldg_test'
ERROR: /data/h445xu/repo/bazel-repos/cloned_repos/DeepRec-AI__DeepRec/tensorflow/compiler/xla/service/gpu/tests/BUILD:379:11: Target '//tensorflow/compiler/xla/service/gpu/tests:gpu_ldg_test.cc' contains an error and its package is in error and referenced by '//tensorflow/compiler/xla/service/gpu/tests:gpu_ldg_test'
ERROR: /data/h445xu/repo/bazel-repos/cloned_repos/DeepRec-AI__DeepRec/tensorflow/compiler/xla/service/gpu/tests/BUILD:210:11: Target '//tensorflow/compiler/xla/service/gpu/tests:friends' contains an error and its package is in error and referenced by '//tensorflow/compiler/xla/service/gpu/tests:reduction_dimension_grouper_test'
ERROR: /data/h445xu/repo/bazel-repos/cloned_repos/DeepRec-AI__DeepRec/tensorflow/compiler/xla/service/gpu/tests/BUILD:210:11: Target '//tensorflow/compiler/xla/service/gpu/tests:gpu_codegen_test' contains an error and its package is in error and referenced by '//tensorflow/compiler/xla/service/gpu/tests:reduction_dimension_grouper_test'
ERROR: /data/h445xu/repo/bazel-repos/cloned_repos/DeepRec-AI__DeepRec/tensorflow/compiler/xla/service/gpu/tests/BUILD:210:11: Target '//tensorflow/compiler/xla/service/gpu/tests:reduction_dimension_grouper_test.cc' contains an error and its package is in error and referenced by '//tensorflow/compiler/xla/service/gpu/tests:reduction_dimension_grouper_test'
ERROR: /data/h445xu/repo/bazel-repos/cloned_repos/DeepRec-AI__DeepRec/tensorflow/compiler/xla/service/gpu/tests/BUILD:470:11: Target '//tensorflow/compiler/xla/service/gpu/tests:friends' contains an error and its package is in error and referenced by '//tensorflow/compiler/xla/service/gpu/tests:gpu_input_fusible_slice_test'
ERROR: /data/h445xu/repo/bazel-repos/cloned_repos/DeepRec-AI__DeepRec/tensorflow/compiler/xla/service/gpu/tests/BUILD:470:11: Target '//tensorflow/compiler/xla/service/gpu/tests:gpu_codegen_test' contains an error and its package is in error and referenced by '//tensorflow/compiler/xla/service/gpu/tests:gpu_input_fusible_slice_test'
ERROR: /data/h445xu/repo/bazel-repos/cloned_repos/DeepRec-AI__DeepRec/tensorflow/compiler/xla/service/gpu/tests/BUILD:470:11: Target '//tensorflow/compiler/xla/service/gpu/tests:gpu_input_fusible_slice_test.cc' contains an error and its package is in error and referenced by '//tensorflow/compiler/xla/service/gpu/tests:gpu_input_fusible_slice_test'
ERROR: /data/h445xu/repo/bazel-repos/cloned_repos/DeepRec-AI__DeepRec/tensorflow/compiler/xla/service/gpu/tests/BUILD:87:11: Target '//tensorflow/compiler/xla/service/gpu/tests:friends' contains an error and its package is in error and referenced by '//tensorflow/compiler/xla/service/gpu/tests:gpu_too_many_blocks_test'
ERROR: /data/h445xu/repo/bazel-repos/cloned_repos/DeepRec-AI__DeepRec/tensorflow/compiler/xla/service/gpu/tests/BUILD:87:11: Target '//tensorflow/compiler/xla/service/gpu/tests:gpu_codegen_test' contains an error and its package is in error and referenced by '//tensorflow/compiler/xla/service/gpu/tests:gpu_too_many_blocks_test'
ERROR: /data/h445xu/repo/bazel-repos/cloned_repos/DeepRec-AI__DeepRec/tensorflow/compiler/xla/service/gpu/tests/BUILD:87:11: Target '//tensorflow/compiler/xla/service/gpu/tests:gpu_too_many_blocks_test.cc' contains an error and its package is in error and referenced by '//tensorflow/compiler/xla/service/gpu/tests:gpu_too_many_blocks_test'
ERROR: /data/h445xu/repo/bazel-repos/cloned_repos/DeepRec-AI__DeepRec/tensorflow/compiler/xla/service/gpu/tests/BUILD:156:11: Target '//tensorflow/compiler/xla/service/gpu/tests:friends' contains an error and its package is in error and referenced by '//tensorflow/compiler/xla/service/gpu/tests:tree_reduction_rewriter_test'
ERROR: /data/h445xu/repo/bazel-repos/cloned_repos/DeepRec-AI__DeepRec/tensorflow/compiler/xla/service/gpu/tests/BUILD:156:11: Target '//tensorflow/compiler/xla/service/gpu/tests:gpu_codegen_test' contains an error and its package is in error and referenced by '//tensorflow/compiler/xla/service/gpu/tests:tree_reduction_rewriter_test'
ERROR: /data/h445xu/repo/bazel-repos/cloned_repos/DeepRec-AI__DeepRec/tensorflow/compiler/xla/service/gpu/tests/BUILD:156:11: Target '//tensorflow/compiler/xla/service/gpu/tests:tree_reduction_rewriter_test.cc' contains an error and its package is in error and referenced by '//tensorflow/compiler/xla/service/gpu/tests:tree_reduction_rewriter_test'
ERROR: /data/h445xu/repo/bazel-repos/cloned_repos/DeepRec-AI__DeepRec/tensorflow/compiler/xla/service/gpu/BUILD:1611:11: Target '//tensorflow/compiler/xla/service/gpu/tests:gpu_codegen_test' contains an error and its package is in error and referenced by '//tensorflow/compiler/xla/service/gpu:cudnn_fused_conv_rewriter_test'
ERROR: /data/h445xu/repo/bazel-repos/cloned_repos/DeepRec-AI__DeepRec/tensorflow/compiler/xla/service/gpu/tests/BUILD:301:11: Target '//tensorflow/compiler/xla/service/gpu/tests:friends' contains an error and its package is in error and referenced by '//tensorflow/compiler/xla/service/gpu/tests:gpu_index_test'
ERROR: /data/h445xu/repo/bazel-repos/cloned_repos/DeepRec-AI__DeepRec/tensorflow/compiler/xla/service/gpu/tests/BUILD:301:11: Target '//tensorflow/compiler/xla/service/gpu/tests:gpu_codegen_test' contains an error and its package is in error and referenced by '//tensorflow/compiler/xla/service/gpu/tests:gpu_index_test'
ERROR: /data/h445xu/repo/bazel-repos/cloned_repos/DeepRec-AI__DeepRec/tensorflow/compiler/xla/service/gpu/tests/BUILD:301:11: Target '//tensorflow/compiler/xla/service/gpu/tests:gpu_index_test.cc' contains an error and its package is in error and referenced by '//tensorflow/compiler/xla/service/gpu/tests:gpu_index_test'
ERROR: /data/h445xu/repo/bazel-repos/cloned_repos/DeepRec-AI__DeepRec/tensorflow/compiler/xla/service/gpu/tests/BUILD:396:11: Target '//tensorflow/compiler/xla/service/gpu/tests:friends' contains an error and its package is in error and referenced by '//tensorflow/compiler/xla/service/gpu/tests:gpu_noalias_test'
ERROR: /data/h445xu/repo/bazel-repos/cloned_repos/DeepRec-AI__DeepRec/tensorflow/compiler/xla/service/gpu/tests/BUILD:396:11: Target '//tensorflow/compiler/xla/service/gpu/tests:gpu_codegen_test' contains an error and its package is in error and referenced by '//tensorflow/compiler/xla/service/gpu/tests:gpu_noalias_test'
ERROR: /data/h445xu/repo/bazel-repos/cloned_repos/DeepRec-AI__DeepRec/tensorflow/compiler/xla/service/gpu/tests/BUILD:396:11: Target '//tensorflow/compiler/xla/service/gpu/tests:gpu_noalias_test.cc' contains an error and its package is in error and referenced by '//tensorflow/compiler/xla/service/gpu/tests:gpu_noalias_test'
ERROR: /data/h445xu/repo/bazel-repos/cloned_repos/DeepRec-AI__DeepRec/tensorflow/compiler/xla/service/gpu/tests/BUILD:102:11: Target '//tensorflow/compiler/xla/service/gpu/tests:friends' contains an error and its package is in error and referenced by '//tensorflow/compiler/xla/service/gpu/tests:reduction_degenerate_dim_remover_test'
ERROR: /data/h445xu/repo/bazel-repos/cloned_repos/DeepRec-AI__DeepRec/tensorflow/compiler/xla/service/gpu/tests/BUILD:102:11: Target '//tensorflow/compiler/xla/service/gpu/tests:gpu_codegen_test' contains an error and its package is in error and referenced by '//tensorflow/compiler/xla/service/gpu/tests:reduction_degenerate_dim_remover_test'
ERROR: /data/h445xu/repo/bazel-repos/cloned_repos/DeepRec-AI__DeepRec/tensorflow/compiler/xla/service/gpu/tests/BUILD:102:11: Target '//tensorflow/compiler/xla/service/gpu/tests:reduction_degenerate_dim_remover_test.cc' contains an error and its package is in error and referenced by '//tensorflow/compiler/xla/service/gpu/tests:reduction_degenerate_dim_remover_test'
ERROR: /data/h445xu/repo/bazel-repos/cloned_repos/DeepRec-AI__DeepRec/tensorflow/compiler/xla/service/gpu/tests/BUILD:322:11: Target '//tensorflow/compiler/xla/service/gpu/tests:friends' contains an error and its package is in error and referenced by '//tensorflow/compiler/xla/service/gpu/tests:gpu_infeed_test'
ERROR: /data/h445xu/repo/bazel-repos/cloned_repos/DeepRec-AI__DeepRec/tensorflow/compiler/xla/service/gpu/tests/BUILD:322:11: Target '//tensorflow/compiler/xla/service/gpu/tests:gpu_codegen_test' contains an error and its package is in error and referenced by '//tensorflow/compiler/xla/service/gpu/tests:gpu_infeed_test'
ERROR: /data/h445xu/repo/bazel-repos/cloned_repos/DeepRec-AI__DeepRec/tensorflow/compiler/xla/service/gpu/tests/BUILD:322:11: Target '//tensorflow/compiler/xla/service/gpu/tests:infeed_test.cc' contains an error and its package is in error and referenced by '//tensorflow/compiler/xla/service/gpu/tests:gpu_infeed_test'
ERROR: /data/h445xu/repo/bazel-repos/cloned_repos/DeepRec-AI__DeepRec/tensorflow/compiler/xla/service/gpu/tests/BUILD:413:11: Target '//tensorflow/compiler/xla/service/gpu/tests:friends' contains an error and its package is in error and referenced by '//tensorflow/compiler/xla/service/gpu/tests:gpu_fusion_test'
ERROR: /data/h445xu/repo/bazel-repos/cloned_repos/DeepRec-AI__DeepRec/tensorflow/compiler/xla/service/gpu/tests/BUILD:413:11: Target '//tensorflow/compiler/xla/service/gpu/tests:gpu_codegen_test' contains an error and its package is in error and referenced by '//tensorflow/compiler/xla/service/gpu/tests:gpu_fusion_test'
ERROR: /data/h445xu/repo/bazel-repos/cloned_repos/DeepRec-AI__DeepRec/tensorflow/compiler/xla/service/gpu/tests/BUILD:413:11: Target '//tensorflow/compiler/xla/service/gpu/tests:gpu_fusion_test.cc' contains an error and its package is in error and referenced by '//tensorflow/compiler/xla/service/gpu/tests:gpu_fusion_test'
ERROR: /data/h445xu/repo/bazel-repos/cloned_repos/DeepRec-AI__DeepRec/tensorflow/compiler/xla/service/gpu/tests/BUILD:129:11: Target '//tensorflow/compiler/xla/service/gpu/tests:friends' contains an error and its package is in error and referenced by '//tensorflow/compiler/xla/service/gpu/tests:reduction_layout_normalizer_test'
ERROR: /data/h445xu/repo/bazel-repos/cloned_repos/DeepRec-AI__DeepRec/tensorflow/compiler/xla/service/gpu/tests/BUILD:129:11: Target '//tensorflow/compiler/xla/service/gpu/tests:gpu_codegen_test' contains an error and its package is in error and referenced by '//tensorflow/compiler/xla/service/gpu/tests:reduction_layout_normalizer_test'
ERROR: /data/h445xu/repo/bazel-repos/cloned_repos/DeepRec-AI__DeepRec/tensorflow/compiler/xla/service/gpu/tests/BUILD:129:11: Target '//tensorflow/compiler/xla/service/gpu/tests:reduction_layout_normalizer_test.cc' contains an error and its package is in error and referenced by '//tensorflow/compiler/xla/service/gpu/tests:reduction_layout_normalizer_test'
ERROR: /data/h445xu/repo/bazel-repos/cloned_repos/DeepRec-AI__DeepRec/tensorflow/compiler/xla/service/gpu/tests/BUILD:237:11: Target '//tensorflow/compiler/xla/service/gpu/tests:friends' contains an error and its package is in error and referenced by '//tensorflow/compiler/xla/service/gpu/tests:parallel_reduction_test'
ERROR: /data/h445xu/repo/bazel-repos/cloned_repos/DeepRec-AI__DeepRec/tensorflow/compiler/xla/service/gpu/tests/BUILD:276:11: Target '//tensorflow/compiler/xla/service/gpu/tests:friends' contains an error and its package is in error and referenced by '//tensorflow/compiler/xla/service/gpu/tests:gpu_copy_alone_test'
ERROR: /data/h445xu/repo/bazel-repos/cloned_repos/DeepRec-AI__DeepRec/tensorflow/compiler/xla/service/gpu/tests/BUILD:276:11: Target '//tensorflow/compiler/xla/service/gpu/tests:gpu_codegen_test' contains an error and its package is in error and referenced by '//tensorflow/compiler/xla/service/gpu/tests:gpu_copy_alone_test'
ERROR: /data/h445xu/repo/bazel-repos/cloned_repos/DeepRec-AI__DeepRec/tensorflow/compiler/xla/service/gpu/tests/BUILD:276:11: Target '//tensorflow/compiler/xla/service/gpu/tests:gpu_copy_alone_test.cc' contains an error and its package is in error and referenced by '//tensorflow/compiler/xla/service/gpu/tests:gpu_copy_alone_test'
ERROR: /data/h445xu/repo/bazel-repos/cloned_repos/DeepRec-AI__DeepRec/tensorflow/lite/java/BUILD:53:16: Target '//tensorflow/lite/java:AndroidManifest.xml' contains an error and its package is in error and referenced by '//tensorflow/lite/java:tensorflowlite_flex'
ERROR: /data/h445xu/repo/bazel-repos/cloned_repos/DeepRec-AI__DeepRec/tensorflow/lite/java/BUILD:53:16: Target '//tensorflow/lite/java:proguard.flags' contains an error and its package is in error and referenced by '//tensorflow/lite/java:tensorflowlite_flex'
ERROR: /data/h445xu/repo/bazel-repos/cloned_repos/DeepRec-AI__DeepRec/tensorflow/lite/java/BUILD:53:16: Target '//tensorflow/lite/java:src/main/java/org/tensorflow/lite/DataType.java' contains an error and its package is in error and referenced by '//tensorflow/lite/java:tensorflowlite_flex'
ERROR: /data/h445xu/repo/bazel-repos/cloned_repos/DeepRec-AI__DeepRec/tensorflow/lite/java/BUILD:53:16: Target '//tensorflow/lite/java:src/main/java/org/tensorflow/lite/Delegate.java' contains an error and its package is in error and referenced by '//tensorflow/lite/java:tensorflowlite_flex'
ERROR: /data/h445xu/repo/bazel-repos/cloned_repos/DeepRec-AI__DeepRec/tensorflow/lite/java/BUILD:53:16: Target '//tensorflow/lite/java:src/main/java/org/tensorflow/lite/Interpreter.java' contains an error and its package is in error and referenced by '//tensorflow/lite/java:tensorflowlite_flex'
ERROR: /data/h445xu/repo/bazel-repos/cloned_repos/DeepRec-AI__DeepRec/tensorflow/lite/java/BUILD:53:16: Target '//tensorflow/lite/java:src/main/java/org/tensorflow/lite/NativeInterpreterWrapper.java' contains an error and its package is in error and referenced by '//tensorflow/lite/java:tensorflowlite_flex'
ERROR: /data/h445xu/repo/bazel-repos/cloned_repos/DeepRec-AI__DeepRec/tensorflow/lite/java/BUILD:53:16: Target '//tensorflow/lite/java:src/main/java/org/tensorflow/lite/Tensor.java' contains an error and its package is in error and referenced by '//tensorflow/lite/java:tensorflowlite_flex'
ERROR: /data/h445xu/repo/bazel-repos/cloned_repos/DeepRec-AI__DeepRec/tensorflow/lite/java/BUILD:53:16: Target '//tensorflow/lite/java:src/main/java/org/tensorflow/lite/TensorFlowLite.java' contains an error and its package is in error and referenced by '//tensorflow/lite/java:tensorflowlite_flex'
ERROR: /data/h445xu/repo/bazel-repos/cloned_repos/DeepRec-AI__DeepRec/tensorflow/lite/java/BUILD:53:16: Target '//tensorflow/lite/java:src/main/java/org/tensorflow/lite/package-info.java' contains an error and its package is in error and referenced by '//tensorflow/lite/java:tensorflowlite_flex'
ERROR: /data/h445xu/repo/bazel-repos/cloned_repos/DeepRec-AI__DeepRec/tensorflow/compiler/xla/service/gpu/tests/BUILD:458:11: Target '//tensorflow/compiler/xla/service/gpu/tests:friends' contains an error and its package is in error and referenced by '//tensorflow/compiler/xla/service/gpu/tests:gpu_atomic_test'
ERROR: /data/h445xu/repo/bazel-repos/cloned_repos/DeepRec-AI__DeepRec/tensorflow/compiler/xla/service/gpu/tests/BUILD:458:11: Target '//tensorflow/compiler/xla/service/gpu/tests:gpu_codegen_test' contains an error and its package is in error and referenced by '//tensorflow/compiler/xla/service/gpu/tests:gpu_atomic_test'
ERROR: /data/h445xu/repo/bazel-repos/cloned_repos/DeepRec-AI__DeepRec/tensorflow/compiler/xla/service/gpu/tests/BUILD:458:11: Target '//tensorflow/compiler/xla/service/gpu/tests:gpu_atomic_test.cc' contains an error and its package is in error and referenced by '//tensorflow/compiler/xla/service/gpu/tests:gpu_atomic_test'
ERROR: /data/h445xu/repo/bazel-repos/cloned_repos/DeepRec-AI__DeepRec/tensorflow/compiler/xla/service/gpu/tests/BUILD:290:11: Target '//tensorflow/compiler/xla/service/gpu/tests:friends' contains an error and its package is in error and referenced by '//tensorflow/compiler/xla/service/gpu/tests:gpu_ftz_test'
ERROR: /data/h445xu/repo/bazel-repos/cloned_repos/DeepRec-AI__DeepRec/tensorflow/compiler/xla/service/gpu/tests/BUILD:290:11: Target '//tensorflow/compiler/xla/service/gpu/tests:gpu_codegen_test' contains an error and its package is in error and referenced by '//tensorflow/compiler/xla/service/gpu/tests:gpu_ftz_test'
ERROR: /data/h445xu/repo/bazel-repos/cloned_repos/DeepRec-AI__DeepRec/tensorflow/compiler/xla/service/gpu/tests/BUILD:290:11: Target '//tensorflow/compiler/xla/service/gpu/tests:gpu_ftz_test.cc' contains an error and its package is in error and referenced by '//tensorflow/compiler/xla/service/gpu/tests:gpu_ftz_test'
ERROR: /data/h445xu/repo/bazel-repos/cloned_repos/DeepRec-AI__DeepRec/tensorflow/compiler/xla/service/gpu/tests/BUILD:441:11: Target '//tensorflow/compiler/xla/service/gpu/tests:friends' contains an error and its package is in error and referenced by '//tensorflow/compiler/xla/service/gpu/tests:gpu_alignment_test'
ERROR: /data/h445xu/repo/bazel-repos/cloned_repos/DeepRec-AI__DeepRec/tensorflow/compiler/xla/service/gpu/tests/BUILD:441:11: Target '//tensorflow/compiler/xla/service/gpu/tests:gpu_codegen_test' contains an error and its package is in error and referenced by '//tensorflow/compiler/xla/service/gpu/tests:gpu_alignment_test'
ERROR: /data/h445xu/repo/bazel-repos/cloned_repos/DeepRec-AI__DeepRec/tensorflow/compiler/xla/service/gpu/tests/BUILD:441:11: Target '//tensorflow/compiler/xla/service/gpu/tests:gpu_alignment_test.cc' contains an error and its package is in error and referenced by '//tensorflow/compiler/xla/service/gpu/tests:gpu_alignment_test'
ERROR: /data/h445xu/repo/bazel-repos/cloned_repos/DeepRec-AI__DeepRec/tensorflow/compiler/xla/service/gpu/tests/BUILD:343:11: Target '//tensorflow/compiler/xla/service/gpu/tests:friends' contains an error and its package is in error and referenced by '//tensorflow/compiler/xla/service/gpu/tests:async_out_send_test'
ERROR: /data/h445xu/repo/bazel-repos/cloned_repos/DeepRec-AI__DeepRec/tensorflow/compiler/mlir/lite/BUILD:641:13: no such target '//tensorflow/core/platform:errors': target 'errors' not declared in package 'tensorflow/core/platform' (did you mean 'error.h'?) defined by /data/h445xu/repo/bazel-repos/cloned_repos/DeepRec-AI__DeepRec/tensorflow/core/platform/BUILD and referenced by '//tensorflow/compiler/mlir/lite:tf_tfl_translate'
ERROR: /data/h445xu/repo/bazel-repos/cloned_repos/DeepRec-AI__DeepRec/tensorflow/compiler/xla/service/gpu/tests/BUILD:57:11: Target '//tensorflow/compiler/xla/service/gpu/tests:friends' contains an error and its package is in error and referenced by '//tensorflow/compiler/xla/service/gpu/tests:gemm_rewrite_test'
ERROR: /data/h445xu/repo/bazel-repos/cloned_repos/DeepRec-AI__DeepRec/tensorflow/compiler/xla/service/gpu/tests/BUILD:57:11: Target '//tensorflow/compiler/xla/service/gpu/tests:gpu_codegen_test' contains an error and its package is in error and referenced by '//tensorflow/compiler/xla/service/gpu/tests:gemm_rewrite_test'
ERROR: /data/h445xu/repo/bazel-repos/cloned_repos/DeepRec-AI__DeepRec/tensorflow/compiler/xla/service/gpu/tests/BUILD:57:11: Target '//tensorflow/compiler/xla/service/gpu/tests:gemm_rewrite_test.cc' contains an error and its package is in error and referenced by '//tensorflow/compiler/xla/service/gpu/tests:gemm_rewrite_test'
ERROR: /data/h445xu/repo/bazel-repos/cloned_repos/DeepRec-AI__DeepRec/tensorflow/compiler/xla/service/gpu/tests/BUILD:343:11: Target '//tensorflow/compiler/xla/service/gpu/tests:gpu_codegen_test' contains an error and its package is in error and referenced by '//tensorflow/compiler/xla/service/gpu/tests:async_out_send_test'
ERROR: /data/h445xu/repo/bazel-repos/cloned_repos/DeepRec-AI__DeepRec/tensorflow/compiler/xla/service/gpu/tests/BUILD:343:11: Target '//tensorflow/compiler/xla/service/gpu/tests:async_out_send_test.cc' contains an error and its package is in error and referenced by '//tensorflow/compiler/xla/service/gpu/tests:async_out_send_test'
ERROR: /data/h445xu/repo/bazel-repos/cloned_repos/DeepRec-AI__DeepRec/tensorflow/lite/java/BUILD:28:13: Target '//tensorflow/lite/java:tensorflowlite_flex' contains an error and its package is in error and referenced by '//tensorflow/lite/java:tensorflow-lite-with-select-tf-ops_dummy_app_for_so'
ERROR: /data/h445xu/repo/bazel-repos/cloned_repos/DeepRec-AI__DeepRec/tensorflow/lite/java/BUILD:28:13: Target '//tensorflow/lite/java:tensorflow-lite-with-select-tf-ops_generated_AndroidManifest.xml' contains an error and its package is in error and referenced by '//tensorflow/lite/java:tensorflow-lite-with-select-tf-ops_dummy_app_for_so'
ERROR: in target '//tensorflow/lite/java:tensorflowlite_flex.aar', no such label '//tensorflow/lite/java:tensorflowlite_flex': Target '//tensorflow/lite/java:tensorflowlite_flex' contains an error and its package is in error
ERROR: /data/h445xu/repo/bazel-repos/cloned_repos/DeepRec-AI__DeepRec/tensorflow/compiler/xla/service/gpu/tests/BUILD:237:11: Target '//tensorflow/compiler/xla/service/gpu/tests:gpu_codegen_test' contains an error and its package is in error and referenced by '//tensorflow/compiler/xla/service/gpu/tests:parallel_reduction_test'
ERROR: /data/h445xu/repo/bazel-repos/cloned_repos/DeepRec-AI__DeepRec/tensorflow/compiler/xla/service/gpu/tests/BUILD:237:11: Target '//tensorflow/compiler/xla/service/gpu/tests:parallel_reduction_test.cc' contains an error and its package is in error and referenced by '//tensorflow/compiler/xla/service/gpu/tests:parallel_reduction_test'
ERROR: /data/h445xu/repo/bazel-repos/cloned_repos/DeepRec-AI__DeepRec/tensorflow/contrib/learn/BUILD:831:8: no such target '//tensorflow/contrib/session_bundle:manifest_proto_py_pb2': target 'manifest_proto_py_pb2' not declared in package 'tensorflow/contrib/session_bundle' (did you mean 'manifest_proto_py'?) defined by /data/h445xu/repo/bazel-repos/cloned_repos/DeepRec-AI__DeepRec/tensorflow/contrib/session_bundle/BUILD and referenced by '//tensorflow/contrib/learn:export_test'
ERROR: /data/h445xu/repo/bazel-repos/cloned_repos/DeepRec-AI__DeepRec/tensorflow/compiler/aot/tests/BUILD:195:11: no such target '//tensorflow/compiler/xla/service:hlo_profile_printer_data': target 'hlo_profile_printer_data' not declared in package 'tensorflow/compiler/xla/service' (did you mean 'hlo_profile_printer_data_cc'?) defined by /data/h445xu/repo/bazel-repos/cloned_repos/DeepRec-AI__DeepRec/tensorflow/compiler/xla/service/BUILD and referenced by '//tensorflow/compiler/aot/tests:test_graph_tfmatmulandadd_with_profiling'
ERROR: /data/h445xu/repo/bazel-repos/cloned_repos/DeepRec-AI__DeepRec/tensorflow/examples/tf2_showcase/BUILD:18:8: no such package 'third_party/py/absl': BUILD file not found in any of the following directories. Add a BUILD file to a directory to mark it as a package.
 - /data/h445xu/repo/bazel-repos/cloned_repos/DeepRec-AI__DeepRec/third_party/py/absl and referenced by '//tensorflow/examples/tf2_showcase:mnist'
ERROR: /data/h445xu/repo/bazel-repos/cloned_repos/DeepRec-AI__DeepRec/tensorflow/examples/tf2_showcase/BUILD:18:8: no such package 'third_party/py/absl/flags': BUILD file not found in any of the following directories. Add a BUILD file to a directory to mark it as a package.
 - /data/h445xu/repo/bazel-repos/cloned_repos/DeepRec-AI__DeepRec/third_party/py/absl/flags and referenced by '//tensorflow/examples/tf2_showcase:mnist'
ERROR: /data/h445xu/repo/bazel-repos/cloned_repos/DeepRec-AI__DeepRec/tensorflow/lite/java/ovic/demo/app/BUILD:9:15: Target '//tensorflow/lite/java:tensorflowlite' contains an error and its package is in error and referenced by '//tensorflow/lite/java/ovic/demo/app:ovic_benchmarker_binary'
ERROR: /data/h445xu/repo/bazel-repos/cloned_repos/DeepRec-AI__DeepRec/tensorflow/lite/java/ovic/demo/app/BUILD:9:15: no such package '@androidsdk//com.android.support': The repository '@androidsdk' could not be resolved: Repository '@androidsdk' is not defined and referenced by '//tensorflow/lite/java/ovic/demo/app:ovic_benchmarker_binary'
ERROR: /data/h445xu/repo/bazel-repos/cloned_repos/DeepRec-AI__DeepRec/tensorflow/lite/java/ovic/demo/app/BUILD:9:15: no such package '@androidsdk//com.android.support': The repository '@androidsdk' could not be resolved: Repository '@androidsdk' is not defined and referenced by '//tensorflow/lite/java/ovic/demo/app:ovic_benchmarker_binary'
ERROR: /data/h445xu/repo/bazel-repos/cloned_repos/DeepRec-AI__DeepRec/tensorflow/lite/java/ovic/demo/app/BUILD:9:15: Target '//tensorflow/lite/java/ovic/demo/app:AndroidManifest.xml' contains an error and its package is in error and referenced by '//tensorflow/lite/java/ovic/demo/app:ovic_benchmarker_binary'
ERROR: /data/h445xu/repo/bazel-repos/cloned_repos/DeepRec-AI__DeepRec/tensorflow/lite/java/ovic/demo/app/BUILD:9:15: Target '//tensorflow/lite/java/ovic/demo/app:res/drawable-mdpi/ic_launcher.png' contains an error and its package is in error and referenced by '//tensorflow/lite/java/ovic/demo/app:ovic_benchmarker_binary'
ERROR: /data/h445xu/repo/bazel-repos/cloned_repos/DeepRec-AI__DeepRec/tensorflow/lite/java/ovic/demo/app/BUILD:9:15: Target '//tensorflow/lite/java/ovic/demo/app:res/drawable-xhdpi/ic_launcher.png' contains an error and its package is in error and referenced by '//tensorflow/lite/java/ovic/demo/app:ovic_benchmarker_binary'
ERROR: /data/h445xu/repo/bazel-repos/cloned_repos/DeepRec-AI__DeepRec/tensorflow/lite/java/ovic/demo/app/BUILD:9:15: Target '//tensorflow/lite/java/ovic/demo/app:res/drawable/start_button_color.xml' contains an error and its package is in error and referenced by '//tensorflow/lite/java/ovic/demo/app:ovic_benchmarker_binary'
ERROR: /data/h445xu/repo/bazel-repos/cloned_repos/DeepRec-AI__DeepRec/tensorflow/lite/java/ovic/demo/app/BUILD:9:15: Target '//tensorflow/lite/java/ovic/demo/app:res/layout/activity_main.xml' contains an error and its package is in error and referenced by '//tensorflow/lite/java/ovic/demo/app:ovic_benchmarker_binary'
ERROR: /data/h445xu/repo/bazel-repos/cloned_repos/DeepRec-AI__DeepRec/tensorflow/lite/java/ovic/demo/app/BUILD:9:15: Target '//tensorflow/lite/java/ovic/demo/app:res/values/dimens.xml' contains an error and its package is in error and referenced by '//tensorflow/lite/java/ovic/demo/app:ovic_benchmarker_binary'
ERROR: /data/h445xu/repo/bazel-repos/cloned_repos/DeepRec-AI__DeepRec/tensorflow/lite/java/ovic/demo/app/BUILD:9:15: Target '//tensorflow/lite/java/ovic/demo/app:res/values/strings.xml' contains an error and its package is in error and referenced by '//tensorflow/lite/java/ovic/demo/app:ovic_benchmarker_binary'
ERROR: /data/h445xu/repo/bazel-repos/cloned_repos/DeepRec-AI__DeepRec/tensorflow/lite/java/ovic/demo/app/BUILD:9:15: Target '//tensorflow/lite/java/ovic/demo/app:OvicBenchmarkerActivity.java' contains an error and its package is in error and referenced by '//tensorflow/lite/java/ovic/demo/app:ovic_benchmarker_binary'
ERROR: in target '//tensorflow/lite/java:tensorflow-lite_dummy_app_for_so_unsigned.apk', no such label '//tensorflow/lite/java:tensorflow-lite_dummy_app_for_so': Target '//tensorflow/lite/java:tensorflow-lite_dummy_app_for_so' contains an error and its package is in error
ERROR: /data/h445xu/repo/bazel-repos/cloned_repos/DeepRec-AI__DeepRec/tensorflow/lite/java/BUILD:143:10: Target '//tensorflow/lite/java:tensorflowlitelib' contains an error and its package is in error and referenced by '//tensorflow/lite/java:NativeInterpreterWrapperTest'
ERROR: /data/h445xu/repo/bazel-repos/cloned_repos/DeepRec-AI__DeepRec/tensorflow/lite/java/BUILD:143:10: Target '//tensorflow/lite/java:src/testdata/add.bin' contains an error and its package is in error and referenced by '//tensorflow/lite/java:NativeInterpreterWrapperTest'
ERROR: /data/h445xu/repo/bazel-repos/cloned_repos/DeepRec-AI__DeepRec/tensorflow/lite/java/BUILD:143:10: Target '//tensorflow/lite/java:src/testdata/int32.bin' contains an error and its package is in error and referenced by '//tensorflow/lite/java:NativeInterpreterWrapperTest'
ERROR: /data/h445xu/repo/bazel-repos/cloned_repos/DeepRec-AI__DeepRec/tensorflow/lite/java/BUILD:143:10: Target '//tensorflow/lite/java:src/testdata/int64.bin' contains an error and its package is in error and referenced by '//tensorflow/lite/java:NativeInterpreterWrapperTest'
ERROR: /data/h445xu/repo/bazel-repos/cloned_repos/DeepRec-AI__DeepRec/tensorflow/lite/java/BUILD:143:10: Target '//tensorflow/lite/java:src/testdata/invalid_model.bin' contains an error and its package is in error and referenced by '//tensorflow/lite/java:NativeInterpreterWrapperTest'
ERROR: /data/h445xu/repo/bazel-repos/cloned_repos/DeepRec-AI__DeepRec/tensorflow/lite/java/BUILD:143:10: Target '//tensorflow/lite/java:src/testdata/quantized.bin' contains an error and its package is in error and referenced by '//tensorflow/lite/java:NativeInterpreterWrapperTest'
ERROR: /data/h445xu/repo/bazel-repos/cloned_repos/DeepRec-AI__DeepRec/tensorflow/lite/java/BUILD:143:10: Target '//tensorflow/lite/java:src/testdata/string.bin' contains an error and its package is in error and referenced by '//tensorflow/lite/java:NativeInterpreterWrapperTest'
ERROR: /data/h445xu/repo/bazel-repos/cloned_repos/DeepRec-AI__DeepRec/tensorflow/lite/java/BUILD:143:10: Target '//tensorflow/lite/java:src/testdata/uint8.bin' contains an error and its package is in error and referenced by '//tensorflow/lite/java:NativeInterpreterWrapperTest'
ERROR: /data/h445xu/repo/bazel-repos/cloned_repos/DeepRec-AI__DeepRec/tensorflow/lite/java/BUILD:143:10: Target '//tensorflow/lite/java:src/testdata/with_custom_op.lite' contains an error and its package is in error and referenced by '//tensorflow/lite/java:NativeInterpreterWrapperTest'
ERROR: /data/h445xu/repo/bazel-repos/cloned_repos/DeepRec-AI__DeepRec/tensorflow/lite/java/BUILD:143:10: Target '//tensorflow/lite/java:src/test/java/org/tensorflow/lite/NativeInterpreterWrapperTest.java' contains an error and its package is in error and referenced by '//tensorflow/lite/java:NativeInterpreterWrapperTest'
ERROR: /data/h445xu/repo/bazel-repos/cloned_repos/DeepRec-AI__DeepRec/tensorflow/lite/java/BUILD:198:10: Target '//tensorflow/lite/java:tensorflowlitelib' contains an error and its package is in error and referenced by '//tensorflow/lite/java:NnApiDelegateTest'
ERROR: /data/h445xu/repo/bazel-repos/cloned_repos/DeepRec-AI__DeepRec/tensorflow/lite/java/BUILD:198:10: Target '//tensorflow/lite/java:src/testdata/add.bin' contains an error and its package is in error and referenced by '//tensorflow/lite/java:NnApiDelegateTest'
ERROR: /data/h445xu/repo/bazel-repos/cloned_repos/DeepRec-AI__DeepRec/tensorflow/lite/java/BUILD:198:10: Target '//tensorflow/lite/java:src/test/java/org/tensorflow/lite/TestUtils.java' contains an error and its package is in error and referenced by '//tensorflow/lite/java:NnApiDelegateTest'
ERROR: /data/h445xu/repo/bazel-repos/cloned_repos/DeepRec-AI__DeepRec/tensorflow/lite/java/BUILD:198:10: Target '//tensorflow/lite/java:src/test/java/org/tensorflow/lite/nnapi/NnApiDelegateTest.java' contains an error and its package is in error and referenced by '//tensorflow/lite/java:NnApiDelegateTest'
ERROR: /data/h445xu/repo/bazel-repos/cloned_repos/DeepRec-AI__DeepRec/tensorflow/lite/java/BUILD:109:10: Target '//tensorflow/lite/java:tensorflowlitelib' contains an error and its package is in error and referenced by '//tensorflow/lite/java:TensorFlowLiteTest'
ERROR: /data/h445xu/repo/bazel-repos/cloned_repos/DeepRec-AI__DeepRec/tensorflow/lite/java/BUILD:243:10: Target '//tensorflow/lite/java:tensorflowlitelib' contains an error and its package is in error and referenced by '//tensorflow/lite/java:TensorTest'
ERROR: /data/h445xu/repo/bazel-repos/cloned_repos/DeepRec-AI__DeepRec/tensorflow/lite/java/BUILD:243:10: Target '//tensorflow/lite/java:src/testdata/add.bin' contains an error and its package is in error and referenced by '//tensorflow/lite/java:TensorTest'
ERROR: /data/h445xu/repo/bazel-repos/cloned_repos/DeepRec-AI__DeepRec/tensorflow/lite/java/BUILD:243:10: Target '//tensorflow/lite/java:src/test/java/org/tensorflow/lite/TensorTest.java' contains an error and its package is in error and referenced by '//tensorflow/lite/java:TensorTest'
ERROR: /data/h445xu/repo/bazel-repos/cloned_repos/DeepRec-AI__DeepRec/tensorflow/lite/java/BUILD:172:10: Target '//tensorflow/lite/java:tensorflowlitelib' contains an error and its package is in error and referenced by '//tensorflow/lite/java:InterpreterTest'
ERROR: /data/h445xu/repo/bazel-repos/cloned_repos/DeepRec-AI__DeepRec/tensorflow/lite/java/BUILD:172:10: Target '//tensorflow/lite/java:src/testdata/add.bin' contains an error and its package is in error and referenced by '//tensorflow/lite/java:InterpreterTest'
ERROR: /data/h445xu/repo/bazel-repos/cloned_repos/DeepRec-AI__DeepRec/tensorflow/lite/java/BUILD:172:10: Target '//tensorflow/lite/java:src/test/java/org/tensorflow/lite/InterpreterTest.java' contains an error and its package is in error and referenced by '//tensorflow/lite/java:InterpreterTest'
ERROR: /data/h445xu/repo/bazel-repos/cloned_repos/DeepRec-AI__DeepRec/tensorflow/lite/java/BUILD:172:10: Target '//tensorflow/lite/java:src/test/java/org/tensorflow/lite/TestUtils.java' contains an error and its package is in error and referenced by '//tensorflow/lite/java:InterpreterTest'
ERROR: /data/h445xu/repo/bazel-repos/cloned_repos/DeepRec-AI__DeepRec/tensorflow/lite/models/smartreply/demo/app/src/main/BUILD:40:11: Target '//tensorflow/lite/models/smartreply/demo/app/src/main:libsmartreply_jni.so' contains an error and its package is in error and referenced by '//tensorflow/lite/models/smartreply/demo/app/src/main:smartreply_runtime'
ERROR: /data/h445xu/repo/bazel-repos/cloned_repos/DeepRec-AI__DeepRec/tensorflow/examples/android/BUILD:64:15: Target '//tensorflow/examples/android:src/org/tensorflow/demo/SpeechActivity.java' contains an error and its package is in error and referenced by '//tensorflow/examples/android:tensorflow_demo'
ERROR: /data/h445xu/repo/bazel-repos/cloned_repos/DeepRec-AI__DeepRec/tensorflow/examples/android/BUILD:64:15: Target '//tensorflow/examples/android:src/org/tensorflow/demo/StylizeActivity.java' contains an error and its package is in error and referenced by '//tensorflow/examples/android:tensorflow_demo'
ERROR: /data/h445xu/repo/bazel-repos/cloned_repos/DeepRec-AI__DeepRec/tensorflow/examples/android/BUILD:64:15: Target '//tensorflow/examples/android:src/org/tensorflow/demo/TensorFlowImageClassifier.java' contains an error and its package is in error and referenced by '//tensorflow/examples/android:tensorflow_demo'
ERROR: /data/h445xu/repo/bazel-repos/cloned_repos/DeepRec-AI__DeepRec/tensorflow/examples/android/BUILD:64:15: Target '//tensorflow/examples/android:src/org/tensorflow/demo/TensorFlowMultiBoxDetector.java' contains an error and its package is in error and referenced by '//tensorflow/examples/android:tensorflow_demo'
ERROR: /data/h445xu/repo/bazel-repos/cloned_repos/DeepRec-AI__DeepRec/tensorflow/examples/android/BUILD:64:15: Target '//tensorflow/examples/android:src/org/tensorflow/demo/TensorFlowObjectDetectionAPIModel.java' contains an error and its package is in error and referenced by '//tensorflow/examples/android:tensorflow_demo'
ERROR: /data/h445xu/repo/bazel-repos/cloned_repos/DeepRec-AI__DeepRec/tensorflow/examples/android/BUILD:64:15: Target '//tensorflow/examples/android:src/org/tensorflow/demo/TensorFlowYoloDetector.java' contains an error and its package is in error and referenced by '//tensorflow/examples/android:tensorflow_demo'
ERROR: /data/h445xu/repo/bazel-repos/cloned_repos/DeepRec-AI__DeepRec/tensorflow/examples/android/BUILD:64:15: Target '//tensorflow/examples/android:src/org/tensorflow/demo/env/BorderedText.java' contains an error and its package is in error and referenced by '//tensorflow/examples/android:tensorflow_demo'
ERROR: /data/h445xu/repo/bazel-repos/cloned_repos/DeepRec-AI__DeepRec/tensorflow/examples/android/BUILD:64:15: Target '//tensorflow/examples/android:src/org/tensorflow/demo/env/ImageUtils.java' contains an error and its package is in error and referenced by '//tensorflow/examples/android:tensorflow_demo'
ERROR: /data/h445xu/repo/bazel-repos/cloned_repos/DeepRec-AI__DeepRec/tensorflow/examples/android/BUILD:64:15: Target '//tensorflow/examples/android:src/org/tensorflow/demo/env/Logger.java' contains an error and its package is in error and referenced by '//tensorflow/examples/android:tensorflow_demo'
ERROR: /data/h445xu/repo/bazel-repos/cloned_repos/DeepRec-AI__DeepRec/tensorflow/examples/android/BUILD:64:15: Target '//tensorflow/examples/android:src/org/tensorflow/demo/env/Size.java' contains an error and its package is in error and referenced by '//tensorflow/examples/android:tensorflow_demo'
ERROR: /data/h445xu/repo/bazel-repos/cloned_repos/DeepRec-AI__DeepRec/tensorflow/examples/android/BUILD:64:15: Target '//tensorflow/examples/android:src/org/tensorflow/demo/env/SplitTimer.java' contains an error and its package is in error and referenced by '//tensorflow/examples/android:tensorflow_demo'
ERROR: /data/h445xu/repo/bazel-repos/cloned_repos/DeepRec-AI__DeepRec/tensorflow/examples/android/BUILD:64:15: Target '//tensorflow/examples/android:src/org/tensorflow/demo/tracking/MultiBoxTracker.java' contains an error and its package is in error and referenced by '//tensorflow/examples/android:tensorflow_demo'
ERROR: /data/h445xu/repo/bazel-repos/cloned_repos/DeepRec-AI__DeepRec/tensorflow/examples/android/BUILD:64:15: Target '//tensorflow/examples/android:src/org/tensorflow/demo/tracking/ObjectTracker.java' contains an error and its package is in error and referenced by '//tensorflow/examples/android:tensorflow_demo'
ERROR: /data/h445xu/repo/bazel-repos/cloned_repos/DeepRec-AI__DeepRec/tensorflow/lite/java/BUILD:109:10: Target '//tensorflow/lite/java:src/test/java/org/tensorflow/lite/TensorFlowLiteTest.java' contains an error and its package is in error and referenced by '//tensorflow/lite/java:TensorFlowLiteTest'
ERROR: /data/h445xu/repo/bazel-repos/cloned_repos/DeepRec-AI__DeepRec/tensorflow/lite/java/BUILD:22:13: Target '//tensorflow/lite/java:tensorflowlite.aar' contains an error and its package is in error and referenced by '//tensorflow/lite/java:tensorflow-lite'
ERROR: /data/h445xu/repo/bazel-repos/cloned_repos/DeepRec-AI__DeepRec/tensorflow/lite/java/BUILD:22:13: Target '//tensorflow/lite/java:tensorflow-lite_dummy_app_for_so_unsigned.apk' contains an error and its package is in error and referenced by '//tensorflow/lite/java:tensorflow-lite'
ERROR: in target '//tensorflow/lite/java:tensorflow-lite-with-select-tf-ops_dummy_app_for_so_unsigned.apk', no such label '//tensorflow/lite/java:tensorflow-lite-with-select-tf-ops_dummy_app_for_so': Target '//tensorflow/lite/java:tensorflow-lite-with-select-tf-ops_dummy_app_for_so' contains an error and its package is in error
ERROR: /data/h445xu/repo/bazel-repos/cloned_repos/DeepRec-AI__DeepRec/tensorflow/lite/models/smartreply/demo/app/src/main/BUILD:20:15: Target '//tensorflow/lite/models/smartreply/demo/app/src/main:smartreply_runtime' contains an error and its package is in error and referenced by '//tensorflow/lite/models/smartreply/demo/app/src/main:SmartReplyDemo'
ERROR: /data/h445xu/repo/bazel-repos/cloned_repos/DeepRec-AI__DeepRec/tensorflow/lite/models/smartreply/demo/app/src/main/BUILD:20:15: no such package '@androidsdk//com.android.support': The repository '@androidsdk' could not be resolved: Repository '@androidsdk' is not defined and referenced by '//tensorflow/lite/models/smartreply/demo/app/src/main:SmartReplyDemo'
ERROR: /data/h445xu/repo/bazel-repos/cloned_repos/DeepRec-AI__DeepRec/tensorflow/lite/models/smartreply/demo/app/src/main/BUILD:20:15: no such package '@androidsdk//com.android.support': The repository '@androidsdk' could not be resolved: Repository '@androidsdk' is not defined and referenced by '//tensorflow/lite/models/smartreply/demo/app/src/main:SmartReplyDemo'
ERROR: /data/h445xu/repo/bazel-repos/cloned_repos/DeepRec-AI__DeepRec/tensorflow/lite/models/smartreply/demo/app/src/main/BUILD:20:15: Target '//tensorflow/lite/models/smartreply/demo/app/src/main:AndroidManifest.xml' contains an error and its package is in error and referenced by '//tensorflow/lite/models/smartreply/demo/app/src/main:SmartReplyDemo'
ERROR: /data/h445xu/repo/bazel-repos/cloned_repos/DeepRec-AI__DeepRec/tensorflow/lite/models/smartreply/demo/app/src/main/BUILD:20:15: Target '//tensorflow/lite/models/smartreply/demo/app/src/main:res/layout/main_activity.xml' contains an error and its package is in error and referenced by '//tensorflow/lite/models/smartreply/demo/app/src/main:SmartReplyDemo'
ERROR: /data/h445xu/repo/bazel-repos/cloned_repos/DeepRec-AI__DeepRec/tensorflow/lite/models/smartreply/demo/app/src/main/BUILD:20:15: Target '//tensorflow/lite/models/smartreply/demo/app/src/main:assets' contains an error and its package is in error and referenced by '//tensorflow/lite/models/smartreply/demo/app/src/main:SmartReplyDemo'
ERROR: /data/h445xu/repo/bazel-repos/cloned_repos/DeepRec-AI__DeepRec/tensorflow/lite/models/smartreply/demo/app/src/main/BUILD:20:15: Target '//tensorflow/lite/models/smartreply/demo/app/src/main:java/com/example/android/smartreply/MainActivity.java' contains an error and its package is in error and referenced by '//tensorflow/lite/models/smartreply/demo/app/src/main:SmartReplyDemo'
ERROR: /data/h445xu/repo/bazel-repos/cloned_repos/DeepRec-AI__DeepRec/tensorflow/lite/models/smartreply/demo/app/src/main/BUILD:20:15: Target '//tensorflow/lite/models/smartreply/demo/app/src/main:java/com/example/android/smartreply/SmartReply.java' contains an error and its package is in error and referenced by '//tensorflow/lite/models/smartreply/demo/app/src/main:SmartReplyDemo'
ERROR: /data/h445xu/repo/bazel-repos/cloned_repos/DeepRec-AI__DeepRec/tensorflow/lite/models/smartreply/demo/app/src/main/BUILD:20:15: Target '//tensorflow/lite/models/smartreply/demo/app/src/main:java/com/example/android/smartreply/SmartReplyClient.java' contains an error and its package is in error and referenced by '//tensorflow/lite/models/smartreply/demo/app/src/main:SmartReplyDemo'
ERROR: /data/h445xu/repo/bazel-repos/cloned_repos/DeepRec-AI__DeepRec/tensorflow/lite/java/BUILD:28:13: Target '//tensorflow/lite/java:tensorflowlite_flex.aar' contains an error and its package is in error and referenced by '//tensorflow/lite/java:tensorflow-lite-with-select-tf-ops'
ERROR: /data/h445xu/repo/bazel-repos/cloned_repos/DeepRec-AI__DeepRec/tensorflow/lite/java/BUILD:28:13: Target '//tensorflow/lite/java:tensorflow-lite-with-select-tf-ops_dummy_app_for_so_unsigned.apk' contains an error and its package is in error and referenced by '//tensorflow/lite/java:tensorflow-lite-with-select-tf-ops'
ERROR: /data/h445xu/repo/bazel-repos/cloned_repos/DeepRec-AI__DeepRec/tensorflow/lite/delegates/gpu/metal/BUILD:11:11: error loading package 'tensorflow/lite/delegates/gpu/metal/kernels': at /data/h445xu/.cache/bazel/_bazel_hongxu/d5436303f9e49b1c6ca19638b9097821/external/build_bazel_rules_apple/apple/ios.bzl:18:5: initialization of module 'apple/internal/testing/ios_rules.bzl' failed and referenced by '//tensorflow/lite/delegates/gpu/metal:api'
ERROR: /data/h445xu/repo/bazel-repos/cloned_repos/DeepRec-AI__DeepRec/tensorflow/lite/delegates/gpu/metal/BUILD:11:11: error loading package 'tensorflow/lite/delegates/gpu/metal/kernels': at /data/h445xu/.cache/bazel/_bazel_hongxu/d5436303f9e49b1c6ca19638b9097821/external/build_bazel_rules_apple/apple/ios.bzl:18:5: initialization of module 'apple/internal/testing/ios_rules.bzl' failed and referenced by '//tensorflow/lite/delegates/gpu/metal:api'
ERROR: /data/h445xu/repo/bazel-repos/cloned_repos/DeepRec-AI__DeepRec/tensorflow/lite/java/ovic/demo/app/BUILD:9:15: no such package '@androidsdk//com.android.support': The repository '@androidsdk' could not be resolved: Repository '@androidsdk' is not defined and referenced by '//tensorflow/lite/java/ovic/demo/app:ovic_benchmarker_binary'
ERROR: /data/h445xu/repo/bazel-repos/cloned_repos/DeepRec-AI__DeepRec/tensorflow/lite/java/demo/app/src/main/BUILD:8:15: no such package '@androidsdk//com.android.support': The repository '@androidsdk' could not be resolved: Repository '@androidsdk' is not defined and referenced by '//tensorflow/lite/java/demo/app/src/main:TfLiteCameraDemo'
ERROR: /data/h445xu/repo/bazel-repos/cloned_repos/DeepRec-AI__DeepRec/tensorflow/lite/java/demo/app/src/main/BUILD:8:15: no such package '@androidsdk//com.android.support': The repository '@androidsdk' could not be resolved: Repository '@androidsdk' is not defined and referenced by '//tensorflow/lite/java/demo/app/src/main:TfLiteCameraDemo'
ERROR: /data/h445xu/repo/bazel-repos/cloned_repos/DeepRec-AI__DeepRec/tensorflow/lite/java/ovic/demo/app/BUILD:9:15: no such package '@androidsdk//com.android.support': The repository '@androidsdk' could not be resolved: Repository '@androidsdk' is not defined and referenced by '//tensorflow/lite/java/ovic/demo/app:ovic_benchmarker_binary'
ERROR: /data/h445xu/repo/bazel-repos/cloned_repos/DeepRec-AI__DeepRec/third_party/python_runtime/BUILD:5:6: no such package '@local_config_python//': Python Configuration Error: Problem getting python include path.
<string>:1: DeprecationWarning: The distutils package is deprecated and slated for removal in Python 3.12. Use setuptools or check PEP 632 for potential alternatives
<string>:1: DeprecationWarning: The distutils.sysconfig module is deprecated, use sysconfig instead
Is the Python binary path set up right? (See ./configure or PYTHON_BIN_PATH.) Is distutils installed?
 and referenced by '//third_party/python_runtime:headers'
ERROR: /data/h445xu/repo/bazel-repos/cloned_repos/DeepRec-AI__DeepRec/third_party/py/numpy/BUILD:11:6: no such package '@local_config_python//': Python Configuration Error: Problem getting python include path.
<string>:1: DeprecationWarning: The distutils package is deprecated and slated for removal in Python 3.12. Use setuptools or check PEP 632 for potential alternatives
<string>:1: DeprecationWarning: The distutils.sysconfig module is deprecated, use sysconfig instead
Is the Python binary path set up right? (See ./configure or PYTHON_BIN_PATH.) Is distutils installed?
 and referenced by '//third_party/py/numpy:headers'
ERROR: /data/h445xu/.cache/bazel/_bazel_hongxu/d5436303f9e49b1c6ca19638b9097821/external/ngraph/BUILD.bazel:11:11: no such target '@mkl_dnn_v1//:mkl_dnn_aarch64': target 'mkl_dnn_aarch64' not declared in package '' defined by /data/h445xu/.cache/bazel/_bazel_hongxu/d5436303f9e49b1c6ca19638b9097821/external/mkl_dnn_v1/BUILD.bazel and referenced by '@ngraph//:ngraph_cpu_backend'
ERROR: /data/h445xu/repo/bazel-repos/cloned_repos/DeepRec-AI__DeepRec/tensorflow/compiler/mlir/lite/BUILD:547:11: no such package 'tensorflow/lite/tools/versioning': BUILD file not found in any of the following directories. Add a BUILD file to a directory to mark it as a package.
 - /data/h445xu/repo/bazel-repos/cloned_repos/DeepRec-AI__DeepRec/tensorflow/lite/tools/versioning and referenced by '//tensorflow/compiler/mlir/lite:flatbuffer_translate_lib'
ERROR: /data/h445xu/repo/bazel-repos/cloned_repos/DeepRec-AI__DeepRec/tensorflow/compiler/mlir/lite/BUILD:292:11: no such target '//tensorflow/core/kernels:tensor_list': target 'tensor_list' not declared in package 'tensorflow/core/kernels' defined by /data/h445xu/repo/bazel-repos/cloned_repos/DeepRec-AI__DeepRec/tensorflow/core/kernels/BUILD and referenced by '//tensorflow/compiler/mlir/lite:tensorflow_lite_legalize_tf'
ERROR: /data/h445xu/repo/bazel-repos/cloned_repos/DeepRec-AI__DeepRec/tensorflow/lite/models/smartreply/demo/app/src/main/BUILD:20:15: no such package '@androidsdk//com.android.support': The repository '@androidsdk' could not be resolved: Repository '@androidsdk' is not defined and referenced by '//tensorflow/lite/models/smartreply/demo/app/src/main:SmartReplyDemo'
ERROR: /data/h445xu/repo/bazel-repos/cloned_repos/DeepRec-AI__DeepRec/tensorflow/lite/models/smartreply/demo/app/src/main/BUILD:20:15: no such package '@androidsdk//com.android.support': The repository '@androidsdk' could not be resolved: Repository '@androidsdk' is not defined and referenced by '//tensorflow/lite/models/smartreply/demo/app/src/main:SmartReplyDemo'
ERROR: /data/h445xu/repo/bazel-repos/cloned_repos/DeepRec-AI__DeepRec/tensorflow/compiler/mlir/lite/BUILD:498:11: no such target '//tensorflow/core/platform:errors': target 'errors' not declared in package 'tensorflow/core/platform' (did you mean 'error.h'?) defined by /data/h445xu/repo/bazel-repos/cloned_repos/DeepRec-AI__DeepRec/tensorflow/core/platform/BUILD and referenced by '//tensorflow/compiler/mlir/lite:flatbuffer_tflite_operator_lib'
Loading: 816 packages loaded
    currently loading: third_party/toolchains/cpus/arm ... (3 packages)
ERROR: /data/h445xu/repo/bazel-repos/cloned_repos/DeepRec-AI__DeepRec/tensorflow/contrib/learn/BUILD:831:8: no such target '//tensorflow/contrib/session_bundle:manifest_proto_py_pb2': target 'manifest_proto_py_pb2' not declared in package 'tensorflow/contrib/session_bundle' (did you mean 'manifest_proto_py'?) defined by /data/h445xu/repo/bazel-repos/cloned_repos/DeepRec-AI__DeepRec/tensorflow/contrib/session_bundle/BUILD and referenced by '//tensorflow/contrib/learn:export_test'
ERROR: /data/h445xu/repo/bazel-repos/cloned_repos/DeepRec-AI__DeepRec/tensorflow/compiler/aot/tests/BUILD:195:11: no such target '//tensorflow/compiler/xla/service:hlo_profile_printer_data': target 'hlo_profile_printer_data' not declared in package 'tensorflow/compiler/xla/service' (did you mean 'hlo_profile_printer_data_cc'?) defined by /data/h445xu/repo/bazel-repos/cloned_repos/DeepRec-AI__DeepRec/tensorflow/compiler/xla/service/BUILD and referenced by '//tensorflow/compiler/aot/tests:test_graph_tfmatmulandadd_with_profiling'
ERROR: /data/h445xu/repo/bazel-repos/cloned_repos/DeepRec-AI__DeepRec/tensorflow/compiler/mlir/lite/BUILD:641:13: no such target '//tensorflow/core/platform:errors': target 'errors' not declared in package 'tensorflow/core/platform' (did you mean 'error.h'?) defined by /data/h445xu/repo/bazel-repos/cloned_repos/DeepRec-AI__DeepRec/tensorflow/core/platform/BUILD and referenced by '//tensorflow/compiler/mlir/lite:tf_tfl_translate'
ERROR: /data/h445xu/repo/bazel-repos/cloned_repos/DeepRec-AI__DeepRec/tensorflow/compiler/mlir/xla/BUILD:105:11: no such target '//tensorflow/core/kernels:conv_grad_shape_utils': target 'conv_grad_shape_utils' not declared in package 'tensorflow/core/kernels' defined by /data/h445xu/repo/bazel-repos/cloned_repos/DeepRec-AI__DeepRec/tensorflow/core/kernels/BUILD and referenced by '//tensorflow/compiler/mlir/xla:xla_legalize_tf'
ERROR: /data/h445xu/repo/bazel-repos/cloned_repos/DeepRec-AI__DeepRec/tensorflow/compiler/xla/python/BUILD:251:11: no such package '@dlpack//': The repository '@dlpack' could not be resolved: Repository '@dlpack' is not defined and referenced by '//tensorflow/compiler/xla/python:dlpack'
ERROR: /data/h445xu/repo/bazel-repos/cloned_repos/DeepRec-AI__DeepRec/tensorflow/compiler/xla/python/tpu_driver/BUILD:94:11: no such target '//tensorflow/core/platform:env': target 'env' not declared in package 'tensorflow/core/platform' defined by /data/h445xu/repo/bazel-repos/cloned_repos/DeepRec-AI__DeepRec/tensorflow/core/platform/BUILD and referenced by '//tensorflow/compiler/xla/python/tpu_driver:recording_tpu_driver'
ERROR: /data/h445xu/repo/bazel-repos/cloned_repos/DeepRec-AI__DeepRec/tensorflow/compiler/xla/python/tpu_driver/client/BUILD:8:11: no such target '//tensorflow/core/platform:env': target 'env' not declared in package 'tensorflow/core/platform' defined by /data/h445xu/repo/bazel-repos/cloned_repos/DeepRec-AI__DeepRec/tensorflow/core/platform/BUILD and referenced by '//tensorflow/compiler/xla/python/tpu_driver/client:tpu_client'
ERROR: /data/h445xu/repo/bazel-repos/cloned_repos/DeepRec-AI__DeepRec/tensorflow/compiler/xla/python/BUILD:311:17: no such target '//tensorflow/core/profiler/lib:profiler_backends': target 'profiler_backends' not declared in package 'tensorflow/core/profiler/lib' defined by /data/h445xu/repo/bazel-repos/cloned_repos/DeepRec-AI__DeepRec/tensorflow/core/profiler/lib/BUILD and referenced by '//tensorflow/compiler/xla/python:xla_extension.so'
ERROR: /data/h445xu/repo/bazel-repos/cloned_repos/DeepRec-AI__DeepRec/tensorflow/compiler/xla/python/tpu_driver/BUILD:20:20: no such target '//tensorflow/compiler/xla:xla_data_proto_cc_cc_genproto': target 'xla_data_proto_cc_cc_genproto' not declared in package 'tensorflow/compiler/xla' (did you mean 'xla_data_proto_cc_genproto'?) defined by /data/h445xu/repo/bazel-repos/cloned_repos/DeepRec-AI__DeepRec/tensorflow/compiler/xla/BUILD and referenced by '//tensorflow/compiler/xla/python/tpu_driver:tpu_service_proto_cc_genproto'
ERROR: /data/h445xu/repo/bazel-repos/cloned_repos/DeepRec-AI__DeepRec/tensorflow/compiler/xla/python/tpu_driver/BUILD:20:20: no such target '//tensorflow/compiler/xla:xla_data_proto_cc_proto_srcs': target 'xla_data_proto_cc_proto_srcs' not declared in package 'tensorflow/compiler/xla' (did you mean 'xla_data_proto_proto_srcs'?) defined by /data/h445xu/repo/bazel-repos/cloned_repos/DeepRec-AI__DeepRec/tensorflow/compiler/xla/BUILD and referenced by '//tensorflow/compiler/xla/python/tpu_driver:tpu_service_proto_proto_srcs'
ERROR: /data/h445xu/repo/bazel-repos/cloned_repos/DeepRec-AI__DeepRec/tensorflow/compiler/xla/python/tpu_driver/BUILD:20:20: no such target '//tensorflow/compiler/xla:xla_data_proto_cc_cc': target 'xla_data_proto_cc_cc' not declared in package 'tensorflow/compiler/xla' (did you mean 'xla_data_proto_cc'?) defined by /data/h445xu/repo/bazel-repos/cloned_repos/DeepRec-AI__DeepRec/tensorflow/compiler/xla/BUILD and referenced by '//tensorflow/compiler/xla/python/tpu_driver:tpu_service_proto_cc'
ERROR: /data/h445xu/repo/bazel-repos/cloned_repos/DeepRec-AI__DeepRec/tensorflow/examples/tf2_showcase/BUILD:18:8: no such package 'third_party/py/absl/flags': BUILD file not found in any of the following directories. Add a BUILD file to a directory to mark it as a package.
 - /data/h445xu/repo/bazel-repos/cloned_repos/DeepRec-AI__DeepRec/third_party/py/absl/flags and referenced by '//tensorflow/examples/tf2_showcase:mnist'
ERROR: /data/h445xu/repo/bazel-repos/cloned_repos/DeepRec-AI__DeepRec/tensorflow/examples/tf2_showcase/BUILD:18:8: no such package 'third_party/py/absl': BUILD file not found in any of the following directories. Add a BUILD file to a directory to mark it as a package.
 - /data/h445xu/repo/bazel-repos/cloned_repos/DeepRec-AI__DeepRec/third_party/py/absl and referenced by '//tensorflow/examples/tf2_showcase:mnist'
ERROR: /data/h445xu/repo/bazel-repos/cloned_repos/DeepRec-AI__DeepRec/third_party/mlir/BUILD:1917:10: no such package 'devtools/build/runtime': BUILD file not found in any of the following directories. Add a BUILD file to a directory to mark it as a package.
 - /data/h445xu/repo/bazel-repos/cloned_repos/DeepRec-AI__DeepRec/devtools/build/runtime and referenced by '//third_party/mlir:mlir-cuda-runner'
ERROR: /data/h445xu/repo/bazel-repos/cloned_repos/DeepRec-AI__DeepRec/third_party/mlir/BUILD:1917:10: no such target '//third_party/gpus/cuda:cuda_headers': target 'cuda_headers' not declared in package 'third_party/gpus/cuda' defined by /data/h445xu/repo/bazel-repos/cloned_repos/DeepRec-AI__DeepRec/third_party/gpus/cuda/BUILD and referenced by '//third_party/mlir:mlir-cuda-runner'
ERROR: /data/h445xu/repo/bazel-repos/cloned_repos/DeepRec-AI__DeepRec/third_party/mlir/BUILD:1917:10: no such package '@llvm-project//mlir/test/mlir-cpu-runner': BUILD file not found in directory 'mlir/test/mlir-cpu-runner' of external repository @llvm-project. Add a BUILD file to a directory to mark it as a package. and referenced by '//third_party/mlir:mlir-cuda-runner'
ERROR: /data/h445xu/repo/bazel-repos/cloned_repos/DeepRec-AI__DeepRec/third_party/mlir/BUILD:1905:10: no such target '//third_party/gpus/cuda:cuda_runtime': target 'cuda_runtime' not declared in package 'third_party/gpus/cuda' defined by /data/h445xu/repo/bazel-repos/cloned_repos/DeepRec-AI__DeepRec/third_party/gpus/cuda/BUILD and referenced by '//third_party/mlir:tools/libcuda-runtime-wrappers.so'
ERROR: /data/h445xu/repo/bazel-repos/cloned_repos/DeepRec-AI__DeepRec/third_party/mlir/BUILD:1905:10: no such target '//third_party/gpus/cuda:cuda_headers': target 'cuda_headers' not declared in package 'third_party/gpus/cuda' defined by /data/h445xu/repo/bazel-repos/cloned_repos/DeepRec-AI__DeepRec/third_party/gpus/cuda/BUILD and referenced by '//third_party/mlir:tools/libcuda-runtime-wrappers.so'
ERROR: /data/h445xu/repo/bazel-repos/cloned_repos/DeepRec-AI__DeepRec/third_party/mlir/BUILD:1917:10: no such target '//third_party/gpus/cuda:cuda_runtime': target 'cuda_runtime' not declared in package 'third_party/gpus/cuda' defined by /data/h445xu/repo/bazel-repos/cloned_repos/DeepRec-AI__DeepRec/third_party/gpus/cuda/BUILD and referenced by '//third_party/mlir:mlir-cuda-runner'
ERROR: /data/h445xu/repo/bazel-repos/cloned_repos/DeepRec-AI__DeepRec/third_party/mlir/BUILD:1917:10: no such target '//third_party/gpus/cuda:libcuda': target 'libcuda' not declared in package 'third_party/gpus/cuda' defined by /data/h445xu/repo/bazel-repos/cloned_repos/DeepRec-AI__DeepRec/third_party/gpus/cuda/BUILD and referenced by '//third_party/mlir:mlir-cuda-runner'
ERROR: /data/h445xu/repo/bazel-repos/cloned_repos/DeepRec-AI__DeepRec/third_party/mlir/BUILD:1905:10: no such target '//third_party/gpus/cuda:libcuda': target 'libcuda' not declared in package 'third_party/gpus/cuda' defined by /data/h445xu/repo/bazel-repos/cloned_repos/DeepRec-AI__DeepRec/third_party/gpus/cuda/BUILD and referenced by '//third_party/mlir:tools/libcuda-runtime-wrappers.so'
ERROR: Evaluation of query "deps(//...)" failed: errors were encountered while computing transitive closure
WARNING: --keep_going specified, ignoring errors. Results may be inaccurate
Read 0 lines from bazel query output...
Read 1000 lines from bazel query output...
Read 2000 lines from bazel query output...
Read 3000 lines from bazel query output...
Read 4000 lines from bazel query output...
Read 5000 lines from bazel query output...
Read 6000 lines from bazel query output...
Read 7000 lines from bazel query output...
Read 8000 lines from bazel query output...
Read 9000 lines from bazel query output...
Read 10000 lines from bazel query output...
Read 11000 lines from bazel query output...
Read 12000 lines from bazel query output...
Read 13000 lines from bazel query output...
Read 14000 lines from bazel query output...
Read 15000 lines from bazel query output...
Read 16000 lines from bazel query output...
Read 17000 lines from bazel query output...
Read 18000 lines from bazel query output...
Read 19000 lines from bazel query output...
Read 20000 lines from bazel query output...
Read 21000 lines from bazel query output...
Read 22000 lines from bazel query output...
Read 23000 lines from bazel query output...
Read 24000 lines from bazel query output...
Read 25000 lines from bazel query output...
Read 26000 lines from bazel query output...
Read 27000 lines from bazel query output...
Read 28000 lines from bazel query output...
Read 29000 lines from bazel query output...
Read 30000 lines from bazel query output...
Read 31000 lines from bazel query output...
Read 32000 lines from bazel query output...
Read 33000 lines from bazel query output...
Read 34000 lines from bazel query output...
Read 35000 lines from bazel query output...
Read 36000 lines from bazel query output...
Read 37000 lines from bazel query output...
Read 38000 lines from bazel query output...
Read 39000 lines from bazel query output...
Read 40000 lines from bazel query output...
Read 41000 lines from bazel query output...
Read 42000 lines from bazel query output...
Read 43000 lines from bazel query output...
Read 44000 lines from bazel query output...
Read 45000 lines from bazel query output...
Read 46000 lines from bazel query output...
Read 47000 lines from bazel query output...
Read 48000 lines from bazel query output...
Read 49000 lines from bazel query output...
Read 50000 lines from bazel query output...
Read 51000 lines from bazel query output...
Read 52000 lines from bazel query output...
Read 53000 lines from bazel query output...
Read 54000 lines from bazel query output...
Read 55000 lines from bazel query output...
Read 56000 lines from bazel query output...
Read 57000 lines from bazel query output...
Read 58000 lines from bazel query output...
Read 59000 lines from bazel query output...
Read 60000 lines from bazel query output...
Read 61000 lines from bazel query output...
Read 62000 lines from bazel query output...
Read 63000 lines from bazel query output...
Read 64000 lines from bazel query output...
Read 65000 lines from bazel query output...
Read 66000 lines from bazel query output...
Read 67000 lines from bazel query output...
Read 68000 lines from bazel query output...
Read 69000 lines from bazel query output...
Read 70000 lines from bazel query output...
Read 71000 lines from bazel query output...
Read 72000 lines from bazel query output...
Read 73000 lines from bazel query output...
Read 74000 lines from bazel query output...
Read 75000 lines from bazel query output...
Read 76000 lines from bazel query output...
Read 77000 lines from bazel query output...
Read 78000 lines from bazel query output...
Read 79000 lines from bazel query output...
Read 80000 lines from bazel query output...
Read 81000 lines from bazel query output...
Read 82000 lines from bazel query output...
Read 83000 lines from bazel query output...
Read 84000 lines from bazel query output...
Read 85000 lines from bazel query output...
Read 86000 lines from bazel query output...
Read 87000 lines from bazel query output...
Read 88000 lines from bazel query output...
Read 89000 lines from bazel query output...
Read 90000 lines from bazel query output...
Read 91000 lines from bazel query output...
Read 92000 lines from bazel query output...
Read 93000 lines from bazel query output...
Read 94000 lines from bazel query output...
Read 95000 lines from bazel query output...
Read 96000 lines from bazel query output...
Read 97000 lines from bazel query output...
Read 98000 lines from bazel query output...
Read 99000 lines from bazel query output...
Read 100000 lines from bazel query output...
Read 101000 lines from bazel query output...
Read 102000 lines from bazel query output...
Read 103000 lines from bazel query output...
Read 104000 lines from bazel query output...
Read 105000 lines from bazel query output...
Read 106000 lines from bazel query output...
Read 107000 lines from bazel query output...
Read 108000 lines from bazel query output...
Read 109000 lines from bazel query output...
Read 110000 lines from bazel query output...
Read 111000 lines from bazel query output...
Read 112000 lines from bazel query output...
Read 113000 lines from bazel query output...
Read 114000 lines from bazel query output...
Read 115000 lines from bazel query output...
Read 116000 lines from bazel query output...
Read 117000 lines from bazel query output...
Read 118000 lines from bazel query output...
Read 119000 lines from bazel query output...
Read 120000 lines from bazel query output...
Read 121000 lines from bazel query output...
Read 122000 lines from bazel query output...
Read 123000 lines from bazel query output...
Read 124000 lines from bazel query output...
Read 125000 lines from bazel query output...
Read 126000 lines from bazel query output...
Read 127000 lines from bazel query output...
Read 128000 lines from bazel query output...
Read 129000 lines from bazel query output...
Read 130000 lines from bazel query output...
Read 131000 lines from bazel query output...
Read 132000 lines from bazel query output...
Read 133000 lines from bazel query output...
Read 134000 lines from bazel query output...
Read 135000 lines from bazel query output...
Read 136000 lines from bazel query output...
Read 137000 lines from bazel query output...
Read 138000 lines from bazel query output...
Read 139000 lines from bazel query output...
Read 140000 lines from bazel query output...
Read 141000 lines from bazel query output...
Read 142000 lines from bazel query output...
Read 143000 lines from bazel query output...
Read 144000 lines from bazel query output...
Read 145000 lines from bazel query output...
Read 146000 lines from bazel query output...
Read 147000 lines from bazel query output...
Read 148000 lines from bazel query output...
Read 149000 lines from bazel query output...
Read 150000 lines from bazel query output...
Read 151000 lines from bazel query output...
Read 152000 lines from bazel query output...
Read 153000 lines from bazel query output...
Read 154000 lines from bazel query output...
Read 155000 lines from bazel query output...
Read 156000 lines from bazel query output...
Read 157000 lines from bazel query output...
Read 158000 lines from bazel query output...
Read 159000 lines from bazel query output...
Read 160000 lines from bazel query output...
Read 161000 lines from bazel query output...
Read 162000 lines from bazel query output...
Read 163000 lines from bazel query output...
Read 164000 lines from bazel query output...
Read 165000 lines from bazel query output...
Read 166000 lines from bazel query output...
Read 167000 lines from bazel query output...
Read 168000 lines from bazel query output...
Read 169000 lines from bazel query output...
Read 170000 lines from bazel query output...
Read 171000 lines from bazel query output...
Read 172000 lines from bazel query output...
Read 173000 lines from bazel query output...
Read 174000 lines from bazel query output...
Read 175000 lines from bazel query output...
Read 176000 lines from bazel query output...
Read 177000 lines from bazel query output...
Read 178000 lines from bazel query output...
Read 179000 lines from bazel query output...
Read 180000 lines from bazel query output...
Read 181000 lines from bazel query output...
Read 182000 lines from bazel query output...
Read 183000 lines from bazel query output...
Read 184000 lines from bazel query output...
Read 185000 lines from bazel query output...
Read 186000 lines from bazel query output...
Read 187000 lines from bazel query output...
Read 188000 lines from bazel query output...
Read 189000 lines from bazel query output...
Read 190000 lines from bazel query output...
Read 191000 lines from bazel query output...
Read 192000 lines from bazel query output...
Read 193000 lines from bazel query output...
Read 194000 lines from bazel query output...
Read 195000 lines from bazel query output...
Read 196000 lines from bazel query output...
Read 197000 lines from bazel query output...
Read 198000 lines from bazel query output...
Read 199000 lines from bazel query output...
Read 200000 lines from bazel query output...
Read 201000 lines from bazel query output...
Read 202000 lines from bazel query output...
Read 203000 lines from bazel query output...
Read 204000 lines from bazel query output...
Read 205000 lines from bazel query output...
Read 206000 lines from bazel query output...
Read 207000 lines from bazel query output...
Read 208000 lines from bazel query output...
Read 209000 lines from bazel query output...
Read 210000 lines from bazel query output...
Read 211000 lines from bazel query output...
Read 212000 lines from bazel query output...
Read 213000 lines from bazel query output...
Read 214000 lines from bazel query output...
Read 215000 lines from bazel query output...
Read 216000 lines from bazel query output...
Read 217000 lines from bazel query output...
Read 218000 lines from bazel query output...
Read 219000 lines from bazel query output...
Read 220000 lines from bazel query output...
Read 221000 lines from bazel query output...
Read 222000 lines from bazel query output...
Read 223000 lines from bazel query output...
Read 224000 lines from bazel query output...
Read 225000 lines from bazel query output...
Read 226000 lines from bazel query output...
Read 227000 lines from bazel query output...
Read 228000 lines from bazel query output...
Read 229000 lines from bazel query output...
Read 230000 lines from bazel query output...
Read 231000 lines from bazel query output...
Read 232000 lines from bazel query output...
Read 233000 lines from bazel query output...
Read 234000 lines from bazel query output...
Read 235000 lines from bazel query output...
Read 236000 lines from bazel query output...
Read 237000 lines from bazel query output...
Read 238000 lines from bazel query output...
Read 239000 lines from bazel query output...
Read 240000 lines from bazel query output...
Read 241000 lines from bazel query output...
Read 242000 lines from bazel query output...
Read 243000 lines from bazel query output...
Read 244000 lines from bazel query output...
Read 245000 lines from bazel query output...
Read 246000 lines from bazel query output...
Read 247000 lines from bazel query output...
Read 248000 lines from bazel query output...
Read 249000 lines from bazel query output...
Read 250000 lines from bazel query output...
Read 251000 lines from bazel query output...
Read 252000 lines from bazel query output...
Read 253000 lines from bazel query output...
Read 254000 lines from bazel query output...
Read 255000 lines from bazel query output...
Read 256000 lines from bazel query output...
Read 257000 lines from bazel query output...
Read 258000 lines from bazel query output...
Read 259000 lines from bazel query output...
Read 260000 lines from bazel query output...
Read 261000 lines from bazel query output...
Read 262000 lines from bazel query output...
Read 263000 lines from bazel query output...
Read 264000 lines from bazel query output...
Read 265000 lines from bazel query output...
Read 266000 lines from bazel query output...
Read 267000 lines from bazel query output...
Read 268000 lines from bazel query output...
Read 269000 lines from bazel query output...
Read 270000 lines from bazel query output...
Read 271000 lines from bazel query output...
Read 272000 lines from bazel query output...
Read 273000 lines from bazel query output...
Read 274000 lines from bazel query output...
Read 275000 lines from bazel query output...
Read 276000 lines from bazel query output...
Read 277000 lines from bazel query output...
Read 278000 lines from bazel query output...
Read 279000 lines from bazel query output...
Read 280000 lines from bazel query output...
Read 281000 lines from bazel query output...
Read 282000 lines from bazel query output...
Read 283000 lines from bazel query output...
Read 284000 lines from bazel query output...
Read 285000 lines from bazel query output...
Read 286000 lines from bazel query output...
Read 287000 lines from bazel query output...
Read 288000 lines from bazel query output...
Read 289000 lines from bazel query output...
Read 290000 lines from bazel query output...
Read 291000 lines from bazel query output...
Read 292000 lines from bazel query output...
Read 293000 lines from bazel query output...
Read 294000 lines from bazel query output...
Read 295000 lines from bazel query output...
Read 296000 lines from bazel query output...
Read 297000 lines from bazel query output...
Read 298000 lines from bazel query output...
Read 299000 lines from bazel query output...
Read 300000 lines from bazel query output...
Read 301000 lines from bazel query output...
Read 302000 lines from bazel query output...
Read 303000 lines from bazel query output...
Read 304000 lines from bazel query output...
Read 305000 lines from bazel query output...
Read 306000 lines from bazel query output...
Read 307000 lines from bazel query output...
Read 308000 lines from bazel query output...
Read 309000 lines from bazel query output...
Read 310000 lines from bazel query output...
Read 311000 lines from bazel query output...
Read 312000 lines from bazel query output...
Read 313000 lines from bazel query output...
Read 314000 lines from bazel query output...
Read 315000 lines from bazel query output...
Read 316000 lines from bazel query output...
Read 317000 lines from bazel query output...
Read 318000 lines from bazel query output...
Read 319000 lines from bazel query output...
Read 320000 lines from bazel query output...
Read 321000 lines from bazel query output...
Read 322000 lines from bazel query output...
Read 323000 lines from bazel query output...
Read 324000 lines from bazel query output...
Read 325000 lines from bazel query output...
Read 326000 lines from bazel query output...
Read 327000 lines from bazel query output...
Read 328000 lines from bazel query output...
Read 329000 lines from bazel query output...
Read 330000 lines from bazel query output...
Read 331000 lines from bazel query output...
Read 332000 lines from bazel query output...
Read 333000 lines from bazel query output...
Read 334000 lines from bazel query output...
Read 335000 lines from bazel query output...
Read 336000 lines from bazel query output...
Read 337000 lines from bazel query output...
Read 338000 lines from bazel query output...
Read 339000 lines from bazel query output...
Read 340000 lines from bazel query output...
Read 341000 lines from bazel query output...
Read 342000 lines from bazel query output...
Read 343000 lines from bazel query output...
Read 344000 lines from bazel query output...
Read 345000 lines from bazel query output...
Read 346000 lines from bazel query output...
Read 347000 lines from bazel query output...
Read 348000 lines from bazel query output...
Read 349000 lines from bazel query output...
Read 350000 lines from bazel query output...
Read 351000 lines from bazel query output...
Read 352000 lines from bazel query output...
Read 353000 lines from bazel query output...
Read 354000 lines from bazel query output...
Read 355000 lines from bazel query output...
Read 356000 lines from bazel query output...
Read 357000 lines from bazel query output...
Read 358000 lines from bazel query output...
Read 359000 lines from bazel query output...
Read 360000 lines from bazel query output...
Read 361000 lines from bazel query output...
Read 362000 lines from bazel query output...
Read 363000 lines from bazel query output...
Read 364000 lines from bazel query output...
Read 365000 lines from bazel query output...
Read 366000 lines from bazel query output...
Read 367000 lines from bazel query output...
Read 368000 lines from bazel query output...
Read 369000 lines from bazel query output...
Read 370000 lines from bazel query output...
Read 371000 lines from bazel query output...
Read 372000 lines from bazel query output...
Read 373000 lines from bazel query output...
Read 374000 lines from bazel query output...
Read 375000 lines from bazel query output...
Read 376000 lines from bazel query output...
Read 377000 lines from bazel query output...
Read 378000 lines from bazel query output...
Read 379000 lines from bazel query output...
Read 380000 lines from bazel query output...
Read 381000 lines from bazel query output...
Read 382000 lines from bazel query output...
Read 383000 lines from bazel query output...
Read 384000 lines from bazel query output...
Read 385000 lines from bazel query output...
Read 386000 lines from bazel query output...
Read 387000 lines from bazel query output...
Read 388000 lines from bazel query output...
Read 389000 lines from bazel query output...
Read 390000 lines from bazel query output...
Read 391000 lines from bazel query output...
Read 392000 lines from bazel query output...
Read 393000 lines from bazel query output...
Read 394000 lines from bazel query output...
Read 395000 lines from bazel query output...
Read 396000 lines from bazel query output...
Read 397000 lines from bazel query output...
Read 398000 lines from bazel query output...
Read 399000 lines from bazel query output...
Read 400000 lines from bazel query output...
Read 401000 lines from bazel query output...
Read 402000 lines from bazel query output...
Read 403000 lines from bazel query output...
Read 404000 lines from bazel query output...
Read 405000 lines from bazel query output...
Read 406000 lines from bazel query output...
Read 407000 lines from bazel query output...
Read 408000 lines from bazel query output...
Read 409000 lines from bazel query output...
Read 410000 lines from bazel query output...
Read 411000 lines from bazel query output...
Read 412000 lines from bazel query output...
Read 413000 lines from bazel query output...
Read 414000 lines from bazel query output...
Read 415000 lines from bazel query output...
Read 416000 lines from bazel query output...
Read 417000 lines from bazel query output...
Read 418000 lines from bazel query output...
Read 419000 lines from bazel query output...
Read 420000 lines from bazel query output...
Read 421000 lines from bazel query output...
Read 422000 lines from bazel query output...
Read 423000 lines from bazel query output...
Read 424000 lines from bazel query output...
Read 425000 lines from bazel query output...
Read 426000 lines from bazel query output...
Read 427000 lines from bazel query output...
Read 428000 lines from bazel query output...
Read 429000 lines from bazel query output...
Read 430000 lines from bazel query output...
Read 431000 lines from bazel query output...
Read 432000 lines from bazel query output...
Read 433000 lines from bazel query output...
Read 434000 lines from bazel query output...
Read 435000 lines from bazel query output...
Read 436000 lines from bazel query output...
Read 437000 lines from bazel query output...
Read 438000 lines from bazel query output...
Read 439000 lines from bazel query output...
Read 440000 lines from bazel query output...
Read 441000 lines from bazel query output...
Read 442000 lines from bazel query output...
Read 443000 lines from bazel query output...
Read 444000 lines from bazel query output...
Read 445000 lines from bazel query output...
Read 446000 lines from bazel query output...
Read 447000 lines from bazel query output...
Read 448000 lines from bazel query output...
Read 449000 lines from bazel query output...
Read 450000 lines from bazel query output...
Read 451000 lines from bazel query output...
Read 452000 lines from bazel query output...
Read 453000 lines from bazel query output...
Read 454000 lines from bazel query output...
Read 455000 lines from bazel query output...
Read 456000 lines from bazel query output...
Read 457000 lines from bazel query output...
Read 458000 lines from bazel query output...
Read 459000 lines from bazel query output...
Read 460000 lines from bazel query output...
Read 461000 lines from bazel query output...
Read 462000 lines from bazel query output...
Read 463000 lines from bazel query output...
Read 464000 lines from bazel query output...
Read 465000 lines from bazel query output...
Read 466000 lines from bazel query output...
Read 467000 lines from bazel query output...
Read 468000 lines from bazel query output...
Read 469000 lines from bazel query output...
Read 470000 lines from bazel query output...
Read 471000 lines from bazel query output...
Read 472000 lines from bazel query output...
Read 473000 lines from bazel query output...
Read 474000 lines from bazel query output...
Read 475000 lines from bazel query output...
Read 476000 lines from bazel query output...
Read 477000 lines from bazel query output...
Read 478000 lines from bazel query output...
Read 479000 lines from bazel query output...
Read 480000 lines from bazel query output...
Read 481000 lines from bazel query output...
Read 482000 lines from bazel query output...
Read 483000 lines from bazel query output...
Read 484000 lines from bazel query output...
Read 485000 lines from bazel query output...
Read 486000 lines from bazel query output...
Read 487000 lines from bazel query output...
Read 488000 lines from bazel query output...
Read 489000 lines from bazel query output...
Read 490000 lines from bazel query output...
Read 491000 lines from bazel query output...
Read 492000 lines from bazel query output...
Read 493000 lines from bazel query output...
Read 494000 lines from bazel query output...
Read 495000 lines from bazel query output...
Read 496000 lines from bazel query output...
Read 497000 lines from bazel query output...
Read 498000 lines from bazel query output...
Read 499000 lines from bazel query output...
Read 500000 lines from bazel query output...
Read 501000 lines from bazel query output...
Read 502000 lines from bazel query output...
Read 503000 lines from bazel query output...
Read 504000 lines from bazel query output...
Read 505000 lines from bazel query output...
Read 506000 lines from bazel query output...
Read 507000 lines from bazel query output...
Read 508000 lines from bazel query output...
Read 509000 lines from bazel query output...
Read 510000 lines from bazel query output...
Read 511000 lines from bazel query output...
Read 512000 lines from bazel query output...
Read 513000 lines from bazel query output...
Read 514000 lines from bazel query output...
Read 515000 lines from bazel query output...
Read 516000 lines from bazel query output...
Read 517000 lines from bazel query output...
Read 518000 lines from bazel query output...
Read 519000 lines from bazel query output...
Read 520000 lines from bazel query output...
Read 521000 lines from bazel query output...
Read 522000 lines from bazel query output...
Read 523000 lines from bazel query output...
Read 524000 lines from bazel query output...
Read 525000 lines from bazel query output...
Read 526000 lines from bazel query output...
Read 527000 lines from bazel query output...
Read 528000 lines from bazel query output...
Read 529000 lines from bazel query output...
Read 530000 lines from bazel query output...
Read 531000 lines from bazel query output...
Read 532000 lines from bazel query output...
Read 533000 lines from bazel query output...
Read 534000 lines from bazel query output...
Read 535000 lines from bazel query output...
Read 536000 lines from bazel query output...
Read 537000 lines from bazel query output...
Read 538000 lines from bazel query output...
Read 539000 lines from bazel query output...
Read 540000 lines from bazel query output...
Read 541000 lines from bazel query output...
Read 542000 lines from bazel query output...
Read 543000 lines from bazel query output...
Read 544000 lines from bazel query output...
Read 545000 lines from bazel query output...
Read 546000 lines from bazel query output...
Read 547000 lines from bazel query output...
Read 548000 lines from bazel query output...
Read 549000 lines from bazel query output...
Read 550000 lines from bazel query output...
Read 551000 lines from bazel query output...
Read 552000 lines from bazel query output...
Read 553000 lines from bazel query output...
Read 554000 lines from bazel query output...
Read 555000 lines from bazel query output...
Read 556000 lines from bazel query output...
Read 557000 lines from bazel query output...
Read 558000 lines from bazel query output...
Read 559000 lines from bazel query output...
Read 560000 lines from bazel query output...
Read 561000 lines from bazel query output...
Read 562000 lines from bazel query output...
Read 563000 lines from bazel query output...
Read 564000 lines from bazel query output...
Read 565000 lines from bazel query output...
Read 566000 lines from bazel query output...
Read 567000 lines from bazel query output...
Read 568000 lines from bazel query output...
Read 569000 lines from bazel query output...
Read 570000 lines from bazel query output...
Read 571000 lines from bazel query output...
Read 572000 lines from bazel query output...
Read 573000 lines from bazel query output...
Read 574000 lines from bazel query output...
Read 575000 lines from bazel query output...
Read 576000 lines from bazel query output...
Read 577000 lines from bazel query output...
Read 578000 lines from bazel query output...
Read 579000 lines from bazel query output...
Read 580000 lines from bazel query output...
Read 581000 lines from bazel query output...
Read 582000 lines from bazel query output...
Read 583000 lines from bazel query output...
Read 584000 lines from bazel query output...
Read 585000 lines from bazel query output...
Read 586000 lines from bazel query output...
Read 587000 lines from bazel query output...
Read 588000 lines from bazel query output...
Read 589000 lines from bazel query output...
Read 590000 lines from bazel query output...
Read 591000 lines from bazel query output...
Read 592000 lines from bazel query output...
Read 593000 lines from bazel query output...
Read 594000 lines from bazel query output...
Read 595000 lines from bazel query output...
Read 596000 lines from bazel query output...
Read 597000 lines from bazel query output...
Read 598000 lines from bazel query output...
Read 599000 lines from bazel query output...
Read 600000 lines from bazel query output...
Read 601000 lines from bazel query output...
Read 602000 lines from bazel query output...
Read 603000 lines from bazel query output...
Read 604000 lines from bazel query output...
Read 605000 lines from bazel query output...
Read 606000 lines from bazel query output...
Read 607000 lines from bazel query output...
Read 608000 lines from bazel query output...
Read 609000 lines from bazel query output...
Read 610000 lines from bazel query output...
Read 611000 lines from bazel query output...
Read 612000 lines from bazel query output...
Read 613000 lines from bazel query output...
Read 614000 lines from bazel query output...
Read 615000 lines from bazel query output...
Read 616000 lines from bazel query output...
Read 617000 lines from bazel query output...
Read 618000 lines from bazel query output...
Read 619000 lines from bazel query output...
Read 620000 lines from bazel query output...
Read 621000 lines from bazel query output...
Read 622000 lines from bazel query output...
Read 623000 lines from bazel query output...
Read 624000 lines from bazel query output...
Read 625000 lines from bazel query output...
Read 626000 lines from bazel query output...
Read 627000 lines from bazel query output...
Read 628000 lines from bazel query output...
Read 629000 lines from bazel query output...
Read 630000 lines from bazel query output...
Read 631000 lines from bazel query output...
Read 632000 lines from bazel query output...
Read 633000 lines from bazel query output...
Read 634000 lines from bazel query output...
Read 635000 lines from bazel query output...
Read 636000 lines from bazel query output...
Read 637000 lines from bazel query output...
Read 638000 lines from bazel query output...
Read 639000 lines from bazel query output...
Read 640000 lines from bazel query output...
Read 641000 lines from bazel query output...
Read 642000 lines from bazel query output...
Read 643000 lines from bazel query output...
Read 644000 lines from bazel query output...
Read 645000 lines from bazel query output...
Read 646000 lines from bazel query output...
Read 647000 lines from bazel query output...
Read 648000 lines from bazel query output...
Read 649000 lines from bazel query output...
Read 650000 lines from bazel query output...
Read 651000 lines from bazel query output...
Read 652000 lines from bazel query output...
Read 653000 lines from bazel query output...
Read 654000 lines from bazel query output...
Read 655000 lines from bazel query output...
Read 656000 lines from bazel query output...
Read 657000 lines from bazel query output...
Read 658000 lines from bazel query output...
Read 659000 lines from bazel query output...
Read 660000 lines from bazel query output...
Read 661000 lines from bazel query output...
Read 662000 lines from bazel query output...
Read 663000 lines from bazel query output...
Read 664000 lines from bazel query output...
Read 665000 lines from bazel query output...
Read 666000 lines from bazel query output...
Read 667000 lines from bazel query output...
Read 668000 lines from bazel query output...
Read 669000 lines from bazel query output...
Read 670000 lines from bazel query output...
Read 671000 lines from bazel query output...
Read 672000 lines from bazel query output...
Read 673000 lines from bazel query output...
Read 674000 lines from bazel query output...
Read 675000 lines from bazel query output...
Read 676000 lines from bazel query output...
Read 677000 lines from bazel query output...
Read 678000 lines from bazel query output...
Read 679000 lines from bazel query output...
Read 680000 lines from bazel query output...
Read 681000 lines from bazel query output...
Read 682000 lines from bazel query output...
Read 683000 lines from bazel query output...
Read 684000 lines from bazel query output...
Read 685000 lines from bazel query output...
Read 686000 lines from bazel query output...
Read 687000 lines from bazel query output...
Read 688000 lines from bazel query output...
Read 689000 lines from bazel query output...
Read 690000 lines from bazel query output...
Read 691000 lines from bazel query output...
Read 692000 lines from bazel query output...
Read 693000 lines from bazel query output...
Read 694000 lines from bazel query output...
Read 695000 lines from bazel query output...
Read 696000 lines from bazel query output...
Read 697000 lines from bazel query output...
Read 698000 lines from bazel query output...
Read 699000 lines from bazel query output...
Read 700000 lines from bazel query output...
Read 701000 lines from bazel query output...
Read 702000 lines from bazel query output...
Read 703000 lines from bazel query output...
Read 704000 lines from bazel query output...
Read 705000 lines from bazel query output...
Read 706000 lines from bazel query output...
Read 707000 lines from bazel query output...
Read 708000 lines from bazel query output...
Read 709000 lines from bazel query output...
Read 710000 lines from bazel query output...
Read 711000 lines from bazel query output...
Read 712000 lines from bazel query output...
Read 713000 lines from bazel query output...
Read 714000 lines from bazel query output...
Read 715000 lines from bazel query output...
Read 716000 lines from bazel query output...
Read 717000 lines from bazel query output...
Read 718000 lines from bazel query output...
Read 719000 lines from bazel query output...
Read 720000 lines from bazel query output...
Read 721000 lines from bazel query output...
Read 722000 lines from bazel query output...
Read 723000 lines from bazel query output...
Read 724000 lines from bazel query output...
Read 725000 lines from bazel query output...
Read 726000 lines from bazel query output...
Read 727000 lines from bazel query output...
Read 728000 lines from bazel query output...
Read 729000 lines from bazel query output...
Read 730000 lines from bazel query output...
Read 731000 lines from bazel query output...
Read 732000 lines from bazel query output...
Read 733000 lines from bazel query output...
Read 734000 lines from bazel query output...
Read 735000 lines from bazel query output...
Read 736000 lines from bazel query output...
Read 737000 lines from bazel query output...
Read 738000 lines from bazel query output...
Read 739000 lines from bazel query output...
Read 740000 lines from bazel query output...
Read 741000 lines from bazel query output...
Read 742000 lines from bazel query output...
Read 743000 lines from bazel query output...
Read 744000 lines from bazel query output...
Read 745000 lines from bazel query output...
Read 746000 lines from bazel query output...
Read 747000 lines from bazel query output...
Read 748000 lines from bazel query output...
Read 749000 lines from bazel query output...
Read 750000 lines from bazel query output...
Read 751000 lines from bazel query output...
Read 752000 lines from bazel query output...
Read 753000 lines from bazel query output...
Read 754000 lines from bazel query output...
Read 755000 lines from bazel query output...
Read 756000 lines from bazel query output...
Read 757000 lines from bazel query output...
Read 758000 lines from bazel query output...
Read 759000 lines from bazel query output...
Read 760000 lines from bazel query output...
Read 761000 lines from bazel query output...
Read 762000 lines from bazel query output...
Read 763000 lines from bazel query output...
Read 764000 lines from bazel query output...
Read 765000 lines from bazel query output...
Read 766000 lines from bazel query output...
Read 767000 lines from bazel query output...
Read 768000 lines from bazel query output...
Read 769000 lines from bazel query output...
Read 770000 lines from bazel query output...
Read 771000 lines from bazel query output...
Read 772000 lines from bazel query output...
Read 773000 lines from bazel query output...
Read 774000 lines from bazel query output...
Read 775000 lines from bazel query output...
Read 776000 lines from bazel query output...
Read 777000 lines from bazel query output...
Read 778000 lines from bazel query output...
Read 779000 lines from bazel query output...
Read 780000 lines from bazel query output...
Read 781000 lines from bazel query output...
Read 782000 lines from bazel query output...
Read 783000 lines from bazel query output...
Read 784000 lines from bazel query output...
Read 785000 lines from bazel query output...
Read 786000 lines from bazel query output...
Read 787000 lines from bazel query output...
Read 788000 lines from bazel query output...
Read 789000 lines from bazel query output...
Read 790000 lines from bazel query output...
Read 791000 lines from bazel query output...
Read 792000 lines from bazel query output...
Read 793000 lines from bazel query output...
Read 794000 lines from bazel query output...
Read 795000 lines from bazel query output...
Read 796000 lines from bazel query output...
Read 797000 lines from bazel query output...
Read 798000 lines from bazel query output...
Read 799000 lines from bazel query output...
Read 800000 lines from bazel query output...
Read 801000 lines from bazel query output...
Read 802000 lines from bazel query output...
Read 803000 lines from bazel query output...
Read 804000 lines from bazel query output...
Read 805000 lines from bazel query output...
Read 806000 lines from bazel query output...
Read 807000 lines from bazel query output...
Read 808000 lines from bazel query output...
Read 809000 lines from bazel query output...
Read 810000 lines from bazel query output...
Read 811000 lines from bazel query output...
Read 812000 lines from bazel query output...
Read 813000 lines from bazel query output...
Read 814000 lines from bazel query output...
Read 815000 lines from bazel query output...
Read 816000 lines from bazel query output...
Read 817000 lines from bazel query output...
Read 818000 lines from bazel query output...
Read 819000 lines from bazel query output...
Read 820000 lines from bazel query output...
Read 821000 lines from bazel query output...
Read 822000 lines from bazel query output...
Read 823000 lines from bazel query output...
Read 824000 lines from bazel query output...
Read 825000 lines from bazel query output...
Read 826000 lines from bazel query output...
Read 827000 lines from bazel query output...
Read 828000 lines from bazel query output...
Read 829000 lines from bazel query output...
Read 830000 lines from bazel query output...
Read 831000 lines from bazel query output...
Read 832000 lines from bazel query output...
Read 833000 lines from bazel query output...
Read 834000 lines from bazel query output...
Read 835000 lines from bazel query output...
Read 836000 lines from bazel query output...
Read 837000 lines from bazel query output...
Read 838000 lines from bazel query output...
Read 839000 lines from bazel query output...
Read 840000 lines from bazel query output...
Read 841000 lines from bazel query output...
Read 842000 lines from bazel query output...
Read 843000 lines from bazel query output...
Read 844000 lines from bazel query output...
Read 845000 lines from bazel query output...
Read 846000 lines from bazel query output...
Read 847000 lines from bazel query output...
Read 848000 lines from bazel query output...
Read 849000 lines from bazel query output...
Read 850000 lines from bazel query output...
Read 851000 lines from bazel query output...
Read 852000 lines from bazel query output...
Read 853000 lines from bazel query output...
Read 854000 lines from bazel query output...
Read 855000 lines from bazel query output...
Read 856000 lines from bazel query output...
Read 857000 lines from bazel query output...
Read 858000 lines from bazel query output...
Read 859000 lines from bazel query output...
Read 860000 lines from bazel query output...
Read 861000 lines from bazel query output...
Read 862000 lines from bazel query output...
Read 863000 lines from bazel query output...
Read 864000 lines from bazel query output...
Read 865000 lines from bazel query output...
Read 866000 lines from bazel query output...
Read 867000 lines from bazel query output...
Read 868000 lines from bazel query output...
Read 869000 lines from bazel query output...
Read 870000 lines from bazel query output...
Read 871000 lines from bazel query output...
Read 872000 lines from bazel query output...
Read 873000 lines from bazel query output...
Read 874000 lines from bazel query output...
Read 875000 lines from bazel query output...
Read 876000 lines from bazel query output...
Read 877000 lines from bazel query output...
Read 878000 lines from bazel query output...
Read 879000 lines from bazel query output...
Read 880000 lines from bazel query output...
Read 881000 lines from bazel query output...
Read 882000 lines from bazel query output...
Read 883000 lines from bazel query output...
Read 884000 lines from bazel query output...
Read 885000 lines from bazel query output...
Read 886000 lines from bazel query output...
Read 887000 lines from bazel query output...
Read 888000 lines from bazel query output...
Read 889000 lines from bazel query output...
Read 890000 lines from bazel query output...
Read 891000 lines from bazel query output...
Read 892000 lines from bazel query output...
Read 893000 lines from bazel query output...
Read 894000 lines from bazel query output...
Read 895000 lines from bazel query output...
Read 896000 lines from bazel query output...
Read 897000 lines from bazel query output...
Read 898000 lines from bazel query output...
Read 899000 lines from bazel query output...
Read 900000 lines from bazel query output...
Read 901000 lines from bazel query output...
Read 902000 lines from bazel query output...
Read 903000 lines from bazel query output...
Read 904000 lines from bazel query output...
Read 905000 lines from bazel query output...
Read 906000 lines from bazel query output...
Read 907000 lines from bazel query output...
Read 908000 lines from bazel query output...
Read 909000 lines from bazel query output...
Read 910000 lines from bazel query output...
Read 911000 lines from bazel query output...
Read 912000 lines from bazel query output...
Read 913000 lines from bazel query output...
Read 914000 lines from bazel query output...
Read 915000 lines from bazel query output...
Read 916000 lines from bazel query output...
Read 917000 lines from bazel query output...
Read 918000 lines from bazel query output...
Read 919000 lines from bazel query output...
Read 920000 lines from bazel query output...
Read 921000 lines from bazel query output...
Read 922000 lines from bazel query output...
Read 923000 lines from bazel query output...
Read 924000 lines from bazel query output...
Read 925000 lines from bazel query output...
Read 926000 lines from bazel query output...
Read 927000 lines from bazel query output...
Read 928000 lines from bazel query output...
Read 929000 lines from bazel query output...
Read 930000 lines from bazel query output...
Read 931000 lines from bazel query output...
Read 932000 lines from bazel query output...
Read 933000 lines from bazel query output...
Read 934000 lines from bazel query output...
Read 935000 lines from bazel query output...
Read 936000 lines from bazel query output...
Read 937000 lines from bazel query output...
Read 938000 lines from bazel query output...
Read 939000 lines from bazel query output...
Read 940000 lines from bazel query output...
Read 941000 lines from bazel query output...
Read 942000 lines from bazel query output...
Loading: 816 packages loaded
    currently loading: third_party/toolchains/cpus/arm ... (3 packages)
Loading: 816 packages loaded
    currently loading: third_party/toolchains/cpus/arm ... (3 packages)
