Starting local Bazel server and connecting to it...
 checking cached actions
 checking cached actions
 checking cached actions
 checking cached actions
 checking cached actions
Loading: 0 packages loaded
Loading: 26 packages loaded
    currently loading: webapp ... (91 packages)
Loading: 225 packages loaded
    currently loading: lib/emojis ... (9 packages)
Loading: 225 packages loaded
    currently loading: lib/emojis ... (9 packages)
Loading: 225 packages loaded
    currently loading: lib/emojis ... (9 packages)
Loading: 225 packages loaded
    currently loading: lib/emojis ... (9 packages)
Loading: 225 packages loaded
    currently loading: lib/emojis ... (9 packages)
Loading: 235 packages loaded
    currently loading: @@bazel_tools//tools/cpp ... (2 packages)
Loading: 282 packages loaded
ERROR: /data/h445xu/repo/bazel-repos/cloned_repos/GerritCodeReview__gerrit/WORKSPACE:76:17: fetching local_repository rule //external:java-prettify: java.io.IOException: No MODULE.bazel, REPO.bazel, or WORKSPACE file found in /data/h445xu/repo/bazel-repos/cloned_repos/GerritCodeReview__gerrit/modules/java-prettify
ERROR: /data/h445xu/repo/bazel-repos/cloned_repos/GerritCodeReview__gerrit/WORKSPACE:82:17: fetching local_repository rule //external:jgit: java.io.IOException: No MODULE.bazel, REPO.bazel, or WORKSPACE file found in /data/h445xu/repo/bazel-repos/cloned_repos/GerritCodeReview__gerrit/modules/jgit
ERROR: /data/h445xu/repo/bazel-repos/cloned_repos/GerritCodeReview__gerrit/lib/gitiles/BUILD:53:13: no such package '@@java-prettify//': No MODULE.bazel, REPO.bazel, or WORKSPACE file found in /data/h445xu/repo/bazel-repos/cloned_repos/GerritCodeReview__gerrit/modules/java-prettify and referenced by '//lib/gitiles:prettify'
ERROR: /data/h445xu/repo/bazel-repos/cloned_repos/GerritCodeReview__gerrit/plugins/BUILD:20:9: no such package 'plugins/codemirror-editor': BUILD file not found in any of the following directories. Add a BUILD file to a directory to mark it as a package.
 - /data/h445xu/repo/bazel-repos/cloned_repos/GerritCodeReview__gerrit/plugins/codemirror-editor and referenced by '//plugins:core'
ERROR: /data/h445xu/repo/bazel-repos/cloned_repos/GerritCodeReview__gerrit/plugins/BUILD:20:9: no such package 'plugins/commit-message-length-validator': BUILD file not found in any of the following directories. Add a BUILD file to a directory to mark it as a package.
 - /data/h445xu/repo/bazel-repos/cloned_repos/GerritCodeReview__gerrit/plugins/commit-message-length-validator and referenced by '//plugins:core'
ERROR: /data/h445xu/repo/bazel-repos/cloned_repos/GerritCodeReview__gerrit/plugins/BUILD:20:9: no such package 'plugins/delete-project': BUILD file not found in any of the following directories. Add a BUILD file to a directory to mark it as a package.
 - /data/h445xu/repo/bazel-repos/cloned_repos/GerritCodeReview__gerrit/plugins/delete-project and referenced by '//plugins:core'
ERROR: /data/h445xu/repo/bazel-repos/cloned_repos/GerritCodeReview__gerrit/plugins/BUILD:20:9: no such package 'plugins/download-commands': BUILD file not found in any of the following directories. Add a BUILD file to a directory to mark it as a package.
 - /data/h445xu/repo/bazel-repos/cloned_repos/GerritCodeReview__gerrit/plugins/download-commands and referenced by '//plugins:core'
ERROR: /data/h445xu/repo/bazel-repos/cloned_repos/GerritCodeReview__gerrit/plugins/BUILD:20:9: no such package 'plugins/gitiles': BUILD file not found in any of the following directories. Add a BUILD file to a directory to mark it as a package.
 - /data/h445xu/repo/bazel-repos/cloned_repos/GerritCodeReview__gerrit/plugins/gitiles and referenced by '//plugins:core'
ERROR: /data/h445xu/repo/bazel-repos/cloned_repos/GerritCodeReview__gerrit/plugins/BUILD:20:9: no such package 'plugins/hooks': BUILD file not found in any of the following directories. Add a BUILD file to a directory to mark it as a package.
 - /data/h445xu/repo/bazel-repos/cloned_repos/GerritCodeReview__gerrit/plugins/hooks and referenced by '//plugins:core'
ERROR: /data/h445xu/repo/bazel-repos/cloned_repos/GerritCodeReview__gerrit/plugins/BUILD:20:9: no such package 'plugins/plugin-manager': BUILD file not found in any of the following directories. Add a BUILD file to a directory to mark it as a package.
 - /data/h445xu/repo/bazel-repos/cloned_repos/GerritCodeReview__gerrit/plugins/plugin-manager and referenced by '//plugins:core'
ERROR: /data/h445xu/repo/bazel-repos/cloned_repos/GerritCodeReview__gerrit/plugins/BUILD:20:9: no such package 'plugins/replication': BUILD file not found in any of the following directories. Add a BUILD file to a directory to mark it as a package.
 - /data/h445xu/repo/bazel-repos/cloned_repos/GerritCodeReview__gerrit/plugins/replication and referenced by '//plugins:core'
ERROR: /data/h445xu/repo/bazel-repos/cloned_repos/GerritCodeReview__gerrit/plugins/BUILD:20:9: no such package 'plugins/reviewnotes': BUILD file not found in any of the following directories. Add a BUILD file to a directory to mark it as a package.
 - /data/h445xu/repo/bazel-repos/cloned_repos/GerritCodeReview__gerrit/plugins/reviewnotes and referenced by '//plugins:core'
ERROR: /data/h445xu/repo/bazel-repos/cloned_repos/GerritCodeReview__gerrit/plugins/BUILD:20:9: no such package 'plugins/singleusergroup': BUILD file not found in any of the following directories. Add a BUILD file to a directory to mark it as a package.
 - /data/h445xu/repo/bazel-repos/cloned_repos/GerritCodeReview__gerrit/plugins/singleusergroup and referenced by '//plugins:core'
ERROR: /data/h445xu/repo/bazel-repos/cloned_repos/GerritCodeReview__gerrit/plugins/BUILD:20:9: no such package 'plugins/webhooks': BUILD file not found in any of the following directories. Add a BUILD file to a directory to mark it as a package.
 - /data/h445xu/repo/bazel-repos/cloned_repos/GerritCodeReview__gerrit/plugins/webhooks and referenced by '//plugins:core'
Loading: 546 packages loaded
    currently loading: @@bazel_tools//third_party/ijar ... (6 packages)
Loading: 761 packages loaded
ERROR: /data/h445xu/repo/bazel-repos/cloned_repos/GerritCodeReview__gerrit/lib/BUILD:38:13: no such package '@@jgit//org.eclipse.jgit': No MODULE.bazel, REPO.bazel, or WORKSPACE file found in /data/h445xu/repo/bazel-repos/cloned_repos/GerritCodeReview__gerrit/modules/jgit and referenced by '//lib:jgit'
ERROR: /data/h445xu/repo/bazel-repos/cloned_repos/GerritCodeReview__gerrit/lib/BUILD:67:13: no such package '@@jgit//org.eclipse.jgit.junit': No MODULE.bazel, REPO.bazel, or WORKSPACE file found in /data/h445xu/repo/bazel-repos/cloned_repos/GerritCodeReview__gerrit/modules/jgit and referenced by '//lib:jgit-junit'
ERROR: /data/h445xu/repo/bazel-repos/cloned_repos/GerritCodeReview__gerrit/lib/BUILD:76:13: no such package '@@jgit//org.eclipse.jgit.http.server': No MODULE.bazel, REPO.bazel, or WORKSPACE file found in /data/h445xu/repo/bazel-repos/cloned_repos/GerritCodeReview__gerrit/modules/jgit and referenced by '//lib:jgit-servlet'
ERROR: /data/h445xu/repo/bazel-repos/cloned_repos/GerritCodeReview__gerrit/lib/BUILD:59:13: no such package '@@jgit//org.eclipse.jgit.archive': No MODULE.bazel, REPO.bazel, or WORKSPACE file found in /data/h445xu/repo/bazel-repos/cloned_repos/GerritCodeReview__gerrit/modules/jgit and referenced by '//lib:jgit-archive'
ERROR: /data/h445xu/repo/bazel-repos/cloned_repos/GerritCodeReview__gerrit/lib/BUILD:49:13: no such package '@@jgit//org.eclipse.jgit.ssh.apache': No MODULE.bazel, REPO.bazel, or WORKSPACE file found in /data/h445xu/repo/bazel-repos/cloned_repos/GerritCodeReview__gerrit/modules/jgit and referenced by '//lib:jgit-ssh-apache'
ERROR: /data/h445xu/repo/bazel-repos/cloned_repos/GerritCodeReview__gerrit/javatests/com/google/gerrit/server/submit/BUILD:3:12: no such package '@@jgit//org.eclipse.jgit.junit': No MODULE.bazel, REPO.bazel, or WORKSPACE file found in /data/h445xu/repo/bazel-repos/cloned_repos/GerritCodeReview__gerrit/modules/jgit and referenced by '//javatests/com/google/gerrit/server/submit:submit_tests'
ERROR: /data/h445xu/repo/bazel-repos/cloned_repos/GerritCodeReview__gerrit/tools/eclipse/BUILD:35:20: no such package 'plugins/codemirror-editor': BUILD file not found in any of the following directories. Add a BUILD file to a directory to mark it as a package.
 - /data/h445xu/repo/bazel-repos/cloned_repos/GerritCodeReview__gerrit/plugins/codemirror-editor and referenced by '//tools/eclipse:main_classpath_collect'
ERROR: /data/h445xu/repo/bazel-repos/cloned_repos/GerritCodeReview__gerrit/tools/eclipse/BUILD:35:20: no such package 'plugins/commit-message-length-validator': BUILD file not found in any of the following directories. Add a BUILD file to a directory to mark it as a package.
 - /data/h445xu/repo/bazel-repos/cloned_repos/GerritCodeReview__gerrit/plugins/commit-message-length-validator and referenced by '//tools/eclipse:main_classpath_collect'
ERROR: /data/h445xu/repo/bazel-repos/cloned_repos/GerritCodeReview__gerrit/tools/eclipse/BUILD:35:20: no such package 'plugins/delete-project': BUILD file not found in any of the following directories. Add a BUILD file to a directory to mark it as a package.
 - /data/h445xu/repo/bazel-repos/cloned_repos/GerritCodeReview__gerrit/plugins/delete-project and referenced by '//tools/eclipse:main_classpath_collect'
ERROR: /data/h445xu/repo/bazel-repos/cloned_repos/GerritCodeReview__gerrit/tools/eclipse/BUILD:35:20: no such package 'plugins/download-commands': BUILD file not found in any of the following directories. Add a BUILD file to a directory to mark it as a package.
 - /data/h445xu/repo/bazel-repos/cloned_repos/GerritCodeReview__gerrit/plugins/download-commands and referenced by '//tools/eclipse:main_classpath_collect'
ERROR: /data/h445xu/repo/bazel-repos/cloned_repos/GerritCodeReview__gerrit/tools/eclipse/BUILD:35:20: no such package 'plugins/gitiles': BUILD file not found in any of the following directories. Add a BUILD file to a directory to mark it as a package.
 - /data/h445xu/repo/bazel-repos/cloned_repos/GerritCodeReview__gerrit/plugins/gitiles and referenced by '//tools/eclipse:main_classpath_collect'
ERROR: /data/h445xu/repo/bazel-repos/cloned_repos/GerritCodeReview__gerrit/tools/eclipse/BUILD:35:20: no such package 'plugins/hooks': BUILD file not found in any of the following directories. Add a BUILD file to a directory to mark it as a package.
 - /data/h445xu/repo/bazel-repos/cloned_repos/GerritCodeReview__gerrit/plugins/hooks and referenced by '//tools/eclipse:main_classpath_collect'
ERROR: /data/h445xu/repo/bazel-repos/cloned_repos/GerritCodeReview__gerrit/tools/eclipse/BUILD:35:20: no such package 'plugins/plugin-manager': BUILD file not found in any of the following directories. Add a BUILD file to a directory to mark it as a package.
 - /data/h445xu/repo/bazel-repos/cloned_repos/GerritCodeReview__gerrit/plugins/plugin-manager and referenced by '//tools/eclipse:main_classpath_collect'
ERROR: /data/h445xu/repo/bazel-repos/cloned_repos/GerritCodeReview__gerrit/tools/eclipse/BUILD:35:20: no such package 'plugins/replication': BUILD file not found in any of the following directories. Add a BUILD file to a directory to mark it as a package.
 - /data/h445xu/repo/bazel-repos/cloned_repos/GerritCodeReview__gerrit/plugins/replication and referenced by '//tools/eclipse:main_classpath_collect'
ERROR: /data/h445xu/repo/bazel-repos/cloned_repos/GerritCodeReview__gerrit/tools/eclipse/BUILD:35:20: no such package 'plugins/reviewnotes': BUILD file not found in any of the following directories. Add a BUILD file to a directory to mark it as a package.
 - /data/h445xu/repo/bazel-repos/cloned_repos/GerritCodeReview__gerrit/plugins/reviewnotes and referenced by '//tools/eclipse:main_classpath_collect'
ERROR: /data/h445xu/repo/bazel-repos/cloned_repos/GerritCodeReview__gerrit/tools/eclipse/BUILD:35:20: no such package 'plugins/singleusergroup': BUILD file not found in any of the following directories. Add a BUILD file to a directory to mark it as a package.
 - /data/h445xu/repo/bazel-repos/cloned_repos/GerritCodeReview__gerrit/plugins/singleusergroup and referenced by '//tools/eclipse:main_classpath_collect'
ERROR: /data/h445xu/repo/bazel-repos/cloned_repos/GerritCodeReview__gerrit/tools/eclipse/BUILD:35:20: no such package 'plugins/webhooks': BUILD file not found in any of the following directories. Add a BUILD file to a directory to mark it as a package.
 - /data/h445xu/repo/bazel-repos/cloned_repos/GerritCodeReview__gerrit/plugins/webhooks and referenced by '//tools/eclipse:main_classpath_collect'
Loading: 798 packages loaded
Loading: 798 packages loaded
Loading: 841 packages loaded
    currently loading: @@ui_npm//lit
Loading: 842 packages loaded
Loading: 916 packages loaded
Loading: 916 packages loaded
Loading: 1306 packages loaded
ERROR: /data/h445xu/repo/bazel-repos/cloned_repos/GerritCodeReview__gerrit/lib/BUILD:38:13: no such package '@@jgit//org.eclipse.jgit': No MODULE.bazel, REPO.bazel, or WORKSPACE file found in /data/h445xu/repo/bazel-repos/cloned_repos/GerritCodeReview__gerrit/modules/jgit and referenced by '//lib:jgit'
ERROR: /data/h445xu/repo/bazel-repos/cloned_repos/GerritCodeReview__gerrit/lib/BUILD:67:13: no such package '@@jgit//org.eclipse.jgit.junit': No MODULE.bazel, REPO.bazel, or WORKSPACE file found in /data/h445xu/repo/bazel-repos/cloned_repos/GerritCodeReview__gerrit/modules/jgit and referenced by '//lib:jgit-junit'
ERROR: /data/h445xu/repo/bazel-repos/cloned_repos/GerritCodeReview__gerrit/lib/BUILD:76:13: no such package '@@jgit//org.eclipse.jgit.http.server': No MODULE.bazel, REPO.bazel, or WORKSPACE file found in /data/h445xu/repo/bazel-repos/cloned_repos/GerritCodeReview__gerrit/modules/jgit and referenced by '//lib:jgit-servlet'
ERROR: /data/h445xu/repo/bazel-repos/cloned_repos/GerritCodeReview__gerrit/lib/BUILD:59:13: no such package '@@jgit//org.eclipse.jgit.archive': No MODULE.bazel, REPO.bazel, or WORKSPACE file found in /data/h445xu/repo/bazel-repos/cloned_repos/GerritCodeReview__gerrit/modules/jgit and referenced by '//lib:jgit-archive'
ERROR: /data/h445xu/repo/bazel-repos/cloned_repos/GerritCodeReview__gerrit/javatests/com/google/gerrit/server/submit/BUILD:3:12: no such package '@@jgit//org.eclipse.jgit.junit': No MODULE.bazel, REPO.bazel, or WORKSPACE file found in /data/h445xu/repo/bazel-repos/cloned_repos/GerritCodeReview__gerrit/modules/jgit and referenced by '//javatests/com/google/gerrit/server/submit:submit_tests'
ERROR: /data/h445xu/repo/bazel-repos/cloned_repos/GerritCodeReview__gerrit/plugins/BUILD:20:9: no such package 'plugins/hooks': BUILD file not found in any of the following directories. Add a BUILD file to a directory to mark it as a package.
 - /data/h445xu/repo/bazel-repos/cloned_repos/GerritCodeReview__gerrit/plugins/hooks and referenced by '//plugins:core'
ERROR: /data/h445xu/repo/bazel-repos/cloned_repos/GerritCodeReview__gerrit/plugins/BUILD:20:9: no such package 'plugins/replication': BUILD file not found in any of the following directories. Add a BUILD file to a directory to mark it as a package.
 - /data/h445xu/repo/bazel-repos/cloned_repos/GerritCodeReview__gerrit/plugins/replication and referenced by '//plugins:core'
ERROR: /data/h445xu/repo/bazel-repos/cloned_repos/GerritCodeReview__gerrit/plugins/BUILD:20:9: no such package 'plugins/download-commands': BUILD file not found in any of the following directories. Add a BUILD file to a directory to mark it as a package.
 - /data/h445xu/repo/bazel-repos/cloned_repos/GerritCodeReview__gerrit/plugins/download-commands and referenced by '//plugins:core'
ERROR: /data/h445xu/repo/bazel-repos/cloned_repos/GerritCodeReview__gerrit/plugins/BUILD:20:9: no such package 'plugins/gitiles': BUILD file not found in any of the following directories. Add a BUILD file to a directory to mark it as a package.
 - /data/h445xu/repo/bazel-repos/cloned_repos/GerritCodeReview__gerrit/plugins/gitiles and referenced by '//plugins:core'
ERROR: /data/h445xu/repo/bazel-repos/cloned_repos/GerritCodeReview__gerrit/plugins/BUILD:20:9: no such package 'plugins/delete-project': BUILD file not found in any of the following directories. Add a BUILD file to a directory to mark it as a package.
 - /data/h445xu/repo/bazel-repos/cloned_repos/GerritCodeReview__gerrit/plugins/delete-project and referenced by '//plugins:core'
ERROR: /data/h445xu/repo/bazel-repos/cloned_repos/GerritCodeReview__gerrit/plugins/BUILD:20:9: no such package 'plugins/codemirror-editor': BUILD file not found in any of the following directories. Add a BUILD file to a directory to mark it as a package.
 - /data/h445xu/repo/bazel-repos/cloned_repos/GerritCodeReview__gerrit/plugins/codemirror-editor and referenced by '//plugins:core'
ERROR: /data/h445xu/repo/bazel-repos/cloned_repos/GerritCodeReview__gerrit/plugins/BUILD:20:9: no such package 'plugins/commit-message-length-validator': BUILD file not found in any of the following directories. Add a BUILD file to a directory to mark it as a package.
 - /data/h445xu/repo/bazel-repos/cloned_repos/GerritCodeReview__gerrit/plugins/commit-message-length-validator and referenced by '//plugins:core'
ERROR: /data/h445xu/repo/bazel-repos/cloned_repos/GerritCodeReview__gerrit/tools/eclipse/BUILD:35:20: no such package 'plugins/gitiles': BUILD file not found in any of the following directories. Add a BUILD file to a directory to mark it as a package.
 - /data/h445xu/repo/bazel-repos/cloned_repos/GerritCodeReview__gerrit/plugins/gitiles and referenced by '//tools/eclipse:main_classpath_collect'
ERROR: /data/h445xu/repo/bazel-repos/cloned_repos/GerritCodeReview__gerrit/tools/eclipse/BUILD:35:20: no such package 'plugins/download-commands': BUILD file not found in any of the following directories. Add a BUILD file to a directory to mark it as a package.
 - /data/h445xu/repo/bazel-repos/cloned_repos/GerritCodeReview__gerrit/plugins/download-commands and referenced by '//tools/eclipse:main_classpath_collect'
ERROR: /data/h445xu/repo/bazel-repos/cloned_repos/GerritCodeReview__gerrit/tools/eclipse/BUILD:35:20: no such package 'plugins/delete-project': BUILD file not found in any of the following directories. Add a BUILD file to a directory to mark it as a package.
 - /data/h445xu/repo/bazel-repos/cloned_repos/GerritCodeReview__gerrit/plugins/delete-project and referenced by '//tools/eclipse:main_classpath_collect'
ERROR: /data/h445xu/repo/bazel-repos/cloned_repos/GerritCodeReview__gerrit/tools/eclipse/BUILD:35:20: no such package 'plugins/commit-message-length-validator': BUILD file not found in any of the following directories. Add a BUILD file to a directory to mark it as a package.
 - /data/h445xu/repo/bazel-repos/cloned_repos/GerritCodeReview__gerrit/plugins/commit-message-length-validator and referenced by '//tools/eclipse:main_classpath_collect'
ERROR: /data/h445xu/repo/bazel-repos/cloned_repos/GerritCodeReview__gerrit/tools/eclipse/BUILD:35:20: no such package 'plugins/codemirror-editor': BUILD file not found in any of the following directories. Add a BUILD file to a directory to mark it as a package.
 - /data/h445xu/repo/bazel-repos/cloned_repos/GerritCodeReview__gerrit/plugins/codemirror-editor and referenced by '//tools/eclipse:main_classpath_collect'
ERROR: /data/h445xu/repo/bazel-repos/cloned_repos/GerritCodeReview__gerrit/plugins/BUILD:20:9: no such package 'plugins/replication': BUILD file not found in any of the following directories. Add a BUILD file to a directory to mark it as a package.
 - /data/h445xu/repo/bazel-repos/cloned_repos/GerritCodeReview__gerrit/plugins/replication and referenced by '//plugins:core'
ERROR: /data/h445xu/repo/bazel-repos/cloned_repos/GerritCodeReview__gerrit/plugins/BUILD:20:9: no such package 'plugins/plugin-manager': BUILD file not found in any of the following directories. Add a BUILD file to a directory to mark it as a package.
 - /data/h445xu/repo/bazel-repos/cloned_repos/GerritCodeReview__gerrit/plugins/plugin-manager and referenced by '//plugins:core'
ERROR: /data/h445xu/repo/bazel-repos/cloned_repos/GerritCodeReview__gerrit/lib/gitiles/BUILD:53:13: no such package '@@java-prettify//': No MODULE.bazel, REPO.bazel, or WORKSPACE file found in /data/h445xu/repo/bazel-repos/cloned_repos/GerritCodeReview__gerrit/modules/java-prettify and referenced by '//lib/gitiles:prettify'
ERROR: /data/h445xu/repo/bazel-repos/cloned_repos/GerritCodeReview__gerrit/plugins/BUILD:20:9: no such package 'plugins/webhooks': BUILD file not found in any of the following directories. Add a BUILD file to a directory to mark it as a package.
 - /data/h445xu/repo/bazel-repos/cloned_repos/GerritCodeReview__gerrit/plugins/webhooks and referenced by '//plugins:core'
ERROR: /data/h445xu/repo/bazel-repos/cloned_repos/GerritCodeReview__gerrit/plugins/BUILD:20:9: no such package 'plugins/singleusergroup': BUILD file not found in any of the following directories. Add a BUILD file to a directory to mark it as a package.
 - /data/h445xu/repo/bazel-repos/cloned_repos/GerritCodeReview__gerrit/plugins/singleusergroup and referenced by '//plugins:core'
ERROR: /data/h445xu/repo/bazel-repos/cloned_repos/GerritCodeReview__gerrit/plugins/BUILD:20:9: no such package 'plugins/reviewnotes': BUILD file not found in any of the following directories. Add a BUILD file to a directory to mark it as a package.
 - /data/h445xu/repo/bazel-repos/cloned_repos/GerritCodeReview__gerrit/plugins/reviewnotes and referenced by '//plugins:core'
ERROR: /data/h445xu/repo/bazel-repos/cloned_repos/GerritCodeReview__gerrit/lib/BUILD:49:13: no such package '@@jgit//org.eclipse.jgit.ssh.apache': No MODULE.bazel, REPO.bazel, or WORKSPACE file found in /data/h445xu/repo/bazel-repos/cloned_repos/GerritCodeReview__gerrit/modules/jgit and referenced by '//lib:jgit-ssh-apache'
ERROR: /data/h445xu/repo/bazel-repos/cloned_repos/GerritCodeReview__gerrit/tools/eclipse/BUILD:35:20: no such package 'plugins/webhooks': BUILD file not found in any of the following directories. Add a BUILD file to a directory to mark it as a package.
 - /data/h445xu/repo/bazel-repos/cloned_repos/GerritCodeReview__gerrit/plugins/webhooks and referenced by '//tools/eclipse:main_classpath_collect'
ERROR: /data/h445xu/repo/bazel-repos/cloned_repos/GerritCodeReview__gerrit/tools/eclipse/BUILD:35:20: no such package 'plugins/singleusergroup': BUILD file not found in any of the following directories. Add a BUILD file to a directory to mark it as a package.
 - /data/h445xu/repo/bazel-repos/cloned_repos/GerritCodeReview__gerrit/plugins/singleusergroup and referenced by '//tools/eclipse:main_classpath_collect'
ERROR: /data/h445xu/repo/bazel-repos/cloned_repos/GerritCodeReview__gerrit/tools/eclipse/BUILD:35:20: no such package 'plugins/reviewnotes': BUILD file not found in any of the following directories. Add a BUILD file to a directory to mark it as a package.
 - /data/h445xu/repo/bazel-repos/cloned_repos/GerritCodeReview__gerrit/plugins/reviewnotes and referenced by '//tools/eclipse:main_classpath_collect'
ERROR: /data/h445xu/repo/bazel-repos/cloned_repos/GerritCodeReview__gerrit/tools/eclipse/BUILD:35:20: no such package 'plugins/replication': BUILD file not found in any of the following directories. Add a BUILD file to a directory to mark it as a package.
 - /data/h445xu/repo/bazel-repos/cloned_repos/GerritCodeReview__gerrit/plugins/replication and referenced by '//tools/eclipse:main_classpath_collect'
ERROR: /data/h445xu/repo/bazel-repos/cloned_repos/GerritCodeReview__gerrit/tools/eclipse/BUILD:35:20: no such package 'plugins/replication': BUILD file not found in any of the following directories. Add a BUILD file to a directory to mark it as a package.
 - /data/h445xu/repo/bazel-repos/cloned_repos/GerritCodeReview__gerrit/plugins/replication and referenced by '//tools/eclipse:main_classpath_collect'
ERROR: /data/h445xu/repo/bazel-repos/cloned_repos/GerritCodeReview__gerrit/tools/eclipse/BUILD:35:20: no such package 'plugins/plugin-manager': BUILD file not found in any of the following directories. Add a BUILD file to a directory to mark it as a package.
 - /data/h445xu/repo/bazel-repos/cloned_repos/GerritCodeReview__gerrit/plugins/plugin-manager and referenced by '//tools/eclipse:main_classpath_collect'
ERROR: /data/h445xu/repo/bazel-repos/cloned_repos/GerritCodeReview__gerrit/tools/eclipse/BUILD:35:20: no such package 'plugins/hooks': BUILD file not found in any of the following directories. Add a BUILD file to a directory to mark it as a package.
 - /data/h445xu/repo/bazel-repos/cloned_repos/GerritCodeReview__gerrit/plugins/hooks and referenced by '//tools/eclipse:main_classpath_collect'
ERROR: Evaluation of query "deps(//...)" failed: errors were encountered while computing transitive closure
WARNING: --keep_going specified, ignoring errors. Results may be inaccurate
Read 0 lines from bazel query output...
Read 1000 lines from bazel query output...
Read 2000 lines from bazel query output...
Read 3000 lines from bazel query output...
Read 4000 lines from bazel query output...
Read 5000 lines from bazel query output...
Read 6000 lines from bazel query output...
Read 7000 lines from bazel query output...
Read 8000 lines from bazel query output...
Read 9000 lines from bazel query output...
Read 10000 lines from bazel query output...
Read 11000 lines from bazel query output...
Read 12000 lines from bazel query output...
Read 13000 lines from bazel query output...
Read 14000 lines from bazel query output...
Read 15000 lines from bazel query output...
Read 16000 lines from bazel query output...
Read 17000 lines from bazel query output...
Read 18000 lines from bazel query output...
Read 19000 lines from bazel query output...
Read 20000 lines from bazel query output...
Read 21000 lines from bazel query output...
Read 22000 lines from bazel query output...
Read 23000 lines from bazel query output...
Read 24000 lines from bazel query output...
Read 25000 lines from bazel query output...
Read 26000 lines from bazel query output...
Read 27000 lines from bazel query output...
Read 28000 lines from bazel query output...
Read 29000 lines from bazel query output...
Read 30000 lines from bazel query output...
Read 31000 lines from bazel query output...
Read 32000 lines from bazel query output...
Read 33000 lines from bazel query output...
Read 34000 lines from bazel query output...
Read 35000 lines from bazel query output...
Read 36000 lines from bazel query output...
Read 37000 lines from bazel query output...
Read 38000 lines from bazel query output...
Read 39000 lines from bazel query output...
Read 40000 lines from bazel query output...
Read 41000 lines from bazel query output...
Read 42000 lines from bazel query output...
Read 43000 lines from bazel query output...
Read 44000 lines from bazel query output...
Read 45000 lines from bazel query output...
Read 46000 lines from bazel query output...
Read 47000 lines from bazel query output...
Read 48000 lines from bazel query output...
Read 49000 lines from bazel query output...
Read 50000 lines from bazel query output...
Read 51000 lines from bazel query output...
Read 52000 lines from bazel query output...
Read 53000 lines from bazel query output...
Read 54000 lines from bazel query output...
Read 55000 lines from bazel query output...
Read 56000 lines from bazel query output...
Read 57000 lines from bazel query output...
Read 58000 lines from bazel query output...
Read 59000 lines from bazel query output...
Read 60000 lines from bazel query output...
Read 61000 lines from bazel query output...
Read 62000 lines from bazel query output...
Read 63000 lines from bazel query output...
Read 64000 lines from bazel query output...
Read 65000 lines from bazel query output...
Read 66000 lines from bazel query output...
Read 67000 lines from bazel query output...
Read 68000 lines from bazel query output...
Read 69000 lines from bazel query output...
Read 70000 lines from bazel query output...
Read 71000 lines from bazel query output...
Read 72000 lines from bazel query output...
Read 73000 lines from bazel query output...
Read 74000 lines from bazel query output...
Read 75000 lines from bazel query output...
Read 76000 lines from bazel query output...
Read 77000 lines from bazel query output...
Read 78000 lines from bazel query output...
Read 79000 lines from bazel query output...
Read 80000 lines from bazel query output...
Read 81000 lines from bazel query output...
Read 82000 lines from bazel query output...
Read 83000 lines from bazel query output...
Read 84000 lines from bazel query output...
Read 85000 lines from bazel query output...
Read 86000 lines from bazel query output...
Read 87000 lines from bazel query output...
Read 88000 lines from bazel query output...
Read 89000 lines from bazel query output...
Read 90000 lines from bazel query output...
Read 91000 lines from bazel query output...
Read 92000 lines from bazel query output...
Read 93000 lines from bazel query output...
Read 94000 lines from bazel query output...
Read 95000 lines from bazel query output...
Read 96000 lines from bazel query output...
Read 97000 lines from bazel query output...
Read 98000 lines from bazel query output...
Read 99000 lines from bazel query output...
Read 100000 lines from bazel query output...
Read 101000 lines from bazel query output...
Read 102000 lines from bazel query output...
Read 103000 lines from bazel query output...
Read 104000 lines from bazel query output...
Read 105000 lines from bazel query output...
Read 106000 lines from bazel query output...
Read 107000 lines from bazel query output...
Read 108000 lines from bazel query output...
Read 109000 lines from bazel query output...
Read 110000 lines from bazel query output...
Read 111000 lines from bazel query output...
Read 112000 lines from bazel query output...
Read 113000 lines from bazel query output...
Read 114000 lines from bazel query output...
Read 115000 lines from bazel query output...
Read 116000 lines from bazel query output...
Read 117000 lines from bazel query output...
Read 118000 lines from bazel query output...
Read 119000 lines from bazel query output...
Read 120000 lines from bazel query output...
Read 121000 lines from bazel query output...
Read 122000 lines from bazel query output...
Read 123000 lines from bazel query output...
Read 124000 lines from bazel query output...
Read 125000 lines from bazel query output...
Read 126000 lines from bazel query output...
Read 127000 lines from bazel query output...
Read 128000 lines from bazel query output...
Read 129000 lines from bazel query output...
Read 130000 lines from bazel query output...
Read 131000 lines from bazel query output...
Read 132000 lines from bazel query output...
Read 133000 lines from bazel query output...
Read 134000 lines from bazel query output...
Read 135000 lines from bazel query output...
Read 136000 lines from bazel query output...
Read 137000 lines from bazel query output...
Read 138000 lines from bazel query output...
Read 139000 lines from bazel query output...
Read 140000 lines from bazel query output...
Read 141000 lines from bazel query output...
Read 142000 lines from bazel query output...
Read 143000 lines from bazel query output...
Read 144000 lines from bazel query output...
Read 145000 lines from bazel query output...
Read 146000 lines from bazel query output...
Read 147000 lines from bazel query output...
Read 148000 lines from bazel query output...
Read 149000 lines from bazel query output...
Read 150000 lines from bazel query output...
Read 151000 lines from bazel query output...
Read 152000 lines from bazel query output...
Read 153000 lines from bazel query output...
Read 154000 lines from bazel query output...
Read 155000 lines from bazel query output...
Read 156000 lines from bazel query output...
Read 157000 lines from bazel query output...
Read 158000 lines from bazel query output...
Read 159000 lines from bazel query output...
Read 160000 lines from bazel query output...
Read 161000 lines from bazel query output...
Read 162000 lines from bazel query output...
Read 163000 lines from bazel query output...
Read 164000 lines from bazel query output...
Read 165000 lines from bazel query output...
Read 166000 lines from bazel query output...
Read 167000 lines from bazel query output...
Read 168000 lines from bazel query output...
Read 169000 lines from bazel query output...
Read 170000 lines from bazel query output...
Read 171000 lines from bazel query output...
Read 172000 lines from bazel query output...
Read 173000 lines from bazel query output...
Read 174000 lines from bazel query output...
Read 175000 lines from bazel query output...
Read 176000 lines from bazel query output...
Read 177000 lines from bazel query output...
Read 178000 lines from bazel query output...
Read 179000 lines from bazel query output...
Read 180000 lines from bazel query output...
Read 181000 lines from bazel query output...
Read 182000 lines from bazel query output...
Read 183000 lines from bazel query output...
Read 184000 lines from bazel query output...
Read 185000 lines from bazel query output...
Read 186000 lines from bazel query output...
Read 187000 lines from bazel query output...
Read 188000 lines from bazel query output...
Read 189000 lines from bazel query output...
Read 190000 lines from bazel query output...
Read 191000 lines from bazel query output...
Read 192000 lines from bazel query output...
Read 193000 lines from bazel query output...
Read 194000 lines from bazel query output...
Read 195000 lines from bazel query output...
Read 196000 lines from bazel query output...
Read 197000 lines from bazel query output...
Read 198000 lines from bazel query output...
Read 199000 lines from bazel query output...
Read 200000 lines from bazel query output...
Read 201000 lines from bazel query output...
Read 202000 lines from bazel query output...
Read 203000 lines from bazel query output...
Read 204000 lines from bazel query output...
Read 205000 lines from bazel query output...
Read 206000 lines from bazel query output...
Read 207000 lines from bazel query output...
Read 208000 lines from bazel query output...
Read 209000 lines from bazel query output...
Read 210000 lines from bazel query output...
Read 211000 lines from bazel query output...
Read 212000 lines from bazel query output...
Read 213000 lines from bazel query output...
Read 214000 lines from bazel query output...
Read 215000 lines from bazel query output...
Read 216000 lines from bazel query output...
Read 217000 lines from bazel query output...
Read 218000 lines from bazel query output...
Read 219000 lines from bazel query output...
Read 220000 lines from bazel query output...
Read 221000 lines from bazel query output...
Read 222000 lines from bazel query output...
Read 223000 lines from bazel query output...
Read 224000 lines from bazel query output...
Read 225000 lines from bazel query output...
Read 226000 lines from bazel query output...
Read 227000 lines from bazel query output...
Read 228000 lines from bazel query output...
Read 229000 lines from bazel query output...
Read 230000 lines from bazel query output...
Read 231000 lines from bazel query output...
Read 232000 lines from bazel query output...
Read 233000 lines from bazel query output...
Read 234000 lines from bazel query output...
Read 235000 lines from bazel query output...
Read 236000 lines from bazel query output...
Read 237000 lines from bazel query output...
Read 238000 lines from bazel query output...
Read 239000 lines from bazel query output...
Read 240000 lines from bazel query output...
Read 241000 lines from bazel query output...
Read 242000 lines from bazel query output...
Read 243000 lines from bazel query output...
Read 244000 lines from bazel query output...
Read 245000 lines from bazel query output...
Read 246000 lines from bazel query output...
Read 247000 lines from bazel query output...
Read 248000 lines from bazel query output...
Read 249000 lines from bazel query output...
Read 250000 lines from bazel query output...
Read 251000 lines from bazel query output...
Read 252000 lines from bazel query output...
Read 253000 lines from bazel query output...
Read 254000 lines from bazel query output...
Read 255000 lines from bazel query output...
Read 256000 lines from bazel query output...
Read 257000 lines from bazel query output...
Read 258000 lines from bazel query output...
Read 259000 lines from bazel query output...
Read 260000 lines from bazel query output...
Read 261000 lines from bazel query output...
Read 262000 lines from bazel query output...
Read 263000 lines from bazel query output...
Read 264000 lines from bazel query output...
Read 265000 lines from bazel query output...
Read 266000 lines from bazel query output...
Read 267000 lines from bazel query output...
Read 268000 lines from bazel query output...
Read 269000 lines from bazel query output...
Read 270000 lines from bazel query output...
Read 271000 lines from bazel query output...
Read 272000 lines from bazel query output...
Read 273000 lines from bazel query output...
Read 274000 lines from bazel query output...
Read 275000 lines from bazel query output...
Read 276000 lines from bazel query output...
Read 277000 lines from bazel query output...
Read 278000 lines from bazel query output...
Read 279000 lines from bazel query output...
Read 280000 lines from bazel query output...
Read 281000 lines from bazel query output...
Read 282000 lines from bazel query output...
Read 283000 lines from bazel query output...
Read 284000 lines from bazel query output...
Read 285000 lines from bazel query output...
Read 286000 lines from bazel query output...
Read 287000 lines from bazel query output...
Read 288000 lines from bazel query output...
Read 289000 lines from bazel query output...
Read 290000 lines from bazel query output...
Read 291000 lines from bazel query output...
Read 292000 lines from bazel query output...
Read 293000 lines from bazel query output...
Read 294000 lines from bazel query output...
Read 295000 lines from bazel query output...
Read 296000 lines from bazel query output...
Read 297000 lines from bazel query output...
Read 298000 lines from bazel query output...
Read 299000 lines from bazel query output...
Read 300000 lines from bazel query output...
Read 301000 lines from bazel query output...
Read 302000 lines from bazel query output...
Read 303000 lines from bazel query output...
