Starting local Bazel server (8.3.1) and connecting to it...
 no actions running
 no actions running
 no actions running
WARNING: For repository 'platforms', the root module requires module version platforms@0.0.10, but got platforms@0.0.11 in the resolved dependency graph. Please update the version in your MODULE.bazel or set --check_direct_dependencies=off
WARNING: For repository 'rules_cc', the root module requires module version rules_cc@0.0.16, but got rules_cc@0.1.1 in the resolved dependency graph. Please update the version in your MODULE.bazel or set --check_direct_dependencies=off
WARNING: For repository 'com_google_googletest', the root module requires module version googletest@1.14.0, but got googletest@1.15.2 in the resolved dependency graph. Please update the version in your MODULE.bazel or set --check_direct_dependencies=off
 no actions running
Loading: 0 packages loaded
Loading: 0 packages loaded
ERROR: error loading package 'connections/dart': Every .bzl file must have a corresponding package, but '//third_party/cpptoolchains/windows_llvm/build_defs:windows.bzl' does not have one. Please create a BUILD file in the same or any parent directory. Note that this BUILD file does not need to do anything except exist.
Loading: 60 packages loaded
    currently loading: connections/dart ... (8 packages)
ERROR: error loading package 'internal/platform/implementation/apple/Mediums/Ble/Sockets': Every .bzl file must have a corresponding package, but '//third_party/nearby:minimum_os.bzl' does not have one. Please create a BUILD file in the same or any parent directory. Note that this BUILD file does not need to do anything except exist.
ERROR: error loading package 'internal/platform/implementation/apple/Tests': Every .bzl file must have a corresponding package, but '//third_party/nearby:minimum_os.bzl' does not have one. Please create a BUILD file in the same or any parent directory. Note that this BUILD file does not need to do anything except exist.
ERROR: error loading package 'internal/platform/implementation/apple/Flags/Tests': Every .bzl file must have a corresponding package, but '//third_party/nearby:minimum_os.bzl' does not have one. Please create a BUILD file in the same or any parent directory. Note that this BUILD file does not need to do anything except exist.
ERROR: error loading package 'internal/platform/implementation/apple/Log/Tests': Every .bzl file must have a corresponding package, but '//third_party/nearby:minimum_os.bzl' does not have one. Please create a BUILD file in the same or any parent directory. Note that this BUILD file does not need to do anything except exist.
ERROR: error loading package 'connections/swift/NearbyConnections': Every .bzl file must have a corresponding package, but '//third_party/nearby:minimum_os.bzl' does not have one. Please create a BUILD file in the same or any parent directory. Note that this BUILD file does not need to do anything except exist.
ERROR: error loading package 'connections/swift/NearbyCoreAdapter': Every .bzl file must have a corresponding package, but '//third_party/nearby:minimum_os.bzl' does not have one. Please create a BUILD file in the same or any parent directory. Note that this BUILD file does not need to do anything except exist.
ERROR: error loading package 'connections/c': Every .bzl file must have a corresponding package, but '//third_party/cpptoolchains/windows_llvm/build_defs:windows.bzl' does not have one. Please create a BUILD file in the same or any parent directory. Note that this BUILD file does not need to do anything except exist.
Loading: 84 packages loaded
    currently loading: connections/dart ... (17 packages)
ERROR: /data/h445xu/repo/bazel-repos/cloned_repos/google__nearby/sharing/BUILD:103:11: no such package 'buildenv/target': BUILD file not found in any of the following directories. Add a BUILD file to a directory to mark it as a package.
 - buildenv/target and referenced by '//sharing:transfer_metadata'
ERROR: /data/h445xu/repo/bazel-repos/cloned_repos/google__nearby/internal/encoding/BUILD:22:11: no such package 'buildenv/target': BUILD file not found in any of the following directories. Add a BUILD file to a directory to mark it as a package.
 - buildenv/target and referenced by '//internal/encoding:base85'
ERROR: /data/h445xu/repo/bazel-repos/cloned_repos/google__nearby/sharing/BUILD:415:11: no such target '@@googletest+//:gtest_for_library_testonly': target 'gtest_for_library_testonly' not declared in package '' defined by /data/h445xu/.cache/bazel/_bazel_hongxu/a66b589ca55245870f68cb47083d1045/external/googletest+/BUILD.bazel and referenced by '//sharing:transfer_metadata_matchers'
ERROR: /data/h445xu/repo/bazel-repos/cloned_repos/google__nearby/internal/platform/implementation/apple/Log/BUILD:27:13: no such package 'third_party/apple_frameworks': BUILD file not found in any of the following directories. Add a BUILD file to a directory to mark it as a package.
 - third_party/apple_frameworks and referenced by '//internal/platform/implementation/apple/Log:GNCLogger'
ERROR: /data/h445xu/repo/bazel-repos/cloned_repos/google__nearby/internal/platform/implementation/apple/BUILD:195:13: no such package 'tools/build_defs/swift': BUILD file not found in any of the following directories. Add a BUILD file to a directory to mark it as a package.
 - tools/build_defs/swift and referenced by '//internal/platform/implementation/apple:os_log_sink'
ERROR: /data/h445xu/repo/bazel-repos/cloned_repos/google__nearby/internal/test/BUILD:20:11: no such target '@@googletest+//:gtest_for_library_testonly': target 'gtest_for_library_testonly' not declared in package '' defined by /data/h445xu/.cache/bazel/_bazel_hongxu/a66b589ca55245870f68cb47083d1045/external/googletest+/BUILD.bazel and referenced by '//internal/test:mocks'
ERROR: /data/h445xu/repo/bazel-repos/cloned_repos/google__nearby/internal/platform/implementation/apple/Flags/BUILD:23:13: no such package 'third_party/apple_frameworks': BUILD file not found in any of the following directories. Add a BUILD file to a directory to mark it as a package.
 - third_party/apple_frameworks and referenced by '//internal/platform/implementation/apple/Flags:Flags'
ERROR: /data/h445xu/repo/bazel-repos/cloned_repos/google__nearby/internal/platform/implementation/apple/BUILD:211:13: no such package 'tools/build_defs/swift': BUILD file not found in any of the following directories. Add a BUILD file to a directory to mark it as a package.
 - tools/build_defs/swift and referenced by '//internal/platform/implementation/apple:nearby_logger'
ERROR: /data/h445xu/repo/bazel-repos/cloned_repos/google__nearby/internal/proto/BUILD:62:14: no such package 'frameworks/testing/rpcreplay/processors': BUILD file not found in any of the following directories. Add a BUILD file to a directory to mark it as a package.
 - frameworks/testing/rpcreplay/processors and referenced by '//internal/proto:tachyon_proto'
ERROR: /data/h445xu/repo/bazel-repos/cloned_repos/google__nearby/internal/proto/BUILD:62:14: no such package 'google/api': BUILD file not found in any of the following directories. Add a BUILD file to a directory to mark it as a package.
 - google/api and referenced by '//internal/proto:tachyon_proto'
ERROR: /data/h445xu/repo/bazel-repos/cloned_repos/google__nearby/internal/analytics/BUILD:36:11: no such package 'buildenv/target': BUILD file not found in any of the following directories. Add a BUILD file to a directory to mark it as a package.
 - buildenv/target and referenced by '//internal/analytics:mock_event_logger'
ERROR: /data/h445xu/repo/bazel-repos/cloned_repos/google__nearby/internal/analytics/BUILD:36:11: no such target '@@googletest+//:gtest_for_library_testonly': target 'gtest_for_library_testonly' not declared in package '' defined by /data/h445xu/.cache/bazel/_bazel_hongxu/a66b589ca55245870f68cb47083d1045/external/googletest+/BUILD.bazel and referenced by '//internal/analytics:mock_event_logger'
DEBUG: Rule '+_repo_rules2+aappleby_smhasher' indicated that a canonical reproducible form can be obtained by modifying arguments integrity = "sha256-jB7LnO7lIKrXcZk1D/Ie2QYPu46rzPWVsG7ZJG4dMB8="
DEBUG: Repository +_repo_rules2+aappleby_smhasher instantiated at:
  <builtin>: in <toplevel>
Repository rule http_archive defined at:
  /data/h445xu/.cache/bazel/_bazel_hongxu/a66b589ca55245870f68cb47083d1045/external/bazel_tools/tools/build_defs/repo/http.bzl:394:31: in <toplevel>
ERROR: /data/h445xu/repo/bazel-repos/cloned_repos/google__nearby/internal/platform/implementation/apple/BUILD:163:13: no such package 'third_party/apple_frameworks': BUILD file not found in any of the following directories. Add a BUILD file to a directory to mark it as a package.
 - third_party/apple_frameworks and referenced by '//internal/platform/implementation/apple:Shared'
ERROR: /data/h445xu/repo/bazel-repos/cloned_repos/google__nearby/internal/platform/implementation/apple/Mediums/BUILD:24:13: error loading package 'internal/platform/implementation/apple/Mediums/Ble/Sockets': Every .bzl file must have a corresponding package, but '//third_party/nearby:minimum_os.bzl' does not have one. Please create a BUILD file in the same or any parent directory. Note that this BUILD file does not need to do anything except exist. and referenced by '//internal/platform/implementation/apple/Mediums:Mediums'
ERROR: /data/h445xu/repo/bazel-repos/cloned_repos/google__nearby/internal/platform/implementation/apple/Mediums/BUILD:24:13: no such package 'third_party/apple_frameworks': BUILD file not found in any of the following directories. Add a BUILD file to a directory to mark it as a package.
 - third_party/apple_frameworks and referenced by '//internal/platform/implementation/apple/Mediums:Mediums'
INFO: Repository +_repo_rules2+com_github_protobuf_matchers instantiated at:
  <builtin>: in <toplevel>
Repository rule http_archive defined at:
  /data/h445xu/.cache/bazel/_bazel_hongxu/a66b589ca55245870f68cb47083d1045/external/bazel_tools/tools/build_defs/repo/http.bzl:394:31: in <toplevel>
ERROR: /data/h445xu/.cache/bazel/_bazel_hongxu/a66b589ca55245870f68cb47083d1045/external/bazel_tools/tools/build_defs/repo/http.bzl:139:45: An error occurred during the fetch of repository '+_repo_rules2+com_github_protobuf_matchers':
   Traceback (most recent call last):
	File "/data/h445xu/.cache/bazel/_bazel_hongxu/a66b589ca55245870f68cb47083d1045/external/bazel_tools/tools/build_defs/repo/http.bzl", line 139, column 45, in _http_archive_impl
		download_info = ctx.download_and_extract(
Error in download_and_extract: java.io.IOException: Error extracting /data/h445xu/.cache/bazel/_bazel_hongxu/a66b589ca55245870f68cb47083d1045/external/+_repo_rules2+com_github_protobuf_matchers/temp3139459661117374203/master.zip to /data/h445xu/.cache/bazel/_bazel_hongxu/a66b589ca55245870f68cb47083d1045/external/+_repo_rules2+com_github_protobuf_matchers/temp3139459661117374203: Prefix "protobuf-matchers-master" was given, but not found in the archive. Here are possible prefixes for this archive: "protobuf-matchers-main".
ERROR: /data/h445xu/repo/bazel-repos/cloned_repos/google__nearby/connections/implementation/mediums/advertisements/BUILD:65:8: no such package '@@+_repo_rules2+com_github_protobuf_matchers//protobuf-matchers': java.io.IOException: Error extracting /data/h445xu/.cache/bazel/_bazel_hongxu/a66b589ca55245870f68cb47083d1045/external/+_repo_rules2+com_github_protobuf_matchers/temp3139459661117374203/master.zip to /data/h445xu/.cache/bazel/_bazel_hongxu/a66b589ca55245870f68cb47083d1045/external/+_repo_rules2+com_github_protobuf_matchers/temp3139459661117374203: Prefix "protobuf-matchers-master" was given, but not found in the archive. Here are possible prefixes for this archive: "protobuf-matchers-main". and referenced by '//connections/implementation/mediums/advertisements:data_element_test'
ERROR: /data/h445xu/repo/bazel-repos/cloned_repos/google__nearby/sharing/BUILD:729:8: no such package '@@+_repo_rules2+com_github_protobuf_matchers//protobuf-matchers': java.io.IOException: Error extracting /data/h445xu/.cache/bazel/_bazel_hongxu/a66b589ca55245870f68cb47083d1045/external/+_repo_rules2+com_github_protobuf_matchers/temp3139459661117374203/master.zip to /data/h445xu/.cache/bazel/_bazel_hongxu/a66b589ca55245870f68cb47083d1045/external/+_repo_rules2+com_github_protobuf_matchers/temp3139459661117374203: Prefix "protobuf-matchers-master" was given, but not found in the archive. Here are possible prefixes for this archive: "protobuf-matchers-main". and referenced by '//sharing:text_attachment_test'
ERROR: /data/h445xu/repo/bazel-repos/cloned_repos/google__nearby/sharing/BUILD:793:8: no such package '@@+_repo_rules2+com_github_protobuf_matchers//protobuf-matchers': java.io.IOException: Error extracting /data/h445xu/.cache/bazel/_bazel_hongxu/a66b589ca55245870f68cb47083d1045/external/+_repo_rules2+com_github_protobuf_matchers/temp3139459661117374203/master.zip to /data/h445xu/.cache/bazel/_bazel_hongxu/a66b589ca55245870f68cb47083d1045/external/+_repo_rules2+com_github_protobuf_matchers/temp3139459661117374203: Prefix "protobuf-matchers-master" was given, but not found in the archive. Here are possible prefixes for this archive: "protobuf-matchers-main". and referenced by '//sharing:attachment_container_test'
ERROR: /data/h445xu/repo/bazel-repos/cloned_repos/google__nearby/internal/platform/BUILD:427:8: no such package '@@+_repo_rules2+com_github_protobuf_matchers//protobuf-matchers': java.io.IOException: Error extracting /data/h445xu/.cache/bazel/_bazel_hongxu/a66b589ca55245870f68cb47083d1045/external/+_repo_rules2+com_github_protobuf_matchers/temp3139459661117374203/master.zip to /data/h445xu/.cache/bazel/_bazel_hongxu/a66b589ca55245870f68cb47083d1045/external/+_repo_rules2+com_github_protobuf_matchers/temp3139459661117374203: Prefix "protobuf-matchers-master" was given, but not found in the archive. Here are possible prefixes for this archive: "protobuf-matchers-main". and referenced by '//internal/platform:platform_util_test'
ERROR: /data/h445xu/repo/bazel-repos/cloned_repos/google__nearby/internal/platform/BUILD:606:8: no such package '@@+_repo_rules2+com_github_protobuf_matchers//protobuf-matchers': java.io.IOException: Error extracting /data/h445xu/.cache/bazel/_bazel_hongxu/a66b589ca55245870f68cb47083d1045/external/+_repo_rules2+com_github_protobuf_matchers/temp3139459661117374203/master.zip to /data/h445xu/.cache/bazel/_bazel_hongxu/a66b589ca55245870f68cb47083d1045/external/+_repo_rules2+com_github_protobuf_matchers/temp3139459661117374203: Prefix "protobuf-matchers-master" was given, but not found in the archive. Here are possible prefixes for this archive: "protobuf-matchers-main". and referenced by '//internal/platform:mac_address_test'
ERROR: /data/h445xu/repo/bazel-repos/cloned_repos/google__nearby/internal/platform/BUILD:458:8: no such package '@@+_repo_rules2+com_github_protobuf_matchers//protobuf-matchers': java.io.IOException: Error extracting /data/h445xu/.cache/bazel/_bazel_hongxu/a66b589ca55245870f68cb47083d1045/external/+_repo_rules2+com_github_protobuf_matchers/temp3139459661117374203/master.zip to /data/h445xu/.cache/bazel/_bazel_hongxu/a66b589ca55245870f68cb47083d1045/external/+_repo_rules2+com_github_protobuf_matchers/temp3139459661117374203: Prefix "protobuf-matchers-master" was given, but not found in the archive. Here are possible prefixes for this archive: "protobuf-matchers-main". and referenced by '//internal/platform:expected_test'
ERROR: /data/h445xu/repo/bazel-repos/cloned_repos/google__nearby/internal/platform/implementation/windows/BUILD:356:8: no such package '@@+_repo_rules2+com_github_protobuf_matchers//protobuf-matchers': java.io.IOException: Error extracting /data/h445xu/.cache/bazel/_bazel_hongxu/a66b589ca55245870f68cb47083d1045/external/+_repo_rules2+com_github_protobuf_matchers/temp3139459661117374203/master.zip to /data/h445xu/.cache/bazel/_bazel_hongxu/a66b589ca55245870f68cb47083d1045/external/+_repo_rules2+com_github_protobuf_matchers/temp3139459661117374203: Prefix "protobuf-matchers-master" was given, but not found in the archive. Here are possible prefixes for this archive: "protobuf-matchers-main". and referenced by '//internal/platform/implementation/windows:string_utils_test'
ERROR: /data/h445xu/repo/bazel-repos/cloned_repos/google__nearby/internal/platform/implementation/BUILD:242:8: no such package '@@+_repo_rules2+com_github_protobuf_matchers//protobuf-matchers': java.io.IOException: Error extracting /data/h445xu/.cache/bazel/_bazel_hongxu/a66b589ca55245870f68cb47083d1045/external/+_repo_rules2+com_github_protobuf_matchers/temp3139459661117374203/master.zip to /data/h445xu/.cache/bazel/_bazel_hongxu/a66b589ca55245870f68cb47083d1045/external/+_repo_rules2+com_github_protobuf_matchers/temp3139459661117374203: Prefix "protobuf-matchers-master" was given, but not found in the archive. Here are possible prefixes for this archive: "protobuf-matchers-main". and referenced by '//internal/platform/implementation:wifi_utils_test'
ERROR: /data/h445xu/repo/bazel-repos/cloned_repos/google__nearby/internal/base/BUILD:88:8: no such package '@@+_repo_rules2+com_github_protobuf_matchers//protobuf-matchers': java.io.IOException: Error extracting /data/h445xu/.cache/bazel/_bazel_hongxu/a66b589ca55245870f68cb47083d1045/external/+_repo_rules2+com_github_protobuf_matchers/temp3139459661117374203/master.zip to /data/h445xu/.cache/bazel/_bazel_hongxu/a66b589ca55245870f68cb47083d1045/external/+_repo_rules2+com_github_protobuf_matchers/temp3139459661117374203: Prefix "protobuf-matchers-master" was given, but not found in the archive. Here are possible prefixes for this archive: "protobuf-matchers-main". and referenced by '//internal/base:base_test'
ERROR: /data/h445xu/repo/bazel-repos/cloned_repos/google__nearby/internal/encoding/BUILD:33:8: no such package '@@+_repo_rules2+com_github_protobuf_matchers//protobuf-matchers': java.io.IOException: Error extracting /data/h445xu/.cache/bazel/_bazel_hongxu/a66b589ca55245870f68cb47083d1045/external/+_repo_rules2+com_github_protobuf_matchers/temp3139459661117374203/master.zip to /data/h445xu/.cache/bazel/_bazel_hongxu/a66b589ca55245870f68cb47083d1045/external/+_repo_rules2+com_github_protobuf_matchers/temp3139459661117374203: Prefix "protobuf-matchers-master" was given, but not found in the archive. Here are possible prefixes for this archive: "protobuf-matchers-main". and referenced by '//internal/encoding:base85_test'
ERROR: /data/h445xu/repo/bazel-repos/cloned_repos/google__nearby/internal/base/BUILD:118:8: no such package '@@+_repo_rules2+com_github_protobuf_matchers//protobuf-matchers': java.io.IOException: Error extracting /data/h445xu/.cache/bazel/_bazel_hongxu/a66b589ca55245870f68cb47083d1045/external/+_repo_rules2+com_github_protobuf_matchers/temp3139459661117374203/master.zip to /data/h445xu/.cache/bazel/_bazel_hongxu/a66b589ca55245870f68cb47083d1045/external/+_repo_rules2+com_github_protobuf_matchers/temp3139459661117374203: Prefix "protobuf-matchers-master" was given, but not found in the archive. Here are possible prefixes for this archive: "protobuf-matchers-main". and referenced by '//internal/base:files_test'
ERROR: /data/h445xu/repo/bazel-repos/cloned_repos/google__nearby/internal/base/BUILD:104:8: no such package '@@+_repo_rules2+com_github_protobuf_matchers//protobuf-matchers': java.io.IOException: Error extracting /data/h445xu/.cache/bazel/_bazel_hongxu/a66b589ca55245870f68cb47083d1045/external/+_repo_rules2+com_github_protobuf_matchers/temp3139459661117374203/master.zip to /data/h445xu/.cache/bazel/_bazel_hongxu/a66b589ca55245870f68cb47083d1045/external/+_repo_rules2+com_github_protobuf_matchers/temp3139459661117374203: Prefix "protobuf-matchers-master" was given, but not found in the archive. Here are possible prefixes for this archive: "protobuf-matchers-main". and referenced by '//internal/base:file_path_test'
ERROR: /data/h445xu/repo/bazel-repos/cloned_repos/google__nearby/sharing/BUILD:757:8: no such package '@@+_repo_rules2+com_github_protobuf_matchers//protobuf-matchers': java.io.IOException: Error extracting /data/h445xu/.cache/bazel/_bazel_hongxu/a66b589ca55245870f68cb47083d1045/external/+_repo_rules2+com_github_protobuf_matchers/temp3139459661117374203/master.zip to /data/h445xu/.cache/bazel/_bazel_hongxu/a66b589ca55245870f68cb47083d1045/external/+_repo_rules2+com_github_protobuf_matchers/temp3139459661117374203: Prefix "protobuf-matchers-master" was given, but not found in the archive. Here are possible prefixes for this archive: "protobuf-matchers-main". and referenced by '//sharing:transfer_metadata_test'
ERROR: /data/h445xu/repo/bazel-repos/cloned_repos/google__nearby/internal/flags/BUILD:63:8: no such package '@@+_repo_rules2+com_github_protobuf_matchers//protobuf-matchers': java.io.IOException: Error extracting /data/h445xu/.cache/bazel/_bazel_hongxu/a66b589ca55245870f68cb47083d1045/external/+_repo_rules2+com_github_protobuf_matchers/temp3139459661117374203/master.zip to /data/h445xu/.cache/bazel/_bazel_hongxu/a66b589ca55245870f68cb47083d1045/external/+_repo_rules2+com_github_protobuf_matchers/temp3139459661117374203: Prefix "protobuf-matchers-master" was given, but not found in the archive. Here are possible prefixes for this archive: "protobuf-matchers-main". and referenced by '//internal/flags:nearby_flags_test'
DEBUG: Rule '+_repo_rules2+com_google_ukey2' indicated that a canonical reproducible form can be obtained by modifying arguments integrity = "sha256-QGiYYuJafJuFR72tYRrU0jlkv+LA9nqQ2VnYkWFTWJk="
DEBUG: Repository +_repo_rules2+com_google_ukey2 instantiated at:
  <builtin>: in <toplevel>
Repository rule http_archive defined at:
  /data/h445xu/.cache/bazel/_bazel_hongxu/a66b589ca55245870f68cb47083d1045/external/bazel_tools/tools/build_defs/repo/http.bzl:394:31: in <toplevel>
Loading: 148 packages loaded
    currently loading: connections/dart ... (8 packages)
DEBUG: Rule '+_repo_rules2+com_google_nisaba' indicated that a canonical reproducible form can be obtained by modifying arguments integrity = "sha256-CtmeGoC9Uu0B+YuhGjVyN1R3dPUapQOIbHMCMJ+k4rQ="
DEBUG: Repository +_repo_rules2+com_google_nisaba instantiated at:
  <builtin>: in <toplevel>
Repository rule http_archive defined at:
  /data/h445xu/.cache/bazel/_bazel_hongxu/a66b589ca55245870f68cb47083d1045/external/bazel_tools/tools/build_defs/repo/http.bzl:394:31: in <toplevel>
DEBUG: Rule '+_repo_rules2+nlohmann_json' indicated that a canonical reproducible form can be obtained by modifying arguments integrity = "sha256-XaymyiFkle34nRZ/gI0dA8Sk2SnO99peEPE1rhVAx+Q="
DEBUG: Repository +_repo_rules2+nlohmann_json instantiated at:
  <builtin>: in <toplevel>
Repository rule http_archive defined at:
  /data/h445xu/.cache/bazel/_bazel_hongxu/a66b589ca55245870f68cb47083d1045/external/bazel_tools/tools/build_defs/repo/http.bzl:394:31: in <toplevel>
Loading: 149 packages loaded
    currently loading: connections/dart ... (10 packages)
Loading: 149 packages loaded
    currently loading: connections/dart ... (10 packages)
Loading: 149 packages loaded
    currently loading: connections/dart ... (10 packages)
Loading: 149 packages loaded
    currently loading: connections/dart ... (10 packages)
Loading: 149 packages loaded
    currently loading: connections/dart ... (10 packages)
Loading: 149 packages loaded
    currently loading: connections/dart ... (10 packages)
ERROR: /data/h445xu/repo/bazel-repos/cloned_repos/google__nearby/internal/platform/implementation/apple/BUILD:30:13: no such package 'third_party/apple_frameworks': BUILD file not found in any of the following directories. Add a BUILD file to a directory to mark it as a package.
 - third_party/apple_frameworks and referenced by '//internal/platform/implementation/apple:comm'
ERROR: /data/h445xu/repo/bazel-repos/cloned_repos/google__nearby/internal/crypto_cros/BUILD:85:8: no such package '@@+_repo_rules2+com_github_protobuf_matchers//protobuf-matchers': java.io.IOException: Error extracting /data/h445xu/.cache/bazel/_bazel_hongxu/a66b589ca55245870f68cb47083d1045/external/+_repo_rules2+com_github_protobuf_matchers/temp3139459661117374203/master.zip to /data/h445xu/.cache/bazel/_bazel_hongxu/a66b589ca55245870f68cb47083d1045/external/+_repo_rules2+com_github_protobuf_matchers/temp3139459661117374203: Prefix "protobuf-matchers-master" was given, but not found in the archive. Here are possible prefixes for this archive: "protobuf-matchers-main". and referenced by '//internal/crypto_cros:crypto_cros_unittests'
ERROR: /data/h445xu/repo/bazel-repos/cloned_repos/google__nearby/connections/implementation/BUILD:205:11: no such target '@@googletest+//:gtest_for_library_testonly': target 'gtest_for_library_testonly' not declared in package '' defined by /data/h445xu/.cache/bazel/_bazel_hongxu/a66b589ca55245870f68cb47083d1045/external/googletest+/BUILD.bazel and referenced by '//connections/implementation:internal_test'
ERROR: /data/h445xu/repo/bazel-repos/cloned_repos/google__nearby/internal/platform/implementation/g3/BUILD:28:11: error loading package '@@+_repo_rules2+com_google_nisaba//nisaba/port': Label '@@+_repo_rules2+com_google_nisaba//third_party/bazel_rules/rules_cc/cc:cc_library.bzl' is invalid because 'third_party/bazel_rules/rules_cc/cc' is not a package; perhaps you meant to put the colon here: '@@+_repo_rules2+com_google_nisaba//:third_party/bazel_rules/rules_cc/cc/cc_library.bzl'? and referenced by '//internal/platform/implementation/g3:types'
ERROR: /data/h445xu/repo/bazel-repos/cloned_repos/google__nearby/internal/platform/implementation/shared/BUILD:87:8: no such package 'file/util': BUILD file not found in any of the following directories. Add a BUILD file to a directory to mark it as a package.
 - file/util and referenced by '//internal/platform/implementation/shared:file_test'
ERROR: /data/h445xu/repo/bazel-repos/cloned_repos/google__nearby/internal/platform/implementation/windows/BUILD:173:11: no such package 'internal/account': BUILD file not found in any of the following directories. Add a BUILD file to a directory to mark it as a package.
 - internal/account and referenced by '//internal/platform/implementation/windows:windows'
ERROR: /data/h445xu/repo/bazel-repos/cloned_repos/google__nearby/sharing/internal/api/BUILD:17:11: no such package 'proto/identity/v1': BUILD file not found in any of the following directories. Add a BUILD file to a directory to mark it as a package.
 - proto/identity/v1 and referenced by '//sharing/internal/api:platform'
ERROR: /data/h445xu/repo/bazel-repos/cloned_repos/google__nearby/internal/data/BUILD:26:11: no such package 'third_party/leveldb': BUILD file not found in any of the following directories. Add a BUILD file to a directory to mark it as a package.
 - third_party/leveldb and referenced by '//internal/data:data_manager'
ERROR: /data/h445xu/repo/bazel-repos/cloned_repos/google__nearby/sharing/BUILD:437:8: no such package '@@+_repo_rules2+com_github_protobuf_matchers//protobuf-matchers': java.io.IOException: Error extracting /data/h445xu/.cache/bazel/_bazel_hongxu/a66b589ca55245870f68cb47083d1045/external/+_repo_rules2+com_github_protobuf_matchers/temp3139459661117374203/master.zip to /data/h445xu/.cache/bazel/_bazel_hongxu/a66b589ca55245870f68cb47083d1045/external/+_repo_rules2+com_github_protobuf_matchers/temp3139459661117374203: Prefix "protobuf-matchers-master" was given, but not found in the archive. Here are possible prefixes for this archive: "protobuf-matchers-main". and referenced by '//sharing:nearby_connections_types_payload_test'
ERROR: /data/h445xu/repo/bazel-repos/cloned_repos/google__nearby/sharing/BUILD:425:8: no such package '@@+_repo_rules2+com_github_protobuf_matchers//protobuf-matchers': java.io.IOException: Error extracting /data/h445xu/.cache/bazel/_bazel_hongxu/a66b589ca55245870f68cb47083d1045/external/+_repo_rules2+com_github_protobuf_matchers/temp3139459661117374203/master.zip to /data/h445xu/.cache/bazel/_bazel_hongxu/a66b589ca55245870f68cb47083d1045/external/+_repo_rules2+com_github_protobuf_matchers/temp3139459661117374203: Prefix "protobuf-matchers-master" was given, but not found in the archive. Here are possible prefixes for this archive: "protobuf-matchers-main". and referenced by '//sharing:advertisement_test'
ERROR: /data/h445xu/repo/bazel-repos/cloned_repos/google__nearby/internal/interop/BUILD:62:11: no such package 'buildenv/target': BUILD file not found in any of the following directories. Add a BUILD file to a directory to mark it as a package.
 - buildenv/target and referenced by '//internal/interop:test_support'
ERROR: /data/h445xu/repo/bazel-repos/cloned_repos/google__nearby/presence/fpp/BUILD:17:11: no such package 'presence/fpp/fpp_c_ffi': BUILD file not found in any of the following directories. Add a BUILD file to a directory to mark it as a package.
 - presence/fpp/fpp_c_ffi and referenced by '//presence/fpp:fpp_manager'
ERROR: /data/h445xu/repo/bazel-repos/cloned_repos/google__nearby/internal/platform/implementation/apple/BUILD:252:8: no such package '@@+_repo_rules2+com_github_protobuf_matchers//protobuf-matchers': java.io.IOException: Error extracting /data/h445xu/.cache/bazel/_bazel_hongxu/a66b589ca55245870f68cb47083d1045/external/+_repo_rules2+com_github_protobuf_matchers/temp3139459661117374203/master.zip to /data/h445xu/.cache/bazel/_bazel_hongxu/a66b589ca55245870f68cb47083d1045/external/+_repo_rules2+com_github_protobuf_matchers/temp3139459661117374203: Prefix "protobuf-matchers-master" was given, but not found in the archive. Here are possible prefixes for this archive: "protobuf-matchers-main". and referenced by '//internal/platform/implementation/apple:Platform_cc_test'
ERROR: /data/h445xu/repo/bazel-repos/cloned_repos/google__nearby/sharing/BUILD:717:8: no such package '@@+_repo_rules2+com_github_protobuf_matchers//protobuf-matchers': java.io.IOException: Error extracting /data/h445xu/.cache/bazel/_bazel_hongxu/a66b589ca55245870f68cb47083d1045/external/+_repo_rules2+com_github_protobuf_matchers/temp3139459661117374203/master.zip to /data/h445xu/.cache/bazel/_bazel_hongxu/a66b589ca55245870f68cb47083d1045/external/+_repo_rules2+com_github_protobuf_matchers/temp3139459661117374203: Prefix "protobuf-matchers-master" was given, but not found in the archive. Here are possible prefixes for this archive: "protobuf-matchers-main". and referenced by '//sharing:share_target_test'
ERROR: /data/h445xu/repo/bazel-repos/cloned_repos/google__nearby/internal/platform/implementation/apple/BUILD:252:8: error loading package '@@+_repo_rules2+com_google_nisaba//nisaba/port': Label '@@+_repo_rules2+com_google_nisaba//third_party/bazel_rules/rules_cc/cc:cc_library.bzl' is invalid because 'third_party/bazel_rules/rules_cc/cc' is not a package; perhaps you meant to put the colon here: '@@+_repo_rules2+com_google_nisaba//:third_party/bazel_rules/rules_cc/cc/cc_library.bzl'? and referenced by '//internal/platform/implementation/apple:Platform_cc_test'
ERROR: /data/h445xu/repo/bazel-repos/cloned_repos/google__nearby/internal/data/BUILD:26:11: no such package 'location/nearby/apps/better_together/windows/common': BUILD file not found in any of the following directories. Add a BUILD file to a directory to mark it as a package.
 - location/nearby/apps/better_together/windows/common and referenced by '//internal/data:data_manager'
ERROR: /data/h445xu/repo/bazel-repos/cloned_repos/google__nearby/sharing/local_device_data/BUILD:17:11: no such package 'proto/identity/v1': BUILD file not found in any of the following directories. Add a BUILD file to a directory to mark it as a package.
 - proto/identity/v1 and referenced by '//sharing/local_device_data:local_device_data'
ERROR: /data/h445xu/repo/bazel-repos/cloned_repos/google__nearby/sharing/internal/api/BUILD:55:11: no such target '@@googletest+//:gtest_for_library_testonly': target 'gtest_for_library_testonly' not declared in package '' defined by /data/h445xu/.cache/bazel/_bazel_hongxu/a66b589ca55245870f68cb47083d1045/external/googletest+/BUILD.bazel and referenced by '//sharing/internal/api:mock_sharing_platform'
ERROR: /data/h445xu/repo/bazel-repos/cloned_repos/google__nearby/internal/platform/implementation/windows/BUILD:173:11: no such package 'third_party/intel/pie': BUILD file not found in any of the following directories. Add a BUILD file to a directory to mark it as a package.
 - third_party/intel/pie and referenced by '//internal/platform/implementation/windows:windows'
ERROR: /data/h445xu/repo/bazel-repos/cloned_repos/google__nearby/internal/platform/implementation/windows/BUILD:173:11: no such package 'third_party/webrtc/files/stable/webrtc/api': BUILD file not found in any of the following directories. Add a BUILD file to a directory to mark it as a package.
 - third_party/webrtc/files/stable/webrtc/api and referenced by '//internal/platform/implementation/windows:windows'
ERROR: /data/h445xu/repo/bazel-repos/cloned_repos/google__nearby/internal/platform/implementation/windows/BUILD:173:11: no such package 'third_party/webrtc/files/stable/webrtc/rtc_base': BUILD file not found in any of the following directories. Add a BUILD file to a directory to mark it as a package.
 - third_party/webrtc/files/stable/webrtc/rtc_base and referenced by '//internal/platform/implementation/windows:windows'
ERROR: /data/h445xu/repo/bazel-repos/cloned_repos/google__nearby/internal/platform/implementation/windows/BUILD:301:8: no such package '@@+_repo_rules2+com_github_protobuf_matchers//protobuf-matchers': java.io.IOException: Error extracting /data/h445xu/.cache/bazel/_bazel_hongxu/a66b589ca55245870f68cb47083d1045/external/+_repo_rules2+com_github_protobuf_matchers/temp3139459661117374203/master.zip to /data/h445xu/.cache/bazel/_bazel_hongxu/a66b589ca55245870f68cb47083d1045/external/+_repo_rules2+com_github_protobuf_matchers/temp3139459661117374203: Prefix "protobuf-matchers-master" was given, but not found in the archive. Here are possible prefixes for this archive: "protobuf-matchers-main". and referenced by '//internal/platform/implementation/windows:impl_test'
ERROR: /data/h445xu/repo/bazel-repos/cloned_repos/google__nearby/internal/platform/implementation/windows/BUILD:370:8: no such package '@@+_repo_rules2+com_github_protobuf_matchers//protobuf-matchers': java.io.IOException: Error extracting /data/h445xu/.cache/bazel/_bazel_hongxu/a66b589ca55245870f68cb47083d1045/external/+_repo_rules2+com_github_protobuf_matchers/temp3139459661117374203/master.zip to /data/h445xu/.cache/bazel/_bazel_hongxu/a66b589ca55245870f68cb47083d1045/external/+_repo_rules2+com_github_protobuf_matchers/temp3139459661117374203: Prefix "protobuf-matchers-master" was given, but not found in the archive. Here are possible prefixes for this archive: "protobuf-matchers-main". and referenced by '//internal/platform/implementation/windows:file_test'
ERROR: /data/h445xu/repo/bazel-repos/cloned_repos/google__nearby/internal/platform/implementation/g3/BUILD:76:11: no such package 'third_party/webrtc/files/stable/webrtc/api': BUILD file not found in any of the following directories. Add a BUILD file to a directory to mark it as a package.
 - third_party/webrtc/files/stable/webrtc/api and referenced by '//internal/platform/implementation/g3:comm'
ERROR: /data/h445xu/repo/bazel-repos/cloned_repos/google__nearby/internal/platform/implementation/g3/BUILD:172:11: error loading package '@@+_repo_rules2+com_google_nisaba//nisaba/port': Label '@@+_repo_rules2+com_google_nisaba//third_party/bazel_rules/rules_cc/cc:cc_library.bzl' is invalid because 'third_party/bazel_rules/rules_cc/cc' is not a package; perhaps you meant to put the colon here: '@@+_repo_rules2+com_google_nisaba//:third_party/bazel_rules/rules_cc/cc/cc_library.bzl'? and referenced by '//internal/platform/implementation/g3:g3'
ERROR: /data/h445xu/repo/bazel-repos/cloned_repos/google__nearby/sharing/BUILD:905:8: no such package '@@+_repo_rules2+com_github_protobuf_matchers//protobuf-matchers': java.io.IOException: Error extracting /data/h445xu/.cache/bazel/_bazel_hongxu/a66b589ca55245870f68cb47083d1045/external/+_repo_rules2+com_github_protobuf_matchers/temp3139459661117374203/master.zip to /data/h445xu/.cache/bazel/_bazel_hongxu/a66b589ca55245870f68cb47083d1045/external/+_repo_rules2+com_github_protobuf_matchers/temp3139459661117374203: Prefix "protobuf-matchers-master" was given, but not found in the archive. Here are possible prefixes for this archive: "protobuf-matchers-main". and referenced by '//sharing:worker_queue_test'
ERROR: /data/h445xu/repo/bazel-repos/cloned_repos/google__nearby/connections/implementation/mediums/BUILD:184:8: no such package '@@+_repo_rules2+com_github_protobuf_matchers//protobuf-matchers': java.io.IOException: Error extracting /data/h445xu/.cache/bazel/_bazel_hongxu/a66b589ca55245870f68cb47083d1045/external/+_repo_rules2+com_github_protobuf_matchers/temp3139459661117374203/master.zip to /data/h445xu/.cache/bazel/_bazel_hongxu/a66b589ca55245870f68cb47083d1045/external/+_repo_rules2+com_github_protobuf_matchers/temp3139459661117374203: Prefix "protobuf-matchers-master" was given, but not found in the archive. Here are possible prefixes for this archive: "protobuf-matchers-main". and referenced by '//connections/implementation/mediums:core_internal_mediums_webrtc_test'
ERROR: /data/h445xu/repo/bazel-repos/cloned_repos/google__nearby/internal/platform/implementation/shared/BUILD:87:8: no such package '@@+_repo_rules2+com_github_protobuf_matchers//protobuf-matchers': java.io.IOException: Error extracting /data/h445xu/.cache/bazel/_bazel_hongxu/a66b589ca55245870f68cb47083d1045/external/+_repo_rules2+com_github_protobuf_matchers/temp3139459661117374203/master.zip to /data/h445xu/.cache/bazel/_bazel_hongxu/a66b589ca55245870f68cb47083d1045/external/+_repo_rules2+com_github_protobuf_matchers/temp3139459661117374203: Prefix "protobuf-matchers-master" was given, but not found in the archive. Here are possible prefixes for this archive: "protobuf-matchers-main". and referenced by '//internal/platform/implementation/shared:file_test'
ERROR: /data/h445xu/repo/bazel-repos/cloned_repos/google__nearby/internal/platform/implementation/apple/BUILD:112:13: no such package 'tools/build_defs/swift': BUILD file not found in any of the following directories. Add a BUILD file to a directory to mark it as a package.
 - tools/build_defs/swift and referenced by '//internal/platform/implementation/apple:ble_v2'
ERROR: /data/h445xu/repo/bazel-repos/cloned_repos/google__nearby/internal/platform/implementation/apple/BUILD:112:13: error loading package 'internal/platform/implementation/apple/Mediums/Ble/Sockets': Every .bzl file must have a corresponding package, but '//third_party/nearby:minimum_os.bzl' does not have one. Please create a BUILD file in the same or any parent directory. Note that this BUILD file does not need to do anything except exist. and referenced by '//internal/platform/implementation/apple:ble_v2'
ERROR: /data/h445xu/repo/bazel-repos/cloned_repos/google__nearby/internal/platform/implementation/apple/BUILD:112:13: no such package 'third_party/apple_frameworks': BUILD file not found in any of the following directories. Add a BUILD file to a directory to mark it as a package.
 - third_party/apple_frameworks and referenced by '//internal/platform/implementation/apple:ble_v2'
ERROR: /data/h445xu/repo/bazel-repos/cloned_repos/google__nearby/sharing/fast_initiation/BUILD:55:8: no such package '@@+_repo_rules2+com_github_protobuf_matchers//protobuf-matchers': java.io.IOException: Error extracting /data/h445xu/.cache/bazel/_bazel_hongxu/a66b589ca55245870f68cb47083d1045/external/+_repo_rules2+com_github_protobuf_matchers/temp3139459661117374203/master.zip to /data/h445xu/.cache/bazel/_bazel_hongxu/a66b589ca55245870f68cb47083d1045/external/+_repo_rules2+com_github_protobuf_matchers/temp3139459661117374203: Prefix "protobuf-matchers-master" was given, but not found in the archive. Here are possible prefixes for this archive: "protobuf-matchers-main". and referenced by '//sharing/fast_initiation:nearby_fast_initiation_test'
ERROR: /data/h445xu/repo/bazel-repos/cloned_repos/google__nearby/presence/BUILD:155:8: no such package '@@+_repo_rules2+com_github_protobuf_matchers//protobuf-matchers': java.io.IOException: Error extracting /data/h445xu/.cache/bazel/_bazel_hongxu/a66b589ca55245870f68cb47083d1045/external/+_repo_rules2+com_github_protobuf_matchers/temp3139459661117374203/master.zip to /data/h445xu/.cache/bazel/_bazel_hongxu/a66b589ca55245870f68cb47083d1045/external/+_repo_rules2+com_github_protobuf_matchers/temp3139459661117374203: Prefix "protobuf-matchers-master" was given, but not found in the archive. Here are possible prefixes for this archive: "protobuf-matchers-main". and referenced by '//presence:credential_test'
ERROR: /data/h445xu/repo/bazel-repos/cloned_repos/google__nearby/presence/implementation/mediums/BUILD:35:8: no such package '@@+_repo_rules2+com_github_protobuf_matchers//protobuf-matchers': java.io.IOException: Error extracting /data/h445xu/.cache/bazel/_bazel_hongxu/a66b589ca55245870f68cb47083d1045/external/+_repo_rules2+com_github_protobuf_matchers/temp3139459661117374203/master.zip to /data/h445xu/.cache/bazel/_bazel_hongxu/a66b589ca55245870f68cb47083d1045/external/+_repo_rules2+com_github_protobuf_matchers/temp3139459661117374203: Prefix "protobuf-matchers-master" was given, but not found in the archive. Here are possible prefixes for this archive: "protobuf-matchers-main". and referenced by '//presence/implementation/mediums:mediums_test'
ERROR: /data/h445xu/repo/bazel-repos/cloned_repos/google__nearby/presence/fpp/BUILD:52:8: no such package '@@+_repo_rules2+com_github_protobuf_matchers//protobuf-matchers': java.io.IOException: Error extracting /data/h445xu/.cache/bazel/_bazel_hongxu/a66b589ca55245870f68cb47083d1045/external/+_repo_rules2+com_github_protobuf_matchers/temp3139459661117374203/master.zip to /data/h445xu/.cache/bazel/_bazel_hongxu/a66b589ca55245870f68cb47083d1045/external/+_repo_rules2+com_github_protobuf_matchers/temp3139459661117374203: Prefix "protobuf-matchers-master" was given, but not found in the archive. Here are possible prefixes for this archive: "protobuf-matchers-main". and referenced by '//presence/fpp:fpp_manager_test'
ERROR: /data/h445xu/repo/bazel-repos/cloned_repos/google__nearby/internal/weave/BUILD:68:8: no such package '@@+_repo_rules2+com_github_protobuf_matchers//protobuf-matchers': java.io.IOException: Error extracting /data/h445xu/.cache/bazel/_bazel_hongxu/a66b589ca55245870f68cb47083d1045/external/+_repo_rules2+com_github_protobuf_matchers/temp3139459661117374203/master.zip to /data/h445xu/.cache/bazel/_bazel_hongxu/a66b589ca55245870f68cb47083d1045/external/+_repo_rules2+com_github_protobuf_matchers/temp3139459661117374203: Prefix "protobuf-matchers-master" was given, but not found in the archive. Here are possible prefixes for this archive: "protobuf-matchers-main". and referenced by '//internal/weave:packet_sequence_number_generator_test'
ERROR: /data/h445xu/repo/bazel-repos/cloned_repos/google__nearby/internal/weave/BUILD:53:8: no such package '@@+_repo_rules2+com_github_protobuf_matchers//protobuf-matchers': java.io.IOException: Error extracting /data/h445xu/.cache/bazel/_bazel_hongxu/a66b589ca55245870f68cb47083d1045/external/+_repo_rules2+com_github_protobuf_matchers/temp3139459661117374203/master.zip to /data/h445xu/.cache/bazel/_bazel_hongxu/a66b589ca55245870f68cb47083d1045/external/+_repo_rules2+com_github_protobuf_matchers/temp3139459661117374203: Prefix "protobuf-matchers-master" was given, but not found in the archive. Here are possible prefixes for this archive: "protobuf-matchers-main". and referenced by '//internal/weave:packet_test'
ERROR: /data/h445xu/repo/bazel-repos/cloned_repos/google__nearby/internal/weave/BUILD:109:8: no such package '@@+_repo_rules2+com_github_protobuf_matchers//protobuf-matchers': java.io.IOException: Error extracting /data/h445xu/.cache/bazel/_bazel_hongxu/a66b589ca55245870f68cb47083d1045/external/+_repo_rules2+com_github_protobuf_matchers/temp3139459661117374203/master.zip to /data/h445xu/.cache/bazel/_bazel_hongxu/a66b589ca55245870f68cb47083d1045/external/+_repo_rules2+com_github_protobuf_matchers/temp3139459661117374203: Prefix "protobuf-matchers-master" was given, but not found in the archive. Here are possible prefixes for this archive: "protobuf-matchers-main". and referenced by '//internal/weave:message_write_request_test'
ERROR: /data/h445xu/repo/bazel-repos/cloned_repos/google__nearby/internal/weave/BUILD:125:8: no such package '@@+_repo_rules2+com_github_protobuf_matchers//protobuf-matchers': java.io.IOException: Error extracting /data/h445xu/.cache/bazel/_bazel_hongxu/a66b589ca55245870f68cb47083d1045/external/+_repo_rules2+com_github_protobuf_matchers/temp3139459661117374203/master.zip to /data/h445xu/.cache/bazel/_bazel_hongxu/a66b589ca55245870f68cb47083d1045/external/+_repo_rules2+com_github_protobuf_matchers/temp3139459661117374203: Prefix "protobuf-matchers-master" was given, but not found in the archive. Here are possible prefixes for this archive: "protobuf-matchers-main". and referenced by '//internal/weave:base_socket_test'
ERROR: /data/h445xu/repo/bazel-repos/cloned_repos/google__nearby/internal/proto/analytics/BUILD:62:8: no such package 'third_party/protobuf': BUILD file not found in any of the following directories. Add a BUILD file to a directory to mark it as a package.
 - third_party/protobuf and referenced by '//internal/proto/analytics:proto_analytics_test'
ERROR: /data/h445xu/repo/bazel-repos/cloned_repos/google__nearby/internal/platform/BUILD:483:8: no such package '@@+_repo_rules2+com_github_protobuf_matchers//protobuf-matchers': java.io.IOException: Error extracting /data/h445xu/.cache/bazel/_bazel_hongxu/a66b589ca55245870f68cb47083d1045/external/+_repo_rules2+com_github_protobuf_matchers/temp3139459661117374203/master.zip to /data/h445xu/.cache/bazel/_bazel_hongxu/a66b589ca55245870f68cb47083d1045/external/+_repo_rules2+com_github_protobuf_matchers/temp3139459661117374203: Prefix "protobuf-matchers-master" was given, but not found in the archive. Here are possible prefixes for this archive: "protobuf-matchers-main". and referenced by '//internal/platform:public_device_test'
ERROR: /data/h445xu/repo/bazel-repos/cloned_repos/google__nearby/internal/platform/BUILD:405:8: no such package '@@+_repo_rules2+com_github_protobuf_matchers//protobuf-matchers': java.io.IOException: Error extracting /data/h445xu/.cache/bazel/_bazel_hongxu/a66b589ca55245870f68cb47083d1045/external/+_repo_rules2+com_github_protobuf_matchers/temp3139459661117374203/master.zip to /data/h445xu/.cache/bazel/_bazel_hongxu/a66b589ca55245870f68cb47083d1045/external/+_repo_rules2+com_github_protobuf_matchers/temp3139459661117374203: Prefix "protobuf-matchers-master" was given, but not found in the archive. Here are possible prefixes for this archive: "protobuf-matchers-main". and referenced by '//internal/platform:platform_base_test'
ERROR: /data/h445xu/repo/bazel-repos/cloned_repos/google__nearby/internal/platform/BUILD:524:8: no such package '@@+_repo_rules2+com_github_protobuf_matchers//protobuf-matchers': java.io.IOException: Error extracting /data/h445xu/.cache/bazel/_bazel_hongxu/a66b589ca55245870f68cb47083d1045/external/+_repo_rules2+com_github_protobuf_matchers/temp3139459661117374203/master.zip to /data/h445xu/.cache/bazel/_bazel_hongxu/a66b589ca55245870f68cb47083d1045/external/+_repo_rules2+com_github_protobuf_matchers/temp3139459661117374203: Prefix "protobuf-matchers-master" was given, but not found in the archive. Here are possible prefixes for this archive: "protobuf-matchers-main". and referenced by '//internal/platform:credential_storage_impl_test'
ERROR: /data/h445xu/repo/bazel-repos/cloned_repos/google__nearby/internal/platform/BUILD:443:8: no such package '@@+_repo_rules2+com_github_protobuf_matchers//protobuf-matchers': java.io.IOException: Error extracting /data/h445xu/.cache/bazel/_bazel_hongxu/a66b589ca55245870f68cb47083d1045/external/+_repo_rules2+com_github_protobuf_matchers/temp3139459661117374203/master.zip to /data/h445xu/.cache/bazel/_bazel_hongxu/a66b589ca55245870f68cb47083d1045/external/+_repo_rules2+com_github_protobuf_matchers/temp3139459661117374203: Prefix "protobuf-matchers-master" was given, but not found in the archive. Here are possible prefixes for this archive: "protobuf-matchers-main". and referenced by '//internal/platform:cancellation_flag_test'
ERROR: /data/h445xu/repo/bazel-repos/cloned_repos/google__nearby/internal/platform/implementation/g3/BUILD:132:8: no such package '@@+_repo_rules2+com_github_protobuf_matchers//protobuf-matchers': java.io.IOException: Error extracting /data/h445xu/.cache/bazel/_bazel_hongxu/a66b589ca55245870f68cb47083d1045/external/+_repo_rules2+com_github_protobuf_matchers/temp3139459661117374203/master.zip to /data/h445xu/.cache/bazel/_bazel_hongxu/a66b589ca55245870f68cb47083d1045/external/+_repo_rules2+com_github_protobuf_matchers/temp3139459661117374203: Prefix "protobuf-matchers-master" was given, but not found in the archive. Here are possible prefixes for this archive: "protobuf-matchers-main". and referenced by '//internal/platform/implementation/g3:comm_test'
ERROR: /data/h445xu/repo/bazel-repos/cloned_repos/google__nearby/internal/platform/implementation/g3/BUILD:132:8: error loading package '@@+_repo_rules2+com_google_nisaba//nisaba/port': Label '@@+_repo_rules2+com_google_nisaba//third_party/bazel_rules/rules_cc/cc:cc_library.bzl' is invalid because 'third_party/bazel_rules/rules_cc/cc' is not a package; perhaps you meant to put the colon here: '@@+_repo_rules2+com_google_nisaba//:third_party/bazel_rules/rules_cc/cc/cc_library.bzl'? and referenced by '//internal/platform/implementation/g3:comm_test'
ERROR: /data/h445xu/repo/bazel-repos/cloned_repos/google__nearby/internal/network/BUILD:104:8: no such package '@@+_repo_rules2+com_github_protobuf_matchers//protobuf-matchers': java.io.IOException: Error extracting /data/h445xu/.cache/bazel/_bazel_hongxu/a66b589ca55245870f68cb47083d1045/external/+_repo_rules2+com_github_protobuf_matchers/temp3139459661117374203/master.zip to /data/h445xu/.cache/bazel/_bazel_hongxu/a66b589ca55245870f68cb47083d1045/external/+_repo_rules2+com_github_protobuf_matchers/temp3139459661117374203: Prefix "protobuf-matchers-master" was given, but not found in the archive. Here are possible prefixes for this archive: "protobuf-matchers-main". and referenced by '//internal/network:nearby_http_client_test'
ERROR: /data/h445xu/repo/bazel-repos/cloned_repos/google__nearby/internal/data/BUILD:62:8: no such package '@@+_repo_rules2+com_github_protobuf_matchers//protobuf-matchers': java.io.IOException: Error extracting /data/h445xu/.cache/bazel/_bazel_hongxu/a66b589ca55245870f68cb47083d1045/external/+_repo_rules2+com_github_protobuf_matchers/temp3139459661117374203/master.zip to /data/h445xu/.cache/bazel/_bazel_hongxu/a66b589ca55245870f68cb47083d1045/external/+_repo_rules2+com_github_protobuf_matchers/temp3139459661117374203: Prefix "protobuf-matchers-master" was given, but not found in the archive. Here are possible prefixes for this archive: "protobuf-matchers-main". and referenced by '//internal/data:data_manager_test'
ERROR: /data/h445xu/repo/bazel-repos/cloned_repos/google__nearby/connections/BUILD:104:8: no such package '@@+_repo_rules2+com_github_protobuf_matchers//protobuf-matchers': java.io.IOException: Error extracting /data/h445xu/.cache/bazel/_bazel_hongxu/a66b589ca55245870f68cb47083d1045/external/+_repo_rules2+com_github_protobuf_matchers/temp3139459661117374203/master.zip to /data/h445xu/.cache/bazel/_bazel_hongxu/a66b589ca55245870f68cb47083d1045/external/+_repo_rules2+com_github_protobuf_matchers/temp3139459661117374203: Prefix "protobuf-matchers-master" was given, but not found in the archive. Here are possible prefixes for this archive: "protobuf-matchers-main". and referenced by '//connections:core_test'
ERROR: /data/h445xu/repo/bazel-repos/cloned_repos/google__nearby/connections/implementation/BUILD:271:8: no such package '@@+_repo_rules2+com_github_protobuf_matchers//protobuf-matchers': java.io.IOException: Error extracting /data/h445xu/.cache/bazel/_bazel_hongxu/a66b589ca55245870f68cb47083d1045/external/+_repo_rules2+com_github_protobuf_matchers/temp3139459661117374203/master.zip to /data/h445xu/.cache/bazel/_bazel_hongxu/a66b589ca55245870f68cb47083d1045/external/+_repo_rules2+com_github_protobuf_matchers/temp3139459661117374203: Prefix "protobuf-matchers-master" was given, but not found in the archive. Here are possible prefixes for this archive: "protobuf-matchers-main". and referenced by '//connections/implementation:pcp_manager_test'
ERROR: /data/h445xu/repo/bazel-repos/cloned_repos/google__nearby/connections/implementation/BUILD:474:8: no such package '@@+_repo_rules2+com_github_protobuf_matchers//protobuf-matchers': java.io.IOException: Error extracting /data/h445xu/.cache/bazel/_bazel_hongxu/a66b589ca55245870f68cb47083d1045/external/+_repo_rules2+com_github_protobuf_matchers/temp3139459661117374203/master.zip to /data/h445xu/.cache/bazel/_bazel_hongxu/a66b589ca55245870f68cb47083d1045/external/+_repo_rules2+com_github_protobuf_matchers/temp3139459661117374203: Prefix "protobuf-matchers-master" was given, but not found in the archive. Here are possible prefixes for this archive: "protobuf-matchers-main". and referenced by '//connections/implementation:payload_manager_test'
ERROR: /data/h445xu/repo/bazel-repos/cloned_repos/google__nearby/connections/implementation/BUILD:346:8: no such package '@@+_repo_rules2+com_github_protobuf_matchers//protobuf-matchers': java.io.IOException: Error extracting /data/h445xu/.cache/bazel/_bazel_hongxu/a66b589ca55245870f68cb47083d1045/external/+_repo_rules2+com_github_protobuf_matchers/temp3139459661117374203/master.zip to /data/h445xu/.cache/bazel/_bazel_hongxu/a66b589ca55245870f68cb47083d1045/external/+_repo_rules2+com_github_protobuf_matchers/temp3139459661117374203: Prefix "protobuf-matchers-master" was given, but not found in the archive. Here are possible prefixes for this archive: "protobuf-matchers-main". and referenced by '//connections/implementation:offline_frames_test'
ERROR: /data/h445xu/repo/bazel-repos/cloned_repos/google__nearby/connections/implementation/BUILD:562:8: no such package '@@+_repo_rules2+com_github_protobuf_matchers//protobuf-matchers': java.io.IOException: Error extracting /data/h445xu/.cache/bazel/_bazel_hongxu/a66b589ca55245870f68cb47083d1045/external/+_repo_rules2+com_github_protobuf_matchers/temp3139459661117374203/master.zip to /data/h445xu/.cache/bazel/_bazel_hongxu/a66b589ca55245870f68cb47083d1045/external/+_repo_rules2+com_github_protobuf_matchers/temp3139459661117374203: Prefix "protobuf-matchers-master" was given, but not found in the archive. Here are possible prefixes for this archive: "protobuf-matchers-main". and referenced by '//connections/implementation:internal_payload_factory_test'
ERROR: /data/h445xu/repo/bazel-repos/cloned_repos/google__nearby/connections/implementation/BUILD:435:8: no such package '@@+_repo_rules2+com_github_protobuf_matchers//protobuf-matchers': java.io.IOException: Error extracting /data/h445xu/.cache/bazel/_bazel_hongxu/a66b589ca55245870f68cb47083d1045/external/+_repo_rules2+com_github_protobuf_matchers/temp3139459661117374203/master.zip to /data/h445xu/.cache/bazel/_bazel_hongxu/a66b589ca55245870f68cb47083d1045/external/+_repo_rules2+com_github_protobuf_matchers/temp3139459661117374203: Prefix "protobuf-matchers-master" was given, but not found in the archive. Here are possible prefixes for this archive: "protobuf-matchers-main". and referenced by '//connections/implementation:endpoint_channel_test'
ERROR: /data/h445xu/repo/bazel-repos/cloned_repos/google__nearby/connections/implementation/BUILD:457:8: no such package '@@+_repo_rules2+com_github_protobuf_matchers//protobuf-matchers': java.io.IOException: Error extracting /data/h445xu/.cache/bazel/_bazel_hongxu/a66b589ca55245870f68cb47083d1045/external/+_repo_rules2+com_github_protobuf_matchers/temp3139459661117374203/master.zip to /data/h445xu/.cache/bazel/_bazel_hongxu/a66b589ca55245870f68cb47083d1045/external/+_repo_rules2+com_github_protobuf_matchers/temp3139459661117374203: Prefix "protobuf-matchers-master" was given, but not found in the archive. Here are possible prefixes for this archive: "protobuf-matchers-main". and referenced by '//connections/implementation:connections_authentication_transport_test'
ERROR: /data/h445xu/repo/bazel-repos/cloned_repos/google__nearby/connections/implementation/BUILD:242:8: no such package '@@+_repo_rules2+com_github_protobuf_matchers//protobuf-matchers': java.io.IOException: Error extracting /data/h445xu/.cache/bazel/_bazel_hongxu/a66b589ca55245870f68cb47083d1045/external/+_repo_rules2+com_github_protobuf_matchers/temp3139459661117374203/master.zip to /data/h445xu/.cache/bazel/_bazel_hongxu/a66b589ca55245870f68cb47083d1045/external/+_repo_rules2+com_github_protobuf_matchers/temp3139459661117374203: Prefix "protobuf-matchers-master" was given, but not found in the archive. Here are possible prefixes for this archive: "protobuf-matchers-main". and referenced by '//connections/implementation:bwu_test'
ERROR: /data/h445xu/repo/bazel-repos/cloned_repos/google__nearby/connections/implementation/BUILD:363:8: no such package 'base': BUILD file not found in any of the following directories. Add a BUILD file to a directory to mark it as a package.
 - base and referenced by '//connections/implementation:client_proxy_test'
ERROR: /data/h445xu/repo/bazel-repos/cloned_repos/google__nearby/connections/implementation/BUILD:363:8: no such package '@@+_repo_rules2+com_github_protobuf_matchers//protobuf-matchers': java.io.IOException: Error extracting /data/h445xu/.cache/bazel/_bazel_hongxu/a66b589ca55245870f68cb47083d1045/external/+_repo_rules2+com_github_protobuf_matchers/temp3139459661117374203/master.zip to /data/h445xu/.cache/bazel/_bazel_hongxu/a66b589ca55245870f68cb47083d1045/external/+_repo_rules2+com_github_protobuf_matchers/temp3139459661117374203: Prefix "protobuf-matchers-master" was given, but not found in the archive. Here are possible prefixes for this archive: "protobuf-matchers-main". and referenced by '//connections/implementation:client_proxy_test'
ERROR: /data/h445xu/repo/bazel-repos/cloned_repos/google__nearby/connections/implementation/mediums/BUILD:144:8: no such package '@@+_repo_rules2+com_github_protobuf_matchers//protobuf-matchers': java.io.IOException: Error extracting /data/h445xu/.cache/bazel/_bazel_hongxu/a66b589ca55245870f68cb47083d1045/external/+_repo_rules2+com_github_protobuf_matchers/temp3139459661117374203/master.zip to /data/h445xu/.cache/bazel/_bazel_hongxu/a66b589ca55245870f68cb47083d1045/external/+_repo_rules2+com_github_protobuf_matchers/temp3139459661117374203: Prefix "protobuf-matchers-master" was given, but not found in the archive. Here are possible prefixes for this archive: "protobuf-matchers-main". and referenced by '//connections/implementation/mediums:core_internal_mediums_test'
ERROR: /data/h445xu/repo/bazel-repos/cloned_repos/google__nearby/connections/implementation/BUILD:325:8: no such package '@@+_repo_rules2+com_github_protobuf_matchers//protobuf-matchers': java.io.IOException: Error extracting /data/h445xu/.cache/bazel/_bazel_hongxu/a66b589ca55245870f68cb47083d1045/external/+_repo_rules2+com_github_protobuf_matchers/temp3139459661117374203/master.zip to /data/h445xu/.cache/bazel/_bazel_hongxu/a66b589ca55245870f68cb47083d1045/external/+_repo_rules2+com_github_protobuf_matchers/temp3139459661117374203: Prefix "protobuf-matchers-master" was given, but not found in the archive. Here are possible prefixes for this archive: "protobuf-matchers-main". and referenced by '//connections/implementation:advertisement_test'
ERROR: /data/h445xu/repo/bazel-repos/cloned_repos/google__nearby/connections/implementation/mediums/multiplex/BUILD:49:8: no such package '@@+_repo_rules2+com_github_protobuf_matchers//protobuf-matchers': java.io.IOException: Error extracting /data/h445xu/.cache/bazel/_bazel_hongxu/a66b589ca55245870f68cb47083d1045/external/+_repo_rules2+com_github_protobuf_matchers/temp3139459661117374203/master.zip to /data/h445xu/.cache/bazel/_bazel_hongxu/a66b589ca55245870f68cb47083d1045/external/+_repo_rules2+com_github_protobuf_matchers/temp3139459661117374203: Prefix "protobuf-matchers-master" was given, but not found in the archive. Here are possible prefixes for this archive: "protobuf-matchers-main". and referenced by '//connections/implementation/mediums/multiplex:multiplex_test'
ERROR: /data/h445xu/repo/bazel-repos/cloned_repos/google__nearby/connections/implementation/analytics/BUILD:55:8: no such package 'net/proto2/contrib/parse_proto': BUILD file not found in any of the following directories. Add a BUILD file to a directory to mark it as a package.
 - net/proto2/contrib/parse_proto and referenced by '//connections/implementation/analytics:analytics_test'
ERROR: /data/h445xu/repo/bazel-repos/cloned_repos/google__nearby/connections/implementation/mediums/advertisements/BUILD:90:8: no such package '@@+_repo_rules2+com_github_protobuf_matchers//protobuf-matchers': java.io.IOException: Error extracting /data/h445xu/.cache/bazel/_bazel_hongxu/a66b589ca55245870f68cb47083d1045/external/+_repo_rules2+com_github_protobuf_matchers/temp3139459661117374203/master.zip to /data/h445xu/.cache/bazel/_bazel_hongxu/a66b589ca55245870f68cb47083d1045/external/+_repo_rules2+com_github_protobuf_matchers/temp3139459661117374203: Prefix "protobuf-matchers-master" was given, but not found in the archive. Here are possible prefixes for this archive: "protobuf-matchers-main". and referenced by '//connections/implementation/mediums/advertisements:advertisement_util_test'
ERROR: /data/h445xu/repo/bazel-repos/cloned_repos/google__nearby/connections/implementation/mediums/advertisements/BUILD:77:8: no such package '@@+_repo_rules2+com_github_protobuf_matchers//protobuf-matchers': java.io.IOException: Error extracting /data/h445xu/.cache/bazel/_bazel_hongxu/a66b589ca55245870f68cb47083d1045/external/+_repo_rules2+com_github_protobuf_matchers/temp3139459661117374203/master.zip to /data/h445xu/.cache/bazel/_bazel_hongxu/a66b589ca55245870f68cb47083d1045/external/+_repo_rules2+com_github_protobuf_matchers/temp3139459661117374203: Prefix "protobuf-matchers-master" was given, but not found in the archive. Here are possible prefixes for this archive: "protobuf-matchers-main". and referenced by '//connections/implementation/mediums/advertisements:dct_advertisement_test'
ERROR: /data/h445xu/repo/bazel-repos/cloned_repos/google__nearby/sharing/local_device_data/BUILD:17:11: no such package 'sharing/internal/impl/common': BUILD file not found in any of the following directories. Add a BUILD file to a directory to mark it as a package.
 - sharing/internal/impl/common and referenced by '//sharing/local_device_data:local_device_data'
ERROR: /data/h445xu/repo/bazel-repos/cloned_repos/google__nearby/sharing/local_device_data/BUILD:17:11: no such package 'util/hash': BUILD file not found in any of the following directories. Add a BUILD file to a directory to mark it as a package.
 - util/hash and referenced by '//sharing/local_device_data:local_device_data'
ERROR: /data/h445xu/repo/bazel-repos/cloned_repos/google__nearby/sharing/local_device_data/BUILD:72:8: no such package 'proto/identity/v1': BUILD file not found in any of the following directories. Add a BUILD file to a directory to mark it as a package.
 - proto/identity/v1 and referenced by '//sharing/local_device_data:local_device_data_test'
ERROR: /data/h445xu/repo/bazel-repos/cloned_repos/google__nearby/sharing/local_device_data/BUILD:72:8: no such package '@@+_repo_rules2+com_github_protobuf_matchers//protobuf-matchers': java.io.IOException: Error extracting /data/h445xu/.cache/bazel/_bazel_hongxu/a66b589ca55245870f68cb47083d1045/external/+_repo_rules2+com_github_protobuf_matchers/temp3139459661117374203/master.zip to /data/h445xu/.cache/bazel/_bazel_hongxu/a66b589ca55245870f68cb47083d1045/external/+_repo_rules2+com_github_protobuf_matchers/temp3139459661117374203: Prefix "protobuf-matchers-master" was given, but not found in the archive. Here are possible prefixes for this archive: "protobuf-matchers-main". and referenced by '//sharing/local_device_data:local_device_data_test'
ERROR: /data/h445xu/repo/bazel-repos/cloned_repos/google__nearby/connections/implementation/analytics/BUILD:55:8: no such package '@@+_repo_rules2+com_github_protobuf_matchers//protobuf-matchers': java.io.IOException: Error extracting /data/h445xu/.cache/bazel/_bazel_hongxu/a66b589ca55245870f68cb47083d1045/external/+_repo_rules2+com_github_protobuf_matchers/temp3139459661117374203/master.zip to /data/h445xu/.cache/bazel/_bazel_hongxu/a66b589ca55245870f68cb47083d1045/external/+_repo_rules2+com_github_protobuf_matchers/temp3139459661117374203: Prefix "protobuf-matchers-master" was given, but not found in the archive. Here are possible prefixes for this archive: "protobuf-matchers-main". and referenced by '//connections/implementation/analytics:analytics_test'
ERROR: /data/h445xu/repo/bazel-repos/cloned_repos/google__nearby/internal/proto/analytics/BUILD:62:8: no such package '@@+_repo_rules2+com_github_protobuf_matchers//protobuf-matchers': java.io.IOException: Error extracting /data/h445xu/.cache/bazel/_bazel_hongxu/a66b589ca55245870f68cb47083d1045/external/+_repo_rules2+com_github_protobuf_matchers/temp3139459661117374203/master.zip to /data/h445xu/.cache/bazel/_bazel_hongxu/a66b589ca55245870f68cb47083d1045/external/+_repo_rules2+com_github_protobuf_matchers/temp3139459661117374203: Prefix "protobuf-matchers-master" was given, but not found in the archive. Here are possible prefixes for this archive: "protobuf-matchers-main". and referenced by '//internal/proto/analytics:proto_analytics_test'
ERROR: /data/h445xu/repo/bazel-repos/cloned_repos/google__nearby/connections/implementation/BUILD:497:8: no such package '@@+_repo_rules2+com_github_protobuf_matchers//protobuf-matchers': java.io.IOException: Error extracting /data/h445xu/.cache/bazel/_bazel_hongxu/a66b589ca55245870f68cb47083d1045/external/+_repo_rules2+com_github_protobuf_matchers/temp3139459661117374203/master.zip to /data/h445xu/.cache/bazel/_bazel_hongxu/a66b589ca55245870f68cb47083d1045/external/+_repo_rules2+com_github_protobuf_matchers/temp3139459661117374203: Prefix "protobuf-matchers-master" was given, but not found in the archive. Here are possible prefixes for this archive: "protobuf-matchers-main". and referenced by '//connections/implementation:reconnect_manager_test'
ERROR: /data/h445xu/repo/bazel-repos/cloned_repos/google__nearby/internal/weave/BUILD:81:8: no such package '@@+_repo_rules2+com_github_protobuf_matchers//protobuf-matchers': java.io.IOException: Error extracting /data/h445xu/.cache/bazel/_bazel_hongxu/a66b589ca55245870f68cb47083d1045/external/+_repo_rules2+com_github_protobuf_matchers/temp3139459661117374203/master.zip to /data/h445xu/.cache/bazel/_bazel_hongxu/a66b589ca55245870f68cb47083d1045/external/+_repo_rules2+com_github_protobuf_matchers/temp3139459661117374203: Prefix "protobuf-matchers-master" was given, but not found in the archive. Here are possible prefixes for this archive: "protobuf-matchers-main". and referenced by '//internal/weave:packetizer_test'
ERROR: /data/h445xu/repo/bazel-repos/cloned_repos/google__nearby/internal/weave/BUILD:95:8: no such package '@@+_repo_rules2+com_github_protobuf_matchers//protobuf-matchers': java.io.IOException: Error extracting /data/h445xu/.cache/bazel/_bazel_hongxu/a66b589ca55245870f68cb47083d1045/external/+_repo_rules2+com_github_protobuf_matchers/temp3139459661117374203/master.zip to /data/h445xu/.cache/bazel/_bazel_hongxu/a66b589ca55245870f68cb47083d1045/external/+_repo_rules2+com_github_protobuf_matchers/temp3139459661117374203: Prefix "protobuf-matchers-master" was given, but not found in the archive. Here are possible prefixes for this archive: "protobuf-matchers-main". and referenced by '//internal/weave:control_packet_write_request_test'
ERROR: /data/h445xu/repo/bazel-repos/cloned_repos/google__nearby/internal/weave/sockets/BUILD:38:8: no such package '@@+_repo_rules2+com_github_protobuf_matchers//protobuf-matchers': java.io.IOException: Error extracting /data/h445xu/.cache/bazel/_bazel_hongxu/a66b589ca55245870f68cb47083d1045/external/+_repo_rules2+com_github_protobuf_matchers/temp3139459661117374203/master.zip to /data/h445xu/.cache/bazel/_bazel_hongxu/a66b589ca55245870f68cb47083d1045/external/+_repo_rules2+com_github_protobuf_matchers/temp3139459661117374203: Prefix "protobuf-matchers-master" was given, but not found in the archive. Here are possible prefixes for this archive: "protobuf-matchers-main". and referenced by '//internal/weave/sockets:sockets_test'
ERROR: /data/h445xu/repo/bazel-repos/cloned_repos/google__nearby/internal/test/BUILD:83:8: no such package '@@+_repo_rules2+com_github_protobuf_matchers//protobuf-matchers': java.io.IOException: Error extracting /data/h445xu/.cache/bazel/_bazel_hongxu/a66b589ca55245870f68cb47083d1045/external/+_repo_rules2+com_github_protobuf_matchers/temp3139459661117374203/master.zip to /data/h445xu/.cache/bazel/_bazel_hongxu/a66b589ca55245870f68cb47083d1045/external/+_repo_rules2+com_github_protobuf_matchers/temp3139459661117374203: Prefix "protobuf-matchers-master" was given, but not found in the archive. Here are possible prefixes for this archive: "protobuf-matchers-main". and referenced by '//internal/test:test_test'
ERROR: /data/h445xu/repo/bazel-repos/cloned_repos/google__nearby/internal/platform/BUILD:469:8: no such package '@@+_repo_rules2+com_github_protobuf_matchers//protobuf-matchers': java.io.IOException: Error extracting /data/h445xu/.cache/bazel/_bazel_hongxu/a66b589ca55245870f68cb47083d1045/external/+_repo_rules2+com_github_protobuf_matchers/temp3139459661117374203/master.zip to /data/h445xu/.cache/bazel/_bazel_hongxu/a66b589ca55245870f68cb47083d1045/external/+_repo_rules2+com_github_protobuf_matchers/temp3139459661117374203: Prefix "protobuf-matchers-master" was given, but not found in the archive. Here are possible prefixes for this archive: "protobuf-matchers-main". and referenced by '//internal/platform:error_code_recorder_test'
ERROR: /data/h445xu/repo/bazel-repos/cloned_repos/google__nearby/connections/implementation/BUILD:411:8: no such package 'testing/fuzzing': BUILD file not found in any of the following directories. Add a BUILD file to a directory to mark it as a package.
 - testing/fuzzing and referenced by '//connections/implementation:endpoint_manager_test'
ERROR: /data/h445xu/repo/bazel-repos/cloned_repos/google__nearby/connections/implementation/BUILD:411:8: no such package '@@+_repo_rules2+com_github_protobuf_matchers//protobuf-matchers': java.io.IOException: Error extracting /data/h445xu/.cache/bazel/_bazel_hongxu/a66b589ca55245870f68cb47083d1045/external/+_repo_rules2+com_github_protobuf_matchers/temp3139459661117374203/master.zip to /data/h445xu/.cache/bazel/_bazel_hongxu/a66b589ca55245870f68cb47083d1045/external/+_repo_rules2+com_github_protobuf_matchers/temp3139459661117374203: Prefix "protobuf-matchers-master" was given, but not found in the archive. Here are possible prefixes for this archive: "protobuf-matchers-main". and referenced by '//connections/implementation:endpoint_manager_test'
ERROR: /data/h445xu/repo/bazel-repos/cloned_repos/google__nearby/connections/v3/BUILD:52:8: no such package '@@+_repo_rules2+com_github_protobuf_matchers//protobuf-matchers': java.io.IOException: Error extracting /data/h445xu/.cache/bazel/_bazel_hongxu/a66b589ca55245870f68cb47083d1045/external/+_repo_rules2+com_github_protobuf_matchers/temp3139459661117374203/master.zip to /data/h445xu/.cache/bazel/_bazel_hongxu/a66b589ca55245870f68cb47083d1045/external/+_repo_rules2+com_github_protobuf_matchers/temp3139459661117374203: Prefix "protobuf-matchers-master" was given, but not found in the archive. Here are possible prefixes for this archive: "protobuf-matchers-main". and referenced by '//connections/v3:v3_types_test'
ERROR: /data/h445xu/repo/bazel-repos/cloned_repos/google__nearby/connections/implementation/BUILD:518:8: no such package '@@+_repo_rules2+com_github_protobuf_matchers//protobuf-matchers': java.io.IOException: Error extracting /data/h445xu/.cache/bazel/_bazel_hongxu/a66b589ca55245870f68cb47083d1045/external/+_repo_rules2+com_github_protobuf_matchers/temp3139459661117374203/master.zip to /data/h445xu/.cache/bazel/_bazel_hongxu/a66b589ca55245870f68cb47083d1045/external/+_repo_rules2+com_github_protobuf_matchers/temp3139459661117374203: Prefix "protobuf-matchers-master" was given, but not found in the archive. Here are possible prefixes for this archive: "protobuf-matchers-main". and referenced by '//connections/implementation:service_controller_test'
ERROR: /data/h445xu/repo/bazel-repos/cloned_repos/google__nearby/connections/implementation/BUILD:289:8: no such package '@@+_repo_rules2+com_github_protobuf_matchers//protobuf-matchers': java.io.IOException: Error extracting /data/h445xu/.cache/bazel/_bazel_hongxu/a66b589ca55245870f68cb47083d1045/external/+_repo_rules2+com_github_protobuf_matchers/temp3139459661117374203/master.zip to /data/h445xu/.cache/bazel/_bazel_hongxu/a66b589ca55245870f68cb47083d1045/external/+_repo_rules2+com_github_protobuf_matchers/temp3139459661117374203: Prefix "protobuf-matchers-master" was given, but not found in the archive. Here are possible prefixes for this archive: "protobuf-matchers-main". and referenced by '//connections/implementation:pcp_handler_test'
ERROR: /data/h445xu/repo/bazel-repos/cloned_repos/google__nearby/connections/implementation/BUILD:546:8: no such package '@@+_repo_rules2+com_github_protobuf_matchers//protobuf-matchers': java.io.IOException: Error extracting /data/h445xu/.cache/bazel/_bazel_hongxu/a66b589ca55245870f68cb47083d1045/external/+_repo_rules2+com_github_protobuf_matchers/temp3139459661117374203/master.zip to /data/h445xu/.cache/bazel/_bazel_hongxu/a66b589ca55245870f68cb47083d1045/external/+_repo_rules2+com_github_protobuf_matchers/temp3139459661117374203: Prefix "protobuf-matchers-master" was given, but not found in the archive. Here are possible prefixes for this archive: "protobuf-matchers-main". and referenced by '//connections/implementation:injected_bluetooth_device_store_test'
ERROR: /data/h445xu/repo/bazel-repos/cloned_repos/google__nearby/connections/implementation/BUILD:392:8: no such package '@@+_repo_rules2+com_github_protobuf_matchers//protobuf-matchers': java.io.IOException: Error extracting /data/h445xu/.cache/bazel/_bazel_hongxu/a66b589ca55245870f68cb47083d1045/external/+_repo_rules2+com_github_protobuf_matchers/temp3139459661117374203/master.zip to /data/h445xu/.cache/bazel/_bazel_hongxu/a66b589ca55245870f68cb47083d1045/external/+_repo_rules2+com_github_protobuf_matchers/temp3139459661117374203: Prefix "protobuf-matchers-master" was given, but not found in the archive. Here are possible prefixes for this archive: "protobuf-matchers-main". and referenced by '//connections/implementation:encryption_runner_test'
ERROR: /data/h445xu/repo/bazel-repos/cloned_repos/google__nearby/connections/implementation/mediums/webrtc/BUILD:77:8: no such package 'third_party/protobuf': BUILD file not found in any of the following directories. Add a BUILD file to a directory to mark it as a package.
 - third_party/protobuf and referenced by '//connections/implementation/mediums/webrtc:webrtc_test'
ERROR: /data/h445xu/repo/bazel-repos/cloned_repos/google__nearby/connections/implementation/mediums/webrtc/BUILD:77:8: no such package 'third_party/webrtc/files/stable/webrtc/api': BUILD file not found in any of the following directories. Add a BUILD file to a directory to mark it as a package.
 - third_party/webrtc/files/stable/webrtc/api and referenced by '//connections/implementation/mediums/webrtc:webrtc_test'
ERROR: /data/h445xu/repo/bazel-repos/cloned_repos/google__nearby/connections/implementation/mediums/webrtc/BUILD:77:8: no such package '@@+_repo_rules2+com_github_protobuf_matchers//protobuf-matchers': java.io.IOException: Error extracting /data/h445xu/.cache/bazel/_bazel_hongxu/a66b589ca55245870f68cb47083d1045/external/+_repo_rules2+com_github_protobuf_matchers/temp3139459661117374203/master.zip to /data/h445xu/.cache/bazel/_bazel_hongxu/a66b589ca55245870f68cb47083d1045/external/+_repo_rules2+com_github_protobuf_matchers/temp3139459661117374203: Prefix "protobuf-matchers-master" was given, but not found in the archive. Here are possible prefixes for this archive: "protobuf-matchers-main". and referenced by '//connections/implementation/mediums/webrtc:webrtc_test'
ERROR: /data/h445xu/repo/bazel-repos/cloned_repos/google__nearby/connections/implementation/mediums/ble_v2/BUILD:113:8: no such package '@@+_repo_rules2+com_github_protobuf_matchers//protobuf-matchers': java.io.IOException: Error extracting /data/h445xu/.cache/bazel/_bazel_hongxu/a66b589ca55245870f68cb47083d1045/external/+_repo_rules2+com_github_protobuf_matchers/temp3139459661117374203/master.zip to /data/h445xu/.cache/bazel/_bazel_hongxu/a66b589ca55245870f68cb47083d1045/external/+_repo_rules2+com_github_protobuf_matchers/temp3139459661117374203: Prefix "protobuf-matchers-master" was given, but not found in the archive. Here are possible prefixes for this archive: "protobuf-matchers-main". and referenced by '//connections/implementation/mediums/ble_v2:ble_v2_test'
ERROR: /data/h445xu/repo/bazel-repos/cloned_repos/google__nearby/internal/platform/implementation/apple/BUILD:53:13: no such target '@@platforms//os:platform_ios': target 'platform_ios' not declared in package 'os' defined by /data/h445xu/.cache/bazel/_bazel_hongxu/a66b589ca55245870f68cb47083d1045/external/platforms/os/BUILD and referenced by '//internal/platform/implementation/apple:apple'
ERROR: /data/h445xu/repo/bazel-repos/cloned_repos/google__nearby/internal/platform/implementation/apple/BUILD:53:13: no such package 'tools/build_defs/swift': BUILD file not found in any of the following directories. Add a BUILD file to a directory to mark it as a package.
 - tools/build_defs/swift and referenced by '//internal/platform/implementation/apple:apple'
ERROR: /data/h445xu/repo/bazel-repos/cloned_repos/google__nearby/internal/platform/implementation/apple/BUILD:53:13: no such package 'releasetools/apple/privacy/privacymanifests/requiredreasonsapi': BUILD file not found in any of the following directories. Add a BUILD file to a directory to mark it as a package.
 - releasetools/apple/privacy/privacymanifests/requiredreasonsapi and referenced by '//internal/platform/implementation/apple:apple'
ERROR: /data/h445xu/repo/bazel-repos/cloned_repos/google__nearby/internal/platform/implementation/apple/BUILD:53:13: no such package 'third_party/apple_frameworks': BUILD file not found in any of the following directories. Add a BUILD file to a directory to mark it as a package.
 - third_party/apple_frameworks and referenced by '//internal/platform/implementation/apple:apple'
ERROR: /data/h445xu/repo/bazel-repos/cloned_repos/google__nearby/sharing/scheduling/BUILD:88:8: no such package '@@+_repo_rules2+com_github_protobuf_matchers//protobuf-matchers': java.io.IOException: Error extracting /data/h445xu/.cache/bazel/_bazel_hongxu/a66b589ca55245870f68cb47083d1045/external/+_repo_rules2+com_github_protobuf_matchers/temp3139459661117374203/master.zip to /data/h445xu/.cache/bazel/_bazel_hongxu/a66b589ca55245870f68cb47083d1045/external/+_repo_rules2+com_github_protobuf_matchers/temp3139459661117374203: Prefix "protobuf-matchers-master" was given, but not found in the archive. Here are possible prefixes for this archive: "protobuf-matchers-main". and referenced by '//sharing/scheduling:scheduling_test'
ERROR: /data/h445xu/repo/bazel-repos/cloned_repos/google__nearby/sharing/internal/test/BUILD:59:8: no such package '@@+_repo_rules2+com_github_protobuf_matchers//protobuf-matchers': java.io.IOException: Error extracting /data/h445xu/.cache/bazel/_bazel_hongxu/a66b589ca55245870f68cb47083d1045/external/+_repo_rules2+com_github_protobuf_matchers/temp3139459661117374203/master.zip to /data/h445xu/.cache/bazel/_bazel_hongxu/a66b589ca55245870f68cb47083d1045/external/+_repo_rules2+com_github_protobuf_matchers/temp3139459661117374203: Prefix "protobuf-matchers-master" was given, but not found in the archive. Here are possible prefixes for this archive: "protobuf-matchers-main". and referenced by '//sharing/internal/test:nearby_test_test'
ERROR: /data/h445xu/repo/bazel-repos/cloned_repos/google__nearby/sharing/internal/base/BUILD:44:8: no such package '@@+_repo_rules2+com_github_protobuf_matchers//protobuf-matchers': java.io.IOException: Error extracting /data/h445xu/.cache/bazel/_bazel_hongxu/a66b589ca55245870f68cb47083d1045/external/+_repo_rules2+com_github_protobuf_matchers/temp3139459661117374203/master.zip to /data/h445xu/.cache/bazel/_bazel_hongxu/a66b589ca55245870f68cb47083d1045/external/+_repo_rules2+com_github_protobuf_matchers/temp3139459661117374203: Prefix "protobuf-matchers-master" was given, but not found in the archive. Here are possible prefixes for this archive: "protobuf-matchers-main". and referenced by '//sharing/internal/base:base_test'
ERROR: /data/h445xu/repo/bazel-repos/cloned_repos/google__nearby/sharing/internal/public/BUILD:58:8: no such package '@@+_repo_rules2+com_github_protobuf_matchers//protobuf-matchers': java.io.IOException: Error extracting /data/h445xu/.cache/bazel/_bazel_hongxu/a66b589ca55245870f68cb47083d1045/external/+_repo_rules2+com_github_protobuf_matchers/temp3139459661117374203/master.zip to /data/h445xu/.cache/bazel/_bazel_hongxu/a66b589ca55245870f68cb47083d1045/external/+_repo_rules2+com_github_protobuf_matchers/temp3139459661117374203: Prefix "protobuf-matchers-master" was given, but not found in the archive. Here are possible prefixes for this archive: "protobuf-matchers-main". and referenced by '//sharing/internal/public:nearby_context_test'
ERROR: /data/h445xu/repo/bazel-repos/cloned_repos/google__nearby/internal/crypto/BUILD:41:8: no such package '@@+_repo_rules2+com_github_protobuf_matchers//protobuf-matchers': java.io.IOException: Error extracting /data/h445xu/.cache/bazel/_bazel_hongxu/a66b589ca55245870f68cb47083d1045/external/+_repo_rules2+com_github_protobuf_matchers/temp3139459661117374203/master.zip to /data/h445xu/.cache/bazel/_bazel_hongxu/a66b589ca55245870f68cb47083d1045/external/+_repo_rules2+com_github_protobuf_matchers/temp3139459661117374203: Prefix "protobuf-matchers-master" was given, but not found in the archive. Here are possible prefixes for this archive: "protobuf-matchers-main". and referenced by '//internal/crypto:crypto_unittests'
ERROR: /data/h445xu/repo/bazel-repos/cloned_repos/google__nearby/sharing/analytics/BUILD:43:8: no such package '@@+_repo_rules2+com_github_protobuf_matchers//protobuf-matchers': java.io.IOException: Error extracting /data/h445xu/.cache/bazel/_bazel_hongxu/a66b589ca55245870f68cb47083d1045/external/+_repo_rules2+com_github_protobuf_matchers/temp3139459661117374203/master.zip to /data/h445xu/.cache/bazel/_bazel_hongxu/a66b589ca55245870f68cb47083d1045/external/+_repo_rules2+com_github_protobuf_matchers/temp3139459661117374203: Prefix "protobuf-matchers-master" was given, but not found in the archive. Here are possible prefixes for this archive: "protobuf-matchers-main". and referenced by '//sharing/analytics:analytics_test'
ERROR: /data/h445xu/repo/bazel-repos/cloned_repos/google__nearby/connections/implementation/fuzzers/BUILD:19:8: no such package 'testing/fuzzing': BUILD file not found in any of the following directories. Add a BUILD file to a directory to mark it as a package.
 - testing/fuzzing and referenced by '//connections/implementation/fuzzers:offline_frames_fuzzer'
ERROR: /data/h445xu/repo/bazel-repos/cloned_repos/google__nearby/presence/fpp/BUILD:72:8: no such package '@@+_repo_rules2+com_github_protobuf_matchers//protobuf-matchers': java.io.IOException: Error extracting /data/h445xu/.cache/bazel/_bazel_hongxu/a66b589ca55245870f68cb47083d1045/external/+_repo_rules2+com_github_protobuf_matchers/temp3139459661117374203/master.zip to /data/h445xu/.cache/bazel/_bazel_hongxu/a66b589ca55245870f68cb47083d1045/external/+_repo_rules2+com_github_protobuf_matchers/temp3139459661117374203: Prefix "protobuf-matchers-master" was given, but not found in the archive. Here are possible prefixes for this archive: "protobuf-matchers-main". and referenced by '//presence/fpp:sensor_fusion_test'
ERROR: /data/h445xu/repo/bazel-repos/cloned_repos/google__nearby/sharing/BUILD:878:8: no such package '@@+_repo_rules2+com_github_protobuf_matchers//protobuf-matchers': java.io.IOException: Error extracting /data/h445xu/.cache/bazel/_bazel_hongxu/a66b589ca55245870f68cb47083d1045/external/+_repo_rules2+com_github_protobuf_matchers/temp3139459661117374203/master.zip to /data/h445xu/.cache/bazel/_bazel_hongxu/a66b589ca55245870f68cb47083d1045/external/+_repo_rules2+com_github_protobuf_matchers/temp3139459661117374203: Prefix "protobuf-matchers-master" was given, but not found in the archive. Here are possible prefixes for this archive: "protobuf-matchers-main". and referenced by '//sharing:thread_timer_test'
ERROR: /data/h445xu/repo/bazel-repos/cloned_repos/google__nearby/presence/BUILD:119:8: no such package '@@+_repo_rules2+com_github_protobuf_matchers//protobuf-matchers': java.io.IOException: Error extracting /data/h445xu/.cache/bazel/_bazel_hongxu/a66b589ca55245870f68cb47083d1045/external/+_repo_rules2+com_github_protobuf_matchers/temp3139459661117374203/master.zip to /data/h445xu/.cache/bazel/_bazel_hongxu/a66b589ca55245870f68cb47083d1045/external/+_repo_rules2+com_github_protobuf_matchers/temp3139459661117374203: Prefix "protobuf-matchers-master" was given, but not found in the archive. Here are possible prefixes for this archive: "protobuf-matchers-main". and referenced by '//presence:types_test'
ERROR: /data/h445xu/repo/bazel-repos/cloned_repos/google__nearby/connections/implementation/fuzzers/BUILD:19:8: no such package '@@+_repo_rules2+com_github_protobuf_matchers//protobuf-matchers': java.io.IOException: Error extracting /data/h445xu/.cache/bazel/_bazel_hongxu/a66b589ca55245870f68cb47083d1045/external/+_repo_rules2+com_github_protobuf_matchers/temp3139459661117374203/master.zip to /data/h445xu/.cache/bazel/_bazel_hongxu/a66b589ca55245870f68cb47083d1045/external/+_repo_rules2+com_github_protobuf_matchers/temp3139459661117374203: Prefix "protobuf-matchers-master" was given, but not found in the archive. Here are possible prefixes for this archive: "protobuf-matchers-main". and referenced by '//connections/implementation/fuzzers:offline_frames_fuzzer'
ERROR: /data/h445xu/repo/bazel-repos/cloned_repos/google__nearby/internal/platform/BUILD:540:8: no such target '@@platforms//os:platform_ios': target 'platform_ios' not declared in package 'os' defined by /data/h445xu/.cache/bazel/_bazel_hongxu/a66b589ca55245870f68cb47083d1045/external/platforms/os/BUILD and referenced by '//internal/platform:public_test'
ERROR: /data/h445xu/repo/bazel-repos/cloned_repos/google__nearby/sharing/contacts/BUILD:73:8: no such package '@@+_repo_rules2+com_github_protobuf_matchers//protobuf-matchers': java.io.IOException: Error extracting /data/h445xu/.cache/bazel/_bazel_hongxu/a66b589ca55245870f68cb47083d1045/external/+_repo_rules2+com_github_protobuf_matchers/temp3139459661117374203/master.zip to /data/h445xu/.cache/bazel/_bazel_hongxu/a66b589ca55245870f68cb47083d1045/external/+_repo_rules2+com_github_protobuf_matchers/temp3139459661117374203: Prefix "protobuf-matchers-master" was given, but not found in the archive. Here are possible prefixes for this archive: "protobuf-matchers-main". and referenced by '//sharing/contacts:contacts_test'
ERROR: /data/h445xu/repo/bazel-repos/cloned_repos/google__nearby/sharing/certificates/BUILD:17:11: no such package 'proto/identity/v1': BUILD file not found in any of the following directories. Add a BUILD file to a directory to mark it as a package.
 - proto/identity/v1 and referenced by '//sharing/certificates:certificates'
ERROR: /data/h445xu/repo/bazel-repos/cloned_repos/google__nearby/internal/platform/BUILD:540:8: no such package '@@+_repo_rules2+com_github_protobuf_matchers//protobuf-matchers': java.io.IOException: Error extracting /data/h445xu/.cache/bazel/_bazel_hongxu/a66b589ca55245870f68cb47083d1045/external/+_repo_rules2+com_github_protobuf_matchers/temp3139459661117374203/master.zip to /data/h445xu/.cache/bazel/_bazel_hongxu/a66b589ca55245870f68cb47083d1045/external/+_repo_rules2+com_github_protobuf_matchers/temp3139459661117374203: Prefix "protobuf-matchers-master" was given, but not found in the archive. Here are possible prefixes for this archive: "protobuf-matchers-main". and referenced by '//internal/platform:public_test'
ERROR: /data/h445xu/repo/bazel-repos/cloned_repos/google__nearby/sharing/certificates/BUILD:17:11: no such package 'sharing/internal/impl/common': BUILD file not found in any of the following directories. Add a BUILD file to a directory to mark it as a package.
 - sharing/internal/impl/common and referenced by '//sharing/certificates:certificates'
ERROR: /data/h445xu/repo/bazel-repos/cloned_repos/google__nearby/sharing/BUILD:643:8: no such package '@@+_repo_rules2+com_github_protobuf_matchers//protobuf-matchers': java.io.IOException: Error extracting /data/h445xu/.cache/bazel/_bazel_hongxu/a66b589ca55245870f68cb47083d1045/external/+_repo_rules2+com_github_protobuf_matchers/temp3139459661117374203/master.zip to /data/h445xu/.cache/bazel/_bazel_hongxu/a66b589ca55245870f68cb47083d1045/external/+_repo_rules2+com_github_protobuf_matchers/temp3139459661117374203: Prefix "protobuf-matchers-master" was given, but not found in the archive. Here are possible prefixes for this archive: "protobuf-matchers-main". and referenced by '//sharing:nearby_file_handler_test'
ERROR: /data/h445xu/repo/bazel-repos/cloned_repos/google__nearby/sharing/certificates/BUILD:111:8: no such package 'proto/identity/v1': BUILD file not found in any of the following directories. Add a BUILD file to a directory to mark it as a package.
 - proto/identity/v1 and referenced by '//sharing/certificates:certificates_test'
ERROR: /data/h445xu/repo/bazel-repos/cloned_repos/google__nearby/sharing/BUILD:806:8: no such package '@@+_repo_rules2+com_github_protobuf_matchers//protobuf-matchers': java.io.IOException: Error extracting /data/h445xu/.cache/bazel/_bazel_hongxu/a66b589ca55245870f68cb47083d1045/external/+_repo_rules2+com_github_protobuf_matchers/temp3139459661117374203/master.zip to /data/h445xu/.cache/bazel/_bazel_hongxu/a66b589ca55245870f68cb47083d1045/external/+_repo_rules2+com_github_protobuf_matchers/temp3139459661117374203: Prefix "protobuf-matchers-master" was given, but not found in the archive. Here are possible prefixes for this archive: "protobuf-matchers-main". and referenced by '//sharing:wrapped_share_target_discovered_callback_test'
ERROR: /data/h445xu/repo/bazel-repos/cloned_repos/google__nearby/sharing/BUILD:532:8: no such package '@@+_repo_rules2+com_github_protobuf_matchers//protobuf-matchers': java.io.IOException: Error extracting /data/h445xu/.cache/bazel/_bazel_hongxu/a66b589ca55245870f68cb47083d1045/external/+_repo_rules2+com_github_protobuf_matchers/temp3139459661117374203/master.zip to /data/h445xu/.cache/bazel/_bazel_hongxu/a66b589ca55245870f68cb47083d1045/external/+_repo_rules2+com_github_protobuf_matchers/temp3139459661117374203: Prefix "protobuf-matchers-master" was given, but not found in the archive. Here are possible prefixes for this archive: "protobuf-matchers-main". and referenced by '//sharing:nearby_connections_manager_impl_test'
ERROR: /data/h445xu/repo/bazel-repos/cloned_repos/google__nearby/sharing/BUILD:659:8: no such package '@@+_repo_rules2+com_github_protobuf_matchers//protobuf-matchers': java.io.IOException: Error extracting /data/h445xu/.cache/bazel/_bazel_hongxu/a66b589ca55245870f68cb47083d1045/external/+_repo_rules2+com_github_protobuf_matchers/temp3139459661117374203/master.zip to /data/h445xu/.cache/bazel/_bazel_hongxu/a66b589ca55245870f68cb47083d1045/external/+_repo_rules2+com_github_protobuf_matchers/temp3139459661117374203: Prefix "protobuf-matchers-master" was given, but not found in the archive. Here are possible prefixes for this archive: "protobuf-matchers-main". and referenced by '//sharing:nearby_sharing_service_extension_test'
ERROR: /data/h445xu/repo/bazel-repos/cloned_repos/google__nearby/sharing/BUILD:698:8: no such package '@@+_repo_rules2+com_github_protobuf_matchers//protobuf-matchers': java.io.IOException: Error extracting /data/h445xu/.cache/bazel/_bazel_hongxu/a66b589ca55245870f68cb47083d1045/external/+_repo_rules2+com_github_protobuf_matchers/temp3139459661117374203/master.zip to /data/h445xu/.cache/bazel/_bazel_hongxu/a66b589ca55245870f68cb47083d1045/external/+_repo_rules2+com_github_protobuf_matchers/temp3139459661117374203: Prefix "protobuf-matchers-master" was given, but not found in the archive. Here are possible prefixes for this archive: "protobuf-matchers-main". and referenced by '//sharing:payload_tracker_test'
ERROR: /data/h445xu/repo/bazel-repos/cloned_repos/google__nearby/sharing/BUILD:675:8: no such package '@@+_repo_rules2+com_github_protobuf_matchers//protobuf-matchers': java.io.IOException: Error extracting /data/h445xu/.cache/bazel/_bazel_hongxu/a66b589ca55245870f68cb47083d1045/external/+_repo_rules2+com_github_protobuf_matchers/temp3139459661117374203/master.zip to /data/h445xu/.cache/bazel/_bazel_hongxu/a66b589ca55245870f68cb47083d1045/external/+_repo_rules2+com_github_protobuf_matchers/temp3139459661117374203: Prefix "protobuf-matchers-master" was given, but not found in the archive. Here are possible prefixes for this archive: "protobuf-matchers-main". and referenced by '//sharing:nearby_sharing_settings_test'
ERROR: /data/h445xu/repo/bazel-repos/cloned_repos/google__nearby/sharing/BUILD:767:8: no such package '@@+_repo_rules2+com_github_protobuf_matchers//protobuf-matchers': java.io.IOException: Error extracting /data/h445xu/.cache/bazel/_bazel_hongxu/a66b589ca55245870f68cb47083d1045/external/+_repo_rules2+com_github_protobuf_matchers/temp3139459661117374203/master.zip to /data/h445xu/.cache/bazel/_bazel_hongxu/a66b589ca55245870f68cb47083d1045/external/+_repo_rules2+com_github_protobuf_matchers/temp3139459661117374203: Prefix "protobuf-matchers-master" was given, but not found in the archive. Here are possible prefixes for this archive: "protobuf-matchers-main". and referenced by '//sharing:share_session_test'
ERROR: /data/h445xu/repo/bazel-repos/cloned_repos/google__nearby/sharing/BUILD:847:8: no such package 'third_party/protobuf': BUILD file not found in any of the following directories. Add a BUILD file to a directory to mark it as a package.
 - third_party/protobuf and referenced by '//sharing:incoming_share_session_test'
ERROR: /data/h445xu/repo/bazel-repos/cloned_repos/google__nearby/sharing/BUILD:847:8: no such package '@@+_repo_rules2+com_github_protobuf_matchers//protobuf-matchers': java.io.IOException: Error extracting /data/h445xu/.cache/bazel/_bazel_hongxu/a66b589ca55245870f68cb47083d1045/external/+_repo_rules2+com_github_protobuf_matchers/temp3139459661117374203/master.zip to /data/h445xu/.cache/bazel/_bazel_hongxu/a66b589ca55245870f68cb47083d1045/external/+_repo_rules2+com_github_protobuf_matchers/temp3139459661117374203: Prefix "protobuf-matchers-master" was given, but not found in the archive. Here are possible prefixes for this archive: "protobuf-matchers-main". and referenced by '//sharing:incoming_share_session_test'
ERROR: /data/h445xu/repo/bazel-repos/cloned_repos/google__nearby/sharing/BUILD:513:8: no such package '@@+_repo_rules2+com_github_protobuf_matchers//protobuf-matchers': java.io.IOException: Error extracting /data/h445xu/.cache/bazel/_bazel_hongxu/a66b589ca55245870f68cb47083d1045/external/+_repo_rules2+com_github_protobuf_matchers/temp3139459661117374203/master.zip to /data/h445xu/.cache/bazel/_bazel_hongxu/a66b589ca55245870f68cb47083d1045/external/+_repo_rules2+com_github_protobuf_matchers/temp3139459661117374203: Prefix "protobuf-matchers-master" was given, but not found in the archive. Here are possible prefixes for this archive: "protobuf-matchers-main". and referenced by '//sharing:nearby_connection_impl_test'
ERROR: /data/h445xu/repo/bazel-repos/cloned_repos/google__nearby/sharing/BUILD:818:8: no such package '@@+_repo_rules2+com_github_protobuf_matchers//protobuf-matchers': java.io.IOException: Error extracting /data/h445xu/.cache/bazel/_bazel_hongxu/a66b589ca55245870f68cb47083d1045/external/+_repo_rules2+com_github_protobuf_matchers/temp3139459661117374203/master.zip to /data/h445xu/.cache/bazel/_bazel_hongxu/a66b589ca55245870f68cb47083d1045/external/+_repo_rules2+com_github_protobuf_matchers/temp3139459661117374203: Prefix "protobuf-matchers-master" was given, but not found in the archive. Here are possible prefixes for this archive: "protobuf-matchers-main". and referenced by '//sharing:outgoing_share_session_test'
ERROR: /data/h445xu/repo/bazel-repos/cloned_repos/google__nearby/sharing/BUILD:892:8: no such package '@@+_repo_rules2+com_github_protobuf_matchers//protobuf-matchers': java.io.IOException: Error extracting /data/h445xu/.cache/bazel/_bazel_hongxu/a66b589ca55245870f68cb47083d1045/external/+_repo_rules2+com_github_protobuf_matchers/temp3139459661117374203/master.zip to /data/h445xu/.cache/bazel/_bazel_hongxu/a66b589ca55245870f68cb47083d1045/external/+_repo_rules2+com_github_protobuf_matchers/temp3139459661117374203: Prefix "protobuf-matchers-master" was given, but not found in the archive. Here are possible prefixes for this archive: "protobuf-matchers-main". and referenced by '//sharing:nearby_connections_service_test'
ERROR: /data/h445xu/repo/bazel-repos/cloned_repos/google__nearby/sharing/BUILD:618:8: no such package '@@+_repo_rules2+com_github_protobuf_matchers//protobuf-matchers': java.io.IOException: Error extracting /data/h445xu/.cache/bazel/_bazel_hongxu/a66b589ca55245870f68cb47083d1045/external/+_repo_rules2+com_github_protobuf_matchers/temp3139459661117374203/master.zip to /data/h445xu/.cache/bazel/_bazel_hongxu/a66b589ca55245870f68cb47083d1045/external/+_repo_rules2+com_github_protobuf_matchers/temp3139459661117374203: Prefix "protobuf-matchers-master" was given, but not found in the archive. Here are possible prefixes for this archive: "protobuf-matchers-main". and referenced by '//sharing:nearby_connections_stream_buffer_manager_test'
ERROR: /data/h445xu/repo/bazel-repos/cloned_repos/google__nearby/sharing/certificates/BUILD:111:8: no such package '@@+_repo_rules2+com_github_protobuf_matchers//protobuf-matchers': java.io.IOException: Error extracting /data/h445xu/.cache/bazel/_bazel_hongxu/a66b589ca55245870f68cb47083d1045/external/+_repo_rules2+com_github_protobuf_matchers/temp3139459661117374203/master.zip to /data/h445xu/.cache/bazel/_bazel_hongxu/a66b589ca55245870f68cb47083d1045/external/+_repo_rules2+com_github_protobuf_matchers/temp3139459661117374203: Prefix "protobuf-matchers-master" was given, but not found in the archive. Here are possible prefixes for this archive: "protobuf-matchers-main". and referenced by '//sharing/certificates:certificates_test'
ERROR: /data/h445xu/repo/bazel-repos/cloned_repos/google__nearby/sharing/BUILD:563:8: no such package 'base': BUILD file not found in any of the following directories. Add a BUILD file to a directory to mark it as a package.
 - base and referenced by '//sharing:nearby_sharing_service_impl_test'
ERROR: /data/h445xu/repo/bazel-repos/cloned_repos/google__nearby/sharing/BUILD:563:8: no such package '@@+_repo_rules2+com_github_protobuf_matchers//protobuf-matchers': java.io.IOException: Error extracting /data/h445xu/.cache/bazel/_bazel_hongxu/a66b589ca55245870f68cb47083d1045/external/+_repo_rules2+com_github_protobuf_matchers/temp3139459661117374203/master.zip to /data/h445xu/.cache/bazel/_bazel_hongxu/a66b589ca55245870f68cb47083d1045/external/+_repo_rules2+com_github_protobuf_matchers/temp3139459661117374203: Prefix "protobuf-matchers-master" was given, but not found in the archive. Here are possible prefixes for this archive: "protobuf-matchers-main". and referenced by '//sharing:nearby_sharing_service_impl_test'
ERROR: /data/h445xu/repo/bazel-repos/cloned_repos/google__nearby/sharing/BUILD:447:8: no such package '@@+_repo_rules2+com_github_protobuf_matchers//protobuf-matchers': java.io.IOException: Error extracting /data/h445xu/.cache/bazel/_bazel_hongxu/a66b589ca55245870f68cb47083d1045/external/+_repo_rules2+com_github_protobuf_matchers/temp3139459661117374203/master.zip to /data/h445xu/.cache/bazel/_bazel_hongxu/a66b589ca55245870f68cb47083d1045/external/+_repo_rules2+com_github_protobuf_matchers/temp3139459661117374203: Prefix "protobuf-matchers-master" was given, but not found in the archive. Here are possible prefixes for this archive: "protobuf-matchers-main". and referenced by '//sharing:paired_key_verification_runner_test'
ERROR: /data/h445xu/repo/bazel-repos/cloned_repos/google__nearby/sharing/BUILD:495:8: no such package '@@+_repo_rules2+com_github_protobuf_matchers//protobuf-matchers': java.io.IOException: Error extracting /data/h445xu/.cache/bazel/_bazel_hongxu/a66b589ca55245870f68cb47083d1045/external/+_repo_rules2+com_github_protobuf_matchers/temp3139459661117374203/master.zip to /data/h445xu/.cache/bazel/_bazel_hongxu/a66b589ca55245870f68cb47083d1045/external/+_repo_rules2+com_github_protobuf_matchers/temp3139459661117374203: Prefix "protobuf-matchers-master" was given, but not found in the archive. Here are possible prefixes for this archive: "protobuf-matchers-main". and referenced by '//sharing:incoming_frames_reader_test'
ERROR: /data/h445xu/repo/bazel-repos/cloned_repos/google__nearby/sharing/BUILD:482:8: no such package '@@+_repo_rules2+com_github_protobuf_matchers//protobuf-matchers': java.io.IOException: Error extracting /data/h445xu/.cache/bazel/_bazel_hongxu/a66b589ca55245870f68cb47083d1045/external/+_repo_rules2+com_github_protobuf_matchers/temp3139459661117374203/master.zip to /data/h445xu/.cache/bazel/_bazel_hongxu/a66b589ca55245870f68cb47083d1045/external/+_repo_rules2+com_github_protobuf_matchers/temp3139459661117374203: Prefix "protobuf-matchers-master" was given, but not found in the archive. Here are possible prefixes for this archive: "protobuf-matchers-main". and referenced by '//sharing:nearby_sharing_service_test'
ERROR: /data/h445xu/repo/bazel-repos/cloned_repos/google__nearby/sharing/BUILD:629:8: no such package '@@+_repo_rules2+com_github_protobuf_matchers//protobuf-matchers': java.io.IOException: Error extracting /data/h445xu/.cache/bazel/_bazel_hongxu/a66b589ca55245870f68cb47083d1045/external/+_repo_rules2+com_github_protobuf_matchers/temp3139459661117374203/master.zip to /data/h445xu/.cache/bazel/_bazel_hongxu/a66b589ca55245870f68cb47083d1045/external/+_repo_rules2+com_github_protobuf_matchers/temp3139459661117374203: Prefix "protobuf-matchers-master" was given, but not found in the archive. Here are possible prefixes for this archive: "protobuf-matchers-main". and referenced by '//sharing:nearby_connections_types_test'
ERROR: /data/h445xu/repo/bazel-repos/cloned_repos/google__nearby/sharing/BUILD:740:8: no such package '@@+_repo_rules2+com_github_protobuf_matchers//protobuf-matchers': java.io.IOException: Error extracting /data/h445xu/.cache/bazel/_bazel_hongxu/a66b589ca55245870f68cb47083d1045/external/+_repo_rules2+com_github_protobuf_matchers/temp3139459661117374203/master.zip to /data/h445xu/.cache/bazel/_bazel_hongxu/a66b589ca55245870f68cb47083d1045/external/+_repo_rules2+com_github_protobuf_matchers/temp3139459661117374203: Prefix "protobuf-matchers-master" was given, but not found in the archive. Here are possible prefixes for this archive: "protobuf-matchers-main". and referenced by '//sharing:transfer_manager_test'
Loading: 150 packages loaded
    currently loading: connections/dart ... (10 packages)
Loading: 150 packages loaded
    currently loading: connections/dart ... (10 packages)
Loading: 150 packages loaded
    currently loading: connections/dart ... (10 packages)
Loading: 150 packages loaded
    currently loading: connections/dart ... (10 packages)
Loading: 150 packages loaded
    currently loading: connections/dart ... (10 packages)
Loading: 150 packages loaded
    currently loading: connections/dart ... (10 packages)
Loading: 150 packages loaded
    currently loading: connections/dart ... (10 packages)
Loading: 150 packages loaded
    currently loading: connections/dart ... (10 packages)
Loading: 150 packages loaded
    currently loading: connections/dart ... (10 packages)
Loading: 150 packages loaded
    currently loading: connections/dart ... (10 packages)
ERROR: /data/h445xu/repo/bazel-repos/cloned_repos/google__nearby/presence/implementation/BUILD:373:8: no such package '@@+_repo_rules2+com_github_protobuf_matchers//protobuf-matchers': java.io.IOException: Error extracting /data/h445xu/.cache/bazel/_bazel_hongxu/a66b589ca55245870f68cb47083d1045/external/+_repo_rules2+com_github_protobuf_matchers/temp3139459661117374203/master.zip to /data/h445xu/.cache/bazel/_bazel_hongxu/a66b589ca55245870f68cb47083d1045/external/+_repo_rules2+com_github_protobuf_matchers/temp3139459661117374203: Prefix "protobuf-matchers-master" was given, but not found in the archive. Here are possible prefixes for this archive: "protobuf-matchers-main". and referenced by '//presence/implementation:connection_authenticator_impl_test'
ERROR: /data/h445xu/repo/bazel-repos/cloned_repos/google__nearby/presence/implementation/BUILD:265:8: no such package '@@+_repo_rules2+com_github_protobuf_matchers//protobuf-matchers': java.io.IOException: Error extracting /data/h445xu/.cache/bazel/_bazel_hongxu/a66b589ca55245870f68cb47083d1045/external/+_repo_rules2+com_github_protobuf_matchers/temp3139459661117374203/master.zip to /data/h445xu/.cache/bazel/_bazel_hongxu/a66b589ca55245870f68cb47083d1045/external/+_repo_rules2+com_github_protobuf_matchers/temp3139459661117374203: Prefix "protobuf-matchers-master" was given, but not found in the archive. Here are possible prefixes for this archive: "protobuf-matchers-main". and referenced by '//presence/implementation:advertisement_factory_test'
ERROR: /data/h445xu/repo/bazel-repos/cloned_repos/google__nearby/presence/implementation/BUILD:333:8: no such package '@@+_repo_rules2+com_github_protobuf_matchers//protobuf-matchers': java.io.IOException: Error extracting /data/h445xu/.cache/bazel/_bazel_hongxu/a66b589ca55245870f68cb47083d1045/external/+_repo_rules2+com_github_protobuf_matchers/temp3139459661117374203/master.zip to /data/h445xu/.cache/bazel/_bazel_hongxu/a66b589ca55245870f68cb47083d1045/external/+_repo_rules2+com_github_protobuf_matchers/temp3139459661117374203: Prefix "protobuf-matchers-master" was given, but not found in the archive. Here are possible prefixes for this archive: "protobuf-matchers-main". and referenced by '//presence/implementation:base_broadcast_request_test'
ERROR: /data/h445xu/repo/bazel-repos/cloned_repos/google__nearby/presence/implementation/BUILD:396:8: no such package 'net/proto2/contrib/parse_proto': BUILD file not found in any of the following directories. Add a BUILD file to a directory to mark it as a package.
 - net/proto2/contrib/parse_proto and referenced by '//presence/implementation:credential_manager_impl_test'
ERROR: /data/h445xu/repo/bazel-repos/cloned_repos/google__nearby/presence/implementation/BUILD:289:8: no such package '@@+_repo_rules2+com_github_protobuf_matchers//protobuf-matchers': java.io.IOException: Error extracting /data/h445xu/.cache/bazel/_bazel_hongxu/a66b589ca55245870f68cb47083d1045/external/+_repo_rules2+com_github_protobuf_matchers/temp3139459661117374203/master.zip to /data/h445xu/.cache/bazel/_bazel_hongxu/a66b589ca55245870f68cb47083d1045/external/+_repo_rules2+com_github_protobuf_matchers/temp3139459661117374203: Prefix "protobuf-matchers-master" was given, but not found in the archive. Here are possible prefixes for this archive: "protobuf-matchers-main". and referenced by '//presence/implementation:broadcast_manager_test'
ERROR: /data/h445xu/repo/bazel-repos/cloned_repos/google__nearby/presence/implementation/BUILD:353:8: no such package '@@+_repo_rules2+com_github_protobuf_matchers//protobuf-matchers': java.io.IOException: Error extracting /data/h445xu/.cache/bazel/_bazel_hongxu/a66b589ca55245870f68cb47083d1045/external/+_repo_rules2+com_github_protobuf_matchers/temp3139459661117374203/master.zip to /data/h445xu/.cache/bazel/_bazel_hongxu/a66b589ca55245870f68cb47083d1045/external/+_repo_rules2+com_github_protobuf_matchers/temp3139459661117374203: Prefix "protobuf-matchers-master" was given, but not found in the archive. Here are possible prefixes for this archive: "protobuf-matchers-main". and referenced by '//presence/implementation:action_factory_test'
ERROR: /data/h445xu/repo/bazel-repos/cloned_repos/google__nearby/presence/implementation/BUILD:312:8: no such package '@@+_repo_rules2+com_github_protobuf_matchers//protobuf-matchers': java.io.IOException: Error extracting /data/h445xu/.cache/bazel/_bazel_hongxu/a66b589ca55245870f68cb47083d1045/external/+_repo_rules2+com_github_protobuf_matchers/temp3139459661117374203/master.zip to /data/h445xu/.cache/bazel/_bazel_hongxu/a66b589ca55245870f68cb47083d1045/external/+_repo_rules2+com_github_protobuf_matchers/temp3139459661117374203: Prefix "protobuf-matchers-master" was given, but not found in the archive. Here are possible prefixes for this archive: "protobuf-matchers-main". and referenced by '//presence/implementation:ldt_test'
ERROR: /data/h445xu/repo/bazel-repos/cloned_repos/google__nearby/presence/implementation/BUILD:105:11: no such package 'devtools/rust': BUILD file not found in any of the following directories. Add a BUILD file to a directory to mark it as a package.
 - devtools/rust and referenced by '//presence/implementation:internal_deprecated'
ERROR: /data/h445xu/repo/bazel-repos/cloned_repos/google__nearby/presence/implementation/BUILD:193:8: no such package '@@+_repo_rules2+com_github_protobuf_matchers//protobuf-matchers': java.io.IOException: Error extracting /data/h445xu/.cache/bazel/_bazel_hongxu/a66b589ca55245870f68cb47083d1045/external/+_repo_rules2+com_github_protobuf_matchers/temp3139459661117374203/master.zip to /data/h445xu/.cache/bazel/_bazel_hongxu/a66b589ca55245870f68cb47083d1045/external/+_repo_rules2+com_github_protobuf_matchers/temp3139459661117374203: Prefix "protobuf-matchers-master" was given, but not found in the archive. Here are possible prefixes for this archive: "protobuf-matchers-main". and referenced by '//presence/implementation:advertisement_decoder_test'
ERROR: /data/h445xu/repo/bazel-repos/cloned_repos/google__nearby/presence/implementation/BUILD:243:8: no such package '@@+_repo_rules2+com_github_protobuf_matchers//protobuf-matchers': java.io.IOException: Error extracting /data/h445xu/.cache/bazel/_bazel_hongxu/a66b589ca55245870f68cb47083d1045/external/+_repo_rules2+com_github_protobuf_matchers/temp3139459661117374203/master.zip to /data/h445xu/.cache/bazel/_bazel_hongxu/a66b589ca55245870f68cb47083d1045/external/+_repo_rules2+com_github_protobuf_matchers/temp3139459661117374203: Prefix "protobuf-matchers-master" was given, but not found in the archive. Here are possible prefixes for this archive: "protobuf-matchers-main". and referenced by '//presence/implementation:advertisement_filter_test'
ERROR: /data/h445xu/repo/bazel-repos/cloned_repos/google__nearby/presence/implementation/BUILD:167:11: no such package '@@+_repo_rules2+com_github_protobuf_matchers//protobuf-matchers': java.io.IOException: Error extracting /data/h445xu/.cache/bazel/_bazel_hongxu/a66b589ca55245870f68cb47083d1045/external/+_repo_rules2+com_github_protobuf_matchers/temp3139459661117374203/master.zip to /data/h445xu/.cache/bazel/_bazel_hongxu/a66b589ca55245870f68cb47083d1045/external/+_repo_rules2+com_github_protobuf_matchers/temp3139459661117374203: Prefix "protobuf-matchers-master" was given, but not found in the archive. Here are possible prefixes for this archive: "protobuf-matchers-main". and referenced by '//presence/implementation:internal_test'
ERROR: /data/h445xu/repo/bazel-repos/cloned_repos/google__nearby/presence/BUILD:179:8: no such package '@@+_repo_rules2+com_github_protobuf_matchers//protobuf-matchers': java.io.IOException: Error extracting /data/h445xu/.cache/bazel/_bazel_hongxu/a66b589ca55245870f68cb47083d1045/external/+_repo_rules2+com_github_protobuf_matchers/temp3139459661117374203/master.zip to /data/h445xu/.cache/bazel/_bazel_hongxu/a66b589ca55245870f68cb47083d1045/external/+_repo_rules2+com_github_protobuf_matchers/temp3139459661117374203: Prefix "protobuf-matchers-master" was given, but not found in the archive. Here are possible prefixes for this archive: "protobuf-matchers-main". and referenced by '//presence:presence_test'
ERROR: /data/h445xu/repo/bazel-repos/cloned_repos/google__nearby/presence/implementation/BUILD:218:8: no such package '@@+_repo_rules2+com_github_protobuf_matchers//protobuf-matchers': java.io.IOException: Error extracting /data/h445xu/.cache/bazel/_bazel_hongxu/a66b589ca55245870f68cb47083d1045/external/+_repo_rules2+com_github_protobuf_matchers/temp3139459661117374203/master.zip to /data/h445xu/.cache/bazel/_bazel_hongxu/a66b589ca55245870f68cb47083d1045/external/+_repo_rules2+com_github_protobuf_matchers/temp3139459661117374203: Prefix "protobuf-matchers-master" was given, but not found in the archive. Here are possible prefixes for this archive: "protobuf-matchers-main". and referenced by '//presence/implementation:advertisement_decoder_new_format_test'
ERROR: /data/h445xu/repo/bazel-repos/cloned_repos/google__nearby/presence/implementation/BUILD:425:8: no such package '@@+_repo_rules2+com_github_protobuf_matchers//protobuf-matchers': java.io.IOException: Error extracting /data/h445xu/.cache/bazel/_bazel_hongxu/a66b589ca55245870f68cb47083d1045/external/+_repo_rules2+com_github_protobuf_matchers/temp3139459661117374203/master.zip to /data/h445xu/.cache/bazel/_bazel_hongxu/a66b589ca55245870f68cb47083d1045/external/+_repo_rules2+com_github_protobuf_matchers/temp3139459661117374203: Prefix "protobuf-matchers-master" was given, but not found in the archive. Here are possible prefixes for this archive: "protobuf-matchers-main". and referenced by '//presence/implementation:scan_manager_test'
ERROR: /data/h445xu/repo/bazel-repos/cloned_repos/google__nearby/presence/implementation/BUILD:396:8: no such package '@@+_repo_rules2+com_github_protobuf_matchers//protobuf-matchers': java.io.IOException: Error extracting /data/h445xu/.cache/bazel/_bazel_hongxu/a66b589ca55245870f68cb47083d1045/external/+_repo_rules2+com_github_protobuf_matchers/temp3139459661117374203/master.zip to /data/h445xu/.cache/bazel/_bazel_hongxu/a66b589ca55245870f68cb47083d1045/external/+_repo_rules2+com_github_protobuf_matchers/temp3139459661117374203: Prefix "protobuf-matchers-master" was given, but not found in the archive. Here are possible prefixes for this archive: "protobuf-matchers-main". and referenced by '//presence/implementation:credential_manager_impl_test'
ERROR: /data/h445xu/repo/bazel-repos/cloned_repos/google__nearby/presence/implementation/BUILD:457:8: no such package 'net/proto2/contrib/parse_proto': BUILD file not found in any of the following directories. Add a BUILD file to a directory to mark it as a package.
 - net/proto2/contrib/parse_proto and referenced by '//presence/implementation:service_controller_impl_test'
ERROR: /data/h445xu/repo/bazel-repos/cloned_repos/google__nearby/presence/implementation/BUILD:457:8: no such package '@@+_repo_rules2+com_github_protobuf_matchers//protobuf-matchers': java.io.IOException: Error extracting /data/h445xu/.cache/bazel/_bazel_hongxu/a66b589ca55245870f68cb47083d1045/external/+_repo_rules2+com_github_protobuf_matchers/temp3139459661117374203/master.zip to /data/h445xu/.cache/bazel/_bazel_hongxu/a66b589ca55245870f68cb47083d1045/external/+_repo_rules2+com_github_protobuf_matchers/temp3139459661117374203: Prefix "protobuf-matchers-master" was given, but not found in the archive. Here are possible prefixes for this archive: "protobuf-matchers-main". and referenced by '//presence/implementation:service_controller_impl_test'
ERROR: /data/h445xu/repo/bazel-repos/cloned_repos/google__nearby/connections/implementation/analytics/BUILD:55:8: no such package 'net/proto2/contrib/parse_proto': BUILD file not found in any of the following directories. Add a BUILD file to a directory to mark it as a package.
 - net/proto2/contrib/parse_proto and referenced by '//connections/implementation/analytics:analytics_test'
ERROR: /data/h445xu/repo/bazel-repos/cloned_repos/google__nearby/internal/platform/implementation/apple/Log/BUILD:27:13: no such package 'third_party/apple_frameworks': BUILD file not found in any of the following directories. Add a BUILD file to a directory to mark it as a package.
 - third_party/apple_frameworks and referenced by '//internal/platform/implementation/apple/Log:GNCLogger'
ERROR: /data/h445xu/repo/bazel-repos/cloned_repos/google__nearby/connections/implementation/mediums/advertisements/BUILD:65:8: no such package '@@+_repo_rules2+com_github_protobuf_matchers//protobuf-matchers': java.io.IOException: Error extracting /data/h445xu/.cache/bazel/_bazel_hongxu/a66b589ca55245870f68cb47083d1045/external/+_repo_rules2+com_github_protobuf_matchers/temp3139459661117374203/master.zip to /data/h445xu/.cache/bazel/_bazel_hongxu/a66b589ca55245870f68cb47083d1045/external/+_repo_rules2+com_github_protobuf_matchers/temp3139459661117374203: Prefix "protobuf-matchers-master" was given, but not found in the archive. Here are possible prefixes for this archive: "protobuf-matchers-main". and referenced by '//connections/implementation/mediums/advertisements:data_element_test'
ERROR: /data/h445xu/repo/bazel-repos/cloned_repos/google__nearby/internal/platform/implementation/apple/Flags/BUILD:23:13: no such package 'third_party/apple_frameworks': BUILD file not found in any of the following directories. Add a BUILD file to a directory to mark it as a package.
 - third_party/apple_frameworks and referenced by '//internal/platform/implementation/apple/Flags:Flags'
ERROR: /data/h445xu/repo/bazel-repos/cloned_repos/google__nearby/internal/network/BUILD:104:8: no such package '@@+_repo_rules2+com_github_protobuf_matchers//protobuf-matchers': java.io.IOException: Error extracting /data/h445xu/.cache/bazel/_bazel_hongxu/a66b589ca55245870f68cb47083d1045/external/+_repo_rules2+com_github_protobuf_matchers/temp3139459661117374203/master.zip to /data/h445xu/.cache/bazel/_bazel_hongxu/a66b589ca55245870f68cb47083d1045/external/+_repo_rules2+com_github_protobuf_matchers/temp3139459661117374203: Prefix "protobuf-matchers-master" was given, but not found in the archive. Here are possible prefixes for this archive: "protobuf-matchers-main". and referenced by '//internal/network:nearby_http_client_test'
ERROR: /data/h445xu/repo/bazel-repos/cloned_repos/google__nearby/internal/flags/BUILD:63:8: no such package '@@+_repo_rules2+com_github_protobuf_matchers//protobuf-matchers': java.io.IOException: Error extracting /data/h445xu/.cache/bazel/_bazel_hongxu/a66b589ca55245870f68cb47083d1045/external/+_repo_rules2+com_github_protobuf_matchers/temp3139459661117374203/master.zip to /data/h445xu/.cache/bazel/_bazel_hongxu/a66b589ca55245870f68cb47083d1045/external/+_repo_rules2+com_github_protobuf_matchers/temp3139459661117374203: Prefix "protobuf-matchers-master" was given, but not found in the archive. Here are possible prefixes for this archive: "protobuf-matchers-main". and referenced by '//internal/flags:nearby_flags_test'
ERROR: /data/h445xu/repo/bazel-repos/cloned_repos/google__nearby/internal/encoding/BUILD:33:8: no such package '@@+_repo_rules2+com_github_protobuf_matchers//protobuf-matchers': java.io.IOException: Error extracting /data/h445xu/.cache/bazel/_bazel_hongxu/a66b589ca55245870f68cb47083d1045/external/+_repo_rules2+com_github_protobuf_matchers/temp3139459661117374203/master.zip to /data/h445xu/.cache/bazel/_bazel_hongxu/a66b589ca55245870f68cb47083d1045/external/+_repo_rules2+com_github_protobuf_matchers/temp3139459661117374203: Prefix "protobuf-matchers-master" was given, but not found in the archive. Here are possible prefixes for this archive: "protobuf-matchers-main". and referenced by '//internal/encoding:base85_test'
ERROR: /data/h445xu/repo/bazel-repos/cloned_repos/google__nearby/internal/data/BUILD:62:8: no such package '@@+_repo_rules2+com_github_protobuf_matchers//protobuf-matchers': java.io.IOException: Error extracting /data/h445xu/.cache/bazel/_bazel_hongxu/a66b589ca55245870f68cb47083d1045/external/+_repo_rules2+com_github_protobuf_matchers/temp3139459661117374203/master.zip to /data/h445xu/.cache/bazel/_bazel_hongxu/a66b589ca55245870f68cb47083d1045/external/+_repo_rules2+com_github_protobuf_matchers/temp3139459661117374203: Prefix "protobuf-matchers-master" was given, but not found in the archive. Here are possible prefixes for this archive: "protobuf-matchers-main". and referenced by '//internal/data:data_manager_test'
ERROR: /data/h445xu/repo/bazel-repos/cloned_repos/google__nearby/internal/data/BUILD:26:11: no such package 'location/nearby/apps/better_together/windows/common': BUILD file not found in any of the following directories. Add a BUILD file to a directory to mark it as a package.
 - location/nearby/apps/better_together/windows/common and referenced by '//internal/data:data_manager'
ERROR: /data/h445xu/repo/bazel-repos/cloned_repos/google__nearby/internal/crypto_cros/BUILD:85:8: no such package '@@+_repo_rules2+com_github_protobuf_matchers//protobuf-matchers': java.io.IOException: Error extracting /data/h445xu/.cache/bazel/_bazel_hongxu/a66b589ca55245870f68cb47083d1045/external/+_repo_rules2+com_github_protobuf_matchers/temp3139459661117374203/master.zip to /data/h445xu/.cache/bazel/_bazel_hongxu/a66b589ca55245870f68cb47083d1045/external/+_repo_rules2+com_github_protobuf_matchers/temp3139459661117374203: Prefix "protobuf-matchers-master" was given, but not found in the archive. Here are possible prefixes for this archive: "protobuf-matchers-main". and referenced by '//internal/crypto_cros:crypto_cros_unittests'
ERROR: /data/h445xu/repo/bazel-repos/cloned_repos/google__nearby/internal/data/BUILD:26:11: no such package 'third_party/leveldb': BUILD file not found in any of the following directories. Add a BUILD file to a directory to mark it as a package.
 - third_party/leveldb and referenced by '//internal/data:data_manager'
ERROR: /data/h445xu/repo/bazel-repos/cloned_repos/google__nearby/internal/data/BUILD:26:11: no such package 'third_party/leveldb': BUILD file not found in any of the following directories. Add a BUILD file to a directory to mark it as a package.
 - third_party/leveldb and referenced by '//internal/data:data_manager'
ERROR: /data/h445xu/repo/bazel-repos/cloned_repos/google__nearby/internal/platform/implementation/apple/Mediums/BUILD:24:13: no such package 'third_party/apple_frameworks': BUILD file not found in any of the following directories. Add a BUILD file to a directory to mark it as a package.
 - third_party/apple_frameworks and referenced by '//internal/platform/implementation/apple/Mediums:Mediums'
ERROR: /data/h445xu/repo/bazel-repos/cloned_repos/google__nearby/connections/implementation/mediums/advertisements/BUILD:90:8: no such package '@@+_repo_rules2+com_github_protobuf_matchers//protobuf-matchers': java.io.IOException: Error extracting /data/h445xu/.cache/bazel/_bazel_hongxu/a66b589ca55245870f68cb47083d1045/external/+_repo_rules2+com_github_protobuf_matchers/temp3139459661117374203/master.zip to /data/h445xu/.cache/bazel/_bazel_hongxu/a66b589ca55245870f68cb47083d1045/external/+_repo_rules2+com_github_protobuf_matchers/temp3139459661117374203: Prefix "protobuf-matchers-master" was given, but not found in the archive. Here are possible prefixes for this archive: "protobuf-matchers-main". and referenced by '//connections/implementation/mediums/advertisements:advertisement_util_test'
ERROR: /data/h445xu/repo/bazel-repos/cloned_repos/google__nearby/internal/platform/implementation/windows/BUILD:370:8: no such package '@@+_repo_rules2+com_github_protobuf_matchers//protobuf-matchers': java.io.IOException: Error extracting /data/h445xu/.cache/bazel/_bazel_hongxu/a66b589ca55245870f68cb47083d1045/external/+_repo_rules2+com_github_protobuf_matchers/temp3139459661117374203/master.zip to /data/h445xu/.cache/bazel/_bazel_hongxu/a66b589ca55245870f68cb47083d1045/external/+_repo_rules2+com_github_protobuf_matchers/temp3139459661117374203: Prefix "protobuf-matchers-master" was given, but not found in the archive. Here are possible prefixes for this archive: "protobuf-matchers-main". and referenced by '//internal/platform/implementation/windows:file_test'
ERROR: /data/h445xu/repo/bazel-repos/cloned_repos/google__nearby/presence/fpp/BUILD:17:11: no such package 'presence/fpp/fpp_c_ffi': BUILD file not found in any of the following directories. Add a BUILD file to a directory to mark it as a package.
 - presence/fpp/fpp_c_ffi and referenced by '//presence/fpp:fpp_manager'
ERROR: /data/h445xu/repo/bazel-repos/cloned_repos/google__nearby/presence/fpp/BUILD:72:8: no such package '@@+_repo_rules2+com_github_protobuf_matchers//protobuf-matchers': java.io.IOException: Error extracting /data/h445xu/.cache/bazel/_bazel_hongxu/a66b589ca55245870f68cb47083d1045/external/+_repo_rules2+com_github_protobuf_matchers/temp3139459661117374203/master.zip to /data/h445xu/.cache/bazel/_bazel_hongxu/a66b589ca55245870f68cb47083d1045/external/+_repo_rules2+com_github_protobuf_matchers/temp3139459661117374203: Prefix "protobuf-matchers-master" was given, but not found in the archive. Here are possible prefixes for this archive: "protobuf-matchers-main". and referenced by '//presence/fpp:sensor_fusion_test'
ERROR: /data/h445xu/repo/bazel-repos/cloned_repos/google__nearby/internal/data/BUILD:26:11: no such package 'third_party/leveldb': BUILD file not found in any of the following directories. Add a BUILD file to a directory to mark it as a package.
 - third_party/leveldb and referenced by '//internal/data:data_manager'
ERROR: /data/h445xu/repo/bazel-repos/cloned_repos/google__nearby/connections/implementation/BUILD:497:8: no such package '@@+_repo_rules2+com_github_protobuf_matchers//protobuf-matchers': java.io.IOException: Error extracting /data/h445xu/.cache/bazel/_bazel_hongxu/a66b589ca55245870f68cb47083d1045/external/+_repo_rules2+com_github_protobuf_matchers/temp3139459661117374203/master.zip to /data/h445xu/.cache/bazel/_bazel_hongxu/a66b589ca55245870f68cb47083d1045/external/+_repo_rules2+com_github_protobuf_matchers/temp3139459661117374203: Prefix "protobuf-matchers-master" was given, but not found in the archive. Here are possible prefixes for this archive: "protobuf-matchers-main". and referenced by '//connections/implementation:reconnect_manager_test'
ERROR: /data/h445xu/repo/bazel-repos/cloned_repos/google__nearby/presence/implementation/BUILD:193:8: no such package '@@+_repo_rules2+com_github_protobuf_matchers//protobuf-matchers': java.io.IOException: Error extracting /data/h445xu/.cache/bazel/_bazel_hongxu/a66b589ca55245870f68cb47083d1045/external/+_repo_rules2+com_github_protobuf_matchers/temp3139459661117374203/master.zip to /data/h445xu/.cache/bazel/_bazel_hongxu/a66b589ca55245870f68cb47083d1045/external/+_repo_rules2+com_github_protobuf_matchers/temp3139459661117374203: Prefix "protobuf-matchers-master" was given, but not found in the archive. Here are possible prefixes for this archive: "protobuf-matchers-main". and referenced by '//presence/implementation:advertisement_decoder_test'
ERROR: /data/h445xu/repo/bazel-repos/cloned_repos/google__nearby/connections/implementation/BUILD:346:8: no such package '@@+_repo_rules2+com_github_protobuf_matchers//protobuf-matchers': java.io.IOException: Error extracting /data/h445xu/.cache/bazel/_bazel_hongxu/a66b589ca55245870f68cb47083d1045/external/+_repo_rules2+com_github_protobuf_matchers/temp3139459661117374203/master.zip to /data/h445xu/.cache/bazel/_bazel_hongxu/a66b589ca55245870f68cb47083d1045/external/+_repo_rules2+com_github_protobuf_matchers/temp3139459661117374203: Prefix "protobuf-matchers-master" was given, but not found in the archive. Here are possible prefixes for this archive: "protobuf-matchers-main". and referenced by '//connections/implementation:offline_frames_test'
ERROR: /data/h445xu/repo/bazel-repos/cloned_repos/google__nearby/connections/implementation/BUILD:546:8: no such package '@@+_repo_rules2+com_github_protobuf_matchers//protobuf-matchers': java.io.IOException: Error extracting /data/h445xu/.cache/bazel/_bazel_hongxu/a66b589ca55245870f68cb47083d1045/external/+_repo_rules2+com_github_protobuf_matchers/temp3139459661117374203/master.zip to /data/h445xu/.cache/bazel/_bazel_hongxu/a66b589ca55245870f68cb47083d1045/external/+_repo_rules2+com_github_protobuf_matchers/temp3139459661117374203: Prefix "protobuf-matchers-master" was given, but not found in the archive. Here are possible prefixes for this archive: "protobuf-matchers-main". and referenced by '//connections/implementation:injected_bluetooth_device_store_test'
ERROR: /data/h445xu/repo/bazel-repos/cloned_repos/google__nearby/connections/implementation/BUILD:562:8: no such package '@@+_repo_rules2+com_github_protobuf_matchers//protobuf-matchers': java.io.IOException: Error extracting /data/h445xu/.cache/bazel/_bazel_hongxu/a66b589ca55245870f68cb47083d1045/external/+_repo_rules2+com_github_protobuf_matchers/temp3139459661117374203/master.zip to /data/h445xu/.cache/bazel/_bazel_hongxu/a66b589ca55245870f68cb47083d1045/external/+_repo_rules2+com_github_protobuf_matchers/temp3139459661117374203: Prefix "protobuf-matchers-master" was given, but not found in the archive. Here are possible prefixes for this archive: "protobuf-matchers-main". and referenced by '//connections/implementation:internal_payload_factory_test'
ERROR: /data/h445xu/repo/bazel-repos/cloned_repos/google__nearby/presence/implementation/BUILD:396:8: no such package '@@+_repo_rules2+com_github_protobuf_matchers//protobuf-matchers': java.io.IOException: Error extracting /data/h445xu/.cache/bazel/_bazel_hongxu/a66b589ca55245870f68cb47083d1045/external/+_repo_rules2+com_github_protobuf_matchers/temp3139459661117374203/master.zip to /data/h445xu/.cache/bazel/_bazel_hongxu/a66b589ca55245870f68cb47083d1045/external/+_repo_rules2+com_github_protobuf_matchers/temp3139459661117374203: Prefix "protobuf-matchers-master" was given, but not found in the archive. Here are possible prefixes for this archive: "protobuf-matchers-main". and referenced by '//presence/implementation:credential_manager_impl_test'
ERROR: /data/h445xu/repo/bazel-repos/cloned_repos/google__nearby/presence/implementation/BUILD:167:11: no such package '@@+_repo_rules2+com_github_protobuf_matchers//protobuf-matchers': java.io.IOException: Error extracting /data/h445xu/.cache/bazel/_bazel_hongxu/a66b589ca55245870f68cb47083d1045/external/+_repo_rules2+com_github_protobuf_matchers/temp3139459661117374203/master.zip to /data/h445xu/.cache/bazel/_bazel_hongxu/a66b589ca55245870f68cb47083d1045/external/+_repo_rules2+com_github_protobuf_matchers/temp3139459661117374203: Prefix "protobuf-matchers-master" was given, but not found in the archive. Here are possible prefixes for this archive: "protobuf-matchers-main". and referenced by '//presence/implementation:internal_test'
ERROR: /data/h445xu/repo/bazel-repos/cloned_repos/google__nearby/connections/implementation/BUILD:411:8: no such package '@@+_repo_rules2+com_github_protobuf_matchers//protobuf-matchers': java.io.IOException: Error extracting /data/h445xu/.cache/bazel/_bazel_hongxu/a66b589ca55245870f68cb47083d1045/external/+_repo_rules2+com_github_protobuf_matchers/temp3139459661117374203/master.zip to /data/h445xu/.cache/bazel/_bazel_hongxu/a66b589ca55245870f68cb47083d1045/external/+_repo_rules2+com_github_protobuf_matchers/temp3139459661117374203: Prefix "protobuf-matchers-master" was given, but not found in the archive. Here are possible prefixes for this archive: "protobuf-matchers-main". and referenced by '//connections/implementation:endpoint_manager_test'
ERROR: /data/h445xu/repo/bazel-repos/cloned_repos/google__nearby/connections/implementation/BUILD:205:11: no such target '@@googletest+//:gtest_for_library_testonly': target 'gtest_for_library_testonly' not declared in package '' defined by /data/h445xu/.cache/bazel/_bazel_hongxu/a66b589ca55245870f68cb47083d1045/external/googletest+/BUILD.bazel and referenced by '//connections/implementation:internal_test'
ERROR: /data/h445xu/repo/bazel-repos/cloned_repos/google__nearby/connections/implementation/BUILD:411:8: no such package 'testing/fuzzing': BUILD file not found in any of the following directories. Add a BUILD file to a directory to mark it as a package.
 - testing/fuzzing and referenced by '//connections/implementation:endpoint_manager_test'
ERROR: /data/h445xu/repo/bazel-repos/cloned_repos/google__nearby/connections/implementation/BUILD:435:8: no such package '@@+_repo_rules2+com_github_protobuf_matchers//protobuf-matchers': java.io.IOException: Error extracting /data/h445xu/.cache/bazel/_bazel_hongxu/a66b589ca55245870f68cb47083d1045/external/+_repo_rules2+com_github_protobuf_matchers/temp3139459661117374203/master.zip to /data/h445xu/.cache/bazel/_bazel_hongxu/a66b589ca55245870f68cb47083d1045/external/+_repo_rules2+com_github_protobuf_matchers/temp3139459661117374203: Prefix "protobuf-matchers-master" was given, but not found in the archive. Here are possible prefixes for this archive: "protobuf-matchers-main". and referenced by '//connections/implementation:endpoint_channel_test'
ERROR: /data/h445xu/repo/bazel-repos/cloned_repos/google__nearby/connections/implementation/BUILD:392:8: no such package '@@+_repo_rules2+com_github_protobuf_matchers//protobuf-matchers': java.io.IOException: Error extracting /data/h445xu/.cache/bazel/_bazel_hongxu/a66b589ca55245870f68cb47083d1045/external/+_repo_rules2+com_github_protobuf_matchers/temp3139459661117374203/master.zip to /data/h445xu/.cache/bazel/_bazel_hongxu/a66b589ca55245870f68cb47083d1045/external/+_repo_rules2+com_github_protobuf_matchers/temp3139459661117374203: Prefix "protobuf-matchers-master" was given, but not found in the archive. Here are possible prefixes for this archive: "protobuf-matchers-main". and referenced by '//connections/implementation:encryption_runner_test'
ERROR: /data/h445xu/repo/bazel-repos/cloned_repos/google__nearby/connections/implementation/BUILD:457:8: no such package '@@+_repo_rules2+com_github_protobuf_matchers//protobuf-matchers': java.io.IOException: Error extracting /data/h445xu/.cache/bazel/_bazel_hongxu/a66b589ca55245870f68cb47083d1045/external/+_repo_rules2+com_github_protobuf_matchers/temp3139459661117374203/master.zip to /data/h445xu/.cache/bazel/_bazel_hongxu/a66b589ca55245870f68cb47083d1045/external/+_repo_rules2+com_github_protobuf_matchers/temp3139459661117374203: Prefix "protobuf-matchers-master" was given, but not found in the archive. Here are possible prefixes for this archive: "protobuf-matchers-main". and referenced by '//connections/implementation:connections_authentication_transport_test'
ERROR: /data/h445xu/repo/bazel-repos/cloned_repos/google__nearby/connections/implementation/BUILD:363:8: no such package '@@+_repo_rules2+com_github_protobuf_matchers//protobuf-matchers': java.io.IOException: Error extracting /data/h445xu/.cache/bazel/_bazel_hongxu/a66b589ca55245870f68cb47083d1045/external/+_repo_rules2+com_github_protobuf_matchers/temp3139459661117374203/master.zip to /data/h445xu/.cache/bazel/_bazel_hongxu/a66b589ca55245870f68cb47083d1045/external/+_repo_rules2+com_github_protobuf_matchers/temp3139459661117374203: Prefix "protobuf-matchers-master" was given, but not found in the archive. Here are possible prefixes for this archive: "protobuf-matchers-main". and referenced by '//connections/implementation:client_proxy_test'
ERROR: /data/h445xu/repo/bazel-repos/cloned_repos/google__nearby/connections/implementation/BUILD:242:8: no such package '@@+_repo_rules2+com_github_protobuf_matchers//protobuf-matchers': java.io.IOException: Error extracting /data/h445xu/.cache/bazel/_bazel_hongxu/a66b589ca55245870f68cb47083d1045/external/+_repo_rules2+com_github_protobuf_matchers/temp3139459661117374203/master.zip to /data/h445xu/.cache/bazel/_bazel_hongxu/a66b589ca55245870f68cb47083d1045/external/+_repo_rules2+com_github_protobuf_matchers/temp3139459661117374203: Prefix "protobuf-matchers-master" was given, but not found in the archive. Here are possible prefixes for this archive: "protobuf-matchers-main". and referenced by '//connections/implementation:bwu_test'
ERROR: /data/h445xu/repo/bazel-repos/cloned_repos/google__nearby/connections/implementation/BUILD:363:8: no such package 'base': BUILD file not found in any of the following directories. Add a BUILD file to a directory to mark it as a package.
 - base and referenced by '//connections/implementation:client_proxy_test'
ERROR: /data/h445xu/repo/bazel-repos/cloned_repos/google__nearby/connections/implementation/BUILD:325:8: no such package '@@+_repo_rules2+com_github_protobuf_matchers//protobuf-matchers': java.io.IOException: Error extracting /data/h445xu/.cache/bazel/_bazel_hongxu/a66b589ca55245870f68cb47083d1045/external/+_repo_rules2+com_github_protobuf_matchers/temp3139459661117374203/master.zip to /data/h445xu/.cache/bazel/_bazel_hongxu/a66b589ca55245870f68cb47083d1045/external/+_repo_rules2+com_github_protobuf_matchers/temp3139459661117374203: Prefix "protobuf-matchers-master" was given, but not found in the archive. Here are possible prefixes for this archive: "protobuf-matchers-main". and referenced by '//connections/implementation:advertisement_test'
ERROR: /data/h445xu/repo/bazel-repos/cloned_repos/google__nearby/sharing/certificates/BUILD:17:11: no such package 'sharing/internal/impl/common': BUILD file not found in any of the following directories. Add a BUILD file to a directory to mark it as a package.
 - sharing/internal/impl/common and referenced by '//sharing/certificates:certificates'
ERROR: /data/h445xu/repo/bazel-repos/cloned_repos/google__nearby/sharing/certificates/BUILD:111:8: no such package 'proto/identity/v1': BUILD file not found in any of the following directories. Add a BUILD file to a directory to mark it as a package.
 - proto/identity/v1 and referenced by '//sharing/certificates:certificates_test'
ERROR: /data/h445xu/repo/bazel-repos/cloned_repos/google__nearby/sharing/certificates/BUILD:111:8: no such package 'proto/identity/v1': BUILD file not found in any of the following directories. Add a BUILD file to a directory to mark it as a package.
 - proto/identity/v1 and referenced by '//sharing/certificates:certificates_test'
ERROR: /data/h445xu/repo/bazel-repos/cloned_repos/google__nearby/sharing/certificates/BUILD:111:8: no such package '@@+_repo_rules2+com_github_protobuf_matchers//protobuf-matchers': java.io.IOException: Error extracting /data/h445xu/.cache/bazel/_bazel_hongxu/a66b589ca55245870f68cb47083d1045/external/+_repo_rules2+com_github_protobuf_matchers/temp3139459661117374203/master.zip to /data/h445xu/.cache/bazel/_bazel_hongxu/a66b589ca55245870f68cb47083d1045/external/+_repo_rules2+com_github_protobuf_matchers/temp3139459661117374203: Prefix "protobuf-matchers-master" was given, but not found in the archive. Here are possible prefixes for this archive: "protobuf-matchers-main". and referenced by '//sharing/certificates:certificates_test'
ERROR: /data/h445xu/repo/bazel-repos/cloned_repos/google__nearby/sharing/contacts/BUILD:73:8: no such package '@@+_repo_rules2+com_github_protobuf_matchers//protobuf-matchers': java.io.IOException: Error extracting /data/h445xu/.cache/bazel/_bazel_hongxu/a66b589ca55245870f68cb47083d1045/external/+_repo_rules2+com_github_protobuf_matchers/temp3139459661117374203/master.zip to /data/h445xu/.cache/bazel/_bazel_hongxu/a66b589ca55245870f68cb47083d1045/external/+_repo_rules2+com_github_protobuf_matchers/temp3139459661117374203: Prefix "protobuf-matchers-master" was given, but not found in the archive. Here are possible prefixes for this archive: "protobuf-matchers-main". and referenced by '//sharing/contacts:contacts_test'
ERROR: /data/h445xu/repo/bazel-repos/cloned_repos/google__nearby/sharing/fast_initiation/BUILD:55:8: no such package '@@+_repo_rules2+com_github_protobuf_matchers//protobuf-matchers': java.io.IOException: Error extracting /data/h445xu/.cache/bazel/_bazel_hongxu/a66b589ca55245870f68cb47083d1045/external/+_repo_rules2+com_github_protobuf_matchers/temp3139459661117374203/master.zip to /data/h445xu/.cache/bazel/_bazel_hongxu/a66b589ca55245870f68cb47083d1045/external/+_repo_rules2+com_github_protobuf_matchers/temp3139459661117374203: Prefix "protobuf-matchers-master" was given, but not found in the archive. Here are possible prefixes for this archive: "protobuf-matchers-main". and referenced by '//sharing/fast_initiation:nearby_fast_initiation_test'
ERROR: /data/h445xu/repo/bazel-repos/cloned_repos/google__nearby/sharing/internal/api/BUILD:17:11: no such package 'proto/identity/v1': BUILD file not found in any of the following directories. Add a BUILD file to a directory to mark it as a package.
 - proto/identity/v1 and referenced by '//sharing/internal/api:platform'
ERROR: /data/h445xu/repo/bazel-repos/cloned_repos/google__nearby/sharing/internal/api/BUILD:55:11: no such target '@@googletest+//:gtest_for_library_testonly': target 'gtest_for_library_testonly' not declared in package '' defined by /data/h445xu/.cache/bazel/_bazel_hongxu/a66b589ca55245870f68cb47083d1045/external/googletest+/BUILD.bazel and referenced by '//sharing/internal/api:mock_sharing_platform'
ERROR: /data/h445xu/repo/bazel-repos/cloned_repos/google__nearby/sharing/internal/base/BUILD:44:8: no such package '@@+_repo_rules2+com_github_protobuf_matchers//protobuf-matchers': java.io.IOException: Error extracting /data/h445xu/.cache/bazel/_bazel_hongxu/a66b589ca55245870f68cb47083d1045/external/+_repo_rules2+com_github_protobuf_matchers/temp3139459661117374203/master.zip to /data/h445xu/.cache/bazel/_bazel_hongxu/a66b589ca55245870f68cb47083d1045/external/+_repo_rules2+com_github_protobuf_matchers/temp3139459661117374203: Prefix "protobuf-matchers-master" was given, but not found in the archive. Here are possible prefixes for this archive: "protobuf-matchers-main". and referenced by '//sharing/internal/base:base_test'
ERROR: /data/h445xu/repo/bazel-repos/cloned_repos/google__nearby/sharing/internal/public/BUILD:58:8: no such package '@@+_repo_rules2+com_github_protobuf_matchers//protobuf-matchers': java.io.IOException: Error extracting /data/h445xu/.cache/bazel/_bazel_hongxu/a66b589ca55245870f68cb47083d1045/external/+_repo_rules2+com_github_protobuf_matchers/temp3139459661117374203/master.zip to /data/h445xu/.cache/bazel/_bazel_hongxu/a66b589ca55245870f68cb47083d1045/external/+_repo_rules2+com_github_protobuf_matchers/temp3139459661117374203: Prefix "protobuf-matchers-master" was given, but not found in the archive. Here are possible prefixes for this archive: "protobuf-matchers-main". and referenced by '//sharing/internal/public:nearby_context_test'
ERROR: /data/h445xu/repo/bazel-repos/cloned_repos/google__nearby/connections/implementation/mediums/BUILD:184:8: no such package '@@+_repo_rules2+com_github_protobuf_matchers//protobuf-matchers': java.io.IOException: Error extracting /data/h445xu/.cache/bazel/_bazel_hongxu/a66b589ca55245870f68cb47083d1045/external/+_repo_rules2+com_github_protobuf_matchers/temp3139459661117374203/master.zip to /data/h445xu/.cache/bazel/_bazel_hongxu/a66b589ca55245870f68cb47083d1045/external/+_repo_rules2+com_github_protobuf_matchers/temp3139459661117374203: Prefix "protobuf-matchers-master" was given, but not found in the archive. Here are possible prefixes for this archive: "protobuf-matchers-main". and referenced by '//connections/implementation/mediums:core_internal_mediums_webrtc_test'
ERROR: /data/h445xu/repo/bazel-repos/cloned_repos/google__nearby/connections/implementation/mediums/BUILD:144:8: no such package '@@+_repo_rules2+com_github_protobuf_matchers//protobuf-matchers': java.io.IOException: Error extracting /data/h445xu/.cache/bazel/_bazel_hongxu/a66b589ca55245870f68cb47083d1045/external/+_repo_rules2+com_github_protobuf_matchers/temp3139459661117374203/master.zip to /data/h445xu/.cache/bazel/_bazel_hongxu/a66b589ca55245870f68cb47083d1045/external/+_repo_rules2+com_github_protobuf_matchers/temp3139459661117374203: Prefix "protobuf-matchers-master" was given, but not found in the archive. Here are possible prefixes for this archive: "protobuf-matchers-main". and referenced by '//connections/implementation/mediums:core_internal_mediums_test'
ERROR: /data/h445xu/repo/bazel-repos/cloned_repos/google__nearby/sharing/local_device_data/BUILD:17:11: no such package 'proto/identity/v1': BUILD file not found in any of the following directories. Add a BUILD file to a directory to mark it as a package.
 - proto/identity/v1 and referenced by '//sharing/local_device_data:local_device_data'
Loading: 237 packages loaded
    currently loading: connections/dart ... (9 packages)
ERROR: /data/h445xu/repo/bazel-repos/cloned_repos/google__nearby/sharing/local_device_data/BUILD:17:11: no such package 'proto/identity/v1': BUILD file not found in any of the following directories. Add a BUILD file to a directory to mark it as a package.
 - proto/identity/v1 and referenced by '//sharing/local_device_data:local_device_data'
ERROR: /data/h445xu/repo/bazel-repos/cloned_repos/google__nearby/sharing/local_device_data/BUILD:17:11: no such package 'util/hash': BUILD file not found in any of the following directories. Add a BUILD file to a directory to mark it as a package.
 - util/hash and referenced by '//sharing/local_device_data:local_device_data'
ERROR: /data/h445xu/repo/bazel-repos/cloned_repos/google__nearby/sharing/local_device_data/BUILD:72:8: no such package 'proto/identity/v1': BUILD file not found in any of the following directories. Add a BUILD file to a directory to mark it as a package.
 - proto/identity/v1 and referenced by '//sharing/local_device_data:local_device_data_test'
ERROR: /data/h445xu/repo/bazel-repos/cloned_repos/google__nearby/sharing/local_device_data/BUILD:72:8: no such package 'proto/identity/v1': BUILD file not found in any of the following directories. Add a BUILD file to a directory to mark it as a package.
 - proto/identity/v1 and referenced by '//sharing/local_device_data:local_device_data_test'
ERROR: /data/h445xu/repo/bazel-repos/cloned_repos/google__nearby/connections/implementation/mediums/webrtc/BUILD:77:8: no such package '@@+_repo_rules2+com_github_protobuf_matchers//protobuf-matchers': java.io.IOException: Error extracting /data/h445xu/.cache/bazel/_bazel_hongxu/a66b589ca55245870f68cb47083d1045/external/+_repo_rules2+com_github_protobuf_matchers/temp3139459661117374203/master.zip to /data/h445xu/.cache/bazel/_bazel_hongxu/a66b589ca55245870f68cb47083d1045/external/+_repo_rules2+com_github_protobuf_matchers/temp3139459661117374203: Prefix "protobuf-matchers-master" was given, but not found in the archive. Here are possible prefixes for this archive: "protobuf-matchers-main". and referenced by '//connections/implementation/mediums/webrtc:webrtc_test'
ERROR: /data/h445xu/repo/bazel-repos/cloned_repos/google__nearby/connections/implementation/mediums/webrtc/BUILD:77:8: no such package 'third_party/webrtc/files/stable/webrtc/api': BUILD file not found in any of the following directories. Add a BUILD file to a directory to mark it as a package.
 - third_party/webrtc/files/stable/webrtc/api and referenced by '//connections/implementation/mediums/webrtc:webrtc_test'
ERROR: /data/h445xu/repo/bazel-repos/cloned_repos/google__nearby/sharing/BUILD:425:8: no such package '@@+_repo_rules2+com_github_protobuf_matchers//protobuf-matchers': java.io.IOException: Error extracting /data/h445xu/.cache/bazel/_bazel_hongxu/a66b589ca55245870f68cb47083d1045/external/+_repo_rules2+com_github_protobuf_matchers/temp3139459661117374203/master.zip to /data/h445xu/.cache/bazel/_bazel_hongxu/a66b589ca55245870f68cb47083d1045/external/+_repo_rules2+com_github_protobuf_matchers/temp3139459661117374203: Prefix "protobuf-matchers-master" was given, but not found in the archive. Here are possible prefixes for this archive: "protobuf-matchers-main". and referenced by '//sharing:advertisement_test'
ERROR: /data/h445xu/repo/bazel-repos/cloned_repos/google__nearby/sharing/BUILD:793:8: no such package '@@+_repo_rules2+com_github_protobuf_matchers//protobuf-matchers': java.io.IOException: Error extracting /data/h445xu/.cache/bazel/_bazel_hongxu/a66b589ca55245870f68cb47083d1045/external/+_repo_rules2+com_github_protobuf_matchers/temp3139459661117374203/master.zip to /data/h445xu/.cache/bazel/_bazel_hongxu/a66b589ca55245870f68cb47083d1045/external/+_repo_rules2+com_github_protobuf_matchers/temp3139459661117374203: Prefix "protobuf-matchers-master" was given, but not found in the archive. Here are possible prefixes for this archive: "protobuf-matchers-main". and referenced by '//sharing:attachment_container_test'
ERROR: /data/h445xu/repo/bazel-repos/cloned_repos/google__nearby/sharing/BUILD:495:8: no such package '@@+_repo_rules2+com_github_protobuf_matchers//protobuf-matchers': java.io.IOException: Error extracting /data/h445xu/.cache/bazel/_bazel_hongxu/a66b589ca55245870f68cb47083d1045/external/+_repo_rules2+com_github_protobuf_matchers/temp3139459661117374203/master.zip to /data/h445xu/.cache/bazel/_bazel_hongxu/a66b589ca55245870f68cb47083d1045/external/+_repo_rules2+com_github_protobuf_matchers/temp3139459661117374203: Prefix "protobuf-matchers-master" was given, but not found in the archive. Here are possible prefixes for this archive: "protobuf-matchers-main". and referenced by '//sharing:incoming_frames_reader_test'
ERROR: /data/h445xu/repo/bazel-repos/cloned_repos/google__nearby/connections/implementation/mediums/webrtc/BUILD:77:8: no such package 'third_party/webrtc/files/stable/webrtc/api': BUILD file not found in any of the following directories. Add a BUILD file to a directory to mark it as a package.
 - third_party/webrtc/files/stable/webrtc/api and referenced by '//connections/implementation/mediums/webrtc:webrtc_test'
ERROR: /data/h445xu/repo/bazel-repos/cloned_repos/google__nearby/connections/implementation/mediums/webrtc/BUILD:77:8: no such package 'third_party/protobuf': BUILD file not found in any of the following directories. Add a BUILD file to a directory to mark it as a package.
 - third_party/protobuf and referenced by '//connections/implementation/mediums/webrtc:webrtc_test'
ERROR: /data/h445xu/repo/bazel-repos/cloned_repos/google__nearby/connections/implementation/mediums/advertisements/BUILD:77:8: no such package '@@+_repo_rules2+com_github_protobuf_matchers//protobuf-matchers': java.io.IOException: Error extracting /data/h445xu/.cache/bazel/_bazel_hongxu/a66b589ca55245870f68cb47083d1045/external/+_repo_rules2+com_github_protobuf_matchers/temp3139459661117374203/master.zip to /data/h445xu/.cache/bazel/_bazel_hongxu/a66b589ca55245870f68cb47083d1045/external/+_repo_rules2+com_github_protobuf_matchers/temp3139459661117374203: Prefix "protobuf-matchers-master" was given, but not found in the archive. Here are possible prefixes for this archive: "protobuf-matchers-main". and referenced by '//connections/implementation/mediums/advertisements:dct_advertisement_test'
ERROR: /data/h445xu/repo/bazel-repos/cloned_repos/google__nearby/connections/implementation/mediums/multiplex/BUILD:49:8: no such package '@@+_repo_rules2+com_github_protobuf_matchers//protobuf-matchers': java.io.IOException: Error extracting /data/h445xu/.cache/bazel/_bazel_hongxu/a66b589ca55245870f68cb47083d1045/external/+_repo_rules2+com_github_protobuf_matchers/temp3139459661117374203/master.zip to /data/h445xu/.cache/bazel/_bazel_hongxu/a66b589ca55245870f68cb47083d1045/external/+_repo_rules2+com_github_protobuf_matchers/temp3139459661117374203: Prefix "protobuf-matchers-master" was given, but not found in the archive. Here are possible prefixes for this archive: "protobuf-matchers-main". and referenced by '//connections/implementation/mediums/multiplex:multiplex_test'
ERROR: /data/h445xu/repo/bazel-repos/cloned_repos/google__nearby/sharing/BUILD:532:8: no such package '@@+_repo_rules2+com_github_protobuf_matchers//protobuf-matchers': java.io.IOException: Error extracting /data/h445xu/.cache/bazel/_bazel_hongxu/a66b589ca55245870f68cb47083d1045/external/+_repo_rules2+com_github_protobuf_matchers/temp3139459661117374203/master.zip to /data/h445xu/.cache/bazel/_bazel_hongxu/a66b589ca55245870f68cb47083d1045/external/+_repo_rules2+com_github_protobuf_matchers/temp3139459661117374203: Prefix "protobuf-matchers-master" was given, but not found in the archive. Here are possible prefixes for this archive: "protobuf-matchers-main". and referenced by '//sharing:nearby_connections_manager_impl_test'
ERROR: /data/h445xu/repo/bazel-repos/cloned_repos/google__nearby/sharing/BUILD:892:8: no such package '@@+_repo_rules2+com_github_protobuf_matchers//protobuf-matchers': java.io.IOException: Error extracting /data/h445xu/.cache/bazel/_bazel_hongxu/a66b589ca55245870f68cb47083d1045/external/+_repo_rules2+com_github_protobuf_matchers/temp3139459661117374203/master.zip to /data/h445xu/.cache/bazel/_bazel_hongxu/a66b589ca55245870f68cb47083d1045/external/+_repo_rules2+com_github_protobuf_matchers/temp3139459661117374203: Prefix "protobuf-matchers-master" was given, but not found in the archive. Here are possible prefixes for this archive: "protobuf-matchers-main". and referenced by '//sharing:nearby_connections_service_test'
ERROR: /data/h445xu/repo/bazel-repos/cloned_repos/google__nearby/connections/implementation/analytics/BUILD:55:8: no such package '@@+_repo_rules2+com_github_protobuf_matchers//protobuf-matchers': java.io.IOException: Error extracting /data/h445xu/.cache/bazel/_bazel_hongxu/a66b589ca55245870f68cb47083d1045/external/+_repo_rules2+com_github_protobuf_matchers/temp3139459661117374203/master.zip to /data/h445xu/.cache/bazel/_bazel_hongxu/a66b589ca55245870f68cb47083d1045/external/+_repo_rules2+com_github_protobuf_matchers/temp3139459661117374203: Prefix "protobuf-matchers-master" was given, but not found in the archive. Here are possible prefixes for this archive: "protobuf-matchers-main". and referenced by '//connections/implementation/analytics:analytics_test'
ERROR: /data/h445xu/repo/bazel-repos/cloned_repos/google__nearby/internal/platform/implementation/g3/BUILD:28:11: error loading package '@@+_repo_rules2+com_google_nisaba//nisaba/port': Label '@@+_repo_rules2+com_google_nisaba//third_party/bazel_rules/rules_cc/cc:cc_library.bzl' is invalid because 'third_party/bazel_rules/rules_cc/cc' is not a package; perhaps you meant to put the colon here: '@@+_repo_rules2+com_google_nisaba//:third_party/bazel_rules/rules_cc/cc/cc_library.bzl'? and referenced by '//internal/platform/implementation/g3:types'
ERROR: /data/h445xu/repo/bazel-repos/cloned_repos/google__nearby/sharing/BUILD:629:8: no such package '@@+_repo_rules2+com_github_protobuf_matchers//protobuf-matchers': java.io.IOException: Error extracting /data/h445xu/.cache/bazel/_bazel_hongxu/a66b589ca55245870f68cb47083d1045/external/+_repo_rules2+com_github_protobuf_matchers/temp3139459661117374203/master.zip to /data/h445xu/.cache/bazel/_bazel_hongxu/a66b589ca55245870f68cb47083d1045/external/+_repo_rules2+com_github_protobuf_matchers/temp3139459661117374203: Prefix "protobuf-matchers-master" was given, but not found in the archive. Here are possible prefixes for this archive: "protobuf-matchers-main". and referenced by '//sharing:nearby_connections_types_test'
ERROR: /data/h445xu/repo/bazel-repos/cloned_repos/google__nearby/sharing/BUILD:643:8: no such package '@@+_repo_rules2+com_github_protobuf_matchers//protobuf-matchers': java.io.IOException: Error extracting /data/h445xu/.cache/bazel/_bazel_hongxu/a66b589ca55245870f68cb47083d1045/external/+_repo_rules2+com_github_protobuf_matchers/temp3139459661117374203/master.zip to /data/h445xu/.cache/bazel/_bazel_hongxu/a66b589ca55245870f68cb47083d1045/external/+_repo_rules2+com_github_protobuf_matchers/temp3139459661117374203: Prefix "protobuf-matchers-master" was given, but not found in the archive. Here are possible prefixes for this archive: "protobuf-matchers-main". and referenced by '//sharing:nearby_file_handler_test'
ERROR: /data/h445xu/repo/bazel-repos/cloned_repos/google__nearby/sharing/BUILD:659:8: no such package '@@+_repo_rules2+com_github_protobuf_matchers//protobuf-matchers': java.io.IOException: Error extracting /data/h445xu/.cache/bazel/_bazel_hongxu/a66b589ca55245870f68cb47083d1045/external/+_repo_rules2+com_github_protobuf_matchers/temp3139459661117374203/master.zip to /data/h445xu/.cache/bazel/_bazel_hongxu/a66b589ca55245870f68cb47083d1045/external/+_repo_rules2+com_github_protobuf_matchers/temp3139459661117374203: Prefix "protobuf-matchers-master" was given, but not found in the archive. Here are possible prefixes for this archive: "protobuf-matchers-main". and referenced by '//sharing:nearby_sharing_service_extension_test'
ERROR: /data/h445xu/repo/bazel-repos/cloned_repos/google__nearby/sharing/BUILD:563:8: no such package 'base': BUILD file not found in any of the following directories. Add a BUILD file to a directory to mark it as a package.
 - base and referenced by '//sharing:nearby_sharing_service_impl_test'
ERROR: /data/h445xu/repo/bazel-repos/cloned_repos/google__nearby/sharing/BUILD:563:8: no such package '@@+_repo_rules2+com_github_protobuf_matchers//protobuf-matchers': java.io.IOException: Error extracting /data/h445xu/.cache/bazel/_bazel_hongxu/a66b589ca55245870f68cb47083d1045/external/+_repo_rules2+com_github_protobuf_matchers/temp3139459661117374203/master.zip to /data/h445xu/.cache/bazel/_bazel_hongxu/a66b589ca55245870f68cb47083d1045/external/+_repo_rules2+com_github_protobuf_matchers/temp3139459661117374203: Prefix "protobuf-matchers-master" was given, but not found in the archive. Here are possible prefixes for this archive: "protobuf-matchers-main". and referenced by '//sharing:nearby_sharing_service_impl_test'
ERROR: /data/h445xu/repo/bazel-repos/cloned_repos/google__nearby/sharing/BUILD:482:8: no such package '@@+_repo_rules2+com_github_protobuf_matchers//protobuf-matchers': java.io.IOException: Error extracting /data/h445xu/.cache/bazel/_bazel_hongxu/a66b589ca55245870f68cb47083d1045/external/+_repo_rules2+com_github_protobuf_matchers/temp3139459661117374203/master.zip to /data/h445xu/.cache/bazel/_bazel_hongxu/a66b589ca55245870f68cb47083d1045/external/+_repo_rules2+com_github_protobuf_matchers/temp3139459661117374203: Prefix "protobuf-matchers-master" was given, but not found in the archive. Here are possible prefixes for this archive: "protobuf-matchers-main". and referenced by '//sharing:nearby_sharing_service_test'
ERROR: /data/h445xu/repo/bazel-repos/cloned_repos/google__nearby/sharing/BUILD:675:8: no such package '@@+_repo_rules2+com_github_protobuf_matchers//protobuf-matchers': java.io.IOException: Error extracting /data/h445xu/.cache/bazel/_bazel_hongxu/a66b589ca55245870f68cb47083d1045/external/+_repo_rules2+com_github_protobuf_matchers/temp3139459661117374203/master.zip to /data/h445xu/.cache/bazel/_bazel_hongxu/a66b589ca55245870f68cb47083d1045/external/+_repo_rules2+com_github_protobuf_matchers/temp3139459661117374203: Prefix "protobuf-matchers-master" was given, but not found in the archive. Here are possible prefixes for this archive: "protobuf-matchers-main". and referenced by '//sharing:nearby_sharing_settings_test'
ERROR: /data/h445xu/repo/bazel-repos/cloned_repos/google__nearby/sharing/BUILD:818:8: no such package '@@+_repo_rules2+com_github_protobuf_matchers//protobuf-matchers': java.io.IOException: Error extracting /data/h445xu/.cache/bazel/_bazel_hongxu/a66b589ca55245870f68cb47083d1045/external/+_repo_rules2+com_github_protobuf_matchers/temp3139459661117374203/master.zip to /data/h445xu/.cache/bazel/_bazel_hongxu/a66b589ca55245870f68cb47083d1045/external/+_repo_rules2+com_github_protobuf_matchers/temp3139459661117374203: Prefix "protobuf-matchers-master" was given, but not found in the archive. Here are possible prefixes for this archive: "protobuf-matchers-main". and referenced by '//sharing:outgoing_share_session_test'
ERROR: /data/h445xu/repo/bazel-repos/cloned_repos/google__nearby/sharing/BUILD:447:8: no such package '@@+_repo_rules2+com_github_protobuf_matchers//protobuf-matchers': java.io.IOException: Error extracting /data/h445xu/.cache/bazel/_bazel_hongxu/a66b589ca55245870f68cb47083d1045/external/+_repo_rules2+com_github_protobuf_matchers/temp3139459661117374203/master.zip to /data/h445xu/.cache/bazel/_bazel_hongxu/a66b589ca55245870f68cb47083d1045/external/+_repo_rules2+com_github_protobuf_matchers/temp3139459661117374203: Prefix "protobuf-matchers-master" was given, but not found in the archive. Here are possible prefixes for this archive: "protobuf-matchers-main". and referenced by '//sharing:paired_key_verification_runner_test'
ERROR: /data/h445xu/repo/bazel-repos/cloned_repos/google__nearby/internal/platform/implementation/g3/BUILD:76:11: no such package 'third_party/webrtc/files/stable/webrtc/api': BUILD file not found in any of the following directories. Add a BUILD file to a directory to mark it as a package.
 - third_party/webrtc/files/stable/webrtc/api and referenced by '//internal/platform/implementation/g3:comm'
ERROR: /data/h445xu/repo/bazel-repos/cloned_repos/google__nearby/internal/platform/implementation/g3/BUILD:76:11: no such package 'third_party/webrtc/files/stable/webrtc/api': BUILD file not found in any of the following directories. Add a BUILD file to a directory to mark it as a package.
 - third_party/webrtc/files/stable/webrtc/api and referenced by '//internal/platform/implementation/g3:comm'
ERROR: /data/h445xu/repo/bazel-repos/cloned_repos/google__nearby/internal/platform/implementation/g3/BUILD:76:11: no such package 'third_party/webrtc/files/stable/webrtc/api': BUILD file not found in any of the following directories. Add a BUILD file to a directory to mark it as a package.
 - third_party/webrtc/files/stable/webrtc/api and referenced by '//internal/platform/implementation/g3:comm'
ERROR: /data/h445xu/repo/bazel-repos/cloned_repos/google__nearby/sharing/BUILD:729:8: no such package '@@+_repo_rules2+com_github_protobuf_matchers//protobuf-matchers': java.io.IOException: Error extracting /data/h445xu/.cache/bazel/_bazel_hongxu/a66b589ca55245870f68cb47083d1045/external/+_repo_rules2+com_github_protobuf_matchers/temp3139459661117374203/master.zip to /data/h445xu/.cache/bazel/_bazel_hongxu/a66b589ca55245870f68cb47083d1045/external/+_repo_rules2+com_github_protobuf_matchers/temp3139459661117374203: Prefix "protobuf-matchers-master" was given, but not found in the archive. Here are possible prefixes for this archive: "protobuf-matchers-main". and referenced by '//sharing:text_attachment_test'
ERROR: /data/h445xu/repo/bazel-repos/cloned_repos/google__nearby/internal/platform/implementation/g3/BUILD:172:11: error loading package '@@+_repo_rules2+com_google_nisaba//nisaba/port': Label '@@+_repo_rules2+com_google_nisaba//third_party/bazel_rules/rules_cc/cc:cc_library.bzl' is invalid because 'third_party/bazel_rules/rules_cc/cc' is not a package; perhaps you meant to put the colon here: '@@+_repo_rules2+com_google_nisaba//:third_party/bazel_rules/rules_cc/cc/cc_library.bzl'? and referenced by '//internal/platform/implementation/g3:g3'
ERROR: /data/h445xu/repo/bazel-repos/cloned_repos/google__nearby/connections/implementation/fuzzers/BUILD:19:8: no such package 'testing/fuzzing': BUILD file not found in any of the following directories. Add a BUILD file to a directory to mark it as a package.
 - testing/fuzzing and referenced by '//connections/implementation/fuzzers:offline_frames_fuzzer'
ERROR: /data/h445xu/repo/bazel-repos/cloned_repos/google__nearby/sharing/BUILD:740:8: no such package '@@+_repo_rules2+com_github_protobuf_matchers//protobuf-matchers': java.io.IOException: Error extracting /data/h445xu/.cache/bazel/_bazel_hongxu/a66b589ca55245870f68cb47083d1045/external/+_repo_rules2+com_github_protobuf_matchers/temp3139459661117374203/master.zip to /data/h445xu/.cache/bazel/_bazel_hongxu/a66b589ca55245870f68cb47083d1045/external/+_repo_rules2+com_github_protobuf_matchers/temp3139459661117374203: Prefix "protobuf-matchers-master" was given, but not found in the archive. Here are possible prefixes for this archive: "protobuf-matchers-main". and referenced by '//sharing:transfer_manager_test'
ERROR: /data/h445xu/repo/bazel-repos/cloned_repos/google__nearby/sharing/BUILD:878:8: no such package '@@+_repo_rules2+com_github_protobuf_matchers//protobuf-matchers': java.io.IOException: Error extracting /data/h445xu/.cache/bazel/_bazel_hongxu/a66b589ca55245870f68cb47083d1045/external/+_repo_rules2+com_github_protobuf_matchers/temp3139459661117374203/master.zip to /data/h445xu/.cache/bazel/_bazel_hongxu/a66b589ca55245870f68cb47083d1045/external/+_repo_rules2+com_github_protobuf_matchers/temp3139459661117374203: Prefix "protobuf-matchers-master" was given, but not found in the archive. Here are possible prefixes for this archive: "protobuf-matchers-main". and referenced by '//sharing:thread_timer_test'
ERROR: /data/h445xu/repo/bazel-repos/cloned_repos/google__nearby/sharing/BUILD:717:8: no such package '@@+_repo_rules2+com_github_protobuf_matchers//protobuf-matchers': java.io.IOException: Error extracting /data/h445xu/.cache/bazel/_bazel_hongxu/a66b589ca55245870f68cb47083d1045/external/+_repo_rules2+com_github_protobuf_matchers/temp3139459661117374203/master.zip to /data/h445xu/.cache/bazel/_bazel_hongxu/a66b589ca55245870f68cb47083d1045/external/+_repo_rules2+com_github_protobuf_matchers/temp3139459661117374203: Prefix "protobuf-matchers-master" was given, but not found in the archive. Here are possible prefixes for this archive: "protobuf-matchers-main". and referenced by '//sharing:share_target_test'
ERROR: /data/h445xu/repo/bazel-repos/cloned_repos/google__nearby/sharing/BUILD:767:8: no such package '@@+_repo_rules2+com_github_protobuf_matchers//protobuf-matchers': java.io.IOException: Error extracting /data/h445xu/.cache/bazel/_bazel_hongxu/a66b589ca55245870f68cb47083d1045/external/+_repo_rules2+com_github_protobuf_matchers/temp3139459661117374203/master.zip to /data/h445xu/.cache/bazel/_bazel_hongxu/a66b589ca55245870f68cb47083d1045/external/+_repo_rules2+com_github_protobuf_matchers/temp3139459661117374203: Prefix "protobuf-matchers-master" was given, but not found in the archive. Here are possible prefixes for this archive: "protobuf-matchers-main". and referenced by '//sharing:share_session_test'
ERROR: /data/h445xu/repo/bazel-repos/cloned_repos/google__nearby/sharing/BUILD:698:8: no such package '@@+_repo_rules2+com_github_protobuf_matchers//protobuf-matchers': java.io.IOException: Error extracting /data/h445xu/.cache/bazel/_bazel_hongxu/a66b589ca55245870f68cb47083d1045/external/+_repo_rules2+com_github_protobuf_matchers/temp3139459661117374203/master.zip to /data/h445xu/.cache/bazel/_bazel_hongxu/a66b589ca55245870f68cb47083d1045/external/+_repo_rules2+com_github_protobuf_matchers/temp3139459661117374203: Prefix "protobuf-matchers-master" was given, but not found in the archive. Here are possible prefixes for this archive: "protobuf-matchers-main". and referenced by '//sharing:payload_tracker_test'
ERROR: /data/h445xu/repo/bazel-repos/cloned_repos/google__nearby/sharing/BUILD:757:8: no such package '@@+_repo_rules2+com_github_protobuf_matchers//protobuf-matchers': java.io.IOException: Error extracting /data/h445xu/.cache/bazel/_bazel_hongxu/a66b589ca55245870f68cb47083d1045/external/+_repo_rules2+com_github_protobuf_matchers/temp3139459661117374203/master.zip to /data/h445xu/.cache/bazel/_bazel_hongxu/a66b589ca55245870f68cb47083d1045/external/+_repo_rules2+com_github_protobuf_matchers/temp3139459661117374203: Prefix "protobuf-matchers-master" was given, but not found in the archive. Here are possible prefixes for this archive: "protobuf-matchers-main". and referenced by '//sharing:transfer_metadata_test'
ERROR: /data/h445xu/repo/bazel-repos/cloned_repos/google__nearby/sharing/BUILD:806:8: no such package '@@+_repo_rules2+com_github_protobuf_matchers//protobuf-matchers': java.io.IOException: Error extracting /data/h445xu/.cache/bazel/_bazel_hongxu/a66b589ca55245870f68cb47083d1045/external/+_repo_rules2+com_github_protobuf_matchers/temp3139459661117374203/master.zip to /data/h445xu/.cache/bazel/_bazel_hongxu/a66b589ca55245870f68cb47083d1045/external/+_repo_rules2+com_github_protobuf_matchers/temp3139459661117374203: Prefix "protobuf-matchers-master" was given, but not found in the archive. Here are possible prefixes for this archive: "protobuf-matchers-main". and referenced by '//sharing:wrapped_share_target_discovered_callback_test'
ERROR: /data/h445xu/repo/bazel-repos/cloned_repos/google__nearby/sharing/BUILD:905:8: no such package '@@+_repo_rules2+com_github_protobuf_matchers//protobuf-matchers': java.io.IOException: Error extracting /data/h445xu/.cache/bazel/_bazel_hongxu/a66b589ca55245870f68cb47083d1045/external/+_repo_rules2+com_github_protobuf_matchers/temp3139459661117374203/master.zip to /data/h445xu/.cache/bazel/_bazel_hongxu/a66b589ca55245870f68cb47083d1045/external/+_repo_rules2+com_github_protobuf_matchers/temp3139459661117374203: Prefix "protobuf-matchers-master" was given, but not found in the archive. Here are possible prefixes for this archive: "protobuf-matchers-main". and referenced by '//sharing:worker_queue_test'
ERROR: /data/h445xu/repo/bazel-repos/cloned_repos/google__nearby/sharing/BUILD:618:8: no such package '@@+_repo_rules2+com_github_protobuf_matchers//protobuf-matchers': java.io.IOException: Error extracting /data/h445xu/.cache/bazel/_bazel_hongxu/a66b589ca55245870f68cb47083d1045/external/+_repo_rules2+com_github_protobuf_matchers/temp3139459661117374203/master.zip to /data/h445xu/.cache/bazel/_bazel_hongxu/a66b589ca55245870f68cb47083d1045/external/+_repo_rules2+com_github_protobuf_matchers/temp3139459661117374203: Prefix "protobuf-matchers-master" was given, but not found in the archive. Here are possible prefixes for this archive: "protobuf-matchers-main". and referenced by '//sharing:nearby_connections_stream_buffer_manager_test'
ERROR: /data/h445xu/repo/bazel-repos/cloned_repos/google__nearby/sharing/BUILD:437:8: no such package '@@+_repo_rules2+com_github_protobuf_matchers//protobuf-matchers': java.io.IOException: Error extracting /data/h445xu/.cache/bazel/_bazel_hongxu/a66b589ca55245870f68cb47083d1045/external/+_repo_rules2+com_github_protobuf_matchers/temp3139459661117374203/master.zip to /data/h445xu/.cache/bazel/_bazel_hongxu/a66b589ca55245870f68cb47083d1045/external/+_repo_rules2+com_github_protobuf_matchers/temp3139459661117374203: Prefix "protobuf-matchers-master" was given, but not found in the archive. Here are possible prefixes for this archive: "protobuf-matchers-main". and referenced by '//sharing:nearby_connections_types_payload_test'
ERROR: /data/h445xu/repo/bazel-repos/cloned_repos/google__nearby/sharing/BUILD:513:8: no such package '@@+_repo_rules2+com_github_protobuf_matchers//protobuf-matchers': java.io.IOException: Error extracting /data/h445xu/.cache/bazel/_bazel_hongxu/a66b589ca55245870f68cb47083d1045/external/+_repo_rules2+com_github_protobuf_matchers/temp3139459661117374203/master.zip to /data/h445xu/.cache/bazel/_bazel_hongxu/a66b589ca55245870f68cb47083d1045/external/+_repo_rules2+com_github_protobuf_matchers/temp3139459661117374203: Prefix "protobuf-matchers-master" was given, but not found in the archive. Here are possible prefixes for this archive: "protobuf-matchers-main". and referenced by '//sharing:nearby_connection_impl_test'
ERROR: /data/h445xu/repo/bazel-repos/cloned_repos/google__nearby/sharing/BUILD:847:8: no such package '@@+_repo_rules2+com_github_protobuf_matchers//protobuf-matchers': java.io.IOException: Error extracting /data/h445xu/.cache/bazel/_bazel_hongxu/a66b589ca55245870f68cb47083d1045/external/+_repo_rules2+com_github_protobuf_matchers/temp3139459661117374203/master.zip to /data/h445xu/.cache/bazel/_bazel_hongxu/a66b589ca55245870f68cb47083d1045/external/+_repo_rules2+com_github_protobuf_matchers/temp3139459661117374203: Prefix "protobuf-matchers-master" was given, but not found in the archive. Here are possible prefixes for this archive: "protobuf-matchers-main". and referenced by '//sharing:incoming_share_session_test'
ERROR: /data/h445xu/repo/bazel-repos/cloned_repos/google__nearby/sharing/BUILD:847:8: no such package 'third_party/protobuf': BUILD file not found in any of the following directories. Add a BUILD file to a directory to mark it as a package.
 - third_party/protobuf and referenced by '//sharing:incoming_share_session_test'
ERROR: /data/h445xu/repo/bazel-repos/cloned_repos/google__nearby/sharing/BUILD:415:11: no such target '@@googletest+//:gtest_for_library_testonly': target 'gtest_for_library_testonly' not declared in package '' defined by /data/h445xu/.cache/bazel/_bazel_hongxu/a66b589ca55245870f68cb47083d1045/external/googletest+/BUILD.bazel and referenced by '//sharing:transfer_metadata_matchers'
ERROR: /data/h445xu/repo/bazel-repos/cloned_repos/google__nearby/sharing/scheduling/BUILD:88:8: no such package '@@+_repo_rules2+com_github_protobuf_matchers//protobuf-matchers': java.io.IOException: Error extracting /data/h445xu/.cache/bazel/_bazel_hongxu/a66b589ca55245870f68cb47083d1045/external/+_repo_rules2+com_github_protobuf_matchers/temp3139459661117374203/master.zip to /data/h445xu/.cache/bazel/_bazel_hongxu/a66b589ca55245870f68cb47083d1045/external/+_repo_rules2+com_github_protobuf_matchers/temp3139459661117374203: Prefix "protobuf-matchers-master" was given, but not found in the archive. Here are possible prefixes for this archive: "protobuf-matchers-main". and referenced by '//sharing/scheduling:scheduling_test'
ERROR: /data/h445xu/repo/bazel-repos/cloned_repos/google__nearby/sharing/local_device_data/BUILD:72:8: no such package '@@+_repo_rules2+com_github_protobuf_matchers//protobuf-matchers': java.io.IOException: Error extracting /data/h445xu/.cache/bazel/_bazel_hongxu/a66b589ca55245870f68cb47083d1045/external/+_repo_rules2+com_github_protobuf_matchers/temp3139459661117374203/master.zip to /data/h445xu/.cache/bazel/_bazel_hongxu/a66b589ca55245870f68cb47083d1045/external/+_repo_rules2+com_github_protobuf_matchers/temp3139459661117374203: Prefix "protobuf-matchers-master" was given, but not found in the archive. Here are possible prefixes for this archive: "protobuf-matchers-main". and referenced by '//sharing/local_device_data:local_device_data_test'
ERROR: /data/h445xu/repo/bazel-repos/cloned_repos/google__nearby/sharing/local_device_data/BUILD:17:11: no such package 'sharing/internal/impl/common': BUILD file not found in any of the following directories. Add a BUILD file to a directory to mark it as a package.
 - sharing/internal/impl/common and referenced by '//sharing/local_device_data:local_device_data'
ERROR: /data/h445xu/repo/bazel-repos/cloned_repos/google__nearby/sharing/internal/test/BUILD:59:8: no such package '@@+_repo_rules2+com_github_protobuf_matchers//protobuf-matchers': java.io.IOException: Error extracting /data/h445xu/.cache/bazel/_bazel_hongxu/a66b589ca55245870f68cb47083d1045/external/+_repo_rules2+com_github_protobuf_matchers/temp3139459661117374203/master.zip to /data/h445xu/.cache/bazel/_bazel_hongxu/a66b589ca55245870f68cb47083d1045/external/+_repo_rules2+com_github_protobuf_matchers/temp3139459661117374203: Prefix "protobuf-matchers-master" was given, but not found in the archive. Here are possible prefixes for this archive: "protobuf-matchers-main". and referenced by '//sharing/internal/test:nearby_test_test'
ERROR: /data/h445xu/repo/bazel-repos/cloned_repos/google__nearby/sharing/certificates/BUILD:17:11: no such package 'proto/identity/v1': BUILD file not found in any of the following directories. Add a BUILD file to a directory to mark it as a package.
 - proto/identity/v1 and referenced by '//sharing/certificates:certificates'
ERROR: /data/h445xu/repo/bazel-repos/cloned_repos/google__nearby/sharing/certificates/BUILD:17:11: no such package 'proto/identity/v1': BUILD file not found in any of the following directories. Add a BUILD file to a directory to mark it as a package.
 - proto/identity/v1 and referenced by '//sharing/certificates:certificates'
ERROR: /data/h445xu/repo/bazel-repos/cloned_repos/google__nearby/sharing/analytics/BUILD:43:8: no such package '@@+_repo_rules2+com_github_protobuf_matchers//protobuf-matchers': java.io.IOException: Error extracting /data/h445xu/.cache/bazel/_bazel_hongxu/a66b589ca55245870f68cb47083d1045/external/+_repo_rules2+com_github_protobuf_matchers/temp3139459661117374203/master.zip to /data/h445xu/.cache/bazel/_bazel_hongxu/a66b589ca55245870f68cb47083d1045/external/+_repo_rules2+com_github_protobuf_matchers/temp3139459661117374203: Prefix "protobuf-matchers-master" was given, but not found in the archive. Here are possible prefixes for this archive: "protobuf-matchers-main". and referenced by '//sharing/analytics:analytics_test'
ERROR: /data/h445xu/repo/bazel-repos/cloned_repos/google__nearby/presence/BUILD:119:8: no such package '@@+_repo_rules2+com_github_protobuf_matchers//protobuf-matchers': java.io.IOException: Error extracting /data/h445xu/.cache/bazel/_bazel_hongxu/a66b589ca55245870f68cb47083d1045/external/+_repo_rules2+com_github_protobuf_matchers/temp3139459661117374203/master.zip to /data/h445xu/.cache/bazel/_bazel_hongxu/a66b589ca55245870f68cb47083d1045/external/+_repo_rules2+com_github_protobuf_matchers/temp3139459661117374203: Prefix "protobuf-matchers-master" was given, but not found in the archive. Here are possible prefixes for this archive: "protobuf-matchers-main". and referenced by '//presence:types_test'
ERROR: /data/h445xu/repo/bazel-repos/cloned_repos/google__nearby/presence/BUILD:179:8: no such package '@@+_repo_rules2+com_github_protobuf_matchers//protobuf-matchers': java.io.IOException: Error extracting /data/h445xu/.cache/bazel/_bazel_hongxu/a66b589ca55245870f68cb47083d1045/external/+_repo_rules2+com_github_protobuf_matchers/temp3139459661117374203/master.zip to /data/h445xu/.cache/bazel/_bazel_hongxu/a66b589ca55245870f68cb47083d1045/external/+_repo_rules2+com_github_protobuf_matchers/temp3139459661117374203: Prefix "protobuf-matchers-master" was given, but not found in the archive. Here are possible prefixes for this archive: "protobuf-matchers-main". and referenced by '//presence:presence_test'
ERROR: /data/h445xu/repo/bazel-repos/cloned_repos/google__nearby/presence/BUILD:155:8: no such package '@@+_repo_rules2+com_github_protobuf_matchers//protobuf-matchers': java.io.IOException: Error extracting /data/h445xu/.cache/bazel/_bazel_hongxu/a66b589ca55245870f68cb47083d1045/external/+_repo_rules2+com_github_protobuf_matchers/temp3139459661117374203/master.zip to /data/h445xu/.cache/bazel/_bazel_hongxu/a66b589ca55245870f68cb47083d1045/external/+_repo_rules2+com_github_protobuf_matchers/temp3139459661117374203: Prefix "protobuf-matchers-master" was given, but not found in the archive. Here are possible prefixes for this archive: "protobuf-matchers-main". and referenced by '//presence:credential_test'
ERROR: /data/h445xu/repo/bazel-repos/cloned_repos/google__nearby/presence/implementation/BUILD:457:8: no such package '@@+_repo_rules2+com_github_protobuf_matchers//protobuf-matchers': java.io.IOException: Error extracting /data/h445xu/.cache/bazel/_bazel_hongxu/a66b589ca55245870f68cb47083d1045/external/+_repo_rules2+com_github_protobuf_matchers/temp3139459661117374203/master.zip to /data/h445xu/.cache/bazel/_bazel_hongxu/a66b589ca55245870f68cb47083d1045/external/+_repo_rules2+com_github_protobuf_matchers/temp3139459661117374203: Prefix "protobuf-matchers-master" was given, but not found in the archive. Here are possible prefixes for this archive: "protobuf-matchers-main". and referenced by '//presence/implementation:service_controller_impl_test'
ERROR: /data/h445xu/repo/bazel-repos/cloned_repos/google__nearby/presence/implementation/BUILD:457:8: no such package 'net/proto2/contrib/parse_proto': BUILD file not found in any of the following directories. Add a BUILD file to a directory to mark it as a package.
 - net/proto2/contrib/parse_proto and referenced by '//presence/implementation:service_controller_impl_test'
ERROR: /data/h445xu/repo/bazel-repos/cloned_repos/google__nearby/presence/implementation/BUILD:425:8: no such package '@@+_repo_rules2+com_github_protobuf_matchers//protobuf-matchers': java.io.IOException: Error extracting /data/h445xu/.cache/bazel/_bazel_hongxu/a66b589ca55245870f68cb47083d1045/external/+_repo_rules2+com_github_protobuf_matchers/temp3139459661117374203/master.zip to /data/h445xu/.cache/bazel/_bazel_hongxu/a66b589ca55245870f68cb47083d1045/external/+_repo_rules2+com_github_protobuf_matchers/temp3139459661117374203: Prefix "protobuf-matchers-master" was given, but not found in the archive. Here are possible prefixes for this archive: "protobuf-matchers-main". and referenced by '//presence/implementation:scan_manager_test'
ERROR: /data/h445xu/repo/bazel-repos/cloned_repos/google__nearby/presence/implementation/BUILD:312:8: no such package '@@+_repo_rules2+com_github_protobuf_matchers//protobuf-matchers': java.io.IOException: Error extracting /data/h445xu/.cache/bazel/_bazel_hongxu/a66b589ca55245870f68cb47083d1045/external/+_repo_rules2+com_github_protobuf_matchers/temp3139459661117374203/master.zip to /data/h445xu/.cache/bazel/_bazel_hongxu/a66b589ca55245870f68cb47083d1045/external/+_repo_rules2+com_github_protobuf_matchers/temp3139459661117374203: Prefix "protobuf-matchers-master" was given, but not found in the archive. Here are possible prefixes for this archive: "protobuf-matchers-main". and referenced by '//presence/implementation:ldt_test'
ERROR: /data/h445xu/repo/bazel-repos/cloned_repos/google__nearby/presence/implementation/BUILD:396:8: no such package 'net/proto2/contrib/parse_proto': BUILD file not found in any of the following directories. Add a BUILD file to a directory to mark it as a package.
 - net/proto2/contrib/parse_proto and referenced by '//presence/implementation:credential_manager_impl_test'
ERROR: /data/h445xu/repo/bazel-repos/cloned_repos/google__nearby/presence/implementation/BUILD:373:8: no such package '@@+_repo_rules2+com_github_protobuf_matchers//protobuf-matchers': java.io.IOException: Error extracting /data/h445xu/.cache/bazel/_bazel_hongxu/a66b589ca55245870f68cb47083d1045/external/+_repo_rules2+com_github_protobuf_matchers/temp3139459661117374203/master.zip to /data/h445xu/.cache/bazel/_bazel_hongxu/a66b589ca55245870f68cb47083d1045/external/+_repo_rules2+com_github_protobuf_matchers/temp3139459661117374203: Prefix "protobuf-matchers-master" was given, but not found in the archive. Here are possible prefixes for this archive: "protobuf-matchers-main". and referenced by '//presence/implementation:connection_authenticator_impl_test'
ERROR: /data/h445xu/repo/bazel-repos/cloned_repos/google__nearby/presence/implementation/BUILD:289:8: no such package '@@+_repo_rules2+com_github_protobuf_matchers//protobuf-matchers': java.io.IOException: Error extracting /data/h445xu/.cache/bazel/_bazel_hongxu/a66b589ca55245870f68cb47083d1045/external/+_repo_rules2+com_github_protobuf_matchers/temp3139459661117374203/master.zip to /data/h445xu/.cache/bazel/_bazel_hongxu/a66b589ca55245870f68cb47083d1045/external/+_repo_rules2+com_github_protobuf_matchers/temp3139459661117374203: Prefix "protobuf-matchers-master" was given, but not found in the archive. Here are possible prefixes for this archive: "protobuf-matchers-main". and referenced by '//presence/implementation:broadcast_manager_test'
ERROR: /data/h445xu/repo/bazel-repos/cloned_repos/google__nearby/presence/implementation/BUILD:333:8: no such package '@@+_repo_rules2+com_github_protobuf_matchers//protobuf-matchers': java.io.IOException: Error extracting /data/h445xu/.cache/bazel/_bazel_hongxu/a66b589ca55245870f68cb47083d1045/external/+_repo_rules2+com_github_protobuf_matchers/temp3139459661117374203/master.zip to /data/h445xu/.cache/bazel/_bazel_hongxu/a66b589ca55245870f68cb47083d1045/external/+_repo_rules2+com_github_protobuf_matchers/temp3139459661117374203: Prefix "protobuf-matchers-master" was given, but not found in the archive. Here are possible prefixes for this archive: "protobuf-matchers-main". and referenced by '//presence/implementation:base_broadcast_request_test'
ERROR: /data/h445xu/repo/bazel-repos/cloned_repos/google__nearby/presence/implementation/BUILD:353:8: no such package '@@+_repo_rules2+com_github_protobuf_matchers//protobuf-matchers': java.io.IOException: Error extracting /data/h445xu/.cache/bazel/_bazel_hongxu/a66b589ca55245870f68cb47083d1045/external/+_repo_rules2+com_github_protobuf_matchers/temp3139459661117374203/master.zip to /data/h445xu/.cache/bazel/_bazel_hongxu/a66b589ca55245870f68cb47083d1045/external/+_repo_rules2+com_github_protobuf_matchers/temp3139459661117374203: Prefix "protobuf-matchers-master" was given, but not found in the archive. Here are possible prefixes for this archive: "protobuf-matchers-main". and referenced by '//presence/implementation:action_factory_test'
ERROR: /data/h445xu/repo/bazel-repos/cloned_repos/google__nearby/presence/implementation/BUILD:243:8: no such package '@@+_repo_rules2+com_github_protobuf_matchers//protobuf-matchers': java.io.IOException: Error extracting /data/h445xu/.cache/bazel/_bazel_hongxu/a66b589ca55245870f68cb47083d1045/external/+_repo_rules2+com_github_protobuf_matchers/temp3139459661117374203/master.zip to /data/h445xu/.cache/bazel/_bazel_hongxu/a66b589ca55245870f68cb47083d1045/external/+_repo_rules2+com_github_protobuf_matchers/temp3139459661117374203: Prefix "protobuf-matchers-master" was given, but not found in the archive. Here are possible prefixes for this archive: "protobuf-matchers-main". and referenced by '//presence/implementation:advertisement_filter_test'
ERROR: /data/h445xu/repo/bazel-repos/cloned_repos/google__nearby/presence/implementation/BUILD:265:8: no such package '@@+_repo_rules2+com_github_protobuf_matchers//protobuf-matchers': java.io.IOException: Error extracting /data/h445xu/.cache/bazel/_bazel_hongxu/a66b589ca55245870f68cb47083d1045/external/+_repo_rules2+com_github_protobuf_matchers/temp3139459661117374203/master.zip to /data/h445xu/.cache/bazel/_bazel_hongxu/a66b589ca55245870f68cb47083d1045/external/+_repo_rules2+com_github_protobuf_matchers/temp3139459661117374203: Prefix "protobuf-matchers-master" was given, but not found in the archive. Here are possible prefixes for this archive: "protobuf-matchers-main". and referenced by '//presence/implementation:advertisement_factory_test'
ERROR: /data/h445xu/repo/bazel-repos/cloned_repos/google__nearby/presence/implementation/BUILD:105:11: no such package 'devtools/rust': BUILD file not found in any of the following directories. Add a BUILD file to a directory to mark it as a package.
 - devtools/rust and referenced by '//presence/implementation:internal_deprecated'
ERROR: /data/h445xu/repo/bazel-repos/cloned_repos/google__nearby/presence/implementation/BUILD:218:8: no such package '@@+_repo_rules2+com_github_protobuf_matchers//protobuf-matchers': java.io.IOException: Error extracting /data/h445xu/.cache/bazel/_bazel_hongxu/a66b589ca55245870f68cb47083d1045/external/+_repo_rules2+com_github_protobuf_matchers/temp3139459661117374203/master.zip to /data/h445xu/.cache/bazel/_bazel_hongxu/a66b589ca55245870f68cb47083d1045/external/+_repo_rules2+com_github_protobuf_matchers/temp3139459661117374203: Prefix "protobuf-matchers-master" was given, but not found in the archive. Here are possible prefixes for this archive: "protobuf-matchers-main". and referenced by '//presence/implementation:advertisement_decoder_new_format_test'
ERROR: /data/h445xu/repo/bazel-repos/cloned_repos/google__nearby/presence/implementation/mediums/BUILD:35:8: no such package '@@+_repo_rules2+com_github_protobuf_matchers//protobuf-matchers': java.io.IOException: Error extracting /data/h445xu/.cache/bazel/_bazel_hongxu/a66b589ca55245870f68cb47083d1045/external/+_repo_rules2+com_github_protobuf_matchers/temp3139459661117374203/master.zip to /data/h445xu/.cache/bazel/_bazel_hongxu/a66b589ca55245870f68cb47083d1045/external/+_repo_rules2+com_github_protobuf_matchers/temp3139459661117374203: Prefix "protobuf-matchers-master" was given, but not found in the archive. Here are possible prefixes for this archive: "protobuf-matchers-main". and referenced by '//presence/implementation/mediums:mediums_test'
ERROR: /data/h445xu/repo/bazel-repos/cloned_repos/google__nearby/presence/fpp/BUILD:52:8: no such package '@@+_repo_rules2+com_github_protobuf_matchers//protobuf-matchers': java.io.IOException: Error extracting /data/h445xu/.cache/bazel/_bazel_hongxu/a66b589ca55245870f68cb47083d1045/external/+_repo_rules2+com_github_protobuf_matchers/temp3139459661117374203/master.zip to /data/h445xu/.cache/bazel/_bazel_hongxu/a66b589ca55245870f68cb47083d1045/external/+_repo_rules2+com_github_protobuf_matchers/temp3139459661117374203: Prefix "protobuf-matchers-master" was given, but not found in the archive. Here are possible prefixes for this archive: "protobuf-matchers-main". and referenced by '//presence/fpp:fpp_manager_test'
ERROR: /data/h445xu/repo/bazel-repos/cloned_repos/google__nearby/internal/weave/BUILD:81:8: no such package '@@+_repo_rules2+com_github_protobuf_matchers//protobuf-matchers': java.io.IOException: Error extracting /data/h445xu/.cache/bazel/_bazel_hongxu/a66b589ca55245870f68cb47083d1045/external/+_repo_rules2+com_github_protobuf_matchers/temp3139459661117374203/master.zip to /data/h445xu/.cache/bazel/_bazel_hongxu/a66b589ca55245870f68cb47083d1045/external/+_repo_rules2+com_github_protobuf_matchers/temp3139459661117374203: Prefix "protobuf-matchers-master" was given, but not found in the archive. Here are possible prefixes for this archive: "protobuf-matchers-main". and referenced by '//internal/weave:packetizer_test'
ERROR: /data/h445xu/repo/bazel-repos/cloned_repos/google__nearby/internal/weave/BUILD:53:8: no such package '@@+_repo_rules2+com_github_protobuf_matchers//protobuf-matchers': java.io.IOException: Error extracting /data/h445xu/.cache/bazel/_bazel_hongxu/a66b589ca55245870f68cb47083d1045/external/+_repo_rules2+com_github_protobuf_matchers/temp3139459661117374203/master.zip to /data/h445xu/.cache/bazel/_bazel_hongxu/a66b589ca55245870f68cb47083d1045/external/+_repo_rules2+com_github_protobuf_matchers/temp3139459661117374203: Prefix "protobuf-matchers-master" was given, but not found in the archive. Here are possible prefixes for this archive: "protobuf-matchers-main". and referenced by '//internal/weave:packet_test'
ERROR: /data/h445xu/repo/bazel-repos/cloned_repos/google__nearby/internal/weave/BUILD:68:8: no such package '@@+_repo_rules2+com_github_protobuf_matchers//protobuf-matchers': java.io.IOException: Error extracting /data/h445xu/.cache/bazel/_bazel_hongxu/a66b589ca55245870f68cb47083d1045/external/+_repo_rules2+com_github_protobuf_matchers/temp3139459661117374203/master.zip to /data/h445xu/.cache/bazel/_bazel_hongxu/a66b589ca55245870f68cb47083d1045/external/+_repo_rules2+com_github_protobuf_matchers/temp3139459661117374203: Prefix "protobuf-matchers-master" was given, but not found in the archive. Here are possible prefixes for this archive: "protobuf-matchers-main". and referenced by '//internal/weave:packet_sequence_number_generator_test'
ERROR: /data/h445xu/repo/bazel-repos/cloned_repos/google__nearby/internal/weave/BUILD:109:8: no such package '@@+_repo_rules2+com_github_protobuf_matchers//protobuf-matchers': java.io.IOException: Error extracting /data/h445xu/.cache/bazel/_bazel_hongxu/a66b589ca55245870f68cb47083d1045/external/+_repo_rules2+com_github_protobuf_matchers/temp3139459661117374203/master.zip to /data/h445xu/.cache/bazel/_bazel_hongxu/a66b589ca55245870f68cb47083d1045/external/+_repo_rules2+com_github_protobuf_matchers/temp3139459661117374203: Prefix "protobuf-matchers-master" was given, but not found in the archive. Here are possible prefixes for this archive: "protobuf-matchers-main". and referenced by '//internal/weave:message_write_request_test'
ERROR: /data/h445xu/repo/bazel-repos/cloned_repos/google__nearby/internal/proto/analytics/BUILD:62:8: no such package '@@+_repo_rules2+com_github_protobuf_matchers//protobuf-matchers': java.io.IOException: Error extracting /data/h445xu/.cache/bazel/_bazel_hongxu/a66b589ca55245870f68cb47083d1045/external/+_repo_rules2+com_github_protobuf_matchers/temp3139459661117374203/master.zip to /data/h445xu/.cache/bazel/_bazel_hongxu/a66b589ca55245870f68cb47083d1045/external/+_repo_rules2+com_github_protobuf_matchers/temp3139459661117374203: Prefix "protobuf-matchers-master" was given, but not found in the archive. Here are possible prefixes for this archive: "protobuf-matchers-main". and referenced by '//internal/proto/analytics:proto_analytics_test'
ERROR: /data/h445xu/repo/bazel-repos/cloned_repos/google__nearby/internal/test/BUILD:20:11: no such target '@@googletest+//:gtest_for_library_testonly': target 'gtest_for_library_testonly' not declared in package '' defined by /data/h445xu/.cache/bazel/_bazel_hongxu/a66b589ca55245870f68cb47083d1045/external/googletest+/BUILD.bazel and referenced by '//internal/test:mocks'
ERROR: /data/h445xu/repo/bazel-repos/cloned_repos/google__nearby/internal/weave/BUILD:95:8: no such package '@@+_repo_rules2+com_github_protobuf_matchers//protobuf-matchers': java.io.IOException: Error extracting /data/h445xu/.cache/bazel/_bazel_hongxu/a66b589ca55245870f68cb47083d1045/external/+_repo_rules2+com_github_protobuf_matchers/temp3139459661117374203/master.zip to /data/h445xu/.cache/bazel/_bazel_hongxu/a66b589ca55245870f68cb47083d1045/external/+_repo_rules2+com_github_protobuf_matchers/temp3139459661117374203: Prefix "protobuf-matchers-master" was given, but not found in the archive. Here are possible prefixes for this archive: "protobuf-matchers-main". and referenced by '//internal/weave:control_packet_write_request_test'
ERROR: /data/h445xu/repo/bazel-repos/cloned_repos/google__nearby/internal/weave/BUILD:125:8: no such package '@@+_repo_rules2+com_github_protobuf_matchers//protobuf-matchers': java.io.IOException: Error extracting /data/h445xu/.cache/bazel/_bazel_hongxu/a66b589ca55245870f68cb47083d1045/external/+_repo_rules2+com_github_protobuf_matchers/temp3139459661117374203/master.zip to /data/h445xu/.cache/bazel/_bazel_hongxu/a66b589ca55245870f68cb47083d1045/external/+_repo_rules2+com_github_protobuf_matchers/temp3139459661117374203: Prefix "protobuf-matchers-master" was given, but not found in the archive. Here are possible prefixes for this archive: "protobuf-matchers-main". and referenced by '//internal/weave:base_socket_test'
ERROR: /data/h445xu/repo/bazel-repos/cloned_repos/google__nearby/internal/platform/implementation/windows/BUILD:173:11: no such package 'third_party/webrtc/files/stable/webrtc/api': BUILD file not found in any of the following directories. Add a BUILD file to a directory to mark it as a package.
 - third_party/webrtc/files/stable/webrtc/api and referenced by '//internal/platform/implementation/windows:windows'
ERROR: /data/h445xu/repo/bazel-repos/cloned_repos/google__nearby/internal/platform/implementation/windows/BUILD:173:11: no such package 'third_party/webrtc/files/stable/webrtc/rtc_base': BUILD file not found in any of the following directories. Add a BUILD file to a directory to mark it as a package.
 - third_party/webrtc/files/stable/webrtc/rtc_base and referenced by '//internal/platform/implementation/windows:windows'
ERROR: /data/h445xu/repo/bazel-repos/cloned_repos/google__nearby/internal/weave/sockets/BUILD:38:8: no such package '@@+_repo_rules2+com_github_protobuf_matchers//protobuf-matchers': java.io.IOException: Error extracting /data/h445xu/.cache/bazel/_bazel_hongxu/a66b589ca55245870f68cb47083d1045/external/+_repo_rules2+com_github_protobuf_matchers/temp3139459661117374203/master.zip to /data/h445xu/.cache/bazel/_bazel_hongxu/a66b589ca55245870f68cb47083d1045/external/+_repo_rules2+com_github_protobuf_matchers/temp3139459661117374203: Prefix "protobuf-matchers-master" was given, but not found in the archive. Here are possible prefixes for this archive: "protobuf-matchers-main". and referenced by '//internal/weave/sockets:sockets_test'
ERROR: /data/h445xu/repo/bazel-repos/cloned_repos/google__nearby/internal/test/BUILD:83:8: no such package '@@+_repo_rules2+com_github_protobuf_matchers//protobuf-matchers': java.io.IOException: Error extracting /data/h445xu/.cache/bazel/_bazel_hongxu/a66b589ca55245870f68cb47083d1045/external/+_repo_rules2+com_github_protobuf_matchers/temp3139459661117374203/master.zip to /data/h445xu/.cache/bazel/_bazel_hongxu/a66b589ca55245870f68cb47083d1045/external/+_repo_rules2+com_github_protobuf_matchers/temp3139459661117374203: Prefix "protobuf-matchers-master" was given, but not found in the archive. Here are possible prefixes for this archive: "protobuf-matchers-main". and referenced by '//internal/test:test_test'
ERROR: /data/h445xu/repo/bazel-repos/cloned_repos/google__nearby/internal/platform/BUILD:540:8: no such target '@@platforms//os:platform_ios': target 'platform_ios' not declared in package 'os' defined by /data/h445xu/.cache/bazel/_bazel_hongxu/a66b589ca55245870f68cb47083d1045/external/platforms/os/BUILD and referenced by '//internal/platform:public_test'
ERROR: /data/h445xu/repo/bazel-repos/cloned_repos/google__nearby/internal/proto/BUILD:62:14: no such package 'google/api': BUILD file not found in any of the following directories. Add a BUILD file to a directory to mark it as a package.
 - google/api and referenced by '//internal/proto:tachyon_proto'
ERROR: /data/h445xu/repo/bazel-repos/cloned_repos/google__nearby/internal/proto/BUILD:62:14: no such package 'frameworks/testing/rpcreplay/processors': BUILD file not found in any of the following directories. Add a BUILD file to a directory to mark it as a package.
 - frameworks/testing/rpcreplay/processors and referenced by '//internal/proto:tachyon_proto'
ERROR: /data/h445xu/repo/bazel-repos/cloned_repos/google__nearby/internal/proto/analytics/BUILD:62:8: no such package 'third_party/protobuf': BUILD file not found in any of the following directories. Add a BUILD file to a directory to mark it as a package.
 - third_party/protobuf and referenced by '//internal/proto/analytics:proto_analytics_test'
ERROR: /data/h445xu/repo/bazel-repos/cloned_repos/google__nearby/internal/platform/BUILD:540:8: no such package '@@+_repo_rules2+com_github_protobuf_matchers//protobuf-matchers': java.io.IOException: Error extracting /data/h445xu/.cache/bazel/_bazel_hongxu/a66b589ca55245870f68cb47083d1045/external/+_repo_rules2+com_github_protobuf_matchers/temp3139459661117374203/master.zip to /data/h445xu/.cache/bazel/_bazel_hongxu/a66b589ca55245870f68cb47083d1045/external/+_repo_rules2+com_github_protobuf_matchers/temp3139459661117374203: Prefix "protobuf-matchers-master" was given, but not found in the archive. Here are possible prefixes for this archive: "protobuf-matchers-main". and referenced by '//internal/platform:public_test'
ERROR: /data/h445xu/repo/bazel-repos/cloned_repos/google__nearby/internal/platform/implementation/windows/BUILD:173:11: no such package 'internal/account': BUILD file not found in any of the following directories. Add a BUILD file to a directory to mark it as a package.
 - internal/account and referenced by '//internal/platform/implementation/windows:windows'
ERROR: /data/h445xu/repo/bazel-repos/cloned_repos/google__nearby/internal/platform/BUILD:405:8: no such package '@@+_repo_rules2+com_github_protobuf_matchers//protobuf-matchers': java.io.IOException: Error extracting /data/h445xu/.cache/bazel/_bazel_hongxu/a66b589ca55245870f68cb47083d1045/external/+_repo_rules2+com_github_protobuf_matchers/temp3139459661117374203/master.zip to /data/h445xu/.cache/bazel/_bazel_hongxu/a66b589ca55245870f68cb47083d1045/external/+_repo_rules2+com_github_protobuf_matchers/temp3139459661117374203: Prefix "protobuf-matchers-master" was given, but not found in the archive. Here are possible prefixes for this archive: "protobuf-matchers-main". and referenced by '//internal/platform:platform_base_test'
ERROR: /data/h445xu/repo/bazel-repos/cloned_repos/google__nearby/internal/platform/BUILD:483:8: no such package '@@+_repo_rules2+com_github_protobuf_matchers//protobuf-matchers': java.io.IOException: Error extracting /data/h445xu/.cache/bazel/_bazel_hongxu/a66b589ca55245870f68cb47083d1045/external/+_repo_rules2+com_github_protobuf_matchers/temp3139459661117374203/master.zip to /data/h445xu/.cache/bazel/_bazel_hongxu/a66b589ca55245870f68cb47083d1045/external/+_repo_rules2+com_github_protobuf_matchers/temp3139459661117374203: Prefix "protobuf-matchers-master" was given, but not found in the archive. Here are possible prefixes for this archive: "protobuf-matchers-main". and referenced by '//internal/platform:public_device_test'
ERROR: /data/h445xu/repo/bazel-repos/cloned_repos/google__nearby/internal/platform/BUILD:606:8: no such package '@@+_repo_rules2+com_github_protobuf_matchers//protobuf-matchers': java.io.IOException: Error extracting /data/h445xu/.cache/bazel/_bazel_hongxu/a66b589ca55245870f68cb47083d1045/external/+_repo_rules2+com_github_protobuf_matchers/temp3139459661117374203/master.zip to /data/h445xu/.cache/bazel/_bazel_hongxu/a66b589ca55245870f68cb47083d1045/external/+_repo_rules2+com_github_protobuf_matchers/temp3139459661117374203: Prefix "protobuf-matchers-master" was given, but not found in the archive. Here are possible prefixes for this archive: "protobuf-matchers-main". and referenced by '//internal/platform:mac_address_test'
ERROR: /data/h445xu/repo/bazel-repos/cloned_repos/google__nearby/internal/platform/BUILD:427:8: no such package '@@+_repo_rules2+com_github_protobuf_matchers//protobuf-matchers': java.io.IOException: Error extracting /data/h445xu/.cache/bazel/_bazel_hongxu/a66b589ca55245870f68cb47083d1045/external/+_repo_rules2+com_github_protobuf_matchers/temp3139459661117374203/master.zip to /data/h445xu/.cache/bazel/_bazel_hongxu/a66b589ca55245870f68cb47083d1045/external/+_repo_rules2+com_github_protobuf_matchers/temp3139459661117374203: Prefix "protobuf-matchers-master" was given, but not found in the archive. Here are possible prefixes for this archive: "protobuf-matchers-main". and referenced by '//internal/platform:platform_util_test'
ERROR: /data/h445xu/repo/bazel-repos/cloned_repos/google__nearby/internal/platform/BUILD:524:8: no such package '@@+_repo_rules2+com_github_protobuf_matchers//protobuf-matchers': java.io.IOException: Error extracting /data/h445xu/.cache/bazel/_bazel_hongxu/a66b589ca55245870f68cb47083d1045/external/+_repo_rules2+com_github_protobuf_matchers/temp3139459661117374203/master.zip to /data/h445xu/.cache/bazel/_bazel_hongxu/a66b589ca55245870f68cb47083d1045/external/+_repo_rules2+com_github_protobuf_matchers/temp3139459661117374203: Prefix "protobuf-matchers-master" was given, but not found in the archive. Here are possible prefixes for this archive: "protobuf-matchers-main". and referenced by '//internal/platform:credential_storage_impl_test'
ERROR: /data/h445xu/repo/bazel-repos/cloned_repos/google__nearby/internal/platform/BUILD:458:8: no such package '@@+_repo_rules2+com_github_protobuf_matchers//protobuf-matchers': java.io.IOException: Error extracting /data/h445xu/.cache/bazel/_bazel_hongxu/a66b589ca55245870f68cb47083d1045/external/+_repo_rules2+com_github_protobuf_matchers/temp3139459661117374203/master.zip to /data/h445xu/.cache/bazel/_bazel_hongxu/a66b589ca55245870f68cb47083d1045/external/+_repo_rules2+com_github_protobuf_matchers/temp3139459661117374203: Prefix "protobuf-matchers-master" was given, but not found in the archive. Here are possible prefixes for this archive: "protobuf-matchers-main". and referenced by '//internal/platform:expected_test'
ERROR: /data/h445xu/repo/bazel-repos/cloned_repos/google__nearby/internal/platform/implementation/BUILD:242:8: no such package '@@+_repo_rules2+com_github_protobuf_matchers//protobuf-matchers': java.io.IOException: Error extracting /data/h445xu/.cache/bazel/_bazel_hongxu/a66b589ca55245870f68cb47083d1045/external/+_repo_rules2+com_github_protobuf_matchers/temp3139459661117374203/master.zip to /data/h445xu/.cache/bazel/_bazel_hongxu/a66b589ca55245870f68cb47083d1045/external/+_repo_rules2+com_github_protobuf_matchers/temp3139459661117374203: Prefix "protobuf-matchers-master" was given, but not found in the archive. Here are possible prefixes for this archive: "protobuf-matchers-main". and referenced by '//internal/platform/implementation:wifi_utils_test'
ERROR: /data/h445xu/repo/bazel-repos/cloned_repos/google__nearby/internal/platform/BUILD:469:8: no such package '@@+_repo_rules2+com_github_protobuf_matchers//protobuf-matchers': java.io.IOException: Error extracting /data/h445xu/.cache/bazel/_bazel_hongxu/a66b589ca55245870f68cb47083d1045/external/+_repo_rules2+com_github_protobuf_matchers/temp3139459661117374203/master.zip to /data/h445xu/.cache/bazel/_bazel_hongxu/a66b589ca55245870f68cb47083d1045/external/+_repo_rules2+com_github_protobuf_matchers/temp3139459661117374203: Prefix "protobuf-matchers-master" was given, but not found in the archive. Here are possible prefixes for this archive: "protobuf-matchers-main". and referenced by '//internal/platform:error_code_recorder_test'
ERROR: /data/h445xu/repo/bazel-repos/cloned_repos/google__nearby/internal/platform/BUILD:443:8: no such package '@@+_repo_rules2+com_github_protobuf_matchers//protobuf-matchers': java.io.IOException: Error extracting /data/h445xu/.cache/bazel/_bazel_hongxu/a66b589ca55245870f68cb47083d1045/external/+_repo_rules2+com_github_protobuf_matchers/temp3139459661117374203/master.zip to /data/h445xu/.cache/bazel/_bazel_hongxu/a66b589ca55245870f68cb47083d1045/external/+_repo_rules2+com_github_protobuf_matchers/temp3139459661117374203: Prefix "protobuf-matchers-master" was given, but not found in the archive. Here are possible prefixes for this archive: "protobuf-matchers-main". and referenced by '//internal/platform:cancellation_flag_test'
ERROR: /data/h445xu/repo/bazel-repos/cloned_repos/google__nearby/internal/platform/implementation/windows/BUILD:356:8: no such package '@@+_repo_rules2+com_github_protobuf_matchers//protobuf-matchers': java.io.IOException: Error extracting /data/h445xu/.cache/bazel/_bazel_hongxu/a66b589ca55245870f68cb47083d1045/external/+_repo_rules2+com_github_protobuf_matchers/temp3139459661117374203/master.zip to /data/h445xu/.cache/bazel/_bazel_hongxu/a66b589ca55245870f68cb47083d1045/external/+_repo_rules2+com_github_protobuf_matchers/temp3139459661117374203: Prefix "protobuf-matchers-master" was given, but not found in the archive. Here are possible prefixes for this archive: "protobuf-matchers-main". and referenced by '//internal/platform/implementation/windows:string_utils_test'
ERROR: /data/h445xu/repo/bazel-repos/cloned_repos/google__nearby/internal/platform/implementation/windows/BUILD:301:8: no such package '@@+_repo_rules2+com_github_protobuf_matchers//protobuf-matchers': java.io.IOException: Error extracting /data/h445xu/.cache/bazel/_bazel_hongxu/a66b589ca55245870f68cb47083d1045/external/+_repo_rules2+com_github_protobuf_matchers/temp3139459661117374203/master.zip to /data/h445xu/.cache/bazel/_bazel_hongxu/a66b589ca55245870f68cb47083d1045/external/+_repo_rules2+com_github_protobuf_matchers/temp3139459661117374203: Prefix "protobuf-matchers-master" was given, but not found in the archive. Here are possible prefixes for this archive: "protobuf-matchers-main". and referenced by '//internal/platform/implementation/windows:impl_test'
ERROR: /data/h445xu/repo/bazel-repos/cloned_repos/google__nearby/internal/platform/implementation/windows/BUILD:173:11: no such package 'third_party/intel/pie': BUILD file not found in any of the following directories. Add a BUILD file to a directory to mark it as a package.
 - third_party/intel/pie and referenced by '//internal/platform/implementation/windows:windows'
ERROR: /data/h445xu/repo/bazel-repos/cloned_repos/google__nearby/internal/platform/implementation/windows/BUILD:173:11: no such package 'third_party/webrtc/files/stable/webrtc/api': BUILD file not found in any of the following directories. Add a BUILD file to a directory to mark it as a package.
 - third_party/webrtc/files/stable/webrtc/api and referenced by '//internal/platform/implementation/windows:windows'
ERROR: /data/h445xu/repo/bazel-repos/cloned_repos/google__nearby/internal/platform/implementation/apple/BUILD:252:8: no such package '@@+_repo_rules2+com_github_protobuf_matchers//protobuf-matchers': java.io.IOException: Error extracting /data/h445xu/.cache/bazel/_bazel_hongxu/a66b589ca55245870f68cb47083d1045/external/+_repo_rules2+com_github_protobuf_matchers/temp3139459661117374203/master.zip to /data/h445xu/.cache/bazel/_bazel_hongxu/a66b589ca55245870f68cb47083d1045/external/+_repo_rules2+com_github_protobuf_matchers/temp3139459661117374203: Prefix "protobuf-matchers-master" was given, but not found in the archive. Here are possible prefixes for this archive: "protobuf-matchers-main". and referenced by '//internal/platform/implementation/apple:Platform_cc_test'
ERROR: /data/h445xu/repo/bazel-repos/cloned_repos/google__nearby/internal/platform/implementation/apple/BUILD:53:13: no such package 'third_party/apple_frameworks': BUILD file not found in any of the following directories. Add a BUILD file to a directory to mark it as a package.
 - third_party/apple_frameworks and referenced by '//internal/platform/implementation/apple:apple'
ERROR: /data/h445xu/repo/bazel-repos/cloned_repos/google__nearby/connections/implementation/mediums/ble_v2/BUILD:113:8: no such package '@@+_repo_rules2+com_github_protobuf_matchers//protobuf-matchers': java.io.IOException: Error extracting /data/h445xu/.cache/bazel/_bazel_hongxu/a66b589ca55245870f68cb47083d1045/external/+_repo_rules2+com_github_protobuf_matchers/temp3139459661117374203/master.zip to /data/h445xu/.cache/bazel/_bazel_hongxu/a66b589ca55245870f68cb47083d1045/external/+_repo_rules2+com_github_protobuf_matchers/temp3139459661117374203: Prefix "protobuf-matchers-master" was given, but not found in the archive. Here are possible prefixes for this archive: "protobuf-matchers-main". and referenced by '//connections/implementation/mediums/ble_v2:ble_v2_test'
ERROR: /data/h445xu/repo/bazel-repos/cloned_repos/google__nearby/internal/analytics/BUILD:36:11: no such target '@@googletest+//:gtest_for_library_testonly': target 'gtest_for_library_testonly' not declared in package '' defined by /data/h445xu/.cache/bazel/_bazel_hongxu/a66b589ca55245870f68cb47083d1045/external/googletest+/BUILD.bazel and referenced by '//internal/analytics:mock_event_logger'
ERROR: /data/h445xu/repo/bazel-repos/cloned_repos/google__nearby/connections/implementation/fuzzers/BUILD:19:8: no such package '@@+_repo_rules2+com_github_protobuf_matchers//protobuf-matchers': java.io.IOException: Error extracting /data/h445xu/.cache/bazel/_bazel_hongxu/a66b589ca55245870f68cb47083d1045/external/+_repo_rules2+com_github_protobuf_matchers/temp3139459661117374203/master.zip to /data/h445xu/.cache/bazel/_bazel_hongxu/a66b589ca55245870f68cb47083d1045/external/+_repo_rules2+com_github_protobuf_matchers/temp3139459661117374203: Prefix "protobuf-matchers-master" was given, but not found in the archive. Here are possible prefixes for this archive: "protobuf-matchers-main". and referenced by '//connections/implementation/fuzzers:offline_frames_fuzzer'
ERROR: /data/h445xu/repo/bazel-repos/cloned_repos/google__nearby/internal/platform/implementation/shared/BUILD:87:8: no such package '@@+_repo_rules2+com_github_protobuf_matchers//protobuf-matchers': java.io.IOException: Error extracting /data/h445xu/.cache/bazel/_bazel_hongxu/a66b589ca55245870f68cb47083d1045/external/+_repo_rules2+com_github_protobuf_matchers/temp3139459661117374203/master.zip to /data/h445xu/.cache/bazel/_bazel_hongxu/a66b589ca55245870f68cb47083d1045/external/+_repo_rules2+com_github_protobuf_matchers/temp3139459661117374203: Prefix "protobuf-matchers-master" was given, but not found in the archive. Here are possible prefixes for this archive: "protobuf-matchers-main". and referenced by '//internal/platform/implementation/shared:file_test'
ERROR: /data/h445xu/repo/bazel-repos/cloned_repos/google__nearby/internal/platform/implementation/shared/BUILD:87:8: no such package 'file/util': BUILD file not found in any of the following directories. Add a BUILD file to a directory to mark it as a package.
 - file/util and referenced by '//internal/platform/implementation/shared:file_test'
ERROR: /data/h445xu/repo/bazel-repos/cloned_repos/google__nearby/internal/platform/implementation/g3/BUILD:132:8: error loading package '@@+_repo_rules2+com_google_nisaba//nisaba/port': Label '@@+_repo_rules2+com_google_nisaba//third_party/bazel_rules/rules_cc/cc:cc_library.bzl' is invalid because 'third_party/bazel_rules/rules_cc/cc' is not a package; perhaps you meant to put the colon here: '@@+_repo_rules2+com_google_nisaba//:third_party/bazel_rules/rules_cc/cc/cc_library.bzl'? and referenced by '//internal/platform/implementation/g3:comm_test'
ERROR: /data/h445xu/repo/bazel-repos/cloned_repos/google__nearby/internal/platform/implementation/g3/BUILD:132:8: no such package '@@+_repo_rules2+com_github_protobuf_matchers//protobuf-matchers': java.io.IOException: Error extracting /data/h445xu/.cache/bazel/_bazel_hongxu/a66b589ca55245870f68cb47083d1045/external/+_repo_rules2+com_github_protobuf_matchers/temp3139459661117374203/master.zip to /data/h445xu/.cache/bazel/_bazel_hongxu/a66b589ca55245870f68cb47083d1045/external/+_repo_rules2+com_github_protobuf_matchers/temp3139459661117374203: Prefix "protobuf-matchers-master" was given, but not found in the archive. Here are possible prefixes for this archive: "protobuf-matchers-main". and referenced by '//internal/platform/implementation/g3:comm_test'
ERROR: /data/h445xu/repo/bazel-repos/cloned_repos/google__nearby/internal/platform/implementation/apple/BUILD:211:13: no such package 'tools/build_defs/swift': BUILD file not found in any of the following directories. Add a BUILD file to a directory to mark it as a package.
 - tools/build_defs/swift and referenced by '//internal/platform/implementation/apple:nearby_logger'
ERROR: /data/h445xu/repo/bazel-repos/cloned_repos/google__nearby/internal/platform/implementation/apple/BUILD:195:13: no such package 'tools/build_defs/swift': BUILD file not found in any of the following directories. Add a BUILD file to a directory to mark it as a package.
 - tools/build_defs/swift and referenced by '//internal/platform/implementation/apple:os_log_sink'
ERROR: /data/h445xu/repo/bazel-repos/cloned_repos/google__nearby/internal/platform/implementation/apple/BUILD:53:13: no such target '@@platforms//os:platform_ios': target 'platform_ios' not declared in package 'os' defined by /data/h445xu/.cache/bazel/_bazel_hongxu/a66b589ca55245870f68cb47083d1045/external/platforms/os/BUILD and referenced by '//internal/platform/implementation/apple:apple'
ERROR: /data/h445xu/repo/bazel-repos/cloned_repos/google__nearby/internal/platform/implementation/apple/BUILD:53:13: no such package 'third_party/apple_frameworks': BUILD file not found in any of the following directories. Add a BUILD file to a directory to mark it as a package.
 - third_party/apple_frameworks and referenced by '//internal/platform/implementation/apple:apple'
ERROR: /data/h445xu/repo/bazel-repos/cloned_repos/google__nearby/internal/platform/implementation/apple/BUILD:53:13: no such package 'third_party/apple_frameworks': BUILD file not found in any of the following directories. Add a BUILD file to a directory to mark it as a package.
 - third_party/apple_frameworks and referenced by '//internal/platform/implementation/apple:apple'
ERROR: /data/h445xu/repo/bazel-repos/cloned_repos/google__nearby/internal/platform/implementation/apple/BUILD:53:13: no such package 'releasetools/apple/privacy/privacymanifests/requiredreasonsapi': BUILD file not found in any of the following directories. Add a BUILD file to a directory to mark it as a package.
 - releasetools/apple/privacy/privacymanifests/requiredreasonsapi and referenced by '//internal/platform/implementation/apple:apple'
ERROR: /data/h445xu/repo/bazel-repos/cloned_repos/google__nearby/internal/platform/implementation/apple/BUILD:112:13: no such package 'third_party/apple_frameworks': BUILD file not found in any of the following directories. Add a BUILD file to a directory to mark it as a package.
 - third_party/apple_frameworks and referenced by '//internal/platform/implementation/apple:ble_v2'
ERROR: /data/h445xu/repo/bazel-repos/cloned_repos/google__nearby/internal/platform/implementation/apple/BUILD:112:13: no such package 'third_party/apple_frameworks': BUILD file not found in any of the following directories. Add a BUILD file to a directory to mark it as a package.
 - third_party/apple_frameworks and referenced by '//internal/platform/implementation/apple:ble_v2'
ERROR: /data/h445xu/repo/bazel-repos/cloned_repos/google__nearby/internal/platform/implementation/apple/BUILD:112:13: error loading package 'internal/platform/implementation/apple/Mediums/Ble/Sockets': Every .bzl file must have a corresponding package, but '//third_party/nearby:minimum_os.bzl' does not have one. Please create a BUILD file in the same or any parent directory. Note that this BUILD file does not need to do anything except exist. and referenced by '//internal/platform/implementation/apple:ble_v2'
ERROR: /data/h445xu/repo/bazel-repos/cloned_repos/google__nearby/internal/platform/implementation/apple/BUILD:112:13: error loading package 'internal/platform/implementation/apple/Mediums/Ble/Sockets': Every .bzl file must have a corresponding package, but '//third_party/nearby:minimum_os.bzl' does not have one. Please create a BUILD file in the same or any parent directory. Note that this BUILD file does not need to do anything except exist. and referenced by '//internal/platform/implementation/apple:ble_v2'
ERROR: /data/h445xu/repo/bazel-repos/cloned_repos/google__nearby/internal/platform/implementation/apple/BUILD:112:13: no such package 'tools/build_defs/swift': BUILD file not found in any of the following directories. Add a BUILD file to a directory to mark it as a package.
 - tools/build_defs/swift and referenced by '//internal/platform/implementation/apple:ble_v2'
ERROR: /data/h445xu/repo/bazel-repos/cloned_repos/google__nearby/internal/platform/implementation/apple/BUILD:30:13: no such package 'third_party/apple_frameworks': BUILD file not found in any of the following directories. Add a BUILD file to a directory to mark it as a package.
 - third_party/apple_frameworks and referenced by '//internal/platform/implementation/apple:comm'
ERROR: /data/h445xu/repo/bazel-repos/cloned_repos/google__nearby/internal/platform/implementation/apple/BUILD:30:13: no such package 'third_party/apple_frameworks': BUILD file not found in any of the following directories. Add a BUILD file to a directory to mark it as a package.
 - third_party/apple_frameworks and referenced by '//internal/platform/implementation/apple:comm'
ERROR: /data/h445xu/repo/bazel-repos/cloned_repos/google__nearby/internal/platform/implementation/apple/BUILD:53:13: no such package 'tools/build_defs/swift': BUILD file not found in any of the following directories. Add a BUILD file to a directory to mark it as a package.
 - tools/build_defs/swift and referenced by '//internal/platform/implementation/apple:apple'
ERROR: /data/h445xu/repo/bazel-repos/cloned_repos/google__nearby/internal/platform/implementation/apple/Mediums/BUILD:24:13: no such package 'third_party/apple_frameworks': BUILD file not found in any of the following directories. Add a BUILD file to a directory to mark it as a package.
 - third_party/apple_frameworks and referenced by '//internal/platform/implementation/apple/Mediums:Mediums'
ERROR: /data/h445xu/repo/bazel-repos/cloned_repos/google__nearby/internal/platform/implementation/apple/Mediums/BUILD:24:13: error loading package 'internal/platform/implementation/apple/Mediums/Ble/Sockets': Every .bzl file must have a corresponding package, but '//third_party/nearby:minimum_os.bzl' does not have one. Please create a BUILD file in the same or any parent directory. Note that this BUILD file does not need to do anything except exist. and referenced by '//internal/platform/implementation/apple/Mediums:Mediums'
ERROR: /data/h445xu/repo/bazel-repos/cloned_repos/google__nearby/internal/crypto/BUILD:41:8: no such package '@@+_repo_rules2+com_github_protobuf_matchers//protobuf-matchers': java.io.IOException: Error extracting /data/h445xu/.cache/bazel/_bazel_hongxu/a66b589ca55245870f68cb47083d1045/external/+_repo_rules2+com_github_protobuf_matchers/temp3139459661117374203/master.zip to /data/h445xu/.cache/bazel/_bazel_hongxu/a66b589ca55245870f68cb47083d1045/external/+_repo_rules2+com_github_protobuf_matchers/temp3139459661117374203: Prefix "protobuf-matchers-master" was given, but not found in the archive. Here are possible prefixes for this archive: "protobuf-matchers-main". and referenced by '//internal/crypto:crypto_unittests'
ERROR: /data/h445xu/repo/bazel-repos/cloned_repos/google__nearby/internal/base/BUILD:88:8: no such package '@@+_repo_rules2+com_github_protobuf_matchers//protobuf-matchers': java.io.IOException: Error extracting /data/h445xu/.cache/bazel/_bazel_hongxu/a66b589ca55245870f68cb47083d1045/external/+_repo_rules2+com_github_protobuf_matchers/temp3139459661117374203/master.zip to /data/h445xu/.cache/bazel/_bazel_hongxu/a66b589ca55245870f68cb47083d1045/external/+_repo_rules2+com_github_protobuf_matchers/temp3139459661117374203: Prefix "protobuf-matchers-master" was given, but not found in the archive. Here are possible prefixes for this archive: "protobuf-matchers-main". and referenced by '//internal/base:base_test'
ERROR: /data/h445xu/repo/bazel-repos/cloned_repos/google__nearby/internal/base/BUILD:104:8: no such package '@@+_repo_rules2+com_github_protobuf_matchers//protobuf-matchers': java.io.IOException: Error extracting /data/h445xu/.cache/bazel/_bazel_hongxu/a66b589ca55245870f68cb47083d1045/external/+_repo_rules2+com_github_protobuf_matchers/temp3139459661117374203/master.zip to /data/h445xu/.cache/bazel/_bazel_hongxu/a66b589ca55245870f68cb47083d1045/external/+_repo_rules2+com_github_protobuf_matchers/temp3139459661117374203: Prefix "protobuf-matchers-master" was given, but not found in the archive. Here are possible prefixes for this archive: "protobuf-matchers-main". and referenced by '//internal/base:file_path_test'
ERROR: /data/h445xu/repo/bazel-repos/cloned_repos/google__nearby/internal/base/BUILD:118:8: no such package '@@+_repo_rules2+com_github_protobuf_matchers//protobuf-matchers': java.io.IOException: Error extracting /data/h445xu/.cache/bazel/_bazel_hongxu/a66b589ca55245870f68cb47083d1045/external/+_repo_rules2+com_github_protobuf_matchers/temp3139459661117374203/master.zip to /data/h445xu/.cache/bazel/_bazel_hongxu/a66b589ca55245870f68cb47083d1045/external/+_repo_rules2+com_github_protobuf_matchers/temp3139459661117374203: Prefix "protobuf-matchers-master" was given, but not found in the archive. Here are possible prefixes for this archive: "protobuf-matchers-main". and referenced by '//internal/base:files_test'
ERROR: /data/h445xu/repo/bazel-repos/cloned_repos/google__nearby/connections/BUILD:104:8: no such package '@@+_repo_rules2+com_github_protobuf_matchers//protobuf-matchers': java.io.IOException: Error extracting /data/h445xu/.cache/bazel/_bazel_hongxu/a66b589ca55245870f68cb47083d1045/external/+_repo_rules2+com_github_protobuf_matchers/temp3139459661117374203/master.zip to /data/h445xu/.cache/bazel/_bazel_hongxu/a66b589ca55245870f68cb47083d1045/external/+_repo_rules2+com_github_protobuf_matchers/temp3139459661117374203: Prefix "protobuf-matchers-master" was given, but not found in the archive. Here are possible prefixes for this archive: "protobuf-matchers-main". and referenced by '//connections:core_test'
ERROR: /data/h445xu/repo/bazel-repos/cloned_repos/google__nearby/connections/implementation/BUILD:518:8: no such package '@@+_repo_rules2+com_github_protobuf_matchers//protobuf-matchers': java.io.IOException: Error extracting /data/h445xu/.cache/bazel/_bazel_hongxu/a66b589ca55245870f68cb47083d1045/external/+_repo_rules2+com_github_protobuf_matchers/temp3139459661117374203/master.zip to /data/h445xu/.cache/bazel/_bazel_hongxu/a66b589ca55245870f68cb47083d1045/external/+_repo_rules2+com_github_protobuf_matchers/temp3139459661117374203: Prefix "protobuf-matchers-master" was given, but not found in the archive. Here are possible prefixes for this archive: "protobuf-matchers-main". and referenced by '//connections/implementation:service_controller_test'
ERROR: /data/h445xu/repo/bazel-repos/cloned_repos/google__nearby/connections/v3/BUILD:52:8: no such package '@@+_repo_rules2+com_github_protobuf_matchers//protobuf-matchers': java.io.IOException: Error extracting /data/h445xu/.cache/bazel/_bazel_hongxu/a66b589ca55245870f68cb47083d1045/external/+_repo_rules2+com_github_protobuf_matchers/temp3139459661117374203/master.zip to /data/h445xu/.cache/bazel/_bazel_hongxu/a66b589ca55245870f68cb47083d1045/external/+_repo_rules2+com_github_protobuf_matchers/temp3139459661117374203: Prefix "protobuf-matchers-master" was given, but not found in the archive. Here are possible prefixes for this archive: "protobuf-matchers-main". and referenced by '//connections/v3:v3_types_test'
ERROR: /data/h445xu/repo/bazel-repos/cloned_repos/google__nearby/connections/implementation/BUILD:271:8: no such package '@@+_repo_rules2+com_github_protobuf_matchers//protobuf-matchers': java.io.IOException: Error extracting /data/h445xu/.cache/bazel/_bazel_hongxu/a66b589ca55245870f68cb47083d1045/external/+_repo_rules2+com_github_protobuf_matchers/temp3139459661117374203/master.zip to /data/h445xu/.cache/bazel/_bazel_hongxu/a66b589ca55245870f68cb47083d1045/external/+_repo_rules2+com_github_protobuf_matchers/temp3139459661117374203: Prefix "protobuf-matchers-master" was given, but not found in the archive. Here are possible prefixes for this archive: "protobuf-matchers-main". and referenced by '//connections/implementation:pcp_manager_test'
ERROR: /data/h445xu/repo/bazel-repos/cloned_repos/google__nearby/connections/implementation/BUILD:289:8: no such package '@@+_repo_rules2+com_github_protobuf_matchers//protobuf-matchers': java.io.IOException: Error extracting /data/h445xu/.cache/bazel/_bazel_hongxu/a66b589ca55245870f68cb47083d1045/external/+_repo_rules2+com_github_protobuf_matchers/temp3139459661117374203/master.zip to /data/h445xu/.cache/bazel/_bazel_hongxu/a66b589ca55245870f68cb47083d1045/external/+_repo_rules2+com_github_protobuf_matchers/temp3139459661117374203: Prefix "protobuf-matchers-master" was given, but not found in the archive. Here are possible prefixes for this archive: "protobuf-matchers-main". and referenced by '//connections/implementation:pcp_handler_test'
ERROR: /data/h445xu/repo/bazel-repos/cloned_repos/google__nearby/connections/implementation/BUILD:474:8: no such package '@@+_repo_rules2+com_github_protobuf_matchers//protobuf-matchers': java.io.IOException: Error extracting /data/h445xu/.cache/bazel/_bazel_hongxu/a66b589ca55245870f68cb47083d1045/external/+_repo_rules2+com_github_protobuf_matchers/temp3139459661117374203/master.zip to /data/h445xu/.cache/bazel/_bazel_hongxu/a66b589ca55245870f68cb47083d1045/external/+_repo_rules2+com_github_protobuf_matchers/temp3139459661117374203: Prefix "protobuf-matchers-master" was given, but not found in the archive. Here are possible prefixes for this archive: "protobuf-matchers-main". and referenced by '//connections/implementation:payload_manager_test'
ERROR: /data/h445xu/repo/bazel-repos/cloned_repos/google__nearby/internal/platform/implementation/apple/BUILD:53:13: no such package 'third_party/apple_frameworks': BUILD file not found in any of the following directories. Add a BUILD file to a directory to mark it as a package.
 - third_party/apple_frameworks and referenced by '//internal/platform/implementation/apple:apple'
ERROR: /data/h445xu/repo/bazel-repos/cloned_repos/google__nearby/internal/platform/implementation/apple/BUILD:163:13: no such package 'third_party/apple_frameworks': BUILD file not found in any of the following directories. Add a BUILD file to a directory to mark it as a package.
 - third_party/apple_frameworks and referenced by '//internal/platform/implementation/apple:Shared'
ERROR: /data/h445xu/repo/bazel-repos/cloned_repos/google__nearby/internal/platform/implementation/apple/BUILD:252:8: error loading package '@@+_repo_rules2+com_google_nisaba//nisaba/port': Label '@@+_repo_rules2+com_google_nisaba//third_party/bazel_rules/rules_cc/cc:cc_library.bzl' is invalid because 'third_party/bazel_rules/rules_cc/cc' is not a package; perhaps you meant to put the colon here: '@@+_repo_rules2+com_google_nisaba//:third_party/bazel_rules/rules_cc/cc/cc_library.bzl'? and referenced by '//internal/platform/implementation/apple:Platform_cc_test'
ERROR: /data/h445xu/repo/bazel-repos/cloned_repos/google__nearby/internal/platform/implementation/apple/Mediums/BUILD:24:13: no such package 'third_party/apple_frameworks': BUILD file not found in any of the following directories. Add a BUILD file to a directory to mark it as a package.
 - third_party/apple_frameworks and referenced by '//internal/platform/implementation/apple/Mediums:Mediums'
ERROR: /data/h445xu/repo/bazel-repos/cloned_repos/google__nearby/internal/platform/implementation/apple/Mediums/BUILD:24:13: no such package 'third_party/apple_frameworks': BUILD file not found in any of the following directories. Add a BUILD file to a directory to mark it as a package.
 - third_party/apple_frameworks and referenced by '//internal/platform/implementation/apple/Mediums:Mediums'
ERROR: /data/h445xu/repo/bazel-repos/cloned_repos/google__nearby/internal/platform/implementation/apple/Mediums/BUILD:24:13: no such package 'third_party/apple_frameworks': BUILD file not found in any of the following directories. Add a BUILD file to a directory to mark it as a package.
 - third_party/apple_frameworks and referenced by '//internal/platform/implementation/apple/Mediums:Mediums'
ERROR: /data/h445xu/repo/bazel-repos/cloned_repos/google__nearby/internal/platform/implementation/apple/Mediums/BUILD:24:13: no such package 'third_party/apple_frameworks': BUILD file not found in any of the following directories. Add a BUILD file to a directory to mark it as a package.
 - third_party/apple_frameworks and referenced by '//internal/platform/implementation/apple/Mediums:Mediums'
ERROR: /data/h445xu/repo/bazel-repos/cloned_repos/google__nearby/internal/platform/implementation/apple/Mediums/BUILD:24:13: no such package 'third_party/apple_frameworks': BUILD file not found in any of the following directories. Add a BUILD file to a directory to mark it as a package.
 - third_party/apple_frameworks and referenced by '//internal/platform/implementation/apple/Mediums:Mediums'
ERROR: /data/h445xu/repo/bazel-repos/cloned_repos/google__nearby/internal/platform/implementation/apple/Mediums/BUILD:24:13: no such package 'third_party/apple_frameworks': BUILD file not found in any of the following directories. Add a BUILD file to a directory to mark it as a package.
 - third_party/apple_frameworks and referenced by '//internal/platform/implementation/apple/Mediums:Mediums'
ERROR: Evaluation of query "deps(//...)" failed: errors were encountered while computing transitive closure
WARNING: --keep_going specified, ignoring errors. Results may be inaccurate
Read 0 lines from bazel query output...
Read 1000 lines from bazel query output...
Read 2000 lines from bazel query output...
Read 3000 lines from bazel query output...
Read 4000 lines from bazel query output...
Read 5000 lines from bazel query output...
Read 6000 lines from bazel query output...
Read 7000 lines from bazel query output...
Read 8000 lines from bazel query output...
Read 9000 lines from bazel query output...
Read 10000 lines from bazel query output...
Read 11000 lines from bazel query output...
Read 12000 lines from bazel query output...
Read 13000 lines from bazel query output...
Read 14000 lines from bazel query output...
Read 15000 lines from bazel query output...
Read 16000 lines from bazel query output...
Read 17000 lines from bazel query output...
Read 18000 lines from bazel query output...
Read 19000 lines from bazel query output...
Read 20000 lines from bazel query output...
Read 21000 lines from bazel query output...
Read 22000 lines from bazel query output...
Read 23000 lines from bazel query output...
Read 24000 lines from bazel query output...
Read 25000 lines from bazel query output...
Read 26000 lines from bazel query output...
Read 27000 lines from bazel query output...
Read 28000 lines from bazel query output...
Read 29000 lines from bazel query output...
Read 30000 lines from bazel query output...
Read 31000 lines from bazel query output...
Read 32000 lines from bazel query output...
Read 33000 lines from bazel query output...
Read 34000 lines from bazel query output...
Read 35000 lines from bazel query output...
Read 36000 lines from bazel query output...
Read 37000 lines from bazel query output...
Read 38000 lines from bazel query output...
Read 39000 lines from bazel query output...
Read 40000 lines from bazel query output...
Read 41000 lines from bazel query output...
Read 42000 lines from bazel query output...
Read 43000 lines from bazel query output...
Read 44000 lines from bazel query output...
Read 45000 lines from bazel query output...
Read 46000 lines from bazel query output...
Read 47000 lines from bazel query output...
Read 48000 lines from bazel query output...
Read 49000 lines from bazel query output...
Read 50000 lines from bazel query output...
Read 51000 lines from bazel query output...
Read 52000 lines from bazel query output...
Read 53000 lines from bazel query output...
Read 54000 lines from bazel query output...
Read 55000 lines from bazel query output...
Read 56000 lines from bazel query output...
Read 57000 lines from bazel query output...
Read 58000 lines from bazel query output...
Read 59000 lines from bazel query output...
Read 60000 lines from bazel query output...
Read 61000 lines from bazel query output...
Read 62000 lines from bazel query output...
Read 63000 lines from bazel query output...
Read 64000 lines from bazel query output...
Read 65000 lines from bazel query output...
Loading: 237 packages loaded
    currently loading: connections/dart ... (9 packages)
