Starting local Bazel server and connecting to it...
 checking cached actions
 checking cached actions
 checking cached actions
 checking cached actions
Loading: 0 packages loaded
Loading: 1 packages loaded
    currently loading:  ... (3 packages)
INFO: Repository rules_swift~2.0.0~non_module_deps~build_bazel_rules_swift_local_config instantiated at:
  <builtin>: in <toplevel>
Repository rule swift_autoconfiguration defined at:
  /data/h445xu/.cache/bazel/_bazel_hongxu/30c06a9d12854378fea521d54ecfd7a1/external/rules_swift~2.0.0/swift/internal/swift_autoconfiguration.bzl:418:42: in <toplevel>
ERROR: An error occurred during the fetch of repository 'rules_swift~2.0.0~non_module_deps~build_bazel_rules_swift_local_config':
   Traceback (most recent call last):
	File "/data/h445xu/.cache/bazel/_bazel_hongxu/30c06a9d12854378fea521d54ecfd7a1/external/rules_swift~2.0.0/swift/internal/swift_autoconfiguration.bzl", line 416, column 32, in _swift_autoconfiguration_impl
		_create_linux_toolchain(repository_ctx)
	File "/data/h445xu/.cache/bazel/_bazel_hongxu/30c06a9d12854378fea521d54ecfd7a1/external/rules_swift~2.0.0/swift/internal/swift_autoconfiguration.bzl", line 249, column 13, in _create_linux_toolchain
		fail("No 'swiftc' executable found in $PATH")
Error in fail: No 'swiftc' executable found in $PATH
ERROR: <builtin>: fetching swift_autoconfiguration rule //:rules_swift~2.0.0~non_module_deps~build_bazel_rules_swift_local_config: Traceback (most recent call last):
	File "/data/h445xu/.cache/bazel/_bazel_hongxu/30c06a9d12854378fea521d54ecfd7a1/external/rules_swift~2.0.0/swift/internal/swift_autoconfiguration.bzl", line 416, column 32, in _swift_autoconfiguration_impl
		_create_linux_toolchain(repository_ctx)
	File "/data/h445xu/.cache/bazel/_bazel_hongxu/30c06a9d12854378fea521d54ecfd7a1/external/rules_swift~2.0.0/swift/internal/swift_autoconfiguration.bzl", line 249, column 13, in _create_linux_toolchain
		fail("No 'swiftc' executable found in $PATH")
Error in fail: No 'swiftc' executable found in $PATH
ERROR: /data/h445xu/.cache/bazel/_bazel_hongxu/30c06a9d12854378fea521d54ecfd7a1/external/rules_swift~2.0.0/tools/test_observer/BUILD:6:14: every rule of type swift_library implicitly depends upon the target '@@rules_swift~2.0.0~non_module_deps~build_bazel_rules_swift_local_config//:toolchain', but this target could not be found because of: no such package '@@rules_swift~2.0.0~non_module_deps~build_bazel_rules_swift_local_config//': No 'swiftc' executable found in $PATH
ERROR: /data/h445xu/.cache/bazel/_bazel_hongxu/30c06a9d12854378fea521d54ecfd7a1/external/swxmlhash~7.0.2.2/BUILD.bazel:3:14: every rule of type swift_library implicitly depends upon the target '@@rules_swift~2.0.0~non_module_deps~build_bazel_rules_swift_local_config//:toolchain', but this target could not be found because of: no such package '@@rules_swift~2.0.0~non_module_deps~build_bazel_rules_swift_local_config//': No 'swiftc' executable found in $PATH
Loading: 21 packages loaded
    currently loading: @@rules_swift~2.0.0~non_module_deps~com_github_apple_swift_docc_symbolkit//
ERROR: /data/h445xu/.cache/bazel/_bazel_hongxu/30c06a9d12854378fea521d54ecfd7a1/external/rules_swift~2.0.0~non_module_deps~com_github_apple_swift_docc_symbolkit/BUILD.bazel:3:14: every rule of type swift_library implicitly depends upon the target '@@rules_swift~2.0.0~non_module_deps~build_bazel_rules_swift_local_config//:toolchain', but this target could not be found because of: no such package '@@rules_swift~2.0.0~non_module_deps~build_bazel_rules_swift_local_config//': No 'swiftc' executable found in $PATH
ERROR: /data/h445xu/.cache/bazel/_bazel_hongxu/30c06a9d12854378fea521d54ecfd7a1/external/swift_argument_parser~1.3.1.2/BUILD.bazel:3:14: every rule of type swift_library implicitly depends upon the target '@@rules_swift~2.0.0~non_module_deps~build_bazel_rules_swift_local_config//:toolchain', but this target could not be found because of: no such package '@@rules_swift~2.0.0~non_module_deps~build_bazel_rules_swift_local_config//': No 'swiftc' executable found in $PATH
ERROR: /data/h445xu/.cache/bazel/_bazel_hongxu/30c06a9d12854378fea521d54ecfd7a1/external/swift_argument_parser~1.3.1.2/BUILD.bazel:9:14: every rule of type swift_library implicitly depends upon the target '@@rules_swift~2.0.0~non_module_deps~build_bazel_rules_swift_local_config//:toolchain', but this target could not be found because of: no such package '@@rules_swift~2.0.0~non_module_deps~build_bazel_rules_swift_local_config//': No 'swiftc' executable found in $PATH
Loading: 31 packages loaded
ERROR: /data/h445xu/.cache/bazel/_bazel_hongxu/30c06a9d12854378fea521d54ecfd7a1/external/rules_swift~2.0.0/tools/test_discoverer/BUILD:6:13: every rule of type swift_binary implicitly depends upon the target '@@rules_swift~2.0.0~non_module_deps~build_bazel_rules_swift_local_config//:toolchain', but this target could not be found because of: no such package '@@rules_swift~2.0.0~non_module_deps~build_bazel_rules_swift_local_config//': No 'swiftc' executable found in $PATH
ERROR: /data/h445xu/.cache/bazel/_bazel_hongxu/30c06a9d12854378fea521d54ecfd7a1/external/yams~6.0.1/BUILD:18:14: every rule of type swift_library implicitly depends upon the target '@@rules_swift~2.0.0~non_module_deps~build_bazel_rules_swift_local_config//:toolchain', but this target could not be found because of: no such package '@@rules_swift~2.0.0~non_module_deps~build_bazel_rules_swift_local_config//': No 'swiftc' executable found in $PATH
ERROR: /data/h445xu/repo/bazel-repos/cloned_repos/jpsim__SourceKitten/BUILD:7:14: every rule of type swift_library implicitly depends upon the target '@@rules_swift~2.0.0~non_module_deps~build_bazel_rules_swift_local_config//:toolchain', but this target could not be found because of: no such package '@@rules_swift~2.0.0~non_module_deps~build_bazel_rules_swift_local_config//': No 'swiftc' executable found in $PATH
ERROR: /data/h445xu/repo/bazel-repos/cloned_repos/jpsim__SourceKitten/BUILD:21:13: every rule of type swift_binary implicitly depends upon the target '@@rules_swift~2.0.0~non_module_deps~build_bazel_rules_swift_local_config//:toolchain', but this target could not be found because of: no such package '@@rules_swift~2.0.0~non_module_deps~build_bazel_rules_swift_local_config//': No 'swiftc' executable found in $PATH
ERROR: /data/h445xu/repo/bazel-repos/cloned_repos/jpsim__SourceKitten/Tests/BUILD:6:11: every rule of type swift_test implicitly depends upon the target '@@rules_swift~2.0.0~non_module_deps~build_bazel_rules_swift_local_config//:toolchain', but this target could not be found because of: no such package '@@rules_swift~2.0.0~non_module_deps~build_bazel_rules_swift_local_config//': No 'swiftc' executable found in $PATH
WARNING: --keep_going specified, ignoring errors. Results may be inaccurate
Read 0 lines from bazel query output...
Read 1000 lines from bazel query output...
