Loading: 0 packages loaded
ERROR: error loading package 'python/dist': cannot load '@@rules_python~~python~python_3_12//:version.bzl': no such file
ERROR: /data/h445xu/repo/bazel-repos/cloned_repos/protocolbuffers__protobuf/python/BUILD.bazel:14:14: error loading package 'python/dist': cannot load '@@rules_python~~python~python_3_12//:version.bzl': no such file and referenced by '//python:google/protobuf/internal/_api_implementation.so'
ERROR: /data/h445xu/repo/bazel-repos/cloned_repos/protocolbuffers__protobuf/python/BUILD.bazel:14:14: error loading package 'python/dist': cannot load '@@rules_python~~python~python_3_12//:version.bzl': no such file and referenced by '//python:google/protobuf/pyext/_message.so'
ERROR: /data/h445xu/repo/bazel-repos/cloned_repos/protocolbuffers__protobuf/python/BUILD.bazel:139:13: no such target '@@rules_python~~python~python_3_12//:none': target 'none' not declared in package '' defined by /data/h445xu/.cache/bazel/_bazel_hongxu/f31289449e926e3958fb3b85e1e0a73d/external/rules_python~~python~python_3_12/BUILD.bazel and referenced by '//python:_message_binary'
ERROR: /data/h445xu/repo/bazel-repos/cloned_repos/protocolbuffers__protobuf/python/BUILD.bazel:139:13: no such target '@@rules_python~~python~python_3_12//:unsupported': target 'unsupported' not declared in package '' defined by /data/h445xu/.cache/bazel/_bazel_hongxu/f31289449e926e3958fb3b85e1e0a73d/external/rules_python~~python~python_3_12/BUILD.bazel and referenced by '//python:_message_binary'
ERROR: /data/h445xu/repo/bazel-repos/cloned_repos/protocolbuffers__protobuf/python/BUILD.bazel:139:13: error loading package 'python/dist': cannot load '@@rules_python~~python~python_3_12//:version.bzl': no such file and referenced by '//python:_message_binary'
ERROR: /data/h445xu/repo/bazel-repos/cloned_repos/protocolbuffers__protobuf/python/BUILD.bazel:139:13: no such package '@@[unknown repo 'python-3.9.0' requested from @@]//': The repository '@@[unknown repo 'python-3.9.0' requested from @@]' could not be resolved: No repository visible as '@python-3.9.0' from main repository and referenced by '//python:_message_binary'
ERROR: /data/h445xu/repo/bazel-repos/cloned_repos/protocolbuffers__protobuf/python/BUILD.bazel:139:13: no such package '@@[unknown repo 'nuget_python_i686_3.9.0' requested from @@]//': The repository '@@[unknown repo 'nuget_python_i686_3.9.0' requested from @@]' could not be resolved: No repository visible as '@nuget_python_i686_3.9.0' from main repository and referenced by '//python:_message_binary'
ERROR: /data/h445xu/repo/bazel-repos/cloned_repos/protocolbuffers__protobuf/python/BUILD.bazel:139:13: no such package '@@[unknown repo 'nuget_python_x86-64_3.9.0' requested from @@]//': The repository '@@[unknown repo 'nuget_python_x86-64_3.9.0' requested from @@]' could not be resolved: No repository visible as '@nuget_python_x86-64_3.9.0' from main repository and referenced by '//python:_message_binary'
ERROR: /data/h445xu/repo/bazel-repos/cloned_repos/protocolbuffers__protobuf/python/BUILD.bazel:139:13: no such package '@@[unknown repo 'nuget_python_i686_3.10.0' requested from @@]//': The repository '@@[unknown repo 'nuget_python_i686_3.10.0' requested from @@]' could not be resolved: No repository visible as '@nuget_python_i686_3.10.0' from main repository and referenced by '//python:_message_binary'
ERROR: /data/h445xu/repo/bazel-repos/cloned_repos/protocolbuffers__protobuf/python/BUILD.bazel:139:13: no such package '@@[unknown repo 'nuget_python_x86-64_3.10.0' requested from @@]//': The repository '@@[unknown repo 'nuget_python_x86-64_3.10.0' requested from @@]' could not be resolved: No repository visible as '@nuget_python_x86-64_3.10.0' from main repository and referenced by '//python:_message_binary'
ERROR: /data/h445xu/repo/bazel-repos/cloned_repos/protocolbuffers__protobuf/hpb/bazel/BUILD:14:12: no such package 'tools/build_defs/proto': BUILD file not found in any of the following directories. Add a BUILD file to a directory to mark it as a package.
 - /data/h445xu/repo/bazel-repos/cloned_repos/protocolbuffers__protobuf/tools/build_defs/proto and referenced by '//hpb/bazel:hpb_proto_library_bzl'
ERROR: /data/h445xu/.cache/bazel/_bazel_hongxu/f31289449e926e3958fb3b85e1e0a73d/external/grpc-java~/protobuf/BUILD.bazel:3:13: no such target '@@rules_jvm_external~~maven~maven//:com_google_api_grpc_proto_google_common_protos': target 'com_google_api_grpc_proto_google_common_protos' not declared in package '' defined by /data/h445xu/.cache/bazel/_bazel_hongxu/f31289449e926e3958fb3b85e1e0a73d/external/rules_jvm_external~~maven~maven/BUILD and referenced by '@@grpc-java~//protobuf:protobuf'
ERROR: /data/h445xu/.cache/bazel/_bazel_hongxu/f31289449e926e3958fb3b85e1e0a73d/external/grpc-java~/stub/BUILD.bazel:21:13: no such target '@@rules_jvm_external~~maven~maven//:org_apache_tomcat_annotations_api': target 'org_apache_tomcat_annotations_api' not declared in package '' defined by /data/h445xu/.cache/bazel/_bazel_hongxu/f31289449e926e3958fb3b85e1e0a73d/external/rules_jvm_external~~maven~maven/BUILD and referenced by '@@grpc-java~//stub:javax_annotation'
ERROR: /data/h445xu/.cache/bazel/_bazel_hongxu/f31289449e926e3958fb3b85e1e0a73d/external/grpc-java~/core/BUILD.bazel:15:13: no such target '@@rules_jvm_external~~maven~maven//:com_google_android_annotations': target 'com_google_android_annotations' not declared in package '' defined by /data/h445xu/.cache/bazel/_bazel_hongxu/f31289449e926e3958fb3b85e1e0a73d/external/rules_jvm_external~~maven~maven/BUILD and referenced by '@@grpc-java~//core:internal'
ERROR: /data/h445xu/.cache/bazel/_bazel_hongxu/f31289449e926e3958fb3b85e1e0a73d/external/grpc-java~/core/BUILD.bazel:15:13: no such target '@@rules_jvm_external~~maven~maven//:io_perfmark_perfmark_api': target 'io_perfmark_perfmark_api' not declared in package '' defined by /data/h445xu/.cache/bazel/_bazel_hongxu/f31289449e926e3958fb3b85e1e0a73d/external/rules_jvm_external~~maven~maven/BUILD and referenced by '@@grpc-java~//core:internal'
ERROR: /data/h445xu/.cache/bazel/_bazel_hongxu/f31289449e926e3958fb3b85e1e0a73d/external/grpc-java~/core/BUILD.bazel:15:13: no such target '@@rules_jvm_external~~maven~maven//:org_codehaus_mojo_animal_sniffer_annotations': target 'org_codehaus_mojo_animal_sniffer_annotations' not declared in package '' defined by /data/h445xu/.cache/bazel/_bazel_hongxu/f31289449e926e3958fb3b85e1e0a73d/external/rules_jvm_external~~maven~maven/BUILD and referenced by '@@grpc-java~//core:internal'
ERROR: /data/h445xu/.cache/bazel/_bazel_hongxu/f31289449e926e3958fb3b85e1e0a73d/external/grpc-java~/util/BUILD.bazel:3:13: no such target '@@rules_jvm_external~~maven~maven//:org_codehaus_mojo_animal_sniffer_annotations': target 'org_codehaus_mojo_animal_sniffer_annotations' not declared in package '' defined by /data/h445xu/.cache/bazel/_bazel_hongxu/f31289449e926e3958fb3b85e1e0a73d/external/rules_jvm_external~~maven~maven/BUILD and referenced by '@@grpc-java~//util:util'
ERROR: /data/h445xu/.cache/bazel/_bazel_hongxu/f31289449e926e3958fb3b85e1e0a73d/external/grpc-java~/netty/BUILD.bazel:3:13: no such target '@@rules_jvm_external~~maven~maven//:io_netty_netty_buffer': target 'io_netty_netty_buffer' not declared in package '' defined by /data/h445xu/.cache/bazel/_bazel_hongxu/f31289449e926e3958fb3b85e1e0a73d/external/rules_jvm_external~~maven~maven/BUILD and referenced by '@@grpc-java~//netty:netty'
ERROR: /data/h445xu/.cache/bazel/_bazel_hongxu/f31289449e926e3958fb3b85e1e0a73d/external/grpc-java~/netty/BUILD.bazel:3:13: no such target '@@rules_jvm_external~~maven~maven//:io_netty_netty_codec': target 'io_netty_netty_codec' not declared in package '' defined by /data/h445xu/.cache/bazel/_bazel_hongxu/f31289449e926e3958fb3b85e1e0a73d/external/rules_jvm_external~~maven~maven/BUILD and referenced by '@@grpc-java~//netty:netty'
ERROR: /data/h445xu/.cache/bazel/_bazel_hongxu/f31289449e926e3958fb3b85e1e0a73d/external/grpc-java~/netty/BUILD.bazel:3:13: no such target '@@rules_jvm_external~~maven~maven//:io_netty_netty_codec_http': target 'io_netty_netty_codec_http' not declared in package '' defined by /data/h445xu/.cache/bazel/_bazel_hongxu/f31289449e926e3958fb3b85e1e0a73d/external/rules_jvm_external~~maven~maven/BUILD and referenced by '@@grpc-java~//netty:netty'
ERROR: /data/h445xu/.cache/bazel/_bazel_hongxu/f31289449e926e3958fb3b85e1e0a73d/external/grpc-java~/netty/BUILD.bazel:3:13: no such target '@@rules_jvm_external~~maven~maven//:io_netty_netty_codec_http2': target 'io_netty_netty_codec_http2' not declared in package '' defined by /data/h445xu/.cache/bazel/_bazel_hongxu/f31289449e926e3958fb3b85e1e0a73d/external/rules_jvm_external~~maven~maven/BUILD and referenced by '@@grpc-java~//netty:netty'
ERROR: /data/h445xu/.cache/bazel/_bazel_hongxu/f31289449e926e3958fb3b85e1e0a73d/external/grpc-java~/netty/BUILD.bazel:3:13: no such target '@@rules_jvm_external~~maven~maven//:io_netty_netty_codec_socks': target 'io_netty_netty_codec_socks' not declared in package '' defined by /data/h445xu/.cache/bazel/_bazel_hongxu/f31289449e926e3958fb3b85e1e0a73d/external/rules_jvm_external~~maven~maven/BUILD and referenced by '@@grpc-java~//netty:netty'
ERROR: /data/h445xu/.cache/bazel/_bazel_hongxu/f31289449e926e3958fb3b85e1e0a73d/external/grpc-java~/netty/BUILD.bazel:3:13: no such target '@@rules_jvm_external~~maven~maven//:io_netty_netty_common': target 'io_netty_netty_common' not declared in package '' defined by /data/h445xu/.cache/bazel/_bazel_hongxu/f31289449e926e3958fb3b85e1e0a73d/external/rules_jvm_external~~maven~maven/BUILD and referenced by '@@grpc-java~//netty:netty'
ERROR: /data/h445xu/.cache/bazel/_bazel_hongxu/f31289449e926e3958fb3b85e1e0a73d/external/grpc-java~/netty/BUILD.bazel:3:13: no such target '@@rules_jvm_external~~maven~maven//:io_netty_netty_handler': target 'io_netty_netty_handler' not declared in package '' defined by /data/h445xu/.cache/bazel/_bazel_hongxu/f31289449e926e3958fb3b85e1e0a73d/external/rules_jvm_external~~maven~maven/BUILD and referenced by '@@grpc-java~//netty:netty'
ERROR: /data/h445xu/.cache/bazel/_bazel_hongxu/f31289449e926e3958fb3b85e1e0a73d/external/grpc-java~/netty/BUILD.bazel:3:13: no such target '@@rules_jvm_external~~maven~maven//:io_netty_netty_handler_proxy': target 'io_netty_netty_handler_proxy' not declared in package '' defined by /data/h445xu/.cache/bazel/_bazel_hongxu/f31289449e926e3958fb3b85e1e0a73d/external/rules_jvm_external~~maven~maven/BUILD and referenced by '@@grpc-java~//netty:netty'
ERROR: /data/h445xu/.cache/bazel/_bazel_hongxu/f31289449e926e3958fb3b85e1e0a73d/external/grpc-java~/netty/BUILD.bazel:3:13: no such target '@@rules_jvm_external~~maven~maven//:io_netty_netty_resolver': target 'io_netty_netty_resolver' not declared in package '' defined by /data/h445xu/.cache/bazel/_bazel_hongxu/f31289449e926e3958fb3b85e1e0a73d/external/rules_jvm_external~~maven~maven/BUILD and referenced by '@@grpc-java~//netty:netty'
ERROR: /data/h445xu/.cache/bazel/_bazel_hongxu/f31289449e926e3958fb3b85e1e0a73d/external/grpc-java~/netty/BUILD.bazel:3:13: no such target '@@rules_jvm_external~~maven~maven//:io_netty_netty_transport': target 'io_netty_netty_transport' not declared in package '' defined by /data/h445xu/.cache/bazel/_bazel_hongxu/f31289449e926e3958fb3b85e1e0a73d/external/rules_jvm_external~~maven~maven/BUILD and referenced by '@@grpc-java~//netty:netty'
ERROR: /data/h445xu/.cache/bazel/_bazel_hongxu/f31289449e926e3958fb3b85e1e0a73d/external/grpc-java~/netty/BUILD.bazel:3:13: no such target '@@rules_jvm_external~~maven~maven//:io_netty_netty_transport_native_unix_common': target 'io_netty_netty_transport_native_unix_common' not declared in package '' defined by /data/h445xu/.cache/bazel/_bazel_hongxu/f31289449e926e3958fb3b85e1e0a73d/external/rules_jvm_external~~maven~maven/BUILD and referenced by '@@grpc-java~//netty:netty'
ERROR: /data/h445xu/.cache/bazel/_bazel_hongxu/f31289449e926e3958fb3b85e1e0a73d/external/grpc-java~/netty/BUILD.bazel:3:13: no such target '@@rules_jvm_external~~maven~maven//:io_perfmark_perfmark_api': target 'io_perfmark_perfmark_api' not declared in package '' defined by /data/h445xu/.cache/bazel/_bazel_hongxu/f31289449e926e3958fb3b85e1e0a73d/external/rules_jvm_external~~maven~maven/BUILD and referenced by '@@grpc-java~//netty:netty'
ERROR: /data/h445xu/.cache/bazel/_bazel_hongxu/f31289449e926e3958fb3b85e1e0a73d/external/grpc-java~/alts/BUILD.bazel:5:13: no such target '@@rules_jvm_external~~maven~maven//:io_netty_netty_buffer': target 'io_netty_netty_buffer' not declared in package '' defined by /data/h445xu/.cache/bazel/_bazel_hongxu/f31289449e926e3958fb3b85e1e0a73d/external/rules_jvm_external~~maven~maven/BUILD and referenced by '@@grpc-java~//alts:alts_internal'
ERROR: /data/h445xu/.cache/bazel/_bazel_hongxu/f31289449e926e3958fb3b85e1e0a73d/external/grpc-java~/alts/BUILD.bazel:5:13: no such target '@@rules_jvm_external~~maven~maven//:io_netty_netty_codec': target 'io_netty_netty_codec' not declared in package '' defined by /data/h445xu/.cache/bazel/_bazel_hongxu/f31289449e926e3958fb3b85e1e0a73d/external/rules_jvm_external~~maven~maven/BUILD and referenced by '@@grpc-java~//alts:alts_internal'
ERROR: /data/h445xu/.cache/bazel/_bazel_hongxu/f31289449e926e3958fb3b85e1e0a73d/external/grpc-java~/alts/BUILD.bazel:5:13: no such target '@@rules_jvm_external~~maven~maven//:io_netty_netty_common': target 'io_netty_netty_common' not declared in package '' defined by /data/h445xu/.cache/bazel/_bazel_hongxu/f31289449e926e3958fb3b85e1e0a73d/external/rules_jvm_external~~maven~maven/BUILD and referenced by '@@grpc-java~//alts:alts_internal'
ERROR: /data/h445xu/.cache/bazel/_bazel_hongxu/f31289449e926e3958fb3b85e1e0a73d/external/grpc-java~/alts/BUILD.bazel:5:13: no such target '@@rules_jvm_external~~maven~maven//:io_netty_netty_handler': target 'io_netty_netty_handler' not declared in package '' defined by /data/h445xu/.cache/bazel/_bazel_hongxu/f31289449e926e3958fb3b85e1e0a73d/external/rules_jvm_external~~maven~maven/BUILD and referenced by '@@grpc-java~//alts:alts_internal'
ERROR: /data/h445xu/.cache/bazel/_bazel_hongxu/f31289449e926e3958fb3b85e1e0a73d/external/grpc-java~/alts/BUILD.bazel:5:13: no such target '@@rules_jvm_external~~maven~maven//:io_netty_netty_transport': target 'io_netty_netty_transport' not declared in package '' defined by /data/h445xu/.cache/bazel/_bazel_hongxu/f31289449e926e3958fb3b85e1e0a73d/external/rules_jvm_external~~maven~maven/BUILD and referenced by '@@grpc-java~//alts:alts_internal'
ERROR: /data/h445xu/.cache/bazel/_bazel_hongxu/f31289449e926e3958fb3b85e1e0a73d/external/grpc-java~/auth/BUILD.bazel:3:13: no such target '@@rules_jvm_external~~maven~maven//:com_google_auth_google_auth_library_credentials': target 'com_google_auth_google_auth_library_credentials' not declared in package '' defined by /data/h445xu/.cache/bazel/_bazel_hongxu/f31289449e926e3958fb3b85e1e0a73d/external/rules_jvm_external~~maven~maven/BUILD and referenced by '@@grpc-java~//auth:auth'
ERROR: /data/h445xu/.cache/bazel/_bazel_hongxu/f31289449e926e3958fb3b85e1e0a73d/external/grpc-java~/alts/BUILD.bazel:31:13: no such target '@@rules_jvm_external~~maven~maven//:com_google_auth_google_auth_library_oauth2_http': target 'com_google_auth_google_auth_library_oauth2_http' not declared in package '' defined by /data/h445xu/.cache/bazel/_bazel_hongxu/f31289449e926e3958fb3b85e1e0a73d/external/rules_jvm_external~~maven~maven/BUILD and referenced by '@@grpc-java~//alts:alts'
ERROR: /data/h445xu/.cache/bazel/_bazel_hongxu/f31289449e926e3958fb3b85e1e0a73d/external/grpc-java~/alts/BUILD.bazel:31:13: no such target '@@rules_jvm_external~~maven~maven//:io_netty_netty_common': target 'io_netty_netty_common' not declared in package '' defined by /data/h445xu/.cache/bazel/_bazel_hongxu/f31289449e926e3958fb3b85e1e0a73d/external/rules_jvm_external~~maven~maven/BUILD and referenced by '@@grpc-java~//alts:alts'
ERROR: /data/h445xu/.cache/bazel/_bazel_hongxu/f31289449e926e3958fb3b85e1e0a73d/external/grpc-java~/alts/BUILD.bazel:31:13: no such target '@@rules_jvm_external~~maven~maven//:io_netty_netty_handler': target 'io_netty_netty_handler' not declared in package '' defined by /data/h445xu/.cache/bazel/_bazel_hongxu/f31289449e926e3958fb3b85e1e0a73d/external/rules_jvm_external~~maven~maven/BUILD and referenced by '@@grpc-java~//alts:alts'
ERROR: /data/h445xu/.cache/bazel/_bazel_hongxu/f31289449e926e3958fb3b85e1e0a73d/external/grpc-java~/alts/BUILD.bazel:31:13: no such target '@@rules_jvm_external~~maven~maven//:io_netty_netty_transport': target 'io_netty_netty_transport' not declared in package '' defined by /data/h445xu/.cache/bazel/_bazel_hongxu/f31289449e926e3958fb3b85e1e0a73d/external/rules_jvm_external~~maven~maven/BUILD and referenced by '@@grpc-java~//alts:alts'
ERROR: Traceback (most recent call last):
	File "/data/h445xu/.cache/bazel/_bazel_hongxu/f31289449e926e3958fb3b85e1e0a73d/external/grpc~~grpc_repo_deps_ext~com_envoyproxy_protoc_gen_validate/validate/BUILD", line 1, column 46, in <toplevel>
		load("@com_google_protobuf//:protobuf.bzl", "py_proto_library")
Error: file '@com_google_protobuf//:protobuf.bzl' does not contain symbol 'py_proto_library'
ERROR: /data/h445xu/.cache/bazel/_bazel_hongxu/f31289449e926e3958fb3b85e1e0a73d/external/grpc-java~~grpc_java_repositories_extension~envoy_api/envoy/annotations/BUILD:5:18: no such target '@@grpc~~grpc_repo_deps_ext~com_envoyproxy_protoc_gen_validate//validate:validate_proto': target 'validate_proto' not declared in package 'validate' defined by /data/h445xu/.cache/bazel/_bazel_hongxu/f31289449e926e3958fb3b85e1e0a73d/external/grpc~~grpc_repo_deps_ext~com_envoyproxy_protoc_gen_validate/validate/BUILD and referenced by '@@grpc-java~~grpc_java_repositories_extension~envoy_api//envoy/annotations:pkg'
ERROR: Traceback (most recent call last):
	File "/data/h445xu/.cache/bazel/_bazel_hongxu/f31289449e926e3958fb3b85e1e0a73d/external/grpc-java~~grpc_java_repositories_extension~com_github_cncf_xds/bazel/api_build_system.bzl", line 2, column 66, in <toplevel>
		load("@com_google_protobuf//:protobuf.bzl", _py_proto_library = "py_proto_library")
Error: file '@com_google_protobuf//:protobuf.bzl' does not contain symbol 'py_proto_library'
ERROR: /data/h445xu/.cache/bazel/_bazel_hongxu/f31289449e926e3958fb3b85e1e0a73d/external/grpc-java~~grpc_java_repositories_extension~envoy_api/envoy/type/BUILD:7:18: error loading package '@@grpc-java~~grpc_java_repositories_extension~com_github_cncf_xds//udpa/annotations': initialization of module 'bazel/api_build_system.bzl' failed and referenced by '@@grpc-java~~grpc_java_repositories_extension~envoy_api//envoy/type:pkg'
ERROR: /data/h445xu/.cache/bazel/_bazel_hongxu/f31289449e926e3958fb3b85e1e0a73d/external/grpc-java~~grpc_java_repositories_extension~envoy_api/envoy/type/BUILD:7:18: no such target '@@grpc~~grpc_repo_deps_ext~com_envoyproxy_protoc_gen_validate//validate:validate_proto': target 'validate_proto' not declared in package 'validate' defined by /data/h445xu/.cache/bazel/_bazel_hongxu/f31289449e926e3958fb3b85e1e0a73d/external/grpc~~grpc_repo_deps_ext~com_envoyproxy_protoc_gen_validate/validate/BUILD and referenced by '@@grpc-java~~grpc_java_repositories_extension~envoy_api//envoy/type:pkg'
ERROR: /data/h445xu/.cache/bazel/_bazel_hongxu/f31289449e926e3958fb3b85e1e0a73d/external/grpc-java~~grpc_java_repositories_extension~envoy_api/envoy/type/matcher/BUILD:7:18: error loading package '@@grpc-java~~grpc_java_repositories_extension~com_github_cncf_xds//udpa/annotations': initialization of module 'bazel/api_build_system.bzl' failed and referenced by '@@grpc-java~~grpc_java_repositories_extension~envoy_api//envoy/type/matcher:pkg'
ERROR: /data/h445xu/.cache/bazel/_bazel_hongxu/f31289449e926e3958fb3b85e1e0a73d/external/grpc-java~~grpc_java_repositories_extension~envoy_api/envoy/type/matcher/BUILD:7:18: no such target '@@grpc~~grpc_repo_deps_ext~com_envoyproxy_protoc_gen_validate//validate:validate_proto': target 'validate_proto' not declared in package 'validate' defined by /data/h445xu/.cache/bazel/_bazel_hongxu/f31289449e926e3958fb3b85e1e0a73d/external/grpc~~grpc_repo_deps_ext~com_envoyproxy_protoc_gen_validate/validate/BUILD and referenced by '@@grpc-java~~grpc_java_repositories_extension~envoy_api//envoy/type/matcher:pkg'
ERROR: /data/h445xu/.cache/bazel/_bazel_hongxu/f31289449e926e3958fb3b85e1e0a73d/external/grpc-java~~grpc_java_repositories_extension~envoy_api/envoy/api/v2/core/BUILD:7:18: error loading package '@@grpc-java~~grpc_java_repositories_extension~com_github_cncf_xds//udpa/annotations': initialization of module 'bazel/api_build_system.bzl' failed and referenced by '@@grpc-java~~grpc_java_repositories_extension~envoy_api//envoy/api/v2/core:pkg'
ERROR: /data/h445xu/.cache/bazel/_bazel_hongxu/f31289449e926e3958fb3b85e1e0a73d/external/grpc-java~~grpc_java_repositories_extension~envoy_api/envoy/api/v2/core/BUILD:7:18: no such target '@@grpc~~grpc_repo_deps_ext~com_envoyproxy_protoc_gen_validate//validate:validate_proto': target 'validate_proto' not declared in package 'validate' defined by /data/h445xu/.cache/bazel/_bazel_hongxu/f31289449e926e3958fb3b85e1e0a73d/external/grpc~~grpc_repo_deps_ext~com_envoyproxy_protoc_gen_validate/validate/BUILD and referenced by '@@grpc-java~~grpc_java_repositories_extension~envoy_api//envoy/api/v2/core:pkg'
ERROR: /data/h445xu/.cache/bazel/_bazel_hongxu/f31289449e926e3958fb3b85e1e0a73d/external/grpc-java~~grpc_java_repositories_extension~envoy_api/envoy/api/v2/auth/BUILD:7:18: error loading package '@@grpc-java~~grpc_java_repositories_extension~com_github_cncf_xds//udpa/annotations': initialization of module 'bazel/api_build_system.bzl' failed and referenced by '@@grpc-java~~grpc_java_repositories_extension~envoy_api//envoy/api/v2/auth:pkg'
ERROR: /data/h445xu/.cache/bazel/_bazel_hongxu/f31289449e926e3958fb3b85e1e0a73d/external/grpc-java~~grpc_java_repositories_extension~envoy_api/envoy/api/v2/auth/BUILD:7:18: no such target '@@grpc~~grpc_repo_deps_ext~com_envoyproxy_protoc_gen_validate//validate:validate_proto': target 'validate_proto' not declared in package 'validate' defined by /data/h445xu/.cache/bazel/_bazel_hongxu/f31289449e926e3958fb3b85e1e0a73d/external/grpc~~grpc_repo_deps_ext~com_envoyproxy_protoc_gen_validate/validate/BUILD and referenced by '@@grpc-java~~grpc_java_repositories_extension~envoy_api//envoy/api/v2/auth:pkg'
ERROR: /data/h445xu/.cache/bazel/_bazel_hongxu/f31289449e926e3958fb3b85e1e0a73d/external/grpc-java~~grpc_java_repositories_extension~envoy_api/envoy/api/v2/cluster/BUILD:7:18: error loading package '@@grpc-java~~grpc_java_repositories_extension~com_github_cncf_xds//udpa/annotations': initialization of module 'bazel/api_build_system.bzl' failed and referenced by '@@grpc-java~~grpc_java_repositories_extension~envoy_api//envoy/api/v2/cluster:pkg'
ERROR: /data/h445xu/.cache/bazel/_bazel_hongxu/f31289449e926e3958fb3b85e1e0a73d/external/grpc-java~~grpc_java_repositories_extension~envoy_api/envoy/api/v2/cluster/BUILD:7:18: no such target '@@grpc~~grpc_repo_deps_ext~com_envoyproxy_protoc_gen_validate//validate:validate_proto': target 'validate_proto' not declared in package 'validate' defined by /data/h445xu/.cache/bazel/_bazel_hongxu/f31289449e926e3958fb3b85e1e0a73d/external/grpc~~grpc_repo_deps_ext~com_envoyproxy_protoc_gen_validate/validate/BUILD and referenced by '@@grpc-java~~grpc_java_repositories_extension~envoy_api//envoy/api/v2/cluster:pkg'
ERROR: /data/h445xu/.cache/bazel/_bazel_hongxu/f31289449e926e3958fb3b85e1e0a73d/external/grpc-java~~grpc_java_repositories_extension~envoy_api/envoy/api/v2/endpoint/BUILD:7:18: error loading package '@@grpc-java~~grpc_java_repositories_extension~com_github_cncf_xds//udpa/annotations': initialization of module 'bazel/api_build_system.bzl' failed and referenced by '@@grpc-java~~grpc_java_repositories_extension~envoy_api//envoy/api/v2/endpoint:pkg'
ERROR: /data/h445xu/.cache/bazel/_bazel_hongxu/f31289449e926e3958fb3b85e1e0a73d/external/grpc-java~~grpc_java_repositories_extension~envoy_api/envoy/api/v2/endpoint/BUILD:7:18: no such target '@@grpc~~grpc_repo_deps_ext~com_envoyproxy_protoc_gen_validate//validate:validate_proto': target 'validate_proto' not declared in package 'validate' defined by /data/h445xu/.cache/bazel/_bazel_hongxu/f31289449e926e3958fb3b85e1e0a73d/external/grpc~~grpc_repo_deps_ext~com_envoyproxy_protoc_gen_validate/validate/BUILD and referenced by '@@grpc-java~~grpc_java_repositories_extension~envoy_api//envoy/api/v2/endpoint:pkg'
ERROR: /data/h445xu/.cache/bazel/_bazel_hongxu/f31289449e926e3958fb3b85e1e0a73d/external/grpc-java~~grpc_java_repositories_extension~envoy_api/envoy/api/v2/listener/BUILD:7:18: error loading package '@@grpc-java~~grpc_java_repositories_extension~com_github_cncf_xds//udpa/annotations': initialization of module 'bazel/api_build_system.bzl' failed and referenced by '@@grpc-java~~grpc_java_repositories_extension~envoy_api//envoy/api/v2/listener:pkg'
ERROR: /data/h445xu/.cache/bazel/_bazel_hongxu/f31289449e926e3958fb3b85e1e0a73d/external/grpc-java~~grpc_java_repositories_extension~envoy_api/envoy/api/v2/listener/BUILD:7:18: no such target '@@grpc~~grpc_repo_deps_ext~com_envoyproxy_protoc_gen_validate//validate:validate_proto': target 'validate_proto' not declared in package 'validate' defined by /data/h445xu/.cache/bazel/_bazel_hongxu/f31289449e926e3958fb3b85e1e0a73d/external/grpc~~grpc_repo_deps_ext~com_envoyproxy_protoc_gen_validate/validate/BUILD and referenced by '@@grpc-java~~grpc_java_repositories_extension~envoy_api//envoy/api/v2/listener:pkg'
ERROR: /data/h445xu/.cache/bazel/_bazel_hongxu/f31289449e926e3958fb3b85e1e0a73d/external/grpc-java~~grpc_java_repositories_extension~envoy_api/envoy/type/metadata/v2/BUILD:7:18: error loading package '@@grpc-java~~grpc_java_repositories_extension~com_github_cncf_xds//udpa/annotations': initialization of module 'bazel/api_build_system.bzl' failed and referenced by '@@grpc-java~~grpc_java_repositories_extension~envoy_api//envoy/type/metadata/v2:pkg'
ERROR: /data/h445xu/.cache/bazel/_bazel_hongxu/f31289449e926e3958fb3b85e1e0a73d/external/grpc-java~~grpc_java_repositories_extension~envoy_api/envoy/type/metadata/v2/BUILD:7:18: no such target '@@grpc~~grpc_repo_deps_ext~com_envoyproxy_protoc_gen_validate//validate:validate_proto': target 'validate_proto' not declared in package 'validate' defined by /data/h445xu/.cache/bazel/_bazel_hongxu/f31289449e926e3958fb3b85e1e0a73d/external/grpc~~grpc_repo_deps_ext~com_envoyproxy_protoc_gen_validate/validate/BUILD and referenced by '@@grpc-java~~grpc_java_repositories_extension~envoy_api//envoy/type/metadata/v2:pkg'
ERROR: /data/h445xu/.cache/bazel/_bazel_hongxu/f31289449e926e3958fb3b85e1e0a73d/external/grpc-java~~grpc_java_repositories_extension~envoy_api/envoy/type/tracing/v2/BUILD:7:18: error loading package '@@grpc-java~~grpc_java_repositories_extension~com_github_cncf_xds//udpa/annotations': initialization of module 'bazel/api_build_system.bzl' failed and referenced by '@@grpc-java~~grpc_java_repositories_extension~envoy_api//envoy/type/tracing/v2:pkg'
ERROR: /data/h445xu/.cache/bazel/_bazel_hongxu/f31289449e926e3958fb3b85e1e0a73d/external/grpc-java~~grpc_java_repositories_extension~envoy_api/envoy/type/tracing/v2/BUILD:7:18: no such target '@@grpc~~grpc_repo_deps_ext~com_envoyproxy_protoc_gen_validate//validate:validate_proto': target 'validate_proto' not declared in package 'validate' defined by /data/h445xu/.cache/bazel/_bazel_hongxu/f31289449e926e3958fb3b85e1e0a73d/external/grpc~~grpc_repo_deps_ext~com_envoyproxy_protoc_gen_validate/validate/BUILD and referenced by '@@grpc-java~~grpc_java_repositories_extension~envoy_api//envoy/type/tracing/v2:pkg'
ERROR: /data/h445xu/.cache/bazel/_bazel_hongxu/f31289449e926e3958fb3b85e1e0a73d/external/grpc-java~~grpc_java_repositories_extension~envoy_api/envoy/api/v2/route/BUILD:7:18: error loading package '@@grpc-java~~grpc_java_repositories_extension~com_github_cncf_xds//udpa/annotations': initialization of module 'bazel/api_build_system.bzl' failed and referenced by '@@grpc-java~~grpc_java_repositories_extension~envoy_api//envoy/api/v2/route:pkg'
ERROR: /data/h445xu/.cache/bazel/_bazel_hongxu/f31289449e926e3958fb3b85e1e0a73d/external/grpc-java~~grpc_java_repositories_extension~envoy_api/envoy/api/v2/route/BUILD:7:18: no such target '@@grpc~~grpc_repo_deps_ext~com_envoyproxy_protoc_gen_validate//validate:validate_proto': target 'validate_proto' not declared in package 'validate' defined by /data/h445xu/.cache/bazel/_bazel_hongxu/f31289449e926e3958fb3b85e1e0a73d/external/grpc~~grpc_repo_deps_ext~com_envoyproxy_protoc_gen_validate/validate/BUILD and referenced by '@@grpc-java~~grpc_java_repositories_extension~envoy_api//envoy/api/v2/route:pkg'
ERROR: /data/h445xu/.cache/bazel/_bazel_hongxu/f31289449e926e3958fb3b85e1e0a73d/external/grpc-java~~grpc_java_repositories_extension~envoy_api/envoy/config/filter/accesslog/v2/BUILD:7:18: error loading package '@@grpc-java~~grpc_java_repositories_extension~com_github_cncf_xds//udpa/annotations': initialization of module 'bazel/api_build_system.bzl' failed and referenced by '@@grpc-java~~grpc_java_repositories_extension~envoy_api//envoy/config/filter/accesslog/v2:pkg'
ERROR: /data/h445xu/.cache/bazel/_bazel_hongxu/f31289449e926e3958fb3b85e1e0a73d/external/grpc-java~~grpc_java_repositories_extension~envoy_api/envoy/config/filter/accesslog/v2/BUILD:7:18: no such target '@@grpc~~grpc_repo_deps_ext~com_envoyproxy_protoc_gen_validate//validate:validate_proto': target 'validate_proto' not declared in package 'validate' defined by /data/h445xu/.cache/bazel/_bazel_hongxu/f31289449e926e3958fb3b85e1e0a73d/external/grpc~~grpc_repo_deps_ext~com_envoyproxy_protoc_gen_validate/validate/BUILD and referenced by '@@grpc-java~~grpc_java_repositories_extension~envoy_api//envoy/config/filter/accesslog/v2:pkg'
ERROR: /data/h445xu/.cache/bazel/_bazel_hongxu/f31289449e926e3958fb3b85e1e0a73d/external/grpc-java~~grpc_java_repositories_extension~envoy_api/envoy/config/listener/v2/BUILD:7:18: error loading package '@@grpc-java~~grpc_java_repositories_extension~com_github_cncf_xds//udpa/annotations': initialization of module 'bazel/api_build_system.bzl' failed and referenced by '@@grpc-java~~grpc_java_repositories_extension~envoy_api//envoy/config/listener/v2:pkg'
ERROR: /data/h445xu/.cache/bazel/_bazel_hongxu/f31289449e926e3958fb3b85e1e0a73d/external/grpc-java~~grpc_java_repositories_extension~envoy_api/envoy/config/listener/v2/BUILD:7:18: no such target '@@grpc~~grpc_repo_deps_ext~com_envoyproxy_protoc_gen_validate//validate:validate_proto': target 'validate_proto' not declared in package 'validate' defined by /data/h445xu/.cache/bazel/_bazel_hongxu/f31289449e926e3958fb3b85e1e0a73d/external/grpc~~grpc_repo_deps_ext~com_envoyproxy_protoc_gen_validate/validate/BUILD and referenced by '@@grpc-java~~grpc_java_repositories_extension~envoy_api//envoy/config/listener/v2:pkg'
ERROR: /data/h445xu/.cache/bazel/_bazel_hongxu/f31289449e926e3958fb3b85e1e0a73d/external/grpc-java~~grpc_java_repositories_extension~envoy_api/envoy/api/v2/BUILD:7:18: error loading package '@@grpc-java~~grpc_java_repositories_extension~com_github_cncf_xds//udpa/annotations': initialization of module 'bazel/api_build_system.bzl' failed and referenced by '@@grpc-java~~grpc_java_repositories_extension~envoy_api//envoy/api/v2:pkg'
ERROR: /data/h445xu/.cache/bazel/_bazel_hongxu/f31289449e926e3958fb3b85e1e0a73d/external/grpc-java~~grpc_java_repositories_extension~envoy_api/envoy/api/v2/BUILD:7:18: no such target '@@grpc~~grpc_repo_deps_ext~com_envoyproxy_protoc_gen_validate//validate:validate_proto': target 'validate_proto' not declared in package 'validate' defined by /data/h445xu/.cache/bazel/_bazel_hongxu/f31289449e926e3958fb3b85e1e0a73d/external/grpc~~grpc_repo_deps_ext~com_envoyproxy_protoc_gen_validate/validate/BUILD and referenced by '@@grpc-java~~grpc_java_repositories_extension~envoy_api//envoy/api/v2:pkg'
ERROR: /data/h445xu/.cache/bazel/_bazel_hongxu/f31289449e926e3958fb3b85e1e0a73d/external/grpc-java~~grpc_java_repositories_extension~envoy_api/envoy/service/discovery/v2/BUILD:7:18: error loading package '@@grpc-java~~grpc_java_repositories_extension~com_github_cncf_xds//udpa/annotations': initialization of module 'bazel/api_build_system.bzl' failed and referenced by '@@grpc-java~~grpc_java_repositories_extension~envoy_api//envoy/service/discovery/v2:pkg'
ERROR: /data/h445xu/.cache/bazel/_bazel_hongxu/f31289449e926e3958fb3b85e1e0a73d/external/grpc-java~~grpc_java_repositories_extension~envoy_api/envoy/service/discovery/v2/BUILD:7:18: no such target '@@grpc~~grpc_repo_deps_ext~com_envoyproxy_protoc_gen_validate//validate:validate_proto': target 'validate_proto' not declared in package 'validate' defined by /data/h445xu/.cache/bazel/_bazel_hongxu/f31289449e926e3958fb3b85e1e0a73d/external/grpc~~grpc_repo_deps_ext~com_envoyproxy_protoc_gen_validate/validate/BUILD and referenced by '@@grpc-java~~grpc_java_repositories_extension~envoy_api//envoy/service/discovery/v2:pkg'
ERROR: /data/h445xu/.cache/bazel/_bazel_hongxu/f31289449e926e3958fb3b85e1e0a73d/external/grpc-java~~grpc_java_repositories_extension~envoy_api/envoy/type/v3/BUILD:7:18: error loading package '@@grpc-java~~grpc_java_repositories_extension~com_github_cncf_xds//udpa/annotations': initialization of module 'bazel/api_build_system.bzl' failed and referenced by '@@grpc-java~~grpc_java_repositories_extension~envoy_api//envoy/type/v3:pkg'
ERROR: /data/h445xu/.cache/bazel/_bazel_hongxu/f31289449e926e3958fb3b85e1e0a73d/external/grpc-java~~grpc_java_repositories_extension~envoy_api/envoy/type/v3/BUILD:7:18: error loading package '@@grpc-java~~grpc_java_repositories_extension~com_github_cncf_xds//xds/annotations/v3': initialization of module 'bazel/api_build_system.bzl' failed and referenced by '@@grpc-java~~grpc_java_repositories_extension~envoy_api//envoy/type/v3:pkg'
ERROR: /data/h445xu/.cache/bazel/_bazel_hongxu/f31289449e926e3958fb3b85e1e0a73d/external/grpc-java~~grpc_java_repositories_extension~envoy_api/envoy/type/v3/BUILD:7:18: no such target '@@grpc~~grpc_repo_deps_ext~com_envoyproxy_protoc_gen_validate//validate:validate_proto': target 'validate_proto' not declared in package 'validate' defined by /data/h445xu/.cache/bazel/_bazel_hongxu/f31289449e926e3958fb3b85e1e0a73d/external/grpc~~grpc_repo_deps_ext~com_envoyproxy_protoc_gen_validate/validate/BUILD and referenced by '@@grpc-java~~grpc_java_repositories_extension~envoy_api//envoy/type/v3:pkg'
ERROR: /data/h445xu/.cache/bazel/_bazel_hongxu/f31289449e926e3958fb3b85e1e0a73d/external/grpc-java~~grpc_java_repositories_extension~envoy_api/envoy/type/matcher/v3/BUILD:7:18: error loading package '@@grpc-java~~grpc_java_repositories_extension~com_github_cncf_xds//udpa/annotations': initialization of module 'bazel/api_build_system.bzl' failed and referenced by '@@grpc-java~~grpc_java_repositories_extension~envoy_api//envoy/type/matcher/v3:pkg'
ERROR: /data/h445xu/.cache/bazel/_bazel_hongxu/f31289449e926e3958fb3b85e1e0a73d/external/grpc-java~~grpc_java_repositories_extension~envoy_api/envoy/type/matcher/v3/BUILD:7:18: no such target '@@grpc~~grpc_repo_deps_ext~com_envoyproxy_protoc_gen_validate//validate:validate_proto': target 'validate_proto' not declared in package 'validate' defined by /data/h445xu/.cache/bazel/_bazel_hongxu/f31289449e926e3958fb3b85e1e0a73d/external/grpc~~grpc_repo_deps_ext~com_envoyproxy_protoc_gen_validate/validate/BUILD and referenced by '@@grpc-java~~grpc_java_repositories_extension~envoy_api//envoy/type/matcher/v3:pkg'
ERROR: /data/h445xu/.cache/bazel/_bazel_hongxu/f31289449e926e3958fb3b85e1e0a73d/external/grpc-java~~grpc_java_repositories_extension~envoy_api/envoy/config/core/v3/BUILD:7:18: error loading package '@@grpc-java~~grpc_java_repositories_extension~com_github_cncf_xds//udpa/annotations': initialization of module 'bazel/api_build_system.bzl' failed and referenced by '@@grpc-java~~grpc_java_repositories_extension~envoy_api//envoy/config/core/v3:pkg'
ERROR: /data/h445xu/.cache/bazel/_bazel_hongxu/f31289449e926e3958fb3b85e1e0a73d/external/grpc-java~~grpc_java_repositories_extension~envoy_api/envoy/config/core/v3/BUILD:7:18: error loading package '@@grpc-java~~grpc_java_repositories_extension~com_github_cncf_xds//xds/annotations/v3': initialization of module 'bazel/api_build_system.bzl' failed and referenced by '@@grpc-java~~grpc_java_repositories_extension~envoy_api//envoy/config/core/v3:pkg'
ERROR: /data/h445xu/.cache/bazel/_bazel_hongxu/f31289449e926e3958fb3b85e1e0a73d/external/grpc-java~~grpc_java_repositories_extension~envoy_api/envoy/config/core/v3/BUILD:7:18: error loading package '@@grpc-java~~grpc_java_repositories_extension~com_github_cncf_xds//xds/core/v3': initialization of module 'bazel/api_build_system.bzl' failed and referenced by '@@grpc-java~~grpc_java_repositories_extension~envoy_api//envoy/config/core/v3:pkg'
ERROR: /data/h445xu/.cache/bazel/_bazel_hongxu/f31289449e926e3958fb3b85e1e0a73d/external/grpc-java~~grpc_java_repositories_extension~envoy_api/envoy/config/core/v3/BUILD:7:18: no such target '@@grpc~~grpc_repo_deps_ext~com_envoyproxy_protoc_gen_validate//validate:validate_proto': target 'validate_proto' not declared in package 'validate' defined by /data/h445xu/.cache/bazel/_bazel_hongxu/f31289449e926e3958fb3b85e1e0a73d/external/grpc~~grpc_repo_deps_ext~com_envoyproxy_protoc_gen_validate/validate/BUILD and referenced by '@@grpc-java~~grpc_java_repositories_extension~envoy_api//envoy/config/core/v3:pkg'
ERROR: /data/h445xu/.cache/bazel/_bazel_hongxu/f31289449e926e3958fb3b85e1e0a73d/external/grpc-java~~grpc_java_repositories_extension~envoy_api/envoy/type/metadata/v3/BUILD:7:18: error loading package '@@grpc-java~~grpc_java_repositories_extension~com_github_cncf_xds//udpa/annotations': initialization of module 'bazel/api_build_system.bzl' failed and referenced by '@@grpc-java~~grpc_java_repositories_extension~envoy_api//envoy/type/metadata/v3:pkg'
ERROR: /data/h445xu/.cache/bazel/_bazel_hongxu/f31289449e926e3958fb3b85e1e0a73d/external/grpc-java~~grpc_java_repositories_extension~envoy_api/envoy/type/metadata/v3/BUILD:7:18: no such target '@@grpc~~grpc_repo_deps_ext~com_envoyproxy_protoc_gen_validate//validate:validate_proto': target 'validate_proto' not declared in package 'validate' defined by /data/h445xu/.cache/bazel/_bazel_hongxu/f31289449e926e3958fb3b85e1e0a73d/external/grpc~~grpc_repo_deps_ext~com_envoyproxy_protoc_gen_validate/validate/BUILD and referenced by '@@grpc-java~~grpc_java_repositories_extension~envoy_api//envoy/type/metadata/v3:pkg'
ERROR: /data/h445xu/.cache/bazel/_bazel_hongxu/f31289449e926e3958fb3b85e1e0a73d/external/grpc-java~~grpc_java_repositories_extension~envoy_api/envoy/type/tracing/v3/BUILD:7:18: error loading package '@@grpc-java~~grpc_java_repositories_extension~com_github_cncf_xds//udpa/annotations': initialization of module 'bazel/api_build_system.bzl' failed and referenced by '@@grpc-java~~grpc_java_repositories_extension~envoy_api//envoy/type/tracing/v3:pkg'
ERROR: /data/h445xu/.cache/bazel/_bazel_hongxu/f31289449e926e3958fb3b85e1e0a73d/external/grpc-java~~grpc_java_repositories_extension~envoy_api/envoy/type/tracing/v3/BUILD:7:18: no such target '@@grpc~~grpc_repo_deps_ext~com_envoyproxy_protoc_gen_validate//validate:validate_proto': target 'validate_proto' not declared in package 'validate' defined by /data/h445xu/.cache/bazel/_bazel_hongxu/f31289449e926e3958fb3b85e1e0a73d/external/grpc~~grpc_repo_deps_ext~com_envoyproxy_protoc_gen_validate/validate/BUILD and referenced by '@@grpc-java~~grpc_java_repositories_extension~envoy_api//envoy/type/tracing/v3:pkg'
ERROR: /data/h445xu/.cache/bazel/_bazel_hongxu/f31289449e926e3958fb3b85e1e0a73d/external/grpc-java~~grpc_java_repositories_extension~envoy_api/envoy/config/route/v3/BUILD:7:18: error loading package '@@grpc-java~~grpc_java_repositories_extension~com_github_cncf_xds//udpa/annotations': initialization of module 'bazel/api_build_system.bzl' failed and referenced by '@@grpc-java~~grpc_java_repositories_extension~envoy_api//envoy/config/route/v3:pkg'
ERROR: /data/h445xu/.cache/bazel/_bazel_hongxu/f31289449e926e3958fb3b85e1e0a73d/external/grpc-java~~grpc_java_repositories_extension~envoy_api/envoy/config/route/v3/BUILD:7:18: error loading package '@@grpc-java~~grpc_java_repositories_extension~com_github_cncf_xds//xds/annotations/v3': initialization of module 'bazel/api_build_system.bzl' failed and referenced by '@@grpc-java~~grpc_java_repositories_extension~envoy_api//envoy/config/route/v3:pkg'
ERROR: /data/h445xu/.cache/bazel/_bazel_hongxu/f31289449e926e3958fb3b85e1e0a73d/external/grpc-java~~grpc_java_repositories_extension~envoy_api/envoy/config/route/v3/BUILD:7:18: error loading package '@@grpc-java~~grpc_java_repositories_extension~com_github_cncf_xds//xds/type/matcher/v3': initialization of module 'bazel/api_build_system.bzl' failed and referenced by '@@grpc-java~~grpc_java_repositories_extension~envoy_api//envoy/config/route/v3:pkg'
ERROR: /data/h445xu/.cache/bazel/_bazel_hongxu/f31289449e926e3958fb3b85e1e0a73d/external/grpc-java~~grpc_java_repositories_extension~envoy_api/envoy/config/route/v3/BUILD:7:18: no such target '@@grpc~~grpc_repo_deps_ext~com_envoyproxy_protoc_gen_validate//validate:validate_proto': target 'validate_proto' not declared in package 'validate' defined by /data/h445xu/.cache/bazel/_bazel_hongxu/f31289449e926e3958fb3b85e1e0a73d/external/grpc~~grpc_repo_deps_ext~com_envoyproxy_protoc_gen_validate/validate/BUILD and referenced by '@@grpc-java~~grpc_java_repositories_extension~envoy_api//envoy/config/route/v3:pkg'
ERROR: /data/h445xu/.cache/bazel/_bazel_hongxu/f31289449e926e3958fb3b85e1e0a73d/external/grpc-java~~grpc_java_repositories_extension~envoy_api/envoy/data/accesslog/v3/BUILD:7:18: error loading package '@@grpc-java~~grpc_java_repositories_extension~com_github_cncf_xds//udpa/annotations': initialization of module 'bazel/api_build_system.bzl' failed and referenced by '@@grpc-java~~grpc_java_repositories_extension~envoy_api//envoy/data/accesslog/v3:pkg'
ERROR: /data/h445xu/.cache/bazel/_bazel_hongxu/f31289449e926e3958fb3b85e1e0a73d/external/grpc-java~~grpc_java_repositories_extension~envoy_api/envoy/data/accesslog/v3/BUILD:7:18: no such target '@@grpc~~grpc_repo_deps_ext~com_envoyproxy_protoc_gen_validate//validate:validate_proto': target 'validate_proto' not declared in package 'validate' defined by /data/h445xu/.cache/bazel/_bazel_hongxu/f31289449e926e3958fb3b85e1e0a73d/external/grpc~~grpc_repo_deps_ext~com_envoyproxy_protoc_gen_validate/validate/BUILD and referenced by '@@grpc-java~~grpc_java_repositories_extension~envoy_api//envoy/data/accesslog/v3:pkg'
ERROR: /data/h445xu/.cache/bazel/_bazel_hongxu/f31289449e926e3958fb3b85e1e0a73d/external/grpc-java~~grpc_java_repositories_extension~envoy_api/envoy/config/accesslog/v3/BUILD:7:18: error loading package '@@grpc-java~~grpc_java_repositories_extension~com_github_cncf_xds//udpa/annotations': initialization of module 'bazel/api_build_system.bzl' failed and referenced by '@@grpc-java~~grpc_java_repositories_extension~envoy_api//envoy/config/accesslog/v3:pkg'
ERROR: /data/h445xu/.cache/bazel/_bazel_hongxu/f31289449e926e3958fb3b85e1e0a73d/external/grpc-java~~grpc_java_repositories_extension~envoy_api/envoy/config/accesslog/v3/BUILD:7:18: no such target '@@grpc~~grpc_repo_deps_ext~com_envoyproxy_protoc_gen_validate//validate:validate_proto': target 'validate_proto' not declared in package 'validate' defined by /data/h445xu/.cache/bazel/_bazel_hongxu/f31289449e926e3958fb3b85e1e0a73d/external/grpc~~grpc_repo_deps_ext~com_envoyproxy_protoc_gen_validate/validate/BUILD and referenced by '@@grpc-java~~grpc_java_repositories_extension~envoy_api//envoy/config/accesslog/v3:pkg'
ERROR: /data/h445xu/.cache/bazel/_bazel_hongxu/f31289449e926e3958fb3b85e1e0a73d/external/grpc-java~~grpc_java_repositories_extension~envoy_api/envoy/config/endpoint/v3/BUILD:7:18: error loading package '@@grpc-java~~grpc_java_repositories_extension~com_github_cncf_xds//udpa/annotations': initialization of module 'bazel/api_build_system.bzl' failed and referenced by '@@grpc-java~~grpc_java_repositories_extension~envoy_api//envoy/config/endpoint/v3:pkg'
ERROR: /data/h445xu/.cache/bazel/_bazel_hongxu/f31289449e926e3958fb3b85e1e0a73d/external/grpc-java~~grpc_java_repositories_extension~envoy_api/envoy/config/endpoint/v3/BUILD:7:18: no such target '@@grpc~~grpc_repo_deps_ext~com_envoyproxy_protoc_gen_validate//validate:validate_proto': target 'validate_proto' not declared in package 'validate' defined by /data/h445xu/.cache/bazel/_bazel_hongxu/f31289449e926e3958fb3b85e1e0a73d/external/grpc~~grpc_repo_deps_ext~com_envoyproxy_protoc_gen_validate/validate/BUILD and referenced by '@@grpc-java~~grpc_java_repositories_extension~envoy_api//envoy/config/endpoint/v3:pkg'
ERROR: infinite symlink expansion detected
[start of symlink chain]
/usr/lib/llvm-14
/usr/lib/llvm-14/build/Release
[end of symlink chain]
ERROR: /data/h445xu/.cache/bazel/_bazel_hongxu/f31289449e926e3958fb3b85e1e0a73d/external/grpc-java~~grpc_java_repositories_extension~envoy_api/envoy/config/cluster/v3/BUILD:7:18: error loading package '@@grpc-java~~grpc_java_repositories_extension~com_github_cncf_xds//udpa/annotations': initialization of module 'bazel/api_build_system.bzl' failed and referenced by '@@grpc-java~~grpc_java_repositories_extension~envoy_api//envoy/config/cluster/v3:pkg'
ERROR: /data/h445xu/.cache/bazel/_bazel_hongxu/f31289449e926e3958fb3b85e1e0a73d/external/grpc-java~~grpc_java_repositories_extension~envoy_api/envoy/config/cluster/v3/BUILD:7:18: error loading package '@@grpc-java~~grpc_java_repositories_extension~com_github_cncf_xds//xds/core/v3': initialization of module 'bazel/api_build_system.bzl' failed and referenced by '@@grpc-java~~grpc_java_repositories_extension~envoy_api//envoy/config/cluster/v3:pkg'
ERROR: /data/h445xu/.cache/bazel/_bazel_hongxu/f31289449e926e3958fb3b85e1e0a73d/external/grpc-java~~grpc_java_repositories_extension~envoy_api/envoy/config/cluster/v3/BUILD:7:18: no such target '@@grpc~~grpc_repo_deps_ext~com_envoyproxy_protoc_gen_validate//validate:validate_proto': target 'validate_proto' not declared in package 'validate' defined by /data/h445xu/.cache/bazel/_bazel_hongxu/f31289449e926e3958fb3b85e1e0a73d/external/grpc~~grpc_repo_deps_ext~com_envoyproxy_protoc_gen_validate/validate/BUILD and referenced by '@@grpc-java~~grpc_java_repositories_extension~envoy_api//envoy/config/cluster/v3:pkg'
ERROR: /data/h445xu/.cache/bazel/_bazel_hongxu/f31289449e926e3958fb3b85e1e0a73d/external/grpc-java~~grpc_java_repositories_extension~envoy_api/envoy/config/listener/v3/BUILD:7:18: error loading package '@@grpc-java~~grpc_java_repositories_extension~com_github_cncf_xds//udpa/annotations': initialization of module 'bazel/api_build_system.bzl' failed and referenced by '@@grpc-java~~grpc_java_repositories_extension~envoy_api//envoy/config/listener/v3:pkg'
ERROR: /data/h445xu/.cache/bazel/_bazel_hongxu/f31289449e926e3958fb3b85e1e0a73d/external/grpc-java~~grpc_java_repositories_extension~envoy_api/envoy/config/listener/v3/BUILD:7:18: error loading package '@@grpc-java~~grpc_java_repositories_extension~com_github_cncf_xds//xds/annotations/v3': initialization of module 'bazel/api_build_system.bzl' failed and referenced by '@@grpc-java~~grpc_java_repositories_extension~envoy_api//envoy/config/listener/v3:pkg'
ERROR: /data/h445xu/.cache/bazel/_bazel_hongxu/f31289449e926e3958fb3b85e1e0a73d/external/grpc-java~~grpc_java_repositories_extension~envoy_api/envoy/config/listener/v3/BUILD:7:18: error loading package '@@grpc-java~~grpc_java_repositories_extension~com_github_cncf_xds//xds/core/v3': initialization of module 'bazel/api_build_system.bzl' failed and referenced by '@@grpc-java~~grpc_java_repositories_extension~envoy_api//envoy/config/listener/v3:pkg'
ERROR: /data/h445xu/.cache/bazel/_bazel_hongxu/f31289449e926e3958fb3b85e1e0a73d/external/grpc-java~~grpc_java_repositories_extension~envoy_api/envoy/config/listener/v3/BUILD:7:18: error loading package '@@grpc-java~~grpc_java_repositories_extension~com_github_cncf_xds//xds/type/matcher/v3': initialization of module 'bazel/api_build_system.bzl' failed and referenced by '@@grpc-java~~grpc_java_repositories_extension~envoy_api//envoy/config/listener/v3:pkg'
ERROR: /data/h445xu/.cache/bazel/_bazel_hongxu/f31289449e926e3958fb3b85e1e0a73d/external/grpc-java~~grpc_java_repositories_extension~envoy_api/envoy/config/listener/v3/BUILD:7:18: no such target '@@grpc~~grpc_repo_deps_ext~com_envoyproxy_protoc_gen_validate//validate:validate_proto': target 'validate_proto' not declared in package 'validate' defined by /data/h445xu/.cache/bazel/_bazel_hongxu/f31289449e926e3958fb3b85e1e0a73d/external/grpc~~grpc_repo_deps_ext~com_envoyproxy_protoc_gen_validate/validate/BUILD and referenced by '@@grpc-java~~grpc_java_repositories_extension~envoy_api//envoy/config/listener/v3:pkg'
ERROR: /data/h445xu/.cache/bazel/_bazel_hongxu/f31289449e926e3958fb3b85e1e0a73d/external/grpc-java~~grpc_java_repositories_extension~envoy_api/envoy/config/metrics/v3/BUILD:7:18: error loading package '@@grpc-java~~grpc_java_repositories_extension~com_github_cncf_xds//udpa/annotations': initialization of module 'bazel/api_build_system.bzl' failed and referenced by '@@grpc-java~~grpc_java_repositories_extension~envoy_api//envoy/config/metrics/v3:pkg'
ERROR: /data/h445xu/.cache/bazel/_bazel_hongxu/f31289449e926e3958fb3b85e1e0a73d/external/grpc-java~~grpc_java_repositories_extension~envoy_api/envoy/config/metrics/v3/BUILD:7:18: no such target '@@grpc~~grpc_repo_deps_ext~com_envoyproxy_protoc_gen_validate//validate:validate_proto': target 'validate_proto' not declared in package 'validate' defined by /data/h445xu/.cache/bazel/_bazel_hongxu/f31289449e926e3958fb3b85e1e0a73d/external/grpc~~grpc_repo_deps_ext~com_envoyproxy_protoc_gen_validate/validate/BUILD and referenced by '@@grpc-java~~grpc_java_repositories_extension~envoy_api//envoy/config/metrics/v3:pkg'
ERROR: /data/h445xu/.cache/bazel/_bazel_hongxu/f31289449e926e3958fb3b85e1e0a73d/external/grpc-java~~grpc_java_repositories_extension~envoy_api/envoy/config/overload/v3/BUILD:7:18: error loading package '@@grpc-java~~grpc_java_repositories_extension~com_github_cncf_xds//udpa/annotations': initialization of module 'bazel/api_build_system.bzl' failed and referenced by '@@grpc-java~~grpc_java_repositories_extension~envoy_api//envoy/config/overload/v3:pkg'
ERROR: /data/h445xu/.cache/bazel/_bazel_hongxu/f31289449e926e3958fb3b85e1e0a73d/external/grpc-java~~grpc_java_repositories_extension~envoy_api/envoy/config/overload/v3/BUILD:7:18: no such target '@@grpc~~grpc_repo_deps_ext~com_envoyproxy_protoc_gen_validate//validate:validate_proto': target 'validate_proto' not declared in package 'validate' defined by /data/h445xu/.cache/bazel/_bazel_hongxu/f31289449e926e3958fb3b85e1e0a73d/external/grpc~~grpc_repo_deps_ext~com_envoyproxy_protoc_gen_validate/validate/BUILD and referenced by '@@grpc-java~~grpc_java_repositories_extension~envoy_api//envoy/config/overload/v3:pkg'
ERROR: Traceback (most recent call last):
	File "/data/h445xu/.cache/bazel/_bazel_hongxu/f31289449e926e3958fb3b85e1e0a73d/external/grpc~~grpc_repo_deps_ext~opencensus_proto/opencensus/proto/trace/v1/BUILD.bazel", line 21, column 46, in <toplevel>
		load("@com_google_protobuf//:protobuf.bzl", "py_proto_library")
Error: file '@com_google_protobuf//:protobuf.bzl' does not contain symbol 'py_proto_library'
ERROR: /data/h445xu/.cache/bazel/_bazel_hongxu/f31289449e926e3958fb3b85e1e0a73d/external/grpc-java~~grpc_java_repositories_extension~envoy_api/envoy/config/trace/v3/BUILD:7:18: error loading package '@@grpc-java~~grpc_java_repositories_extension~com_github_cncf_xds//udpa/annotations': initialization of module 'bazel/api_build_system.bzl' failed and referenced by '@@grpc-java~~grpc_java_repositories_extension~envoy_api//envoy/config/trace/v3:pkg'
ERROR: /data/h445xu/.cache/bazel/_bazel_hongxu/f31289449e926e3958fb3b85e1e0a73d/external/grpc-java~~grpc_java_repositories_extension~envoy_api/envoy/config/trace/v3/BUILD:7:18: no such target '@@grpc~~grpc_repo_deps_ext~opencensus_proto//opencensus/proto/trace/v1:trace_config_proto': target 'trace_config_proto' not declared in package 'opencensus/proto/trace/v1' defined by /data/h445xu/.cache/bazel/_bazel_hongxu/f31289449e926e3958fb3b85e1e0a73d/external/grpc~~grpc_repo_deps_ext~opencensus_proto/opencensus/proto/trace/v1/BUILD.bazel and referenced by '@@grpc-java~~grpc_java_repositories_extension~envoy_api//envoy/config/trace/v3:pkg'
ERROR: /data/h445xu/.cache/bazel/_bazel_hongxu/f31289449e926e3958fb3b85e1e0a73d/external/grpc-java~~grpc_java_repositories_extension~envoy_api/envoy/config/trace/v3/BUILD:7:18: no such target '@@grpc~~grpc_repo_deps_ext~com_envoyproxy_protoc_gen_validate//validate:validate_proto': target 'validate_proto' not declared in package 'validate' defined by /data/h445xu/.cache/bazel/_bazel_hongxu/f31289449e926e3958fb3b85e1e0a73d/external/grpc~~grpc_repo_deps_ext~com_envoyproxy_protoc_gen_validate/validate/BUILD and referenced by '@@grpc-java~~grpc_java_repositories_extension~envoy_api//envoy/config/trace/v3:pkg'
ERROR: /data/h445xu/.cache/bazel/_bazel_hongxu/f31289449e926e3958fb3b85e1e0a73d/external/grpc-java~~grpc_java_repositories_extension~envoy_api/envoy/extensions/transport_sockets/tls/v3/BUILD:7:18: error loading package '@@grpc-java~~grpc_java_repositories_extension~com_github_cncf_xds//udpa/annotations': initialization of module 'bazel/api_build_system.bzl' failed and referenced by '@@grpc-java~~grpc_java_repositories_extension~envoy_api//envoy/extensions/transport_sockets/tls/v3:pkg'
ERROR: /data/h445xu/.cache/bazel/_bazel_hongxu/f31289449e926e3958fb3b85e1e0a73d/external/grpc-java~~grpc_java_repositories_extension~envoy_api/envoy/extensions/transport_sockets/tls/v3/BUILD:7:18: no such target '@@grpc~~grpc_repo_deps_ext~com_envoyproxy_protoc_gen_validate//validate:validate_proto': target 'validate_proto' not declared in package 'validate' defined by /data/h445xu/.cache/bazel/_bazel_hongxu/f31289449e926e3958fb3b85e1e0a73d/external/grpc~~grpc_repo_deps_ext~com_envoyproxy_protoc_gen_validate/validate/BUILD and referenced by '@@grpc-java~~grpc_java_repositories_extension~envoy_api//envoy/extensions/transport_sockets/tls/v3:pkg'
ERROR: /data/h445xu/.cache/bazel/_bazel_hongxu/f31289449e926e3958fb3b85e1e0a73d/external/grpc-java~~grpc_java_repositories_extension~envoy_api/envoy/config/bootstrap/v3/BUILD:7:18: error loading package '@@grpc-java~~grpc_java_repositories_extension~com_github_cncf_xds//udpa/annotations': initialization of module 'bazel/api_build_system.bzl' failed and referenced by '@@grpc-java~~grpc_java_repositories_extension~envoy_api//envoy/config/bootstrap/v3:pkg'
ERROR: /data/h445xu/.cache/bazel/_bazel_hongxu/f31289449e926e3958fb3b85e1e0a73d/external/grpc-java~~grpc_java_repositories_extension~envoy_api/envoy/config/bootstrap/v3/BUILD:7:18: no such target '@@grpc~~grpc_repo_deps_ext~com_envoyproxy_protoc_gen_validate//validate:validate_proto': target 'validate_proto' not declared in package 'validate' defined by /data/h445xu/.cache/bazel/_bazel_hongxu/f31289449e926e3958fb3b85e1e0a73d/external/grpc~~grpc_repo_deps_ext~com_envoyproxy_protoc_gen_validate/validate/BUILD and referenced by '@@grpc-java~~grpc_java_repositories_extension~envoy_api//envoy/config/bootstrap/v3:pkg'
ERROR: /data/h445xu/.cache/bazel/_bazel_hongxu/f31289449e926e3958fb3b85e1e0a73d/external/grpc-java~~grpc_java_repositories_extension~envoy_api/envoy/config/common/matcher/v3/BUILD:7:18: error loading package '@@grpc-java~~grpc_java_repositories_extension~com_github_cncf_xds//udpa/annotations': initialization of module 'bazel/api_build_system.bzl' failed and referenced by '@@grpc-java~~grpc_java_repositories_extension~envoy_api//envoy/config/common/matcher/v3:pkg'
ERROR: /data/h445xu/.cache/bazel/_bazel_hongxu/f31289449e926e3958fb3b85e1e0a73d/external/grpc-java~~grpc_java_repositories_extension~envoy_api/envoy/config/common/matcher/v3/BUILD:7:18: no such target '@@grpc~~grpc_repo_deps_ext~com_envoyproxy_protoc_gen_validate//validate:validate_proto': target 'validate_proto' not declared in package 'validate' defined by /data/h445xu/.cache/bazel/_bazel_hongxu/f31289449e926e3958fb3b85e1e0a73d/external/grpc~~grpc_repo_deps_ext~com_envoyproxy_protoc_gen_validate/validate/BUILD and referenced by '@@grpc-java~~grpc_java_repositories_extension~envoy_api//envoy/config/common/matcher/v3:pkg'
ERROR: /data/h445xu/.cache/bazel/_bazel_hongxu/f31289449e926e3958fb3b85e1e0a73d/external/grpc-java~~grpc_java_repositories_extension~envoy_api/envoy/config/tap/v3/BUILD:7:18: error loading package '@@grpc-java~~grpc_java_repositories_extension~com_github_cncf_xds//udpa/annotations': initialization of module 'bazel/api_build_system.bzl' failed and referenced by '@@grpc-java~~grpc_java_repositories_extension~envoy_api//envoy/config/tap/v3:pkg'
ERROR: /data/h445xu/.cache/bazel/_bazel_hongxu/f31289449e926e3958fb3b85e1e0a73d/external/grpc-java~~grpc_java_repositories_extension~envoy_api/envoy/config/tap/v3/BUILD:7:18: no such target '@@grpc~~grpc_repo_deps_ext~com_envoyproxy_protoc_gen_validate//validate:validate_proto': target 'validate_proto' not declared in package 'validate' defined by /data/h445xu/.cache/bazel/_bazel_hongxu/f31289449e926e3958fb3b85e1e0a73d/external/grpc~~grpc_repo_deps_ext~com_envoyproxy_protoc_gen_validate/validate/BUILD and referenced by '@@grpc-java~~grpc_java_repositories_extension~envoy_api//envoy/config/tap/v3:pkg'
ERROR: /data/h445xu/.cache/bazel/_bazel_hongxu/f31289449e926e3958fb3b85e1e0a73d/external/grpc-java~~grpc_java_repositories_extension~envoy_api/envoy/admin/v3/BUILD:7:18: error loading package '@@grpc-java~~grpc_java_repositories_extension~com_github_cncf_xds//udpa/annotations': initialization of module 'bazel/api_build_system.bzl' failed and referenced by '@@grpc-java~~grpc_java_repositories_extension~envoy_api//envoy/admin/v3:pkg'
ERROR: /data/h445xu/.cache/bazel/_bazel_hongxu/f31289449e926e3958fb3b85e1e0a73d/external/grpc-java~~grpc_java_repositories_extension~envoy_api/envoy/admin/v3/BUILD:7:18: no such target '@@grpc~~grpc_repo_deps_ext~com_envoyproxy_protoc_gen_validate//validate:validate_proto': target 'validate_proto' not declared in package 'validate' defined by /data/h445xu/.cache/bazel/_bazel_hongxu/f31289449e926e3958fb3b85e1e0a73d/external/grpc~~grpc_repo_deps_ext~com_envoyproxy_protoc_gen_validate/validate/BUILD and referenced by '@@grpc-java~~grpc_java_repositories_extension~envoy_api//envoy/admin/v3:pkg'
ERROR: /data/h445xu/.cache/bazel/_bazel_hongxu/f31289449e926e3958fb3b85e1e0a73d/external/grpc-java~~grpc_java_repositories_extension~envoy_api/envoy/config/cluster/aggregate/v2alpha/BUILD:7:18: error loading package '@@grpc-java~~grpc_java_repositories_extension~com_github_cncf_xds//udpa/annotations': initialization of module 'bazel/api_build_system.bzl' failed and referenced by '@@grpc-java~~grpc_java_repositories_extension~envoy_api//envoy/config/cluster/aggregate/v2alpha:pkg'
ERROR: /data/h445xu/.cache/bazel/_bazel_hongxu/f31289449e926e3958fb3b85e1e0a73d/external/grpc-java~~grpc_java_repositories_extension~envoy_api/envoy/config/cluster/aggregate/v2alpha/BUILD:7:18: no such target '@@grpc~~grpc_repo_deps_ext~com_envoyproxy_protoc_gen_validate//validate:validate_proto': target 'validate_proto' not declared in package 'validate' defined by /data/h445xu/.cache/bazel/_bazel_hongxu/f31289449e926e3958fb3b85e1e0a73d/external/grpc~~grpc_repo_deps_ext~com_envoyproxy_protoc_gen_validate/validate/BUILD and referenced by '@@grpc-java~~grpc_java_repositories_extension~envoy_api//envoy/config/cluster/aggregate/v2alpha:pkg'
ERROR: /data/h445xu/.cache/bazel/_bazel_hongxu/f31289449e926e3958fb3b85e1e0a73d/external/grpc-java~~grpc_java_repositories_extension~envoy_api/envoy/config/filter/fault/v2/BUILD:7:18: error loading package '@@grpc-java~~grpc_java_repositories_extension~com_github_cncf_xds//udpa/annotations': initialization of module 'bazel/api_build_system.bzl' failed and referenced by '@@grpc-java~~grpc_java_repositories_extension~envoy_api//envoy/config/filter/fault/v2:pkg'
ERROR: /data/h445xu/.cache/bazel/_bazel_hongxu/f31289449e926e3958fb3b85e1e0a73d/external/grpc-java~~grpc_java_repositories_extension~envoy_api/envoy/config/filter/fault/v2/BUILD:7:18: no such target '@@grpc~~grpc_repo_deps_ext~com_envoyproxy_protoc_gen_validate//validate:validate_proto': target 'validate_proto' not declared in package 'validate' defined by /data/h445xu/.cache/bazel/_bazel_hongxu/f31289449e926e3958fb3b85e1e0a73d/external/grpc~~grpc_repo_deps_ext~com_envoyproxy_protoc_gen_validate/validate/BUILD and referenced by '@@grpc-java~~grpc_java_repositories_extension~envoy_api//envoy/config/filter/fault/v2:pkg'
ERROR: /data/h445xu/.cache/bazel/_bazel_hongxu/f31289449e926e3958fb3b85e1e0a73d/external/grpc-java~~grpc_java_repositories_extension~envoy_api/envoy/config/filter/http/fault/v2/BUILD:7:18: error loading package '@@grpc-java~~grpc_java_repositories_extension~com_github_cncf_xds//udpa/annotations': initialization of module 'bazel/api_build_system.bzl' failed and referenced by '@@grpc-java~~grpc_java_repositories_extension~envoy_api//envoy/config/filter/http/fault/v2:pkg'
ERROR: /data/h445xu/.cache/bazel/_bazel_hongxu/f31289449e926e3958fb3b85e1e0a73d/external/grpc-java~~grpc_java_repositories_extension~envoy_api/envoy/config/filter/http/fault/v2/BUILD:7:18: no such target '@@grpc~~grpc_repo_deps_ext~com_envoyproxy_protoc_gen_validate//validate:validate_proto': target 'validate_proto' not declared in package 'validate' defined by /data/h445xu/.cache/bazel/_bazel_hongxu/f31289449e926e3958fb3b85e1e0a73d/external/grpc~~grpc_repo_deps_ext~com_envoyproxy_protoc_gen_validate/validate/BUILD and referenced by '@@grpc-java~~grpc_java_repositories_extension~envoy_api//envoy/config/filter/http/fault/v2:pkg'
ERROR: /data/h445xu/.cache/bazel/_bazel_hongxu/f31289449e926e3958fb3b85e1e0a73d/external/grpc-java~~grpc_java_repositories_extension~envoy_api/envoy/config/filter/http/router/v2/BUILD:7:18: error loading package '@@grpc-java~~grpc_java_repositories_extension~com_github_cncf_xds//udpa/annotations': initialization of module 'bazel/api_build_system.bzl' failed and referenced by '@@grpc-java~~grpc_java_repositories_extension~envoy_api//envoy/config/filter/http/router/v2:pkg'
ERROR: /data/h445xu/.cache/bazel/_bazel_hongxu/f31289449e926e3958fb3b85e1e0a73d/external/grpc-java~~grpc_java_repositories_extension~envoy_api/envoy/config/filter/http/router/v2/BUILD:7:18: no such target '@@grpc~~grpc_repo_deps_ext~com_envoyproxy_protoc_gen_validate//validate:validate_proto': target 'validate_proto' not declared in package 'validate' defined by /data/h445xu/.cache/bazel/_bazel_hongxu/f31289449e926e3958fb3b85e1e0a73d/external/grpc~~grpc_repo_deps_ext~com_envoyproxy_protoc_gen_validate/validate/BUILD and referenced by '@@grpc-java~~grpc_java_repositories_extension~envoy_api//envoy/config/filter/http/router/v2:pkg'
ERROR: /data/h445xu/.cache/bazel/_bazel_hongxu/f31289449e926e3958fb3b85e1e0a73d/external/grpc-java~~grpc_java_repositories_extension~envoy_api/envoy/config/trace/v2/BUILD:7:18: error loading package '@@grpc-java~~grpc_java_repositories_extension~com_github_cncf_xds//udpa/annotations': initialization of module 'bazel/api_build_system.bzl' failed and referenced by '@@grpc-java~~grpc_java_repositories_extension~envoy_api//envoy/config/trace/v2:pkg'
ERROR: /data/h445xu/.cache/bazel/_bazel_hongxu/f31289449e926e3958fb3b85e1e0a73d/external/grpc-java~~grpc_java_repositories_extension~envoy_api/envoy/config/trace/v2/BUILD:7:18: no such target '@@grpc~~grpc_repo_deps_ext~opencensus_proto//opencensus/proto/trace/v1:trace_config_proto': target 'trace_config_proto' not declared in package 'opencensus/proto/trace/v1' defined by /data/h445xu/.cache/bazel/_bazel_hongxu/f31289449e926e3958fb3b85e1e0a73d/external/grpc~~grpc_repo_deps_ext~opencensus_proto/opencensus/proto/trace/v1/BUILD.bazel and referenced by '@@grpc-java~~grpc_java_repositories_extension~envoy_api//envoy/config/trace/v2:pkg'
ERROR: /data/h445xu/.cache/bazel/_bazel_hongxu/f31289449e926e3958fb3b85e1e0a73d/external/grpc-java~~grpc_java_repositories_extension~envoy_api/envoy/config/trace/v2/BUILD:7:18: no such target '@@grpc~~grpc_repo_deps_ext~com_envoyproxy_protoc_gen_validate//validate:validate_proto': target 'validate_proto' not declared in package 'validate' defined by /data/h445xu/.cache/bazel/_bazel_hongxu/f31289449e926e3958fb3b85e1e0a73d/external/grpc~~grpc_repo_deps_ext~com_envoyproxy_protoc_gen_validate/validate/BUILD and referenced by '@@grpc-java~~grpc_java_repositories_extension~envoy_api//envoy/config/trace/v2:pkg'
ERROR: /data/h445xu/.cache/bazel/_bazel_hongxu/f31289449e926e3958fb3b85e1e0a73d/external/grpc-java~~grpc_java_repositories_extension~envoy_api/envoy/config/filter/network/http_connection_manager/v2/BUILD:7:18: error loading package '@@grpc-java~~grpc_java_repositories_extension~com_github_cncf_xds//udpa/annotations': initialization of module 'bazel/api_build_system.bzl' failed and referenced by '@@grpc-java~~grpc_java_repositories_extension~envoy_api//envoy/config/filter/network/http_connection_manager/v2:pkg'
ERROR: /data/h445xu/.cache/bazel/_bazel_hongxu/f31289449e926e3958fb3b85e1e0a73d/external/grpc-java~~grpc_java_repositories_extension~envoy_api/envoy/config/filter/network/http_connection_manager/v2/BUILD:7:18: no such target '@@grpc~~grpc_repo_deps_ext~com_envoyproxy_protoc_gen_validate//validate:validate_proto': target 'validate_proto' not declared in package 'validate' defined by /data/h445xu/.cache/bazel/_bazel_hongxu/f31289449e926e3958fb3b85e1e0a73d/external/grpc~~grpc_repo_deps_ext~com_envoyproxy_protoc_gen_validate/validate/BUILD and referenced by '@@grpc-java~~grpc_java_repositories_extension~envoy_api//envoy/config/filter/network/http_connection_manager/v2:pkg'
ERROR: /data/h445xu/.cache/bazel/_bazel_hongxu/f31289449e926e3958fb3b85e1e0a73d/external/grpc-java~~grpc_java_repositories_extension~envoy_api/envoy/config/rbac/v3/BUILD:7:18: error loading package '@@grpc-java~~grpc_java_repositories_extension~com_github_cncf_xds//udpa/annotations': initialization of module 'bazel/api_build_system.bzl' failed and referenced by '@@grpc-java~~grpc_java_repositories_extension~envoy_api//envoy/config/rbac/v3:pkg'
ERROR: /data/h445xu/.cache/bazel/_bazel_hongxu/f31289449e926e3958fb3b85e1e0a73d/external/grpc-java~~grpc_java_repositories_extension~envoy_api/envoy/config/rbac/v3/BUILD:7:18: no such target '@@grpc~~grpc_repo_deps_ext~com_envoyproxy_protoc_gen_validate//validate:validate_proto': target 'validate_proto' not declared in package 'validate' defined by /data/h445xu/.cache/bazel/_bazel_hongxu/f31289449e926e3958fb3b85e1e0a73d/external/grpc~~grpc_repo_deps_ext~com_envoyproxy_protoc_gen_validate/validate/BUILD and referenced by '@@grpc-java~~grpc_java_repositories_extension~envoy_api//envoy/config/rbac/v3:pkg'
ERROR: /data/h445xu/.cache/bazel/_bazel_hongxu/f31289449e926e3958fb3b85e1e0a73d/external/grpc-java~~grpc_java_repositories_extension~envoy_api/envoy/extensions/clusters/aggregate/v3/BUILD:7:18: error loading package '@@grpc-java~~grpc_java_repositories_extension~com_github_cncf_xds//udpa/annotations': initialization of module 'bazel/api_build_system.bzl' failed and referenced by '@@grpc-java~~grpc_java_repositories_extension~envoy_api//envoy/extensions/clusters/aggregate/v3:pkg'
ERROR: /data/h445xu/.cache/bazel/_bazel_hongxu/f31289449e926e3958fb3b85e1e0a73d/external/grpc-java~~grpc_java_repositories_extension~envoy_api/envoy/extensions/clusters/aggregate/v3/BUILD:7:18: no such target '@@grpc~~grpc_repo_deps_ext~com_envoyproxy_protoc_gen_validate//validate:validate_proto': target 'validate_proto' not declared in package 'validate' defined by /data/h445xu/.cache/bazel/_bazel_hongxu/f31289449e926e3958fb3b85e1e0a73d/external/grpc~~grpc_repo_deps_ext~com_envoyproxy_protoc_gen_validate/validate/BUILD and referenced by '@@grpc-java~~grpc_java_repositories_extension~envoy_api//envoy/extensions/clusters/aggregate/v3:pkg'
ERROR: /data/h445xu/.cache/bazel/_bazel_hongxu/f31289449e926e3958fb3b85e1e0a73d/external/grpc-java~~grpc_java_repositories_extension~envoy_api/envoy/extensions/filters/common/fault/v3/BUILD:7:18: error loading package '@@grpc-java~~grpc_java_repositories_extension~com_github_cncf_xds//udpa/annotations': initialization of module 'bazel/api_build_system.bzl' failed and referenced by '@@grpc-java~~grpc_java_repositories_extension~envoy_api//envoy/extensions/filters/common/fault/v3:pkg'
ERROR: /data/h445xu/.cache/bazel/_bazel_hongxu/f31289449e926e3958fb3b85e1e0a73d/external/grpc-java~~grpc_java_repositories_extension~envoy_api/envoy/extensions/filters/common/fault/v3/BUILD:7:18: no such target '@@grpc~~grpc_repo_deps_ext~com_envoyproxy_protoc_gen_validate//validate:validate_proto': target 'validate_proto' not declared in package 'validate' defined by /data/h445xu/.cache/bazel/_bazel_hongxu/f31289449e926e3958fb3b85e1e0a73d/external/grpc~~grpc_repo_deps_ext~com_envoyproxy_protoc_gen_validate/validate/BUILD and referenced by '@@grpc-java~~grpc_java_repositories_extension~envoy_api//envoy/extensions/filters/common/fault/v3:pkg'
ERROR: /data/h445xu/.cache/bazel/_bazel_hongxu/f31289449e926e3958fb3b85e1e0a73d/external/grpc-java~~grpc_java_repositories_extension~envoy_api/envoy/extensions/filters/http/fault/v3/BUILD:7:18: error loading package '@@grpc-java~~grpc_java_repositories_extension~com_github_cncf_xds//udpa/annotations': initialization of module 'bazel/api_build_system.bzl' failed and referenced by '@@grpc-java~~grpc_java_repositories_extension~envoy_api//envoy/extensions/filters/http/fault/v3:pkg'
ERROR: /data/h445xu/.cache/bazel/_bazel_hongxu/f31289449e926e3958fb3b85e1e0a73d/external/grpc-java~~grpc_java_repositories_extension~envoy_api/envoy/extensions/filters/http/fault/v3/BUILD:7:18: no such target '@@grpc~~grpc_repo_deps_ext~com_envoyproxy_protoc_gen_validate//validate:validate_proto': target 'validate_proto' not declared in package 'validate' defined by /data/h445xu/.cache/bazel/_bazel_hongxu/f31289449e926e3958fb3b85e1e0a73d/external/grpc~~grpc_repo_deps_ext~com_envoyproxy_protoc_gen_validate/validate/BUILD and referenced by '@@grpc-java~~grpc_java_repositories_extension~envoy_api//envoy/extensions/filters/http/fault/v3:pkg'
ERROR: /data/h445xu/.cache/bazel/_bazel_hongxu/f31289449e926e3958fb3b85e1e0a73d/external/grpc-java~~grpc_java_repositories_extension~envoy_api/envoy/extensions/filters/http/rbac/v3/BUILD:7:18: error loading package '@@grpc-java~~grpc_java_repositories_extension~com_github_cncf_xds//udpa/annotations': initialization of module 'bazel/api_build_system.bzl' failed and referenced by '@@grpc-java~~grpc_java_repositories_extension~envoy_api//envoy/extensions/filters/http/rbac/v3:pkg'
ERROR: /data/h445xu/.cache/bazel/_bazel_hongxu/f31289449e926e3958fb3b85e1e0a73d/external/grpc-java~~grpc_java_repositories_extension~envoy_api/envoy/extensions/filters/http/rbac/v3/BUILD:7:18: error loading package '@@grpc-java~~grpc_java_repositories_extension~com_github_cncf_xds//xds/annotations/v3': initialization of module 'bazel/api_build_system.bzl' failed and referenced by '@@grpc-java~~grpc_java_repositories_extension~envoy_api//envoy/extensions/filters/http/rbac/v3:pkg'
ERROR: /data/h445xu/.cache/bazel/_bazel_hongxu/f31289449e926e3958fb3b85e1e0a73d/external/grpc-java~~grpc_java_repositories_extension~envoy_api/envoy/extensions/filters/http/rbac/v3/BUILD:7:18: error loading package '@@grpc-java~~grpc_java_repositories_extension~com_github_cncf_xds//xds/type/matcher/v3': initialization of module 'bazel/api_build_system.bzl' failed and referenced by '@@grpc-java~~grpc_java_repositories_extension~envoy_api//envoy/extensions/filters/http/rbac/v3:pkg'
ERROR: /data/h445xu/.cache/bazel/_bazel_hongxu/f31289449e926e3958fb3b85e1e0a73d/external/grpc-java~~grpc_java_repositories_extension~envoy_api/envoy/extensions/filters/http/rbac/v3/BUILD:7:18: no such target '@@grpc~~grpc_repo_deps_ext~com_envoyproxy_protoc_gen_validate//validate:validate_proto': target 'validate_proto' not declared in package 'validate' defined by /data/h445xu/.cache/bazel/_bazel_hongxu/f31289449e926e3958fb3b85e1e0a73d/external/grpc~~grpc_repo_deps_ext~com_envoyproxy_protoc_gen_validate/validate/BUILD and referenced by '@@grpc-java~~grpc_java_repositories_extension~envoy_api//envoy/extensions/filters/http/rbac/v3:pkg'
ERROR: /data/h445xu/.cache/bazel/_bazel_hongxu/f31289449e926e3958fb3b85e1e0a73d/external/grpc-java~~grpc_java_repositories_extension~envoy_api/envoy/type/http/v3/BUILD:7:18: error loading package '@@grpc-java~~grpc_java_repositories_extension~com_github_cncf_xds//udpa/annotations': initialization of module 'bazel/api_build_system.bzl' failed and referenced by '@@grpc-java~~grpc_java_repositories_extension~envoy_api//envoy/type/http/v3:pkg'
ERROR: /data/h445xu/.cache/bazel/_bazel_hongxu/f31289449e926e3958fb3b85e1e0a73d/external/grpc-java~~grpc_java_repositories_extension~envoy_api/envoy/type/http/v3/BUILD:7:18: no such target '@@grpc~~grpc_repo_deps_ext~com_envoyproxy_protoc_gen_validate//validate:validate_proto': target 'validate_proto' not declared in package 'validate' defined by /data/h445xu/.cache/bazel/_bazel_hongxu/f31289449e926e3958fb3b85e1e0a73d/external/grpc~~grpc_repo_deps_ext~com_envoyproxy_protoc_gen_validate/validate/BUILD and referenced by '@@grpc-java~~grpc_java_repositories_extension~envoy_api//envoy/type/http/v3:pkg'
ERROR: /data/h445xu/.cache/bazel/_bazel_hongxu/f31289449e926e3958fb3b85e1e0a73d/external/grpc-java~~grpc_java_repositories_extension~envoy_api/envoy/extensions/filters/network/http_connection_manager/v3/BUILD:7:18: error loading package '@@grpc-java~~grpc_java_repositories_extension~com_github_cncf_xds//udpa/annotations': initialization of module 'bazel/api_build_system.bzl' failed and referenced by '@@grpc-java~~grpc_java_repositories_extension~envoy_api//envoy/extensions/filters/network/http_connection_manager/v3:pkg'
ERROR: /data/h445xu/.cache/bazel/_bazel_hongxu/f31289449e926e3958fb3b85e1e0a73d/external/grpc-java~~grpc_java_repositories_extension~envoy_api/envoy/extensions/filters/network/http_connection_manager/v3/BUILD:7:18: no such target '@@grpc~~grpc_repo_deps_ext~com_envoyproxy_protoc_gen_validate//validate:validate_proto': target 'validate_proto' not declared in package 'validate' defined by /data/h445xu/.cache/bazel/_bazel_hongxu/f31289449e926e3958fb3b85e1e0a73d/external/grpc~~grpc_repo_deps_ext~com_envoyproxy_protoc_gen_validate/validate/BUILD and referenced by '@@grpc-java~~grpc_java_repositories_extension~envoy_api//envoy/extensions/filters/network/http_connection_manager/v3:pkg'
ERROR: /data/h445xu/.cache/bazel/_bazel_hongxu/f31289449e926e3958fb3b85e1e0a73d/external/grpc-java~~grpc_java_repositories_extension~envoy_api/envoy/extensions/filters/http/router/v3/BUILD:7:18: error loading package '@@grpc-java~~grpc_java_repositories_extension~com_github_cncf_xds//udpa/annotations': initialization of module 'bazel/api_build_system.bzl' failed and referenced by '@@grpc-java~~grpc_java_repositories_extension~envoy_api//envoy/extensions/filters/http/router/v3:pkg'
ERROR: /data/h445xu/.cache/bazel/_bazel_hongxu/f31289449e926e3958fb3b85e1e0a73d/external/grpc-java~~grpc_java_repositories_extension~envoy_api/envoy/extensions/filters/http/router/v3/BUILD:7:18: no such target '@@grpc~~grpc_repo_deps_ext~com_envoyproxy_protoc_gen_validate//validate:validate_proto': target 'validate_proto' not declared in package 'validate' defined by /data/h445xu/.cache/bazel/_bazel_hongxu/f31289449e926e3958fb3b85e1e0a73d/external/grpc~~grpc_repo_deps_ext~com_envoyproxy_protoc_gen_validate/validate/BUILD and referenced by '@@grpc-java~~grpc_java_repositories_extension~envoy_api//envoy/extensions/filters/http/router/v3:pkg'
ERROR: /data/h445xu/.cache/bazel/_bazel_hongxu/f31289449e926e3958fb3b85e1e0a73d/external/grpc-java~~grpc_java_repositories_extension~envoy_api/envoy/extensions/load_balancing_policies/client_side_weighted_round_robin/v3/BUILD:7:18: error loading package '@@grpc-java~~grpc_java_repositories_extension~com_github_cncf_xds//udpa/annotations': initialization of module 'bazel/api_build_system.bzl' failed and referenced by '@@grpc-java~~grpc_java_repositories_extension~envoy_api//envoy/extensions/load_balancing_policies/client_side_weighted_round_robin/v3:pkg'
ERROR: /data/h445xu/.cache/bazel/_bazel_hongxu/f31289449e926e3958fb3b85e1e0a73d/external/grpc-java~~grpc_java_repositories_extension~envoy_api/envoy/extensions/load_balancing_policies/client_side_weighted_round_robin/v3/BUILD:7:18: no such target '@@grpc~~grpc_repo_deps_ext~com_envoyproxy_protoc_gen_validate//validate:validate_proto': target 'validate_proto' not declared in package 'validate' defined by /data/h445xu/.cache/bazel/_bazel_hongxu/f31289449e926e3958fb3b85e1e0a73d/external/grpc~~grpc_repo_deps_ext~com_envoyproxy_protoc_gen_validate/validate/BUILD and referenced by '@@grpc-java~~grpc_java_repositories_extension~envoy_api//envoy/extensions/load_balancing_policies/client_side_weighted_round_robin/v3:pkg'
ERROR: /data/h445xu/.cache/bazel/_bazel_hongxu/f31289449e926e3958fb3b85e1e0a73d/external/grpc-java~~grpc_java_repositories_extension~envoy_api/envoy/extensions/load_balancing_policies/common/v3/BUILD:7:18: error loading package '@@grpc-java~~grpc_java_repositories_extension~com_github_cncf_xds//udpa/annotations': initialization of module 'bazel/api_build_system.bzl' failed and referenced by '@@grpc-java~~grpc_java_repositories_extension~envoy_api//envoy/extensions/load_balancing_policies/common/v3:pkg'
ERROR: /data/h445xu/.cache/bazel/_bazel_hongxu/f31289449e926e3958fb3b85e1e0a73d/external/grpc-java~~grpc_java_repositories_extension~envoy_api/envoy/extensions/load_balancing_policies/common/v3/BUILD:7:18: no such target '@@grpc~~grpc_repo_deps_ext~com_envoyproxy_protoc_gen_validate//validate:validate_proto': target 'validate_proto' not declared in package 'validate' defined by /data/h445xu/.cache/bazel/_bazel_hongxu/f31289449e926e3958fb3b85e1e0a73d/external/grpc~~grpc_repo_deps_ext~com_envoyproxy_protoc_gen_validate/validate/BUILD and referenced by '@@grpc-java~~grpc_java_repositories_extension~envoy_api//envoy/extensions/load_balancing_policies/common/v3:pkg'
ERROR: /data/h445xu/.cache/bazel/_bazel_hongxu/f31289449e926e3958fb3b85e1e0a73d/external/grpc-java~~grpc_java_repositories_extension~envoy_api/envoy/extensions/load_balancing_policies/least_request/v3/BUILD:7:18: error loading package '@@grpc-java~~grpc_java_repositories_extension~com_github_cncf_xds//udpa/annotations': initialization of module 'bazel/api_build_system.bzl' failed and referenced by '@@grpc-java~~grpc_java_repositories_extension~envoy_api//envoy/extensions/load_balancing_policies/least_request/v3:pkg'
ERROR: /data/h445xu/.cache/bazel/_bazel_hongxu/f31289449e926e3958fb3b85e1e0a73d/external/grpc-java~~grpc_java_repositories_extension~envoy_api/envoy/extensions/load_balancing_policies/least_request/v3/BUILD:7:18: no such target '@@grpc~~grpc_repo_deps_ext~com_envoyproxy_protoc_gen_validate//validate:validate_proto': target 'validate_proto' not declared in package 'validate' defined by /data/h445xu/.cache/bazel/_bazel_hongxu/f31289449e926e3958fb3b85e1e0a73d/external/grpc~~grpc_repo_deps_ext~com_envoyproxy_protoc_gen_validate/validate/BUILD and referenced by '@@grpc-java~~grpc_java_repositories_extension~envoy_api//envoy/extensions/load_balancing_policies/least_request/v3:pkg'
ERROR: /data/h445xu/.cache/bazel/_bazel_hongxu/f31289449e926e3958fb3b85e1e0a73d/external/grpc-java~~grpc_java_repositories_extension~envoy_api/envoy/extensions/load_balancing_policies/pick_first/v3/BUILD:7:18: error loading package '@@grpc-java~~grpc_java_repositories_extension~com_github_cncf_xds//udpa/annotations': initialization of module 'bazel/api_build_system.bzl' failed and referenced by '@@grpc-java~~grpc_java_repositories_extension~envoy_api//envoy/extensions/load_balancing_policies/pick_first/v3:pkg'
ERROR: /data/h445xu/.cache/bazel/_bazel_hongxu/f31289449e926e3958fb3b85e1e0a73d/external/grpc-java~~grpc_java_repositories_extension~envoy_api/envoy/extensions/load_balancing_policies/pick_first/v3/BUILD:7:18: no such target '@@grpc~~grpc_repo_deps_ext~com_envoyproxy_protoc_gen_validate//validate:validate_proto': target 'validate_proto' not declared in package 'validate' defined by /data/h445xu/.cache/bazel/_bazel_hongxu/f31289449e926e3958fb3b85e1e0a73d/external/grpc~~grpc_repo_deps_ext~com_envoyproxy_protoc_gen_validate/validate/BUILD and referenced by '@@grpc-java~~grpc_java_repositories_extension~envoy_api//envoy/extensions/load_balancing_policies/pick_first/v3:pkg'
ERROR: /data/h445xu/.cache/bazel/_bazel_hongxu/f31289449e926e3958fb3b85e1e0a73d/external/grpc-java~~grpc_java_repositories_extension~envoy_api/envoy/extensions/load_balancing_policies/ring_hash/v3/BUILD:7:18: error loading package '@@grpc-java~~grpc_java_repositories_extension~com_github_cncf_xds//udpa/annotations': initialization of module 'bazel/api_build_system.bzl' failed and referenced by '@@grpc-java~~grpc_java_repositories_extension~envoy_api//envoy/extensions/load_balancing_policies/ring_hash/v3:pkg'
ERROR: /data/h445xu/.cache/bazel/_bazel_hongxu/f31289449e926e3958fb3b85e1e0a73d/external/grpc-java~~grpc_java_repositories_extension~envoy_api/envoy/extensions/load_balancing_policies/ring_hash/v3/BUILD:7:18: no such target '@@grpc~~grpc_repo_deps_ext~com_envoyproxy_protoc_gen_validate//validate:validate_proto': target 'validate_proto' not declared in package 'validate' defined by /data/h445xu/.cache/bazel/_bazel_hongxu/f31289449e926e3958fb3b85e1e0a73d/external/grpc~~grpc_repo_deps_ext~com_envoyproxy_protoc_gen_validate/validate/BUILD and referenced by '@@grpc-java~~grpc_java_repositories_extension~envoy_api//envoy/extensions/load_balancing_policies/ring_hash/v3:pkg'
ERROR: /data/h445xu/.cache/bazel/_bazel_hongxu/f31289449e926e3958fb3b85e1e0a73d/external/grpc-java~~grpc_java_repositories_extension~envoy_api/envoy/extensions/load_balancing_policies/round_robin/v3/BUILD:7:18: error loading package '@@grpc-java~~grpc_java_repositories_extension~com_github_cncf_xds//udpa/annotations': initialization of module 'bazel/api_build_system.bzl' failed and referenced by '@@grpc-java~~grpc_java_repositories_extension~envoy_api//envoy/extensions/load_balancing_policies/round_robin/v3:pkg'
ERROR: /data/h445xu/.cache/bazel/_bazel_hongxu/f31289449e926e3958fb3b85e1e0a73d/external/grpc-java~~grpc_java_repositories_extension~envoy_api/envoy/extensions/load_balancing_policies/round_robin/v3/BUILD:7:18: no such target '@@grpc~~grpc_repo_deps_ext~com_envoyproxy_protoc_gen_validate//validate:validate_proto': target 'validate_proto' not declared in package 'validate' defined by /data/h445xu/.cache/bazel/_bazel_hongxu/f31289449e926e3958fb3b85e1e0a73d/external/grpc~~grpc_repo_deps_ext~com_envoyproxy_protoc_gen_validate/validate/BUILD and referenced by '@@grpc-java~~grpc_java_repositories_extension~envoy_api//envoy/extensions/load_balancing_policies/round_robin/v3:pkg'
ERROR: /data/h445xu/.cache/bazel/_bazel_hongxu/f31289449e926e3958fb3b85e1e0a73d/external/grpc-java~~grpc_java_repositories_extension~envoy_api/envoy/extensions/load_balancing_policies/wrr_locality/v3/BUILD:7:18: error loading package '@@grpc-java~~grpc_java_repositories_extension~com_github_cncf_xds//udpa/annotations': initialization of module 'bazel/api_build_system.bzl' failed and referenced by '@@grpc-java~~grpc_java_repositories_extension~envoy_api//envoy/extensions/load_balancing_policies/wrr_locality/v3:pkg'
ERROR: /data/h445xu/.cache/bazel/_bazel_hongxu/f31289449e926e3958fb3b85e1e0a73d/external/grpc-java~~grpc_java_repositories_extension~envoy_api/envoy/extensions/load_balancing_policies/wrr_locality/v3/BUILD:7:18: no such target '@@grpc~~grpc_repo_deps_ext~com_envoyproxy_protoc_gen_validate//validate:validate_proto': target 'validate_proto' not declared in package 'validate' defined by /data/h445xu/.cache/bazel/_bazel_hongxu/f31289449e926e3958fb3b85e1e0a73d/external/grpc~~grpc_repo_deps_ext~com_envoyproxy_protoc_gen_validate/validate/BUILD and referenced by '@@grpc-java~~grpc_java_repositories_extension~envoy_api//envoy/extensions/load_balancing_policies/wrr_locality/v3:pkg'
ERROR: /data/h445xu/.cache/bazel/_bazel_hongxu/f31289449e926e3958fb3b85e1e0a73d/external/grpc-java~~grpc_java_repositories_extension~envoy_api/envoy/service/discovery/v3/BUILD:7:18: error loading package '@@grpc-java~~grpc_java_repositories_extension~com_github_cncf_xds//udpa/annotations': initialization of module 'bazel/api_build_system.bzl' failed and referenced by '@@grpc-java~~grpc_java_repositories_extension~envoy_api//envoy/service/discovery/v3:pkg'
ERROR: /data/h445xu/.cache/bazel/_bazel_hongxu/f31289449e926e3958fb3b85e1e0a73d/external/grpc-java~~grpc_java_repositories_extension~envoy_api/envoy/service/discovery/v3/BUILD:7:18: no such target '@@grpc~~grpc_repo_deps_ext~com_envoyproxy_protoc_gen_validate//validate:validate_proto': target 'validate_proto' not declared in package 'validate' defined by /data/h445xu/.cache/bazel/_bazel_hongxu/f31289449e926e3958fb3b85e1e0a73d/external/grpc~~grpc_repo_deps_ext~com_envoyproxy_protoc_gen_validate/validate/BUILD and referenced by '@@grpc-java~~grpc_java_repositories_extension~envoy_api//envoy/service/discovery/v3:pkg'
ERROR: /data/h445xu/.cache/bazel/_bazel_hongxu/f31289449e926e3958fb3b85e1e0a73d/external/grpc-java~~grpc_java_repositories_extension~envoy_api/envoy/service/load_stats/v2/BUILD:7:18: error loading package '@@grpc-java~~grpc_java_repositories_extension~com_github_cncf_xds//udpa/annotations': initialization of module 'bazel/api_build_system.bzl' failed and referenced by '@@grpc-java~~grpc_java_repositories_extension~envoy_api//envoy/service/load_stats/v2:pkg'
ERROR: /data/h445xu/.cache/bazel/_bazel_hongxu/f31289449e926e3958fb3b85e1e0a73d/external/grpc-java~~grpc_java_repositories_extension~envoy_api/envoy/service/load_stats/v2/BUILD:7:18: no such target '@@grpc~~grpc_repo_deps_ext~com_envoyproxy_protoc_gen_validate//validate:validate_proto': target 'validate_proto' not declared in package 'validate' defined by /data/h445xu/.cache/bazel/_bazel_hongxu/f31289449e926e3958fb3b85e1e0a73d/external/grpc~~grpc_repo_deps_ext~com_envoyproxy_protoc_gen_validate/validate/BUILD and referenced by '@@grpc-java~~grpc_java_repositories_extension~envoy_api//envoy/service/load_stats/v2:pkg'
ERROR: /data/h445xu/.cache/bazel/_bazel_hongxu/f31289449e926e3958fb3b85e1e0a73d/external/grpc-java~~grpc_java_repositories_extension~envoy_api/envoy/service/load_stats/v3/BUILD:7:18: error loading package '@@grpc-java~~grpc_java_repositories_extension~com_github_cncf_xds//udpa/annotations': initialization of module 'bazel/api_build_system.bzl' failed and referenced by '@@grpc-java~~grpc_java_repositories_extension~envoy_api//envoy/service/load_stats/v3:pkg'
ERROR: /data/h445xu/.cache/bazel/_bazel_hongxu/f31289449e926e3958fb3b85e1e0a73d/external/grpc-java~~grpc_java_repositories_extension~envoy_api/envoy/service/load_stats/v3/BUILD:7:18: no such target '@@grpc~~grpc_repo_deps_ext~com_envoyproxy_protoc_gen_validate//validate:validate_proto': target 'validate_proto' not declared in package 'validate' defined by /data/h445xu/.cache/bazel/_bazel_hongxu/f31289449e926e3958fb3b85e1e0a73d/external/grpc~~grpc_repo_deps_ext~com_envoyproxy_protoc_gen_validate/validate/BUILD and referenced by '@@grpc-java~~grpc_java_repositories_extension~envoy_api//envoy/service/load_stats/v3:pkg'
ERROR: /data/h445xu/.cache/bazel/_bazel_hongxu/f31289449e926e3958fb3b85e1e0a73d/external/grpc-java~~grpc_java_repositories_extension~envoy_api/envoy/service/status/v3/BUILD:7:18: error loading package '@@grpc-java~~grpc_java_repositories_extension~com_github_cncf_xds//udpa/annotations': initialization of module 'bazel/api_build_system.bzl' failed and referenced by '@@grpc-java~~grpc_java_repositories_extension~envoy_api//envoy/service/status/v3:pkg'
ERROR: /data/h445xu/.cache/bazel/_bazel_hongxu/f31289449e926e3958fb3b85e1e0a73d/external/grpc-java~~grpc_java_repositories_extension~envoy_api/envoy/service/status/v3/BUILD:7:18: no such target '@@grpc~~grpc_repo_deps_ext~com_envoyproxy_protoc_gen_validate//validate:validate_proto': target 'validate_proto' not declared in package 'validate' defined by /data/h445xu/.cache/bazel/_bazel_hongxu/f31289449e926e3958fb3b85e1e0a73d/external/grpc~~grpc_repo_deps_ext~com_envoyproxy_protoc_gen_validate/validate/BUILD and referenced by '@@grpc-java~~grpc_java_repositories_extension~envoy_api//envoy/service/status/v3:pkg'
ERROR: /data/h445xu/.cache/bazel/_bazel_hongxu/f31289449e926e3958fb3b85e1e0a73d/external/grpc-java~/xds/BUILD.bazel:63:19: error loading package '@@grpc-java~~grpc_java_repositories_extension~com_github_cncf_xds//udpa/type/v1': initialization of module 'bazel/api_build_system.bzl' failed and referenced by '@@grpc-java~//xds:xds_protos_java'
ERROR: /data/h445xu/.cache/bazel/_bazel_hongxu/f31289449e926e3958fb3b85e1e0a73d/external/grpc-java~/xds/BUILD.bazel:63:19: error loading package '@@grpc-java~~grpc_java_repositories_extension~com_github_cncf_xds//xds/data/orca/v3': initialization of module 'bazel/api_build_system.bzl' failed and referenced by '@@grpc-java~//xds:xds_protos_java'
ERROR: /data/h445xu/.cache/bazel/_bazel_hongxu/f31289449e926e3958fb3b85e1e0a73d/external/grpc-java~/xds/BUILD.bazel:63:19: error loading package '@@grpc-java~~grpc_java_repositories_extension~com_github_cncf_xds//xds/service/orca/v3': initialization of module 'bazel/api_build_system.bzl' failed and referenced by '@@grpc-java~//xds:xds_protos_java'
ERROR: /data/h445xu/.cache/bazel/_bazel_hongxu/f31289449e926e3958fb3b85e1e0a73d/external/grpc-java~/xds/BUILD.bazel:63:19: error loading package '@@grpc-java~~grpc_java_repositories_extension~com_github_cncf_xds//xds/type/v3': initialization of module 'bazel/api_build_system.bzl' failed and referenced by '@@grpc-java~//xds:xds_protos_java'
ERROR: /data/h445xu/.cache/bazel/_bazel_hongxu/f31289449e926e3958fb3b85e1e0a73d/external/grpc-java~/xds/BUILD.bazel:160:19: error loading package '@@grpc-java~~grpc_java_repositories_extension~com_github_cncf_xds//xds/data/orca/v3': initialization of module 'bazel/api_build_system.bzl' failed and referenced by '@@grpc-java~//xds:orca_protos_java'
ERROR: /data/h445xu/.cache/bazel/_bazel_hongxu/f31289449e926e3958fb3b85e1e0a73d/external/grpc-java~/xds/BUILD.bazel:160:19: error loading package '@@grpc-java~~grpc_java_repositories_extension~com_github_cncf_xds//xds/service/orca/v3': initialization of module 'bazel/api_build_system.bzl' failed and referenced by '@@grpc-java~//xds:orca_protos_java'
ERROR: /data/h445xu/.cache/bazel/_bazel_hongxu/f31289449e926e3958fb3b85e1e0a73d/external/grpc-java~/xds/BUILD.bazel:168:18: error loading package '@@grpc-java~~grpc_java_repositories_extension~com_github_cncf_xds//xds/service/orca/v3': initialization of module 'bazel/api_build_system.bzl' failed and referenced by '@@grpc-java~//xds:xds_service_orca_v3_java_grpc'
ERROR: /data/h445xu/.cache/bazel/_bazel_hongxu/f31289449e926e3958fb3b85e1e0a73d/external/grpc-java~/BUILD.bazel:56:12: no such target '@@rules_jvm_external~~maven~maven//:com_google_auto_value_auto_value': target 'com_google_auto_value_auto_value' not declared in package '' defined by /data/h445xu/.cache/bazel/_bazel_hongxu/f31289449e926e3958fb3b85e1e0a73d/external/rules_jvm_external~~maven~maven/BUILD and referenced by '@@grpc-java~//:auto_value'
ERROR: /data/h445xu/.cache/bazel/_bazel_hongxu/f31289449e926e3958fb3b85e1e0a73d/external/grpc-java~/BUILD.bazel:63:13: no such target '@@rules_jvm_external~~maven~maven//:com_google_auto_value_auto_value_annotations': target 'com_google_auto_value_auto_value_annotations' not declared in package '' defined by /data/h445xu/.cache/bazel/_bazel_hongxu/f31289449e926e3958fb3b85e1e0a73d/external/rules_jvm_external~~maven~maven/BUILD and referenced by '@@grpc-java~//:auto_value_annotations'
ERROR: /data/h445xu/.cache/bazel/_bazel_hongxu/f31289449e926e3958fb3b85e1e0a73d/external/grpc-java~/BUILD.bazel:63:13: no such target '@@rules_jvm_external~~maven~maven//:org_apache_tomcat_annotations_api': target 'org_apache_tomcat_annotations_api' not declared in package '' defined by /data/h445xu/.cache/bazel/_bazel_hongxu/f31289449e926e3958fb3b85e1e0a73d/external/rules_jvm_external~~maven~maven/BUILD and referenced by '@@grpc-java~//:auto_value_annotations'
ERROR: /data/h445xu/.cache/bazel/_bazel_hongxu/f31289449e926e3958fb3b85e1e0a73d/external/grpc-java~/xds/BUILD.bazel:16:13: no such target '@@googleapis~//google/rpc:rpc_java_proto': target 'rpc_java_proto' not declared in package 'google/rpc' defined by /data/h445xu/.cache/bazel/_bazel_hongxu/f31289449e926e3958fb3b85e1e0a73d/external/googleapis~/google/rpc/BUILD.bazel and referenced by '@@grpc-java~//xds:xds'
ERROR: /data/h445xu/.cache/bazel/_bazel_hongxu/f31289449e926e3958fb3b85e1e0a73d/external/grpc-java~/xds/BUILD.bazel:16:13: no such target '@@rules_jvm_external~~maven~maven//:com_google_re2j_re2j': target 'com_google_re2j_re2j' not declared in package '' defined by /data/h445xu/.cache/bazel/_bazel_hongxu/f31289449e926e3958fb3b85e1e0a73d/external/rules_jvm_external~~maven~maven/BUILD and referenced by '@@grpc-java~//xds:xds'
ERROR: /data/h445xu/.cache/bazel/_bazel_hongxu/f31289449e926e3958fb3b85e1e0a73d/external/grpc-java~/xds/BUILD.bazel:16:13: no such target '@@rules_jvm_external~~maven~maven//:io_netty_netty_buffer': target 'io_netty_netty_buffer' not declared in package '' defined by /data/h445xu/.cache/bazel/_bazel_hongxu/f31289449e926e3958fb3b85e1e0a73d/external/rules_jvm_external~~maven~maven/BUILD and referenced by '@@grpc-java~//xds:xds'
ERROR: /data/h445xu/.cache/bazel/_bazel_hongxu/f31289449e926e3958fb3b85e1e0a73d/external/grpc-java~/xds/BUILD.bazel:16:13: no such target '@@rules_jvm_external~~maven~maven//:io_netty_netty_codec': target 'io_netty_netty_codec' not declared in package '' defined by /data/h445xu/.cache/bazel/_bazel_hongxu/f31289449e926e3958fb3b85e1e0a73d/external/rules_jvm_external~~maven~maven/BUILD and referenced by '@@grpc-java~//xds:xds'
ERROR: /data/h445xu/.cache/bazel/_bazel_hongxu/f31289449e926e3958fb3b85e1e0a73d/external/grpc-java~/xds/BUILD.bazel:16:13: no such target '@@rules_jvm_external~~maven~maven//:io_netty_netty_common': target 'io_netty_netty_common' not declared in package '' defined by /data/h445xu/.cache/bazel/_bazel_hongxu/f31289449e926e3958fb3b85e1e0a73d/external/rules_jvm_external~~maven~maven/BUILD and referenced by '@@grpc-java~//xds:xds'
ERROR: /data/h445xu/.cache/bazel/_bazel_hongxu/f31289449e926e3958fb3b85e1e0a73d/external/grpc-java~/xds/BUILD.bazel:16:13: no such target '@@rules_jvm_external~~maven~maven//:io_netty_netty_handler': target 'io_netty_netty_handler' not declared in package '' defined by /data/h445xu/.cache/bazel/_bazel_hongxu/f31289449e926e3958fb3b85e1e0a73d/external/rules_jvm_external~~maven~maven/BUILD and referenced by '@@grpc-java~//xds:xds'
ERROR: /data/h445xu/.cache/bazel/_bazel_hongxu/f31289449e926e3958fb3b85e1e0a73d/external/grpc-java~/xds/BUILD.bazel:16:13: no such target '@@rules_jvm_external~~maven~maven//:io_netty_netty_transport': target 'io_netty_netty_transport' not declared in package '' defined by /data/h445xu/.cache/bazel/_bazel_hongxu/f31289449e926e3958fb3b85e1e0a73d/external/rules_jvm_external~~maven~maven/BUILD and referenced by '@@grpc-java~//xds:xds'
ERROR: /data/h445xu/.cache/bazel/_bazel_hongxu/f31289449e926e3958fb3b85e1e0a73d/external/grpc-java~/netty/shaded/BUILD.bazel:4:13: no such target '@@rules_jvm_external~~maven~maven//:io_netty_netty_tcnative_boringssl_static': target 'io_netty_netty_tcnative_boringssl_static' not declared in package '' defined by /data/h445xu/.cache/bazel/_bazel_hongxu/f31289449e926e3958fb3b85e1e0a73d/external/rules_jvm_external~~maven~maven/BUILD and referenced by '@@grpc-java~//netty/shaded:shaded'
ERROR: /data/h445xu/.cache/bazel/_bazel_hongxu/f31289449e926e3958fb3b85e1e0a73d/external/grpc-java~/netty/shaded/BUILD.bazel:4:13: no such target '@@rules_jvm_external~~maven~maven//:io_netty_netty_tcnative_classes': target 'io_netty_netty_tcnative_classes' not declared in package '' defined by /data/h445xu/.cache/bazel/_bazel_hongxu/f31289449e926e3958fb3b85e1e0a73d/external/rules_jvm_external~~maven~maven/BUILD and referenced by '@@grpc-java~//netty/shaded:shaded'
ERROR: /data/h445xu/.cache/bazel/_bazel_hongxu/f31289449e926e3958fb3b85e1e0a73d/external/grpc-java~/netty/shaded/BUILD.bazel:4:13: no such target '@@rules_jvm_external~~maven~maven//:io_netty_netty_transport_native_unix_common': target 'io_netty_netty_transport_native_unix_common' not declared in package '' defined by /data/h445xu/.cache/bazel/_bazel_hongxu/f31289449e926e3958fb3b85e1e0a73d/external/rules_jvm_external~~maven~maven/BUILD and referenced by '@@grpc-java~//netty/shaded:shaded'
ERROR: /data/h445xu/.cache/bazel/_bazel_hongxu/f31289449e926e3958fb3b85e1e0a73d/external/grpc-java~/netty/shaded/BUILD.bazel:4:13: no such target '@@rules_jvm_external~~maven~maven//:io_netty_netty_transport_native_epoll_linux_x86_64': target 'io_netty_netty_transport_native_epoll_linux_x86_64' not declared in package '' defined by /data/h445xu/.cache/bazel/_bazel_hongxu/f31289449e926e3958fb3b85e1e0a73d/external/rules_jvm_external~~maven~maven/BUILD and referenced by '@@grpc-java~//netty/shaded:shaded'
ERROR: /data/h445xu/.cache/bazel/_bazel_hongxu/f31289449e926e3958fb3b85e1e0a73d/external/grpc-java~/rls/BUILD.bazel:4:13: no such target '@@rules_jvm_external~~maven~maven//:com_google_auto_value_auto_value_annotations': target 'com_google_auto_value_auto_value_annotations' not declared in package '' defined by /data/h445xu/.cache/bazel/_bazel_hongxu/f31289449e926e3958fb3b85e1e0a73d/external/rules_jvm_external~~maven~maven/BUILD and referenced by '@@grpc-java~//rls:rls'
ERROR: /data/h445xu/repo/bazel-repos/cloned_repos/protocolbuffers__protobuf/python/google/protobuf/internal/numpy/BUILD.bazel:13:17: no such target '@@rules_python~~python~python_3_12//:supported': target 'supported' not declared in package '' defined by /data/h445xu/.cache/bazel/_bazel_hongxu/f31289449e926e3958fb3b85e1e0a73d/external/rules_python~~python~python_3_12/BUILD.bazel and referenced by '//python/google/protobuf/internal/numpy:numpy_test'
ERROR: /data/h445xu/repo/bazel-repos/cloned_repos/protocolbuffers__protobuf/python/BUILD.bazel:14:14: no such target '@@rules_python~~python~python_3_12//:none': target 'none' not declared in package '' defined by /data/h445xu/.cache/bazel/_bazel_hongxu/f31289449e926e3958fb3b85e1e0a73d/external/rules_python~~python~python_3_12/BUILD.bazel and referenced by '//python:conformance_test'
ERROR: /data/h445xu/repo/bazel-repos/cloned_repos/protocolbuffers__protobuf/python/BUILD.bazel:14:14: no such target '@@rules_python~~python~python_3_12//:none': target 'none' not declared in package '' defined by /data/h445xu/.cache/bazel/_bazel_hongxu/f31289449e926e3958fb3b85e1e0a73d/external/rules_python~~python~python_3_12/BUILD.bazel and referenced by '//python:conformance_test_cpp'
ERROR: /data/h445xu/repo/bazel-repos/cloned_repos/protocolbuffers__protobuf/python/BUILD.bazel:14:14: no such target '@@rules_python~~python~python_3_12//:none': target 'none' not declared in package '' defined by /data/h445xu/.cache/bazel/_bazel_hongxu/f31289449e926e3958fb3b85e1e0a73d/external/rules_python~~python~python_3_12/BUILD.bazel and referenced by '//python:conformance_test_upb'
ERROR: /data/h445xu/repo/bazel-repos/cloned_repos/protocolbuffers__protobuf/python/BUILD.bazel:14:14: no such target '@@rules_python~~python~python_3_12//:supported': target 'supported' not declared in package '' defined by /data/h445xu/.cache/bazel/_bazel_hongxu/f31289449e926e3958fb3b85e1e0a73d/external/rules_python~~python~python_3_12/BUILD.bazel and referenced by '//python:decoder_test'
ERROR: /data/h445xu/repo/bazel-repos/cloned_repos/protocolbuffers__protobuf/python/BUILD.bazel:14:14: no such target '@@rules_python~~python~python_3_12//:supported': target 'supported' not declared in package '' defined by /data/h445xu/.cache/bazel/_bazel_hongxu/f31289449e926e3958fb3b85e1e0a73d/external/rules_python~~python~python_3_12/BUILD.bazel and referenced by '//python:descriptor_database_test'
ERROR: /data/h445xu/repo/bazel-repos/cloned_repos/protocolbuffers__protobuf/python/BUILD.bazel:14:14: no such target '@@rules_python~~python~python_3_12//:supported': target 'supported' not declared in package '' defined by /data/h445xu/.cache/bazel/_bazel_hongxu/f31289449e926e3958fb3b85e1e0a73d/external/rules_python~~python~python_3_12/BUILD.bazel and referenced by '//python:descriptor_pool_test'
ERROR: /data/h445xu/repo/bazel-repos/cloned_repos/protocolbuffers__protobuf/python/BUILD.bazel:14:14: no such target '@@rules_python~~python~python_3_12//:supported': target 'supported' not declared in package '' defined by /data/h445xu/.cache/bazel/_bazel_hongxu/f31289449e926e3958fb3b85e1e0a73d/external/rules_python~~python~python_3_12/BUILD.bazel and referenced by '//python:descriptor_test'
ERROR: /data/h445xu/repo/bazel-repos/cloned_repos/protocolbuffers__protobuf/python/BUILD.bazel:14:14: no such target '@@rules_python~~python~python_3_12//:supported': target 'supported' not declared in package '' defined by /data/h445xu/.cache/bazel/_bazel_hongxu/f31289449e926e3958fb3b85e1e0a73d/external/rules_python~~python~python_3_12/BUILD.bazel and referenced by '//python:field_mask_test'
ERROR: /data/h445xu/repo/bazel-repos/cloned_repos/protocolbuffers__protobuf/python/BUILD.bazel:14:14: no such target '@@rules_python~~python~python_3_12//:supported': target 'supported' not declared in package '' defined by /data/h445xu/.cache/bazel/_bazel_hongxu/f31289449e926e3958fb3b85e1e0a73d/external/rules_python~~python~python_3_12/BUILD.bazel and referenced by '//python:generator_test'
ERROR: /data/h445xu/repo/bazel-repos/cloned_repos/protocolbuffers__protobuf/python/BUILD.bazel:14:14: no such target '@@rules_python~~python~python_3_12//:supported': target 'supported' not declared in package '' defined by /data/h445xu/.cache/bazel/_bazel_hongxu/f31289449e926e3958fb3b85e1e0a73d/external/rules_python~~python~python_3_12/BUILD.bazel and referenced by '//python:import_test'
ERROR: /data/h445xu/repo/bazel-repos/cloned_repos/protocolbuffers__protobuf/python/BUILD.bazel:14:14: no such target '@@rules_python~~python~python_3_12//:supported': target 'supported' not declared in package '' defined by /data/h445xu/.cache/bazel/_bazel_hongxu/f31289449e926e3958fb3b85e1e0a73d/external/rules_python~~python~python_3_12/BUILD.bazel and referenced by '//python:json_format_test'
ERROR: /data/h445xu/repo/bazel-repos/cloned_repos/protocolbuffers__protobuf/python/BUILD.bazel:14:14: no such target '@@rules_python~~python~python_3_12//:supported': target 'supported' not declared in package '' defined by /data/h445xu/.cache/bazel/_bazel_hongxu/f31289449e926e3958fb3b85e1e0a73d/external/rules_python~~python~python_3_12/BUILD.bazel and referenced by '//python:keywords_test'
ERROR: /data/h445xu/repo/bazel-repos/cloned_repos/protocolbuffers__protobuf/python/BUILD.bazel:14:14: no such target '@@rules_python~~python~python_3_12//:supported': target 'supported' not declared in package '' defined by /data/h445xu/.cache/bazel/_bazel_hongxu/f31289449e926e3958fb3b85e1e0a73d/external/rules_python~~python~python_3_12/BUILD.bazel and referenced by '//python:message_factory_test'
ERROR: /data/h445xu/repo/bazel-repos/cloned_repos/protocolbuffers__protobuf/python/BUILD.bazel:14:14: no such target '@@rules_python~~python~python_3_12//:supported': target 'supported' not declared in package '' defined by /data/h445xu/.cache/bazel/_bazel_hongxu/f31289449e926e3958fb3b85e1e0a73d/external/rules_python~~python~python_3_12/BUILD.bazel and referenced by '//python:message_test'
ERROR: /data/h445xu/repo/bazel-repos/cloned_repos/protocolbuffers__protobuf/python/BUILD.bazel:14:14: no such target '@@rules_python~~python~python_3_12//:supported': target 'supported' not declared in package '' defined by /data/h445xu/.cache/bazel/_bazel_hongxu/f31289449e926e3958fb3b85e1e0a73d/external/rules_python~~python~python_3_12/BUILD.bazel and referenced by '//python:proto_builder_test'
ERROR: /data/h445xu/repo/bazel-repos/cloned_repos/protocolbuffers__protobuf/python/BUILD.bazel:14:14: no such target '@@rules_python~~python~python_3_12//:supported': target 'supported' not declared in package '' defined by /data/h445xu/.cache/bazel/_bazel_hongxu/f31289449e926e3958fb3b85e1e0a73d/external/rules_python~~python~python_3_12/BUILD.bazel and referenced by '//python:proto_json_test'
ERROR: /data/h445xu/repo/bazel-repos/cloned_repos/protocolbuffers__protobuf/python/BUILD.bazel:14:14: no such target '@@rules_python~~python~python_3_12//:supported': target 'supported' not declared in package '' defined by /data/h445xu/.cache/bazel/_bazel_hongxu/f31289449e926e3958fb3b85e1e0a73d/external/rules_python~~python~python_3_12/BUILD.bazel and referenced by '//python:proto_test'
ERROR: /data/h445xu/repo/bazel-repos/cloned_repos/protocolbuffers__protobuf/python/BUILD.bazel:14:14: no such target '@@rules_python~~python~python_3_12//:supported': target 'supported' not declared in package '' defined by /data/h445xu/.cache/bazel/_bazel_hongxu/f31289449e926e3958fb3b85e1e0a73d/external/rules_python~~python~python_3_12/BUILD.bazel and referenced by '//python:python_version_test'
ERROR: /data/h445xu/repo/bazel-repos/cloned_repos/protocolbuffers__protobuf/python/BUILD.bazel:14:14: no such target '@@rules_python~~python~python_3_12//:supported': target 'supported' not declared in package '' defined by /data/h445xu/.cache/bazel/_bazel_hongxu/f31289449e926e3958fb3b85e1e0a73d/external/rules_python~~python~python_3_12/BUILD.bazel and referenced by '//python:reflection_test'
ERROR: /data/h445xu/repo/bazel-repos/cloned_repos/protocolbuffers__protobuf/python/BUILD.bazel:14:14: no such target '@@rules_python~~python~python_3_12//:supported': target 'supported' not declared in package '' defined by /data/h445xu/.cache/bazel/_bazel_hongxu/f31289449e926e3958fb3b85e1e0a73d/external/rules_python~~python~python_3_12/BUILD.bazel and referenced by '//python:service_reflection_test'
ERROR: /data/h445xu/repo/bazel-repos/cloned_repos/protocolbuffers__protobuf/python/BUILD.bazel:14:14: no such target '@@rules_python~~python~python_3_12//:supported': target 'supported' not declared in package '' defined by /data/h445xu/.cache/bazel/_bazel_hongxu/f31289449e926e3958fb3b85e1e0a73d/external/rules_python~~python~python_3_12/BUILD.bazel and referenced by '//python:symbol_database_test'
ERROR: /data/h445xu/repo/bazel-repos/cloned_repos/protocolbuffers__protobuf/python/BUILD.bazel:14:14: no such target '@@rules_python~~python~python_3_12//:supported': target 'supported' not declared in package '' defined by /data/h445xu/.cache/bazel/_bazel_hongxu/f31289449e926e3958fb3b85e1e0a73d/external/rules_python~~python~python_3_12/BUILD.bazel and referenced by '//python:text_encoding_test'
ERROR: /data/h445xu/repo/bazel-repos/cloned_repos/protocolbuffers__protobuf/python/BUILD.bazel:14:14: no such target '@@rules_python~~python~python_3_12//:supported': target 'supported' not declared in package '' defined by /data/h445xu/.cache/bazel/_bazel_hongxu/f31289449e926e3958fb3b85e1e0a73d/external/rules_python~~python~python_3_12/BUILD.bazel and referenced by '//python:text_format_test'
ERROR: /data/h445xu/repo/bazel-repos/cloned_repos/protocolbuffers__protobuf/python/BUILD.bazel:14:14: no such target '@@rules_python~~python~python_3_12//:supported': target 'supported' not declared in package '' defined by /data/h445xu/.cache/bazel/_bazel_hongxu/f31289449e926e3958fb3b85e1e0a73d/external/rules_python~~python~python_3_12/BUILD.bazel and referenced by '//python:unknown_fields_test'
ERROR: /data/h445xu/repo/bazel-repos/cloned_repos/protocolbuffers__protobuf/python/BUILD.bazel:14:14: no such target '@@rules_python~~python~python_3_12//:supported': target 'supported' not declared in package '' defined by /data/h445xu/.cache/bazel/_bazel_hongxu/f31289449e926e3958fb3b85e1e0a73d/external/rules_python~~python~python_3_12/BUILD.bazel and referenced by '//python:well_known_types_test'
ERROR: /data/h445xu/repo/bazel-repos/cloned_repos/protocolbuffers__protobuf/python/BUILD.bazel:14:14: no such target '@@rules_python~~python~python_3_12//:supported': target 'supported' not declared in package '' defined by /data/h445xu/.cache/bazel/_bazel_hongxu/f31289449e926e3958fb3b85e1e0a73d/external/rules_python~~python~python_3_12/BUILD.bazel and referenced by '//python:wire_format_test'
ERROR: infinite symlink expansion detected
[start of symlink chain]
/usr/bin
/usr/bin/X11
[end of symlink chain]
ERROR: /data/h445xu/repo/bazel-repos/cloned_repos/protocolbuffers__protobuf/BUILD.bazel:193:6: no such target '//src/google/protobuf:field_mask_upb_proto': target 'field_mask_upb_proto' not declared in package 'src/google/protobuf' defined by /data/h445xu/repo/bazel-repos/cloned_repos/protocolbuffers__protobuf/src/google/protobuf/BUILD.bazel (did you mean field_mask_cc_proto, or field_mask_proto?) and referenced by '//:field_mask_upb_proto'
ERROR: /data/h445xu/repo/bazel-repos/cloned_repos/protocolbuffers__protobuf/BUILD.bazel:249:6: no such target '//src/google/protobuf:field_mask_upb_reflection_proto': target 'field_mask_upb_reflection_proto' not declared in package 'src/google/protobuf' defined by /data/h445xu/repo/bazel-repos/cloned_repos/protocolbuffers__protobuf/src/google/protobuf/BUILD.bazel and referenced by '//:field_mask_upb_reflection_proto'
ERROR: /data/h445xu/repo/bazel-repos/cloned_repos/protocolbuffers__protobuf/ruby/src/main/java/BUILD.bazel:4:13: no such package '@@rules_ruby~~ruby~ruby//': Symlink issue while evaluating globs: Infinite symlink expansion: /usr/bin/X11- > /usr/bin and referenced by '//ruby/src/main/java:protobuf_java'
ERROR: /data/h445xu/repo/bazel-repos/cloned_repos/protocolbuffers__protobuf/ruby/ext/google/protobuf_c/BUILD.bazel:43:11: no such package '@@rules_ruby~~ruby~ruby//': Symlink issue while evaluating globs: Infinite symlink expansion: /usr/bin/X11- > /usr/bin and referenced by '//ruby/ext/google/protobuf_c:protobuf_c'
ERROR: /data/h445xu/repo/bazel-repos/cloned_repos/protocolbuffers__protobuf/python/BUILD.bazel:14:14: error loading package 'python/dist': cannot load '@@rules_python~~python~python_3_12//:version.bzl': no such file and referenced by '//python:google/protobuf/internal/_api_implementation.so'
ERROR: /data/h445xu/repo/bazel-repos/cloned_repos/protocolbuffers__protobuf/ruby/src/main/java/BUILD.bazel:4:13: no such package '@@rules_ruby~~ruby~ruby//': Symlink issue while evaluating globs: Infinite symlink expansion: /usr/bin/X11- > /usr/bin and referenced by '//ruby/src/main/java:protobuf_java'
ERROR: /data/h445xu/repo/bazel-repos/cloned_repos/protocolbuffers__protobuf/python/BUILD.bazel:14:14: error loading package 'python/dist': cannot load '@@rules_python~~python~python_3_12//:version.bzl': no such file and referenced by '//python:google/protobuf/internal/_api_implementation.so'
ERROR: /data/h445xu/repo/bazel-repos/cloned_repos/protocolbuffers__protobuf/python/BUILD.bazel:14:14: error loading package 'python/dist': cannot load '@@rules_python~~python~python_3_12//:version.bzl': no such file and referenced by '//python:google/protobuf/pyext/_message.so'
ERROR: /data/h445xu/repo/bazel-repos/cloned_repos/protocolbuffers__protobuf/python/BUILD.bazel:14:14: error loading package 'python/dist': cannot load '@@rules_python~~python~python_3_12//:version.bzl': no such file and referenced by '//python:google/protobuf/pyext/_message.so'
ERROR: /data/h445xu/repo/bazel-repos/cloned_repos/protocolbuffers__protobuf/ruby/ext/google/protobuf_c/BUILD.bazel:43:11: no such package '@@rules_ruby~~ruby~ruby//': Symlink issue while evaluating globs: Infinite symlink expansion: /usr/bin/X11- > /usr/bin and referenced by '//ruby/ext/google/protobuf_c:protobuf_c'
ERROR: /data/h445xu/repo/bazel-repos/cloned_repos/protocolbuffers__protobuf/python/BUILD.bazel:139:13: error loading package 'python/dist': cannot load '@@rules_python~~python~python_3_12//:version.bzl': no such file and referenced by '//python:_message_binary'
ERROR: /data/h445xu/repo/bazel-repos/cloned_repos/protocolbuffers__protobuf/python/BUILD.bazel:139:13: no such package '@@[unknown repo 'python-3.9.0' requested from @@]//': The repository '@@[unknown repo 'python-3.9.0' requested from @@]' could not be resolved: No repository visible as '@python-3.9.0' from main repository and referenced by '//python:_message_binary'
ERROR: /data/h445xu/repo/bazel-repos/cloned_repos/protocolbuffers__protobuf/python/BUILD.bazel:139:13: no such package '@@[unknown repo 'nuget_python_x86-64_3.9.0' requested from @@]//': The repository '@@[unknown repo 'nuget_python_x86-64_3.9.0' requested from @@]' could not be resolved: No repository visible as '@nuget_python_x86-64_3.9.0' from main repository and referenced by '//python:_message_binary'
ERROR: /data/h445xu/repo/bazel-repos/cloned_repos/protocolbuffers__protobuf/python/BUILD.bazel:139:13: no such package '@@[unknown repo 'nuget_python_x86-64_3.10.0' requested from @@]//': The repository '@@[unknown repo 'nuget_python_x86-64_3.10.0' requested from @@]' could not be resolved: No repository visible as '@nuget_python_x86-64_3.10.0' from main repository and referenced by '//python:_message_binary'
ERROR: /data/h445xu/repo/bazel-repos/cloned_repos/protocolbuffers__protobuf/python/BUILD.bazel:139:13: no such package '@@[unknown repo 'nuget_python_i686_3.9.0' requested from @@]//': The repository '@@[unknown repo 'nuget_python_i686_3.9.0' requested from @@]' could not be resolved: No repository visible as '@nuget_python_i686_3.9.0' from main repository and referenced by '//python:_message_binary'
ERROR: /data/h445xu/repo/bazel-repos/cloned_repos/protocolbuffers__protobuf/python/BUILD.bazel:139:13: no such package '@@[unknown repo 'nuget_python_i686_3.10.0' requested from @@]//': The repository '@@[unknown repo 'nuget_python_i686_3.10.0' requested from @@]' could not be resolved: No repository visible as '@nuget_python_i686_3.10.0' from main repository and referenced by '//python:_message_binary'
ERROR: /data/h445xu/repo/bazel-repos/cloned_repos/protocolbuffers__protobuf/python/BUILD.bazel:139:13: error loading package 'python/dist': cannot load '@@rules_python~~python~python_3_12//:version.bzl': no such file and referenced by '//python:_message_binary'
ERROR: /data/h445xu/repo/bazel-repos/cloned_repos/protocolbuffers__protobuf/python/BUILD.bazel:139:13: error loading package 'python/dist': cannot load '@@rules_python~~python~python_3_12//:version.bzl': no such file and referenced by '//python:_message_binary'
ERROR: /data/h445xu/repo/bazel-repos/cloned_repos/protocolbuffers__protobuf/hpb/bazel/BUILD:14:12: no such package 'tools/build_defs/proto': BUILD file not found in any of the following directories. Add a BUILD file to a directory to mark it as a package.
 - /data/h445xu/repo/bazel-repos/cloned_repos/protocolbuffers__protobuf/tools/build_defs/proto and referenced by '//hpb/bazel:hpb_proto_library_bzl'
ERROR: /data/h445xu/repo/bazel-repos/cloned_repos/protocolbuffers__protobuf/BUILD.bazel:249:6: no such target '//src/google/protobuf:field_mask_upb_reflection_proto': target 'field_mask_upb_reflection_proto' not declared in package 'src/google/protobuf' defined by /data/h445xu/repo/bazel-repos/cloned_repos/protocolbuffers__protobuf/src/google/protobuf/BUILD.bazel and referenced by '//:field_mask_upb_reflection_proto'
ERROR: /data/h445xu/repo/bazel-repos/cloned_repos/protocolbuffers__protobuf/BUILD.bazel:193:6: no such target '//src/google/protobuf:field_mask_upb_proto': target 'field_mask_upb_proto' not declared in package 'src/google/protobuf' defined by /data/h445xu/repo/bazel-repos/cloned_repos/protocolbuffers__protobuf/src/google/protobuf/BUILD.bazel (did you mean field_mask_cc_proto, or field_mask_proto?) and referenced by '//:field_mask_upb_proto'
ERROR: Evaluation of query "deps(//...)" failed: errors were encountered while computing transitive closure
WARNING: --keep_going specified, ignoring errors. Results may be inaccurate
Read 0 lines from bazel query output...
Read 1000 lines from bazel query output...
Read 2000 lines from bazel query output...
Read 3000 lines from bazel query output...
Read 4000 lines from bazel query output...
Read 5000 lines from bazel query output...
Read 6000 lines from bazel query output...
Read 7000 lines from bazel query output...
Read 8000 lines from bazel query output...
Read 9000 lines from bazel query output...
Read 10000 lines from bazel query output...
Read 11000 lines from bazel query output...
Read 12000 lines from bazel query output...
Read 13000 lines from bazel query output...
Read 14000 lines from bazel query output...
Read 15000 lines from bazel query output...
Read 16000 lines from bazel query output...
Read 17000 lines from bazel query output...
Read 18000 lines from bazel query output...
Read 19000 lines from bazel query output...
Read 20000 lines from bazel query output...
Read 21000 lines from bazel query output...
Read 22000 lines from bazel query output...
Read 23000 lines from bazel query output...
Read 24000 lines from bazel query output...
Read 25000 lines from bazel query output...
Read 26000 lines from bazel query output...
Read 27000 lines from bazel query output...
Read 28000 lines from bazel query output...
Read 29000 lines from bazel query output...
Read 30000 lines from bazel query output...
Read 31000 lines from bazel query output...
Read 32000 lines from bazel query output...
Read 33000 lines from bazel query output...
Read 34000 lines from bazel query output...
Read 35000 lines from bazel query output...
Read 36000 lines from bazel query output...
Read 37000 lines from bazel query output...
Read 38000 lines from bazel query output...
Read 39000 lines from bazel query output...
Read 40000 lines from bazel query output...
Read 41000 lines from bazel query output...
Read 42000 lines from bazel query output...
Read 43000 lines from bazel query output...
Read 44000 lines from bazel query output...
Read 45000 lines from bazel query output...
Read 46000 lines from bazel query output...
Read 47000 lines from bazel query output...
Read 48000 lines from bazel query output...
Read 49000 lines from bazel query output...
Read 50000 lines from bazel query output...
Read 51000 lines from bazel query output...
Read 52000 lines from bazel query output...
Read 53000 lines from bazel query output...
Read 54000 lines from bazel query output...
Read 55000 lines from bazel query output...
Read 56000 lines from bazel query output...
Read 57000 lines from bazel query output...
Read 58000 lines from bazel query output...
Read 59000 lines from bazel query output...
Read 60000 lines from bazel query output...
Read 61000 lines from bazel query output...
Read 62000 lines from bazel query output...
Read 63000 lines from bazel query output...
Read 64000 lines from bazel query output...
Read 65000 lines from bazel query output...
Read 66000 lines from bazel query output...
Read 67000 lines from bazel query output...
Read 68000 lines from bazel query output...
Read 69000 lines from bazel query output...
Read 70000 lines from bazel query output...
Read 71000 lines from bazel query output...
Read 72000 lines from bazel query output...
Read 73000 lines from bazel query output...
Read 74000 lines from bazel query output...
Read 75000 lines from bazel query output...
Read 76000 lines from bazel query output...
Read 77000 lines from bazel query output...
Read 78000 lines from bazel query output...
Read 79000 lines from bazel query output...
Read 80000 lines from bazel query output...
Read 81000 lines from bazel query output...
Read 82000 lines from bazel query output...
Read 83000 lines from bazel query output...
Read 84000 lines from bazel query output...
Read 85000 lines from bazel query output...
Read 86000 lines from bazel query output...
Read 87000 lines from bazel query output...
Read 88000 lines from bazel query output...
Read 89000 lines from bazel query output...
Read 90000 lines from bazel query output...
Read 91000 lines from bazel query output...
Read 92000 lines from bazel query output...
Read 93000 lines from bazel query output...
Read 94000 lines from bazel query output...
Read 95000 lines from bazel query output...
Read 96000 lines from bazel query output...
Read 97000 lines from bazel query output...
Read 98000 lines from bazel query output...
Read 99000 lines from bazel query output...
Read 100000 lines from bazel query output...
Read 101000 lines from bazel query output...
Read 102000 lines from bazel query output...
Read 103000 lines from bazel query output...
Read 104000 lines from bazel query output...
Read 105000 lines from bazel query output...
Read 106000 lines from bazel query output...
Read 107000 lines from bazel query output...
Read 108000 lines from bazel query output...
Read 109000 lines from bazel query output...
Read 110000 lines from bazel query output...
Read 111000 lines from bazel query output...
Read 112000 lines from bazel query output...
Read 113000 lines from bazel query output...
Read 114000 lines from bazel query output...
Read 115000 lines from bazel query output...
Read 116000 lines from bazel query output...
Read 117000 lines from bazel query output...
Read 118000 lines from bazel query output...
Read 119000 lines from bazel query output...
Read 120000 lines from bazel query output...
Read 121000 lines from bazel query output...
Read 122000 lines from bazel query output...
Read 123000 lines from bazel query output...
Read 124000 lines from bazel query output...
Read 125000 lines from bazel query output...
Read 126000 lines from bazel query output...
Read 127000 lines from bazel query output...
Read 128000 lines from bazel query output...
Read 129000 lines from bazel query output...
Read 130000 lines from bazel query output...
Read 131000 lines from bazel query output...
Read 132000 lines from bazel query output...
Read 133000 lines from bazel query output...
Read 134000 lines from bazel query output...
Read 135000 lines from bazel query output...
Read 136000 lines from bazel query output...
Read 137000 lines from bazel query output...
Read 138000 lines from bazel query output...
Read 139000 lines from bazel query output...
Read 140000 lines from bazel query output...
Read 141000 lines from bazel query output...
Read 142000 lines from bazel query output...
Read 143000 lines from bazel query output...
Read 144000 lines from bazel query output...
Read 145000 lines from bazel query output...
Read 146000 lines from bazel query output...
