Starting local Bazel server and connecting to it...
 no actions running
DEBUG: /data/h445xu/.cache/bazel/_bazel_hongxu/cf615c830b93ccd457b476cd119a0c04/external/xla/third_party/py/python_repo.bzl:156:14: 
HERMETIC_PYTHON_VERSION variable was not set correctly, using default version.
Python 3.10 will be used.
To select Python version, either set HERMETIC_PYTHON_VERSION env variable in
your shell:
  export HERMETIC_PYTHON_VERSION=3.12
OR pass it as an argument to bazel command directly or inside your .bazelrc
file:
  --repo_env=HERMETIC_PYTHON_VERSION=3.12
DEBUG: /data/h445xu/.cache/bazel/_bazel_hongxu/cf615c830b93ccd457b476cd119a0c04/external/xla/third_party/py/python_repo.bzl:87:10: 
=============================
Hermetic Python configuration:
Version: "3.10"
Kind: ""
Interpreter: "default" (provided by rules_python)
Requirements_lock label: "@python_version_repo//:requirements_lock_3_10.txt"
=====================================
 no actions running
Loading: 0 packages loaded
ERROR: error loading package 'plugins/cpu': cannot load '@@xla//xla:xla.bzl': no such file
ERROR: error loading package 'torchax/test/llama': Label '//third_party/py/torch/google/bazel_rules/rules_python/python:defs.bzl' is invalid because 'third_party/py/torch/google/bazel_rules/rules_python/python' is not a package; perhaps you meant to put the colon here: '//:third_party/py/torch/google/bazel_rules/rules_python/python/defs.bzl'?
ERROR: /data/h445xu/repo/bazel-repos/cloned_repos/pytorch__xla/codegen/BUILD:4:10: no such package '@@[unknown repo 'pypi_torch' requested from @@ (did you mean 'pypi__tomli'?)]//': The repository '@@[unknown repo 'pypi_torch' requested from @@ (did you mean 'pypi__tomli'?)]' could not be resolved: No repository visible as '@pypi_torch' from main repository and referenced by '//codegen:lazy_tensor_generator'
ERROR: /data/h445xu/.cache/bazel/_bazel_hongxu/cf615c830b93ccd457b476cd119a0c04/external/xla/xla/tsl/cuda/BUILD.bazel:149:6: no such package '@@cuda_cudart//': The repository '@@cuda_cudart' could not be resolved: Repository '@@cuda_cudart' is not defined and referenced by '@@xla//xla/tsl/cuda:cudart'
ERROR: /data/h445xu/repo/bazel-repos/cloned_repos/pytorch__xla/torch_xla/csrc/runtime/BUILD:478:14: no such package 'xla/tsl/framework': BUILD file not found in any of the following directories. Add a BUILD file to a directory to mark it as a package.
 - /data/h445xu/repo/bazel-repos/cloned_repos/pytorch__xla/xla/tsl/framework and referenced by '//torch_xla/csrc/runtime:xla_util_test'
ERROR: /data/h445xu/repo/bazel-repos/cloned_repos/pytorch__xla/torch_xla/csrc/runtime/BUILD:478:14: no such package 'xla/tsl/platform': BUILD file not found in any of the following directories. Add a BUILD file to a directory to mark it as a package.
 - /data/h445xu/repo/bazel-repos/cloned_repos/pytorch__xla/xla/tsl/platform and referenced by '//torch_xla/csrc/runtime:xla_util_test'
ERROR: /data/h445xu/repo/bazel-repos/cloned_repos/pytorch__xla/torch_xla/csrc/runtime/BUILD:478:14: no such package 'xla/tsl/profiler/backends/cpu': BUILD file not found in any of the following directories. Add a BUILD file to a directory to mark it as a package.
 - /data/h445xu/repo/bazel-repos/cloned_repos/pytorch__xla/xla/tsl/profiler/backends/cpu and referenced by '//torch_xla/csrc/runtime:xla_util_test'
ERROR: /data/h445xu/repo/bazel-repos/cloned_repos/pytorch__xla/torch_xla/csrc/runtime/BUILD:478:14: no such package 'xla/tsl/profiler/utils': BUILD file not found in any of the following directories. Add a BUILD file to a directory to mark it as a package.
 - /data/h445xu/repo/bazel-repos/cloned_repos/pytorch__xla/xla/tsl/profiler/utils and referenced by '//torch_xla/csrc/runtime:xla_util_test'
ERROR: /data/h445xu/repo/bazel-repos/cloned_repos/pytorch__xla/torch_xla/csrc/runtime/BUILD:478:14: no such package 'xla/tsl/protobuf': BUILD file not found in any of the following directories. Add a BUILD file to a directory to mark it as a package.
 - /data/h445xu/repo/bazel-repos/cloned_repos/pytorch__xla/xla/tsl/protobuf and referenced by '//torch_xla/csrc/runtime:xla_util_test'
ERROR: /data/h445xu/repo/bazel-repos/cloned_repos/pytorch__xla/torch_xla/csrc/runtime/BUILD:497:14: no such package 'xla/tsl/framework': BUILD file not found in any of the following directories. Add a BUILD file to a directory to mark it as a package.
 - /data/h445xu/repo/bazel-repos/cloned_repos/pytorch__xla/xla/tsl/framework and referenced by '//torch_xla/csrc/runtime:pjrt_computation_client_test'
ERROR: /data/h445xu/repo/bazel-repos/cloned_repos/pytorch__xla/test/cpp/BUILD:157:14: no such package 'xla/tsl/framework': BUILD file not found in any of the following directories. Add a BUILD file to a directory to mark it as a package.
 - /data/h445xu/repo/bazel-repos/cloned_repos/pytorch__xla/xla/tsl/framework and referenced by '//test/cpp:test_runtime'
ERROR: /data/h445xu/repo/bazel-repos/cloned_repos/pytorch__xla/test/cpp/BUILD:157:14: no such package 'xla/tsl/platform': BUILD file not found in any of the following directories. Add a BUILD file to a directory to mark it as a package.
 - /data/h445xu/repo/bazel-repos/cloned_repos/pytorch__xla/xla/tsl/platform and referenced by '//test/cpp:test_runtime'
ERROR: /data/h445xu/repo/bazel-repos/cloned_repos/pytorch__xla/test/cpp/BUILD:157:14: no such package 'xla/tsl/profiler/backends/cpu': BUILD file not found in any of the following directories. Add a BUILD file to a directory to mark it as a package.
 - /data/h445xu/repo/bazel-repos/cloned_repos/pytorch__xla/xla/tsl/profiler/backends/cpu and referenced by '//test/cpp:test_runtime'
ERROR: /data/h445xu/repo/bazel-repos/cloned_repos/pytorch__xla/test/cpp/BUILD:157:14: no such package 'xla/tsl/profiler/utils': BUILD file not found in any of the following directories. Add a BUILD file to a directory to mark it as a package.
 - /data/h445xu/repo/bazel-repos/cloned_repos/pytorch__xla/xla/tsl/profiler/utils and referenced by '//test/cpp:test_runtime'
ERROR: /data/h445xu/repo/bazel-repos/cloned_repos/pytorch__xla/test/cpp/BUILD:157:14: no such package 'xla/tsl/protobuf': BUILD file not found in any of the following directories. Add a BUILD file to a directory to mark it as a package.
 - /data/h445xu/repo/bazel-repos/cloned_repos/pytorch__xla/xla/tsl/protobuf and referenced by '//test/cpp:test_runtime'
ERROR: /data/h445xu/repo/bazel-repos/cloned_repos/pytorch__xla/torch_xla/csrc/runtime/BUILD:497:14: no such package 'xla/tsl/platform': BUILD file not found in any of the following directories. Add a BUILD file to a directory to mark it as a package.
 - /data/h445xu/repo/bazel-repos/cloned_repos/pytorch__xla/xla/tsl/platform and referenced by '//torch_xla/csrc/runtime:pjrt_computation_client_test'
ERROR: /data/h445xu/repo/bazel-repos/cloned_repos/pytorch__xla/test/cpp/BUILD:62:14: no such package 'xla/tsl/framework': BUILD file not found in any of the following directories. Add a BUILD file to a directory to mark it as a package.
 - /data/h445xu/repo/bazel-repos/cloned_repos/pytorch__xla/xla/tsl/framework and referenced by '//test/cpp:test_lazy'
ERROR: /data/h445xu/repo/bazel-repos/cloned_repos/pytorch__xla/test/cpp/BUILD:62:14: no such package 'xla/tsl/platform': BUILD file not found in any of the following directories. Add a BUILD file to a directory to mark it as a package.
 - /data/h445xu/repo/bazel-repos/cloned_repos/pytorch__xla/xla/tsl/platform and referenced by '//test/cpp:test_lazy'
ERROR: /data/h445xu/repo/bazel-repos/cloned_repos/pytorch__xla/test/cpp/BUILD:62:14: no such package 'xla/tsl/profiler/backends/cpu': BUILD file not found in any of the following directories. Add a BUILD file to a directory to mark it as a package.
 - /data/h445xu/repo/bazel-repos/cloned_repos/pytorch__xla/xla/tsl/profiler/backends/cpu and referenced by '//test/cpp:test_lazy'
ERROR: /data/h445xu/repo/bazel-repos/cloned_repos/pytorch__xla/test/cpp/BUILD:140:18: no such package 'xla/tsl/framework': BUILD file not found in any of the following directories. Add a BUILD file to a directory to mark it as a package.
 - /data/h445xu/repo/bazel-repos/cloned_repos/pytorch__xla/xla/tsl/framework and referenced by '//test/cpp:test_aten_xla_tensor_6'
ERROR: /data/h445xu/repo/bazel-repos/cloned_repos/pytorch__xla/test/cpp/BUILD:140:18: no such package 'xla/tsl/platform': BUILD file not found in any of the following directories. Add a BUILD file to a directory to mark it as a package.
 - /data/h445xu/repo/bazel-repos/cloned_repos/pytorch__xla/xla/tsl/platform and referenced by '//test/cpp:test_aten_xla_tensor_6'
ERROR: /data/h445xu/repo/bazel-repos/cloned_repos/pytorch__xla/test/cpp/BUILD:140:18: no such package 'xla/tsl/profiler/backends/cpu': BUILD file not found in any of the following directories. Add a BUILD file to a directory to mark it as a package.
 - /data/h445xu/repo/bazel-repos/cloned_repos/pytorch__xla/xla/tsl/profiler/backends/cpu and referenced by '//test/cpp:test_aten_xla_tensor_6'
ERROR: /data/h445xu/repo/bazel-repos/cloned_repos/pytorch__xla/test/cpp/BUILD:140:18: no such package 'xla/tsl/profiler/utils': BUILD file not found in any of the following directories. Add a BUILD file to a directory to mark it as a package.
 - /data/h445xu/repo/bazel-repos/cloned_repos/pytorch__xla/xla/tsl/profiler/utils and referenced by '//test/cpp:test_aten_xla_tensor_6'
ERROR: /data/h445xu/repo/bazel-repos/cloned_repos/pytorch__xla/test/cpp/BUILD:140:18: no such package 'xla/tsl/protobuf': BUILD file not found in any of the following directories. Add a BUILD file to a directory to mark it as a package.
 - /data/h445xu/repo/bazel-repos/cloned_repos/pytorch__xla/xla/tsl/protobuf and referenced by '//test/cpp:test_aten_xla_tensor_6'
ERROR: /data/h445xu/repo/bazel-repos/cloned_repos/pytorch__xla/test/cpp/BUILD:140:18: no such package 'xla/tsl/framework': BUILD file not found in any of the following directories. Add a BUILD file to a directory to mark it as a package.
 - /data/h445xu/repo/bazel-repos/cloned_repos/pytorch__xla/xla/tsl/framework and referenced by '//test/cpp:test_aten_xla_tensor_5'
ERROR: /data/h445xu/repo/bazel-repos/cloned_repos/pytorch__xla/test/cpp/BUILD:140:18: no such package 'xla/tsl/platform': BUILD file not found in any of the following directories. Add a BUILD file to a directory to mark it as a package.
 - /data/h445xu/repo/bazel-repos/cloned_repos/pytorch__xla/xla/tsl/platform and referenced by '//test/cpp:test_aten_xla_tensor_5'
ERROR: /data/h445xu/repo/bazel-repos/cloned_repos/pytorch__xla/test/cpp/BUILD:140:18: no such package 'xla/tsl/profiler/backends/cpu': BUILD file not found in any of the following directories. Add a BUILD file to a directory to mark it as a package.
 - /data/h445xu/repo/bazel-repos/cloned_repos/pytorch__xla/xla/tsl/profiler/backends/cpu and referenced by '//test/cpp:test_aten_xla_tensor_5'
ERROR: /data/h445xu/repo/bazel-repos/cloned_repos/pytorch__xla/test/cpp/BUILD:140:18: no such package 'xla/tsl/profiler/utils': BUILD file not found in any of the following directories. Add a BUILD file to a directory to mark it as a package.
 - /data/h445xu/repo/bazel-repos/cloned_repos/pytorch__xla/xla/tsl/profiler/utils and referenced by '//test/cpp:test_aten_xla_tensor_5'
ERROR: /data/h445xu/repo/bazel-repos/cloned_repos/pytorch__xla/test/cpp/BUILD:140:18: no such package 'xla/tsl/protobuf': BUILD file not found in any of the following directories. Add a BUILD file to a directory to mark it as a package.
 - /data/h445xu/repo/bazel-repos/cloned_repos/pytorch__xla/xla/tsl/protobuf and referenced by '//test/cpp:test_aten_xla_tensor_5'
ERROR: /data/h445xu/repo/bazel-repos/cloned_repos/pytorch__xla/test/cpp/BUILD:140:18: no such package 'xla/tsl/framework': BUILD file not found in any of the following directories. Add a BUILD file to a directory to mark it as a package.
 - /data/h445xu/repo/bazel-repos/cloned_repos/pytorch__xla/xla/tsl/framework and referenced by '//test/cpp:test_aten_xla_tensor_2'
ERROR: /data/h445xu/repo/bazel-repos/cloned_repos/pytorch__xla/test/cpp/BUILD:140:18: no such package 'xla/tsl/platform': BUILD file not found in any of the following directories. Add a BUILD file to a directory to mark it as a package.
 - /data/h445xu/repo/bazel-repos/cloned_repos/pytorch__xla/xla/tsl/platform and referenced by '//test/cpp:test_aten_xla_tensor_2'
ERROR: /data/h445xu/repo/bazel-repos/cloned_repos/pytorch__xla/test/cpp/BUILD:140:18: no such package 'xla/tsl/profiler/backends/cpu': BUILD file not found in any of the following directories. Add a BUILD file to a directory to mark it as a package.
 - /data/h445xu/repo/bazel-repos/cloned_repos/pytorch__xla/xla/tsl/profiler/backends/cpu and referenced by '//test/cpp:test_aten_xla_tensor_2'
ERROR: /data/h445xu/repo/bazel-repos/cloned_repos/pytorch__xla/torch_xla/csrc/runtime/BUILD:497:14: no such package 'xla/tsl/profiler/backends/cpu': BUILD file not found in any of the following directories. Add a BUILD file to a directory to mark it as a package.
 - /data/h445xu/repo/bazel-repos/cloned_repos/pytorch__xla/xla/tsl/profiler/backends/cpu and referenced by '//torch_xla/csrc/runtime:pjrt_computation_client_test'
ERROR: /data/h445xu/repo/bazel-repos/cloned_repos/pytorch__xla/torch_xla/csrc/runtime/BUILD:497:14: no such package 'xla/tsl/profiler/utils': BUILD file not found in any of the following directories. Add a BUILD file to a directory to mark it as a package.
 - /data/h445xu/repo/bazel-repos/cloned_repos/pytorch__xla/xla/tsl/profiler/utils and referenced by '//torch_xla/csrc/runtime:pjrt_computation_client_test'
ERROR: /data/h445xu/repo/bazel-repos/cloned_repos/pytorch__xla/torch_xla/csrc/runtime/BUILD:497:14: no such package 'xla/tsl/protobuf': BUILD file not found in any of the following directories. Add a BUILD file to a directory to mark it as a package.
 - /data/h445xu/repo/bazel-repos/cloned_repos/pytorch__xla/xla/tsl/protobuf and referenced by '//torch_xla/csrc/runtime:pjrt_computation_client_test'
ERROR: /data/h445xu/repo/bazel-repos/cloned_repos/pytorch__xla/test/cpp/BUILD:140:18: no such package 'xla/tsl/profiler/utils': BUILD file not found in any of the following directories. Add a BUILD file to a directory to mark it as a package.
 - /data/h445xu/repo/bazel-repos/cloned_repos/pytorch__xla/xla/tsl/profiler/utils and referenced by '//test/cpp:test_aten_xla_tensor_2'
ERROR: /data/h445xu/repo/bazel-repos/cloned_repos/pytorch__xla/test/cpp/BUILD:140:18: no such package 'xla/tsl/framework': BUILD file not found in any of the following directories. Add a BUILD file to a directory to mark it as a package.
 - /data/h445xu/repo/bazel-repos/cloned_repos/pytorch__xla/xla/tsl/framework and referenced by '//test/cpp:test_aten_xla_tensor_4'
ERROR: /data/h445xu/repo/bazel-repos/cloned_repos/pytorch__xla/test/cpp/BUILD:140:18: no such package 'xla/tsl/platform': BUILD file not found in any of the following directories. Add a BUILD file to a directory to mark it as a package.
 - /data/h445xu/repo/bazel-repos/cloned_repos/pytorch__xla/xla/tsl/platform and referenced by '//test/cpp:test_aten_xla_tensor_4'
ERROR: /data/h445xu/repo/bazel-repos/cloned_repos/pytorch__xla/test/cpp/BUILD:140:18: no such package 'xla/tsl/profiler/backends/cpu': BUILD file not found in any of the following directories. Add a BUILD file to a directory to mark it as a package.
 - /data/h445xu/repo/bazel-repos/cloned_repos/pytorch__xla/xla/tsl/profiler/backends/cpu and referenced by '//test/cpp:test_aten_xla_tensor_4'
ERROR: /data/h445xu/repo/bazel-repos/cloned_repos/pytorch__xla/test/cpp/BUILD:140:18: no such package 'xla/tsl/profiler/utils': BUILD file not found in any of the following directories. Add a BUILD file to a directory to mark it as a package.
 - /data/h445xu/repo/bazel-repos/cloned_repos/pytorch__xla/xla/tsl/profiler/utils and referenced by '//test/cpp:test_aten_xla_tensor_4'
ERROR: /data/h445xu/repo/bazel-repos/cloned_repos/pytorch__xla/test/cpp/BUILD:140:18: no such package 'xla/tsl/protobuf': BUILD file not found in any of the following directories. Add a BUILD file to a directory to mark it as a package.
 - /data/h445xu/repo/bazel-repos/cloned_repos/pytorch__xla/xla/tsl/protobuf and referenced by '//test/cpp:test_aten_xla_tensor_4'
ERROR: /data/h445xu/repo/bazel-repos/cloned_repos/pytorch__xla/test/cpp/BUILD:140:18: no such package 'xla/tsl/framework': BUILD file not found in any of the following directories. Add a BUILD file to a directory to mark it as a package.
 - /data/h445xu/repo/bazel-repos/cloned_repos/pytorch__xla/xla/tsl/framework and referenced by '//test/cpp:test_aten_xla_tensor_1'
ERROR: /data/h445xu/repo/bazel-repos/cloned_repos/pytorch__xla/test/cpp/BUILD:140:18: no such package 'xla/tsl/platform': BUILD file not found in any of the following directories. Add a BUILD file to a directory to mark it as a package.
 - /data/h445xu/repo/bazel-repos/cloned_repos/pytorch__xla/xla/tsl/platform and referenced by '//test/cpp:test_aten_xla_tensor_1'
ERROR: /data/h445xu/repo/bazel-repos/cloned_repos/pytorch__xla/test/cpp/BUILD:140:18: no such package 'xla/tsl/profiler/backends/cpu': BUILD file not found in any of the following directories. Add a BUILD file to a directory to mark it as a package.
 - /data/h445xu/repo/bazel-repos/cloned_repos/pytorch__xla/xla/tsl/profiler/backends/cpu and referenced by '//test/cpp:test_aten_xla_tensor_1'
ERROR: /data/h445xu/repo/bazel-repos/cloned_repos/pytorch__xla/test/cpp/BUILD:140:18: no such package 'xla/tsl/profiler/utils': BUILD file not found in any of the following directories. Add a BUILD file to a directory to mark it as a package.
 - /data/h445xu/repo/bazel-repos/cloned_repos/pytorch__xla/xla/tsl/profiler/utils and referenced by '//test/cpp:test_aten_xla_tensor_1'
ERROR: /data/h445xu/repo/bazel-repos/cloned_repos/pytorch__xla/test/cpp/BUILD:140:18: no such package 'xla/tsl/protobuf': BUILD file not found in any of the following directories. Add a BUILD file to a directory to mark it as a package.
 - /data/h445xu/repo/bazel-repos/cloned_repos/pytorch__xla/xla/tsl/protobuf and referenced by '//test/cpp:test_aten_xla_tensor_1'
ERROR: /data/h445xu/repo/bazel-repos/cloned_repos/pytorch__xla/test/cpp/BUILD:178:14: no such package 'xla/tsl/framework': BUILD file not found in any of the following directories. Add a BUILD file to a directory to mark it as a package.
 - /data/h445xu/repo/bazel-repos/cloned_repos/pytorch__xla/xla/tsl/framework and referenced by '//test/cpp:test_status_dont_show_cpp_stacktraces'
ERROR: /data/h445xu/repo/bazel-repos/cloned_repos/pytorch__xla/test/cpp/BUILD:178:14: no such package 'xla/tsl/platform': BUILD file not found in any of the following directories. Add a BUILD file to a directory to mark it as a package.
 - /data/h445xu/repo/bazel-repos/cloned_repos/pytorch__xla/xla/tsl/platform and referenced by '//test/cpp:test_status_dont_show_cpp_stacktraces'
ERROR: /data/h445xu/repo/bazel-repos/cloned_repos/pytorch__xla/test/cpp/BUILD:178:14: no such package 'xla/tsl/profiler/backends/cpu': BUILD file not found in any of the following directories. Add a BUILD file to a directory to mark it as a package.
 - /data/h445xu/repo/bazel-repos/cloned_repos/pytorch__xla/xla/tsl/profiler/backends/cpu and referenced by '//test/cpp:test_status_dont_show_cpp_stacktraces'
ERROR: /data/h445xu/repo/bazel-repos/cloned_repos/pytorch__xla/test/cpp/BUILD:178:14: no such package 'xla/tsl/profiler/utils': BUILD file not found in any of the following directories. Add a BUILD file to a directory to mark it as a package.
 - /data/h445xu/repo/bazel-repos/cloned_repos/pytorch__xla/xla/tsl/profiler/utils and referenced by '//test/cpp:test_status_dont_show_cpp_stacktraces'
ERROR: /data/h445xu/repo/bazel-repos/cloned_repos/pytorch__xla/test/cpp/BUILD:178:14: no such package 'xla/tsl/protobuf': BUILD file not found in any of the following directories. Add a BUILD file to a directory to mark it as a package.
 - /data/h445xu/repo/bazel-repos/cloned_repos/pytorch__xla/xla/tsl/protobuf and referenced by '//test/cpp:test_status_dont_show_cpp_stacktraces'
ERROR: /data/h445xu/repo/bazel-repos/cloned_repos/pytorch__xla/test/cpp/BUILD:120:14: no such package 'xla/tsl/framework': BUILD file not found in any of the following directories. Add a BUILD file to a directory to mark it as a package.
 - /data/h445xu/repo/bazel-repos/cloned_repos/pytorch__xla/xla/tsl/framework and referenced by '//test/cpp:test_xla_sharding'
ERROR: /data/h445xu/repo/bazel-repos/cloned_repos/pytorch__xla/test/cpp/BUILD:120:14: no such package 'xla/tsl/platform': BUILD file not found in any of the following directories. Add a BUILD file to a directory to mark it as a package.
 - /data/h445xu/repo/bazel-repos/cloned_repos/pytorch__xla/xla/tsl/platform and referenced by '//test/cpp:test_xla_sharding'
ERROR: /data/h445xu/repo/bazel-repos/cloned_repos/pytorch__xla/test/cpp/BUILD:120:14: no such package 'xla/tsl/profiler/backends/cpu': BUILD file not found in any of the following directories. Add a BUILD file to a directory to mark it as a package.
 - /data/h445xu/repo/bazel-repos/cloned_repos/pytorch__xla/xla/tsl/profiler/backends/cpu and referenced by '//test/cpp:test_xla_sharding'
ERROR: /data/h445xu/repo/bazel-repos/cloned_repos/pytorch__xla/test/cpp/BUILD:120:14: no such package 'xla/tsl/profiler/utils': BUILD file not found in any of the following directories. Add a BUILD file to a directory to mark it as a package.
 - /data/h445xu/repo/bazel-repos/cloned_repos/pytorch__xla/xla/tsl/profiler/utils and referenced by '//test/cpp:test_xla_sharding'
ERROR: /data/h445xu/repo/bazel-repos/cloned_repos/pytorch__xla/test/cpp/BUILD:120:14: no such package 'xla/tsl/protobuf': BUILD file not found in any of the following directories. Add a BUILD file to a directory to mark it as a package.
 - /data/h445xu/repo/bazel-repos/cloned_repos/pytorch__xla/xla/tsl/protobuf and referenced by '//test/cpp:test_xla_sharding'
ERROR: /data/h445xu/repo/bazel-repos/cloned_repos/pytorch__xla/test/cpp/BUILD:93:14: no such package 'xla/tsl/framework': BUILD file not found in any of the following directories. Add a BUILD file to a directory to mark it as a package.
 - /data/h445xu/repo/bazel-repos/cloned_repos/pytorch__xla/xla/tsl/framework and referenced by '//test/cpp:test_tensor'
ERROR: /data/h445xu/repo/bazel-repos/cloned_repos/pytorch__xla/test/cpp/BUILD:93:14: no such package 'xla/tsl/platform': BUILD file not found in any of the following directories. Add a BUILD file to a directory to mark it as a package.
 - /data/h445xu/repo/bazel-repos/cloned_repos/pytorch__xla/xla/tsl/platform and referenced by '//test/cpp:test_tensor'
ERROR: /data/h445xu/repo/bazel-repos/cloned_repos/pytorch__xla/test/cpp/BUILD:93:14: no such package 'xla/tsl/profiler/backends/cpu': BUILD file not found in any of the following directories. Add a BUILD file to a directory to mark it as a package.
 - /data/h445xu/repo/bazel-repos/cloned_repos/pytorch__xla/xla/tsl/profiler/backends/cpu and referenced by '//test/cpp:test_tensor'
ERROR: /data/h445xu/repo/bazel-repos/cloned_repos/pytorch__xla/test/cpp/BUILD:93:14: no such package 'xla/tsl/profiler/utils': BUILD file not found in any of the following directories. Add a BUILD file to a directory to mark it as a package.
 - /data/h445xu/repo/bazel-repos/cloned_repos/pytorch__xla/xla/tsl/profiler/utils and referenced by '//test/cpp:test_tensor'
ERROR: /data/h445xu/repo/bazel-repos/cloned_repos/pytorch__xla/test/cpp/BUILD:93:14: no such package 'xla/tsl/protobuf': BUILD file not found in any of the following directories. Add a BUILD file to a directory to mark it as a package.
 - /data/h445xu/repo/bazel-repos/cloned_repos/pytorch__xla/xla/tsl/protobuf and referenced by '//test/cpp:test_tensor'
ERROR: /data/h445xu/repo/bazel-repos/cloned_repos/pytorch__xla/test/cpp/BUILD:140:18: no such package 'xla/tsl/framework': BUILD file not found in any of the following directories. Add a BUILD file to a directory to mark it as a package.
 - /data/h445xu/repo/bazel-repos/cloned_repos/pytorch__xla/xla/tsl/framework and referenced by '//test/cpp:test_aten_xla_tensor_3'
ERROR: /data/h445xu/repo/bazel-repos/cloned_repos/pytorch__xla/test/cpp/BUILD:140:18: no such package 'xla/tsl/platform': BUILD file not found in any of the following directories. Add a BUILD file to a directory to mark it as a package.
 - /data/h445xu/repo/bazel-repos/cloned_repos/pytorch__xla/xla/tsl/platform and referenced by '//test/cpp:test_aten_xla_tensor_3'
ERROR: /data/h445xu/repo/bazel-repos/cloned_repos/pytorch__xla/test/cpp/BUILD:140:18: no such package 'xla/tsl/profiler/backends/cpu': BUILD file not found in any of the following directories. Add a BUILD file to a directory to mark it as a package.
 - /data/h445xu/repo/bazel-repos/cloned_repos/pytorch__xla/xla/tsl/profiler/backends/cpu and referenced by '//test/cpp:test_aten_xla_tensor_3'
ERROR: /data/h445xu/repo/bazel-repos/cloned_repos/pytorch__xla/test/cpp/BUILD:140:18: no such package 'xla/tsl/profiler/utils': BUILD file not found in any of the following directories. Add a BUILD file to a directory to mark it as a package.
 - /data/h445xu/repo/bazel-repos/cloned_repos/pytorch__xla/xla/tsl/profiler/utils and referenced by '//test/cpp:test_aten_xla_tensor_3'
ERROR: /data/h445xu/repo/bazel-repos/cloned_repos/pytorch__xla/test/cpp/BUILD:140:18: no such package 'xla/tsl/protobuf': BUILD file not found in any of the following directories. Add a BUILD file to a directory to mark it as a package.
 - /data/h445xu/repo/bazel-repos/cloned_repos/pytorch__xla/xla/tsl/protobuf and referenced by '//test/cpp:test_aten_xla_tensor_3'
ERROR: /data/h445xu/repo/bazel-repos/cloned_repos/pytorch__xla/test/cpp/BUILD:50:14: no such package 'xla/tsl/framework': BUILD file not found in any of the following directories. Add a BUILD file to a directory to mark it as a package.
 - /data/h445xu/repo/bazel-repos/cloned_repos/pytorch__xla/xla/tsl/framework and referenced by '//test/cpp:test_ir'
ERROR: /data/h445xu/repo/bazel-repos/cloned_repos/pytorch__xla/test/cpp/BUILD:50:14: no such package 'xla/tsl/platform': BUILD file not found in any of the following directories. Add a BUILD file to a directory to mark it as a package.
 - /data/h445xu/repo/bazel-repos/cloned_repos/pytorch__xla/xla/tsl/platform and referenced by '//test/cpp:test_ir'
ERROR: /data/h445xu/repo/bazel-repos/cloned_repos/pytorch__xla/test/cpp/BUILD:50:14: no such package 'xla/tsl/profiler/backends/cpu': BUILD file not found in any of the following directories. Add a BUILD file to a directory to mark it as a package.
 - /data/h445xu/repo/bazel-repos/cloned_repos/pytorch__xla/xla/tsl/profiler/backends/cpu and referenced by '//test/cpp:test_ir'
ERROR: /data/h445xu/repo/bazel-repos/cloned_repos/pytorch__xla/test/cpp/BUILD:50:14: no such package 'xla/tsl/profiler/utils': BUILD file not found in any of the following directories. Add a BUILD file to a directory to mark it as a package.
 - /data/h445xu/repo/bazel-repos/cloned_repos/pytorch__xla/xla/tsl/profiler/utils and referenced by '//test/cpp:test_ir'
ERROR: /data/h445xu/repo/bazel-repos/cloned_repos/pytorch__xla/test/cpp/BUILD:50:14: no such package 'xla/tsl/protobuf': BUILD file not found in any of the following directories. Add a BUILD file to a directory to mark it as a package.
 - /data/h445xu/repo/bazel-repos/cloned_repos/pytorch__xla/xla/tsl/protobuf and referenced by '//test/cpp:test_ir'
ERROR: /data/h445xu/repo/bazel-repos/cloned_repos/pytorch__xla/test/cpp/BUILD:62:14: no such package 'xla/tsl/profiler/utils': BUILD file not found in any of the following directories. Add a BUILD file to a directory to mark it as a package.
 - /data/h445xu/repo/bazel-repos/cloned_repos/pytorch__xla/xla/tsl/profiler/utils and referenced by '//test/cpp:test_lazy'
ERROR: /data/h445xu/repo/bazel-repos/cloned_repos/pytorch__xla/test/cpp/BUILD:62:14: no such package 'xla/tsl/protobuf': BUILD file not found in any of the following directories. Add a BUILD file to a directory to mark it as a package.
 - /data/h445xu/repo/bazel-repos/cloned_repos/pytorch__xla/xla/tsl/protobuf and referenced by '//test/cpp:test_lazy'
ERROR: /data/h445xu/repo/bazel-repos/cloned_repos/pytorch__xla/test/cpp/BUILD:196:14: no such package 'xla/tsl/framework': BUILD file not found in any of the following directories. Add a BUILD file to a directory to mark it as a package.
 - /data/h445xu/repo/bazel-repos/cloned_repos/pytorch__xla/xla/tsl/framework and referenced by '//test/cpp:test_debug_macros'
ERROR: /data/h445xu/repo/bazel-repos/cloned_repos/pytorch__xla/test/cpp/BUILD:196:14: no such package 'xla/tsl/platform': BUILD file not found in any of the following directories. Add a BUILD file to a directory to mark it as a package.
 - /data/h445xu/repo/bazel-repos/cloned_repos/pytorch__xla/xla/tsl/platform and referenced by '//test/cpp:test_debug_macros'
ERROR: /data/h445xu/repo/bazel-repos/cloned_repos/pytorch__xla/test/cpp/BUILD:196:14: no such package 'xla/tsl/profiler/backends/cpu': BUILD file not found in any of the following directories. Add a BUILD file to a directory to mark it as a package.
 - /data/h445xu/repo/bazel-repos/cloned_repos/pytorch__xla/xla/tsl/profiler/backends/cpu and referenced by '//test/cpp:test_debug_macros'
ERROR: /data/h445xu/repo/bazel-repos/cloned_repos/pytorch__xla/test/cpp/BUILD:74:14: no such package 'xla/tsl/framework': BUILD file not found in any of the following directories. Add a BUILD file to a directory to mark it as a package.
 - /data/h445xu/repo/bazel-repos/cloned_repos/pytorch__xla/xla/tsl/framework and referenced by '//test/cpp:test_replication'
ERROR: /data/h445xu/repo/bazel-repos/cloned_repos/pytorch__xla/test/cpp/BUILD:74:14: no such package 'xla/tsl/platform': BUILD file not found in any of the following directories. Add a BUILD file to a directory to mark it as a package.
 - /data/h445xu/repo/bazel-repos/cloned_repos/pytorch__xla/xla/tsl/platform and referenced by '//test/cpp:test_replication'
ERROR: /data/h445xu/repo/bazel-repos/cloned_repos/pytorch__xla/test/cpp/BUILD:74:14: no such package 'xla/tsl/profiler/backends/cpu': BUILD file not found in any of the following directories. Add a BUILD file to a directory to mark it as a package.
 - /data/h445xu/repo/bazel-repos/cloned_repos/pytorch__xla/xla/tsl/profiler/backends/cpu and referenced by '//test/cpp:test_replication'
ERROR: /data/h445xu/repo/bazel-repos/cloned_repos/pytorch__xla/test/cpp/BUILD:74:14: no such package 'xla/tsl/profiler/utils': BUILD file not found in any of the following directories. Add a BUILD file to a directory to mark it as a package.
 - /data/h445xu/repo/bazel-repos/cloned_repos/pytorch__xla/xla/tsl/profiler/utils and referenced by '//test/cpp:test_replication'
ERROR: /data/h445xu/repo/bazel-repos/cloned_repos/pytorch__xla/test/cpp/BUILD:74:14: no such package 'xla/tsl/protobuf': BUILD file not found in any of the following directories. Add a BUILD file to a directory to mark it as a package.
 - /data/h445xu/repo/bazel-repos/cloned_repos/pytorch__xla/xla/tsl/protobuf and referenced by '//test/cpp:test_replication'
ERROR: /data/h445xu/repo/bazel-repos/cloned_repos/pytorch__xla/test/cpp/BUILD:187:14: no such package 'xla/tsl/framework': BUILD file not found in any of the following directories. Add a BUILD file to a directory to mark it as a package.
 - /data/h445xu/repo/bazel-repos/cloned_repos/pytorch__xla/xla/tsl/framework and referenced by '//test/cpp:test_status_show_cpp_stacktraces'
ERROR: /data/h445xu/repo/bazel-repos/cloned_repos/pytorch__xla/test/cpp/BUILD:187:14: no such package 'xla/tsl/platform': BUILD file not found in any of the following directories. Add a BUILD file to a directory to mark it as a package.
 - /data/h445xu/repo/bazel-repos/cloned_repos/pytorch__xla/xla/tsl/platform and referenced by '//test/cpp:test_status_show_cpp_stacktraces'
ERROR: /data/h445xu/repo/bazel-repos/cloned_repos/pytorch__xla/test/cpp/BUILD:187:14: no such package 'xla/tsl/profiler/backends/cpu': BUILD file not found in any of the following directories. Add a BUILD file to a directory to mark it as a package.
 - /data/h445xu/repo/bazel-repos/cloned_repos/pytorch__xla/xla/tsl/profiler/backends/cpu and referenced by '//test/cpp:test_status_show_cpp_stacktraces'
ERROR: /data/h445xu/repo/bazel-repos/cloned_repos/pytorch__xla/test/cpp/BUILD:187:14: no such package 'xla/tsl/profiler/utils': BUILD file not found in any of the following directories. Add a BUILD file to a directory to mark it as a package.
 - /data/h445xu/repo/bazel-repos/cloned_repos/pytorch__xla/xla/tsl/profiler/utils and referenced by '//test/cpp:test_status_show_cpp_stacktraces'
ERROR: /data/h445xu/repo/bazel-repos/cloned_repos/pytorch__xla/test/cpp/BUILD:187:14: no such package 'xla/tsl/protobuf': BUILD file not found in any of the following directories. Add a BUILD file to a directory to mark it as a package.
 - /data/h445xu/repo/bazel-repos/cloned_repos/pytorch__xla/xla/tsl/protobuf and referenced by '//test/cpp:test_status_show_cpp_stacktraces'
ERROR: /data/h445xu/repo/bazel-repos/cloned_repos/pytorch__xla/test/cpp/BUILD:196:14: no such package 'xla/tsl/profiler/utils': BUILD file not found in any of the following directories. Add a BUILD file to a directory to mark it as a package.
 - /data/h445xu/repo/bazel-repos/cloned_repos/pytorch__xla/xla/tsl/profiler/utils and referenced by '//test/cpp:test_debug_macros'
ERROR: /data/h445xu/repo/bazel-repos/cloned_repos/pytorch__xla/test/cpp/BUILD:196:14: no such package 'xla/tsl/protobuf': BUILD file not found in any of the following directories. Add a BUILD file to a directory to mark it as a package.
 - /data/h445xu/repo/bazel-repos/cloned_repos/pytorch__xla/xla/tsl/protobuf and referenced by '//test/cpp:test_debug_macros'
ERROR: /data/h445xu/repo/bazel-repos/cloned_repos/pytorch__xla/test/cpp/BUILD:140:18: no such package 'xla/tsl/protobuf': BUILD file not found in any of the following directories. Add a BUILD file to a directory to mark it as a package.
 - /data/h445xu/repo/bazel-repos/cloned_repos/pytorch__xla/xla/tsl/protobuf and referenced by '//test/cpp:test_aten_xla_tensor_2'
ERROR: /data/h445xu/repo/bazel-repos/cloned_repos/pytorch__xla/codegen/BUILD:4:10: no such package '@@[unknown repo 'pypi_torch' requested from @@ (did you mean 'pypi__tomli'?)]//': The repository '@@[unknown repo 'pypi_torch' requested from @@ (did you mean 'pypi__tomli'?)]' could not be resolved: No repository visible as '@pypi_torch' from main repository and referenced by '//codegen:lazy_tensor_generator'
ERROR: /data/h445xu/repo/bazel-repos/cloned_repos/pytorch__xla/test/cpp/BUILD:140:18: no such package 'xla/tsl/framework': BUILD file not found in any of the following directories. Add a BUILD file to a directory to mark it as a package.
 - /data/h445xu/repo/bazel-repos/cloned_repos/pytorch__xla/xla/tsl/framework and referenced by '//test/cpp:test_aten_xla_tensor_1'
ERROR: /data/h445xu/repo/bazel-repos/cloned_repos/pytorch__xla/test/cpp/BUILD:140:18: no such package 'xla/tsl/protobuf': BUILD file not found in any of the following directories. Add a BUILD file to a directory to mark it as a package.
 - /data/h445xu/repo/bazel-repos/cloned_repos/pytorch__xla/xla/tsl/protobuf and referenced by '//test/cpp:test_aten_xla_tensor_1'
ERROR: /data/h445xu/repo/bazel-repos/cloned_repos/pytorch__xla/test/cpp/BUILD:140:18: no such package 'xla/tsl/profiler/utils': BUILD file not found in any of the following directories. Add a BUILD file to a directory to mark it as a package.
 - /data/h445xu/repo/bazel-repos/cloned_repos/pytorch__xla/xla/tsl/profiler/utils and referenced by '//test/cpp:test_aten_xla_tensor_1'
ERROR: /data/h445xu/repo/bazel-repos/cloned_repos/pytorch__xla/test/cpp/BUILD:140:18: no such package 'xla/tsl/profiler/backends/cpu': BUILD file not found in any of the following directories. Add a BUILD file to a directory to mark it as a package.
 - /data/h445xu/repo/bazel-repos/cloned_repos/pytorch__xla/xla/tsl/profiler/backends/cpu and referenced by '//test/cpp:test_aten_xla_tensor_1'
ERROR: /data/h445xu/repo/bazel-repos/cloned_repos/pytorch__xla/test/cpp/BUILD:140:18: no such package 'xla/tsl/profiler/backends/cpu': BUILD file not found in any of the following directories. Add a BUILD file to a directory to mark it as a package.
 - /data/h445xu/repo/bazel-repos/cloned_repos/pytorch__xla/xla/tsl/profiler/backends/cpu and referenced by '//test/cpp:test_aten_xla_tensor_1'
ERROR: /data/h445xu/repo/bazel-repos/cloned_repos/pytorch__xla/test/cpp/BUILD:140:18: no such package 'xla/tsl/platform': BUILD file not found in any of the following directories. Add a BUILD file to a directory to mark it as a package.
 - /data/h445xu/repo/bazel-repos/cloned_repos/pytorch__xla/xla/tsl/platform and referenced by '//test/cpp:test_aten_xla_tensor_1'
ERROR: /data/h445xu/repo/bazel-repos/cloned_repos/pytorch__xla/test/cpp/BUILD:140:18: no such package 'xla/tsl/framework': BUILD file not found in any of the following directories. Add a BUILD file to a directory to mark it as a package.
 - /data/h445xu/repo/bazel-repos/cloned_repos/pytorch__xla/xla/tsl/framework and referenced by '//test/cpp:test_aten_xla_tensor_1'
ERROR: /data/h445xu/repo/bazel-repos/cloned_repos/pytorch__xla/test/cpp/BUILD:140:18: no such package 'xla/tsl/profiler/backends/cpu': BUILD file not found in any of the following directories. Add a BUILD file to a directory to mark it as a package.
 - /data/h445xu/repo/bazel-repos/cloned_repos/pytorch__xla/xla/tsl/profiler/backends/cpu and referenced by '//test/cpp:test_aten_xla_tensor_3'
ERROR: /data/h445xu/repo/bazel-repos/cloned_repos/pytorch__xla/test/cpp/BUILD:140:18: no such package 'xla/tsl/profiler/backends/cpu': BUILD file not found in any of the following directories. Add a BUILD file to a directory to mark it as a package.
 - /data/h445xu/repo/bazel-repos/cloned_repos/pytorch__xla/xla/tsl/profiler/backends/cpu and referenced by '//test/cpp:test_aten_xla_tensor_3'
ERROR: /data/h445xu/repo/bazel-repos/cloned_repos/pytorch__xla/test/cpp/BUILD:140:18: no such package 'xla/tsl/platform': BUILD file not found in any of the following directories. Add a BUILD file to a directory to mark it as a package.
 - /data/h445xu/repo/bazel-repos/cloned_repos/pytorch__xla/xla/tsl/platform and referenced by '//test/cpp:test_aten_xla_tensor_3'
ERROR: /data/h445xu/repo/bazel-repos/cloned_repos/pytorch__xla/test/cpp/BUILD:140:18: no such package 'xla/tsl/framework': BUILD file not found in any of the following directories. Add a BUILD file to a directory to mark it as a package.
 - /data/h445xu/repo/bazel-repos/cloned_repos/pytorch__xla/xla/tsl/framework and referenced by '//test/cpp:test_aten_xla_tensor_3'
ERROR: /data/h445xu/repo/bazel-repos/cloned_repos/pytorch__xla/test/cpp/BUILD:140:18: no such package 'xla/tsl/framework': BUILD file not found in any of the following directories. Add a BUILD file to a directory to mark it as a package.
 - /data/h445xu/repo/bazel-repos/cloned_repos/pytorch__xla/xla/tsl/framework and referenced by '//test/cpp:test_aten_xla_tensor_3'
ERROR: /data/h445xu/repo/bazel-repos/cloned_repos/pytorch__xla/test/cpp/BUILD:140:18: no such package 'xla/tsl/profiler/backends/cpu': BUILD file not found in any of the following directories. Add a BUILD file to a directory to mark it as a package.
 - /data/h445xu/repo/bazel-repos/cloned_repos/pytorch__xla/xla/tsl/profiler/backends/cpu and referenced by '//test/cpp:test_aten_xla_tensor_4'
ERROR: /data/h445xu/repo/bazel-repos/cloned_repos/pytorch__xla/test/cpp/BUILD:140:18: no such package 'xla/tsl/protobuf': BUILD file not found in any of the following directories. Add a BUILD file to a directory to mark it as a package.
 - /data/h445xu/repo/bazel-repos/cloned_repos/pytorch__xla/xla/tsl/protobuf and referenced by '//test/cpp:test_aten_xla_tensor_2'
ERROR: /data/h445xu/repo/bazel-repos/cloned_repos/pytorch__xla/test/cpp/BUILD:140:18: no such package 'xla/tsl/profiler/utils': BUILD file not found in any of the following directories. Add a BUILD file to a directory to mark it as a package.
 - /data/h445xu/repo/bazel-repos/cloned_repos/pytorch__xla/xla/tsl/profiler/utils and referenced by '//test/cpp:test_aten_xla_tensor_2'
ERROR: /data/h445xu/repo/bazel-repos/cloned_repos/pytorch__xla/test/cpp/BUILD:140:18: no such package 'xla/tsl/profiler/backends/cpu': BUILD file not found in any of the following directories. Add a BUILD file to a directory to mark it as a package.
 - /data/h445xu/repo/bazel-repos/cloned_repos/pytorch__xla/xla/tsl/profiler/backends/cpu and referenced by '//test/cpp:test_aten_xla_tensor_2'
ERROR: /data/h445xu/repo/bazel-repos/cloned_repos/pytorch__xla/test/cpp/BUILD:140:18: no such package 'xla/tsl/profiler/backends/cpu': BUILD file not found in any of the following directories. Add a BUILD file to a directory to mark it as a package.
 - /data/h445xu/repo/bazel-repos/cloned_repos/pytorch__xla/xla/tsl/profiler/backends/cpu and referenced by '//test/cpp:test_aten_xla_tensor_2'
ERROR: /data/h445xu/repo/bazel-repos/cloned_repos/pytorch__xla/test/cpp/BUILD:140:18: no such package 'xla/tsl/platform': BUILD file not found in any of the following directories. Add a BUILD file to a directory to mark it as a package.
 - /data/h445xu/repo/bazel-repos/cloned_repos/pytorch__xla/xla/tsl/platform and referenced by '//test/cpp:test_aten_xla_tensor_2'
ERROR: /data/h445xu/repo/bazel-repos/cloned_repos/pytorch__xla/test/cpp/BUILD:140:18: no such package 'xla/tsl/framework': BUILD file not found in any of the following directories. Add a BUILD file to a directory to mark it as a package.
 - /data/h445xu/repo/bazel-repos/cloned_repos/pytorch__xla/xla/tsl/framework and referenced by '//test/cpp:test_aten_xla_tensor_2'
ERROR: /data/h445xu/repo/bazel-repos/cloned_repos/pytorch__xla/test/cpp/BUILD:140:18: no such package 'xla/tsl/framework': BUILD file not found in any of the following directories. Add a BUILD file to a directory to mark it as a package.
 - /data/h445xu/repo/bazel-repos/cloned_repos/pytorch__xla/xla/tsl/framework and referenced by '//test/cpp:test_aten_xla_tensor_2'
ERROR: /data/h445xu/repo/bazel-repos/cloned_repos/pytorch__xla/test/cpp/BUILD:140:18: no such package 'xla/tsl/framework': BUILD file not found in any of the following directories. Add a BUILD file to a directory to mark it as a package.
 - /data/h445xu/repo/bazel-repos/cloned_repos/pytorch__xla/xla/tsl/framework and referenced by '//test/cpp:test_aten_xla_tensor_6'
ERROR: /data/h445xu/repo/bazel-repos/cloned_repos/pytorch__xla/test/cpp/BUILD:140:18: no such package 'xla/tsl/framework': BUILD file not found in any of the following directories. Add a BUILD file to a directory to mark it as a package.
 - /data/h445xu/repo/bazel-repos/cloned_repos/pytorch__xla/xla/tsl/framework and referenced by '//test/cpp:test_aten_xla_tensor_6'
ERROR: /data/h445xu/repo/bazel-repos/cloned_repos/pytorch__xla/test/cpp/BUILD:140:18: no such package 'xla/tsl/profiler/utils': BUILD file not found in any of the following directories. Add a BUILD file to a directory to mark it as a package.
 - /data/h445xu/repo/bazel-repos/cloned_repos/pytorch__xla/xla/tsl/profiler/utils and referenced by '//test/cpp:test_aten_xla_tensor_5'
ERROR: /data/h445xu/repo/bazel-repos/cloned_repos/pytorch__xla/test/cpp/BUILD:140:18: no such package 'xla/tsl/protobuf': BUILD file not found in any of the following directories. Add a BUILD file to a directory to mark it as a package.
 - /data/h445xu/repo/bazel-repos/cloned_repos/pytorch__xla/xla/tsl/protobuf and referenced by '//test/cpp:test_aten_xla_tensor_5'
ERROR: /data/h445xu/repo/bazel-repos/cloned_repos/pytorch__xla/test/cpp/BUILD:140:18: no such package 'xla/tsl/profiler/backends/cpu': BUILD file not found in any of the following directories. Add a BUILD file to a directory to mark it as a package.
 - /data/h445xu/repo/bazel-repos/cloned_repos/pytorch__xla/xla/tsl/profiler/backends/cpu and referenced by '//test/cpp:test_aten_xla_tensor_5'
ERROR: /data/h445xu/repo/bazel-repos/cloned_repos/pytorch__xla/test/cpp/BUILD:140:18: no such package 'xla/tsl/profiler/backends/cpu': BUILD file not found in any of the following directories. Add a BUILD file to a directory to mark it as a package.
 - /data/h445xu/repo/bazel-repos/cloned_repos/pytorch__xla/xla/tsl/profiler/backends/cpu and referenced by '//test/cpp:test_aten_xla_tensor_5'
ERROR: /data/h445xu/repo/bazel-repos/cloned_repos/pytorch__xla/test/cpp/BUILD:140:18: no such package 'xla/tsl/platform': BUILD file not found in any of the following directories. Add a BUILD file to a directory to mark it as a package.
 - /data/h445xu/repo/bazel-repos/cloned_repos/pytorch__xla/xla/tsl/platform and referenced by '//test/cpp:test_aten_xla_tensor_5'
ERROR: /data/h445xu/repo/bazel-repos/cloned_repos/pytorch__xla/test/cpp/BUILD:140:18: no such package 'xla/tsl/framework': BUILD file not found in any of the following directories. Add a BUILD file to a directory to mark it as a package.
 - /data/h445xu/repo/bazel-repos/cloned_repos/pytorch__xla/xla/tsl/framework and referenced by '//test/cpp:test_aten_xla_tensor_5'
Loading: 293 packages loaded
    currently loading: torchax/test/llama ... (2 packages)
ERROR: /data/h445xu/repo/bazel-repos/cloned_repos/pytorch__xla/test/cpp/BUILD:140:18: no such package 'xla/tsl/framework': BUILD file not found in any of the following directories. Add a BUILD file to a directory to mark it as a package.
 - /data/h445xu/repo/bazel-repos/cloned_repos/pytorch__xla/xla/tsl/framework and referenced by '//test/cpp:test_aten_xla_tensor_5'
ERROR: /data/h445xu/repo/bazel-repos/cloned_repos/pytorch__xla/test/cpp/BUILD:140:18: no such package 'xla/tsl/protobuf': BUILD file not found in any of the following directories. Add a BUILD file to a directory to mark it as a package.
 - /data/h445xu/repo/bazel-repos/cloned_repos/pytorch__xla/xla/tsl/protobuf and referenced by '//test/cpp:test_aten_xla_tensor_4'
ERROR: /data/h445xu/repo/bazel-repos/cloned_repos/pytorch__xla/test/cpp/BUILD:140:18: no such package 'xla/tsl/profiler/utils': BUILD file not found in any of the following directories. Add a BUILD file to a directory to mark it as a package.
 - /data/h445xu/repo/bazel-repos/cloned_repos/pytorch__xla/xla/tsl/profiler/utils and referenced by '//test/cpp:test_aten_xla_tensor_4'
ERROR: /data/h445xu/.cache/bazel/_bazel_hongxu/cf615c830b93ccd457b476cd119a0c04/external/xla/xla/tsl/cuda/BUILD.bazel:149:6: no such package '@@cuda_cudart//': The repository '@@cuda_cudart' could not be resolved: Repository '@@cuda_cudart' is not defined and referenced by '@@xla//xla/tsl/cuda:cudart'
ERROR: /data/h445xu/repo/bazel-repos/cloned_repos/pytorch__xla/test/cpp/BUILD:62:14: no such package 'xla/tsl/framework': BUILD file not found in any of the following directories. Add a BUILD file to a directory to mark it as a package.
 - /data/h445xu/repo/bazel-repos/cloned_repos/pytorch__xla/xla/tsl/framework and referenced by '//test/cpp:test_lazy'
ERROR: /data/h445xu/repo/bazel-repos/cloned_repos/pytorch__xla/test/cpp/BUILD:140:18: no such package 'xla/tsl/profiler/backends/cpu': BUILD file not found in any of the following directories. Add a BUILD file to a directory to mark it as a package.
 - /data/h445xu/repo/bazel-repos/cloned_repos/pytorch__xla/xla/tsl/profiler/backends/cpu and referenced by '//test/cpp:test_aten_xla_tensor_4'
ERROR: /data/h445xu/repo/bazel-repos/cloned_repos/pytorch__xla/test/cpp/BUILD:140:18: no such package 'xla/tsl/platform': BUILD file not found in any of the following directories. Add a BUILD file to a directory to mark it as a package.
 - /data/h445xu/repo/bazel-repos/cloned_repos/pytorch__xla/xla/tsl/platform and referenced by '//test/cpp:test_aten_xla_tensor_4'
ERROR: /data/h445xu/repo/bazel-repos/cloned_repos/pytorch__xla/test/cpp/BUILD:140:18: no such package 'xla/tsl/framework': BUILD file not found in any of the following directories. Add a BUILD file to a directory to mark it as a package.
 - /data/h445xu/repo/bazel-repos/cloned_repos/pytorch__xla/xla/tsl/framework and referenced by '//test/cpp:test_aten_xla_tensor_4'
ERROR: /data/h445xu/repo/bazel-repos/cloned_repos/pytorch__xla/test/cpp/BUILD:140:18: no such package 'xla/tsl/framework': BUILD file not found in any of the following directories. Add a BUILD file to a directory to mark it as a package.
 - /data/h445xu/repo/bazel-repos/cloned_repos/pytorch__xla/xla/tsl/framework and referenced by '//test/cpp:test_aten_xla_tensor_4'
ERROR: /data/h445xu/repo/bazel-repos/cloned_repos/pytorch__xla/test/cpp/BUILD:140:18: no such package 'xla/tsl/protobuf': BUILD file not found in any of the following directories. Add a BUILD file to a directory to mark it as a package.
 - /data/h445xu/repo/bazel-repos/cloned_repos/pytorch__xla/xla/tsl/protobuf and referenced by '//test/cpp:test_aten_xla_tensor_3'
ERROR: /data/h445xu/repo/bazel-repos/cloned_repos/pytorch__xla/test/cpp/BUILD:140:18: no such package 'xla/tsl/profiler/utils': BUILD file not found in any of the following directories. Add a BUILD file to a directory to mark it as a package.
 - /data/h445xu/repo/bazel-repos/cloned_repos/pytorch__xla/xla/tsl/profiler/utils and referenced by '//test/cpp:test_aten_xla_tensor_3'
ERROR: /data/h445xu/repo/bazel-repos/cloned_repos/pytorch__xla/test/cpp/BUILD:74:14: no such package 'xla/tsl/protobuf': BUILD file not found in any of the following directories. Add a BUILD file to a directory to mark it as a package.
 - /data/h445xu/repo/bazel-repos/cloned_repos/pytorch__xla/xla/tsl/protobuf and referenced by '//test/cpp:test_replication'
ERROR: /data/h445xu/repo/bazel-repos/cloned_repos/pytorch__xla/test/cpp/BUILD:74:14: no such package 'xla/tsl/profiler/utils': BUILD file not found in any of the following directories. Add a BUILD file to a directory to mark it as a package.
 - /data/h445xu/repo/bazel-repos/cloned_repos/pytorch__xla/xla/tsl/profiler/utils and referenced by '//test/cpp:test_replication'
ERROR: /data/h445xu/repo/bazel-repos/cloned_repos/pytorch__xla/test/cpp/BUILD:74:14: no such package 'xla/tsl/profiler/backends/cpu': BUILD file not found in any of the following directories. Add a BUILD file to a directory to mark it as a package.
 - /data/h445xu/repo/bazel-repos/cloned_repos/pytorch__xla/xla/tsl/profiler/backends/cpu and referenced by '//test/cpp:test_replication'
ERROR: /data/h445xu/repo/bazel-repos/cloned_repos/pytorch__xla/test/cpp/BUILD:74:14: no such package 'xla/tsl/platform': BUILD file not found in any of the following directories. Add a BUILD file to a directory to mark it as a package.
 - /data/h445xu/repo/bazel-repos/cloned_repos/pytorch__xla/xla/tsl/platform and referenced by '//test/cpp:test_replication'
ERROR: /data/h445xu/repo/bazel-repos/cloned_repos/pytorch__xla/test/cpp/BUILD:74:14: no such package 'xla/tsl/profiler/backends/cpu': BUILD file not found in any of the following directories. Add a BUILD file to a directory to mark it as a package.
 - /data/h445xu/repo/bazel-repos/cloned_repos/pytorch__xla/xla/tsl/profiler/backends/cpu and referenced by '//test/cpp:test_replication'
ERROR: /data/h445xu/repo/bazel-repos/cloned_repos/pytorch__xla/test/cpp/BUILD:74:14: no such package 'xla/tsl/framework': BUILD file not found in any of the following directories. Add a BUILD file to a directory to mark it as a package.
 - /data/h445xu/repo/bazel-repos/cloned_repos/pytorch__xla/xla/tsl/framework and referenced by '//test/cpp:test_replication'
ERROR: /data/h445xu/repo/bazel-repos/cloned_repos/pytorch__xla/test/cpp/BUILD:74:14: no such package 'xla/tsl/framework': BUILD file not found in any of the following directories. Add a BUILD file to a directory to mark it as a package.
 - /data/h445xu/repo/bazel-repos/cloned_repos/pytorch__xla/xla/tsl/framework and referenced by '//test/cpp:test_replication'
ERROR: /data/h445xu/repo/bazel-repos/cloned_repos/pytorch__xla/test/cpp/BUILD:62:14: no such package 'xla/tsl/profiler/utils': BUILD file not found in any of the following directories. Add a BUILD file to a directory to mark it as a package.
 - /data/h445xu/repo/bazel-repos/cloned_repos/pytorch__xla/xla/tsl/profiler/utils and referenced by '//test/cpp:test_lazy'
ERROR: /data/h445xu/repo/bazel-repos/cloned_repos/pytorch__xla/test/cpp/BUILD:62:14: no such package 'xla/tsl/protobuf': BUILD file not found in any of the following directories. Add a BUILD file to a directory to mark it as a package.
 - /data/h445xu/repo/bazel-repos/cloned_repos/pytorch__xla/xla/tsl/protobuf and referenced by '//test/cpp:test_lazy'
ERROR: /data/h445xu/repo/bazel-repos/cloned_repos/pytorch__xla/test/cpp/BUILD:62:14: no such package 'xla/tsl/profiler/backends/cpu': BUILD file not found in any of the following directories. Add a BUILD file to a directory to mark it as a package.
 - /data/h445xu/repo/bazel-repos/cloned_repos/pytorch__xla/xla/tsl/profiler/backends/cpu and referenced by '//test/cpp:test_lazy'
ERROR: /data/h445xu/repo/bazel-repos/cloned_repos/pytorch__xla/test/cpp/BUILD:62:14: no such package 'xla/tsl/profiler/backends/cpu': BUILD file not found in any of the following directories. Add a BUILD file to a directory to mark it as a package.
 - /data/h445xu/repo/bazel-repos/cloned_repos/pytorch__xla/xla/tsl/profiler/backends/cpu and referenced by '//test/cpp:test_lazy'
ERROR: /data/h445xu/repo/bazel-repos/cloned_repos/pytorch__xla/test/cpp/BUILD:50:14: no such package 'xla/tsl/profiler/backends/cpu': BUILD file not found in any of the following directories. Add a BUILD file to a directory to mark it as a package.
 - /data/h445xu/repo/bazel-repos/cloned_repos/pytorch__xla/xla/tsl/profiler/backends/cpu and referenced by '//test/cpp:test_ir'
ERROR: /data/h445xu/repo/bazel-repos/cloned_repos/pytorch__xla/test/cpp/BUILD:62:14: no such package 'xla/tsl/platform': BUILD file not found in any of the following directories. Add a BUILD file to a directory to mark it as a package.
 - /data/h445xu/repo/bazel-repos/cloned_repos/pytorch__xla/xla/tsl/platform and referenced by '//test/cpp:test_lazy'
ERROR: /data/h445xu/repo/bazel-repos/cloned_repos/pytorch__xla/test/cpp/BUILD:62:14: no such package 'xla/tsl/framework': BUILD file not found in any of the following directories. Add a BUILD file to a directory to mark it as a package.
 - /data/h445xu/repo/bazel-repos/cloned_repos/pytorch__xla/xla/tsl/framework and referenced by '//test/cpp:test_lazy'
ERROR: /data/h445xu/repo/bazel-repos/cloned_repos/pytorch__xla/test/cpp/BUILD:50:14: no such package 'xla/tsl/protobuf': BUILD file not found in any of the following directories. Add a BUILD file to a directory to mark it as a package.
 - /data/h445xu/repo/bazel-repos/cloned_repos/pytorch__xla/xla/tsl/protobuf and referenced by '//test/cpp:test_ir'
ERROR: /data/h445xu/repo/bazel-repos/cloned_repos/pytorch__xla/test/cpp/BUILD:50:14: no such package 'xla/tsl/profiler/utils': BUILD file not found in any of the following directories. Add a BUILD file to a directory to mark it as a package.
 - /data/h445xu/repo/bazel-repos/cloned_repos/pytorch__xla/xla/tsl/profiler/utils and referenced by '//test/cpp:test_ir'
ERROR: /data/h445xu/repo/bazel-repos/cloned_repos/pytorch__xla/test/cpp/BUILD:50:14: no such package 'xla/tsl/profiler/backends/cpu': BUILD file not found in any of the following directories. Add a BUILD file to a directory to mark it as a package.
 - /data/h445xu/repo/bazel-repos/cloned_repos/pytorch__xla/xla/tsl/profiler/backends/cpu and referenced by '//test/cpp:test_ir'
ERROR: /data/h445xu/repo/bazel-repos/cloned_repos/pytorch__xla/test/cpp/BUILD:50:14: no such package 'xla/tsl/platform': BUILD file not found in any of the following directories. Add a BUILD file to a directory to mark it as a package.
 - /data/h445xu/repo/bazel-repos/cloned_repos/pytorch__xla/xla/tsl/platform and referenced by '//test/cpp:test_ir'
ERROR: /data/h445xu/repo/bazel-repos/cloned_repos/pytorch__xla/test/cpp/BUILD:50:14: no such package 'xla/tsl/framework': BUILD file not found in any of the following directories. Add a BUILD file to a directory to mark it as a package.
 - /data/h445xu/repo/bazel-repos/cloned_repos/pytorch__xla/xla/tsl/framework and referenced by '//test/cpp:test_ir'
ERROR: /data/h445xu/repo/bazel-repos/cloned_repos/pytorch__xla/test/cpp/BUILD:50:14: no such package 'xla/tsl/framework': BUILD file not found in any of the following directories. Add a BUILD file to a directory to mark it as a package.
 - /data/h445xu/repo/bazel-repos/cloned_repos/pytorch__xla/xla/tsl/framework and referenced by '//test/cpp:test_ir'
ERROR: /data/h445xu/repo/bazel-repos/cloned_repos/pytorch__xla/test/cpp/BUILD:196:14: no such package 'xla/tsl/profiler/utils': BUILD file not found in any of the following directories. Add a BUILD file to a directory to mark it as a package.
 - /data/h445xu/repo/bazel-repos/cloned_repos/pytorch__xla/xla/tsl/profiler/utils and referenced by '//test/cpp:test_debug_macros'
ERROR: /data/h445xu/repo/bazel-repos/cloned_repos/pytorch__xla/test/cpp/BUILD:196:14: no such package 'xla/tsl/protobuf': BUILD file not found in any of the following directories. Add a BUILD file to a directory to mark it as a package.
 - /data/h445xu/repo/bazel-repos/cloned_repos/pytorch__xla/xla/tsl/protobuf and referenced by '//test/cpp:test_debug_macros'
ERROR: /data/h445xu/repo/bazel-repos/cloned_repos/pytorch__xla/test/cpp/BUILD:196:14: no such package 'xla/tsl/profiler/backends/cpu': BUILD file not found in any of the following directories. Add a BUILD file to a directory to mark it as a package.
 - /data/h445xu/repo/bazel-repos/cloned_repos/pytorch__xla/xla/tsl/profiler/backends/cpu and referenced by '//test/cpp:test_debug_macros'
ERROR: /data/h445xu/repo/bazel-repos/cloned_repos/pytorch__xla/test/cpp/BUILD:196:14: no such package 'xla/tsl/profiler/backends/cpu': BUILD file not found in any of the following directories. Add a BUILD file to a directory to mark it as a package.
 - /data/h445xu/repo/bazel-repos/cloned_repos/pytorch__xla/xla/tsl/profiler/backends/cpu and referenced by '//test/cpp:test_debug_macros'
ERROR: /data/h445xu/repo/bazel-repos/cloned_repos/pytorch__xla/test/cpp/BUILD:196:14: no such package 'xla/tsl/platform': BUILD file not found in any of the following directories. Add a BUILD file to a directory to mark it as a package.
 - /data/h445xu/repo/bazel-repos/cloned_repos/pytorch__xla/xla/tsl/platform and referenced by '//test/cpp:test_debug_macros'
ERROR: /data/h445xu/repo/bazel-repos/cloned_repos/pytorch__xla/test/cpp/BUILD:196:14: no such package 'xla/tsl/framework': BUILD file not found in any of the following directories. Add a BUILD file to a directory to mark it as a package.
 - /data/h445xu/repo/bazel-repos/cloned_repos/pytorch__xla/xla/tsl/framework and referenced by '//test/cpp:test_debug_macros'
ERROR: /data/h445xu/repo/bazel-repos/cloned_repos/pytorch__xla/test/cpp/BUILD:196:14: no such package 'xla/tsl/framework': BUILD file not found in any of the following directories. Add a BUILD file to a directory to mark it as a package.
 - /data/h445xu/repo/bazel-repos/cloned_repos/pytorch__xla/xla/tsl/framework and referenced by '//test/cpp:test_debug_macros'
ERROR: /data/h445xu/repo/bazel-repos/cloned_repos/pytorch__xla/test/cpp/BUILD:140:18: no such package 'xla/tsl/protobuf': BUILD file not found in any of the following directories. Add a BUILD file to a directory to mark it as a package.
 - /data/h445xu/repo/bazel-repos/cloned_repos/pytorch__xla/xla/tsl/protobuf and referenced by '//test/cpp:test_aten_xla_tensor_6'
ERROR: /data/h445xu/repo/bazel-repos/cloned_repos/pytorch__xla/test/cpp/BUILD:140:18: no such package 'xla/tsl/profiler/utils': BUILD file not found in any of the following directories. Add a BUILD file to a directory to mark it as a package.
 - /data/h445xu/repo/bazel-repos/cloned_repos/pytorch__xla/xla/tsl/profiler/utils and referenced by '//test/cpp:test_aten_xla_tensor_6'
ERROR: /data/h445xu/repo/bazel-repos/cloned_repos/pytorch__xla/test/cpp/BUILD:140:18: no such package 'xla/tsl/profiler/backends/cpu': BUILD file not found in any of the following directories. Add a BUILD file to a directory to mark it as a package.
 - /data/h445xu/repo/bazel-repos/cloned_repos/pytorch__xla/xla/tsl/profiler/backends/cpu and referenced by '//test/cpp:test_aten_xla_tensor_6'
ERROR: /data/h445xu/repo/bazel-repos/cloned_repos/pytorch__xla/test/cpp/BUILD:140:18: no such package 'xla/tsl/profiler/backends/cpu': BUILD file not found in any of the following directories. Add a BUILD file to a directory to mark it as a package.
 - /data/h445xu/repo/bazel-repos/cloned_repos/pytorch__xla/xla/tsl/profiler/backends/cpu and referenced by '//test/cpp:test_aten_xla_tensor_6'
ERROR: /data/h445xu/repo/bazel-repos/cloned_repos/pytorch__xla/test/cpp/BUILD:140:18: no such package 'xla/tsl/platform': BUILD file not found in any of the following directories. Add a BUILD file to a directory to mark it as a package.
 - /data/h445xu/repo/bazel-repos/cloned_repos/pytorch__xla/xla/tsl/platform and referenced by '//test/cpp:test_aten_xla_tensor_6'
ERROR: /data/h445xu/repo/bazel-repos/cloned_repos/pytorch__xla/torch_xla/csrc/runtime/BUILD:478:14: no such package 'xla/tsl/protobuf': BUILD file not found in any of the following directories. Add a BUILD file to a directory to mark it as a package.
 - /data/h445xu/repo/bazel-repos/cloned_repos/pytorch__xla/xla/tsl/protobuf and referenced by '//torch_xla/csrc/runtime:xla_util_test'
ERROR: /data/h445xu/repo/bazel-repos/cloned_repos/pytorch__xla/torch_xla/csrc/runtime/BUILD:478:14: no such package 'xla/tsl/profiler/utils': BUILD file not found in any of the following directories. Add a BUILD file to a directory to mark it as a package.
 - /data/h445xu/repo/bazel-repos/cloned_repos/pytorch__xla/xla/tsl/profiler/utils and referenced by '//torch_xla/csrc/runtime:xla_util_test'
ERROR: /data/h445xu/repo/bazel-repos/cloned_repos/pytorch__xla/torch_xla/csrc/runtime/BUILD:478:14: no such package 'xla/tsl/profiler/backends/cpu': BUILD file not found in any of the following directories. Add a BUILD file to a directory to mark it as a package.
 - /data/h445xu/repo/bazel-repos/cloned_repos/pytorch__xla/xla/tsl/profiler/backends/cpu and referenced by '//torch_xla/csrc/runtime:xla_util_test'
ERROR: /data/h445xu/repo/bazel-repos/cloned_repos/pytorch__xla/torch_xla/csrc/runtime/BUILD:478:14: no such package 'xla/tsl/profiler/backends/cpu': BUILD file not found in any of the following directories. Add a BUILD file to a directory to mark it as a package.
 - /data/h445xu/repo/bazel-repos/cloned_repos/pytorch__xla/xla/tsl/profiler/backends/cpu and referenced by '//torch_xla/csrc/runtime:xla_util_test'
ERROR: /data/h445xu/repo/bazel-repos/cloned_repos/pytorch__xla/torch_xla/csrc/runtime/BUILD:478:14: no such package 'xla/tsl/framework': BUILD file not found in any of the following directories. Add a BUILD file to a directory to mark it as a package.
 - /data/h445xu/repo/bazel-repos/cloned_repos/pytorch__xla/xla/tsl/framework and referenced by '//torch_xla/csrc/runtime:xla_util_test'
ERROR: /data/h445xu/repo/bazel-repos/cloned_repos/pytorch__xla/torch_xla/csrc/runtime/BUILD:478:14: no such package 'xla/tsl/platform': BUILD file not found in any of the following directories. Add a BUILD file to a directory to mark it as a package.
 - /data/h445xu/repo/bazel-repos/cloned_repos/pytorch__xla/xla/tsl/platform and referenced by '//torch_xla/csrc/runtime:xla_util_test'
ERROR: /data/h445xu/repo/bazel-repos/cloned_repos/pytorch__xla/torch_xla/csrc/runtime/BUILD:478:14: no such package 'xla/tsl/framework': BUILD file not found in any of the following directories. Add a BUILD file to a directory to mark it as a package.
 - /data/h445xu/repo/bazel-repos/cloned_repos/pytorch__xla/xla/tsl/framework and referenced by '//torch_xla/csrc/runtime:xla_util_test'
ERROR: /data/h445xu/repo/bazel-repos/cloned_repos/pytorch__xla/torch_xla/csrc/runtime/BUILD:497:14: no such package 'xla/tsl/protobuf': BUILD file not found in any of the following directories. Add a BUILD file to a directory to mark it as a package.
 - /data/h445xu/repo/bazel-repos/cloned_repos/pytorch__xla/xla/tsl/protobuf and referenced by '//torch_xla/csrc/runtime:pjrt_computation_client_test'
ERROR: /data/h445xu/repo/bazel-repos/cloned_repos/pytorch__xla/torch_xla/csrc/runtime/BUILD:497:14: no such package 'xla/tsl/profiler/utils': BUILD file not found in any of the following directories. Add a BUILD file to a directory to mark it as a package.
 - /data/h445xu/repo/bazel-repos/cloned_repos/pytorch__xla/xla/tsl/profiler/utils and referenced by '//torch_xla/csrc/runtime:pjrt_computation_client_test'
ERROR: /data/h445xu/repo/bazel-repos/cloned_repos/pytorch__xla/torch_xla/csrc/runtime/BUILD:497:14: no such package 'xla/tsl/profiler/backends/cpu': BUILD file not found in any of the following directories. Add a BUILD file to a directory to mark it as a package.
 - /data/h445xu/repo/bazel-repos/cloned_repos/pytorch__xla/xla/tsl/profiler/backends/cpu and referenced by '//torch_xla/csrc/runtime:pjrt_computation_client_test'
ERROR: /data/h445xu/repo/bazel-repos/cloned_repos/pytorch__xla/torch_xla/csrc/runtime/BUILD:497:14: no such package 'xla/tsl/profiler/backends/cpu': BUILD file not found in any of the following directories. Add a BUILD file to a directory to mark it as a package.
 - /data/h445xu/repo/bazel-repos/cloned_repos/pytorch__xla/xla/tsl/profiler/backends/cpu and referenced by '//torch_xla/csrc/runtime:pjrt_computation_client_test'
ERROR: /data/h445xu/repo/bazel-repos/cloned_repos/pytorch__xla/torch_xla/csrc/runtime/BUILD:497:14: no such package 'xla/tsl/framework': BUILD file not found in any of the following directories. Add a BUILD file to a directory to mark it as a package.
 - /data/h445xu/repo/bazel-repos/cloned_repos/pytorch__xla/xla/tsl/framework and referenced by '//torch_xla/csrc/runtime:pjrt_computation_client_test'
ERROR: /data/h445xu/repo/bazel-repos/cloned_repos/pytorch__xla/torch_xla/csrc/runtime/BUILD:497:14: no such package 'xla/tsl/platform': BUILD file not found in any of the following directories. Add a BUILD file to a directory to mark it as a package.
 - /data/h445xu/repo/bazel-repos/cloned_repos/pytorch__xla/xla/tsl/platform and referenced by '//torch_xla/csrc/runtime:pjrt_computation_client_test'
ERROR: /data/h445xu/repo/bazel-repos/cloned_repos/pytorch__xla/torch_xla/csrc/runtime/BUILD:497:14: no such package 'xla/tsl/framework': BUILD file not found in any of the following directories. Add a BUILD file to a directory to mark it as a package.
 - /data/h445xu/repo/bazel-repos/cloned_repos/pytorch__xla/xla/tsl/framework and referenced by '//torch_xla/csrc/runtime:pjrt_computation_client_test'
ERROR: /data/h445xu/repo/bazel-repos/cloned_repos/pytorch__xla/test/cpp/BUILD:120:14: no such package 'xla/tsl/protobuf': BUILD file not found in any of the following directories. Add a BUILD file to a directory to mark it as a package.
 - /data/h445xu/repo/bazel-repos/cloned_repos/pytorch__xla/xla/tsl/protobuf and referenced by '//test/cpp:test_xla_sharding'
ERROR: /data/h445xu/repo/bazel-repos/cloned_repos/pytorch__xla/test/cpp/BUILD:120:14: no such package 'xla/tsl/framework': BUILD file not found in any of the following directories. Add a BUILD file to a directory to mark it as a package.
 - /data/h445xu/repo/bazel-repos/cloned_repos/pytorch__xla/xla/tsl/framework and referenced by '//test/cpp:test_xla_sharding'
ERROR: /data/h445xu/repo/bazel-repos/cloned_repos/pytorch__xla/test/cpp/BUILD:120:14: no such package 'xla/tsl/profiler/utils': BUILD file not found in any of the following directories. Add a BUILD file to a directory to mark it as a package.
 - /data/h445xu/repo/bazel-repos/cloned_repos/pytorch__xla/xla/tsl/profiler/utils and referenced by '//test/cpp:test_xla_sharding'
ERROR: /data/h445xu/repo/bazel-repos/cloned_repos/pytorch__xla/test/cpp/BUILD:120:14: no such package 'xla/tsl/profiler/backends/cpu': BUILD file not found in any of the following directories. Add a BUILD file to a directory to mark it as a package.
 - /data/h445xu/repo/bazel-repos/cloned_repos/pytorch__xla/xla/tsl/profiler/backends/cpu and referenced by '//test/cpp:test_xla_sharding'
ERROR: /data/h445xu/repo/bazel-repos/cloned_repos/pytorch__xla/test/cpp/BUILD:120:14: no such package 'xla/tsl/profiler/backends/cpu': BUILD file not found in any of the following directories. Add a BUILD file to a directory to mark it as a package.
 - /data/h445xu/repo/bazel-repos/cloned_repos/pytorch__xla/xla/tsl/profiler/backends/cpu and referenced by '//test/cpp:test_xla_sharding'
ERROR: /data/h445xu/repo/bazel-repos/cloned_repos/pytorch__xla/test/cpp/BUILD:120:14: no such package 'xla/tsl/platform': BUILD file not found in any of the following directories. Add a BUILD file to a directory to mark it as a package.
 - /data/h445xu/repo/bazel-repos/cloned_repos/pytorch__xla/xla/tsl/platform and referenced by '//test/cpp:test_xla_sharding'
ERROR: /data/h445xu/repo/bazel-repos/cloned_repos/pytorch__xla/test/cpp/BUILD:120:14: no such package 'xla/tsl/framework': BUILD file not found in any of the following directories. Add a BUILD file to a directory to mark it as a package.
 - /data/h445xu/repo/bazel-repos/cloned_repos/pytorch__xla/xla/tsl/framework and referenced by '//test/cpp:test_xla_sharding'
ERROR: /data/h445xu/repo/bazel-repos/cloned_repos/pytorch__xla/test/cpp/BUILD:93:14: no such package 'xla/tsl/profiler/backends/cpu': BUILD file not found in any of the following directories. Add a BUILD file to a directory to mark it as a package.
 - /data/h445xu/repo/bazel-repos/cloned_repos/pytorch__xla/xla/tsl/profiler/backends/cpu and referenced by '//test/cpp:test_tensor'
ERROR: /data/h445xu/repo/bazel-repos/cloned_repos/pytorch__xla/test/cpp/BUILD:93:14: no such package 'xla/tsl/profiler/utils': BUILD file not found in any of the following directories. Add a BUILD file to a directory to mark it as a package.
 - /data/h445xu/repo/bazel-repos/cloned_repos/pytorch__xla/xla/tsl/profiler/utils and referenced by '//test/cpp:test_tensor'
ERROR: /data/h445xu/repo/bazel-repos/cloned_repos/pytorch__xla/test/cpp/BUILD:93:14: no such package 'xla/tsl/platform': BUILD file not found in any of the following directories. Add a BUILD file to a directory to mark it as a package.
 - /data/h445xu/repo/bazel-repos/cloned_repos/pytorch__xla/xla/tsl/platform and referenced by '//test/cpp:test_tensor'
ERROR: /data/h445xu/repo/bazel-repos/cloned_repos/pytorch__xla/test/cpp/BUILD:93:14: no such package 'xla/tsl/protobuf': BUILD file not found in any of the following directories. Add a BUILD file to a directory to mark it as a package.
 - /data/h445xu/repo/bazel-repos/cloned_repos/pytorch__xla/xla/tsl/protobuf and referenced by '//test/cpp:test_tensor'
ERROR: /data/h445xu/repo/bazel-repos/cloned_repos/pytorch__xla/test/cpp/BUILD:187:14: no such package 'xla/tsl/profiler/backends/cpu': BUILD file not found in any of the following directories. Add a BUILD file to a directory to mark it as a package.
 - /data/h445xu/repo/bazel-repos/cloned_repos/pytorch__xla/xla/tsl/profiler/backends/cpu and referenced by '//test/cpp:test_status_show_cpp_stacktraces'
ERROR: /data/h445xu/repo/bazel-repos/cloned_repos/pytorch__xla/test/cpp/BUILD:93:14: no such package 'xla/tsl/framework': BUILD file not found in any of the following directories. Add a BUILD file to a directory to mark it as a package.
 - /data/h445xu/repo/bazel-repos/cloned_repos/pytorch__xla/xla/tsl/framework and referenced by '//test/cpp:test_tensor'
ERROR: /data/h445xu/repo/bazel-repos/cloned_repos/pytorch__xla/test/cpp/BUILD:93:14: no such package 'xla/tsl/profiler/backends/cpu': BUILD file not found in any of the following directories. Add a BUILD file to a directory to mark it as a package.
 - /data/h445xu/repo/bazel-repos/cloned_repos/pytorch__xla/xla/tsl/profiler/backends/cpu and referenced by '//test/cpp:test_tensor'
ERROR: /data/h445xu/repo/bazel-repos/cloned_repos/pytorch__xla/test/cpp/BUILD:93:14: no such package 'xla/tsl/framework': BUILD file not found in any of the following directories. Add a BUILD file to a directory to mark it as a package.
 - /data/h445xu/repo/bazel-repos/cloned_repos/pytorch__xla/xla/tsl/framework and referenced by '//test/cpp:test_tensor'
ERROR: /data/h445xu/repo/bazel-repos/cloned_repos/pytorch__xla/test/cpp/BUILD:187:14: no such package 'xla/tsl/protobuf': BUILD file not found in any of the following directories. Add a BUILD file to a directory to mark it as a package.
 - /data/h445xu/repo/bazel-repos/cloned_repos/pytorch__xla/xla/tsl/protobuf and referenced by '//test/cpp:test_status_show_cpp_stacktraces'
ERROR: /data/h445xu/repo/bazel-repos/cloned_repos/pytorch__xla/test/cpp/BUILD:187:14: no such package 'xla/tsl/framework': BUILD file not found in any of the following directories. Add a BUILD file to a directory to mark it as a package.
 - /data/h445xu/repo/bazel-repos/cloned_repos/pytorch__xla/xla/tsl/framework and referenced by '//test/cpp:test_status_show_cpp_stacktraces'
ERROR: /data/h445xu/repo/bazel-repos/cloned_repos/pytorch__xla/test/cpp/BUILD:187:14: no such package 'xla/tsl/framework': BUILD file not found in any of the following directories. Add a BUILD file to a directory to mark it as a package.
 - /data/h445xu/repo/bazel-repos/cloned_repos/pytorch__xla/xla/tsl/framework and referenced by '//test/cpp:test_status_show_cpp_stacktraces'
ERROR: /data/h445xu/repo/bazel-repos/cloned_repos/pytorch__xla/test/cpp/BUILD:187:14: no such package 'xla/tsl/profiler/utils': BUILD file not found in any of the following directories. Add a BUILD file to a directory to mark it as a package.
 - /data/h445xu/repo/bazel-repos/cloned_repos/pytorch__xla/xla/tsl/profiler/utils and referenced by '//test/cpp:test_status_show_cpp_stacktraces'
ERROR: /data/h445xu/repo/bazel-repos/cloned_repos/pytorch__xla/test/cpp/BUILD:187:14: no such package 'xla/tsl/platform': BUILD file not found in any of the following directories. Add a BUILD file to a directory to mark it as a package.
 - /data/h445xu/repo/bazel-repos/cloned_repos/pytorch__xla/xla/tsl/platform and referenced by '//test/cpp:test_status_show_cpp_stacktraces'
ERROR: /data/h445xu/repo/bazel-repos/cloned_repos/pytorch__xla/test/cpp/BUILD:187:14: no such package 'xla/tsl/profiler/backends/cpu': BUILD file not found in any of the following directories. Add a BUILD file to a directory to mark it as a package.
 - /data/h445xu/repo/bazel-repos/cloned_repos/pytorch__xla/xla/tsl/profiler/backends/cpu and referenced by '//test/cpp:test_status_show_cpp_stacktraces'
ERROR: /data/h445xu/repo/bazel-repos/cloned_repos/pytorch__xla/test/cpp/BUILD:178:14: no such package 'xla/tsl/profiler/utils': BUILD file not found in any of the following directories. Add a BUILD file to a directory to mark it as a package.
 - /data/h445xu/repo/bazel-repos/cloned_repos/pytorch__xla/xla/tsl/profiler/utils and referenced by '//test/cpp:test_status_dont_show_cpp_stacktraces'
ERROR: /data/h445xu/repo/bazel-repos/cloned_repos/pytorch__xla/test/cpp/BUILD:178:14: no such package 'xla/tsl/protobuf': BUILD file not found in any of the following directories. Add a BUILD file to a directory to mark it as a package.
 - /data/h445xu/repo/bazel-repos/cloned_repos/pytorch__xla/xla/tsl/protobuf and referenced by '//test/cpp:test_status_dont_show_cpp_stacktraces'
ERROR: /data/h445xu/repo/bazel-repos/cloned_repos/pytorch__xla/test/cpp/BUILD:178:14: no such package 'xla/tsl/profiler/backends/cpu': BUILD file not found in any of the following directories. Add a BUILD file to a directory to mark it as a package.
 - /data/h445xu/repo/bazel-repos/cloned_repos/pytorch__xla/xla/tsl/profiler/backends/cpu and referenced by '//test/cpp:test_status_dont_show_cpp_stacktraces'
ERROR: /data/h445xu/repo/bazel-repos/cloned_repos/pytorch__xla/test/cpp/BUILD:178:14: no such package 'xla/tsl/platform': BUILD file not found in any of the following directories. Add a BUILD file to a directory to mark it as a package.
 - /data/h445xu/repo/bazel-repos/cloned_repos/pytorch__xla/xla/tsl/platform and referenced by '//test/cpp:test_status_dont_show_cpp_stacktraces'
ERROR: /data/h445xu/repo/bazel-repos/cloned_repos/pytorch__xla/test/cpp/BUILD:178:14: no such package 'xla/tsl/profiler/backends/cpu': BUILD file not found in any of the following directories. Add a BUILD file to a directory to mark it as a package.
 - /data/h445xu/repo/bazel-repos/cloned_repos/pytorch__xla/xla/tsl/profiler/backends/cpu and referenced by '//test/cpp:test_status_dont_show_cpp_stacktraces'
ERROR: /data/h445xu/repo/bazel-repos/cloned_repos/pytorch__xla/test/cpp/BUILD:178:14: no such package 'xla/tsl/framework': BUILD file not found in any of the following directories. Add a BUILD file to a directory to mark it as a package.
 - /data/h445xu/repo/bazel-repos/cloned_repos/pytorch__xla/xla/tsl/framework and referenced by '//test/cpp:test_status_dont_show_cpp_stacktraces'
ERROR: /data/h445xu/repo/bazel-repos/cloned_repos/pytorch__xla/test/cpp/BUILD:178:14: no such package 'xla/tsl/framework': BUILD file not found in any of the following directories. Add a BUILD file to a directory to mark it as a package.
 - /data/h445xu/repo/bazel-repos/cloned_repos/pytorch__xla/xla/tsl/framework and referenced by '//test/cpp:test_status_dont_show_cpp_stacktraces'
ERROR: /data/h445xu/repo/bazel-repos/cloned_repos/pytorch__xla/test/cpp/BUILD:157:14: no such package 'xla/tsl/profiler/backends/cpu': BUILD file not found in any of the following directories. Add a BUILD file to a directory to mark it as a package.
 - /data/h445xu/repo/bazel-repos/cloned_repos/pytorch__xla/xla/tsl/profiler/backends/cpu and referenced by '//test/cpp:test_runtime'
ERROR: /data/h445xu/repo/bazel-repos/cloned_repos/pytorch__xla/test/cpp/BUILD:157:14: no such package 'xla/tsl/profiler/utils': BUILD file not found in any of the following directories. Add a BUILD file to a directory to mark it as a package.
 - /data/h445xu/repo/bazel-repos/cloned_repos/pytorch__xla/xla/tsl/profiler/utils and referenced by '//test/cpp:test_runtime'
ERROR: /data/h445xu/repo/bazel-repos/cloned_repos/pytorch__xla/test/cpp/BUILD:157:14: no such package 'xla/tsl/protobuf': BUILD file not found in any of the following directories. Add a BUILD file to a directory to mark it as a package.
 - /data/h445xu/repo/bazel-repos/cloned_repos/pytorch__xla/xla/tsl/protobuf and referenced by '//test/cpp:test_runtime'
ERROR: /data/h445xu/repo/bazel-repos/cloned_repos/pytorch__xla/test/cpp/BUILD:157:14: no such package 'xla/tsl/platform': BUILD file not found in any of the following directories. Add a BUILD file to a directory to mark it as a package.
 - /data/h445xu/repo/bazel-repos/cloned_repos/pytorch__xla/xla/tsl/platform and referenced by '//test/cpp:test_runtime'
ERROR: /data/h445xu/repo/bazel-repos/cloned_repos/pytorch__xla/test/cpp/BUILD:157:14: no such package 'xla/tsl/framework': BUILD file not found in any of the following directories. Add a BUILD file to a directory to mark it as a package.
 - /data/h445xu/repo/bazel-repos/cloned_repos/pytorch__xla/xla/tsl/framework and referenced by '//test/cpp:test_runtime'
ERROR: /data/h445xu/repo/bazel-repos/cloned_repos/pytorch__xla/test/cpp/BUILD:157:14: no such package 'xla/tsl/profiler/backends/cpu': BUILD file not found in any of the following directories. Add a BUILD file to a directory to mark it as a package.
 - /data/h445xu/repo/bazel-repos/cloned_repos/pytorch__xla/xla/tsl/profiler/backends/cpu and referenced by '//test/cpp:test_runtime'
ERROR: /data/h445xu/repo/bazel-repos/cloned_repos/pytorch__xla/test/cpp/BUILD:157:14: no such package 'xla/tsl/framework': BUILD file not found in any of the following directories. Add a BUILD file to a directory to mark it as a package.
 - /data/h445xu/repo/bazel-repos/cloned_repos/pytorch__xla/xla/tsl/framework and referenced by '//test/cpp:test_runtime'
ERROR: Evaluation of query "deps(//...)" failed: errors were encountered while computing transitive closure
WARNING: --keep_going specified, ignoring errors. Results may be inaccurate
Read 0 lines from bazel query output...
Read 1000 lines from bazel query output...
Read 2000 lines from bazel query output...
Read 3000 lines from bazel query output...
Read 4000 lines from bazel query output...
Read 5000 lines from bazel query output...
Read 6000 lines from bazel query output...
Read 7000 lines from bazel query output...
Read 8000 lines from bazel query output...
Read 9000 lines from bazel query output...
Read 10000 lines from bazel query output...
Read 11000 lines from bazel query output...
Read 12000 lines from bazel query output...
Read 13000 lines from bazel query output...
Read 14000 lines from bazel query output...
Read 15000 lines from bazel query output...
Read 16000 lines from bazel query output...
Read 17000 lines from bazel query output...
Read 18000 lines from bazel query output...
Read 19000 lines from bazel query output...
Read 20000 lines from bazel query output...
Read 21000 lines from bazel query output...
Read 22000 lines from bazel query output...
Read 23000 lines from bazel query output...
Read 24000 lines from bazel query output...
Read 25000 lines from bazel query output...
Read 26000 lines from bazel query output...
Read 27000 lines from bazel query output...
Read 28000 lines from bazel query output...
Read 29000 lines from bazel query output...
Read 30000 lines from bazel query output...
Read 31000 lines from bazel query output...
Read 32000 lines from bazel query output...
Read 33000 lines from bazel query output...
Read 34000 lines from bazel query output...
Read 35000 lines from bazel query output...
Read 36000 lines from bazel query output...
Read 37000 lines from bazel query output...
Read 38000 lines from bazel query output...
Read 39000 lines from bazel query output...
Read 40000 lines from bazel query output...
Read 41000 lines from bazel query output...
Read 42000 lines from bazel query output...
Read 43000 lines from bazel query output...
Read 44000 lines from bazel query output...
Read 45000 lines from bazel query output...
Read 46000 lines from bazel query output...
Read 47000 lines from bazel query output...
Read 48000 lines from bazel query output...
Read 49000 lines from bazel query output...
Read 50000 lines from bazel query output...
Read 51000 lines from bazel query output...
Read 52000 lines from bazel query output...
Read 53000 lines from bazel query output...
Read 54000 lines from bazel query output...
Read 55000 lines from bazel query output...
Read 56000 lines from bazel query output...
Read 57000 lines from bazel query output...
Read 58000 lines from bazel query output...
Read 59000 lines from bazel query output...
Read 60000 lines from bazel query output...
Read 61000 lines from bazel query output...
Read 62000 lines from bazel query output...
Read 63000 lines from bazel query output...
Read 64000 lines from bazel query output...
Read 65000 lines from bazel query output...
Read 66000 lines from bazel query output...
Read 67000 lines from bazel query output...
Read 68000 lines from bazel query output...
Read 69000 lines from bazel query output...
Read 70000 lines from bazel query output...
Read 71000 lines from bazel query output...
Read 72000 lines from bazel query output...
Read 73000 lines from bazel query output...
Read 74000 lines from bazel query output...
Read 75000 lines from bazel query output...
Read 76000 lines from bazel query output...
Read 77000 lines from bazel query output...
Read 78000 lines from bazel query output...
Read 79000 lines from bazel query output...
Read 80000 lines from bazel query output...
Read 81000 lines from bazel query output...
Read 82000 lines from bazel query output...
Read 83000 lines from bazel query output...
Read 84000 lines from bazel query output...
Read 85000 lines from bazel query output...
Read 86000 lines from bazel query output...
Read 87000 lines from bazel query output...
Read 88000 lines from bazel query output...
Read 89000 lines from bazel query output...
Read 90000 lines from bazel query output...
Read 91000 lines from bazel query output...
Read 92000 lines from bazel query output...
Read 93000 lines from bazel query output...
Read 94000 lines from bazel query output...
Read 95000 lines from bazel query output...
Read 96000 lines from bazel query output...
Read 97000 lines from bazel query output...
Read 98000 lines from bazel query output...
Read 99000 lines from bazel query output...
Read 100000 lines from bazel query output...
Read 101000 lines from bazel query output...
Read 102000 lines from bazel query output...
Read 103000 lines from bazel query output...
Read 104000 lines from bazel query output...
Read 105000 lines from bazel query output...
Read 106000 lines from bazel query output...
Read 107000 lines from bazel query output...
Read 108000 lines from bazel query output...
Read 109000 lines from bazel query output...
Read 110000 lines from bazel query output...
Read 111000 lines from bazel query output...
Read 112000 lines from bazel query output...
Read 113000 lines from bazel query output...
Read 114000 lines from bazel query output...
Read 115000 lines from bazel query output...
Read 116000 lines from bazel query output...
Read 117000 lines from bazel query output...
Read 118000 lines from bazel query output...
Read 119000 lines from bazel query output...
Read 120000 lines from bazel query output...
Read 121000 lines from bazel query output...
Read 122000 lines from bazel query output...
Read 123000 lines from bazel query output...
Read 124000 lines from bazel query output...
Read 125000 lines from bazel query output...
Read 126000 lines from bazel query output...
Read 127000 lines from bazel query output...
Read 128000 lines from bazel query output...
Read 129000 lines from bazel query output...
Read 130000 lines from bazel query output...
Read 131000 lines from bazel query output...
Read 132000 lines from bazel query output...
Read 133000 lines from bazel query output...
Read 134000 lines from bazel query output...
Read 135000 lines from bazel query output...
Read 136000 lines from bazel query output...
Read 137000 lines from bazel query output...
Read 138000 lines from bazel query output...
Read 139000 lines from bazel query output...
Read 140000 lines from bazel query output...
Read 141000 lines from bazel query output...
Read 142000 lines from bazel query output...
Read 143000 lines from bazel query output...
Read 144000 lines from bazel query output...
Read 145000 lines from bazel query output...
Read 146000 lines from bazel query output...
Read 147000 lines from bazel query output...
Read 148000 lines from bazel query output...
Read 149000 lines from bazel query output...
Read 150000 lines from bazel query output...
Read 151000 lines from bazel query output...
Read 152000 lines from bazel query output...
Read 153000 lines from bazel query output...
Read 154000 lines from bazel query output...
Read 155000 lines from bazel query output...
Read 156000 lines from bazel query output...
Read 157000 lines from bazel query output...
Read 158000 lines from bazel query output...
Read 159000 lines from bazel query output...
Read 160000 lines from bazel query output...
Read 161000 lines from bazel query output...
Read 162000 lines from bazel query output...
Read 163000 lines from bazel query output...
Read 164000 lines from bazel query output...
Read 165000 lines from bazel query output...
Read 166000 lines from bazel query output...
Read 167000 lines from bazel query output...
Read 168000 lines from bazel query output...
Read 169000 lines from bazel query output...
Read 170000 lines from bazel query output...
Read 171000 lines from bazel query output...
Read 172000 lines from bazel query output...
Read 173000 lines from bazel query output...
Read 174000 lines from bazel query output...
Read 175000 lines from bazel query output...
Read 176000 lines from bazel query output...
Read 177000 lines from bazel query output...
Read 178000 lines from bazel query output...
Read 179000 lines from bazel query output...
Read 180000 lines from bazel query output...
Read 181000 lines from bazel query output...
Read 182000 lines from bazel query output...
Read 183000 lines from bazel query output...
Read 184000 lines from bazel query output...
Read 185000 lines from bazel query output...
Read 186000 lines from bazel query output...
Read 187000 lines from bazel query output...
Read 188000 lines from bazel query output...
Read 189000 lines from bazel query output...
Read 190000 lines from bazel query output...
Read 191000 lines from bazel query output...
Read 192000 lines from bazel query output...
Read 193000 lines from bazel query output...
Read 194000 lines from bazel query output...
Read 195000 lines from bazel query output...
Read 196000 lines from bazel query output...
Read 197000 lines from bazel query output...
Read 198000 lines from bazel query output...
Read 199000 lines from bazel query output...
Read 200000 lines from bazel query output...
Read 201000 lines from bazel query output...
Read 202000 lines from bazel query output...
Read 203000 lines from bazel query output...
Read 204000 lines from bazel query output...
Read 205000 lines from bazel query output...
Read 206000 lines from bazel query output...
Read 207000 lines from bazel query output...
Read 208000 lines from bazel query output...
Read 209000 lines from bazel query output...
Read 210000 lines from bazel query output...
Read 211000 lines from bazel query output...
Read 212000 lines from bazel query output...
Read 213000 lines from bazel query output...
Read 214000 lines from bazel query output...
Read 215000 lines from bazel query output...
Read 216000 lines from bazel query output...
Read 217000 lines from bazel query output...
Read 218000 lines from bazel query output...
Read 219000 lines from bazel query output...
Read 220000 lines from bazel query output...
Read 221000 lines from bazel query output...
Read 222000 lines from bazel query output...
Read 223000 lines from bazel query output...
Read 224000 lines from bazel query output...
Read 225000 lines from bazel query output...
Read 226000 lines from bazel query output...
Read 227000 lines from bazel query output...
Read 228000 lines from bazel query output...
Read 229000 lines from bazel query output...
Read 230000 lines from bazel query output...
Read 231000 lines from bazel query output...
Read 232000 lines from bazel query output...
Read 233000 lines from bazel query output...
Read 234000 lines from bazel query output...
Read 235000 lines from bazel query output...
Read 236000 lines from bazel query output...
Read 237000 lines from bazel query output...
Read 238000 lines from bazel query output...
Read 239000 lines from bazel query output...
Read 240000 lines from bazel query output...
Read 241000 lines from bazel query output...
Read 242000 lines from bazel query output...
Read 243000 lines from bazel query output...
Read 244000 lines from bazel query output...
Read 245000 lines from bazel query output...
Read 246000 lines from bazel query output...
Read 247000 lines from bazel query output...
Read 248000 lines from bazel query output...
Read 249000 lines from bazel query output...
Read 250000 lines from bazel query output...
Read 251000 lines from bazel query output...
Read 252000 lines from bazel query output...
Read 253000 lines from bazel query output...
Read 254000 lines from bazel query output...
Read 255000 lines from bazel query output...
Read 256000 lines from bazel query output...
Read 257000 lines from bazel query output...
Read 258000 lines from bazel query output...
Read 259000 lines from bazel query output...
Read 260000 lines from bazel query output...
Read 261000 lines from bazel query output...
Read 262000 lines from bazel query output...
Read 263000 lines from bazel query output...
