Starting local Bazel server and connecting to it...
 checking cached actions
 checking cached actions
WARNING: For repository 'build_bazel_apple_support', the root module requires module version apple_support@1.13.0, but got apple_support@1.15.1 in the resolved dependency graph.
 checking cached actions
Loading: 0 packages loaded
INFO: Repository rules_swift~1.18.0~non_module_deps~build_bazel_rules_swift_local_config instantiated at:
  <builtin>: in <toplevel>
Repository rule swift_autoconfiguration defined at:
  /data/h445xu/.cache/bazel/_bazel_hongxu/af612fbe9e0fd21ff122e541755b75d8/external/rules_swift~1.18.0/swift/internal/swift_autoconfiguration.bzl:440:42: in <toplevel>
ERROR: An error occurred during the fetch of repository 'rules_swift~1.18.0~non_module_deps~build_bazel_rules_swift_local_config':
   Traceback (most recent call last):
	File "/data/h445xu/.cache/bazel/_bazel_hongxu/af612fbe9e0fd21ff122e541755b75d8/external/rules_swift~1.18.0/swift/internal/swift_autoconfiguration.bzl", line 438, column 32, in _swift_autoconfiguration_impl
		_create_linux_toolchain(repository_ctx)
	File "/data/h445xu/.cache/bazel/_bazel_hongxu/af612fbe9e0fd21ff122e541755b75d8/external/rules_swift~1.18.0/swift/internal/swift_autoconfiguration.bzl", line 269, column 13, in _create_linux_toolchain
		fail("No 'swiftc' executable found in $PATH")
Error in fail: No 'swiftc' executable found in $PATH
ERROR: <builtin>: fetching swift_autoconfiguration rule //:rules_swift~1.18.0~non_module_deps~build_bazel_rules_swift_local_config: Traceback (most recent call last):
	File "/data/h445xu/.cache/bazel/_bazel_hongxu/af612fbe9e0fd21ff122e541755b75d8/external/rules_swift~1.18.0/swift/internal/swift_autoconfiguration.bzl", line 438, column 32, in _swift_autoconfiguration_impl
		_create_linux_toolchain(repository_ctx)
	File "/data/h445xu/.cache/bazel/_bazel_hongxu/af612fbe9e0fd21ff122e541755b75d8/external/rules_swift~1.18.0/swift/internal/swift_autoconfiguration.bzl", line 269, column 13, in _create_linux_toolchain
		fail("No 'swiftc' executable found in $PATH")
Error in fail: No 'swiftc' executable found in $PATH
ERROR: /data/h445xu/repo/bazel-repos/cloned_repos/swiftlang__swift-syntax/BUILD.bazel:403:21: every rule of type swift_library implicitly depends upon the target '@@rules_swift~1.18.0~non_module_deps~build_bazel_rules_swift_local_config//:toolchain', but this target could not be found because of: no such package '@@rules_swift~1.18.0~non_module_deps~build_bazel_rules_swift_local_config//': No 'swiftc' executable found in $PATH
ERROR: /data/h445xu/repo/bazel-repos/cloned_repos/swiftlang__swift-syntax/BUILD.bazel:264:21: every rule of type swift_library implicitly depends upon the target '@@rules_swift~1.18.0~non_module_deps~build_bazel_rules_swift_local_config//:toolchain', but this target could not be found because of: no such package '@@rules_swift~1.18.0~non_module_deps~build_bazel_rules_swift_local_config//': No 'swiftc' executable found in $PATH
ERROR: /data/h445xu/repo/bazel-repos/cloned_repos/swiftlang__swift-syntax/BUILD.bazel:236:21: every rule of type swift_library implicitly depends upon the target '@@rules_swift~1.18.0~non_module_deps~build_bazel_rules_swift_local_config//:toolchain', but this target could not be found because of: no such package '@@rules_swift~1.18.0~non_module_deps~build_bazel_rules_swift_local_config//': No 'swiftc' executable found in $PATH
ERROR: /data/h445xu/repo/bazel-repos/cloned_repos/swiftlang__swift-syntax/BUILD.bazel:250:21: every rule of type swift_library implicitly depends upon the target '@@rules_swift~1.18.0~non_module_deps~build_bazel_rules_swift_local_config//:toolchain', but this target could not be found because of: no such package '@@rules_swift~1.18.0~non_module_deps~build_bazel_rules_swift_local_config//': No 'swiftc' executable found in $PATH
ERROR: /data/h445xu/repo/bazel-repos/cloned_repos/swiftlang__swift-syntax/BUILD.bazel:257:21: every rule of type swift_library implicitly depends upon the target '@@rules_swift~1.18.0~non_module_deps~build_bazel_rules_swift_local_config//:toolchain', but this target could not be found because of: no such package '@@rules_swift~1.18.0~non_module_deps~build_bazel_rules_swift_local_config//': No 'swiftc' executable found in $PATH
ERROR: /data/h445xu/repo/bazel-repos/cloned_repos/swiftlang__swift-syntax/BUILD.bazel:229:21: every rule of type swift_library implicitly depends upon the target '@@rules_swift~1.18.0~non_module_deps~build_bazel_rules_swift_local_config//:toolchain', but this target could not be found because of: no such package '@@rules_swift~1.18.0~non_module_deps~build_bazel_rules_swift_local_config//': No 'swiftc' executable found in $PATH
ERROR: /data/h445xu/repo/bazel-repos/cloned_repos/swiftlang__swift-syntax/BUILD.bazel:243:21: every rule of type swift_library implicitly depends upon the target '@@rules_swift~1.18.0~non_module_deps~build_bazel_rules_swift_local_config//:toolchain', but this target could not be found because of: no such package '@@rules_swift~1.18.0~non_module_deps~build_bazel_rules_swift_local_config//': No 'swiftc' executable found in $PATH
ERROR: /data/h445xu/repo/bazel-repos/cloned_repos/swiftlang__swift-syntax/BUILD.bazel:216:21: every rule of type swift_library implicitly depends upon the target '@@rules_swift~1.18.0~non_module_deps~build_bazel_rules_swift_local_config//:toolchain', but this target could not be found because of: no such package '@@rules_swift~1.18.0~non_module_deps~build_bazel_rules_swift_local_config//': No 'swiftc' executable found in $PATH
ERROR: /data/h445xu/repo/bazel-repos/cloned_repos/swiftlang__swift-syntax/BUILD.bazel:62:21: every rule of type swift_library implicitly depends upon the target '@@rules_swift~1.18.0~non_module_deps~build_bazel_rules_swift_local_config//:toolchain', but this target could not be found because of: no such package '@@rules_swift~1.18.0~non_module_deps~build_bazel_rules_swift_local_config//': No 'swiftc' executable found in $PATH
ERROR: /data/h445xu/repo/bazel-repos/cloned_repos/swiftlang__swift-syntax/BUILD.bazel:161:21: every rule of type swift_library implicitly depends upon the target '@@rules_swift~1.18.0~non_module_deps~build_bazel_rules_swift_local_config//:toolchain', but this target could not be found because of: no such package '@@rules_swift~1.18.0~non_module_deps~build_bazel_rules_swift_local_config//': No 'swiftc' executable found in $PATH
ERROR: /data/h445xu/repo/bazel-repos/cloned_repos/swiftlang__swift-syntax/BUILD.bazel:18:21: every rule of type swift_library implicitly depends upon the target '@@rules_swift~1.18.0~non_module_deps~build_bazel_rules_swift_local_config//:toolchain', but this target could not be found because of: no such package '@@rules_swift~1.18.0~non_module_deps~build_bazel_rules_swift_local_config//': No 'swiftc' executable found in $PATH
ERROR: /data/h445xu/repo/bazel-repos/cloned_repos/swiftlang__swift-syntax/BUILD.bazel:79:21: every rule of type swift_library implicitly depends upon the target '@@rules_swift~1.18.0~non_module_deps~build_bazel_rules_swift_local_config//:toolchain', but this target could not be found because of: no such package '@@rules_swift~1.18.0~non_module_deps~build_bazel_rules_swift_local_config//': No 'swiftc' executable found in $PATH
ERROR: /data/h445xu/repo/bazel-repos/cloned_repos/swiftlang__swift-syntax/BUILD.bazel:143:21: every rule of type swift_library implicitly depends upon the target '@@rules_swift~1.18.0~non_module_deps~build_bazel_rules_swift_local_config//:toolchain', but this target could not be found because of: no such package '@@rules_swift~1.18.0~non_module_deps~build_bazel_rules_swift_local_config//': No 'swiftc' executable found in $PATH
ERROR: /data/h445xu/repo/bazel-repos/cloned_repos/swiftlang__swift-syntax/BUILD.bazel:168:21: every rule of type swift_library implicitly depends upon the target '@@rules_swift~1.18.0~non_module_deps~build_bazel_rules_swift_local_config//:toolchain', but this target could not be found because of: no such package '@@rules_swift~1.18.0~non_module_deps~build_bazel_rules_swift_local_config//': No 'swiftc' executable found in $PATH
ERROR: /data/h445xu/repo/bazel-repos/cloned_repos/swiftlang__swift-syntax/BUILD.bazel:271:21: every rule of type swift_library implicitly depends upon the target '@@rules_swift~1.18.0~non_module_deps~build_bazel_rules_swift_local_config//:toolchain', but this target could not be found because of: no such package '@@rules_swift~1.18.0~non_module_deps~build_bazel_rules_swift_local_config//': No 'swiftc' executable found in $PATH
ERROR: /data/h445xu/repo/bazel-repos/cloned_repos/swiftlang__swift-syntax/BUILD.bazel:178:18: every rule of type swift_library implicitly depends upon the target '@@rules_swift~1.18.0~non_module_deps~build_bazel_rules_swift_local_config//:toolchain', but this target could not be found because of: no such package '@@rules_swift~1.18.0~non_module_deps~build_bazel_rules_swift_local_config//': No 'swiftc' executable found in $PATH
ERROR: /data/h445xu/repo/bazel-repos/cloned_repos/swiftlang__swift-syntax/BUILD.bazel:178:18: every rule of type swift_test implicitly depends upon the target '@@rules_swift~1.18.0~non_module_deps~build_bazel_rules_swift_local_config//:toolchain', but this target could not be found because of: no such package '@@rules_swift~1.18.0~non_module_deps~build_bazel_rules_swift_local_config//': No 'swiftc' executable found in $PATH
ERROR: /data/h445xu/repo/bazel-repos/cloned_repos/swiftlang__swift-syntax/BUILD.bazel:98:21: every rule of type swift_library implicitly depends upon the target '@@rules_swift~1.18.0~non_module_deps~build_bazel_rules_swift_local_config//:toolchain', but this target could not be found because of: no such package '@@rules_swift~1.18.0~non_module_deps~build_bazel_rules_swift_local_config//': No 'swiftc' executable found in $PATH
ERROR: /data/h445xu/repo/bazel-repos/cloned_repos/swiftlang__swift-syntax/BUILD.bazel:316:21: every rule of type swift_library implicitly depends upon the target '@@rules_swift~1.18.0~non_module_deps~build_bazel_rules_swift_local_config//:toolchain', but this target could not be found because of: no such package '@@rules_swift~1.18.0~non_module_deps~build_bazel_rules_swift_local_config//': No 'swiftc' executable found in $PATH
ERROR: /data/h445xu/repo/bazel-repos/cloned_repos/swiftlang__swift-syntax/BUILD.bazel:198:21: every rule of type swift_library implicitly depends upon the target '@@rules_swift~1.18.0~non_module_deps~build_bazel_rules_swift_local_config//:toolchain', but this target could not be found because of: no such package '@@rules_swift~1.18.0~non_module_deps~build_bazel_rules_swift_local_config//': No 'swiftc' executable found in $PATH
ERROR: /data/h445xu/repo/bazel-repos/cloned_repos/swiftlang__swift-syntax/BUILD.bazel:118:21: every rule of type swift_library implicitly depends upon the target '@@rules_swift~1.18.0~non_module_deps~build_bazel_rules_swift_local_config//:toolchain', but this target could not be found because of: no such package '@@rules_swift~1.18.0~non_module_deps~build_bazel_rules_swift_local_config//': No 'swiftc' executable found in $PATH
ERROR: /data/h445xu/repo/bazel-repos/cloned_repos/swiftlang__swift-syntax/BUILD.bazel:290:21: every rule of type swift_library implicitly depends upon the target '@@rules_swift~1.18.0~non_module_deps~build_bazel_rules_swift_local_config//:toolchain', but this target could not be found because of: no such package '@@rules_swift~1.18.0~non_module_deps~build_bazel_rules_swift_local_config//': No 'swiftc' executable found in $PATH
ERROR: /data/h445xu/repo/bazel-repos/cloned_repos/swiftlang__swift-syntax/BUILD.bazel:42:21: every rule of type swift_library implicitly depends upon the target '@@rules_swift~1.18.0~non_module_deps~build_bazel_rules_swift_local_config//:toolchain', but this target could not be found because of: no such package '@@rules_swift~1.18.0~non_module_deps~build_bazel_rules_swift_local_config//': No 'swiftc' executable found in $PATH
ERROR: /data/h445xu/repo/bazel-repos/cloned_repos/swiftlang__swift-syntax/BUILD.bazel:410:21: every rule of type swift_library implicitly depends upon the target '@@rules_swift~1.18.0~non_module_deps~build_bazel_rules_swift_local_config//:toolchain', but this target could not be found because of: no such package '@@rules_swift~1.18.0~non_module_deps~build_bazel_rules_swift_local_config//': No 'swiftc' executable found in $PATH
ERROR: /data/h445xu/repo/bazel-repos/cloned_repos/swiftlang__swift-syntax/BUILD.bazel:326:21: every rule of type swift_library implicitly depends upon the target '@@rules_swift~1.18.0~non_module_deps~build_bazel_rules_swift_local_config//:toolchain', but this target could not be found because of: no such package '@@rules_swift~1.18.0~non_module_deps~build_bazel_rules_swift_local_config//': No 'swiftc' executable found in $PATH
ERROR: /data/h445xu/repo/bazel-repos/cloned_repos/swiftlang__swift-syntax/BUILD.bazel:34:21: every rule of type swift_library implicitly depends upon the target '@@rules_swift~1.18.0~non_module_deps~build_bazel_rules_swift_local_config//:toolchain', but this target could not be found because of: no such package '@@rules_swift~1.18.0~non_module_deps~build_bazel_rules_swift_local_config//': No 'swiftc' executable found in $PATH
ERROR: /data/h445xu/repo/bazel-repos/cloned_repos/swiftlang__swift-syntax/BUILD.bazel:134:21: every rule of type swift_library implicitly depends upon the target '@@rules_swift~1.18.0~non_module_deps~build_bazel_rules_swift_local_config//:toolchain', but this target could not be found because of: no such package '@@rules_swift~1.18.0~non_module_deps~build_bazel_rules_swift_local_config//': No 'swiftc' executable found in $PATH
ERROR: /data/h445xu/repo/bazel-repos/cloned_repos/swiftlang__swift-syntax/BUILD.bazel:25:18: every rule of type swift_library implicitly depends upon the target '@@rules_swift~1.18.0~non_module_deps~build_bazel_rules_swift_local_config//:toolchain', but this target could not be found because of: no such package '@@rules_swift~1.18.0~non_module_deps~build_bazel_rules_swift_local_config//': No 'swiftc' executable found in $PATH
ERROR: /data/h445xu/repo/bazel-repos/cloned_repos/swiftlang__swift-syntax/BUILD.bazel:69:18: every rule of type swift_library implicitly depends upon the target '@@rules_swift~1.18.0~non_module_deps~build_bazel_rules_swift_local_config//:toolchain', but this target could not be found because of: no such package '@@rules_swift~1.18.0~non_module_deps~build_bazel_rules_swift_local_config//': No 'swiftc' executable found in $PATH
ERROR: /data/h445xu/repo/bazel-repos/cloned_repos/swiftlang__swift-syntax/BUILD.bazel:88:18: every rule of type swift_library implicitly depends upon the target '@@rules_swift~1.18.0~non_module_deps~build_bazel_rules_swift_local_config//:toolchain', but this target could not be found because of: no such package '@@rules_swift~1.18.0~non_module_deps~build_bazel_rules_swift_local_config//': No 'swiftc' executable found in $PATH
ERROR: /data/h445xu/repo/bazel-repos/cloned_repos/swiftlang__swift-syntax/BUILD.bazel:186:18: every rule of type swift_test implicitly depends upon the target '@@rules_swift~1.18.0~non_module_deps~build_bazel_rules_swift_local_config//:toolchain', but this target could not be found because of: no such package '@@rules_swift~1.18.0~non_module_deps~build_bazel_rules_swift_local_config//': No 'swiftc' executable found in $PATH
ERROR: /data/h445xu/repo/bazel-repos/cloned_repos/swiftlang__swift-syntax/BUILD.bazel:186:18: every rule of type swift_library implicitly depends upon the target '@@rules_swift~1.18.0~non_module_deps~build_bazel_rules_swift_local_config//:toolchain', but this target could not be found because of: no such package '@@rules_swift~1.18.0~non_module_deps~build_bazel_rules_swift_local_config//': No 'swiftc' executable found in $PATH
ERROR: /data/h445xu/repo/bazel-repos/cloned_repos/swiftlang__swift-syntax/BUILD.bazel:369:18: every rule of type swift_test implicitly depends upon the target '@@rules_swift~1.18.0~non_module_deps~build_bazel_rules_swift_local_config//:toolchain', but this target could not be found because of: no such package '@@rules_swift~1.18.0~non_module_deps~build_bazel_rules_swift_local_config//': No 'swiftc' executable found in $PATH
ERROR: /data/h445xu/repo/bazel-repos/cloned_repos/swiftlang__swift-syntax/BUILD.bazel:360:18: every rule of type swift_test implicitly depends upon the target '@@rules_swift~1.18.0~non_module_deps~build_bazel_rules_swift_local_config//:toolchain', but this target could not be found because of: no such package '@@rules_swift~1.18.0~non_module_deps~build_bazel_rules_swift_local_config//': No 'swiftc' executable found in $PATH
ERROR: /data/h445xu/repo/bazel-repos/cloned_repos/swiftlang__swift-syntax/BUILD.bazel:208:18: every rule of type swift_test implicitly depends upon the target '@@rules_swift~1.18.0~non_module_deps~build_bazel_rules_swift_local_config//:toolchain', but this target could not be found because of: no such package '@@rules_swift~1.18.0~non_module_deps~build_bazel_rules_swift_local_config//': No 'swiftc' executable found in $PATH
ERROR: /data/h445xu/repo/bazel-repos/cloned_repos/swiftlang__swift-syntax/BUILD.bazel:282:18: every rule of type swift_test implicitly depends upon the target '@@rules_swift~1.18.0~non_module_deps~build_bazel_rules_swift_local_config//:toolchain', but this target could not be found because of: no such package '@@rules_swift~1.18.0~non_module_deps~build_bazel_rules_swift_local_config//': No 'swiftc' executable found in $PATH
ERROR: /data/h445xu/repo/bazel-repos/cloned_repos/swiftlang__swift-syntax/BUILD.bazel:152:18: every rule of type swift_library implicitly depends upon the target '@@rules_swift~1.18.0~non_module_deps~build_bazel_rules_swift_local_config//:toolchain', but this target could not be found because of: no such package '@@rules_swift~1.18.0~non_module_deps~build_bazel_rules_swift_local_config//': No 'swiftc' executable found in $PATH
ERROR: /data/h445xu/repo/bazel-repos/cloned_repos/swiftlang__swift-syntax/BUILD.bazel:88:18: every rule of type swift_test implicitly depends upon the target '@@rules_swift~1.18.0~non_module_deps~build_bazel_rules_swift_local_config//:toolchain', but this target could not be found because of: no such package '@@rules_swift~1.18.0~non_module_deps~build_bazel_rules_swift_local_config//': No 'swiftc' executable found in $PATH
ERROR: /data/h445xu/repo/bazel-repos/cloned_repos/swiftlang__swift-syntax/BUILD.bazel:69:18: every rule of type swift_test implicitly depends upon the target '@@rules_swift~1.18.0~non_module_deps~build_bazel_rules_swift_local_config//:toolchain', but this target could not be found because of: no such package '@@rules_swift~1.18.0~non_module_deps~build_bazel_rules_swift_local_config//': No 'swiftc' executable found in $PATH
ERROR: /data/h445xu/repo/bazel-repos/cloned_repos/swiftlang__swift-syntax/BUILD.bazel:282:18: every rule of type swift_library implicitly depends upon the target '@@rules_swift~1.18.0~non_module_deps~build_bazel_rules_swift_local_config//:toolchain', but this target could not be found because of: no such package '@@rules_swift~1.18.0~non_module_deps~build_bazel_rules_swift_local_config//': No 'swiftc' executable found in $PATH
ERROR: /data/h445xu/repo/bazel-repos/cloned_repos/swiftlang__swift-syntax/BUILD.bazel:152:18: every rule of type swift_test implicitly depends upon the target '@@rules_swift~1.18.0~non_module_deps~build_bazel_rules_swift_local_config//:toolchain', but this target could not be found because of: no such package '@@rules_swift~1.18.0~non_module_deps~build_bazel_rules_swift_local_config//': No 'swiftc' executable found in $PATH
ERROR: /data/h445xu/repo/bazel-repos/cloned_repos/swiftlang__swift-syntax/BUILD.bazel:360:18: every rule of type swift_library implicitly depends upon the target '@@rules_swift~1.18.0~non_module_deps~build_bazel_rules_swift_local_config//:toolchain', but this target could not be found because of: no such package '@@rules_swift~1.18.0~non_module_deps~build_bazel_rules_swift_local_config//': No 'swiftc' executable found in $PATH
ERROR: /data/h445xu/repo/bazel-repos/cloned_repos/swiftlang__swift-syntax/BUILD.bazel:55:18: every rule of type swift_test implicitly depends upon the target '@@rules_swift~1.18.0~non_module_deps~build_bazel_rules_swift_local_config//:toolchain', but this target could not be found because of: no such package '@@rules_swift~1.18.0~non_module_deps~build_bazel_rules_swift_local_config//': No 'swiftc' executable found in $PATH
ERROR: /data/h445xu/repo/bazel-repos/cloned_repos/swiftlang__swift-syntax/BUILD.bazel:208:18: every rule of type swift_library implicitly depends upon the target '@@rules_swift~1.18.0~non_module_deps~build_bazel_rules_swift_local_config//:toolchain', but this target could not be found because of: no such package '@@rules_swift~1.18.0~non_module_deps~build_bazel_rules_swift_local_config//': No 'swiftc' executable found in $PATH
ERROR: /data/h445xu/repo/bazel-repos/cloned_repos/swiftlang__swift-syntax/BUILD.bazel:369:18: every rule of type swift_library implicitly depends upon the target '@@rules_swift~1.18.0~non_module_deps~build_bazel_rules_swift_local_config//:toolchain', but this target could not be found because of: no such package '@@rules_swift~1.18.0~non_module_deps~build_bazel_rules_swift_local_config//': No 'swiftc' executable found in $PATH
ERROR: /data/h445xu/repo/bazel-repos/cloned_repos/swiftlang__swift-syntax/BUILD.bazel:108:18: every rule of type swift_test implicitly depends upon the target '@@rules_swift~1.18.0~non_module_deps~build_bazel_rules_swift_local_config//:toolchain', but this target could not be found because of: no such package '@@rules_swift~1.18.0~non_module_deps~build_bazel_rules_swift_local_config//': No 'swiftc' executable found in $PATH
ERROR: /data/h445xu/repo/bazel-repos/cloned_repos/swiftlang__swift-syntax/BUILD.bazel:55:18: every rule of type swift_library implicitly depends upon the target '@@rules_swift~1.18.0~non_module_deps~build_bazel_rules_swift_local_config//:toolchain', but this target could not be found because of: no such package '@@rules_swift~1.18.0~non_module_deps~build_bazel_rules_swift_local_config//': No 'swiftc' executable found in $PATH
ERROR: /data/h445xu/repo/bazel-repos/cloned_repos/swiftlang__swift-syntax/BUILD.bazel:108:18: every rule of type swift_library implicitly depends upon the target '@@rules_swift~1.18.0~non_module_deps~build_bazel_rules_swift_local_config//:toolchain', but this target could not be found because of: no such package '@@rules_swift~1.18.0~non_module_deps~build_bazel_rules_swift_local_config//': No 'swiftc' executable found in $PATH
ERROR: /data/h445xu/repo/bazel-repos/cloned_repos/swiftlang__swift-syntax/BUILD.bazel:339:21: every rule of type swift_library implicitly depends upon the target '@@rules_swift~1.18.0~non_module_deps~build_bazel_rules_swift_local_config//:toolchain', but this target could not be found because of: no such package '@@rules_swift~1.18.0~non_module_deps~build_bazel_rules_swift_local_config//': No 'swiftc' executable found in $PATH
ERROR: /data/h445xu/repo/bazel-repos/cloned_repos/swiftlang__swift-syntax/BUILD.bazel:126:18: every rule of type swift_test implicitly depends upon the target '@@rules_swift~1.18.0~non_module_deps~build_bazel_rules_swift_local_config//:toolchain', but this target could not be found because of: no such package '@@rules_swift~1.18.0~non_module_deps~build_bazel_rules_swift_local_config//': No 'swiftc' executable found in $PATH
ERROR: /data/h445xu/repo/bazel-repos/cloned_repos/swiftlang__swift-syntax/BUILD.bazel:25:18: every rule of type swift_test implicitly depends upon the target '@@rules_swift~1.18.0~non_module_deps~build_bazel_rules_swift_local_config//:toolchain', but this target could not be found because of: no such package '@@rules_swift~1.18.0~non_module_deps~build_bazel_rules_swift_local_config//': No 'swiftc' executable found in $PATH
ERROR: /data/h445xu/repo/bazel-repos/cloned_repos/swiftlang__swift-syntax/BUILD.bazel:126:18: every rule of type swift_library implicitly depends upon the target '@@rules_swift~1.18.0~non_module_deps~build_bazel_rules_swift_local_config//:toolchain', but this target could not be found because of: no such package '@@rules_swift~1.18.0~non_module_deps~build_bazel_rules_swift_local_config//': No 'swiftc' executable found in $PATH
ERROR: /data/h445xu/repo/bazel-repos/cloned_repos/swiftlang__swift-syntax/BUILD.bazel:301:18: every rule of type swift_library implicitly depends upon the target '@@rules_swift~1.18.0~non_module_deps~build_bazel_rules_swift_local_config//:toolchain', but this target could not be found because of: no such package '@@rules_swift~1.18.0~non_module_deps~build_bazel_rules_swift_local_config//': No 'swiftc' executable found in $PATH
ERROR: /data/h445xu/repo/bazel-repos/cloned_repos/swiftlang__swift-syntax/BUILD.bazel:301:18: every rule of type swift_test implicitly depends upon the target '@@rules_swift~1.18.0~non_module_deps~build_bazel_rules_swift_local_config//:toolchain', but this target could not be found because of: no such package '@@rules_swift~1.18.0~non_module_deps~build_bazel_rules_swift_local_config//': No 'swiftc' executable found in $PATH
ERROR: /data/h445xu/repo/bazel-repos/cloned_repos/swiftlang__swift-syntax/BUILD.bazel:350:18: every rule of type swift_test implicitly depends upon the target '@@rules_swift~1.18.0~non_module_deps~build_bazel_rules_swift_local_config//:toolchain', but this target could not be found because of: no such package '@@rules_swift~1.18.0~non_module_deps~build_bazel_rules_swift_local_config//': No 'swiftc' executable found in $PATH
ERROR: /data/h445xu/repo/bazel-repos/cloned_repos/swiftlang__swift-syntax/BUILD.bazel:350:18: every rule of type swift_library implicitly depends upon the target '@@rules_swift~1.18.0~non_module_deps~build_bazel_rules_swift_local_config//:toolchain', but this target could not be found because of: no such package '@@rules_swift~1.18.0~non_module_deps~build_bazel_rules_swift_local_config//': No 'swiftc' executable found in $PATH
WARNING: --keep_going specified, ignoring errors. Results may be inaccurate
Read 0 lines from bazel query output...
Read 1000 lines from bazel query output...
Read 2000 lines from bazel query output...
Read 3000 lines from bazel query output...
Read 4000 lines from bazel query output...
Read 5000 lines from bazel query output...
