Starting local Bazel server and connecting to it...
 checking cached actions
Loading: 0 packages loaded
ERROR: error loading package 'tensorflow_data_validation/tools': Label '//third_party/bazel_rules/rules_python/python:py_binary.bzl' is invalid because 'third_party/bazel_rules/rules_python/python' is not a package; perhaps you meant to put the colon here: '//third_party:bazel_rules/rules_python/python/py_binary.bzl'?
ERROR: error loading package 'google3/third_party/py/tensorflow_data_validation/opensource_only': Label '//tools/build_defs/testing:bzl_library.bzl' is invalid because 'tools/build_defs/testing' is not a package; perhaps you meant to put the colon here: '//:tools/build_defs/testing/bzl_library.bzl'?
ERROR: /data/h445xu/repo/bazel-repos/cloned_repos/tensorflow__data-validation/tensorflow_data_validation/anomalies/BUILD:409:8: no such package '@com_google_googletest//': The repository '@com_google_googletest' could not be resolved: Repository '@com_google_googletest' is not defined and referenced by '//tensorflow_data_validation/anomalies:map_util_test'
ERROR: /data/h445xu/repo/bazel-repos/cloned_repos/tensorflow__data-validation/tensorflow_data_validation/anomalies/BUILD:352:11: no such package 'third_party/tensorflow/tsl/platform': BUILD file not found in any of the following directories. Add a BUILD file to a directory to mark it as a package.
 - /data/h445xu/repo/bazel-repos/cloned_repos/tensorflow__data-validation/third_party/tensorflow/tsl/platform and referenced by '//tensorflow_data_validation/anomalies:test_util'
ERROR: /data/h445xu/repo/bazel-repos/cloned_repos/tensorflow__data-validation/tensorflow_data_validation/anomalies/BUILD:352:11: no such package '@com_google_googletest//': The repository '@com_google_googletest' could not be resolved: Repository '@com_google_googletest' is not defined and referenced by '//tensorflow_data_validation/anomalies:test_util'
ERROR: /data/h445xu/repo/bazel-repos/cloned_repos/tensorflow__data-validation/tensorflow_data_validation/anomalies/BUILD:369:8: no such package '@com_google_googletest//': The repository '@com_google_googletest' could not be resolved: Repository '@com_google_googletest' is not defined and referenced by '//tensorflow_data_validation/anomalies:test_util_test'
ERROR: /data/h445xu/repo/bazel-repos/cloned_repos/tensorflow__data-validation/tensorflow_data_validation/anomalies/BUILD:391:8: no such package '@com_google_googletest//': The repository '@com_google_googletest' could not be resolved: Repository '@com_google_googletest' is not defined and referenced by '//tensorflow_data_validation/anomalies:path_test'
ERROR: /data/h445xu/repo/bazel-repos/cloned_repos/tensorflow__data-validation/tensorflow_data_validation/anomalies/BUILD:229:8: no such package '@com_google_googletest//': The repository '@com_google_googletest' could not be resolved: Repository '@com_google_googletest' is not defined and referenced by '//tensorflow_data_validation/anomalies:feature_util_test'
ERROR: /data/h445xu/repo/bazel-repos/cloned_repos/tensorflow__data-validation/tensorflow_data_validation/anomalies/BUILD:258:8: no such package '@com_google_googletest//': The repository '@com_google_googletest' could not be resolved: Repository '@com_google_googletest' is not defined and referenced by '//tensorflow_data_validation/anomalies:image_domain_test'
ERROR: /data/h445xu/repo/bazel-repos/cloned_repos/tensorflow__data-validation/tensorflow_data_validation/anomalies/BUILD:300:8: no such package '@com_google_googletest//': The repository '@com_google_googletest' could not be resolved: Repository '@com_google_googletest' is not defined and referenced by '//tensorflow_data_validation/anomalies:schema_test'
ERROR: /data/h445xu/repo/bazel-repos/cloned_repos/tensorflow__data-validation/tensorflow_data_validation/anomalies/BUILD:338:8: no such package '@com_google_googletest//': The repository '@com_google_googletest' could not be resolved: Repository '@com_google_googletest' is not defined and referenced by '//tensorflow_data_validation/anomalies:feature_statistics_validator_test'
ERROR: /data/h445xu/repo/bazel-repos/cloned_repos/tensorflow__data-validation/tensorflow_data_validation/anomalies/BUILD:55:8: no such package '@com_google_googletest//': The repository '@com_google_googletest' could not be resolved: Repository '@com_google_googletest' is not defined and referenced by '//tensorflow_data_validation/anomalies:schema_anomalies_test'
ERROR: /data/h445xu/repo/bazel-repos/cloned_repos/tensorflow__data-validation/tensorflow_data_validation/anomalies/BUILD:19:8: no such package '@com_google_googletest//': The repository '@com_google_googletest' could not be resolved: Repository '@com_google_googletest' is not defined and referenced by '//tensorflow_data_validation/anomalies:features_needed_test'
ERROR: /data/h445xu/repo/bazel-repos/cloned_repos/tensorflow__data-validation/tensorflow_data_validation/anomalies/BUILD:418:8: no such package '@com_google_googletest//': The repository '@com_google_googletest' could not be resolved: Repository '@com_google_googletest' is not defined and referenced by '//tensorflow_data_validation/anomalies:custom_domain_util_test'
ERROR: /data/h445xu/repo/bazel-repos/cloned_repos/tensorflow__data-validation/tensorflow_data_validation/anomalies/BUILD:42:8: no such package '@com_google_googletest//': The repository '@com_google_googletest' could not be resolved: Repository '@com_google_googletest' is not defined and referenced by '//tensorflow_data_validation/anomalies:statistics_view_test'
ERROR: /data/h445xu/repo/bazel-repos/cloned_repos/tensorflow__data-validation/tensorflow_data_validation/anomalies/BUILD:245:8: no such package '@com_google_googletest//': The repository '@com_google_googletest' could not be resolved: Repository '@com_google_googletest' is not defined and referenced by '//tensorflow_data_validation/anomalies:bool_domain_test'
ERROR: /data/h445xu/repo/bazel-repos/cloned_repos/tensorflow__data-validation/tensorflow_data_validation/anomalies/BUILD:136:8: no such package '@com_google_googletest//': The repository '@com_google_googletest' could not be resolved: Repository '@com_google_googletest' is not defined and referenced by '//tensorflow_data_validation/anomalies:metrics_test'
ERROR: /data/h445xu/repo/bazel-repos/cloned_repos/tensorflow__data-validation/tensorflow_data_validation/anomalies/BUILD:285:8: no such package '@com_google_googletest//': The repository '@com_google_googletest' could not be resolved: Repository '@com_google_googletest' is not defined and referenced by '//tensorflow_data_validation/anomalies:int_domain_test'
ERROR: /data/h445xu/repo/bazel-repos/cloned_repos/tensorflow__data-validation/tensorflow_data_validation/anomalies/BUILD:123:8: no such package '@com_google_googletest//': The repository '@com_google_googletest' could not be resolved: Repository '@com_google_googletest' is not defined and referenced by '//tensorflow_data_validation/anomalies:float_domain_test'
ERROR: /data/h445xu/repo/bazel-repos/cloned_repos/tensorflow__data-validation/tensorflow_data_validation/anomalies/BUILD:271:8: no such package '@com_google_googletest//': The repository '@com_google_googletest' could not be resolved: Repository '@com_google_googletest' is not defined and referenced by '//tensorflow_data_validation/anomalies:string_domain_test'
ERROR: /data/h445xu/repo/bazel-repos/cloned_repos/tensorflow__data-validation/tensorflow_data_validation/anomalies/BUILD:352:11: no such package 'third_party/tensorflow/tsl/platform': BUILD file not found in any of the following directories. Add a BUILD file to a directory to mark it as a package.
 - /data/h445xu/repo/bazel-repos/cloned_repos/tensorflow__data-validation/third_party/tensorflow/tsl/platform and referenced by '//tensorflow_data_validation/anomalies:test_util'
ERROR: /data/h445xu/repo/bazel-repos/cloned_repos/tensorflow__data-validation/tensorflow_data_validation/anomalies/BUILD:391:8: no such package '@com_google_googletest//': The repository '@com_google_googletest' could not be resolved: Repository '@com_google_googletest' is not defined and referenced by '//tensorflow_data_validation/anomalies:path_test'
ERROR: /data/h445xu/repo/bazel-repos/cloned_repos/tensorflow__data-validation/tensorflow_data_validation/anomalies/BUILD:136:8: no such package '@com_google_googletest//': The repository '@com_google_googletest' could not be resolved: Repository '@com_google_googletest' is not defined and referenced by '//tensorflow_data_validation/anomalies:metrics_test'
ERROR: /data/h445xu/repo/bazel-repos/cloned_repos/tensorflow__data-validation/tensorflow_data_validation/anomalies/BUILD:409:8: no such package '@com_google_googletest//': The repository '@com_google_googletest' could not be resolved: Repository '@com_google_googletest' is not defined and referenced by '//tensorflow_data_validation/anomalies:map_util_test'
ERROR: /data/h445xu/repo/bazel-repos/cloned_repos/tensorflow__data-validation/tensorflow_data_validation/anomalies/BUILD:285:8: no such package '@com_google_googletest//': The repository '@com_google_googletest' could not be resolved: Repository '@com_google_googletest' is not defined and referenced by '//tensorflow_data_validation/anomalies:int_domain_test'
ERROR: /data/h445xu/repo/bazel-repos/cloned_repos/tensorflow__data-validation/tensorflow_data_validation/anomalies/BUILD:258:8: no such package '@com_google_googletest//': The repository '@com_google_googletest' could not be resolved: Repository '@com_google_googletest' is not defined and referenced by '//tensorflow_data_validation/anomalies:image_domain_test'
ERROR: /data/h445xu/repo/bazel-repos/cloned_repos/tensorflow__data-validation/tensorflow_data_validation/anomalies/BUILD:123:8: no such package '@com_google_googletest//': The repository '@com_google_googletest' could not be resolved: Repository '@com_google_googletest' is not defined and referenced by '//tensorflow_data_validation/anomalies:float_domain_test'
ERROR: /data/h445xu/repo/bazel-repos/cloned_repos/tensorflow__data-validation/tensorflow_data_validation/anomalies/BUILD:19:8: no such package '@com_google_googletest//': The repository '@com_google_googletest' could not be resolved: Repository '@com_google_googletest' is not defined and referenced by '//tensorflow_data_validation/anomalies:features_needed_test'
ERROR: /data/h445xu/repo/bazel-repos/cloned_repos/tensorflow__data-validation/tensorflow_data_validation/anomalies/BUILD:229:8: no such package '@com_google_googletest//': The repository '@com_google_googletest' could not be resolved: Repository '@com_google_googletest' is not defined and referenced by '//tensorflow_data_validation/anomalies:feature_util_test'
ERROR: /data/h445xu/repo/bazel-repos/cloned_repos/tensorflow__data-validation/tensorflow_data_validation/anomalies/BUILD:338:8: no such package '@com_google_googletest//': The repository '@com_google_googletest' could not be resolved: Repository '@com_google_googletest' is not defined and referenced by '//tensorflow_data_validation/anomalies:feature_statistics_validator_test'
ERROR: /data/h445xu/repo/bazel-repos/cloned_repos/tensorflow__data-validation/tensorflow_data_validation/anomalies/BUILD:418:8: no such package '@com_google_googletest//': The repository '@com_google_googletest' could not be resolved: Repository '@com_google_googletest' is not defined and referenced by '//tensorflow_data_validation/anomalies:custom_domain_util_test'
ERROR: /data/h445xu/repo/bazel-repos/cloned_repos/tensorflow__data-validation/tensorflow_data_validation/anomalies/BUILD:245:8: no such package '@com_google_googletest//': The repository '@com_google_googletest' could not be resolved: Repository '@com_google_googletest' is not defined and referenced by '//tensorflow_data_validation/anomalies:bool_domain_test'
ERROR: /data/h445xu/repo/bazel-repos/cloned_repos/tensorflow__data-validation/tensorflow_data_validation/anomalies/BUILD:352:11: no such package '@com_google_googletest//': The repository '@com_google_googletest' could not be resolved: Repository '@com_google_googletest' is not defined and referenced by '//tensorflow_data_validation/anomalies:test_util'
ERROR: /data/h445xu/repo/bazel-repos/cloned_repos/tensorflow__data-validation/tensorflow_data_validation/anomalies/BUILD:271:8: no such package '@com_google_googletest//': The repository '@com_google_googletest' could not be resolved: Repository '@com_google_googletest' is not defined and referenced by '//tensorflow_data_validation/anomalies:string_domain_test'
ERROR: /data/h445xu/repo/bazel-repos/cloned_repos/tensorflow__data-validation/tensorflow_data_validation/anomalies/BUILD:369:8: no such package '@com_google_googletest//': The repository '@com_google_googletest' could not be resolved: Repository '@com_google_googletest' is not defined and referenced by '//tensorflow_data_validation/anomalies:test_util_test'
Loading: 116 packages loaded
    currently loading: google3/third_party/py/tensorflow_data_validation/opensource_only ... (2 packages)
ERROR: /data/h445xu/repo/bazel-repos/cloned_repos/tensorflow__data-validation/tensorflow_data_validation/anomalies/BUILD:42:8: no such package '@com_google_googletest//': The repository '@com_google_googletest' could not be resolved: Repository '@com_google_googletest' is not defined and referenced by '//tensorflow_data_validation/anomalies:statistics_view_test'
ERROR: /data/h445xu/repo/bazel-repos/cloned_repos/tensorflow__data-validation/tensorflow_data_validation/anomalies/BUILD:300:8: no such package '@com_google_googletest//': The repository '@com_google_googletest' could not be resolved: Repository '@com_google_googletest' is not defined and referenced by '//tensorflow_data_validation/anomalies:schema_test'
ERROR: /data/h445xu/repo/bazel-repos/cloned_repos/tensorflow__data-validation/tensorflow_data_validation/anomalies/BUILD:55:8: no such package '@com_google_googletest//': The repository '@com_google_googletest' could not be resolved: Repository '@com_google_googletest' is not defined and referenced by '//tensorflow_data_validation/anomalies:schema_anomalies_test'
ERROR: Evaluation of query "deps(//...)" failed: errors were encountered while computing transitive closure
WARNING: --keep_going specified, ignoring errors. Results may be inaccurate
Read 0 lines from bazel query output...
Read 1000 lines from bazel query output...
Read 2000 lines from bazel query output...
Read 3000 lines from bazel query output...
Read 4000 lines from bazel query output...
Read 5000 lines from bazel query output...
Read 6000 lines from bazel query output...
Read 7000 lines from bazel query output...
Read 8000 lines from bazel query output...
Read 9000 lines from bazel query output...
Read 10000 lines from bazel query output...
Read 11000 lines from bazel query output...
Read 12000 lines from bazel query output...
Read 13000 lines from bazel query output...
Read 14000 lines from bazel query output...
Read 15000 lines from bazel query output...
Read 16000 lines from bazel query output...
Read 17000 lines from bazel query output...
Read 18000 lines from bazel query output...
Read 19000 lines from bazel query output...
Read 20000 lines from bazel query output...
Read 21000 lines from bazel query output...
Read 22000 lines from bazel query output...
Read 23000 lines from bazel query output...
Read 24000 lines from bazel query output...
Loading: 116 packages loaded
    currently loading: google3/third_party/py/tensorflow_data_validation/opensource_only ... (2 packages)
